<?xml version="1.0" encoding="UTF-8"?>
<testsuite xmlns:xsi="http://www.w3.org/2001/XMLSchema-instance" xsi:noNamespaceSchemaLocation="https://maven.apache.org/surefire/maven-surefire-plugin/xsd/surefire-test-report-3.0.xsd" version="3.0" name="TestSuite" time="660.954" tests="20" errors="0" skipped="0" failures="2">
  <properties>
    <property name="java.specification.version" value="22"/>
    <property name="sun.cpu.isalist" value="amd64"/>
    <property name="sun.jnu.encoding" value="Cp1252"/>
    <property name="java.class.path" value="C:\Users\User1\eclipse-workspace\eCommerceFramework\target\test-classes;C:\Users\User1\eclipse-workspace\eCommerceFramework\target\classes;C:\Users\User1\.m2\repository\io\appium\java-client\9.4.0\java-client-9.4.0.jar;C:\Users\User1\.m2\repository\org\seleniumhq\selenium\selenium-api\4.31.0\selenium-api-4.31.0.jar;C:\Users\User1\.m2\repository\org\jspecify\jspecify\1.0.0\jspecify-1.0.0.jar;C:\Users\User1\.m2\repository\org\seleniumhq\selenium\selenium-remote-driver\4.31.0\selenium-remote-driver-4.31.0.jar;C:\Users\User1\.m2\repository\com\google\auto\service\auto-service-annotations\1.1.1\auto-service-annotations-1.1.1.jar;C:\Users\User1\.m2\repository\com\google\guava\guava\33.4.6-jre\guava-33.4.6-jre.jar;C:\Users\User1\.m2\repository\com\google\guava\failureaccess\1.0.3\failureaccess-1.0.3.jar;C:\Users\User1\.m2\repository\com\google\guava\listenablefuture\9999.0-empty-to-avoid-conflict-with-guava\listenablefuture-9999.0-empty-to-avoid-conflict-with-guava.jar;C:\Users\User1\.m2\repository\com\google\j2objc\j2objc-annotations\3.0.0\j2objc-annotations-3.0.0.jar;C:\Users\User1\.m2\repository\io\opentelemetry\opentelemetry-api\1.48.0\opentelemetry-api-1.48.0.jar;C:\Users\User1\.m2\repository\io\opentelemetry\opentelemetry-context\1.48.0\opentelemetry-context-1.48.0.jar;C:\Users\User1\.m2\repository\io\opentelemetry\opentelemetry-exporter-logging\1.48.0\opentelemetry-exporter-logging-1.48.0.jar;C:\Users\User1\.m2\repository\io\opentelemetry\opentelemetry-sdk-common\1.48.0\opentelemetry-sdk-common-1.48.0.jar;C:\Users\User1\.m2\repository\io\opentelemetry\opentelemetry-sdk-extension-autoconfigure-spi\1.48.0\opentelemetry-sdk-extension-autoconfigure-spi-1.48.0.jar;C:\Users\User1\.m2\repository\io\opentelemetry\opentelemetry-sdk-extension-autoconfigure\1.48.0\opentelemetry-sdk-extension-autoconfigure-1.48.0.jar;C:\Users\User1\.m2\repository\io\opentelemetry\opentelemetry-sdk-trace\1.48.0\opentelemetry-sdk-trace-1.48.0.jar;C:\Users\User1\.m2\repository\io\opentelemetry\opentelemetry-sdk\1.48.0\opentelemetry-sdk-1.48.0.jar;C:\Users\User1\.m2\repository\io\opentelemetry\opentelemetry-sdk-metrics\1.48.0\opentelemetry-sdk-metrics-1.48.0.jar;C:\Users\User1\.m2\repository\io\opentelemetry\opentelemetry-sdk-logs\1.48.0\opentelemetry-sdk-logs-1.48.0.jar;C:\Users\User1\.m2\repository\net\bytebuddy\byte-buddy\1.17.5\byte-buddy-1.17.5.jar;C:\Users\User1\.m2\repository\org\seleniumhq\selenium\selenium-http\4.31.0\selenium-http-4.31.0.jar;C:\Users\User1\.m2\repository\org\seleniumhq\selenium\selenium-json\4.31.0\selenium-json-4.31.0.jar;C:\Users\User1\.m2\repository\org\seleniumhq\selenium\selenium-manager\4.31.0\selenium-manager-4.31.0.jar;C:\Users\User1\.m2\repository\org\seleniumhq\selenium\selenium-os\4.31.0\selenium-os-4.31.0.jar;C:\Users\User1\.m2\repository\org\apache\commons\commons-exec\1.4.0\commons-exec-1.4.0.jar;C:\Users\User1\.m2\repository\org\seleniumhq\selenium\selenium-support\4.31.0\selenium-support-4.31.0.jar;C:\Users\User1\.m2\repository\com\google\code\gson\gson\2.11.0\gson-2.11.0.jar;C:\Users\User1\.m2\repository\com\google\errorprone\error_prone_annotations\2.27.0\error_prone_annotations-2.27.0.jar;C:\Users\User1\.m2\repository\org\slf4j\slf4j-api\2.0.16\slf4j-api-2.0.16.jar;C:\Users\User1\.m2\repository\org\testng\testng\7.10.2\testng-7.10.2.jar;C:\Users\User1\.m2\repository\com\beust\jcommander\1.82\jcommander-1.82.jar;C:\Users\User1\.m2\repository\org\webjars\jquery\3.7.1\jquery-3.7.1.jar;C:\Users\User1\.m2\repository\io\qameta\allure\allure-testng\2.29.1\allure-testng-2.29.1.jar;C:\Users\User1\.m2\repository\io\qameta\allure\allure-test-filter\2.29.1\allure-test-filter-2.29.1.jar;C:\Users\User1\.m2\repository\io\qameta\allure\allure-java-commons\2.29.1\allure-java-commons-2.29.1.jar;C:\Users\User1\.m2\repository\io\qameta\allure\allure-model\2.29.1\allure-model-2.29.1.jar;C:\Users\User1\.m2\repository\org\seleniumhq\selenium\selenium-java\4.25.0\selenium-java-4.25.0.jar;C:\Users\User1\.m2\repository\org\seleniumhq\selenium\selenium-chrome-driver\4.25.0\selenium-chrome-driver-4.25.0.jar;C:\Users\User1\.m2\repository\org\seleniumhq\selenium\selenium-chromium-driver\4.25.0\selenium-chromium-driver-4.25.0.jar;C:\Users\User1\.m2\repository\org\seleniumhq\selenium\selenium-devtools-v127\4.25.0\selenium-devtools-v127-4.25.0.jar;C:\Users\User1\.m2\repository\org\seleniumhq\selenium\selenium-devtools-v128\4.25.0\selenium-devtools-v128-4.25.0.jar;C:\Users\User1\.m2\repository\org\seleniumhq\selenium\selenium-devtools-v129\4.25.0\selenium-devtools-v129-4.25.0.jar;C:\Users\User1\.m2\repository\org\seleniumhq\selenium\selenium-devtools-v85\4.25.0\selenium-devtools-v85-4.25.0.jar;C:\Users\User1\.m2\repository\org\seleniumhq\selenium\selenium-edge-driver\4.25.0\selenium-edge-driver-4.25.0.jar;C:\Users\User1\.m2\repository\org\seleniumhq\selenium\selenium-firefox-driver\4.25.0\selenium-firefox-driver-4.25.0.jar;C:\Users\User1\.m2\repository\org\seleniumhq\selenium\selenium-ie-driver\4.25.0\selenium-ie-driver-4.25.0.jar;C:\Users\User1\.m2\repository\org\seleniumhq\selenium\selenium-safari-driver\4.25.0\selenium-safari-driver-4.25.0.jar;C:\Users\User1\.m2\repository\io\github\bonigarcia\webdrivermanager\6.0.1\webdrivermanager-6.0.1.jar;C:\Users\User1\.m2\repository\com\github\docker-java\docker-java\3.5.0\docker-java-3.5.0.jar;C:\Users\User1\.m2\repository\com\github\docker-java\docker-java-core\3.5.0\docker-java-core-3.5.0.jar;C:\Users\User1\.m2\repository\com\github\docker-java\docker-java-api\3.5.0\docker-java-api-3.5.0.jar;C:\Users\User1\.m2\repository\org\slf4j\jcl-over-slf4j\1.7.30\jcl-over-slf4j-1.7.30.jar;C:\Users\User1\.m2\repository\com\github\docker-java\docker-java-transport-httpclient5\3.5.0\docker-java-transport-httpclient5-3.5.0.jar;C:\Users\User1\.m2\repository\com\github\docker-java\docker-java-transport\3.5.0\docker-java-transport-3.5.0.jar;C:\Users\User1\.m2\repository\net\java\dev\jna\jna\5.17.0\jna-5.17.0.jar;C:\Users\User1\.m2\repository\org\brotli\dec\0.1.2\dec-0.1.2.jar;C:\Users\User1\.m2\repository\org\apache\commons\commons-lang3\3.17.0\commons-lang3-3.17.0.jar;C:\Users\User1\.m2\repository\org\apache\commons\commons-compress\1.27.1\commons-compress-1.27.1.jar;C:\Users\User1\.m2\repository\commons-codec\commons-codec\1.17.1\commons-codec-1.17.1.jar;C:\Users\User1\.m2\repository\org\apache\httpcomponents\client5\httpclient5\5.4.3\httpclient5-5.4.3.jar;C:\Users\User1\.m2\repository\org\apache\httpcomponents\core5\httpcore5\5.3.4\httpcore5-5.3.4.jar;C:\Users\User1\.m2\repository\org\apache\httpcomponents\core5\httpcore5-h2\5.3.4\httpcore5-h2-5.3.4.jar;C:\Users\User1\.m2\repository\org\apache\maven\plugins\maven-gpg-plugin\3.2.7\maven-gpg-plugin-3.2.7.jar;C:\Users\User1\.m2\repository\org\apache\maven\resolver\maven-resolver-util\1.9.22\maven-resolver-util-1.9.22.jar;C:\Users\User1\.m2\repository\org\apache\maven\resolver\maven-resolver-api\1.9.22\maven-resolver-api-1.9.22.jar;C:\Users\User1\.m2\repository\org\codehaus\plexus\plexus-utils\4.0.1\plexus-utils-4.0.1.jar;C:\Users\User1\.m2\repository\org\codehaus\plexus\plexus-xml\3.0.1\plexus-xml-3.0.1.jar;C:\Users\User1\.m2\repository\org\bouncycastle\bcpg-jdk18on\1.78.1\bcpg-jdk18on-1.78.1.jar;C:\Users\User1\.m2\repository\org\bouncycastle\bcprov-jdk18on\1.78.1\bcprov-jdk18on-1.78.1.jar;C:\Users\User1\.m2\repository\org\bouncycastle\bcutil-jdk18on\1.78.1\bcutil-jdk18on-1.78.1.jar;C:\Users\User1\.m2\repository\com\kohlschutter\junixsocket\junixsocket-native-common\2.10.1\junixsocket-native-common-2.10.1.jar;C:\Users\User1\.m2\repository\com\kohlschutter\junixsocket\junixsocket-common\2.10.1\junixsocket-common-2.10.1.jar;C:\Users\User1\.m2\repository\commons-io\commons-io\2.18.0\commons-io-2.18.0.jar;C:\Users\User1\.m2\repository\com\fasterxml\jackson\core\jackson-databind\2.18.1\jackson-databind-2.18.1.jar;C:\Users\User1\.m2\repository\com\fasterxml\jackson\core\jackson-annotations\2.18.1\jackson-annotations-2.18.1.jar;C:\Users\User1\.m2\repository\com\fasterxml\jackson\core\jackson-core\2.18.1\jackson-core-2.18.1.jar;C:\Users\User1\.m2\repository\org\json\json\20230227\json-20230227.jar;"/>
    <property name="java.vm.vendor" value="Oracle Corporation"/>
    <property name="sun.arch.data.model" value="64"/>
    <property name="user.variant" value=""/>
    <property name="java.vendor.url" value="https://java.oracle.com/"/>
    <property name="user.timezone" value="Asia/Calcutta"/>
    <property name="os.name" value="Windows 11"/>
    <property name="java.vm.specification.version" value="22"/>
    <property name="sun.java.launcher" value="SUN_STANDARD"/>
    <property name="user.country" value="IN"/>
    <property name="sun.boot.library.path" value="C:\Program Files\Java\jdk-22\bin"/>
    <property name="sun.java.command" value="C:\Users\User1\AppData\Local\Temp\surefire11576780918588217061\surefirebooter-20250414181322055_3.jar C:\Users\User1\AppData\Local\Temp\surefire11576780918588217061 2025-04-14T18-13-21_827-jvmRun1 surefire-20250414181322055_1tmp surefire_0-20250414181322055_2tmp"/>
    <property name="jdk.debug" value="release"/>
    <property name="surefire.test.class.path" value="C:\Users\User1\eclipse-workspace\eCommerceFramework\target\test-classes;C:\Users\User1\eclipse-workspace\eCommerceFramework\target\classes;C:\Users\User1\.m2\repository\io\appium\java-client\9.4.0\java-client-9.4.0.jar;C:\Users\User1\.m2\repository\org\seleniumhq\selenium\selenium-api\4.31.0\selenium-api-4.31.0.jar;C:\Users\User1\.m2\repository\org\jspecify\jspecify\1.0.0\jspecify-1.0.0.jar;C:\Users\User1\.m2\repository\org\seleniumhq\selenium\selenium-remote-driver\4.31.0\selenium-remote-driver-4.31.0.jar;C:\Users\User1\.m2\repository\com\google\auto\service\auto-service-annotations\1.1.1\auto-service-annotations-1.1.1.jar;C:\Users\User1\.m2\repository\com\google\guava\guava\33.4.6-jre\guava-33.4.6-jre.jar;C:\Users\User1\.m2\repository\com\google\guava\failureaccess\1.0.3\failureaccess-1.0.3.jar;C:\Users\User1\.m2\repository\com\google\guava\listenablefuture\9999.0-empty-to-avoid-conflict-with-guava\listenablefuture-9999.0-empty-to-avoid-conflict-with-guava.jar;C:\Users\User1\.m2\repository\com\google\j2objc\j2objc-annotations\3.0.0\j2objc-annotations-3.0.0.jar;C:\Users\User1\.m2\repository\io\opentelemetry\opentelemetry-api\1.48.0\opentelemetry-api-1.48.0.jar;C:\Users\User1\.m2\repository\io\opentelemetry\opentelemetry-context\1.48.0\opentelemetry-context-1.48.0.jar;C:\Users\User1\.m2\repository\io\opentelemetry\opentelemetry-exporter-logging\1.48.0\opentelemetry-exporter-logging-1.48.0.jar;C:\Users\User1\.m2\repository\io\opentelemetry\opentelemetry-sdk-common\1.48.0\opentelemetry-sdk-common-1.48.0.jar;C:\Users\User1\.m2\repository\io\opentelemetry\opentelemetry-sdk-extension-autoconfigure-spi\1.48.0\opentelemetry-sdk-extension-autoconfigure-spi-1.48.0.jar;C:\Users\User1\.m2\repository\io\opentelemetry\opentelemetry-sdk-extension-autoconfigure\1.48.0\opentelemetry-sdk-extension-autoconfigure-1.48.0.jar;C:\Users\User1\.m2\repository\io\opentelemetry\opentelemetry-sdk-trace\1.48.0\opentelemetry-sdk-trace-1.48.0.jar;C:\Users\User1\.m2\repository\io\opentelemetry\opentelemetry-sdk\1.48.0\opentelemetry-sdk-1.48.0.jar;C:\Users\User1\.m2\repository\io\opentelemetry\opentelemetry-sdk-metrics\1.48.0\opentelemetry-sdk-metrics-1.48.0.jar;C:\Users\User1\.m2\repository\io\opentelemetry\opentelemetry-sdk-logs\1.48.0\opentelemetry-sdk-logs-1.48.0.jar;C:\Users\User1\.m2\repository\net\bytebuddy\byte-buddy\1.17.5\byte-buddy-1.17.5.jar;C:\Users\User1\.m2\repository\org\seleniumhq\selenium\selenium-http\4.31.0\selenium-http-4.31.0.jar;C:\Users\User1\.m2\repository\org\seleniumhq\selenium\selenium-json\4.31.0\selenium-json-4.31.0.jar;C:\Users\User1\.m2\repository\org\seleniumhq\selenium\selenium-manager\4.31.0\selenium-manager-4.31.0.jar;C:\Users\User1\.m2\repository\org\seleniumhq\selenium\selenium-os\4.31.0\selenium-os-4.31.0.jar;C:\Users\User1\.m2\repository\org\apache\commons\commons-exec\1.4.0\commons-exec-1.4.0.jar;C:\Users\User1\.m2\repository\org\seleniumhq\selenium\selenium-support\4.31.0\selenium-support-4.31.0.jar;C:\Users\User1\.m2\repository\com\google\code\gson\gson\2.11.0\gson-2.11.0.jar;C:\Users\User1\.m2\repository\com\google\errorprone\error_prone_annotations\2.27.0\error_prone_annotations-2.27.0.jar;C:\Users\User1\.m2\repository\org\slf4j\slf4j-api\2.0.16\slf4j-api-2.0.16.jar;C:\Users\User1\.m2\repository\org\testng\testng\7.10.2\testng-7.10.2.jar;C:\Users\User1\.m2\repository\com\beust\jcommander\1.82\jcommander-1.82.jar;C:\Users\User1\.m2\repository\org\webjars\jquery\3.7.1\jquery-3.7.1.jar;C:\Users\User1\.m2\repository\io\qameta\allure\allure-testng\2.29.1\allure-testng-2.29.1.jar;C:\Users\User1\.m2\repository\io\qameta\allure\allure-test-filter\2.29.1\allure-test-filter-2.29.1.jar;C:\Users\User1\.m2\repository\io\qameta\allure\allure-java-commons\2.29.1\allure-java-commons-2.29.1.jar;C:\Users\User1\.m2\repository\io\qameta\allure\allure-model\2.29.1\allure-model-2.29.1.jar;C:\Users\User1\.m2\repository\org\seleniumhq\selenium\selenium-java\4.25.0\selenium-java-4.25.0.jar;C:\Users\User1\.m2\repository\org\seleniumhq\selenium\selenium-chrome-driver\4.25.0\selenium-chrome-driver-4.25.0.jar;C:\Users\User1\.m2\repository\org\seleniumhq\selenium\selenium-chromium-driver\4.25.0\selenium-chromium-driver-4.25.0.jar;C:\Users\User1\.m2\repository\org\seleniumhq\selenium\selenium-devtools-v127\4.25.0\selenium-devtools-v127-4.25.0.jar;C:\Users\User1\.m2\repository\org\seleniumhq\selenium\selenium-devtools-v128\4.25.0\selenium-devtools-v128-4.25.0.jar;C:\Users\User1\.m2\repository\org\seleniumhq\selenium\selenium-devtools-v129\4.25.0\selenium-devtools-v129-4.25.0.jar;C:\Users\User1\.m2\repository\org\seleniumhq\selenium\selenium-devtools-v85\4.25.0\selenium-devtools-v85-4.25.0.jar;C:\Users\User1\.m2\repository\org\seleniumhq\selenium\selenium-edge-driver\4.25.0\selenium-edge-driver-4.25.0.jar;C:\Users\User1\.m2\repository\org\seleniumhq\selenium\selenium-firefox-driver\4.25.0\selenium-firefox-driver-4.25.0.jar;C:\Users\User1\.m2\repository\org\seleniumhq\selenium\selenium-ie-driver\4.25.0\selenium-ie-driver-4.25.0.jar;C:\Users\User1\.m2\repository\org\seleniumhq\selenium\selenium-safari-driver\4.25.0\selenium-safari-driver-4.25.0.jar;C:\Users\User1\.m2\repository\io\github\bonigarcia\webdrivermanager\6.0.1\webdrivermanager-6.0.1.jar;C:\Users\User1\.m2\repository\com\github\docker-java\docker-java\3.5.0\docker-java-3.5.0.jar;C:\Users\User1\.m2\repository\com\github\docker-java\docker-java-core\3.5.0\docker-java-core-3.5.0.jar;C:\Users\User1\.m2\repository\com\github\docker-java\docker-java-api\3.5.0\docker-java-api-3.5.0.jar;C:\Users\User1\.m2\repository\org\slf4j\jcl-over-slf4j\1.7.30\jcl-over-slf4j-1.7.30.jar;C:\Users\User1\.m2\repository\com\github\docker-java\docker-java-transport-httpclient5\3.5.0\docker-java-transport-httpclient5-3.5.0.jar;C:\Users\User1\.m2\repository\com\github\docker-java\docker-java-transport\3.5.0\docker-java-transport-3.5.0.jar;C:\Users\User1\.m2\repository\net\java\dev\jna\jna\5.17.0\jna-5.17.0.jar;C:\Users\User1\.m2\repository\org\brotli\dec\0.1.2\dec-0.1.2.jar;C:\Users\User1\.m2\repository\org\apache\commons\commons-lang3\3.17.0\commons-lang3-3.17.0.jar;C:\Users\User1\.m2\repository\org\apache\commons\commons-compress\1.27.1\commons-compress-1.27.1.jar;C:\Users\User1\.m2\repository\commons-codec\commons-codec\1.17.1\commons-codec-1.17.1.jar;C:\Users\User1\.m2\repository\org\apache\httpcomponents\client5\httpclient5\5.4.3\httpclient5-5.4.3.jar;C:\Users\User1\.m2\repository\org\apache\httpcomponents\core5\httpcore5\5.3.4\httpcore5-5.3.4.jar;C:\Users\User1\.m2\repository\org\apache\httpcomponents\core5\httpcore5-h2\5.3.4\httpcore5-h2-5.3.4.jar;C:\Users\User1\.m2\repository\org\apache\maven\plugins\maven-gpg-plugin\3.2.7\maven-gpg-plugin-3.2.7.jar;C:\Users\User1\.m2\repository\org\apache\maven\resolver\maven-resolver-util\1.9.22\maven-resolver-util-1.9.22.jar;C:\Users\User1\.m2\repository\org\apache\maven\resolver\maven-resolver-api\1.9.22\maven-resolver-api-1.9.22.jar;C:\Users\User1\.m2\repository\org\codehaus\plexus\plexus-utils\4.0.1\plexus-utils-4.0.1.jar;C:\Users\User1\.m2\repository\org\codehaus\plexus\plexus-xml\3.0.1\plexus-xml-3.0.1.jar;C:\Users\User1\.m2\repository\org\bouncycastle\bcpg-jdk18on\1.78.1\bcpg-jdk18on-1.78.1.jar;C:\Users\User1\.m2\repository\org\bouncycastle\bcprov-jdk18on\1.78.1\bcprov-jdk18on-1.78.1.jar;C:\Users\User1\.m2\repository\org\bouncycastle\bcutil-jdk18on\1.78.1\bcutil-jdk18on-1.78.1.jar;C:\Users\User1\.m2\repository\com\kohlschutter\junixsocket\junixsocket-native-common\2.10.1\junixsocket-native-common-2.10.1.jar;C:\Users\User1\.m2\repository\com\kohlschutter\junixsocket\junixsocket-common\2.10.1\junixsocket-common-2.10.1.jar;C:\Users\User1\.m2\repository\commons-io\commons-io\2.18.0\commons-io-2.18.0.jar;C:\Users\User1\.m2\repository\com\fasterxml\jackson\core\jackson-databind\2.18.1\jackson-databind-2.18.1.jar;C:\Users\User1\.m2\repository\com\fasterxml\jackson\core\jackson-annotations\2.18.1\jackson-annotations-2.18.1.jar;C:\Users\User1\.m2\repository\com\fasterxml\jackson\core\jackson-core\2.18.1\jackson-core-2.18.1.jar;C:\Users\User1\.m2\repository\org\json\json\20230227\json-20230227.jar;"/>
    <property name="sun.cpu.endian" value="little"/>
    <property name="user.home" value="C:\Users\User1"/>
    <property name="user.language" value="en"/>
    <property name="java.specification.vendor" value="Oracle Corporation"/>
    <property name="java.version.date" value="2024-07-16"/>
    <property name="java.home" value="C:\Program Files\Java\jdk-22"/>
    <property name="file.separator" value="\"/>
    <property name="basedir" value="C:\Users\User1\eclipse-workspace\eCommerceFramework"/>
    <property name="java.vm.compressedOopsMode" value="Zero based"/>
    <property name="line.separator" value="&#10;"/>
    <property name="java.vm.specification.vendor" value="Oracle Corporation"/>
    <property name="java.specification.name" value="Java Platform API Specification"/>
    <property name="surefire.real.class.path" value="C:\Users\User1\AppData\Local\Temp\surefire11576780918588217061\surefirebooter-20250414181322055_3.jar"/>
    <property name="user.script" value=""/>
    <property name="sun.management.compiler" value="HotSpot 64-Bit Tiered Compilers"/>
    <property name="java.runtime.version" value="22.0.2+9-70"/>
    <property name="user.name" value="User1"/>
    <property name="stdout.encoding" value="Cp1252"/>
    <property name="path.separator" value=";"/>
    <property name="os.version" value="10.0"/>
    <property name="java.runtime.name" value="Java(TM) SE Runtime Environment"/>
    <property name="file.encoding" value="UTF-8"/>
    <property name="java.vm.name" value="Java HotSpot(TM) 64-Bit Server VM"/>
    <property name="localRepository" value="C:\Users\User1\.m2\repository"/>
    <property name="java.vendor.url.bug" value="https://bugreport.java.com/bugreport/"/>
    <property name="java.io.tmpdir" value="C:\Users\User1\AppData\Local\Temp\"/>
    <property name="java.version" value="22.0.2"/>
    <property name="user.dir" value="C:\Users\User1\eclipse-workspace\eCommerceFramework"/>
    <property name="os.arch" value="amd64"/>
    <property name="java.vm.specification.name" value="Java Virtual Machine Specification"/>
    <property name="sun.os.patch.level" value=""/>
    <property name="native.encoding" value="Cp1252"/>
    <property name="java.library.path" value="C:\Program Files\Java\jdk-22\bin;C:\WINDOWS\Sun\Java\bin;C:\WINDOWS\system32;C:\WINDOWS;C:\Program Files\Common Files\Oracle\Java\javapath;C:\Program Files (x86)\Common Files\Oracle\Java\java8path;C:\Program Files (x86)\Common Files\Oracle\Java\javapath;C:\Python312\Scripts\;C:\Python312\;C:\WINDOWS\system32;C:\WINDOWS;C:\WINDOWS\System32\Wbem;C:\WINDOWS\System32\WindowsPowerShell\v1.0\;C:\WINDOWS\System32\OpenSSH\;C:\Program Files\nodejs\;C:\ProgramData\chocolatey\bin;C:\G-folder\Working Softwares\webOS_TV_CLI_win_1.12.4-j27\CLI\bin;C:\Program Files\Git\bin;C:\Program Files\Microsoft SQL Server\130\Tools\Binn\;C:\Program Files\Microsoft SQL Server\150\Tools\Binn\;C:\Program Files\Microsoft SQL Server\Client SDK\ODBC\170\Tools\Binn\;C:\Program Files\dotnet\;C:\Program Files\nodejs\node_modules\npm\bin;C:\Users\User1\AppData\Roaming\npm;C:\Program Files\apache-maven-3.9.9\bin;C:\Users\User1\AppData\Local\Android\Sdk;C:\Users\User1\AppData\Local\Android\Sdk\tools\bin;C:\Users\User1\AppData\Local\Android\Sdk\tools;C:\Users\User1\AppData\Local\Android\Sdk\platform-tools;C:\Users\User1\Downloads\allure-2.33.0\allure-2.33.0\bin;C:\Users\User1\AppData\Local\Microsoft\WindowsApps;C:\Users\User1\AppData\Local\Programs\Microsoft VS Code\bin;C:\Users\User1\Downloads\allure-2.33.0\allure-2.33.0\bin;;."/>
    <property name="java.vm.info" value="mixed mode, sharing"/>
    <property name="stderr.encoding" value="Cp1252"/>
    <property name="java.vendor" value="Oracle Corporation"/>
    <property name="java.vm.version" value="22.0.2+9-70"/>
    <property name="sun.io.unicode.encoding" value="UnicodeLittle"/>
    <property name="java.class.version" value="66.0"/>
  </properties>
  <testcase name="backButtonVerification[{name=Raj, country=Austria, product=Converse All Star, genderFemale=Female, genderMale=Male}](1)" classname="testCases.CartPageTest" time="18.05">
    <system-out><![CDATA[Test Suite Started: Test
&amp#27;[38;5;112m[Appium]&amp#27;[0m Welcome to Appium v2.11.5
&amp#27;[38;5;112m[Appium]&amp#27;[0m The autodetected Appium home path: C:\Users\User1\.appium
&amp#27;[38;5;112m[Appium]&amp#27;[0m Attempting to load driver uiautomator2...
&amp#27;[38;5;112m[Appium]&amp#27;[0m Attempting to load driver xcuitest...
&amp#27;[38;5;112m[Appium]&amp#27;[0m Attempting to load driver espresso...
&amp#27;[38;5;112m[Appium]&amp#27;[0m Requiring driver at C:\Users\User1\.appium\node_modules\appium-xcuitest-driver\build\index.js
&amp#27;[38;5;112m[Appium]&amp#27;[0m Requiring driver at C:\Users\User1\.appium\node_modules\appium-espresso-driver\build\index.js
&amp#27;[38;5;112m[Appium]&amp#27;[0m Requiring driver at C:\Users\User1\.appium\node_modules\appium-uiautomator2-driver\build\index.js
&amp#27;[38;5;112m[Appium]&amp#27;[0m XCUITestDriver has been successfully loaded in 7.829s
&amp#27;[38;5;112m[Appium]&amp#27;[0m EspressoDriver has been successfully loaded in 7.832s
&amp#27;[38;5;112m[Appium]&amp#27;[0m AndroidUiautomator2Driver has been successfully loaded in 7.834s
&amp#27;[38;5;112m[Appium]&amp#27;[0m Attempting to load driver gecko...
&amp#27;[38;5;112m[Appium]&amp#27;[0m Requiring driver at C:\Users\User1\.appium\node_modules\appium-geckodriver\build\index.js
&amp#27;[38;5;112m[Appium]&amp#27;[0m GeckoDriver has been successfully loaded in 0.368s
&amp#27;[38;5;112m[Appium]&amp#27;[0m Appium REST http interface listener started on http://0.0.0.0:4723
&amp#27;[38;5;112m[Appium]&amp#27;[0m You can provide the following URLs in your client code to connect to this server:
	http://192.168.0.114:4723/
	http://127.0.0.1:4723/ (only accessible from the same host)
&amp#27;[38;5;112m[Appium]&amp#27;[0m Available drivers:
&amp#27;[38;5;112m[Appium]&amp#27;[0m   - uiautomator2@3.8.0 (automationName 'UiAutomator2')
&amp#27;[38;5;112m[Appium]&amp#27;[0m   - xcuitest@7.27.1 (automationName 'XCUITest')
&amp#27;[38;5;112m[Appium]&amp#27;[0m   - espresso@3.5.0 (automationName 'Espresso')
&amp#27;[38;5;112m[Appium]&amp#27;[0m   - gecko@1.4.0 (automationName 'Gecko')
&amp#27;[38;5;112m[Appium]&amp#27;[0m No plugins have been installed. Use the "appium plugin" command to install the one(s) you want to use.
&amp#27;[38;5;86m[HTTP]&amp#27;[0m &amp#27;[37m-->&amp#27;[39m &amp#27;[37mGET&amp#27;[39m &amp#27;[37m/status&amp#27;[39m &amp#27;[90m{}&amp#27;[39m
&amp#27;[38;5;117m[AppiumDriver@687b]&amp#27;[0m Calling AppiumDriver.getStatus() with args: []
&amp#27;[38;5;117m[AppiumDriver@687b]&amp#27;[0m Responding to client with driver.getStatus() result: {"ready":true,"message":"The server is ready to accept new connections","build":{"version":"2.11.5"}}
&amp#27;[38;5;86m[HTTP]&amp#27;[0m &amp#27;[37m<-- GET /status &amp#27;[39m&amp#27;[32m200&amp#27;[39m &amp#27;[90m17 ms - 111&amp#27;[39m &amp#27;[90m&amp#27;[39m
&amp#27;[38;5;86m[HTTP]&amp#27;[0m Request idempotency key: 4a51a97a-8fce-4491-a93c-bcd0e486b9f7
&amp#27;[38;5;86m[HTTP]&amp#27;[0m &amp#27;[37m-->&amp#27;[39m &amp#27;[37mPOST&amp#27;[39m &amp#27;[37m/session&amp#27;[39m &amp#27;[90m{"capabilities":{"firstMatch":[{"appium:chromedriverExecutable":"C://Users//User1//Downloads//chromedriver-win64//chromedriver-win64//chromedriver.exe","appium:deviceName":"Rajemulator","platformName":"ANDROID","appium:automationName":"UIAutomator2","appium:app":"C:\\Users\\User1\\eclipse-workspace\\eCommerceFramework//src//main//resources//General-Store.apk"}]}}&amp#27;[39m
&amp#27;[38;5;117m[AppiumDriver@687b]&amp#27;[0m Calling AppiumDriver.createSession() with args: [null,null,{"firstMatch":[{"appium:chromedriverExecutable":"C://Users//User1//Downloads//chromedriver-win64//chromedriver-win64//chromedriver.exe","appium:deviceName":"Rajemulator","platformName":"ANDROID","appium:automationName":"UIAutomator2","appium:app":"C:\\Users\\User1\\eclipse-workspace\\eCommerceFramework//src//main//resources//General-Store.apk"}]}]
&amp#27;[38;5;117m[AppiumDriver@687b]&amp#27;[0m Event 'newSessionRequested' logged at 1744634617613 (18:13:37 GMT+0530 (India Standard Time))
&amp#27;[38;5;112m[Appium]&amp#27;[0m Attempting to find matching driver for automationName 'UIAutomator2' and platformName 'ANDROID'
&amp#27;[38;5;112m[Appium]&amp#27;[0m The 'uiautomator2' driver was installed and matched caps.
&amp#27;[38;5;112m[Appium]&amp#27;[0m Will require it at C:\Users\User1\.appium\node_modules\appium-uiautomator2-driver
&amp#27;[38;5;112m[Appium]&amp#27;[0m Requiring driver at C:\Users\User1\.appium\node_modules\appium-uiautomator2-driver\build\index.js
&amp#27;[38;5;117m[AppiumDriver@687b]&amp#27;[0m Appium v2.11.5 creating new AndroidUiautomator2Driver (v3.8.0) session
&amp#27;[38;5;117m[AppiumDriver@687b]&amp#27;[0m Checking BaseDriver versions for Appium and AndroidUiautomator2Driver
&amp#27;[38;5;117m[AppiumDriver@687b]&amp#27;[0m Appium's BaseDriver version is 9.11.5
&amp#27;[38;5;117m[AppiumDriver@687b]&amp#27;[0m AndroidUiautomator2Driver's BaseDriver version is 9.11.5
&amp#27;[38;5;-154m[AndroidUiautomator2Driver@07d8]&amp#27;[0m 
&amp#27;[38;5;-154m[AndroidUiautomator2Driver@07d8]&amp#27;[0m Creating session with W3C capabilities: {
  "alwaysMatch": {
    "platformName": "ANDROID",
    "appium:chromedriverExecutable": "C://Users//User1//Downloads//chromedriver-win64//chromedriver-win64//chromedriver.exe",
    "appium:deviceName": "Rajemulator",
    "appium:automationName": "UIAutomator2",
    "appium:app": "C:\\Users\\User1\\eclipse-workspace\\eCommerceFramework//src//main//resources//General-Store.apk"
  },
  "firstMatch": [
    {}
  ]
}
&amp#27;[38;5;132m[efa92a55]&amp#27;[0m&amp#27;[38;5;-154m[AndroidUiautomator2Driver@07d8]&amp#27;[0m Session created with session id: efa92a55-dfa6-414f-9b2c-7304d3a6b03e
&amp#27;[38;5;132m[efa92a55]&amp#27;[0m&amp#27;[38;5;229m[ADB]&amp#27;[0m Found 3 'build-tools' folders under 'C:\Users\User1\AppData\Local\Android\Sdk' (newest first):
&amp#27;[38;5;132m[efa92a55]&amp#27;[0m&amp#27;[38;5;229m[ADB]&amp#27;[0m     C:\Users\User1\AppData\Local\Android\Sdk\build-tools\36.0.0-rc1
&amp#27;[38;5;132m[efa92a55]&amp#27;[0m&amp#27;[38;5;229m[ADB]&amp#27;[0m     C:\Users\User1\AppData\Local\Android\Sdk\build-tools\35.0.0
&amp#27;[38;5;132m[efa92a55]&amp#27;[0m&amp#27;[38;5;229m[ADB]&amp#27;[0m     C:\Users\User1\AppData\Local\Android\Sdk\build-tools\34.0.0
&amp#27;[38;5;132m[efa92a55]&amp#27;[0m&amp#27;[38;5;229m[ADB]&amp#27;[0m Using 'adb.exe' from 'C:\Users\User1\AppData\Local\Android\Sdk\platform-tools\adb.exe'
&amp#27;[38;5;132m[efa92a55]&amp#27;[0m&amp#27;[38;5;229m[ADB]&amp#27;[0m Running 'C:\Users\User1\AppData\Local\Android\Sdk\platform-tools\adb.exe -P 5037 start-server'
&amp#27;[38;5;132m[efa92a55]&amp#27;[0m&amp#27;[38;5;-154m[AndroidUiautomator2Driver@07d8]&amp#27;[0m Retrieving device list
&amp#27;[38;5;132m[efa92a55]&amp#27;[0m&amp#27;[38;5;229m[ADB]&amp#27;[0m Trying to find connected Android devices
&amp#27;[38;5;132m[efa92a55]&amp#27;[0m&amp#27;[38;5;229m[ADB]&amp#27;[0m Getting connected devices
&amp#27;[38;5;132m[efa92a55]&amp#27;[0m&amp#27;[38;5;229m[ADB]&amp#27;[0m Connected devices: [{"udid":"emulator-5554","state":"device"}]
&amp#27;[38;5;132m[efa92a55]&amp#27;[0m&amp#27;[38;5;-154m[AndroidUiautomator2Driver@07d8]&amp#27;[0m Using device: emulator-5554
&amp#27;[38;5;132m[efa92a55]&amp#27;[0m&amp#27;[38;5;229m[ADB]&amp#27;[0m Using 'adb.exe' from 'C:\Users\User1\AppData\Local\Android\Sdk\platform-tools\adb.exe'
&amp#27;[38;5;132m[efa92a55]&amp#27;[0m&amp#27;[38;5;229m[ADB]&amp#27;[0m Running 'C:\Users\User1\AppData\Local\Android\Sdk\platform-tools\adb.exe -P 5037 start-server'
&amp#27;[38;5;132m[efa92a55]&amp#27;[0m&amp#27;[38;5;229m[ADB]&amp#27;[0m Setting device id to emulator-5554
&amp#27;[38;5;132m[efa92a55]&amp#27;[0m&amp#27;[38;5;123m[BaseDriver]&amp#27;[0m Using local app 'C:\Users\User1\eclipse-workspace\eCommerceFramework//src//main//resources//General-Store.apk'
&amp#27;[38;5;132m[efa92a55]&amp#27;[0m&amp#27;[38;5;-154m[AndroidUiautomator2Driver@07d8]&amp#27;[0m Checking whether app is actually present
&amp#27;[38;5;132m[efa92a55]&amp#27;[0m&amp#27;[38;5;229m[ADB]&amp#27;[0m Running 'C:\Users\User1\AppData\Local\Android\Sdk\platform-tools\adb.exe -P 5037 -s emulator-5554 shell getprop ro.build.version.sdk'
&amp#27;[38;5;132m[efa92a55]&amp#27;[0m&amp#27;[38;5;229m[ADB]&amp#27;[0m Current device property 'ro.build.version.sdk': 35
&amp#27;[38;5;132m[efa92a55]&amp#27;[0m&amp#27;[38;5;229m[ADB]&amp#27;[0m Getting device platform version
&amp#27;[38;5;132m[efa92a55]&amp#27;[0m&amp#27;[38;5;229m[ADB]&amp#27;[0m Running 'C:\Users\User1\AppData\Local\Android\Sdk\platform-tools\adb.exe -P 5037 -s emulator-5554 shell getprop ro.build.version.release'
&amp#27;[38;5;132m[efa92a55]&amp#27;[0m&amp#27;[38;5;229m[ADB]&amp#27;[0m Current device property 'ro.build.version.release': 15
&amp#27;[38;5;132m[efa92a55]&amp#27;[0m&amp#27;[38;5;229m[ADB]&amp#27;[0m Device API level: 35
&amp#27;[38;5;132m[efa92a55]&amp#27;[0m&amp#27;[38;5;-154m[AndroidUiautomator2Driver@07d8]&amp#27;[0m Relaxing hidden api policy
&amp#27;[38;5;132m[efa92a55]&amp#27;[0m&amp#27;[38;5;229m[ADB]&amp#27;[0m Running 'C:\Users\User1\AppData\Local\Android\Sdk\platform-tools\adb.exe -P 5037 -s emulator-5554 shell 'settings put global hidden_api_policy_pre_p_apps 1;settings put global hidden_api_policy_p_apps 1;settings put global hidden_api_policy 1''
&amp#27;[38;5;132m[efa92a55]&amp#27;[0m&amp#27;[38;5;-154m[AndroidUiautomator2Driver@07d8]&amp#27;[0m Parsing package and activity from app manifest
&amp#27;[38;5;132m[efa92a55]&amp#27;[0m&amp#27;[38;5;229m[ADB]&amp#27;[0m Running 'C:\Users\User1\AppData\Local\Android\Sdk\platform-tools\adb.exe -P 5037 -s emulator-5554 wait-for-device'
&amp#27;[38;5;132m[efa92a55]&amp#27;[0m&amp#27;[38;5;229m[ADB]&amp#27;[0m Using 'aapt2.exe' from 'C:\Users\User1\AppData\Local\Android\Sdk\build-tools\36.0.0-rc1\aapt2.exe'
&amp#27;[38;5;132m[efa92a55]&amp#27;[0m&amp#27;[38;5;229m[ADB]&amp#27;[0m Reading package manifest: 'C:\\Users\\User1\\AppData\\Local\\Android\\Sdk\\build-tools\\36.0.0-rc1\\aapt2.exe dump badging C:\\Users\\User1\\eclipse-workspace\\eCommerceFramework//src//main//resources//General-Store.apk'
&amp#27;[38;5;132m[efa92a55]&amp#27;[0m&amp#27;[38;5;229m[ADB]&amp#27;[0m Running 'C:\Users\User1\AppData\Local\Android\Sdk\platform-tools\adb.exe -P 5037 -s emulator-5554 shell echo ping'
&amp#27;[38;5;132m[efa92a55]&amp#27;[0m&amp#27;[38;5;-154m[AndroidUiautomator2Driver@07d8]&amp#27;[0m Pushing settings apk to the device...
&amp#27;[38;5;132m[efa92a55]&amp#27;[0m&amp#27;[38;5;229m[ADB]&amp#27;[0m Getting package info for 'io.appium.settings'
&amp#27;[38;5;132m[efa92a55]&amp#27;[0m&amp#27;[38;5;229m[ADB]&amp#27;[0m Running 'C:\Users\User1\AppData\Local\Android\Sdk\platform-tools\adb.exe -P 5037 -s emulator-5554 shell dumpsys package io.appium.settings'
&amp#27;[38;5;132m[efa92a55]&amp#27;[0m&amp#27;[38;5;229m[ADB]&amp#27;[0m Package name: 'com.androidsample.generalstore'
&amp#27;[38;5;132m[efa92a55]&amp#27;[0m&amp#27;[38;5;229m[ADB]&amp#27;[0m Main activity name: 'com.androidsample.generalstore.SplashActivity'
&amp#27;[38;5;132m[efa92a55]&amp#27;[0m&amp#27;[38;5;-154m[AndroidUiautomator2Driver@07d8]&amp#27;[0m Parsed package and activity are: com.androidsample.generalstore/com.androidsample.generalstore.SplashActivity
&amp#27;[38;5;132m[efa92a55]&amp#27;[0m&amp#27;[38;5;229m[ADB]&amp#27;[0m Reading package manifest: 'C:\\Users\\User1\\AppData\\Local\\Android\\Sdk\\build-tools\\36.0.0-rc1\\aapt2.exe dump badging C:\\Users\\User1\\.appium\\node_modules\\appium-uiautomator2-driver\\node_modules\\io.appium.settings\\apks\\settings_apk-debug.apk'
&amp#27;[38;5;132m[efa92a55]&amp#27;[0m&amp#27;[38;5;229m[ADB]&amp#27;[0m The version name of the installed 'io.appium.settings' is greater or equal to the application version name ('5.12.13' >= '5.12.13')
&amp#27;[38;5;132m[efa92a55]&amp#27;[0m&amp#27;[38;5;229m[ADB]&amp#27;[0m There is no need to install/upgrade 'C:\Users\User1\.appium\node_modules\appium-uiautomator2-driver\node_modules\io.appium.settings\apks\settings_apk-debug.apk'
&amp#27;[38;5;132m[efa92a55]&amp#27;[0m&amp#27;[38;5;229m[ADB]&amp#27;[0m Running 'C:\Users\User1\AppData\Local\Android\Sdk\platform-tools\adb.exe -P 5037 -s emulator-5554 shell dumpsys activity services io.appium.settings'
&amp#27;[38;5;132m[efa92a55]&amp#27;[0m&amp#27;[38;5;-154m[AndroidUiautomator2Driver@07d8]&amp#27;[0m io.appium.settings is already running. There is no need to reset its permissions.
&amp#27;[38;5;132m[efa92a55]&amp#27;[0m&amp#27;[38;5;160m[Logcat]&amp#27;[0m Starting logs capture with command: C:\\Users\\User1\\AppData\\Local\\Android\\Sdk\\platform-tools\\adb.exe -P 5037 -s emulator-5554 logcat -v threadtime
&amp#27;[38;5;132m[efa92a55]&amp#27;[0m&amp#27;[38;5;-154m[AndroidUiautomator2Driver@07d8]&amp#27;[0m Forwarding UiAutomator2 Server port 6790 to local port 8201
&amp#27;[38;5;132m[efa92a55]&amp#27;[0m&amp#27;[38;5;229m[ADB]&amp#27;[0m Forwarding system: 8201 to device: 6790
&amp#27;[38;5;132m[efa92a55]&amp#27;[0m&amp#27;[38;5;229m[ADB]&amp#27;[0m Running 'C:\Users\User1\AppData\Local\Android\Sdk\platform-tools\adb.exe -P 5037 -s emulator-5554 forward tcp:8201 tcp:6790'
&amp#27;[38;5;132m[efa92a55]&amp#27;[0m&amp#27;[38;5;229m[ADB]&amp#27;[0m Getting package info for 'io.appium.uiautomator2.server'
&amp#27;[38;5;132m[efa92a55]&amp#27;[0m&amp#27;[38;5;229m[ADB]&amp#27;[0m Running 'C:\Users\User1\AppData\Local\Android\Sdk\platform-tools\adb.exe -P 5037 -s emulator-5554 shell dumpsys package io.appium.uiautomator2.server'
&amp#27;[38;5;132m[efa92a55]&amp#27;[0m&amp#27;[38;5;229m[ADB]&amp#27;[0m Getting install status for io.appium.uiautomator2.server.test
&amp#27;[38;5;132m[efa92a55]&amp#27;[0m&amp#27;[38;5;229m[ADB]&amp#27;[0m Checking app cert for C:\Users\User1\eclipse-workspace\eCommerceFramework//src//main//resources//General-Store.apk
&amp#27;[38;5;132m[efa92a55]&amp#27;[0m&amp#27;[38;5;229m[ADB]&amp#27;[0m Running 'C:\Users\User1\AppData\Local\Android\Sdk\platform-tools\adb.exe -P 5037 -s emulator-5554 shell cmd package list packages'
&amp#27;[38;5;132m[efa92a55]&amp#27;[0m&amp#27;[38;5;229m[ADB]&amp#27;[0m Using 'apksigner.jar' from 'C:\Users\User1\AppData\Local\Android\Sdk\build-tools\36.0.0-rc1\lib\apksigner.jar'
&amp#27;[38;5;132m[efa92a55]&amp#27;[0m&amp#27;[38;5;229m[ADB]&amp#27;[0m Starting apksigner: 'C:\\Program Files\\Java\\jdk-22\\bin\\java.exe' -Xmx1024M -Xss1m -jar C:\\Users\\User1\\AppData\\Local\\Android\\Sdk\\build-tools\\36.0.0-rc1\\lib\\apksigner.jar verify --print-certs C:\\Users\\User1\\eclipse-workspace\\eCommerceFramework//src//main//resources//General-Store.apk
&amp#27;[38;5;132m[efa92a55]&amp#27;[0m&amp#27;[38;5;229m[ADB]&amp#27;[0m 'io.appium.uiautomator2.server.test' is installed
&amp#27;[38;5;132m[efa92a55]&amp#27;[0m&amp#27;[38;5;229m[ADB]&amp#27;[0m Reading package manifest: 'C:\\Users\\User1\\AppData\\Local\\Android\\Sdk\\build-tools\\36.0.0-rc1\\aapt2.exe dump badging C:\\Users\\User1\\.appium\\node_modules\\appium-uiautomator2-driver\\node_modules\\appium-uiautomator2-server\\apks\\appium-uiautomator2-server-v7.0.25.apk'
&amp#27;[38;5;132m[efa92a55]&amp#27;[0m&amp#27;[38;5;229m[ADB]&amp#27;[0m The version name of the installed 'io.appium.uiautomator2.server' is greater or equal to the application version name ('7.0.25' >= '7.0.25')
&amp#27;[38;5;132m[efa92a55]&amp#27;[0m&amp#27;[38;5;-154m[AndroidUiautomator2Driver@07d8]&amp#27;[0m Server packages status: [{"installState":"sameVersionInstalled","appPath":"C:\\Users\\User1\\.appium\\node_modules\\appium-uiautomator2-driver\\node_modules\\appium-uiautomator2-server\\apks\\appium-uiautomator2-server-v7.0.25.apk","appId":"io.appium.uiautomator2.server"},{"installState":"sameVersionInstalled","appPath":"C:\\Users\\User1\\.appium\\node_modules\\appium-uiautomator2-driver\\node_modules\\appium-uiautomator2-server\\apks\\appium-uiautomator2-server-debug-androidTest.apk","appId":"io.appium.uiautomator2.server.test"}]
&amp#27;[38;5;132m[efa92a55]&amp#27;[0m&amp#27;[38;5;-154m[AndroidUiautomator2Driver@07d8]&amp#27;[0m Server packages are not going to be (re)installed
&amp#27;[38;5;132m[efa92a55]&amp#27;[0m&amp#27;[38;5;-154m[AndroidUiautomator2Driver@07d8]&amp#27;[0m Waiting up to 30000ms for services to be available
&amp#27;[38;5;132m[efa92a55]&amp#27;[0m&amp#27;[38;5;229m[ADB]&amp#27;[0m Running 'C:\Users\User1\AppData\Local\Android\Sdk\platform-tools\adb.exe -P 5037 -s emulator-5554 shell pm list instrumentation'
&amp#27;[38;5;132m[efa92a55]&amp#27;[0m&amp#27;[38;5;-154m[AndroidUiautomator2Driver@07d8]&amp#27;[0m Instrumentation target 'io.appium.uiautomator2.server.test/androidx.test.runner.AndroidJUnitRunner' is available
&amp#27;[38;5;132m[efa92a55]&amp#27;[0m&amp#27;[38;5;229m[ADB]&amp#27;[0m Adding packages ["io.appium.settings","io.appium.uiautomator2.server","io.appium.uiautomator2.server.test"] to Doze whitelist
&amp#27;[38;5;132m[efa92a55]&amp#27;[0m&amp#27;[38;5;229m[ADB]&amp#27;[0m Got the following command chunks to execute: [["dumpsys","deviceidle","whitelist","+io.appium.settings",";","dumpsys","deviceidle","whitelist","+io.appium.uiautomator2.server",";","dumpsys","deviceidle","whitelist","+io.appium.uiautomator2.server.test",";"]]
&amp#27;[38;5;132m[efa92a55]&amp#27;[0m&amp#27;[38;5;229m[ADB]&amp#27;[0m Running 'C:\Users\User1\AppData\Local\Android\Sdk\platform-tools\adb.exe -P 5037 -s emulator-5554 shell dumpsys deviceidle whitelist +io.appium.settings ; dumpsys deviceidle whitelist +io.appium.uiautomator2.server ; dumpsys deviceidle whitelist +io.appium.uiautomator2.server.test ;'
&amp#27;[38;5;132m[efa92a55]&amp#27;[0m&amp#27;[38;5;229m[ADB]&amp#27;[0m apksigner stdout: Signer #1 certificate DN: C=US, O=Android, CN=Android Debug
Signer #1 certificate SHA-256 digest: f5f5931c019be6bff8a26255f76ae9ef8a8e631d2a702ec10e91110231549eef
Signer #1 certificate SHA-1 digest: b250161db8b5d0a1bd39154c9fd749bdad79c1a3
Signer #1 certificate MD5 digest: 7a5550323d84472ca25a0861c63e0a6c

&amp#27;[38;5;132m[efa92a55]&amp#27;[0m&amp#27;[38;5;229m[ADB]&amp#27;[0m 'C:\Users\User1\eclipse-workspace\eCommerceFramework//src//main//resources//General-Store.apk' is signed with a non-default certificate
&amp#27;[38;5;132m[efa92a55]&amp#27;[0m&amp#27;[38;5;229m[ADB]&amp#27;[0m Getting package info for 'com.androidsample.generalstore'
&amp#27;[38;5;132m[efa92a55]&amp#27;[0m&amp#27;[38;5;229m[ADB]&amp#27;[0m Running 'C:\Users\User1\AppData\Local\Android\Sdk\platform-tools\adb.exe -P 5037 -s emulator-5554 shell dumpsys package com.androidsample.generalstore'
&amp#27;[38;5;132m[efa92a55]&amp#27;[0m&amp#27;[38;5;229m[ADB]&amp#27;[0m Reading package manifest: 'C:\\Users\\User1\\AppData\\Local\\Android\\Sdk\\build-tools\\36.0.0-rc1\\aapt2.exe dump badging C:\\Users\\User1\\eclipse-workspace\\eCommerceFramework//src//main//resources//General-Store.apk'
&amp#27;[38;5;132m[efa92a55]&amp#27;[0m&amp#27;[38;5;229m[ADB]&amp#27;[0m The version name of the installed 'com.androidsample.generalstore' is greater or equal to the application version name ('1.0.0' >= '1.0.0')
&amp#27;[38;5;132m[efa92a55]&amp#27;[0m&amp#27;[38;5;229m[ADB]&amp#27;[0m There is no need to install/upgrade 'C:\Users\User1\eclipse-workspace\eCommerceFramework//src//main//resources//General-Store.apk'
&amp#27;[38;5;132m[efa92a55]&amp#27;[0m&amp#27;[38;5;-154m[AndroidUiautomator2Driver@07d8]&amp#27;[0m Performing fast reset on 'com.androidsample.generalstore'
&amp#27;[38;5;132m[efa92a55]&amp#27;[0m&amp#27;[38;5;229m[ADB]&amp#27;[0m Getting install status for com.androidsample.generalstore
&amp#27;[38;5;132m[efa92a55]&amp#27;[0m&amp#27;[38;5;229m[ADB]&amp#27;[0m Running 'C:\Users\User1\AppData\Local\Android\Sdk\platform-tools\adb.exe -P 5037 -s emulator-5554 shell cmd package list packages'
&amp#27;[38;5;132m[efa92a55]&amp#27;[0m&amp#27;[38;5;229m[ADB]&amp#27;[0m 'com.androidsample.generalstore' is installed
&amp#27;[38;5;132m[efa92a55]&amp#27;[0m&amp#27;[38;5;229m[ADB]&amp#27;[0m Running 'C:\Users\User1\AppData\Local\Android\Sdk\platform-tools\adb.exe -P 5037 -s emulator-5554 shell am force-stop com.androidsample.generalstore'
&amp#27;[38;5;132m[efa92a55]&amp#27;[0m&amp#27;[38;5;229m[ADB]&amp#27;[0m Running 'C:\Users\User1\AppData\Local\Android\Sdk\platform-tools\adb.exe -P 5037 -s emulator-5554 shell pm clear com.androidsample.generalstore'
&amp#27;[38;5;132m[efa92a55]&amp#27;[0m&amp#27;[38;5;-154m[AndroidUiautomator2Driver@07d8]&amp#27;[0m Performed fast reset on the installed 'com.androidsample.generalstore' application (stop and clear)
&amp#27;[38;5;132m[efa92a55]&amp#27;[0m&amp#27;[38;5;-154m[AndroidUiautomator2Driver@07d8]&amp#27;[0m Performing shallow cleanup of automation leftovers
&amp#27;[38;5;132m[efa92a55]&amp#27;[0m&amp#27;[38;5;-154m[AndroidUiautomator2Driver@07d8]&amp#27;[0m No obsolete sessions have been detected (socket hang up)
&amp#27;[38;5;132m[efa92a55]&amp#27;[0m&amp#27;[38;5;229m[ADB]&amp#27;[0m Running 'C:\Users\User1\AppData\Local\Android\Sdk\platform-tools\adb.exe -P 5037 -s emulator-5554 shell am force-stop io.appium.uiautomator2.server'
&amp#27;[38;5;132m[efa92a55]&amp#27;[0m&amp#27;[38;5;229m[ADB]&amp#27;[0m Running 'C:\Users\User1\AppData\Local\Android\Sdk\platform-tools\adb.exe -P 5037 -s emulator-5554 shell am force-stop io.appium.uiautomator2.server.test'
&amp#27;[38;5;132m[efa92a55]&amp#27;[0m&amp#27;[38;5;-154m[AndroidUiautomator2Driver@07d8]&amp#27;[0m Starting UIAutomator2 server 7.0.25
&amp#27;[38;5;132m[efa92a55]&amp#27;[0m&amp#27;[38;5;-154m[AndroidUiautomator2Driver@07d8]&amp#27;[0m Using UIAutomator2 server from 'C:\Users\User1\.appium\node_modules\appium-uiautomator2-driver\node_modules\appium-uiautomator2-server\apks\appium-uiautomator2-server-v7.0.25.apk' and test from 'C:\Users\User1\.appium\node_modules\appium-uiautomator2-driver\node_modules\appium-uiautomator2-server\apks\appium-uiautomator2-server-debug-androidTest.apk'
&amp#27;[38;5;132m[efa92a55]&amp#27;[0m&amp#27;[38;5;-154m[AndroidUiautomator2Driver@07d8]&amp#27;[0m Waiting up to 30000ms for UiAutomator2 to be online...
&amp#27;[38;5;132m[efa92a55]&amp#27;[0m&amp#27;[38;5;229m[ADB]&amp#27;[0m Creating ADB subprocess with args: ["-P","5037","-s","emulator-5554","shell","am","instrument","-w","-e","disableAnalytics","true","io.appium.uiautomator2.server.test/androidx.test.runner.AndroidJUnitRunner"]
&amp#27;[38;5;132m[efa92a55]&amp#27;[0m&amp#27;[38;5;-154m[AndroidUiautomator2Driver@07d8]&amp#27;[0m Matched '/status' to command name 'getStatus'
&amp#27;[38;5;132m[efa92a55]&amp#27;[0m&amp#27;[38;5;-154m[AndroidUiautomator2Driver@07d8]&amp#27;[0m Proxying [GET /status] to [GET http://127.0.0.1:8201/status] with no body
&amp#27;[38;5;132m[efa92a55]&amp#27;[0m&amp#27;[38;5;-154m[AndroidUiautomator2Driver@07d8]&amp#27;[0m socket hang up
&amp#27;[38;5;132m[efa92a55]&amp#27;[0m&amp#27;[38;5;-154m[AndroidUiautomator2Driver@07d8]&amp#27;[0m Matched '/status' to command name 'getStatus'
&amp#27;[38;5;132m[efa92a55]&amp#27;[0m&amp#27;[38;5;-154m[AndroidUiautomator2Driver@07d8]&amp#27;[0m Proxying [GET /status] to [GET http://127.0.0.1:8201/status] with no body
&amp#27;[38;5;132m[efa92a55]&amp#27;[0m&amp#27;[38;5;-154m[AndroidUiautomator2Driver@07d8]&amp#27;[0m socket hang up
&amp#27;[38;5;132m[efa92a55]&amp#27;[0m&amp#27;[38;5;-154m[AndroidUiautomator2Driver@07d8]&amp#27;[0m Matched '/status' to command name 'getStatus'
&amp#27;[38;5;132m[efa92a55]&amp#27;[0m&amp#27;[38;5;-154m[AndroidUiautomator2Driver@07d8]&amp#27;[0m Proxying [GET /status] to [GET http://127.0.0.1:8201/status] with no body
&amp#27;[38;5;132m[efa92a55]&amp#27;[0m&amp#27;[38;5;-154m[AndroidUiautomator2Driver@07d8]&amp#27;[0m socket hang up
&amp#27;[38;5;132m[efa92a55]&amp#27;[0m&amp#27;[38;5;-154m[AndroidUiautomator2Driver@07d8]&amp#27;[0m Matched '/status' to command name 'getStatus'
&amp#27;[38;5;132m[efa92a55]&amp#27;[0m&amp#27;[38;5;-154m[AndroidUiautomator2Driver@07d8]&amp#27;[0m Proxying [GET /status] to [GET http://127.0.0.1:8201/status] with no body
&amp#27;[38;5;132m[efa92a55]&amp#27;[0m&amp#27;[38;5;-154m[AndroidUiautomator2Driver@07d8]&amp#27;[0m socket hang up
&amp#27;[38;5;132m[efa92a55]&amp#27;[0m&amp#27;[38;5;-154m[AndroidUiautomator2Driver@07d8]&amp#27;[0m Matched '/status' to command name 'getStatus'
&amp#27;[38;5;132m[efa92a55]&amp#27;[0m&amp#27;[38;5;-154m[AndroidUiautomator2Driver@07d8]&amp#27;[0m Proxying [GET /status] to [GET http://127.0.0.1:8201/status] with no body
&amp#27;[38;5;132m[efa92a55]&amp#27;[0m&amp#27;[38;5;-154m[AndroidUiautomator2Driver@07d8]&amp#27;[0m socket hang up
&amp#27;[38;5;132m[efa92a55]&amp#27;[0m&amp#27;[38;5;-154m[AndroidUiautomator2Driver@07d8]&amp#27;[0m Matched '/status' to command name 'getStatus'
&amp#27;[38;5;132m[efa92a55]&amp#27;[0m&amp#27;[38;5;-154m[AndroidUiautomator2Driver@07d8]&amp#27;[0m Proxying [GET /status] to [GET http://127.0.0.1:8201/status] with no body
&amp#27;[38;5;132m[efa92a55]&amp#27;[0m&amp#27;[38;5;-154m[AndroidUiautomator2Driver@07d8]&amp#27;[0m socket hang up
&amp#27;[38;5;132m[efa92a55]&amp#27;[0m&amp#27;[38;5;-154m[AndroidUiautomator2Driver@07d8]&amp#27;[0m Matched '/status' to command name 'getStatus'
&amp#27;[38;5;132m[efa92a55]&amp#27;[0m&amp#27;[38;5;-154m[AndroidUiautomator2Driver@07d8]&amp#27;[0m Proxying [GET /status] to [GET http://127.0.0.1:8201/status] with no body
&amp#27;[38;5;132m[efa92a55]&amp#27;[0m&amp#27;[38;5;-154m[AndroidUiautomator2Driver@07d8]&amp#27;[0m socket hang up
&amp#27;[38;5;132m[efa92a55]&amp#27;[0m&amp#27;[38;5;-154m[AndroidUiautomator2Driver@07d8]&amp#27;[0m Matched '/status' to command name 'getStatus'
&amp#27;[38;5;132m[efa92a55]&amp#27;[0m&amp#27;[38;5;-154m[AndroidUiautomator2Driver@07d8]&amp#27;[0m Proxying [GET /status] to [GET http://127.0.0.1:8201/status] with no body
&amp#27;[38;5;132m[efa92a55]&amp#27;[0m&amp#27;[38;5;-154m[AndroidUiautomator2Driver@07d8]&amp#27;[0m socket hang up
&amp#27;[38;5;132m[efa92a55]&amp#27;[0m&amp#27;[38;5;-154m[AndroidUiautomator2Driver@07d8]&amp#27;[0m Matched '/status' to command name 'getStatus'
&amp#27;[38;5;132m[efa92a55]&amp#27;[0m&amp#27;[38;5;-154m[AndroidUiautomator2Driver@07d8]&amp#27;[0m Proxying [GET /status] to [GET http://127.0.0.1:8201/status] with no body
&amp#27;[38;5;132m[efa92a55]&amp#27;[0m&amp#27;[38;5;-154m[AndroidUiautomator2Driver@07d8]&amp#27;[0m socket hang up
&amp#27;[38;5;132m[efa92a55]&amp#27;[0m&amp#27;[38;5;-154m[AndroidUiautomator2Driver@07d8]&amp#27;[0m Matched '/status' to command name 'getStatus'
&amp#27;[38;5;132m[efa92a55]&amp#27;[0m&amp#27;[38;5;-154m[AndroidUiautomator2Driver@07d8]&amp#27;[0m Proxying [GET /status] to [GET http://127.0.0.1:8201/status] with no body
&amp#27;[38;5;132m[efa92a55]&amp#27;[0m&amp#27;[38;5;-154m[AndroidUiautomator2Driver@07d8]&amp#27;[0m socket hang up
&amp#27;[38;5;132m[efa92a55]&amp#27;[0m&amp#27;[38;5;-154m[AndroidUiautomator2Driver@07d8]&amp#27;[0m Matched '/status' to command name 'getStatus'
&amp#27;[38;5;132m[efa92a55]&amp#27;[0m&amp#27;[38;5;-154m[AndroidUiautomator2Driver@07d8]&amp#27;[0m Proxying [GET /status] to [GET http://127.0.0.1:8201/status] with no body
&amp#27;[38;5;132m[efa92a55]&amp#27;[0m&amp#27;[38;5;-154m[AndroidUiautomator2Driver@07d8]&amp#27;[0m socket hang up
&amp#27;[38;5;132m[efa92a55]&amp#27;[0m&amp#27;[38;5;-154m[AndroidUiautomator2Driver@07d8]&amp#27;[0m Matched '/status' to command name 'getStatus'
&amp#27;[38;5;132m[efa92a55]&amp#27;[0m&amp#27;[38;5;-154m[AndroidUiautomator2Driver@07d8]&amp#27;[0m Proxying [GET /status] to [GET http://127.0.0.1:8201/status] with no body
&amp#27;[38;5;132m[efa92a55]&amp#27;[0m&amp#27;[38;5;-154m[AndroidUiautomator2Driver@07d8]&amp#27;[0m socket hang up
&amp#27;[38;5;132m[efa92a55]&amp#27;[0m&amp#27;[38;5;-154m[AndroidUiautomator2Driver@07d8]&amp#27;[0m Matched '/status' to command name 'getStatus'
&amp#27;[38;5;132m[efa92a55]&amp#27;[0m&amp#27;[38;5;-154m[AndroidUiautomator2Driver@07d8]&amp#27;[0m Proxying [GET /status] to [GET http://127.0.0.1:8201/status] with no body
&amp#27;[38;5;132m[efa92a55]&amp#27;[0m&amp#27;[38;5;-154m[AndroidUiautomator2Driver@07d8]&amp#27;[0m socket hang up
&amp#27;[38;5;132m[efa92a55]&amp#27;[0m&amp#27;[38;5;-154m[AndroidUiautomator2Driver@07d8]&amp#27;[0m [Instrumentation] 
&amp#27;[38;5;132m[efa92a55]&amp#27;[0m&amp#27;[38;5;-154m[AndroidUiautomator2Driver@07d8]&amp#27;[0m Matched '/status' to command name 'getStatus'
&amp#27;[38;5;132m[efa92a55]&amp#27;[0m&amp#27;[38;5;-154m[AndroidUiautomator2Driver@07d8]&amp#27;[0m Proxying [GET /status] to [GET http://127.0.0.1:8201/status] with no body
&amp#27;[38;5;132m[efa92a55]&amp#27;[0m&amp#27;[38;5;-154m[AndroidUiautomator2Driver@07d8]&amp#27;[0m socket hang up
&amp#27;[38;5;132m[efa92a55]&amp#27;[0m&amp#27;[38;5;-154m[AndroidUiautomator2Driver@07d8]&amp#27;[0m Matched '/status' to command name 'getStatus'
&amp#27;[38;5;132m[efa92a55]&amp#27;[0m&amp#27;[38;5;-154m[AndroidUiautomator2Driver@07d8]&amp#27;[0m Proxying [GET /status] to [GET http://127.0.0.1:8201/status] with no body
&amp#27;[38;5;132m[efa92a55]&amp#27;[0m&amp#27;[38;5;-154m[AndroidUiautomator2Driver@07d8]&amp#27;[0m Got response with status 200: {"sessionId":"None","value":{"message":"UiAutomator2 Server is ready to accept commands","ready":true}}
&amp#27;[38;5;132m[efa92a55]&amp#27;[0m&amp#27;[38;5;-154m[AndroidUiautomator2Driver@07d8]&amp#27;[0m The initialization of the instrumentation process took 16169ms
&amp#27;[38;5;132m[efa92a55]&amp#27;[0m&amp#27;[38;5;-154m[AndroidUiautomator2Driver@07d8]&amp#27;[0m Matched '/session' to command name 'createSession'
&amp#27;[38;5;132m[efa92a55]&amp#27;[0m&amp#27;[38;5;-154m[AndroidUiautomator2Driver@07d8]&amp#27;[0m Proxying [POST /session] to [POST http://127.0.0.1:8201/session] with body: {"capabilities":{"firstMatch":[{"platformName":"ANDROID","chromedriverExecutable":"C://Users//User1//Downloads//chromedriver-win64//chromedriver-win64//chromedriver.exe","deviceName":"emulator-5554","automationName":"UIAutomator2","app":"C:\\Users\\User1\\eclipse-workspace\\eCommerceFramework//src//main//resources//General-Store.apk","platform":"LINUX","webStorageEnabled":false,"takesScreenshot":true,"javascriptEnabled":true,"databaseEnabled":false,"networkConnectionEnabled":true,"locationContextEnabled":false,"warnings":{},"desired":{"platformName":"ANDROID","chromedriverExecutable":"C://Users//User1//Downloads//chromedriver-win64//chromedriver-win64//chromedriver.exe","deviceName":"Rajemulator","automationName":"UIAutomator2","app":"C:\\Users\\User1\\eclipse-workspace\\eCommerceFramework//src//main//resources//General-Store.apk"},"deviceUDID":"emulator-5554","appPackage":"com.androidsample.generalstore"}],"alwaysMatch":{}}}
&amp#27;[38;5;132m[efa92a55]&amp#27;[0m&amp#27;[38;5;-154m[AndroidUiautomator2Driver@07d8]&amp#27;[0m Got response with status 200: {"sessionId":"3259dfd7-0cb9-4195-b02a-a9de0cc84ebf","value":{"capabilities":{"firstMatch":[{"platformName":"ANDROID","chromedriverExecutable":"C://Users//User1//Downloads//chromedriver-win64//chromedriver-win64//chromedriver.exe","deviceName":"emulator-5554","automationName":"UIAutomator2","app":"C:\\Users\\User1\\eclipse-workspace\\eCommerceFramework//src//main//resources//General-Store.apk","platform":"LINUX","webStorageEnabled":false,"takesScreenshot":true,"javascriptEnabled":true,"databaseEnabled":false,"networkConnectionEnabled":true,"locationContextEnabled":false,"warnings":{},"desired":{"platformName":"ANDROID","chromedriverExecutable":"C://Users//User1//Downloads//chromedriver-win64//chromedriver-win64//chromedriver.exe","deviceName":"Rajemulator","automationName":"UIAutomator2","app":"C:\\Users\\User1\\eclipse-workspace\\eCommerceFramework//src//main//resources//General-Store.apk"},"deviceUDID":"emulator-5554","appPackage":"com.androidsample.generalstore"}],"alwaysMatch":{}},"sessionId":"3259dfd7-...
&amp#27;[38;5;132m[efa92a55]&amp#27;[0m&amp#27;[38;5;-154m[AndroidUiautomator2Driver@07d8]&amp#27;[0m Determined the downstream protocol as 'W3C'
&amp#27;[38;5;132m[efa92a55]&amp#27;[0m&amp#27;[38;5;-154m[AndroidUiautomator2Driver@07d8]&amp#27;[0m Proxying [GET /appium/device/pixel_ratio] to [GET http://127.0.0.1:8201/session/3259dfd7-0cb9-4195-b02a-a9de0cc84ebf/appium/device/pixel_ratio] with no body
&amp#27;[38;5;132m[efa92a55]&amp#27;[0m&amp#27;[38;5;-154m[AndroidUiautomator2Driver@07d8]&amp#27;[0m Matched '/appium/device/system_bars' to command name 'getSystemBars'
&amp#27;[38;5;132m[efa92a55]&amp#27;[0m&amp#27;[38;5;-154m[AndroidUiautomator2Driver@07d8]&amp#27;[0m Proxying [GET /appium/device/system_bars] to [GET http://127.0.0.1:8201/session/3259dfd7-0cb9-4195-b02a-a9de0cc84ebf/appium/device/system_bars] with no body
&amp#27;[38;5;132m[efa92a55]&amp#27;[0m&amp#27;[38;5;-154m[AndroidUiautomator2Driver@07d8]&amp#27;[0m Matched '/window/current/size' to command name 'getWindowSize'
&amp#27;[38;5;132m[efa92a55]&amp#27;[0m&amp#27;[38;5;-154m[AndroidUiautomator2Driver@07d8]&amp#27;[0m Proxying [GET /window/current/size] to [GET http://127.0.0.1:8201/session/3259dfd7-0cb9-4195-b02a-a9de0cc84ebf/window/current/size] with no body
&amp#27;[38;5;132m[efa92a55]&amp#27;[0m&amp#27;[38;5;-154m[AndroidUiautomator2Driver@07d8]&amp#27;[0m Proxying [GET /appium/device/info] to [GET http://127.0.0.1:8201/session/3259dfd7-0cb9-4195-b02a-a9de0cc84ebf/appium/device/info] with no body
&amp#27;[38;5;132m[efa92a55]&amp#27;[0m&amp#27;[38;5;229m[ADB]&amp#27;[0m Running 'C:\Users\User1\AppData\Local\Android\Sdk\platform-tools\adb.exe -P 5037 -s emulator-5554 shell dumpsys window'
&amp#27;[38;5;132m[efa92a55]&amp#27;[0m&amp#27;[38;5;229m[ADB]&amp#27;[0m Running 'C:\Users\User1\AppData\Local\Android\Sdk\platform-tools\adb.exe -P 5037 -s emulator-5554 shell dumpsys power'
&amp#27;[38;5;132m[efa92a55]&amp#27;[0m&amp#27;[38;5;-154m[AndroidUiautomator2Driver@07d8]&amp#27;[0m Got response with status 200: {"sessionId":"3259dfd7-0cb9-4195-b02a-a9de0cc84ebf","value":2.75}
&amp#27;[38;5;132m[efa92a55]&amp#27;[0m&amp#27;[38;5;-154m[AndroidUiautomator2Driver@07d8]&amp#27;[0m Got response with status 200: {"sessionId":"3259dfd7-0cb9-4195-b02a-a9de0cc84ebf","value":{"statusBar":66}}
&amp#27;[38;5;132m[efa92a55]&amp#27;[0m&amp#27;[38;5;-154m[AndroidUiautomator2Driver@07d8]&amp#27;[0m Got response with status 200: {"sessionId":"3259dfd7-0cb9-4195-b02a-a9de0cc84ebf","value":{"height":2220,"width":1080}}
&amp#27;[38;5;132m[efa92a55]&amp#27;[0m&amp#27;[38;5;-154m[AndroidUiautomator2Driver@07d8]&amp#27;[0m Got response with status 200: {"sessionId":"3259dfd7-0cb9-4195-b02a-a9de0cc84ebf","value":{"androidId":"ccd4b39f6a24ddc3","apiVersion":"35","bluetooth":{"state":"OFF"},"brand":"google","carrierName":"T-Mobile","displayDensity":440,"locale":"en_US","manufacturer":"Google","model":"sdk_gphone64_x86_64","networks":[{"capabilities":{"SSID":null,"linkDownBandwidthKbps":4300,"linkUpstreamBandwidthKbps":1800,"networkCapabilities":"NET_CAPABILITY_MMS,NET_CAPABILITY_SUPL,NET_CAPABILITY_IA,NET_CAPABILITY_XCAP,NET_CAPABILITY_INTERNET,NET_CAPABILITY_NOT_RESTRICTED,NET_CAPABILITY_TRUSTED,NET_CAPABILITY_NOT_VPN,NET_CAPABILITY_VALIDATED,NET_CAPABILITY_NOT_ROAMING,NET_CAPABILITY_NOT_CONGESTED,NET_CAPABILITY_NOT_SUSPENDED","signalStrength":-2147483648,"transportTypes":"TRANSPORT_CELLULAR"},"detailedState":"CONNECTED","extraInfo":"fast.t-mobile.com","isAvailable":true,"isConnected":true,"isFailover":false,"isRoaming":false,"state":"CONNECTED","subtype":10,"subtypeName":"HSPA","type":0,"typeName":"MOBILE"},{"capabilities":{"SSID":null,"linkDownBandwidthK...
&amp#27;[38;5;132m[efa92a55]&amp#27;[0m&amp#27;[38;5;-154m[AndroidUiautomator2Driver@07d8]&amp#27;[0m Screen already unlocked, doing nothing
&amp#27;[38;5;132m[efa92a55]&amp#27;[0m&amp#27;[38;5;-154m[AndroidUiautomator2Driver@07d8]&amp#27;[0m Starting 'com.androidsample.generalstore/com.androidsample.generalstore.SplashActivity and waiting for 'com.androidsample.generalstore/com.androidsample.generalstore.SplashActivity'
&amp#27;[38;5;132m[efa92a55]&amp#27;[0m&amp#27;[38;5;229m[ADB]&amp#27;[0m Running 'C:\Users\User1\AppData\Local\Android\Sdk\platform-tools\adb.exe -P 5037 -s emulator-5554 shell am start -W -n com.androidsample.generalstore/com.androidsample.generalstore.SplashActivity -S -a android.intent.action.MAIN -c android.intent.category.LAUNCHER -f 0x10200000'
&amp#27;[38;5;132m[efa92a55]&amp#27;[0m&amp#27;[38;5;229m[ADB]&amp#27;[0m Waiting up to 20000ms for activity matching pkg: 'com.androidsample.generalstore' and activity: 'com.androidsample.generalstore.SplashActivity' to be focused
&amp#27;[38;5;132m[efa92a55]&amp#27;[0m&amp#27;[38;5;229m[ADB]&amp#27;[0m Possible activities, to be checked: 'com.androidsample.generalstore.SplashActivity', 'com.androidsample.generalstore.com.androidsample.generalstore.SplashActivity'
&amp#27;[38;5;132m[efa92a55]&amp#27;[0m&amp#27;[38;5;229m[ADB]&amp#27;[0m Getting focused package and activity
&amp#27;[38;5;132m[efa92a55]&amp#27;[0m&amp#27;[38;5;229m[ADB]&amp#27;[0m Running 'C:\Users\User1\AppData\Local\Android\Sdk\platform-tools\adb.exe -P 5037 -s emulator-5554 shell dumpsys window displays'
&amp#27;[38;5;132m[efa92a55]&amp#27;[0m&amp#27;[38;5;229m[ADB]&amp#27;[0m Found package: 'com.androidsample.generalstore' and fully qualified activity name : 'com.androidsample.generalstore.SplashActivity'
&amp#27;[38;5;132m[efa92a55]&amp#27;[0m&amp#27;[38;5;117m[AppiumDriver@687b]&amp#27;[0m New AndroidUiautomator2Driver session created successfully, session efa92a55-dfa6-414f-9b2c-7304d3a6b03e added to master session list
&amp#27;[38;5;132m[efa92a55]&amp#27;[0m&amp#27;[38;5;117m[AppiumDriver@687b]&amp#27;[0m Event 'newSessionStarted' logged at 1744634651828 (18:14:11 GMT+0530 (India Standard Time))
&amp#27;[38;5;132m[efa92a55]&amp#27;[0m&amp#27;[38;5;-154m[AndroidUiautomator2Driver@07d8]&amp#27;[0m Cached the protocol value 'W3C' for the new session efa92a55-dfa6-414f-9b2c-7304d3a6b03e
&amp#27;[38;5;132m[efa92a55]&amp#27;[0m&amp#27;[38;5;-154m[AndroidUiautomator2Driver@07d8]&amp#27;[0m Responding to client with driver.createSession() result: {"capabilities":{"platformName":"ANDROID","chromedriverExecutable":"C://Users//User1//Downloads//chromedriver-win64//chromedriver-win64//chromedriver.exe","deviceName":"emulator-5554","automationName":"UIAutomator2","app":"C:\\Users\\User1\\eclipse-workspace\\eCommerceFramework//src//main//resources//General-Store.apk","platform":"LINUX","webStorageEnabled":false,"takesScreenshot":true,"javascriptEnabled":true,"databaseEnabled":false,"networkConnectionEnabled":true,"locationContextEnabled":false,"warnings":{},"desired":{"platformName":"ANDROID","chromedriverExecutable":"C://Users//User1//Downloads//chromedriver-win64//chromedriver-win64//chromedriver.exe","deviceName":"Rajemulator","automationName":"UIAutomator2","app":"C:\\Users\\User1\\eclipse-workspace\\eCommerceFramework//src//main//resources//General-Store.apk"},"deviceUDID":"emulator-5554","appPackage":"com.androidsample.generalstore","pixelRatio":"2.75","statBarHeight":66,"viewportRect":{"left":0,"top":66,"width":1080,"height":2154},"deviceApiLevel"...
&amp#27;[38;5;132m[efa92a55]&amp#27;[0m&amp#27;[38;5;86m[HTTP]&amp#27;[0m &amp#27;[37m<-- POST /session &amp#27;[39m&amp#27;[32m200&amp#27;[39m &amp#27;[90m34218 ms - 1233&amp#27;[39m &amp#27;[90m&amp#27;[39m
Test Started: backButtonVerification
&amp#27;[38;5;132m[efa92a55]&amp#27;[0m&amp#27;[38;5;86m[HTTP]&amp#27;[0m &amp#27;[37m-->&amp#27;[39m &amp#27;[37mGET&amp#27;[39m &amp#27;[37m/session/efa92a55-dfa6-414f-9b2c-7304d3a6b03e/context&amp#27;[39m &amp#27;[90m{}&amp#27;[39m
&amp#27;[38;5;132m[efa92a55]&amp#27;[0m&amp#27;[38;5;-154m[AndroidUiautomator2Driver@07d8]&amp#27;[0m Calling AppiumDriver.getCurrentContext() with args: ["efa92a55-dfa6-414f-9b2c-7304d3a6b03e"]
&amp#27;[38;5;132m[efa92a55]&amp#27;[0m&amp#27;[38;5;-154m[AndroidUiautomator2Driver@07d8]&amp#27;[0m Responding to client with driver.getCurrentContext() result: "NATIVE_APP"
&amp#27;[38;5;132m[efa92a55]&amp#27;[0m&amp#27;[38;5;86m[HTTP]&amp#27;[0m &amp#27;[37m<-- GET /session/efa92a55-dfa6-414f-9b2c-7304d3a6b03e/context &amp#27;[39m&amp#27;[32m200&amp#27;[39m &amp#27;[90m6 ms - 22&amp#27;[39m &amp#27;[90m&amp#27;[39m
&amp#27;[38;5;132m[efa92a55]&amp#27;[0m&amp#27;[38;5;86m[HTTP]&amp#27;[0m &amp#27;[37m-->&amp#27;[39m &amp#27;[37mPOST&amp#27;[39m &amp#27;[37m/session/efa92a55-dfa6-414f-9b2c-7304d3a6b03e/element&amp#27;[39m &amp#27;[90m{"using":"id","value":"com.androidsample.generalstore:id/nameField"}&amp#27;[39m
&amp#27;[38;5;132m[efa92a55]&amp#27;[0m&amp#27;[38;5;-154m[AndroidUiautomator2Driver@07d8]&amp#27;[0m Calling AppiumDriver.findElement() with args: ["id","com.androidsample.generalstore:id/nameField","efa92a55-dfa6-414f-9b2c-7304d3a6b03e"]
&amp#27;[38;5;132m[efa92a55]&amp#27;[0m&amp#27;[38;5;-154m[AndroidUiautomator2Driver@07d8]&amp#27;[0m Valid locator strategies for this request: xpath, id, class name, accessibility id, css selector, -android uiautomator
&amp#27;[38;5;132m[efa92a55]&amp#27;[0m&amp#27;[38;5;-154m[AndroidUiautomator2Driver@07d8]&amp#27;[0m Waiting up to 0 ms for condition
&amp#27;[38;5;132m[efa92a55]&amp#27;[0m&amp#27;[38;5;-154m[AndroidUiautomator2Driver@07d8]&amp#27;[0m Matched '/element' to command name 'findElement'
&amp#27;[38;5;132m[efa92a55]&amp#27;[0m&amp#27;[38;5;-154m[AndroidUiautomator2Driver@07d8]&amp#27;[0m Proxying [POST /element] to [POST http://127.0.0.1:8201/session/3259dfd7-0cb9-4195-b02a-a9de0cc84ebf/element] with body: {"strategy":"id","selector":"com.androidsample.generalstore:id/nameField","context":"","multiple":false}
&amp#27;[38;5;132m[efa92a55]&amp#27;[0m&amp#27;[38;5;-154m[AndroidUiautomator2Driver@07d8]&amp#27;[0m Got response with status 404: {"sessionId":"3259dfd7-0cb9-4195-b02a-a9de0cc84ebf","value":{"error":"no such element","message":"An element could not be located on the page using the given search parameters","stacktrace":"io.appium.uiautomator2.common.exceptions.ElementNotFoundException: An element could not be located on the page using the given search parameters\n\tat io.appium.uiautomator2.handler.FindElement.safeHandle(FindElement.java:63)\n\tat io.appium.uiautomator2.handler.request.SafeRequestHandler.handle(SafeRequestHandler.java:59)\n\tat io.appium.uiautomator2.server.AppiumServlet.handleRequest(AppiumServlet.java:259)\n\tat io.appium.uiautomator2.server.AppiumServlet.handleHttpRequest(AppiumServlet.java:253)\n\tat io.appium.uiautomator2.http.ServerHandler.channelRead(ServerHandler.java:77)\n\tat io.netty.channel.AbstractChannelHandlerContext.invokeChannelRead(AbstractChannelHandlerContext.java:366)\n\tat io.netty.channel.AbstractChannelHandlerContext.invokeChannelRead(AbstractChannelHandlerContext.java:352)\n\tat io.netty.chann...
&amp#27;[38;5;132m[efa92a55]&amp#27;[0m&amp#27;[38;5;123m[W3C]&amp#27;[0m Matched W3C error code 'no such element' to NoSuchElementError
&amp#27;[38;5;132m[efa92a55]&amp#27;[0m&amp#27;[38;5;-154m[AndroidUiautomator2Driver@07d8]&amp#27;[0m Encountered internal error running command: NoSuchElementError: An element could not be located on the page using the given search parameters.
    at AndroidUiautomator2Driver.findElOrEls (C:\Users\User1\.appium\node_modules\appium-uiautomator2-driver\node_modules\appium-android-driver\lib\commands\find.ts:86:11)
    at processTicksAndRejections (node:internal/process/task_queues:95:5)
    at AndroidUiautomator2Driver.findElOrElsWithProcessing (C:\Users\User1\AppData\Roaming\npm\node_modules\appium\node_modules\@appium\base-driver\lib\basedriver\commands\find.ts:60:12)
    at AndroidUiautomator2Driver.findElement (C:\Users\User1\AppData\Roaming\npm\node_modules\appium\node_modules\@appium\base-driver\lib\basedriver\commands\find.ts:75:12)
&amp#27;[38;5;132m[efa92a55]&amp#27;[0m&amp#27;[38;5;86m[HTTP]&amp#27;[0m &amp#27;[37m<-- POST /session/efa92a55-dfa6-414f-9b2c-7304d3a6b03e/element &amp#27;[39m&amp#27;[33m404&amp#27;[39m &amp#27;[90m99 ms - 890&amp#27;[39m &amp#27;[90m&amp#27;[39m
&amp#27;[38;5;132m[efa92a55]&amp#27;[0m&amp#27;[38;5;86m[HTTP]&amp#27;[0m &amp#27;[37m-->&amp#27;[39m &amp#27;[37mPOST&amp#27;[39m &amp#27;[37m/session/efa92a55-dfa6-414f-9b2c-7304d3a6b03e/element&amp#27;[39m &amp#27;[90m{"using":"id","value":"com.androidsample.generalstore:id/nameField"}&amp#27;[39m
&amp#27;[38;5;132m[efa92a55]&amp#27;[0m&amp#27;[38;5;-154m[AndroidUiautomator2Driver@07d8]&amp#27;[0m Calling AppiumDriver.findElement() with args: ["id","com.androidsample.generalstore:id/nameField","efa92a55-dfa6-414f-9b2c-7304d3a6b03e"]
&amp#27;[38;5;132m[efa92a55]&amp#27;[0m&amp#27;[38;5;-154m[AndroidUiautomator2Driver@07d8]&amp#27;[0m Valid locator strategies for this request: xpath, id, class name, accessibility id, css selector, -android uiautomator
&amp#27;[38;5;132m[efa92a55]&amp#27;[0m&amp#27;[38;5;-154m[AndroidUiautomator2Driver@07d8]&amp#27;[0m Waiting up to 0 ms for condition
&amp#27;[38;5;132m[efa92a55]&amp#27;[0m&amp#27;[38;5;-154m[AndroidUiautomator2Driver@07d8]&amp#27;[0m Matched '/element' to command name 'findElement'
&amp#27;[38;5;132m[efa92a55]&amp#27;[0m&amp#27;[38;5;-154m[AndroidUiautomator2Driver@07d8]&amp#27;[0m Proxying [POST /element] to [POST http://127.0.0.1:8201/session/3259dfd7-0cb9-4195-b02a-a9de0cc84ebf/element] with body: {"strategy":"id","selector":"com.androidsample.generalstore:id/nameField","context":"","multiple":false}
&amp#27;[38;5;132m[efa92a55]&amp#27;[0m&amp#27;[38;5;-154m[AndroidUiautomator2Driver@07d8]&amp#27;[0m Got response with status 404: {"sessionId":"3259dfd7-0cb9-4195-b02a-a9de0cc84ebf","value":{"error":"no such element","message":"An element could not be located on the page using the given search parameters","stacktrace":"io.appium.uiautomator2.common.exceptions.ElementNotFoundException: An element could not be located on the page using the given search parameters\n\tat io.appium.uiautomator2.handler.FindElement.safeHandle(FindElement.java:63)\n\tat io.appium.uiautomator2.handler.request.SafeRequestHandler.handle(SafeRequestHandler.java:59)\n\tat io.appium.uiautomator2.server.AppiumServlet.handleRequest(AppiumServlet.java:259)\n\tat io.appium.uiautomator2.server.AppiumServlet.handleHttpRequest(AppiumServlet.java:253)\n\tat io.appium.uiautomator2.http.ServerHandler.channelRead(ServerHandler.java:77)\n\tat io.netty.channel.AbstractChannelHandlerContext.invokeChannelRead(AbstractChannelHandlerContext.java:366)\n\tat io.netty.channel.AbstractChannelHandlerContext.invokeChannelRead(AbstractChannelHandlerContext.java:352)\n\tat io.netty.chann...
&amp#27;[38;5;132m[efa92a55]&amp#27;[0m&amp#27;[38;5;123m[W3C]&amp#27;[0m Matched W3C error code 'no such element' to NoSuchElementError
&amp#27;[38;5;132m[efa92a55]&amp#27;[0m&amp#27;[38;5;-154m[AndroidUiautomator2Driver@07d8]&amp#27;[0m Encountered internal error running command: NoSuchElementError: An element could not be located on the page using the given search parameters.
    at AndroidUiautomator2Driver.findElOrEls (C:\Users\User1\.appium\node_modules\appium-uiautomator2-driver\node_modules\appium-android-driver\lib\commands\find.ts:86:11)
    at processTicksAndRejections (node:internal/process/task_queues:95:5)
    at AndroidUiautomator2Driver.findElOrElsWithProcessing (C:\Users\User1\AppData\Roaming\npm\node_modules\appium\node_modules\@appium\base-driver\lib\basedriver\commands\find.ts:60:12)
    at AndroidUiautomator2Driver.findElement (C:\Users\User1\AppData\Roaming\npm\node_modules\appium\node_modules\@appium\base-driver\lib\basedriver\commands\find.ts:75:12)
&amp#27;[38;5;132m[efa92a55]&amp#27;[0m&amp#27;[38;5;86m[HTTP]&amp#27;[0m &amp#27;[37m<-- POST /session/efa92a55-dfa6-414f-9b2c-7304d3a6b03e/element &amp#27;[39m&amp#27;[33m404&amp#27;[39m &amp#27;[90m29 ms - 890&amp#27;[39m &amp#27;[90m&amp#27;[39m
&amp#27;[38;5;132m[efa92a55]&amp#27;[0m&amp#27;[38;5;86m[HTTP]&amp#27;[0m &amp#27;[37m-->&amp#27;[39m &amp#27;[37mPOST&amp#27;[39m &amp#27;[37m/session/efa92a55-dfa6-414f-9b2c-7304d3a6b03e/element&amp#27;[39m &amp#27;[90m{"using":"id","value":"com.androidsample.generalstore:id/nameField"}&amp#27;[39m
&amp#27;[38;5;132m[efa92a55]&amp#27;[0m&amp#27;[38;5;-154m[AndroidUiautomator2Driver@07d8]&amp#27;[0m Calling AppiumDriver.findElement() with args: ["id","com.androidsample.generalstore:id/nameField","efa92a55-dfa6-414f-9b2c-7304d3a6b03e"]
&amp#27;[38;5;132m[efa92a55]&amp#27;[0m&amp#27;[38;5;-154m[AndroidUiautomator2Driver@07d8]&amp#27;[0m Valid locator strategies for this request: xpath, id, class name, accessibility id, css selector, -android uiautomator
&amp#27;[38;5;132m[efa92a55]&amp#27;[0m&amp#27;[38;5;-154m[AndroidUiautomator2Driver@07d8]&amp#27;[0m Waiting up to 0 ms for condition
&amp#27;[38;5;132m[efa92a55]&amp#27;[0m&amp#27;[38;5;-154m[AndroidUiautomator2Driver@07d8]&amp#27;[0m Matched '/element' to command name 'findElement'
&amp#27;[38;5;132m[efa92a55]&amp#27;[0m&amp#27;[38;5;-154m[AndroidUiautomator2Driver@07d8]&amp#27;[0m Proxying [POST /element] to [POST http://127.0.0.1:8201/session/3259dfd7-0cb9-4195-b02a-a9de0cc84ebf/element] with body: {"strategy":"id","selector":"com.androidsample.generalstore:id/nameField","context":"","multiple":false}
&amp#27;[38;5;132m[efa92a55]&amp#27;[0m&amp#27;[38;5;-154m[AndroidUiautomator2Driver@07d8]&amp#27;[0m Got response with status 404: {"sessionId":"3259dfd7-0cb9-4195-b02a-a9de0cc84ebf","value":{"error":"no such element","message":"An element could not be located on the page using the given search parameters","stacktrace":"io.appium.uiautomator2.common.exceptions.ElementNotFoundException: An element could not be located on the page using the given search parameters\n\tat io.appium.uiautomator2.handler.FindElement.safeHandle(FindElement.java:63)\n\tat io.appium.uiautomator2.handler.request.SafeRequestHandler.handle(SafeRequestHandler.java:59)\n\tat io.appium.uiautomator2.server.AppiumServlet.handleRequest(AppiumServlet.java:259)\n\tat io.appium.uiautomator2.server.AppiumServlet.handleHttpRequest(AppiumServlet.java:253)\n\tat io.appium.uiautomator2.http.ServerHandler.channelRead(ServerHandler.java:77)\n\tat io.netty.channel.AbstractChannelHandlerContext.invokeChannelRead(AbstractChannelHandlerContext.java:366)\n\tat io.netty.channel.AbstractChannelHandlerContext.invokeChannelRead(AbstractChannelHandlerContext.java:352)\n\tat io.netty.chann...
&amp#27;[38;5;132m[efa92a55]&amp#27;[0m&amp#27;[38;5;123m[W3C]&amp#27;[0m Matched W3C error code 'no such element' to NoSuchElementError
&amp#27;[38;5;132m[efa92a55]&amp#27;[0m&amp#27;[38;5;-154m[AndroidUiautomator2Driver@07d8]&amp#27;[0m Encountered internal error running command: NoSuchElementError: An element could not be located on the page using the given search parameters.
    at AndroidUiautomator2Driver.findElOrEls (C:\Users\User1\.appium\node_modules\appium-uiautomator2-driver\node_modules\appium-android-driver\lib\commands\find.ts:86:11)
    at processTicksAndRejections (node:internal/process/task_queues:95:5)
    at AndroidUiautomator2Driver.findElOrElsWithProcessing (C:\Users\User1\AppData\Roaming\npm\node_modules\appium\node_modules\@appium\base-driver\lib\basedriver\commands\find.ts:60:12)
    at AndroidUiautomator2Driver.findElement (C:\Users\User1\AppData\Roaming\npm\node_modules\appium\node_modules\@appium\base-driver\lib\basedriver\commands\find.ts:75:12)
&amp#27;[38;5;132m[efa92a55]&amp#27;[0m&amp#27;[38;5;86m[HTTP]&amp#27;[0m &amp#27;[37m<-- POST /session/efa92a55-dfa6-414f-9b2c-7304d3a6b03e/element &amp#27;[39m&amp#27;[33m404&amp#27;[39m &amp#27;[90m612 ms - 890&amp#27;[39m &amp#27;[90m&amp#27;[39m
&amp#27;[38;5;132m[efa92a55]&amp#27;[0m&amp#27;[38;5;86m[HTTP]&amp#27;[0m &amp#27;[37m-->&amp#27;[39m &amp#27;[37mGET&amp#27;[39m &amp#27;[37m/session/efa92a55-dfa6-414f-9b2c-7304d3a6b03e/context&amp#27;[39m &amp#27;[90m{}&amp#27;[39m
&amp#27;[38;5;132m[efa92a55]&amp#27;[0m&amp#27;[38;5;-154m[AndroidUiautomator2Driver@07d8]&amp#27;[0m Calling AppiumDriver.getCurrentContext() with args: ["efa92a55-dfa6-414f-9b2c-7304d3a6b03e"]
&amp#27;[38;5;132m[efa92a55]&amp#27;[0m&amp#27;[38;5;-154m[AndroidUiautomator2Driver@07d8]&amp#27;[0m Responding to client with driver.getCurrentContext() result: "NATIVE_APP"
&amp#27;[38;5;132m[efa92a55]&amp#27;[0m&amp#27;[38;5;86m[HTTP]&amp#27;[0m &amp#27;[37m<-- GET /session/efa92a55-dfa6-414f-9b2c-7304d3a6b03e/context &amp#27;[39m&amp#27;[32m200&amp#27;[39m &amp#27;[90m3 ms - 22&amp#27;[39m &amp#27;[90m&amp#27;[39m
&amp#27;[38;5;132m[efa92a55]&amp#27;[0m&amp#27;[38;5;86m[HTTP]&amp#27;[0m &amp#27;[37m-->&amp#27;[39m &amp#27;[37mPOST&amp#27;[39m &amp#27;[37m/session/efa92a55-dfa6-414f-9b2c-7304d3a6b03e/element&amp#27;[39m &amp#27;[90m{"using":"id","value":"com.androidsample.generalstore:id/nameField"}&amp#27;[39m
&amp#27;[38;5;132m[efa92a55]&amp#27;[0m&amp#27;[38;5;-154m[AndroidUiautomator2Driver@07d8]&amp#27;[0m Calling AppiumDriver.findElement() with args: ["id","com.androidsample.generalstore:id/nameField","efa92a55-dfa6-414f-9b2c-7304d3a6b03e"]
&amp#27;[38;5;132m[efa92a55]&amp#27;[0m&amp#27;[38;5;-154m[AndroidUiautomator2Driver@07d8]&amp#27;[0m Valid locator strategies for this request: xpath, id, class name, accessibility id, css selector, -android uiautomator
&amp#27;[38;5;132m[efa92a55]&amp#27;[0m&amp#27;[38;5;-154m[AndroidUiautomator2Driver@07d8]&amp#27;[0m Waiting up to 0 ms for condition
&amp#27;[38;5;132m[efa92a55]&amp#27;[0m&amp#27;[38;5;-154m[AndroidUiautomator2Driver@07d8]&amp#27;[0m Matched '/element' to command name 'findElement'
&amp#27;[38;5;132m[efa92a55]&amp#27;[0m&amp#27;[38;5;-154m[AndroidUiautomator2Driver@07d8]&amp#27;[0m Proxying [POST /element] to [POST http://127.0.0.1:8201/session/3259dfd7-0cb9-4195-b02a-a9de0cc84ebf/element] with body: {"strategy":"id","selector":"com.androidsample.generalstore:id/nameField","context":"","multiple":false}
&amp#27;[38;5;132m[efa92a55]&amp#27;[0m&amp#27;[38;5;-154m[AndroidUiautomator2Driver@07d8]&amp#27;[0m Got response with status 200: {"sessionId":"3259dfd7-0cb9-4195-b02a-a9de0cc84ebf","value":{"ELEMENT":"00000000-0000-068b-ffff-ffff0000001c","element-6066-11e4-a52e-4f735466cecf":"00000000-0000-068b-ffff-ffff0000001c"}}
&amp#27;[38;5;132m[efa92a55]&amp#27;[0m&amp#27;[38;5;-154m[AndroidUiautomator2Driver@07d8]&amp#27;[0m Responding to client with driver.findElement() result: {"element-6066-11e4-a52e-4f735466cecf":"00000000-0000-068b-ffff-ffff0000001c","ELEMENT":"00000000-0000-068b-ffff-ffff0000001c"}
&amp#27;[38;5;132m[efa92a55]&amp#27;[0m&amp#27;[38;5;86m[HTTP]&amp#27;[0m &amp#27;[37m<-- POST /session/efa92a55-dfa6-414f-9b2c-7304d3a6b03e/element &amp#27;[39m&amp#27;[32m200&amp#27;[39m &amp#27;[90m838 ms - 137&amp#27;[39m &amp#27;[90m&amp#27;[39m
&amp#27;[38;5;132m[efa92a55]&amp#27;[0m&amp#27;[38;5;86m[HTTP]&amp#27;[0m &amp#27;[37m-->&amp#27;[39m &amp#27;[37mGET&amp#27;[39m &amp#27;[37m/session/efa92a55-dfa6-414f-9b2c-7304d3a6b03e/element/00000000-0000-068b-ffff-ffff0000001c/displayed&amp#27;[39m &amp#27;[90m{}&amp#27;[39m
&amp#27;[38;5;132m[efa92a55]&amp#27;[0m&amp#27;[38;5;-154m[AndroidUiautomator2Driver@07d8]&amp#27;[0m Calling AppiumDriver.elementDisplayed() with args: ["00000000-0000-068b-ffff-ffff0000001c","efa92a55-dfa6-414f-9b2c-7304d3a6b03e"]
&amp#27;[38;5;132m[efa92a55]&amp#27;[0m&amp#27;[38;5;-154m[AndroidUiautomator2Driver@07d8]&amp#27;[0m Matched '/element/00000000-0000-068b-ffff-ffff0000001c/attribute/displayed' to command name 'getAttribute'
&amp#27;[38;5;132m[efa92a55]&amp#27;[0m&amp#27;[38;5;-154m[AndroidUiautomator2Driver@07d8]&amp#27;[0m Proxying [GET /element/00000000-0000-068b-ffff-ffff0000001c/attribute/displayed] to [GET http://127.0.0.1:8201/session/3259dfd7-0cb9-4195-b02a-a9de0cc84ebf/element/00000000-0000-068b-ffff-ffff0000001c/attribute/displayed] with no body
&amp#27;[38;5;132m[efa92a55]&amp#27;[0m&amp#27;[38;5;-154m[AndroidUiautomator2Driver@07d8]&amp#27;[0m Got response with status 200: {"sessionId":"3259dfd7-0cb9-4195-b02a-a9de0cc84ebf","value":"true"}
&amp#27;[38;5;132m[efa92a55]&amp#27;[0m&amp#27;[38;5;-154m[AndroidUiautomator2Driver@07d8]&amp#27;[0m Responding to client with driver.elementDisplayed() result: true
&amp#27;[38;5;132m[efa92a55]&amp#27;[0m&amp#27;[38;5;86m[HTTP]&amp#27;[0m &amp#27;[37m<-- GET /session/efa92a55-dfa6-414f-9b2c-7304d3a6b03e/element/00000000-0000-068b-ffff-ffff0000001c/displayed &amp#27;[39m&amp#27;[32m200&amp#27;[39m &amp#27;[90m28 ms - 14&amp#27;[39m &amp#27;[90m&amp#27;[39m
&amp#27;[38;5;132m[efa92a55]&amp#27;[0m&amp#27;[38;5;86m[HTTP]&amp#27;[0m &amp#27;[37m-->&amp#27;[39m &amp#27;[37mGET&amp#27;[39m &amp#27;[37m/session/efa92a55-dfa6-414f-9b2c-7304d3a6b03e/context&amp#27;[39m &amp#27;[90m{}&amp#27;[39m
&amp#27;[38;5;132m[efa92a55]&amp#27;[0m&amp#27;[38;5;-154m[AndroidUiautomator2Driver@07d8]&amp#27;[0m Calling AppiumDriver.getCurrentContext() with args: ["efa92a55-dfa6-414f-9b2c-7304d3a6b03e"]
&amp#27;[38;5;132m[efa92a55]&amp#27;[0m&amp#27;[38;5;-154m[AndroidUiautomator2Driver@07d8]&amp#27;[0m Responding to client with driver.getCurrentContext() result: "NATIVE_APP"
&amp#27;[38;5;132m[efa92a55]&amp#27;[0m&amp#27;[38;5;86m[HTTP]&amp#27;[0m &amp#27;[37m<-- GET /session/efa92a55-dfa6-414f-9b2c-7304d3a6b03e/context &amp#27;[39m&amp#27;[32m200&amp#27;[39m &amp#27;[90m2 ms - 22&amp#27;[39m &amp#27;[90m&amp#27;[39m
&amp#27;[38;5;132m[efa92a55]&amp#27;[0m&amp#27;[38;5;86m[HTTP]&amp#27;[0m &amp#27;[37m-->&amp#27;[39m &amp#27;[37mPOST&amp#27;[39m &amp#27;[37m/session/efa92a55-dfa6-414f-9b2c-7304d3a6b03e/element&amp#27;[39m &amp#27;[90m{"using":"id","value":"com.androidsample.generalstore:id/nameField"}&amp#27;[39m
&amp#27;[38;5;132m[efa92a55]&amp#27;[0m&amp#27;[38;5;-154m[AndroidUiautomator2Driver@07d8]&amp#27;[0m Calling AppiumDriver.findElement() with args: ["id","com.androidsample.generalstore:id/nameField","efa92a55-dfa6-414f-9b2c-7304d3a6b03e"]
&amp#27;[38;5;132m[efa92a55]&amp#27;[0m&amp#27;[38;5;-154m[AndroidUiautomator2Driver@07d8]&amp#27;[0m Valid locator strategies for this request: xpath, id, class name, accessibility id, css selector, -android uiautomator
&amp#27;[38;5;132m[efa92a55]&amp#27;[0m&amp#27;[38;5;-154m[AndroidUiautomator2Driver@07d8]&amp#27;[0m Waiting up to 0 ms for condition
&amp#27;[38;5;132m[efa92a55]&amp#27;[0m&amp#27;[38;5;-154m[AndroidUiautomator2Driver@07d8]&amp#27;[0m Matched '/element' to command name 'findElement'
&amp#27;[38;5;132m[efa92a55]&amp#27;[0m&amp#27;[38;5;-154m[AndroidUiautomator2Driver@07d8]&amp#27;[0m Proxying [POST /element] to [POST http://127.0.0.1:8201/session/3259dfd7-0cb9-4195-b02a-a9de0cc84ebf/element] with body: {"strategy":"id","selector":"com.androidsample.generalstore:id/nameField","context":"","multiple":false}
&amp#27;[38;5;132m[efa92a55]&amp#27;[0m&amp#27;[38;5;-154m[AndroidUiautomator2Driver@07d8]&amp#27;[0m Got response with status 200: {"sessionId":"3259dfd7-0cb9-4195-b02a-a9de0cc84ebf","value":{"ELEMENT":"00000000-0000-068b-ffff-ffff0000001c","element-6066-11e4-a52e-4f735466cecf":"00000000-0000-068b-ffff-ffff0000001c"}}
&amp#27;[38;5;132m[efa92a55]&amp#27;[0m&amp#27;[38;5;-154m[AndroidUiautomator2Driver@07d8]&amp#27;[0m Responding to client with driver.findElement() result: {"element-6066-11e4-a52e-4f735466cecf":"00000000-0000-068b-ffff-ffff0000001c","ELEMENT":"00000000-0000-068b-ffff-ffff0000001c"}
&amp#27;[38;5;132m[efa92a55]&amp#27;[0m&amp#27;[38;5;86m[HTTP]&amp#27;[0m &amp#27;[37m<-- POST /session/efa92a55-dfa6-414f-9b2c-7304d3a6b03e/element &amp#27;[39m&amp#27;[32m200&amp#27;[39m &amp#27;[90m38 ms - 137&amp#27;[39m &amp#27;[90m&amp#27;[39m
&amp#27;[38;5;132m[efa92a55]&amp#27;[0m&amp#27;[38;5;86m[HTTP]&amp#27;[0m &amp#27;[37m-->&amp#27;[39m &amp#27;[37mPOST&amp#27;[39m &amp#27;[37m/session/efa92a55-dfa6-414f-9b2c-7304d3a6b03e/element/00000000-0000-068b-ffff-ffff0000001c/value&amp#27;[39m &amp#27;[90m{"value":["R","a","j"],"text":"Raj","id":"00000000-0000-068b-ffff-ffff0000001c"}&amp#27;[39m
&amp#27;[38;5;132m[efa92a55]&amp#27;[0m&amp#27;[38;5;-154m[AndroidUiautomator2Driver@07d8]&amp#27;[0m Calling AppiumDriver.setValue() with args: [["R","a","j"],"00000000-0000-068b-ffff-ffff0000001c","efa92a55-dfa6-414f-9b2c-7304d3a6b03e"]
&amp#27;[38;5;132m[efa92a55]&amp#27;[0m&amp#27;[38;5;-154m[AndroidUiautomator2Driver@07d8]&amp#27;[0m Matched '/element/00000000-0000-068b-ffff-ffff0000001c/value' to command name 'setValue'
&amp#27;[38;5;132m[efa92a55]&amp#27;[0m&amp#27;[38;5;-154m[AndroidUiautomator2Driver@07d8]&amp#27;[0m Added 'value' property ["R","a","j"] to 'setValue' request body
&amp#27;[38;5;132m[efa92a55]&amp#27;[0m&amp#27;[38;5;-154m[AndroidUiautomator2Driver@07d8]&amp#27;[0m Proxying [POST /element/00000000-0000-068b-ffff-ffff0000001c/value] to [POST http://127.0.0.1:8201/session/3259dfd7-0cb9-4195-b02a-a9de0cc84ebf/element/00000000-0000-068b-ffff-ffff0000001c/value] with body: {"elementId":"00000000-0000-068b-ffff-ffff0000001c","text":"Raj","replace":false,"value":["R","a","j"]}
&amp#27;[38;5;132m[efa92a55]&amp#27;[0m&amp#27;[38;5;-154m[AndroidUiautomator2Driver@07d8]&amp#27;[0m Got response with status 200: {"sessionId":"3259dfd7-0cb9-4195-b02a-a9de0cc84ebf","value":null}
&amp#27;[38;5;132m[efa92a55]&amp#27;[0m&amp#27;[38;5;-154m[AndroidUiautomator2Driver@07d8]&amp#27;[0m Responding to client with driver.setValue() result: null
&amp#27;[38;5;132m[efa92a55]&amp#27;[0m&amp#27;[38;5;86m[HTTP]&amp#27;[0m &amp#27;[37m<-- POST /session/efa92a55-dfa6-414f-9b2c-7304d3a6b03e/element/00000000-0000-068b-ffff-ffff0000001c/value &amp#27;[39m&amp#27;[32m200&amp#27;[39m &amp#27;[90m582 ms - 14&amp#27;[39m &amp#27;[90m&amp#27;[39m
&amp#27;[38;5;132m[efa92a55]&amp#27;[0m&amp#27;[38;5;86m[HTTP]&amp#27;[0m &amp#27;[37m-->&amp#27;[39m &amp#27;[37mPOST&amp#27;[39m &amp#27;[37m/session/efa92a55-dfa6-414f-9b2c-7304d3a6b03e/execute/sync&amp#27;[39m &amp#27;[90m{"script":"mobile: hideKeyboard","args":[]}&amp#27;[39m
&amp#27;[38;5;132m[efa92a55]&amp#27;[0m&amp#27;[38;5;-154m[AndroidUiautomator2Driver@07d8]&amp#27;[0m Calling AppiumDriver.execute() with args: ["mobile: hideKeyboard",[],"efa92a55-dfa6-414f-9b2c-7304d3a6b03e"]
&amp#27;[38;5;132m[efa92a55]&amp#27;[0m&amp#27;[38;5;-154m[AndroidUiautomator2Driver@07d8]&amp#27;[0m Executing native command 'mobile: hideKeyboard'
&amp#27;[38;5;132m[efa92a55]&amp#27;[0m&amp#27;[38;5;229m[ADB]&amp#27;[0m Running 'C:\Users\User1\AppData\Local\Android\Sdk\platform-tools\adb.exe -P 5037 -s emulator-5554 shell dumpsys input_method'
&amp#27;[38;5;132m[efa92a55]&amp#27;[0m&amp#27;[38;5;229m[ADB]&amp#27;[0m Keyboard has no UI; no closing necessary
&amp#27;[38;5;132m[efa92a55]&amp#27;[0m&amp#27;[38;5;-154m[AndroidUiautomator2Driver@07d8]&amp#27;[0m Responding to client with driver.execute() result: false
&amp#27;[38;5;132m[efa92a55]&amp#27;[0m&amp#27;[38;5;86m[HTTP]&amp#27;[0m &amp#27;[37m<-- POST /session/efa92a55-dfa6-414f-9b2c-7304d3a6b03e/execute/sync &amp#27;[39m&amp#27;[32m200&amp#27;[39m &amp#27;[90m844 ms - 15&amp#27;[39m &amp#27;[90m&amp#27;[39m
&amp#27;[38;5;132m[efa92a55]&amp#27;[0m&amp#27;[38;5;86m[HTTP]&amp#27;[0m &amp#27;[37m-->&amp#27;[39m &amp#27;[37mGET&amp#27;[39m &amp#27;[37m/session/efa92a55-dfa6-414f-9b2c-7304d3a6b03e/context&amp#27;[39m &amp#27;[90m{}&amp#27;[39m
&amp#27;[38;5;132m[efa92a55]&amp#27;[0m&amp#27;[38;5;-154m[AndroidUiautomator2Driver@07d8]&amp#27;[0m Calling AppiumDriver.getCurrentContext() with args: ["efa92a55-dfa6-414f-9b2c-7304d3a6b03e"]
&amp#27;[38;5;132m[efa92a55]&amp#27;[0m&amp#27;[38;5;-154m[AndroidUiautomator2Driver@07d8]&amp#27;[0m Responding to client with driver.getCurrentContext() result: "NATIVE_APP"
&amp#27;[38;5;132m[efa92a55]&amp#27;[0m&amp#27;[38;5;86m[HTTP]&amp#27;[0m &amp#27;[37m<-- GET /session/efa92a55-dfa6-414f-9b2c-7304d3a6b03e/context &amp#27;[39m&amp#27;[32m200&amp#27;[39m &amp#27;[90m1 ms - 22&amp#27;[39m &amp#27;[90m&amp#27;[39m
&amp#27;[38;5;132m[efa92a55]&amp#27;[0m&amp#27;[38;5;86m[HTTP]&amp#27;[0m &amp#27;[37m-->&amp#27;[39m &amp#27;[37mPOST&amp#27;[39m &amp#27;[37m/session/efa92a55-dfa6-414f-9b2c-7304d3a6b03e/element&amp#27;[39m &amp#27;[90m{"using":"xpath","value":"//android.widget.RadioButton[@text='Male']"}&amp#27;[39m
&amp#27;[38;5;132m[efa92a55]&amp#27;[0m&amp#27;[38;5;-154m[AndroidUiautomator2Driver@07d8]&amp#27;[0m Calling AppiumDriver.findElement() with args: ["xpath","//android.widget.RadioButton[@text='Male']","efa92a55-dfa6-414f-9b2c-7304d3a6b03e"]
&amp#27;[38;5;132m[efa92a55]&amp#27;[0m&amp#27;[38;5;-154m[AndroidUiautomator2Driver@07d8]&amp#27;[0m Valid locator strategies for this request: xpath, id, class name, accessibility id, css selector, -android uiautomator
&amp#27;[38;5;132m[efa92a55]&amp#27;[0m&amp#27;[38;5;-154m[AndroidUiautomator2Driver@07d8]&amp#27;[0m Waiting up to 0 ms for condition
&amp#27;[38;5;132m[efa92a55]&amp#27;[0m&amp#27;[38;5;-154m[AndroidUiautomator2Driver@07d8]&amp#27;[0m Matched '/element' to command name 'findElement'
&amp#27;[38;5;132m[efa92a55]&amp#27;[0m&amp#27;[38;5;-154m[AndroidUiautomator2Driver@07d8]&amp#27;[0m Proxying [POST /element] to [POST http://127.0.0.1:8201/session/3259dfd7-0cb9-4195-b02a-a9de0cc84ebf/element] with body: {"strategy":"xpath","selector":"//android.widget.RadioButton[@text='Male']","context":"","multiple":false}
&amp#27;[38;5;132m[efa92a55]&amp#27;[0m&amp#27;[38;5;-154m[AndroidUiautomator2Driver@07d8]&amp#27;[0m Got response with status 200: {"sessionId":"3259dfd7-0cb9-4195-b02a-a9de0cc84ebf","value":{"ELEMENT":"00000000-0000-068b-ffff-ffff0000001f","element-6066-11e4-a52e-4f735466cecf":"00000000-0000-068b-ffff-ffff0000001f"}}
&amp#27;[38;5;132m[efa92a55]&amp#27;[0m&amp#27;[38;5;-154m[AndroidUiautomator2Driver@07d8]&amp#27;[0m Responding to client with driver.findElement() result: {"element-6066-11e4-a52e-4f735466cecf":"00000000-0000-068b-ffff-ffff0000001f","ELEMENT":"00000000-0000-068b-ffff-ffff0000001f"}
&amp#27;[38;5;132m[efa92a55]&amp#27;[0m&amp#27;[38;5;86m[HTTP]&amp#27;[0m &amp#27;[37m<-- POST /session/efa92a55-dfa6-414f-9b2c-7304d3a6b03e/element &amp#27;[39m&amp#27;[32m200&amp#27;[39m &amp#27;[90m1034 ms - 137&amp#27;[39m &amp#27;[90m&amp#27;[39m
&amp#27;[38;5;132m[efa92a55]&amp#27;[0m&amp#27;[38;5;86m[HTTP]&amp#27;[0m &amp#27;[37m-->&amp#27;[39m &amp#27;[37mPOST&amp#27;[39m &amp#27;[37m/session/efa92a55-dfa6-414f-9b2c-7304d3a6b03e/element/00000000-0000-068b-ffff-ffff0000001f/click&amp#27;[39m &amp#27;[90m{"id":"00000000-0000-068b-ffff-ffff0000001f"}&amp#27;[39m
&amp#27;[38;5;132m[efa92a55]&amp#27;[0m&amp#27;[38;5;-154m[AndroidUiautomator2Driver@07d8]&amp#27;[0m Calling AppiumDriver.click() with args: ["00000000-0000-068b-ffff-ffff0000001f","efa92a55-dfa6-414f-9b2c-7304d3a6b03e"]
&amp#27;[38;5;132m[efa92a55]&amp#27;[0m&amp#27;[38;5;-154m[AndroidUiautomator2Driver@07d8]&amp#27;[0m Matched '/element/00000000-0000-068b-ffff-ffff0000001f/click' to command name 'click'
&amp#27;[38;5;132m[efa92a55]&amp#27;[0m&amp#27;[38;5;-154m[AndroidUiautomator2Driver@07d8]&amp#27;[0m Proxying [POST /element/00000000-0000-068b-ffff-ffff0000001f/click] to [POST http://127.0.0.1:8201/session/3259dfd7-0cb9-4195-b02a-a9de0cc84ebf/element/00000000-0000-068b-ffff-ffff0000001f/click] with body: {"element":"00000000-0000-068b-ffff-ffff0000001f"}
&amp#27;[38;5;132m[efa92a55]&amp#27;[0m&amp#27;[38;5;-154m[AndroidUiautomator2Driver@07d8]&amp#27;[0m Got response with status 200: {"sessionId":"3259dfd7-0cb9-4195-b02a-a9de0cc84ebf","value":null}
&amp#27;[38;5;132m[efa92a55]&amp#27;[0m&amp#27;[38;5;-154m[AndroidUiautomator2Driver@07d8]&amp#27;[0m Responding to client with driver.click() result: null
&amp#27;[38;5;132m[efa92a55]&amp#27;[0m&amp#27;[38;5;86m[HTTP]&amp#27;[0m &amp#27;[37m<-- POST /session/efa92a55-dfa6-414f-9b2c-7304d3a6b03e/element/00000000-0000-068b-ffff-ffff0000001f/click &amp#27;[39m&amp#27;[32m200&amp#27;[39m &amp#27;[90m108 ms - 14&amp#27;[39m &amp#27;[90m&amp#27;[39m
&amp#27;[38;5;132m[efa92a55]&amp#27;[0m&amp#27;[38;5;86m[HTTP]&amp#27;[0m &amp#27;[37m-->&amp#27;[39m &amp#27;[37mGET&amp#27;[39m &amp#27;[37m/session/efa92a55-dfa6-414f-9b2c-7304d3a6b03e/context&amp#27;[39m &amp#27;[90m{}&amp#27;[39m
&amp#27;[38;5;132m[efa92a55]&amp#27;[0m&amp#27;[38;5;-154m[AndroidUiautomator2Driver@07d8]&amp#27;[0m Calling AppiumDriver.getCurrentContext() with args: ["efa92a55-dfa6-414f-9b2c-7304d3a6b03e"]
&amp#27;[38;5;132m[efa92a55]&amp#27;[0m&amp#27;[38;5;-154m[AndroidUiautomator2Driver@07d8]&amp#27;[0m Responding to client with driver.getCurrentContext() result: "NATIVE_APP"
&amp#27;[38;5;132m[efa92a55]&amp#27;[0m&amp#27;[38;5;86m[HTTP]&amp#27;[0m &amp#27;[37m<-- GET /session/efa92a55-dfa6-414f-9b2c-7304d3a6b03e/context &amp#27;[39m&amp#27;[32m200&amp#27;[39m &amp#27;[90m2 ms - 22&amp#27;[39m &amp#27;[90m&amp#27;[39m
&amp#27;[38;5;132m[efa92a55]&amp#27;[0m&amp#27;[38;5;86m[HTTP]&amp#27;[0m &amp#27;[37m-->&amp#27;[39m &amp#27;[37mPOST&amp#27;[39m &amp#27;[37m/session/efa92a55-dfa6-414f-9b2c-7304d3a6b03e/element&amp#27;[39m &amp#27;[90m{"using":"id","value":"android:id/text1"}&amp#27;[39m
&amp#27;[38;5;132m[efa92a55]&amp#27;[0m&amp#27;[38;5;-154m[AndroidUiautomator2Driver@07d8]&amp#27;[0m Calling AppiumDriver.findElement() with args: ["id","android:id/text1","efa92a55-dfa6-414f-9b2c-7304d3a6b03e"]
&amp#27;[38;5;132m[efa92a55]&amp#27;[0m&amp#27;[38;5;-154m[AndroidUiautomator2Driver@07d8]&amp#27;[0m Valid locator strategies for this request: xpath, id, class name, accessibility id, css selector, -android uiautomator
&amp#27;[38;5;132m[efa92a55]&amp#27;[0m&amp#27;[38;5;-154m[AndroidUiautomator2Driver@07d8]&amp#27;[0m Waiting up to 0 ms for condition
&amp#27;[38;5;132m[efa92a55]&amp#27;[0m&amp#27;[38;5;-154m[AndroidUiautomator2Driver@07d8]&amp#27;[0m Matched '/element' to command name 'findElement'
&amp#27;[38;5;132m[efa92a55]&amp#27;[0m&amp#27;[38;5;-154m[AndroidUiautomator2Driver@07d8]&amp#27;[0m Proxying [POST /element] to [POST http://127.0.0.1:8201/session/3259dfd7-0cb9-4195-b02a-a9de0cc84ebf/element] with body: {"strategy":"id","selector":"android:id/text1","context":"","multiple":false}
&amp#27;[38;5;132m[efa92a55]&amp#27;[0m&amp#27;[38;5;-154m[AndroidUiautomator2Driver@07d8]&amp#27;[0m Got response with status 200: {"sessionId":"3259dfd7-0cb9-4195-b02a-a9de0cc84ebf","value":{"ELEMENT":"00000000-0000-068b-ffff-ffff00000024","element-6066-11e4-a52e-4f735466cecf":"00000000-0000-068b-ffff-ffff00000024"}}
&amp#27;[38;5;132m[efa92a55]&amp#27;[0m&amp#27;[38;5;-154m[AndroidUiautomator2Driver@07d8]&amp#27;[0m Responding to client with driver.findElement() result: {"element-6066-11e4-a52e-4f735466cecf":"00000000-0000-068b-ffff-ffff00000024","ELEMENT":"00000000-0000-068b-ffff-ffff00000024"}
&amp#27;[38;5;132m[efa92a55]&amp#27;[0m&amp#27;[38;5;86m[HTTP]&amp#27;[0m &amp#27;[37m<-- POST /session/efa92a55-dfa6-414f-9b2c-7304d3a6b03e/element &amp#27;[39m&amp#27;[32m200&amp#27;[39m &amp#27;[90m119 ms - 137&amp#27;[39m &amp#27;[90m&amp#27;[39m
&amp#27;[38;5;132m[efa92a55]&amp#27;[0m&amp#27;[38;5;86m[HTTP]&amp#27;[0m &amp#27;[37m-->&amp#27;[39m &amp#27;[37mPOST&amp#27;[39m &amp#27;[37m/session/efa92a55-dfa6-414f-9b2c-7304d3a6b03e/element/00000000-0000-068b-ffff-ffff00000024/click&amp#27;[39m &amp#27;[90m{"id":"00000000-0000-068b-ffff-ffff00000024"}&amp#27;[39m
&amp#27;[38;5;132m[efa92a55]&amp#27;[0m&amp#27;[38;5;-154m[AndroidUiautomator2Driver@07d8]&amp#27;[0m Calling AppiumDriver.click() with args: ["00000000-0000-068b-ffff-ffff00000024","efa92a55-dfa6-414f-9b2c-7304d3a6b03e"]
&amp#27;[38;5;132m[efa92a55]&amp#27;[0m&amp#27;[38;5;-154m[AndroidUiautomator2Driver@07d8]&amp#27;[0m Matched '/element/00000000-0000-068b-ffff-ffff00000024/click' to command name 'click'
&amp#27;[38;5;132m[efa92a55]&amp#27;[0m&amp#27;[38;5;-154m[AndroidUiautomator2Driver@07d8]&amp#27;[0m Proxying [POST /element/00000000-0000-068b-ffff-ffff00000024/click] to [POST http://127.0.0.1:8201/session/3259dfd7-0cb9-4195-b02a-a9de0cc84ebf/element/00000000-0000-068b-ffff-ffff00000024/click] with body: {"element":"00000000-0000-068b-ffff-ffff00000024"}
&amp#27;[38;5;132m[efa92a55]&amp#27;[0m&amp#27;[38;5;-154m[AndroidUiautomator2Driver@07d8]&amp#27;[0m Got response with status 200: {"sessionId":"3259dfd7-0cb9-4195-b02a-a9de0cc84ebf","value":null}
&amp#27;[38;5;132m[efa92a55]&amp#27;[0m&amp#27;[38;5;-154m[AndroidUiautomator2Driver@07d8]&amp#27;[0m Responding to client with driver.click() result: null
&amp#27;[38;5;132m[efa92a55]&amp#27;[0m&amp#27;[38;5;86m[HTTP]&amp#27;[0m &amp#27;[37m<-- POST /session/efa92a55-dfa6-414f-9b2c-7304d3a6b03e/element/00000000-0000-068b-ffff-ffff00000024/click &amp#27;[39m&amp#27;[32m200&amp#27;[39m &amp#27;[90m428 ms - 14&amp#27;[39m &amp#27;[90m&amp#27;[39m
&amp#27;[38;5;132m[efa92a55]&amp#27;[0m&amp#27;[38;5;86m[HTTP]&amp#27;[0m &amp#27;[37m-->&amp#27;[39m &amp#27;[37mPOST&amp#27;[39m &amp#27;[37m/session/efa92a55-dfa6-414f-9b2c-7304d3a6b03e/element&amp#27;[39m &amp#27;[90m{"using":"-android uiautomator","value":"new UiScrollable(new UiSelector()).scrollIntoView(text(\"Austria\"));"}&amp#27;[39m
&amp#27;[38;5;132m[efa92a55]&amp#27;[0m&amp#27;[38;5;-154m[AndroidUiautomator2Driver@07d8]&amp#27;[0m Calling AppiumDriver.findElement() with args: ["-android uiautomator","new UiScrollable(new UiSelector()).scrollIntoView(text(\"Austria\"));","efa92a55-dfa6-414f-9b2c-7304d3a6b03e"]
&amp#27;[38;5;132m[efa92a55]&amp#27;[0m&amp#27;[38;5;-154m[AndroidUiautomator2Driver@07d8]&amp#27;[0m Valid locator strategies for this request: xpath, id, class name, accessibility id, css selector, -android uiautomator
&amp#27;[38;5;132m[efa92a55]&amp#27;[0m&amp#27;[38;5;-154m[AndroidUiautomator2Driver@07d8]&amp#27;[0m Waiting up to 0 ms for condition
&amp#27;[38;5;132m[efa92a55]&amp#27;[0m&amp#27;[38;5;-154m[AndroidUiautomator2Driver@07d8]&amp#27;[0m Matched '/element' to command name 'findElement'
&amp#27;[38;5;132m[efa92a55]&amp#27;[0m&amp#27;[38;5;-154m[AndroidUiautomator2Driver@07d8]&amp#27;[0m Proxying [POST /element] to [POST http://127.0.0.1:8201/session/3259dfd7-0cb9-4195-b02a-a9de0cc84ebf/element] with body: {"strategy":"-android uiautomator","selector":"new UiScrollable(new UiSelector()).scrollIntoView(text(\"Austria\"));","context":"","multiple":false}
&amp#27;[38;5;132m[efa92a55]&amp#27;[0m&amp#27;[38;5;-154m[AndroidUiautomator2Driver@07d8]&amp#27;[0m Got response with status 200: {"sessionId":"3259dfd7-0cb9-4195-b02a-a9de0cc84ebf","value":{"ELEMENT":"00000000-0000-068c-ffff-ffff0000002c","element-6066-11e4-a52e-4f735466cecf":"00000000-0000-068c-ffff-ffff0000002c"}}
&amp#27;[38;5;132m[efa92a55]&amp#27;[0m&amp#27;[38;5;-154m[AndroidUiautomator2Driver@07d8]&amp#27;[0m Responding to client with driver.findElement() result: {"element-6066-11e4-a52e-4f735466cecf":"00000000-0000-068c-ffff-ffff0000002c","ELEMENT":"00000000-0000-068c-ffff-ffff0000002c"}
&amp#27;[38;5;132m[efa92a55]&amp#27;[0m&amp#27;[38;5;86m[HTTP]&amp#27;[0m &amp#27;[37m<-- POST /session/efa92a55-dfa6-414f-9b2c-7304d3a6b03e/element &amp#27;[39m&amp#27;[32m200&amp#27;[39m &amp#27;[90m4932 ms - 137&amp#27;[39m &amp#27;[90m&amp#27;[39m
&amp#27;[38;5;132m[efa92a55]&amp#27;[0m&amp#27;[38;5;86m[HTTP]&amp#27;[0m &amp#27;[37m-->&amp#27;[39m &amp#27;[37mPOST&amp#27;[39m &amp#27;[37m/session/efa92a55-dfa6-414f-9b2c-7304d3a6b03e/element&amp#27;[39m &amp#27;[90m{"using":"xpath","value":"//android.widget.TextView[@text='Austria']"}&amp#27;[39m
&amp#27;[38;5;132m[efa92a55]&amp#27;[0m&amp#27;[38;5;-154m[AndroidUiautomator2Driver@07d8]&amp#27;[0m Calling AppiumDriver.findElement() with args: ["xpath","//android.widget.TextView[@text='Austria']","efa92a55-dfa6-414f-9b2c-7304d3a6b03e"]
&amp#27;[38;5;132m[efa92a55]&amp#27;[0m&amp#27;[38;5;-154m[AndroidUiautomator2Driver@07d8]&amp#27;[0m Valid locator strategies for this request: xpath, id, class name, accessibility id, css selector, -android uiautomator
&amp#27;[38;5;132m[efa92a55]&amp#27;[0m&amp#27;[38;5;-154m[AndroidUiautomator2Driver@07d8]&amp#27;[0m Waiting up to 0 ms for condition
&amp#27;[38;5;132m[efa92a55]&amp#27;[0m&amp#27;[38;5;-154m[AndroidUiautomator2Driver@07d8]&amp#27;[0m Matched '/element' to command name 'findElement'
&amp#27;[38;5;132m[efa92a55]&amp#27;[0m&amp#27;[38;5;-154m[AndroidUiautomator2Driver@07d8]&amp#27;[0m Proxying [POST /element] to [POST http://127.0.0.1:8201/session/3259dfd7-0cb9-4195-b02a-a9de0cc84ebf/element] with body: {"strategy":"xpath","selector":"//android.widget.TextView[@text='Austria']","context":"","multiple":false}
&amp#27;[38;5;132m[efa92a55]&amp#27;[0m&amp#27;[38;5;-154m[AndroidUiautomator2Driver@07d8]&amp#27;[0m Got response with status 200: {"sessionId":"3259dfd7-0cb9-4195-b02a-a9de0cc84ebf","value":{"ELEMENT":"00000000-0000-068c-ffff-ffff0000002c","element-6066-11e4-a52e-4f735466cecf":"00000000-0000-068c-ffff-ffff0000002c"}}
&amp#27;[38;5;132m[efa92a55]&amp#27;[0m&amp#27;[38;5;-154m[AndroidUiautomator2Driver@07d8]&amp#27;[0m Responding to client with driver.findElement() result: {"element-6066-11e4-a52e-4f735466cecf":"00000000-0000-068c-ffff-ffff0000002c","ELEMENT":"00000000-0000-068c-ffff-ffff0000002c"}
&amp#27;[38;5;132m[efa92a55]&amp#27;[0m&amp#27;[38;5;86m[HTTP]&amp#27;[0m &amp#27;[37m<-- POST /session/efa92a55-dfa6-414f-9b2c-7304d3a6b03e/element &amp#27;[39m&amp#27;[32m200&amp#27;[39m &amp#27;[90m99 ms - 137&amp#27;[39m &amp#27;[90m&amp#27;[39m
&amp#27;[38;5;132m[efa92a55]&amp#27;[0m&amp#27;[38;5;86m[HTTP]&amp#27;[0m &amp#27;[37m-->&amp#27;[39m &amp#27;[37mPOST&amp#27;[39m &amp#27;[37m/session/efa92a55-dfa6-414f-9b2c-7304d3a6b03e/element/00000000-0000-068c-ffff-ffff0000002c/click&amp#27;[39m &amp#27;[90m{"id":"00000000-0000-068c-ffff-ffff0000002c"}&amp#27;[39m
&amp#27;[38;5;132m[efa92a55]&amp#27;[0m&amp#27;[38;5;-154m[AndroidUiautomator2Driver@07d8]&amp#27;[0m Calling AppiumDriver.click() with args: ["00000000-0000-068c-ffff-ffff0000002c","efa92a55-dfa6-414f-9b2c-7304d3a6b03e"]
&amp#27;[38;5;132m[efa92a55]&amp#27;[0m&amp#27;[38;5;-154m[AndroidUiautomator2Driver@07d8]&amp#27;[0m Matched '/element/00000000-0000-068c-ffff-ffff0000002c/click' to command name 'click'
&amp#27;[38;5;132m[efa92a55]&amp#27;[0m&amp#27;[38;5;-154m[AndroidUiautomator2Driver@07d8]&amp#27;[0m Proxying [POST /element/00000000-0000-068c-ffff-ffff0000002c/click] to [POST http://127.0.0.1:8201/session/3259dfd7-0cb9-4195-b02a-a9de0cc84ebf/element/00000000-0000-068c-ffff-ffff0000002c/click] with body: {"element":"00000000-0000-068c-ffff-ffff0000002c"}
&amp#27;[38;5;132m[efa92a55]&amp#27;[0m&amp#27;[38;5;-154m[AndroidUiautomator2Driver@07d8]&amp#27;[0m Got response with status 200: {"sessionId":"3259dfd7-0cb9-4195-b02a-a9de0cc84ebf","value":null}
&amp#27;[38;5;132m[efa92a55]&amp#27;[0m&amp#27;[38;5;-154m[AndroidUiautomator2Driver@07d8]&amp#27;[0m Responding to client with driver.click() result: null
&amp#27;[38;5;132m[efa92a55]&amp#27;[0m&amp#27;[38;5;86m[HTTP]&amp#27;[0m &amp#27;[37m<-- POST /session/efa92a55-dfa6-414f-9b2c-7304d3a6b03e/element/00000000-0000-068c-ffff-ffff0000002c/click &amp#27;[39m&amp#27;[32m200&amp#27;[39m &amp#27;[90m744 ms - 14&amp#27;[39m &amp#27;[90m&amp#27;[39m
&amp#27;[38;5;132m[efa92a55]&amp#27;[0m&amp#27;[38;5;86m[HTTP]&amp#27;[0m &amp#27;[37m-->&amp#27;[39m &amp#27;[37mGET&amp#27;[39m &amp#27;[37m/session/efa92a55-dfa6-414f-9b2c-7304d3a6b03e/context&amp#27;[39m &amp#27;[90m{}&amp#27;[39m
&amp#27;[38;5;132m[efa92a55]&amp#27;[0m&amp#27;[38;5;-154m[AndroidUiautomator2Driver@07d8]&amp#27;[0m Calling AppiumDriver.getCurrentContext() with args: ["efa92a55-dfa6-414f-9b2c-7304d3a6b03e"]
&amp#27;[38;5;132m[efa92a55]&amp#27;[0m&amp#27;[38;5;-154m[AndroidUiautomator2Driver@07d8]&amp#27;[0m Responding to client with driver.getCurrentContext() result: "NATIVE_APP"
&amp#27;[38;5;132m[efa92a55]&amp#27;[0m&amp#27;[38;5;86m[HTTP]&amp#27;[0m &amp#27;[37m<-- GET /session/efa92a55-dfa6-414f-9b2c-7304d3a6b03e/context &amp#27;[39m&amp#27;[32m200&amp#27;[39m &amp#27;[90m1 ms - 22&amp#27;[39m &amp#27;[90m&amp#27;[39m
&amp#27;[38;5;132m[efa92a55]&amp#27;[0m&amp#27;[38;5;86m[HTTP]&amp#27;[0m &amp#27;[37m-->&amp#27;[39m &amp#27;[37mPOST&amp#27;[39m &amp#27;[37m/session/efa92a55-dfa6-414f-9b2c-7304d3a6b03e/element&amp#27;[39m &amp#27;[90m{"using":"id","value":"com.androidsample.generalstore:id/btnLetsShop"}&amp#27;[39m
&amp#27;[38;5;132m[efa92a55]&amp#27;[0m&amp#27;[38;5;-154m[AndroidUiautomator2Driver@07d8]&amp#27;[0m Calling AppiumDriver.findElement() with args: ["id","com.androidsample.generalstore:id/btnLetsShop","efa92a55-dfa6-414f-9b2c-7304d3a6b03e"]
&amp#27;[38;5;132m[efa92a55]&amp#27;[0m&amp#27;[38;5;-154m[AndroidUiautomator2Driver@07d8]&amp#27;[0m Valid locator strategies for this request: xpath, id, class name, accessibility id, css selector, -android uiautomator
&amp#27;[38;5;132m[efa92a55]&amp#27;[0m&amp#27;[38;5;-154m[AndroidUiautomator2Driver@07d8]&amp#27;[0m Waiting up to 0 ms for condition
&amp#27;[38;5;132m[efa92a55]&amp#27;[0m&amp#27;[38;5;-154m[AndroidUiautomator2Driver@07d8]&amp#27;[0m Matched '/element' to command name 'findElement'
&amp#27;[38;5;132m[efa92a55]&amp#27;[0m&amp#27;[38;5;-154m[AndroidUiautomator2Driver@07d8]&amp#27;[0m Proxying [POST /element] to [POST http://127.0.0.1:8201/session/3259dfd7-0cb9-4195-b02a-a9de0cc84ebf/element] with body: {"strategy":"id","selector":"com.androidsample.generalstore:id/btnLetsShop","context":"","multiple":false}
&amp#27;[38;5;132m[efa92a55]&amp#27;[0m&amp#27;[38;5;-154m[AndroidUiautomator2Driver@07d8]&amp#27;[0m Got response with status 200: {"sessionId":"3259dfd7-0cb9-4195-b02a-a9de0cc84ebf","value":{"ELEMENT":"00000000-0000-068b-ffff-ffff00000021","element-6066-11e4-a52e-4f735466cecf":"00000000-0000-068b-ffff-ffff00000021"}}
&amp#27;[38;5;132m[efa92a55]&amp#27;[0m&amp#27;[38;5;-154m[AndroidUiautomator2Driver@07d8]&amp#27;[0m Responding to client with driver.findElement() result: {"element-6066-11e4-a52e-4f735466cecf":"00000000-0000-068b-ffff-ffff00000021","ELEMENT":"00000000-0000-068b-ffff-ffff00000021"}
&amp#27;[38;5;132m[efa92a55]&amp#27;[0m&amp#27;[38;5;86m[HTTP]&amp#27;[0m &amp#27;[37m<-- POST /session/efa92a55-dfa6-414f-9b2c-7304d3a6b03e/element &amp#27;[39m&amp#27;[32m200&amp#27;[39m &amp#27;[90m40 ms - 137&amp#27;[39m &amp#27;[90m&amp#27;[39m
&amp#27;[38;5;132m[efa92a55]&amp#27;[0m&amp#27;[38;5;86m[HTTP]&amp#27;[0m &amp#27;[37m-->&amp#27;[39m &amp#27;[37mPOST&amp#27;[39m &amp#27;[37m/session/efa92a55-dfa6-414f-9b2c-7304d3a6b03e/element/00000000-0000-068b-ffff-ffff00000021/click&amp#27;[39m &amp#27;[90m{"id":"00000000-0000-068b-ffff-ffff00000021"}&amp#27;[39m
&amp#27;[38;5;132m[efa92a55]&amp#27;[0m&amp#27;[38;5;-154m[AndroidUiautomator2Driver@07d8]&amp#27;[0m Calling AppiumDriver.click() with args: ["00000000-0000-068b-ffff-ffff00000021","efa92a55-dfa6-414f-9b2c-7304d3a6b03e"]
&amp#27;[38;5;132m[efa92a55]&amp#27;[0m&amp#27;[38;5;-154m[AndroidUiautomator2Driver@07d8]&amp#27;[0m Matched '/element/00000000-0000-068b-ffff-ffff00000021/click' to command name 'click'
&amp#27;[38;5;132m[efa92a55]&amp#27;[0m&amp#27;[38;5;-154m[AndroidUiautomator2Driver@07d8]&amp#27;[0m Proxying [POST /element/00000000-0000-068b-ffff-ffff00000021/click] to [POST http://127.0.0.1:8201/session/3259dfd7-0cb9-4195-b02a-a9de0cc84ebf/element/00000000-0000-068b-ffff-ffff00000021/click] with body: {"element":"00000000-0000-068b-ffff-ffff00000021"}
&amp#27;[38;5;132m[efa92a55]&amp#27;[0m&amp#27;[38;5;-154m[AndroidUiautomator2Driver@07d8]&amp#27;[0m Got response with status 200: {"sessionId":"3259dfd7-0cb9-4195-b02a-a9de0cc84ebf","value":null}
&amp#27;[38;5;132m[efa92a55]&amp#27;[0m&amp#27;[38;5;-154m[AndroidUiautomator2Driver@07d8]&amp#27;[0m Responding to client with driver.click() result: null
&amp#27;[38;5;132m[efa92a55]&amp#27;[0m&amp#27;[38;5;86m[HTTP]&amp#27;[0m &amp#27;[37m<-- POST /session/efa92a55-dfa6-414f-9b2c-7304d3a6b03e/element/00000000-0000-068b-ffff-ffff00000021/click &amp#27;[39m&amp#27;[32m200&amp#27;[39m &amp#27;[90m93 ms - 14&amp#27;[39m &amp#27;[90m&amp#27;[39m
&amp#27;[38;5;132m[efa92a55]&amp#27;[0m&amp#27;[38;5;86m[HTTP]&amp#27;[0m &amp#27;[37m-->&amp#27;[39m &amp#27;[37mGET&amp#27;[39m &amp#27;[37m/session/efa92a55-dfa6-414f-9b2c-7304d3a6b03e/context&amp#27;[39m &amp#27;[90m{}&amp#27;[39m
&amp#27;[38;5;132m[efa92a55]&amp#27;[0m&amp#27;[38;5;-154m[AndroidUiautomator2Driver@07d8]&amp#27;[0m Calling AppiumDriver.getCurrentContext() with args: ["efa92a55-dfa6-414f-9b2c-7304d3a6b03e"]
&amp#27;[38;5;132m[efa92a55]&amp#27;[0m&amp#27;[38;5;-154m[AndroidUiautomator2Driver@07d8]&amp#27;[0m Responding to client with driver.getCurrentContext() result: "NATIVE_APP"
&amp#27;[38;5;132m[efa92a55]&amp#27;[0m&amp#27;[38;5;86m[HTTP]&amp#27;[0m &amp#27;[37m<-- GET /session/efa92a55-dfa6-414f-9b2c-7304d3a6b03e/context &amp#27;[39m&amp#27;[32m200&amp#27;[39m &amp#27;[90m2 ms - 22&amp#27;[39m &amp#27;[90m&amp#27;[39m
&amp#27;[38;5;132m[efa92a55]&amp#27;[0m&amp#27;[38;5;86m[HTTP]&amp#27;[0m &amp#27;[37m-->&amp#27;[39m &amp#27;[37mPOST&amp#27;[39m &amp#27;[37m/session/efa92a55-dfa6-414f-9b2c-7304d3a6b03e/elements&amp#27;[39m &amp#27;[90m{"using":"xpath","value":"//android.widget.TextView[@text='ADD TO CART']"}&amp#27;[39m
&amp#27;[38;5;132m[efa92a55]&amp#27;[0m&amp#27;[38;5;-154m[AndroidUiautomator2Driver@07d8]&amp#27;[0m Calling AppiumDriver.findElements() with args: ["xpath","//android.widget.TextView[@text='ADD TO CART']","efa92a55-dfa6-414f-9b2c-7304d3a6b03e"]
&amp#27;[38;5;132m[efa92a55]&amp#27;[0m&amp#27;[38;5;-154m[AndroidUiautomator2Driver@07d8]&amp#27;[0m Valid locator strategies for this request: xpath, id, class name, accessibility id, css selector, -android uiautomator
&amp#27;[38;5;132m[efa92a55]&amp#27;[0m&amp#27;[38;5;-154m[AndroidUiautomator2Driver@07d8]&amp#27;[0m Waiting up to 0 ms for condition
&amp#27;[38;5;132m[efa92a55]&amp#27;[0m&amp#27;[38;5;-154m[AndroidUiautomator2Driver@07d8]&amp#27;[0m Matched '/elements' to command name 'findElements'
&amp#27;[38;5;132m[efa92a55]&amp#27;[0m&amp#27;[38;5;-154m[AndroidUiautomator2Driver@07d8]&amp#27;[0m Proxying [POST /elements] to [POST http://127.0.0.1:8201/session/3259dfd7-0cb9-4195-b02a-a9de0cc84ebf/elements] with body: {"strategy":"xpath","selector":"//android.widget.TextView[@text='ADD TO CART']","context":"","multiple":true}
&amp#27;[38;5;132m[efa92a55]&amp#27;[0m&amp#27;[38;5;-154m[AndroidUiautomator2Driver@07d8]&amp#27;[0m Got response with status 200: {"sessionId":"3259dfd7-0cb9-4195-b02a-a9de0cc84ebf","value":[]}
&amp#27;[38;5;132m[efa92a55]&amp#27;[0m&amp#27;[38;5;-154m[AndroidUiautomator2Driver@07d8]&amp#27;[0m Responding to client with driver.findElements() result: []
&amp#27;[38;5;132m[efa92a55]&amp#27;[0m&amp#27;[38;5;86m[HTTP]&amp#27;[0m &amp#27;[37m<-- POST /session/efa92a55-dfa6-414f-9b2c-7304d3a6b03e/elements &amp#27;[39m&amp#27;[32m200&amp#27;[39m &amp#27;[90m653 ms - 12&amp#27;[39m &amp#27;[90m&amp#27;[39m
&amp#27;[38;5;132m[efa92a55]&amp#27;[0m&amp#27;[38;5;86m[HTTP]&amp#27;[0m &amp#27;[37m-->&amp#27;[39m &amp#27;[37mGET&amp#27;[39m &amp#27;[37m/session/efa92a55-dfa6-414f-9b2c-7304d3a6b03e/context&amp#27;[39m &amp#27;[90m{}&amp#27;[39m
&amp#27;[38;5;132m[efa92a55]&amp#27;[0m&amp#27;[38;5;-154m[AndroidUiautomator2Driver@07d8]&amp#27;[0m Calling AppiumDriver.getCurrentContext() with args: ["efa92a55-dfa6-414f-9b2c-7304d3a6b03e"]
&amp#27;[38;5;132m[efa92a55]&amp#27;[0m&amp#27;[38;5;-154m[AndroidUiautomator2Driver@07d8]&amp#27;[0m Responding to client with driver.getCurrentContext() result: "NATIVE_APP"
&amp#27;[38;5;132m[efa92a55]&amp#27;[0m&amp#27;[38;5;86m[HTTP]&amp#27;[0m &amp#27;[37m<-- GET /session/efa92a55-dfa6-414f-9b2c-7304d3a6b03e/context &amp#27;[39m&amp#27;[32m200&amp#27;[39m &amp#27;[90m4 ms - 22&amp#27;[39m &amp#27;[90m&amp#27;[39m
&amp#27;[38;5;132m[efa92a55]&amp#27;[0m&amp#27;[38;5;86m[HTTP]&amp#27;[0m &amp#27;[37m-->&amp#27;[39m &amp#27;[37mPOST&amp#27;[39m &amp#27;[37m/session/efa92a55-dfa6-414f-9b2c-7304d3a6b03e/elements&amp#27;[39m &amp#27;[90m{"using":"xpath","value":"//android.widget.TextView[@text='ADD TO CART']"}&amp#27;[39m
&amp#27;[38;5;132m[efa92a55]&amp#27;[0m&amp#27;[38;5;-154m[AndroidUiautomator2Driver@07d8]&amp#27;[0m Calling AppiumDriver.findElements() with args: ["xpath","//android.widget.TextView[@text='ADD TO CART']","efa92a55-dfa6-414f-9b2c-7304d3a6b03e"]
&amp#27;[38;5;132m[efa92a55]&amp#27;[0m&amp#27;[38;5;-154m[AndroidUiautomator2Driver@07d8]&amp#27;[0m Valid locator strategies for this request: xpath, id, class name, accessibility id, css selector, -android uiautomator
&amp#27;[38;5;132m[efa92a55]&amp#27;[0m&amp#27;[38;5;-154m[AndroidUiautomator2Driver@07d8]&amp#27;[0m Waiting up to 0 ms for condition
&amp#27;[38;5;132m[efa92a55]&amp#27;[0m&amp#27;[38;5;-154m[AndroidUiautomator2Driver@07d8]&amp#27;[0m Matched '/elements' to command name 'findElements'
&amp#27;[38;5;132m[efa92a55]&amp#27;[0m&amp#27;[38;5;-154m[AndroidUiautomator2Driver@07d8]&amp#27;[0m Proxying [POST /elements] to [POST http://127.0.0.1:8201/session/3259dfd7-0cb9-4195-b02a-a9de0cc84ebf/elements] with body: {"strategy":"xpath","selector":"//android.widget.TextView[@text='ADD TO CART']","context":"","multiple":true}
&amp#27;[38;5;132m[efa92a55]&amp#27;[0m&amp#27;[38;5;-154m[AndroidUiautomator2Driver@07d8]&amp#27;[0m Got response with status 200: {"sessionId":"3259dfd7-0cb9-4195-b02a-a9de0cc84ebf","value":[{"ELEMENT":"00000000-0000-068d-ffff-ffff00000051","element-6066-11e4-a52e-4f735466cecf":"00000000-0000-068d-ffff-ffff00000051"},{"ELEMENT":"00000000-0000-068d-ffff-ffff00000059","element-6066-11e4-a52e-4f735466cecf":"00000000-0000-068d-ffff-ffff00000059"}]}
&amp#27;[38;5;132m[efa92a55]&amp#27;[0m&amp#27;[38;5;-154m[AndroidUiautomator2Driver@07d8]&amp#27;[0m Responding to client with driver.findElements() result: [{"element-6066-11e4-a52e-4f735466cecf":"00000000-0000-068d-ffff-ffff00000051","ELEMENT":"00000000-0000-068d-ffff-ffff00000051"},{"element-6066-11e4-a52e-4f735466cecf":"00000000-0000-068d-ffff-ffff00000059","ELEMENT":"00000000-0000-068d-ffff-ffff00000059"}]
&amp#27;[38;5;132m[efa92a55]&amp#27;[0m&amp#27;[38;5;86m[HTTP]&amp#27;[0m &amp#27;[37m<-- POST /session/efa92a55-dfa6-414f-9b2c-7304d3a6b03e/elements &amp#27;[39m&amp#27;[32m200&amp#27;[39m &amp#27;[90m595 ms - 267&amp#27;[39m &amp#27;[90m&amp#27;[39m
&amp#27;[38;5;132m[efa92a55]&amp#27;[0m&amp#27;[38;5;86m[HTTP]&amp#27;[0m &amp#27;[37m-->&amp#27;[39m &amp#27;[37mGET&amp#27;[39m &amp#27;[37m/session/efa92a55-dfa6-414f-9b2c-7304d3a6b03e/context&amp#27;[39m &amp#27;[90m{}&amp#27;[39m
&amp#27;[38;5;132m[efa92a55]&amp#27;[0m&amp#27;[38;5;-154m[AndroidUiautomator2Driver@07d8]&amp#27;[0m Calling AppiumDriver.getCurrentContext() with args: ["efa92a55-dfa6-414f-9b2c-7304d3a6b03e"]
&amp#27;[38;5;132m[efa92a55]&amp#27;[0m&amp#27;[38;5;-154m[AndroidUiautomator2Driver@07d8]&amp#27;[0m Responding to client with driver.getCurrentContext() result: "NATIVE_APP"
&amp#27;[38;5;132m[efa92a55]&amp#27;[0m&amp#27;[38;5;86m[HTTP]&amp#27;[0m &amp#27;[37m<-- GET /session/efa92a55-dfa6-414f-9b2c-7304d3a6b03e/context &amp#27;[39m&amp#27;[32m200&amp#27;[39m &amp#27;[90m1 ms - 22&amp#27;[39m &amp#27;[90m&amp#27;[39m
&amp#27;[38;5;132m[efa92a55]&amp#27;[0m&amp#27;[38;5;86m[HTTP]&amp#27;[0m &amp#27;[37m-->&amp#27;[39m &amp#27;[37mPOST&amp#27;[39m &amp#27;[37m/session/efa92a55-dfa6-414f-9b2c-7304d3a6b03e/elements&amp#27;[39m &amp#27;[90m{"using":"xpath","value":"//android.widget.TextView[@text='ADD TO CART']"}&amp#27;[39m
&amp#27;[38;5;132m[efa92a55]&amp#27;[0m&amp#27;[38;5;-154m[AndroidUiautomator2Driver@07d8]&amp#27;[0m Calling AppiumDriver.findElements() with args: ["xpath","//android.widget.TextView[@text='ADD TO CART']","efa92a55-dfa6-414f-9b2c-7304d3a6b03e"]
&amp#27;[38;5;132m[efa92a55]&amp#27;[0m&amp#27;[38;5;-154m[AndroidUiautomator2Driver@07d8]&amp#27;[0m Valid locator strategies for this request: xpath, id, class name, accessibility id, css selector, -android uiautomator
&amp#27;[38;5;132m[efa92a55]&amp#27;[0m&amp#27;[38;5;-154m[AndroidUiautomator2Driver@07d8]&amp#27;[0m Waiting up to 0 ms for condition
&amp#27;[38;5;132m[efa92a55]&amp#27;[0m&amp#27;[38;5;-154m[AndroidUiautomator2Driver@07d8]&amp#27;[0m Matched '/elements' to command name 'findElements'
&amp#27;[38;5;132m[efa92a55]&amp#27;[0m&amp#27;[38;5;-154m[AndroidUiautomator2Driver@07d8]&amp#27;[0m Proxying [POST /elements] to [POST http://127.0.0.1:8201/session/3259dfd7-0cb9-4195-b02a-a9de0cc84ebf/elements] with body: {"strategy":"xpath","selector":"//android.widget.TextView[@text='ADD TO CART']","context":"","multiple":true}
&amp#27;[38;5;132m[efa92a55]&amp#27;[0m&amp#27;[38;5;-154m[AndroidUiautomator2Driver@07d8]&amp#27;[0m Got response with status 200: {"sessionId":"3259dfd7-0cb9-4195-b02a-a9de0cc84ebf","value":[{"ELEMENT":"00000000-0000-068d-ffff-ffff00000051","element-6066-11e4-a52e-4f735466cecf":"00000000-0000-068d-ffff-ffff00000051"},{"ELEMENT":"00000000-0000-068d-ffff-ffff00000059","element-6066-11e4-a52e-4f735466cecf":"00000000-0000-068d-ffff-ffff00000059"}]}
&amp#27;[38;5;132m[efa92a55]&amp#27;[0m&amp#27;[38;5;-154m[AndroidUiautomator2Driver@07d8]&amp#27;[0m Responding to client with driver.findElements() result: [{"element-6066-11e4-a52e-4f735466cecf":"00000000-0000-068d-ffff-ffff00000051","ELEMENT":"00000000-0000-068d-ffff-ffff00000051"},{"element-6066-11e4-a52e-4f735466cecf":"00000000-0000-068d-ffff-ffff00000059","ELEMENT":"00000000-0000-068d-ffff-ffff00000059"}]
&amp#27;[38;5;132m[efa92a55]&amp#27;[0m&amp#27;[38;5;86m[HTTP]&amp#27;[0m &amp#27;[37m<-- POST /session/efa92a55-dfa6-414f-9b2c-7304d3a6b03e/elements &amp#27;[39m&amp#27;[32m200&amp#27;[39m &amp#27;[90m106 ms - 267&amp#27;[39m &amp#27;[90m&amp#27;[39m
&amp#27;[38;5;132m[efa92a55]&amp#27;[0m&amp#27;[38;5;86m[HTTP]&amp#27;[0m &amp#27;[37m-->&amp#27;[39m &amp#27;[37mGET&amp#27;[39m &amp#27;[37m/session/efa92a55-dfa6-414f-9b2c-7304d3a6b03e/element/00000000-0000-068d-ffff-ffff00000051/displayed&amp#27;[39m &amp#27;[90m{}&amp#27;[39m
&amp#27;[38;5;132m[efa92a55]&amp#27;[0m&amp#27;[38;5;-154m[AndroidUiautomator2Driver@07d8]&amp#27;[0m Calling AppiumDriver.elementDisplayed() with args: ["00000000-0000-068d-ffff-ffff00000051","efa92a55-dfa6-414f-9b2c-7304d3a6b03e"]
&amp#27;[38;5;132m[efa92a55]&amp#27;[0m&amp#27;[38;5;-154m[AndroidUiautomator2Driver@07d8]&amp#27;[0m Matched '/element/00000000-0000-068d-ffff-ffff00000051/attribute/displayed' to command name 'getAttribute'
&amp#27;[38;5;132m[efa92a55]&amp#27;[0m&amp#27;[38;5;-154m[AndroidUiautomator2Driver@07d8]&amp#27;[0m Proxying [GET /element/00000000-0000-068d-ffff-ffff00000051/attribute/displayed] to [GET http://127.0.0.1:8201/session/3259dfd7-0cb9-4195-b02a-a9de0cc84ebf/element/00000000-0000-068d-ffff-ffff00000051/attribute/displayed] with no body
&amp#27;[38;5;132m[efa92a55]&amp#27;[0m&amp#27;[38;5;-154m[AndroidUiautomator2Driver@07d8]&amp#27;[0m Got response with status 200: {"sessionId":"3259dfd7-0cb9-4195-b02a-a9de0cc84ebf","value":"true"}
&amp#27;[38;5;132m[efa92a55]&amp#27;[0m&amp#27;[38;5;-154m[AndroidUiautomator2Driver@07d8]&amp#27;[0m Responding to client with driver.elementDisplayed() result: true
&amp#27;[38;5;132m[efa92a55]&amp#27;[0m&amp#27;[38;5;86m[HTTP]&amp#27;[0m &amp#27;[37m<-- GET /session/efa92a55-dfa6-414f-9b2c-7304d3a6b03e/element/00000000-0000-068d-ffff-ffff00000051/displayed &amp#27;[39m&amp#27;[32m200&amp#27;[39m &amp#27;[90m24 ms - 14&amp#27;[39m &amp#27;[90m&amp#27;[39m
&amp#27;[38;5;132m[efa92a55]&amp#27;[0m&amp#27;[38;5;86m[HTTP]&amp#27;[0m &amp#27;[37m-->&amp#27;[39m &amp#27;[37mPOST&amp#27;[39m &amp#27;[37m/session/efa92a55-dfa6-414f-9b2c-7304d3a6b03e/element/00000000-0000-068d-ffff-ffff00000051/click&amp#27;[39m &amp#27;[90m{"id":"00000000-0000-068d-ffff-ffff00000051"}&amp#27;[39m
&amp#27;[38;5;132m[efa92a55]&amp#27;[0m&amp#27;[38;5;-154m[AndroidUiautomator2Driver@07d8]&amp#27;[0m Calling AppiumDriver.click() with args: ["00000000-0000-068d-ffff-ffff00000051","efa92a55-dfa6-414f-9b2c-7304d3a6b03e"]
&amp#27;[38;5;132m[efa92a55]&amp#27;[0m&amp#27;[38;5;-154m[AndroidUiautomator2Driver@07d8]&amp#27;[0m Matched '/element/00000000-0000-068d-ffff-ffff00000051/click' to command name 'click'
&amp#27;[38;5;132m[efa92a55]&amp#27;[0m&amp#27;[38;5;-154m[AndroidUiautomator2Driver@07d8]&amp#27;[0m Proxying [POST /element/00000000-0000-068d-ffff-ffff00000051/click] to [POST http://127.0.0.1:8201/session/3259dfd7-0cb9-4195-b02a-a9de0cc84ebf/element/00000000-0000-068d-ffff-ffff00000051/click] with body: {"element":"00000000-0000-068d-ffff-ffff00000051"}
&amp#27;[38;5;132m[efa92a55]&amp#27;[0m&amp#27;[38;5;-154m[AndroidUiautomator2Driver@07d8]&amp#27;[0m Got response with status 200: {"sessionId":"3259dfd7-0cb9-4195-b02a-a9de0cc84ebf","value":null}
&amp#27;[38;5;132m[efa92a55]&amp#27;[0m&amp#27;[38;5;-154m[AndroidUiautomator2Driver@07d8]&amp#27;[0m Responding to client with driver.click() result: null
&amp#27;[38;5;132m[efa92a55]&amp#27;[0m&amp#27;[38;5;86m[HTTP]&amp#27;[0m &amp#27;[37m<-- POST /session/efa92a55-dfa6-414f-9b2c-7304d3a6b03e/element/00000000-0000-068d-ffff-ffff00000051/click &amp#27;[39m&amp#27;[32m200&amp#27;[39m &amp#27;[90m554 ms - 14&amp#27;[39m &amp#27;[90m&amp#27;[39m
&amp#27;[38;5;132m[efa92a55]&amp#27;[0m&amp#27;[38;5;86m[HTTP]&amp#27;[0m &amp#27;[37m-->&amp#27;[39m &amp#27;[37mGET&amp#27;[39m &amp#27;[37m/session/efa92a55-dfa6-414f-9b2c-7304d3a6b03e/context&amp#27;[39m &amp#27;[90m{}&amp#27;[39m
&amp#27;[38;5;132m[efa92a55]&amp#27;[0m&amp#27;[38;5;-154m[AndroidUiautomator2Driver@07d8]&amp#27;[0m Calling AppiumDriver.getCurrentContext() with args: ["efa92a55-dfa6-414f-9b2c-7304d3a6b03e"]
&amp#27;[38;5;132m[efa92a55]&amp#27;[0m&amp#27;[38;5;-154m[AndroidUiautomator2Driver@07d8]&amp#27;[0m Responding to client with driver.getCurrentContext() result: "NATIVE_APP"
&amp#27;[38;5;132m[efa92a55]&amp#27;[0m&amp#27;[38;5;86m[HTTP]&amp#27;[0m &amp#27;[37m<-- GET /session/efa92a55-dfa6-414f-9b2c-7304d3a6b03e/context &amp#27;[39m&amp#27;[32m200&amp#27;[39m &amp#27;[90m1 ms - 22&amp#27;[39m &amp#27;[90m&amp#27;[39m
&amp#27;[38;5;132m[efa92a55]&amp#27;[0m&amp#27;[38;5;86m[HTTP]&amp#27;[0m &amp#27;[37m-->&amp#27;[39m &amp#27;[37mPOST&amp#27;[39m &amp#27;[37m/session/efa92a55-dfa6-414f-9b2c-7304d3a6b03e/element&amp#27;[39m &amp#27;[90m{"using":"id","value":"com.androidsample.generalstore:id/appbar_btn_cart"}&amp#27;[39m
&amp#27;[38;5;132m[efa92a55]&amp#27;[0m&amp#27;[38;5;-154m[AndroidUiautomator2Driver@07d8]&amp#27;[0m Calling AppiumDriver.findElement() with args: ["id","com.androidsample.generalstore:id/appbar_btn_cart","efa92a55-dfa6-414f-9b2c-7304d3a6b03e"]
&amp#27;[38;5;132m[efa92a55]&amp#27;[0m&amp#27;[38;5;-154m[AndroidUiautomator2Driver@07d8]&amp#27;[0m Valid locator strategies for this request: xpath, id, class name, accessibility id, css selector, -android uiautomator
&amp#27;[38;5;132m[efa92a55]&amp#27;[0m&amp#27;[38;5;-154m[AndroidUiautomator2Driver@07d8]&amp#27;[0m Waiting up to 0 ms for condition
&amp#27;[38;5;132m[efa92a55]&amp#27;[0m&amp#27;[38;5;-154m[AndroidUiautomator2Driver@07d8]&amp#27;[0m Matched '/element' to command name 'findElement'
&amp#27;[38;5;132m[efa92a55]&amp#27;[0m&amp#27;[38;5;-154m[AndroidUiautomator2Driver@07d8]&amp#27;[0m Proxying [POST /element] to [POST http://127.0.0.1:8201/session/3259dfd7-0cb9-4195-b02a-a9de0cc84ebf/element] with body: {"strategy":"id","selector":"com.androidsample.generalstore:id/appbar_btn_cart","context":"","multiple":false}
&amp#27;[38;5;132m[efa92a55]&amp#27;[0m&amp#27;[38;5;-154m[AndroidUiautomator2Driver@07d8]&amp#27;[0m Got response with status 200: {"sessionId":"3259dfd7-0cb9-4195-b02a-a9de0cc84ebf","value":{"ELEMENT":"00000000-0000-068d-ffff-ffff00000044","element-6066-11e4-a52e-4f735466cecf":"00000000-0000-068d-ffff-ffff00000044"}}
&amp#27;[38;5;132m[efa92a55]&amp#27;[0m&amp#27;[38;5;-154m[AndroidUiautomator2Driver@07d8]&amp#27;[0m Responding to client with driver.findElement() result: {"element-6066-11e4-a52e-4f735466cecf":"00000000-0000-068d-ffff-ffff00000044","ELEMENT":"00000000-0000-068d-ffff-ffff00000044"}
&amp#27;[38;5;132m[efa92a55]&amp#27;[0m&amp#27;[38;5;86m[HTTP]&amp#27;[0m &amp#27;[37m<-- POST /session/efa92a55-dfa6-414f-9b2c-7304d3a6b03e/element &amp#27;[39m&amp#27;[32m200&amp#27;[39m &amp#27;[90m29 ms - 137&amp#27;[39m &amp#27;[90m&amp#27;[39m
&amp#27;[38;5;132m[efa92a55]&amp#27;[0m&amp#27;[38;5;86m[HTTP]&amp#27;[0m &amp#27;[37m-->&amp#27;[39m &amp#27;[37mGET&amp#27;[39m &amp#27;[37m/session/efa92a55-dfa6-414f-9b2c-7304d3a6b03e/element/00000000-0000-068d-ffff-ffff00000044/displayed&amp#27;[39m &amp#27;[90m{}&amp#27;[39m
&amp#27;[38;5;132m[efa92a55]&amp#27;[0m&amp#27;[38;5;-154m[AndroidUiautomator2Driver@07d8]&amp#27;[0m Calling AppiumDriver.elementDisplayed() with args: ["00000000-0000-068d-ffff-ffff00000044","efa92a55-dfa6-414f-9b2c-7304d3a6b03e"]
&amp#27;[38;5;132m[efa92a55]&amp#27;[0m&amp#27;[38;5;-154m[AndroidUiautomator2Driver@07d8]&amp#27;[0m Matched '/element/00000000-0000-068d-ffff-ffff00000044/attribute/displayed' to command name 'getAttribute'
&amp#27;[38;5;132m[efa92a55]&amp#27;[0m&amp#27;[38;5;-154m[AndroidUiautomator2Driver@07d8]&amp#27;[0m Proxying [GET /element/00000000-0000-068d-ffff-ffff00000044/attribute/displayed] to [GET http://127.0.0.1:8201/session/3259dfd7-0cb9-4195-b02a-a9de0cc84ebf/element/00000000-0000-068d-ffff-ffff00000044/attribute/displayed] with no body
&amp#27;[38;5;132m[efa92a55]&amp#27;[0m&amp#27;[38;5;-154m[AndroidUiautomator2Driver@07d8]&amp#27;[0m Got response with status 200: {"sessionId":"3259dfd7-0cb9-4195-b02a-a9de0cc84ebf","value":"true"}
&amp#27;[38;5;132m[efa92a55]&amp#27;[0m&amp#27;[38;5;-154m[AndroidUiautomator2Driver@07d8]&amp#27;[0m Responding to client with driver.elementDisplayed() result: true
&amp#27;[38;5;132m[efa92a55]&amp#27;[0m&amp#27;[38;5;86m[HTTP]&amp#27;[0m &amp#27;[37m<-- GET /session/efa92a55-dfa6-414f-9b2c-7304d3a6b03e/element/00000000-0000-068d-ffff-ffff00000044/displayed &amp#27;[39m&amp#27;[32m200&amp#27;[39m &amp#27;[90m20 ms - 14&amp#27;[39m &amp#27;[90m&amp#27;[39m
&amp#27;[38;5;132m[efa92a55]&amp#27;[0m&amp#27;[38;5;86m[HTTP]&amp#27;[0m &amp#27;[37m-->&amp#27;[39m &amp#27;[37mGET&amp#27;[39m &amp#27;[37m/session/efa92a55-dfa6-414f-9b2c-7304d3a6b03e/context&amp#27;[39m &amp#27;[90m{}&amp#27;[39m
&amp#27;[38;5;132m[efa92a55]&amp#27;[0m&amp#27;[38;5;-154m[AndroidUiautomator2Driver@07d8]&amp#27;[0m Calling AppiumDriver.getCurrentContext() with args: ["efa92a55-dfa6-414f-9b2c-7304d3a6b03e"]
&amp#27;[38;5;132m[efa92a55]&amp#27;[0m&amp#27;[38;5;-154m[AndroidUiautomator2Driver@07d8]&amp#27;[0m Responding to client with driver.getCurrentContext() result: "NATIVE_APP"
&amp#27;[38;5;132m[efa92a55]&amp#27;[0m&amp#27;[38;5;86m[HTTP]&amp#27;[0m &amp#27;[37m<-- GET /session/efa92a55-dfa6-414f-9b2c-7304d3a6b03e/context &amp#27;[39m&amp#27;[32m200&amp#27;[39m &amp#27;[90m1 ms - 22&amp#27;[39m &amp#27;[90m&amp#27;[39m
&amp#27;[38;5;132m[efa92a55]&amp#27;[0m&amp#27;[38;5;86m[HTTP]&amp#27;[0m &amp#27;[37m-->&amp#27;[39m &amp#27;[37mPOST&amp#27;[39m &amp#27;[37m/session/efa92a55-dfa6-414f-9b2c-7304d3a6b03e/element&amp#27;[39m &amp#27;[90m{"using":"id","value":"com.androidsample.generalstore:id/appbar_btn_cart"}&amp#27;[39m
&amp#27;[38;5;132m[efa92a55]&amp#27;[0m&amp#27;[38;5;-154m[AndroidUiautomator2Driver@07d8]&amp#27;[0m Calling AppiumDriver.findElement() with args: ["id","com.androidsample.generalstore:id/appbar_btn_cart","efa92a55-dfa6-414f-9b2c-7304d3a6b03e"]
&amp#27;[38;5;132m[efa92a55]&amp#27;[0m&amp#27;[38;5;-154m[AndroidUiautomator2Driver@07d8]&amp#27;[0m Valid locator strategies for this request: xpath, id, class name, accessibility id, css selector, -android uiautomator
&amp#27;[38;5;132m[efa92a55]&amp#27;[0m&amp#27;[38;5;-154m[AndroidUiautomator2Driver@07d8]&amp#27;[0m Waiting up to 0 ms for condition
&amp#27;[38;5;132m[efa92a55]&amp#27;[0m&amp#27;[38;5;-154m[AndroidUiautomator2Driver@07d8]&amp#27;[0m Matched '/element' to command name 'findElement'
&amp#27;[38;5;132m[efa92a55]&amp#27;[0m&amp#27;[38;5;-154m[AndroidUiautomator2Driver@07d8]&amp#27;[0m Proxying [POST /element] to [POST http://127.0.0.1:8201/session/3259dfd7-0cb9-4195-b02a-a9de0cc84ebf/element] with body: {"strategy":"id","selector":"com.androidsample.generalstore:id/appbar_btn_cart","context":"","multiple":false}
&amp#27;[38;5;132m[efa92a55]&amp#27;[0m&amp#27;[38;5;-154m[AndroidUiautomator2Driver@07d8]&amp#27;[0m Got response with status 200: {"sessionId":"3259dfd7-0cb9-4195-b02a-a9de0cc84ebf","value":{"ELEMENT":"00000000-0000-068d-ffff-ffff00000044","element-6066-11e4-a52e-4f735466cecf":"00000000-0000-068d-ffff-ffff00000044"}}
&amp#27;[38;5;132m[efa92a55]&amp#27;[0m&amp#27;[38;5;-154m[AndroidUiautomator2Driver@07d8]&amp#27;[0m Responding to client with driver.findElement() result: {"element-6066-11e4-a52e-4f735466cecf":"00000000-0000-068d-ffff-ffff00000044","ELEMENT":"00000000-0000-068d-ffff-ffff00000044"}
&amp#27;[38;5;132m[efa92a55]&amp#27;[0m&amp#27;[38;5;86m[HTTP]&amp#27;[0m &amp#27;[37m<-- POST /session/efa92a55-dfa6-414f-9b2c-7304d3a6b03e/element &amp#27;[39m&amp#27;[32m200&amp#27;[39m &amp#27;[90m23 ms - 137&amp#27;[39m &amp#27;[90m&amp#27;[39m
&amp#27;[38;5;132m[efa92a55]&amp#27;[0m&amp#27;[38;5;86m[HTTP]&amp#27;[0m &amp#27;[37m-->&amp#27;[39m &amp#27;[37mPOST&amp#27;[39m &amp#27;[37m/session/efa92a55-dfa6-414f-9b2c-7304d3a6b03e/element/00000000-0000-068d-ffff-ffff00000044/click&amp#27;[39m &amp#27;[90m{"id":"00000000-0000-068d-ffff-ffff00000044"}&amp#27;[39m
&amp#27;[38;5;132m[efa92a55]&amp#27;[0m&amp#27;[38;5;-154m[AndroidUiautomator2Driver@07d8]&amp#27;[0m Calling AppiumDriver.click() with args: ["00000000-0000-068d-ffff-ffff00000044","efa92a55-dfa6-414f-9b2c-7304d3a6b03e"]
&amp#27;[38;5;132m[efa92a55]&amp#27;[0m&amp#27;[38;5;-154m[AndroidUiautomator2Driver@07d8]&amp#27;[0m Matched '/element/00000000-0000-068d-ffff-ffff00000044/click' to command name 'click'
&amp#27;[38;5;132m[efa92a55]&amp#27;[0m&amp#27;[38;5;-154m[AndroidUiautomator2Driver@07d8]&amp#27;[0m Proxying [POST /element/00000000-0000-068d-ffff-ffff00000044/click] to [POST http://127.0.0.1:8201/session/3259dfd7-0cb9-4195-b02a-a9de0cc84ebf/element/00000000-0000-068d-ffff-ffff00000044/click] with body: {"element":"00000000-0000-068d-ffff-ffff00000044"}
&amp#27;[38;5;132m[efa92a55]&amp#27;[0m&amp#27;[38;5;-154m[AndroidUiautomator2Driver@07d8]&amp#27;[0m Got response with status 200: {"sessionId":"3259dfd7-0cb9-4195-b02a-a9de0cc84ebf","value":null}
&amp#27;[38;5;132m[efa92a55]&amp#27;[0m&amp#27;[38;5;-154m[AndroidUiautomator2Driver@07d8]&amp#27;[0m Responding to client with driver.click() result: null
&amp#27;[38;5;132m[efa92a55]&amp#27;[0m&amp#27;[38;5;86m[HTTP]&amp#27;[0m &amp#27;[37m<-- POST /session/efa92a55-dfa6-414f-9b2c-7304d3a6b03e/element/00000000-0000-068d-ffff-ffff00000044/click &amp#27;[39m&amp#27;[32m200&amp#27;[39m &amp#27;[90m92 ms - 14&amp#27;[39m &amp#27;[90m&amp#27;[39m
&amp#27;[38;5;132m[efa92a55]&amp#27;[0m&amp#27;[38;5;86m[HTTP]&amp#27;[0m &amp#27;[37m-->&amp#27;[39m &amp#27;[37mGET&amp#27;[39m &amp#27;[37m/session/efa92a55-dfa6-414f-9b2c-7304d3a6b03e/context&amp#27;[39m &amp#27;[90m{}&amp#27;[39m
&amp#27;[38;5;132m[efa92a55]&amp#27;[0m&amp#27;[38;5;-154m[AndroidUiautomator2Driver@07d8]&amp#27;[0m Calling AppiumDriver.getCurrentContext() with args: ["efa92a55-dfa6-414f-9b2c-7304d3a6b03e"]
&amp#27;[38;5;132m[efa92a55]&amp#27;[0m&amp#27;[38;5;-154m[AndroidUiautomator2Driver@07d8]&amp#27;[0m Responding to client with driver.getCurrentContext() result: "NATIVE_APP"
&amp#27;[38;5;132m[efa92a55]&amp#27;[0m&amp#27;[38;5;86m[HTTP]&amp#27;[0m &amp#27;[37m<-- GET /session/efa92a55-dfa6-414f-9b2c-7304d3a6b03e/context &amp#27;[39m&amp#27;[32m200&amp#27;[39m &amp#27;[90m3 ms - 22&amp#27;[39m &amp#27;[90m&amp#27;[39m
&amp#27;[38;5;132m[efa92a55]&amp#27;[0m&amp#27;[38;5;86m[HTTP]&amp#27;[0m &amp#27;[37m-->&amp#27;[39m &amp#27;[37mPOST&amp#27;[39m &amp#27;[37m/session/efa92a55-dfa6-414f-9b2c-7304d3a6b03e/element&amp#27;[39m &amp#27;[90m{"using":"id","value":"com.androidsample.generalstore:id/appbar_btn_back"}&amp#27;[39m
&amp#27;[38;5;132m[efa92a55]&amp#27;[0m&amp#27;[38;5;-154m[AndroidUiautomator2Driver@07d8]&amp#27;[0m Calling AppiumDriver.findElement() with args: ["id","com.androidsample.generalstore:id/appbar_btn_back","efa92a55-dfa6-414f-9b2c-7304d3a6b03e"]
&amp#27;[38;5;132m[efa92a55]&amp#27;[0m&amp#27;[38;5;-154m[AndroidUiautomator2Driver@07d8]&amp#27;[0m Valid locator strategies for this request: xpath, id, class name, accessibility id, css selector, -android uiautomator
&amp#27;[38;5;132m[efa92a55]&amp#27;[0m&amp#27;[38;5;-154m[AndroidUiautomator2Driver@07d8]&amp#27;[0m Waiting up to 0 ms for condition
&amp#27;[38;5;132m[efa92a55]&amp#27;[0m&amp#27;[38;5;-154m[AndroidUiautomator2Driver@07d8]&amp#27;[0m Matched '/element' to command name 'findElement'
&amp#27;[38;5;132m[efa92a55]&amp#27;[0m&amp#27;[38;5;-154m[AndroidUiautomator2Driver@07d8]&amp#27;[0m Proxying [POST /element] to [POST http://127.0.0.1:8201/session/3259dfd7-0cb9-4195-b02a-a9de0cc84ebf/element] with body: {"strategy":"id","selector":"com.androidsample.generalstore:id/appbar_btn_back","context":"","multiple":false}
&amp#27;[38;5;132m[efa92a55]&amp#27;[0m&amp#27;[38;5;-154m[AndroidUiautomator2Driver@07d8]&amp#27;[0m Got response with status 200: {"sessionId":"3259dfd7-0cb9-4195-b02a-a9de0cc84ebf","value":{"ELEMENT":"00000000-0000-068e-ffff-ffff0000006e","element-6066-11e4-a52e-4f735466cecf":"00000000-0000-068e-ffff-ffff0000006e"}}
&amp#27;[38;5;132m[efa92a55]&amp#27;[0m&amp#27;[38;5;-154m[AndroidUiautomator2Driver@07d8]&amp#27;[0m Responding to client with driver.findElement() result: {"element-6066-11e4-a52e-4f735466cecf":"00000000-0000-068e-ffff-ffff0000006e","ELEMENT":"00000000-0000-068e-ffff-ffff0000006e"}
&amp#27;[38;5;132m[efa92a55]&amp#27;[0m&amp#27;[38;5;86m[HTTP]&amp#27;[0m &amp#27;[37m<-- POST /session/efa92a55-dfa6-414f-9b2c-7304d3a6b03e/element &amp#27;[39m&amp#27;[32m200&amp#27;[39m &amp#27;[90m1089 ms - 137&amp#27;[39m &amp#27;[90m&amp#27;[39m
&amp#27;[38;5;132m[efa92a55]&amp#27;[0m&amp#27;[38;5;86m[HTTP]&amp#27;[0m &amp#27;[37m-->&amp#27;[39m &amp#27;[37mGET&amp#27;[39m &amp#27;[37m/session/efa92a55-dfa6-414f-9b2c-7304d3a6b03e/element/00000000-0000-068e-ffff-ffff0000006e/displayed&amp#27;[39m &amp#27;[90m{}&amp#27;[39m
&amp#27;[38;5;132m[efa92a55]&amp#27;[0m&amp#27;[38;5;-154m[AndroidUiautomator2Driver@07d8]&amp#27;[0m Calling AppiumDriver.elementDisplayed() with args: ["00000000-0000-068e-ffff-ffff0000006e","efa92a55-dfa6-414f-9b2c-7304d3a6b03e"]
&amp#27;[38;5;132m[efa92a55]&amp#27;[0m&amp#27;[38;5;-154m[AndroidUiautomator2Driver@07d8]&amp#27;[0m Matched '/element/00000000-0000-068e-ffff-ffff0000006e/attribute/displayed' to command name 'getAttribute'
&amp#27;[38;5;132m[efa92a55]&amp#27;[0m&amp#27;[38;5;-154m[AndroidUiautomator2Driver@07d8]&amp#27;[0m Proxying [GET /element/00000000-0000-068e-ffff-ffff0000006e/attribute/displayed] to [GET http://127.0.0.1:8201/session/3259dfd7-0cb9-4195-b02a-a9de0cc84ebf/element/00000000-0000-068e-ffff-ffff0000006e/attribute/displayed] with no body
&amp#27;[38;5;132m[efa92a55]&amp#27;[0m&amp#27;[38;5;-154m[AndroidUiautomator2Driver@07d8]&amp#27;[0m Got response with status 200: {"sessionId":"3259dfd7-0cb9-4195-b02a-a9de0cc84ebf","value":"true"}
&amp#27;[38;5;132m[efa92a55]&amp#27;[0m&amp#27;[38;5;-154m[AndroidUiautomator2Driver@07d8]&amp#27;[0m Responding to client with driver.elementDisplayed() result: true
&amp#27;[38;5;132m[efa92a55]&amp#27;[0m&amp#27;[38;5;86m[HTTP]&amp#27;[0m &amp#27;[37m<-- GET /session/efa92a55-dfa6-414f-9b2c-7304d3a6b03e/element/00000000-0000-068e-ffff-ffff0000006e/displayed &amp#27;[39m&amp#27;[32m200&amp#27;[39m &amp#27;[90m15 ms - 14&amp#27;[39m &amp#27;[90m&amp#27;[39m
&amp#27;[38;5;132m[efa92a55]&amp#27;[0m&amp#27;[38;5;86m[HTTP]&amp#27;[0m &amp#27;[37m-->&amp#27;[39m &amp#27;[37mGET&amp#27;[39m &amp#27;[37m/session/efa92a55-dfa6-414f-9b2c-7304d3a6b03e/context&amp#27;[39m &amp#27;[90m{}&amp#27;[39m
&amp#27;[38;5;132m[efa92a55]&amp#27;[0m&amp#27;[38;5;-154m[AndroidUiautomator2Driver@07d8]&amp#27;[0m Calling AppiumDriver.getCurrentContext() with args: ["efa92a55-dfa6-414f-9b2c-7304d3a6b03e"]
&amp#27;[38;5;132m[efa92a55]&amp#27;[0m&amp#27;[38;5;-154m[AndroidUiautomator2Driver@07d8]&amp#27;[0m Responding to client with driver.getCurrentContext() result: "NATIVE_APP"
&amp#27;[38;5;132m[efa92a55]&amp#27;[0m&amp#27;[38;5;86m[HTTP]&amp#27;[0m &amp#27;[37m<-- GET /session/efa92a55-dfa6-414f-9b2c-7304d3a6b03e/context &amp#27;[39m&amp#27;[32m200&amp#27;[39m &amp#27;[90m1 ms - 22&amp#27;[39m &amp#27;[90m&amp#27;[39m
&amp#27;[38;5;132m[efa92a55]&amp#27;[0m&amp#27;[38;5;86m[HTTP]&amp#27;[0m &amp#27;[37m-->&amp#27;[39m &amp#27;[37mPOST&amp#27;[39m &amp#27;[37m/session/efa92a55-dfa6-414f-9b2c-7304d3a6b03e/element&amp#27;[39m &amp#27;[90m{"using":"id","value":"com.androidsample.generalstore:id/appbar_btn_back"}&amp#27;[39m
&amp#27;[38;5;132m[efa92a55]&amp#27;[0m&amp#27;[38;5;-154m[AndroidUiautomator2Driver@07d8]&amp#27;[0m Calling AppiumDriver.findElement() with args: ["id","com.androidsample.generalstore:id/appbar_btn_back","efa92a55-dfa6-414f-9b2c-7304d3a6b03e"]
&amp#27;[38;5;132m[efa92a55]&amp#27;[0m&amp#27;[38;5;-154m[AndroidUiautomator2Driver@07d8]&amp#27;[0m Valid locator strategies for this request: xpath, id, class name, accessibility id, css selector, -android uiautomator
&amp#27;[38;5;132m[efa92a55]&amp#27;[0m&amp#27;[38;5;-154m[AndroidUiautomator2Driver@07d8]&amp#27;[0m Waiting up to 0 ms for condition
&amp#27;[38;5;132m[efa92a55]&amp#27;[0m&amp#27;[38;5;-154m[AndroidUiautomator2Driver@07d8]&amp#27;[0m Matched '/element' to command name 'findElement'
&amp#27;[38;5;132m[efa92a55]&amp#27;[0m&amp#27;[38;5;-154m[AndroidUiautomator2Driver@07d8]&amp#27;[0m Proxying [POST /element] to [POST http://127.0.0.1:8201/session/3259dfd7-0cb9-4195-b02a-a9de0cc84ebf/element] with body: {"strategy":"id","selector":"com.androidsample.generalstore:id/appbar_btn_back","context":"","multiple":false}
&amp#27;[38;5;132m[efa92a55]&amp#27;[0m&amp#27;[38;5;-154m[AndroidUiautomator2Driver@07d8]&amp#27;[0m Got response with status 200: {"sessionId":"3259dfd7-0cb9-4195-b02a-a9de0cc84ebf","value":{"ELEMENT":"00000000-0000-068e-ffff-ffff0000006e","element-6066-11e4-a52e-4f735466cecf":"00000000-0000-068e-ffff-ffff0000006e"}}
&amp#27;[38;5;132m[efa92a55]&amp#27;[0m&amp#27;[38;5;-154m[AndroidUiautomator2Driver@07d8]&amp#27;[0m Responding to client with driver.findElement() result: {"element-6066-11e4-a52e-4f735466cecf":"00000000-0000-068e-ffff-ffff0000006e","ELEMENT":"00000000-0000-068e-ffff-ffff0000006e"}
&amp#27;[38;5;132m[efa92a55]&amp#27;[0m&amp#27;[38;5;86m[HTTP]&amp#27;[0m &amp#27;[37m<-- POST /session/efa92a55-dfa6-414f-9b2c-7304d3a6b03e/element &amp#27;[39m&amp#27;[32m200&amp#27;[39m &amp#27;[90m25 ms - 137&amp#27;[39m &amp#27;[90m&amp#27;[39m
&amp#27;[38;5;132m[efa92a55]&amp#27;[0m&amp#27;[38;5;86m[HTTP]&amp#27;[0m &amp#27;[37m-->&amp#27;[39m &amp#27;[37mPOST&amp#27;[39m &amp#27;[37m/session/efa92a55-dfa6-414f-9b2c-7304d3a6b03e/element/00000000-0000-068e-ffff-ffff0000006e/click&amp#27;[39m &amp#27;[90m{"id":"00000000-0000-068e-ffff-ffff0000006e"}&amp#27;[39m
&amp#27;[38;5;132m[efa92a55]&amp#27;[0m&amp#27;[38;5;-154m[AndroidUiautomator2Driver@07d8]&amp#27;[0m Calling AppiumDriver.click() with args: ["00000000-0000-068e-ffff-ffff0000006e","efa92a55-dfa6-414f-9b2c-7304d3a6b03e"]
&amp#27;[38;5;132m[efa92a55]&amp#27;[0m&amp#27;[38;5;-154m[AndroidUiautomator2Driver@07d8]&amp#27;[0m Matched '/element/00000000-0000-068e-ffff-ffff0000006e/click' to command name 'click'
&amp#27;[38;5;132m[efa92a55]&amp#27;[0m&amp#27;[38;5;-154m[AndroidUiautomator2Driver@07d8]&amp#27;[0m Proxying [POST /element/00000000-0000-068e-ffff-ffff0000006e/click] to [POST http://127.0.0.1:8201/session/3259dfd7-0cb9-4195-b02a-a9de0cc84ebf/element/00000000-0000-068e-ffff-ffff0000006e/click] with body: {"element":"00000000-0000-068e-ffff-ffff0000006e"}
&amp#27;[38;5;132m[efa92a55]&amp#27;[0m&amp#27;[38;5;-154m[AndroidUiautomator2Driver@07d8]&amp#27;[0m Got response with status 200: {"sessionId":"3259dfd7-0cb9-4195-b02a-a9de0cc84ebf","value":null}
&amp#27;[38;5;132m[efa92a55]&amp#27;[0m&amp#27;[38;5;-154m[AndroidUiautomator2Driver@07d8]&amp#27;[0m Responding to client with driver.click() result: null
&amp#27;[38;5;132m[efa92a55]&amp#27;[0m&amp#27;[38;5;86m[HTTP]&amp#27;[0m &amp#27;[37m<-- POST /session/efa92a55-dfa6-414f-9b2c-7304d3a6b03e/element/00000000-0000-068e-ffff-ffff0000006e/click &amp#27;[39m&amp#27;[32m200&amp#27;[39m &amp#27;[90m1238 ms - 14&amp#27;[39m &amp#27;[90m&amp#27;[39m
&amp#27;[38;5;132m[efa92a55]&amp#27;[0m&amp#27;[38;5;86m[HTTP]&amp#27;[0m &amp#27;[37m-->&amp#27;[39m &amp#27;[37mGET&amp#27;[39m &amp#27;[37m/session/efa92a55-dfa6-414f-9b2c-7304d3a6b03e/context&amp#27;[39m &amp#27;[90m{}&amp#27;[39m
&amp#27;[38;5;132m[efa92a55]&amp#27;[0m&amp#27;[38;5;-154m[AndroidUiautomator2Driver@07d8]&amp#27;[0m Calling AppiumDriver.getCurrentContext() with args: ["efa92a55-dfa6-414f-9b2c-7304d3a6b03e"]
&amp#27;[38;5;132m[efa92a55]&amp#27;[0m&amp#27;[38;5;-154m[AndroidUiautomator2Driver@07d8]&amp#27;[0m Responding to client with driver.getCurrentContext() result: "NATIVE_APP"
&amp#27;[38;5;132m[efa92a55]&amp#27;[0m&amp#27;[38;5;86m[HTTP]&amp#27;[0m &amp#27;[37m<-- GET /session/efa92a55-dfa6-414f-9b2c-7304d3a6b03e/context &amp#27;[39m&amp#27;[32m200&amp#27;[39m &amp#27;[90m1 ms - 22&amp#27;[39m &amp#27;[90m&amp#27;[39m
&amp#27;[38;5;132m[efa92a55]&amp#27;[0m&amp#27;[38;5;86m[HTTP]&amp#27;[0m &amp#27;[37m-->&amp#27;[39m &amp#27;[37mPOST&amp#27;[39m &amp#27;[37m/session/efa92a55-dfa6-414f-9b2c-7304d3a6b03e/element&amp#27;[39m &amp#27;[90m{"using":"xpath","value":"//android.widget.TextView[@text='Products']"}&amp#27;[39m
&amp#27;[38;5;132m[efa92a55]&amp#27;[0m&amp#27;[38;5;-154m[AndroidUiautomator2Driver@07d8]&amp#27;[0m Calling AppiumDriver.findElement() with args: ["xpath","//android.widget.TextView[@text='Products']","efa92a55-dfa6-414f-9b2c-7304d3a6b03e"]
&amp#27;[38;5;132m[efa92a55]&amp#27;[0m&amp#27;[38;5;-154m[AndroidUiautomator2Driver@07d8]&amp#27;[0m Valid locator strategies for this request: xpath, id, class name, accessibility id, css selector, -android uiautomator
&amp#27;[38;5;132m[efa92a55]&amp#27;[0m&amp#27;[38;5;-154m[AndroidUiautomator2Driver@07d8]&amp#27;[0m Waiting up to 0 ms for condition
&amp#27;[38;5;132m[efa92a55]&amp#27;[0m&amp#27;[38;5;-154m[AndroidUiautomator2Driver@07d8]&amp#27;[0m Matched '/element' to command name 'findElement'
&amp#27;[38;5;132m[efa92a55]&amp#27;[0m&amp#27;[38;5;-154m[AndroidUiautomator2Driver@07d8]&amp#27;[0m Proxying [POST /element] to [POST http://127.0.0.1:8201/session/3259dfd7-0cb9-4195-b02a-a9de0cc84ebf/element] with body: {"strategy":"xpath","selector":"//android.widget.TextView[@text='Products']","context":"","multiple":false}
&amp#27;[38;5;132m[efa92a55]&amp#27;[0m&amp#27;[38;5;-154m[AndroidUiautomator2Driver@07d8]&amp#27;[0m Got response with status 200: {"sessionId":"3259dfd7-0cb9-4195-b02a-a9de0cc84ebf","value":{"ELEMENT":"00000000-0000-068d-ffff-ffff00000040","element-6066-11e4-a52e-4f735466cecf":"00000000-0000-068d-ffff-ffff00000040"}}
&amp#27;[38;5;132m[efa92a55]&amp#27;[0m&amp#27;[38;5;-154m[AndroidUiautomator2Driver@07d8]&amp#27;[0m Responding to client with driver.findElement() result: {"element-6066-11e4-a52e-4f735466cecf":"00000000-0000-068d-ffff-ffff00000040","ELEMENT":"00000000-0000-068d-ffff-ffff00000040"}
&amp#27;[38;5;132m[efa92a55]&amp#27;[0m&amp#27;[38;5;86m[HTTP]&amp#27;[0m &amp#27;[37m<-- POST /session/efa92a55-dfa6-414f-9b2c-7304d3a6b03e/element &amp#27;[39m&amp#27;[32m200&amp#27;[39m &amp#27;[90m116 ms - 137&amp#27;[39m &amp#27;[90m&amp#27;[39m
&amp#27;[38;5;132m[efa92a55]&amp#27;[0m&amp#27;[38;5;86m[HTTP]&amp#27;[0m &amp#27;[37m-->&amp#27;[39m &amp#27;[37mGET&amp#27;[39m &amp#27;[37m/session/efa92a55-dfa6-414f-9b2c-7304d3a6b03e/element/00000000-0000-068d-ffff-ffff00000040/displayed&amp#27;[39m &amp#27;[90m{}&amp#27;[39m
&amp#27;[38;5;132m[efa92a55]&amp#27;[0m&amp#27;[38;5;-154m[AndroidUiautomator2Driver@07d8]&amp#27;[0m Calling AppiumDriver.elementDisplayed() with args: ["00000000-0000-068d-ffff-ffff00000040","efa92a55-dfa6-414f-9b2c-7304d3a6b03e"]
&amp#27;[38;5;132m[efa92a55]&amp#27;[0m&amp#27;[38;5;-154m[AndroidUiautomator2Driver@07d8]&amp#27;[0m Matched '/element/00000000-0000-068d-ffff-ffff00000040/attribute/displayed' to command name 'getAttribute'
&amp#27;[38;5;132m[efa92a55]&amp#27;[0m&amp#27;[38;5;-154m[AndroidUiautomator2Driver@07d8]&amp#27;[0m Proxying [GET /element/00000000-0000-068d-ffff-ffff00000040/attribute/displayed] to [GET http://127.0.0.1:8201/session/3259dfd7-0cb9-4195-b02a-a9de0cc84ebf/element/00000000-0000-068d-ffff-ffff00000040/attribute/displayed] with no body
&amp#27;[38;5;132m[efa92a55]&amp#27;[0m&amp#27;[38;5;-154m[AndroidUiautomator2Driver@07d8]&amp#27;[0m Got response with status 200: {"sessionId":"3259dfd7-0cb9-4195-b02a-a9de0cc84ebf","value":"true"}
&amp#27;[38;5;132m[efa92a55]&amp#27;[0m&amp#27;[38;5;-154m[AndroidUiautomator2Driver@07d8]&amp#27;[0m Responding to client with driver.elementDisplayed() result: true
&amp#27;[38;5;132m[efa92a55]&amp#27;[0m&amp#27;[38;5;86m[HTTP]&amp#27;[0m &amp#27;[37m<-- GET /session/efa92a55-dfa6-414f-9b2c-7304d3a6b03e/element/00000000-0000-068d-ffff-ffff00000040/displayed &amp#27;[39m&amp#27;[32m200&amp#27;[39m &amp#27;[90m18 ms - 14&amp#27;[39m &amp#27;[90m&amp#27;[39m
&amp#27;[38;5;132m[efa92a55]&amp#27;[0m&amp#27;[38;5;86m[HTTP]&amp#27;[0m &amp#27;[37m-->&amp#27;[39m &amp#27;[37mGET&amp#27;[39m &amp#27;[37m/session/efa92a55-dfa6-414f-9b2c-7304d3a6b03e/context&amp#27;[39m &amp#27;[90m{}&amp#27;[39m
&amp#27;[38;5;132m[efa92a55]&amp#27;[0m&amp#27;[38;5;-154m[AndroidUiautomator2Driver@07d8]&amp#27;[0m Calling AppiumDriver.getCurrentContext() with args: ["efa92a55-dfa6-414f-9b2c-7304d3a6b03e"]
&amp#27;[38;5;132m[efa92a55]&amp#27;[0m&amp#27;[38;5;-154m[AndroidUiautomator2Driver@07d8]&amp#27;[0m Responding to client with driver.getCurrentContext() result: "NATIVE_APP"
&amp#27;[38;5;132m[efa92a55]&amp#27;[0m&amp#27;[38;5;86m[HTTP]&amp#27;[0m &amp#27;[37m<-- GET /session/efa92a55-dfa6-414f-9b2c-7304d3a6b03e/context &amp#27;[39m&amp#27;[32m200&amp#27;[39m &amp#27;[90m1 ms - 22&amp#27;[39m &amp#27;[90m&amp#27;[39m
&amp#27;[38;5;132m[efa92a55]&amp#27;[0m&amp#27;[38;5;86m[HTTP]&amp#27;[0m &amp#27;[37m-->&amp#27;[39m &amp#27;[37mPOST&amp#27;[39m &amp#27;[37m/session/efa92a55-dfa6-414f-9b2c-7304d3a6b03e/element&amp#27;[39m &amp#27;[90m{"using":"xpath","value":"//android.widget.TextView[@text='Products']"}&amp#27;[39m
&amp#27;[38;5;132m[efa92a55]&amp#27;[0m&amp#27;[38;5;-154m[AndroidUiautomator2Driver@07d8]&amp#27;[0m Calling AppiumDriver.findElement() with args: ["xpath","//android.widget.TextView[@text='Products']","efa92a55-dfa6-414f-9b2c-7304d3a6b03e"]
&amp#27;[38;5;132m[efa92a55]&amp#27;[0m&amp#27;[38;5;-154m[AndroidUiautomator2Driver@07d8]&amp#27;[0m Valid locator strategies for this request: xpath, id, class name, accessibility id, css selector, -android uiautomator
&amp#27;[38;5;132m[efa92a55]&amp#27;[0m&amp#27;[38;5;-154m[AndroidUiautomator2Driver@07d8]&amp#27;[0m Waiting up to 0 ms for condition
&amp#27;[38;5;132m[efa92a55]&amp#27;[0m&amp#27;[38;5;-154m[AndroidUiautomator2Driver@07d8]&amp#27;[0m Matched '/element' to command name 'findElement'
&amp#27;[38;5;132m[efa92a55]&amp#27;[0m&amp#27;[38;5;-154m[AndroidUiautomator2Driver@07d8]&amp#27;[0m Proxying [POST /element] to [POST http://127.0.0.1:8201/session/3259dfd7-0cb9-4195-b02a-a9de0cc84ebf/element] with body: {"strategy":"xpath","selector":"//android.widget.TextView[@text='Products']","context":"","multiple":false}
&amp#27;[38;5;132m[efa92a55]&amp#27;[0m&amp#27;[38;5;-154m[AndroidUiautomator2Driver@07d8]&amp#27;[0m Got response with status 200: {"sessionId":"3259dfd7-0cb9-4195-b02a-a9de0cc84ebf","value":{"ELEMENT":"00000000-0000-068d-ffff-ffff00000040","element-6066-11e4-a52e-4f735466cecf":"00000000-0000-068d-ffff-ffff00000040"}}
&amp#27;[38;5;132m[efa92a55]&amp#27;[0m&amp#27;[38;5;-154m[AndroidUiautomator2Driver@07d8]&amp#27;[0m Responding to client with driver.findElement() result: {"element-6066-11e4-a52e-4f735466cecf":"00000000-0000-068d-ffff-ffff00000040","ELEMENT":"00000000-0000-068d-ffff-ffff00000040"}
&amp#27;[38;5;132m[efa92a55]&amp#27;[0m&amp#27;[38;5;86m[HTTP]&amp#27;[0m &amp#27;[37m<-- POST /session/efa92a55-dfa6-414f-9b2c-7304d3a6b03e/element &amp#27;[39m&amp#27;[32m200&amp#27;[39m &amp#27;[90m111 ms - 137&amp#27;[39m &amp#27;[90m&amp#27;[39m
&amp#27;[38;5;132m[efa92a55]&amp#27;[0m&amp#27;[38;5;86m[HTTP]&amp#27;[0m &amp#27;[37m-->&amp#27;[39m &amp#27;[37mGET&amp#27;[39m &amp#27;[37m/session/efa92a55-dfa6-414f-9b2c-7304d3a6b03e/element/00000000-0000-068d-ffff-ffff00000040/text&amp#27;[39m &amp#27;[90m{}&amp#27;[39m
&amp#27;[38;5;132m[efa92a55]&amp#27;[0m&amp#27;[38;5;-154m[AndroidUiautomator2Driver@07d8]&amp#27;[0m Driver proxy active, passing request on via HTTP proxy
&amp#27;[38;5;132m[efa92a55]&amp#27;[0m&amp#27;[38;5;-154m[AndroidUiautomator2Driver@07d8]&amp#27;[0m Matched '/session/efa92a55-dfa6-414f-9b2c-7304d3a6b03e/element/00000000-0000-068d-ffff-ffff00000040/text' to command name 'getText'
&amp#27;[38;5;132m[efa92a55]&amp#27;[0m&amp#27;[38;5;-154m[AndroidUiautomator2Driver@07d8]&amp#27;[0m Proxying [GET /session/efa92a55-dfa6-414f-9b2c-7304d3a6b03e/element/00000000-0000-068d-ffff-ffff00000040/text] to [GET http://127.0.0.1:8201/session/3259dfd7-0cb9-4195-b02a-a9de0cc84ebf/element/00000000-0000-068d-ffff-ffff00000040/text] with no body
&amp#27;[38;5;132m[efa92a55]&amp#27;[0m&amp#27;[38;5;-154m[AndroidUiautomator2Driver@07d8]&amp#27;[0m Got response with status 200: {"sessionId":"3259dfd7-0cb9-4195-b02a-a9de0cc84ebf","value":"Products"}
&amp#27;[38;5;132m[efa92a55]&amp#27;[0m&amp#27;[38;5;-154m[AndroidUiautomator2Driver@07d8]&amp#27;[0m Replacing sessionId 3259dfd7-0cb9-4195-b02a-a9de0cc84ebf with efa92a55-dfa6-414f-9b2c-7304d3a6b03e
&amp#27;[38;5;132m[efa92a55]&amp#27;[0m&amp#27;[38;5;86m[HTTP]&amp#27;[0m &amp#27;[37m<-- GET /session/efa92a55-dfa6-414f-9b2c-7304d3a6b03e/element/00000000-0000-068d-ffff-ffff00000040/text &amp#27;[39m&amp#27;[32m200&amp#27;[39m &amp#27;[90m22 ms - 71&amp#27;[39m &amp#27;[90m&amp#27;[39m
Test Passed: backButtonVerification
]]></system-out>
    <system-err><![CDATA[SLF4J(W): No SLF4J providers were found.
SLF4J(W): Defaulting to no-operation (NOP) logger implementation
SLF4J(W): See https://www.slf4j.org/codes.html#noProviders for further details.
]]></system-err>
  </testcase>
  <testcase name="isCartVisible[{name=Raj, country=Austria, product=Converse All Star, genderFemale=Female, genderMale=Male}](1)" classname="testCases.CartPageTest" time="17.089">
    <system-out><![CDATA[&amp#27;[38;5;132m[efa92a55]&amp#27;[0m&amp#27;[38;5;86m[HTTP]&amp#27;[0m &amp#27;[37m-->&amp#27;[39m &amp#27;[37mDELETE&amp#27;[39m &amp#27;[37m/session/efa92a55-dfa6-414f-9b2c-7304d3a6b03e&amp#27;[39m &amp#27;[90m{}&amp#27;[39m
&amp#27;[38;5;132m[efa92a55]&amp#27;[0m&amp#27;[38;5;-154m[AndroidUiautomator2Driver@07d8]&amp#27;[0m Calling AppiumDriver.deleteSession() with args: ["efa92a55-dfa6-414f-9b2c-7304d3a6b03e"]
&amp#27;[38;5;132m[efa92a55]&amp#27;[0m&amp#27;[38;5;117m[AppiumDriver@687b]&amp#27;[0m Event 'quitSessionRequested' logged at 1744634671017 (18:14:31 GMT+0530 (India Standard Time))
&amp#27;[38;5;132m[efa92a55]&amp#27;[0m&amp#27;[38;5;117m[AppiumDriver@687b]&amp#27;[0m Removing session efa92a55-dfa6-414f-9b2c-7304d3a6b03e from our master session list
&amp#27;[38;5;132m[efa92a55]&amp#27;[0m&amp#27;[38;5;-154m[AndroidUiautomator2Driver@07d8]&amp#27;[0m Deleting UiAutomator2 session
&amp#27;[38;5;132m[efa92a55]&amp#27;[0m&amp#27;[38;5;-154m[AndroidUiautomator2Driver@07d8]&amp#27;[0m Deleting UiAutomator2 server session
&amp#27;[38;5;132m[efa92a55]&amp#27;[0m&amp#27;[38;5;-154m[AndroidUiautomator2Driver@07d8]&amp#27;[0m Matched '/' to command name 'deleteSession'
&amp#27;[38;5;132m[efa92a55]&amp#27;[0m&amp#27;[38;5;-154m[AndroidUiautomator2Driver@07d8]&amp#27;[0m Proxying [DELETE /] to [DELETE http://127.0.0.1:8201/session/3259dfd7-0cb9-4195-b02a-a9de0cc84ebf] with no body
&amp#27;[38;5;132m[efa92a55]&amp#27;[0m&amp#27;[38;5;-154m[AndroidUiautomator2Driver@07d8]&amp#27;[0m Got response with status 200: {"sessionId":"3259dfd7-0cb9-4195-b02a-a9de0cc84ebf","value":null}
&amp#27;[38;5;132m[efa92a55]&amp#27;[0m&amp#27;[38;5;-154m[AndroidUiautomator2Driver@07d8]&amp#27;[0m [Instrumentation] io.appium.uiautomator2.server.test.AppiumUiAutomator2Server:
&amp#27;[38;5;132m[efa92a55]&amp#27;[0m&amp#27;[38;5;-154m[AndroidUiautomator2Driver@07d8]&amp#27;[0m [Instrumentation] The process has exited with code null, signal SIGTERM
&amp#27;[38;5;132m[efa92a55]&amp#27;[0m&amp#27;[38;5;229m[ADB]&amp#27;[0m Running 'C:\Users\User1\AppData\Local\Android\Sdk\platform-tools\adb.exe -P 5037 -s emulator-5554 shell dumpsys activity services io.appium.settings/.recorder.RecorderService'
&amp#27;[38;5;132m[efa92a55]&amp#27;[0m&amp#27;[38;5;229m[ADB]&amp#27;[0m Running 'C:\Users\User1\AppData\Local\Android\Sdk\platform-tools\adb.exe -P 5037 -s emulator-5554 shell am force-stop com.androidsample.generalstore'
&amp#27;[38;5;132m[efa92a55]&amp#27;[0m&amp#27;[38;5;229m[ADB]&amp#27;[0m Removing forwarded port socket connection: 8201 
&amp#27;[38;5;132m[efa92a55]&amp#27;[0m&amp#27;[38;5;229m[ADB]&amp#27;[0m Running 'C:\Users\User1\AppData\Local\Android\Sdk\platform-tools\adb.exe -P 5037 -s emulator-5554 forward --remove tcp:8201'
&amp#27;[38;5;132m[efa92a55]&amp#27;[0m&amp#27;[38;5;-154m[AndroidUiautomator2Driver@07d8]&amp#27;[0m Restoring hidden api policy to the device default configuration
&amp#27;[38;5;132m[efa92a55]&amp#27;[0m&amp#27;[38;5;229m[ADB]&amp#27;[0m Running 'C:\Users\User1\AppData\Local\Android\Sdk\platform-tools\adb.exe -P 5037 -s emulator-5554 shell 'settings delete global hidden_api_policy_pre_p_apps;settings delete global hidden_api_policy_p_apps;settings delete global hidden_api_policy''
&amp#27;[38;5;132m[efa92a55]&amp#27;[0m&amp#27;[38;5;160m[Logcat]&amp#27;[0m Stopping logcat capture
&amp#27;[38;5;132m[efa92a55]&amp#27;[0m&amp#27;[38;5;117m[AppiumDriver@687b]&amp#27;[0m Event 'quitSessionFinished' logged at 1744634671751 (18:14:31 GMT+0530 (India Standard Time))
&amp#27;[38;5;132m[efa92a55]&amp#27;[0m&amp#27;[38;5;117m[AppiumDriver@687b]&amp#27;[0m Received response: null
&amp#27;[38;5;132m[efa92a55]&amp#27;[0m&amp#27;[38;5;117m[AppiumDriver@687b]&amp#27;[0m But deleting session, so not returning
&amp#27;[38;5;132m[efa92a55]&amp#27;[0m&amp#27;[38;5;117m[AppiumDriver@687b]&amp#27;[0m Responding to client with driver.deleteSession() result: null
&amp#27;[38;5;132m[efa92a55]&amp#27;[0m&amp#27;[38;5;86m[HTTP]&amp#27;[0m &amp#27;[37m<-- DELETE /session/efa92a55-dfa6-414f-9b2c-7304d3a6b03e &amp#27;[39m&amp#27;[32m200&amp#27;[39m &amp#27;[90m736 ms - 14&amp#27;[39m &amp#27;[90m&amp#27;[39m
&amp#27;[38;5;112m[Appium]&amp#27;[0m Welcome to Appium v2.11.5
&amp#27;[38;5;112m[Appium]&amp#27;[0m The autodetected Appium home path: C:\Users\User1\.appium
&amp#27;[38;5;112m[Appium]&amp#27;[0m Attempting to load driver uiautomator2...
&amp#27;[38;5;112m[Appium]&amp#27;[0m Attempting to load driver xcuitest...
&amp#27;[38;5;112m[Appium]&amp#27;[0m Attempting to load driver espresso...
&amp#27;[38;5;112m[Appium]&amp#27;[0m Requiring driver at C:\Users\User1\.appium\node_modules\appium-uiautomator2-driver\build\index.js
&amp#27;[38;5;112m[Appium]&amp#27;[0m Requiring driver at C:\Users\User1\.appium\node_modules\appium-xcuitest-driver\build\index.js
&amp#27;[38;5;112m[Appium]&amp#27;[0m Requiring driver at C:\Users\User1\.appium\node_modules\appium-espresso-driver\build\index.js
&amp#27;[38;5;112m[Appium]&amp#27;[0m AndroidUiautomator2Driver has been successfully loaded in 3.124s
&amp#27;[38;5;112m[Appium]&amp#27;[0m XCUITestDriver has been successfully loaded in 3.124s
&amp#27;[38;5;112m[Appium]&amp#27;[0m EspressoDriver has been successfully loaded in 3.124s
&amp#27;[38;5;112m[Appium]&amp#27;[0m Attempting to load driver gecko...
&amp#27;[38;5;112m[Appium]&amp#27;[0m Requiring driver at C:\Users\User1\.appium\node_modules\appium-geckodriver\build\index.js
&amp#27;[38;5;112m[Appium]&amp#27;[0m GeckoDriver has been successfully loaded in 0.133s
&amp#27;[38;5;112m[Appium]&amp#27;[0m Appium REST http interface listener started on http://0.0.0.0:4723
&amp#27;[38;5;112m[Appium]&amp#27;[0m You can provide the following URLs in your client code to connect to this server:
	http://192.168.0.114:4723/
	http://127.0.0.1:4723/ (only accessible from the same host)
&amp#27;[38;5;112m[Appium]&amp#27;[0m Available drivers:
&amp#27;[38;5;112m[Appium]&amp#27;[0m   - uiautomator2@3.8.0 (automationName 'UiAutomator2')
&amp#27;[38;5;112m[Appium]&amp#27;[0m   - xcuitest@7.27.1 (automationName 'XCUITest')
&amp#27;[38;5;112m[Appium]&amp#27;[0m   - espresso@3.5.0 (automationName 'Espresso')
&amp#27;[38;5;112m[Appium]&amp#27;[0m   - gecko@1.4.0 (automationName 'Gecko')
&amp#27;[38;5;112m[Appium]&amp#27;[0m No plugins have been installed. Use the "appium plugin" command to install the one(s) you want to use.
&amp#27;[38;5;86m[HTTP]&amp#27;[0m &amp#27;[37m-->&amp#27;[39m &amp#27;[37mGET&amp#27;[39m &amp#27;[37m/status&amp#27;[39m &amp#27;[90m{}&amp#27;[39m
&amp#27;[38;5;160m[AppiumDriver@229e]&amp#27;[0m Calling AppiumDriver.getStatus() with args: []
&amp#27;[38;5;160m[AppiumDriver@229e]&amp#27;[0m Responding to client with driver.getStatus() result: {"ready":true,"message":"The server is ready to accept new connections","build":{"version":"2.11.5"}}
&amp#27;[38;5;86m[HTTP]&amp#27;[0m &amp#27;[37m<-- GET /status &amp#27;[39m&amp#27;[32m200&amp#27;[39m &amp#27;[90m7 ms - 111&amp#27;[39m &amp#27;[90m&amp#27;[39m
&amp#27;[38;5;86m[HTTP]&amp#27;[0m Request idempotency key: dd748c73-23d9-488d-abe4-45e5bf1e5782
&amp#27;[38;5;86m[HTTP]&amp#27;[0m &amp#27;[37m-->&amp#27;[39m &amp#27;[37mPOST&amp#27;[39m &amp#27;[37m/session&amp#27;[39m &amp#27;[90m{"capabilities":{"firstMatch":[{"appium:chromedriverExecutable":"C://Users//User1//Downloads//chromedriver-win64//chromedriver-win64//chromedriver.exe","appium:deviceName":"Rajemulator","platformName":"ANDROID","appium:automationName":"UIAutomator2","appium:app":"C:\\Users\\User1\\eclipse-workspace\\eCommerceFramework//src//main//resources//General-Store.apk"}]}}&amp#27;[39m
&amp#27;[38;5;160m[AppiumDriver@229e]&amp#27;[0m Calling AppiumDriver.createSession() with args: [null,null,{"firstMatch":[{"appium:chromedriverExecutable":"C://Users//User1//Downloads//chromedriver-win64//chromedriver-win64//chromedriver.exe","appium:deviceName":"Rajemulator","platformName":"ANDROID","appium:automationName":"UIAutomator2","appium:app":"C:\\Users\\User1\\eclipse-workspace\\eCommerceFramework//src//main//resources//General-Store.apk"}]}]
&amp#27;[38;5;160m[AppiumDriver@229e]&amp#27;[0m Event 'newSessionRequested' logged at 1744634677864 (18:14:37 GMT+0530 (India Standard Time))
&amp#27;[38;5;112m[Appium]&amp#27;[0m Attempting to find matching driver for automationName 'UIAutomator2' and platformName 'ANDROID'
&amp#27;[38;5;112m[Appium]&amp#27;[0m The 'uiautomator2' driver was installed and matched caps.
&amp#27;[38;5;112m[Appium]&amp#27;[0m Will require it at C:\Users\User1\.appium\node_modules\appium-uiautomator2-driver
&amp#27;[38;5;112m[Appium]&amp#27;[0m Requiring driver at C:\Users\User1\.appium\node_modules\appium-uiautomator2-driver\build\index.js
&amp#27;[38;5;160m[AppiumDriver@229e]&amp#27;[0m Appium v2.11.5 creating new AndroidUiautomator2Driver (v3.8.0) session
&amp#27;[38;5;160m[AppiumDriver@229e]&amp#27;[0m Checking BaseDriver versions for Appium and AndroidUiautomator2Driver
&amp#27;[38;5;160m[AppiumDriver@229e]&amp#27;[0m Appium's BaseDriver version is 9.11.5
&amp#27;[38;5;160m[AppiumDriver@229e]&amp#27;[0m AndroidUiautomator2Driver's BaseDriver version is 9.11.5
&amp#27;[38;5;-24m[AndroidUiautomator2Driver@8bcd]&amp#27;[0m 
&amp#27;[38;5;-24m[AndroidUiautomator2Driver@8bcd]&amp#27;[0m Creating session with W3C capabilities: {
  "alwaysMatch": {
    "platformName": "ANDROID",
    "appium:chromedriverExecutable": "C://Users//User1//Downloads//chromedriver-win64//chromedriver-win64//chromedriver.exe",
    "appium:deviceName": "Rajemulator",
    "appium:automationName": "UIAutomator2",
    "appium:app": "C:\\Users\\User1\\eclipse-workspace\\eCommerceFramework//src//main//resources//General-Store.apk"
  },
  "firstMatch": [
    {}
  ]
}
&amp#27;[38;5;141m[c72847e5]&amp#27;[0m&amp#27;[38;5;-24m[AndroidUiautomator2Driver@8bcd]&amp#27;[0m Session created with session id: c72847e5-6337-42b4-a869-346f0eb56af5
&amp#27;[38;5;141m[c72847e5]&amp#27;[0m&amp#27;[38;5;229m[ADB]&amp#27;[0m Found 3 'build-tools' folders under 'C:\Users\User1\AppData\Local\Android\Sdk' (newest first):
&amp#27;[38;5;141m[c72847e5]&amp#27;[0m&amp#27;[38;5;229m[ADB]&amp#27;[0m     C:\Users\User1\AppData\Local\Android\Sdk\build-tools\36.0.0-rc1
&amp#27;[38;5;141m[c72847e5]&amp#27;[0m&amp#27;[38;5;229m[ADB]&amp#27;[0m     C:\Users\User1\AppData\Local\Android\Sdk\build-tools\35.0.0
&amp#27;[38;5;141m[c72847e5]&amp#27;[0m&amp#27;[38;5;229m[ADB]&amp#27;[0m     C:\Users\User1\AppData\Local\Android\Sdk\build-tools\34.0.0
&amp#27;[38;5;141m[c72847e5]&amp#27;[0m&amp#27;[38;5;229m[ADB]&amp#27;[0m Using 'adb.exe' from 'C:\Users\User1\AppData\Local\Android\Sdk\platform-tools\adb.exe'
&amp#27;[38;5;141m[c72847e5]&amp#27;[0m&amp#27;[38;5;229m[ADB]&amp#27;[0m Running 'C:\Users\User1\AppData\Local\Android\Sdk\platform-tools\adb.exe -P 5037 start-server'
&amp#27;[38;5;141m[c72847e5]&amp#27;[0m&amp#27;[38;5;-24m[AndroidUiautomator2Driver@8bcd]&amp#27;[0m Retrieving device list
&amp#27;[38;5;141m[c72847e5]&amp#27;[0m&amp#27;[38;5;229m[ADB]&amp#27;[0m Trying to find connected Android devices
&amp#27;[38;5;141m[c72847e5]&amp#27;[0m&amp#27;[38;5;229m[ADB]&amp#27;[0m Getting connected devices
&amp#27;[38;5;141m[c72847e5]&amp#27;[0m&amp#27;[38;5;229m[ADB]&amp#27;[0m Connected devices: [{"udid":"emulator-5554","state":"device"}]
&amp#27;[38;5;141m[c72847e5]&amp#27;[0m&amp#27;[38;5;-24m[AndroidUiautomator2Driver@8bcd]&amp#27;[0m Using device: emulator-5554
&amp#27;[38;5;141m[c72847e5]&amp#27;[0m&amp#27;[38;5;229m[ADB]&amp#27;[0m Using 'adb.exe' from 'C:\Users\User1\AppData\Local\Android\Sdk\platform-tools\adb.exe'
&amp#27;[38;5;141m[c72847e5]&amp#27;[0m&amp#27;[38;5;229m[ADB]&amp#27;[0m Running 'C:\Users\User1\AppData\Local\Android\Sdk\platform-tools\adb.exe -P 5037 start-server'
&amp#27;[38;5;141m[c72847e5]&amp#27;[0m&amp#27;[38;5;229m[ADB]&amp#27;[0m Setting device id to emulator-5554
&amp#27;[38;5;141m[c72847e5]&amp#27;[0m&amp#27;[38;5;123m[BaseDriver]&amp#27;[0m Using local app 'C:\Users\User1\eclipse-workspace\eCommerceFramework//src//main//resources//General-Store.apk'
&amp#27;[38;5;141m[c72847e5]&amp#27;[0m&amp#27;[38;5;-24m[AndroidUiautomator2Driver@8bcd]&amp#27;[0m Checking whether app is actually present
&amp#27;[38;5;141m[c72847e5]&amp#27;[0m&amp#27;[38;5;229m[ADB]&amp#27;[0m Running 'C:\Users\User1\AppData\Local\Android\Sdk\platform-tools\adb.exe -P 5037 -s emulator-5554 shell getprop ro.build.version.sdk'
&amp#27;[38;5;141m[c72847e5]&amp#27;[0m&amp#27;[38;5;229m[ADB]&amp#27;[0m Current device property 'ro.build.version.sdk': 35
&amp#27;[38;5;141m[c72847e5]&amp#27;[0m&amp#27;[38;5;229m[ADB]&amp#27;[0m Getting device platform version
&amp#27;[38;5;141m[c72847e5]&amp#27;[0m&amp#27;[38;5;229m[ADB]&amp#27;[0m Running 'C:\Users\User1\AppData\Local\Android\Sdk\platform-tools\adb.exe -P 5037 -s emulator-5554 shell getprop ro.build.version.release'
&amp#27;[38;5;141m[c72847e5]&amp#27;[0m&amp#27;[38;5;229m[ADB]&amp#27;[0m Current device property 'ro.build.version.release': 15
&amp#27;[38;5;141m[c72847e5]&amp#27;[0m&amp#27;[38;5;229m[ADB]&amp#27;[0m Device API level: 35
&amp#27;[38;5;141m[c72847e5]&amp#27;[0m&amp#27;[38;5;-24m[AndroidUiautomator2Driver@8bcd]&amp#27;[0m Relaxing hidden api policy
&amp#27;[38;5;141m[c72847e5]&amp#27;[0m&amp#27;[38;5;229m[ADB]&amp#27;[0m Running 'C:\Users\User1\AppData\Local\Android\Sdk\platform-tools\adb.exe -P 5037 -s emulator-5554 shell 'settings put global hidden_api_policy_pre_p_apps 1;settings put global hidden_api_policy_p_apps 1;settings put global hidden_api_policy 1''
&amp#27;[38;5;141m[c72847e5]&amp#27;[0m&amp#27;[38;5;-24m[AndroidUiautomator2Driver@8bcd]&amp#27;[0m Parsing package and activity from app manifest
&amp#27;[38;5;141m[c72847e5]&amp#27;[0m&amp#27;[38;5;229m[ADB]&amp#27;[0m Running 'C:\Users\User1\AppData\Local\Android\Sdk\platform-tools\adb.exe -P 5037 -s emulator-5554 wait-for-device'
&amp#27;[38;5;141m[c72847e5]&amp#27;[0m&amp#27;[38;5;229m[ADB]&amp#27;[0m Using 'aapt2.exe' from 'C:\Users\User1\AppData\Local\Android\Sdk\build-tools\36.0.0-rc1\aapt2.exe'
&amp#27;[38;5;141m[c72847e5]&amp#27;[0m&amp#27;[38;5;229m[ADB]&amp#27;[0m Reading package manifest: 'C:\\Users\\User1\\AppData\\Local\\Android\\Sdk\\build-tools\\36.0.0-rc1\\aapt2.exe dump badging C:\\Users\\User1\\eclipse-workspace\\eCommerceFramework//src//main//resources//General-Store.apk'
&amp#27;[38;5;141m[c72847e5]&amp#27;[0m&amp#27;[38;5;229m[ADB]&amp#27;[0m Running 'C:\Users\User1\AppData\Local\Android\Sdk\platform-tools\adb.exe -P 5037 -s emulator-5554 shell echo ping'
&amp#27;[38;5;141m[c72847e5]&amp#27;[0m&amp#27;[38;5;229m[ADB]&amp#27;[0m Package name: 'com.androidsample.generalstore'
&amp#27;[38;5;141m[c72847e5]&amp#27;[0m&amp#27;[38;5;229m[ADB]&amp#27;[0m Main activity name: 'com.androidsample.generalstore.SplashActivity'
&amp#27;[38;5;141m[c72847e5]&amp#27;[0m&amp#27;[38;5;-24m[AndroidUiautomator2Driver@8bcd]&amp#27;[0m Parsed package and activity are: com.androidsample.generalstore/com.androidsample.generalstore.SplashActivity
&amp#27;[38;5;141m[c72847e5]&amp#27;[0m&amp#27;[38;5;-24m[AndroidUiautomator2Driver@8bcd]&amp#27;[0m Pushing settings apk to the device...
&amp#27;[38;5;141m[c72847e5]&amp#27;[0m&amp#27;[38;5;229m[ADB]&amp#27;[0m Getting package info for 'io.appium.settings'
&amp#27;[38;5;141m[c72847e5]&amp#27;[0m&amp#27;[38;5;229m[ADB]&amp#27;[0m Running 'C:\Users\User1\AppData\Local\Android\Sdk\platform-tools\adb.exe -P 5037 -s emulator-5554 shell dumpsys package io.appium.settings'
&amp#27;[38;5;141m[c72847e5]&amp#27;[0m&amp#27;[38;5;229m[ADB]&amp#27;[0m Reading package manifest: 'C:\\Users\\User1\\AppData\\Local\\Android\\Sdk\\build-tools\\36.0.0-rc1\\aapt2.exe dump badging C:\\Users\\User1\\.appium\\node_modules\\appium-uiautomator2-driver\\node_modules\\io.appium.settings\\apks\\settings_apk-debug.apk'
&amp#27;[38;5;141m[c72847e5]&amp#27;[0m&amp#27;[38;5;229m[ADB]&amp#27;[0m The version name of the installed 'io.appium.settings' is greater or equal to the application version name ('5.12.13' >= '5.12.13')
&amp#27;[38;5;141m[c72847e5]&amp#27;[0m&amp#27;[38;5;229m[ADB]&amp#27;[0m There is no need to install/upgrade 'C:\Users\User1\.appium\node_modules\appium-uiautomator2-driver\node_modules\io.appium.settings\apks\settings_apk-debug.apk'
&amp#27;[38;5;141m[c72847e5]&amp#27;[0m&amp#27;[38;5;229m[ADB]&amp#27;[0m Running 'C:\Users\User1\AppData\Local\Android\Sdk\platform-tools\adb.exe -P 5037 -s emulator-5554 shell dumpsys activity services io.appium.settings'
&amp#27;[38;5;141m[c72847e5]&amp#27;[0m&amp#27;[38;5;-24m[AndroidUiautomator2Driver@8bcd]&amp#27;[0m io.appium.settings is already running. There is no need to reset its permissions.
&amp#27;[38;5;141m[c72847e5]&amp#27;[0m&amp#27;[38;5;160m[Logcat]&amp#27;[0m Starting logs capture with command: C:\\Users\\User1\\AppData\\Local\\Android\\Sdk\\platform-tools\\adb.exe -P 5037 -s emulator-5554 logcat -v threadtime
&amp#27;[38;5;141m[c72847e5]&amp#27;[0m&amp#27;[38;5;-24m[AndroidUiautomator2Driver@8bcd]&amp#27;[0m Forwarding UiAutomator2 Server port 6790 to local port 8201
&amp#27;[38;5;141m[c72847e5]&amp#27;[0m&amp#27;[38;5;229m[ADB]&amp#27;[0m Forwarding system: 8201 to device: 6790
&amp#27;[38;5;141m[c72847e5]&amp#27;[0m&amp#27;[38;5;229m[ADB]&amp#27;[0m Running 'C:\Users\User1\AppData\Local\Android\Sdk\platform-tools\adb.exe -P 5037 -s emulator-5554 forward tcp:8201 tcp:6790'
&amp#27;[38;5;141m[c72847e5]&amp#27;[0m&amp#27;[38;5;229m[ADB]&amp#27;[0m Getting package info for 'io.appium.uiautomator2.server'
&amp#27;[38;5;141m[c72847e5]&amp#27;[0m&amp#27;[38;5;229m[ADB]&amp#27;[0m Running 'C:\Users\User1\AppData\Local\Android\Sdk\platform-tools\adb.exe -P 5037 -s emulator-5554 shell dumpsys package io.appium.uiautomator2.server'
&amp#27;[38;5;141m[c72847e5]&amp#27;[0m&amp#27;[38;5;229m[ADB]&amp#27;[0m Getting install status for io.appium.uiautomator2.server.test
&amp#27;[38;5;141m[c72847e5]&amp#27;[0m&amp#27;[38;5;229m[ADB]&amp#27;[0m Checking app cert for C:\Users\User1\eclipse-workspace\eCommerceFramework//src//main//resources//General-Store.apk
&amp#27;[38;5;141m[c72847e5]&amp#27;[0m&amp#27;[38;5;229m[ADB]&amp#27;[0m Running 'C:\Users\User1\AppData\Local\Android\Sdk\platform-tools\adb.exe -P 5037 -s emulator-5554 shell cmd package list packages'
&amp#27;[38;5;141m[c72847e5]&amp#27;[0m&amp#27;[38;5;229m[ADB]&amp#27;[0m Using 'apksigner.jar' from 'C:\Users\User1\AppData\Local\Android\Sdk\build-tools\36.0.0-rc1\lib\apksigner.jar'
&amp#27;[38;5;141m[c72847e5]&amp#27;[0m&amp#27;[38;5;229m[ADB]&amp#27;[0m Starting apksigner: 'C:\\Program Files\\Java\\jdk-22\\bin\\java.exe' -Xmx1024M -Xss1m -jar C:\\Users\\User1\\AppData\\Local\\Android\\Sdk\\build-tools\\36.0.0-rc1\\lib\\apksigner.jar verify --print-certs C:\\Users\\User1\\eclipse-workspace\\eCommerceFramework//src//main//resources//General-Store.apk
&amp#27;[38;5;141m[c72847e5]&amp#27;[0m&amp#27;[38;5;229m[ADB]&amp#27;[0m Reading package manifest: 'C:\\Users\\User1\\AppData\\Local\\Android\\Sdk\\build-tools\\36.0.0-rc1\\aapt2.exe dump badging C:\\Users\\User1\\.appium\\node_modules\\appium-uiautomator2-driver\\node_modules\\appium-uiautomator2-server\\apks\\appium-uiautomator2-server-v7.0.25.apk'
&amp#27;[38;5;141m[c72847e5]&amp#27;[0m&amp#27;[38;5;229m[ADB]&amp#27;[0m 'io.appium.uiautomator2.server.test' is installed
&amp#27;[38;5;141m[c72847e5]&amp#27;[0m&amp#27;[38;5;229m[ADB]&amp#27;[0m The version name of the installed 'io.appium.uiautomator2.server' is greater or equal to the application version name ('7.0.25' >= '7.0.25')
&amp#27;[38;5;141m[c72847e5]&amp#27;[0m&amp#27;[38;5;-24m[AndroidUiautomator2Driver@8bcd]&amp#27;[0m Server packages status: [{"installState":"sameVersionInstalled","appPath":"C:\\Users\\User1\\.appium\\node_modules\\appium-uiautomator2-driver\\node_modules\\appium-uiautomator2-server\\apks\\appium-uiautomator2-server-v7.0.25.apk","appId":"io.appium.uiautomator2.server"},{"installState":"sameVersionInstalled","appPath":"C:\\Users\\User1\\.appium\\node_modules\\appium-uiautomator2-driver\\node_modules\\appium-uiautomator2-server\\apks\\appium-uiautomator2-server-debug-androidTest.apk","appId":"io.appium.uiautomator2.server.test"}]
&amp#27;[38;5;141m[c72847e5]&amp#27;[0m&amp#27;[38;5;-24m[AndroidUiautomator2Driver@8bcd]&amp#27;[0m Server packages are not going to be (re)installed
&amp#27;[38;5;141m[c72847e5]&amp#27;[0m&amp#27;[38;5;-24m[AndroidUiautomator2Driver@8bcd]&amp#27;[0m Waiting up to 30000ms for services to be available
&amp#27;[38;5;141m[c72847e5]&amp#27;[0m&amp#27;[38;5;229m[ADB]&amp#27;[0m Running 'C:\Users\User1\AppData\Local\Android\Sdk\platform-tools\adb.exe -P 5037 -s emulator-5554 shell pm list instrumentation'
&amp#27;[38;5;141m[c72847e5]&amp#27;[0m&amp#27;[38;5;-24m[AndroidUiautomator2Driver@8bcd]&amp#27;[0m Instrumentation target 'io.appium.uiautomator2.server.test/androidx.test.runner.AndroidJUnitRunner' is available
&amp#27;[38;5;141m[c72847e5]&amp#27;[0m&amp#27;[38;5;229m[ADB]&amp#27;[0m Adding packages ["io.appium.settings","io.appium.uiautomator2.server","io.appium.uiautomator2.server.test"] to Doze whitelist
&amp#27;[38;5;141m[c72847e5]&amp#27;[0m&amp#27;[38;5;229m[ADB]&amp#27;[0m Got the following command chunks to execute: [["dumpsys","deviceidle","whitelist","+io.appium.settings",";","dumpsys","deviceidle","whitelist","+io.appium.uiautomator2.server",";","dumpsys","deviceidle","whitelist","+io.appium.uiautomator2.server.test",";"]]
&amp#27;[38;5;141m[c72847e5]&amp#27;[0m&amp#27;[38;5;229m[ADB]&amp#27;[0m Running 'C:\Users\User1\AppData\Local\Android\Sdk\platform-tools\adb.exe -P 5037 -s emulator-5554 shell dumpsys deviceidle whitelist +io.appium.settings ; dumpsys deviceidle whitelist +io.appium.uiautomator2.server ; dumpsys deviceidle whitelist +io.appium.uiautomator2.server.test ;'
&amp#27;[38;5;141m[c72847e5]&amp#27;[0m&amp#27;[38;5;229m[ADB]&amp#27;[0m apksigner stdout: Signer #1 certificate DN: C=US, O=Android, CN=Android Debug
Signer #1 certificate SHA-256 digest: f5f5931c019be6bff8a26255f76ae9ef8a8e631d2a702ec10e91110231549eef
Signer #1 certificate SHA-1 digest: b250161db8b5d0a1bd39154c9fd749bdad79c1a3
Signer #1 certificate MD5 digest: 7a5550323d84472ca25a0861c63e0a6c

&amp#27;[38;5;141m[c72847e5]&amp#27;[0m&amp#27;[38;5;229m[ADB]&amp#27;[0m 'C:\Users\User1\eclipse-workspace\eCommerceFramework//src//main//resources//General-Store.apk' is signed with a non-default certificate
&amp#27;[38;5;141m[c72847e5]&amp#27;[0m&amp#27;[38;5;229m[ADB]&amp#27;[0m Getting package info for 'com.androidsample.generalstore'
&amp#27;[38;5;141m[c72847e5]&amp#27;[0m&amp#27;[38;5;229m[ADB]&amp#27;[0m Running 'C:\Users\User1\AppData\Local\Android\Sdk\platform-tools\adb.exe -P 5037 -s emulator-5554 shell dumpsys package com.androidsample.generalstore'
&amp#27;[38;5;141m[c72847e5]&amp#27;[0m&amp#27;[38;5;229m[ADB]&amp#27;[0m Reading package manifest: 'C:\\Users\\User1\\AppData\\Local\\Android\\Sdk\\build-tools\\36.0.0-rc1\\aapt2.exe dump badging C:\\Users\\User1\\eclipse-workspace\\eCommerceFramework//src//main//resources//General-Store.apk'
&amp#27;[38;5;141m[c72847e5]&amp#27;[0m&amp#27;[38;5;229m[ADB]&amp#27;[0m The version name of the installed 'com.androidsample.generalstore' is greater or equal to the application version name ('1.0.0' >= '1.0.0')
&amp#27;[38;5;141m[c72847e5]&amp#27;[0m&amp#27;[38;5;229m[ADB]&amp#27;[0m There is no need to install/upgrade 'C:\Users\User1\eclipse-workspace\eCommerceFramework//src//main//resources//General-Store.apk'
&amp#27;[38;5;141m[c72847e5]&amp#27;[0m&amp#27;[38;5;-24m[AndroidUiautomator2Driver@8bcd]&amp#27;[0m Performing fast reset on 'com.androidsample.generalstore'
&amp#27;[38;5;141m[c72847e5]&amp#27;[0m&amp#27;[38;5;229m[ADB]&amp#27;[0m Getting install status for com.androidsample.generalstore
&amp#27;[38;5;141m[c72847e5]&amp#27;[0m&amp#27;[38;5;229m[ADB]&amp#27;[0m Running 'C:\Users\User1\AppData\Local\Android\Sdk\platform-tools\adb.exe -P 5037 -s emulator-5554 shell cmd package list packages'
&amp#27;[38;5;141m[c72847e5]&amp#27;[0m&amp#27;[38;5;229m[ADB]&amp#27;[0m 'com.androidsample.generalstore' is installed
&amp#27;[38;5;141m[c72847e5]&amp#27;[0m&amp#27;[38;5;229m[ADB]&amp#27;[0m Running 'C:\Users\User1\AppData\Local\Android\Sdk\platform-tools\adb.exe -P 5037 -s emulator-5554 shell am force-stop com.androidsample.generalstore'
&amp#27;[38;5;141m[c72847e5]&amp#27;[0m&amp#27;[38;5;229m[ADB]&amp#27;[0m Running 'C:\Users\User1\AppData\Local\Android\Sdk\platform-tools\adb.exe -P 5037 -s emulator-5554 shell pm clear com.androidsample.generalstore'
&amp#27;[38;5;141m[c72847e5]&amp#27;[0m&amp#27;[38;5;-24m[AndroidUiautomator2Driver@8bcd]&amp#27;[0m Performed fast reset on the installed 'com.androidsample.generalstore' application (stop and clear)
&amp#27;[38;5;141m[c72847e5]&amp#27;[0m&amp#27;[38;5;-24m[AndroidUiautomator2Driver@8bcd]&amp#27;[0m Performing shallow cleanup of automation leftovers
&amp#27;[38;5;141m[c72847e5]&amp#27;[0m&amp#27;[38;5;-24m[AndroidUiautomator2Driver@8bcd]&amp#27;[0m No obsolete sessions have been detected (socket hang up)
&amp#27;[38;5;141m[c72847e5]&amp#27;[0m&amp#27;[38;5;229m[ADB]&amp#27;[0m Running 'C:\Users\User1\AppData\Local\Android\Sdk\platform-tools\adb.exe -P 5037 -s emulator-5554 shell am force-stop io.appium.uiautomator2.server'
&amp#27;[38;5;141m[c72847e5]&amp#27;[0m&amp#27;[38;5;229m[ADB]&amp#27;[0m Running 'C:\Users\User1\AppData\Local\Android\Sdk\platform-tools\adb.exe -P 5037 -s emulator-5554 shell am force-stop io.appium.uiautomator2.server.test'
&amp#27;[38;5;141m[c72847e5]&amp#27;[0m&amp#27;[38;5;-24m[AndroidUiautomator2Driver@8bcd]&amp#27;[0m Starting UIAutomator2 server 7.0.25
&amp#27;[38;5;141m[c72847e5]&amp#27;[0m&amp#27;[38;5;-24m[AndroidUiautomator2Driver@8bcd]&amp#27;[0m Using UIAutomator2 server from 'C:\Users\User1\.appium\node_modules\appium-uiautomator2-driver\node_modules\appium-uiautomator2-server\apks\appium-uiautomator2-server-v7.0.25.apk' and test from 'C:\Users\User1\.appium\node_modules\appium-uiautomator2-driver\node_modules\appium-uiautomator2-server\apks\appium-uiautomator2-server-debug-androidTest.apk'
&amp#27;[38;5;141m[c72847e5]&amp#27;[0m&amp#27;[38;5;-24m[AndroidUiautomator2Driver@8bcd]&amp#27;[0m Waiting up to 30000ms for UiAutomator2 to be online...
&amp#27;[38;5;141m[c72847e5]&amp#27;[0m&amp#27;[38;5;229m[ADB]&amp#27;[0m Creating ADB subprocess with args: ["-P","5037","-s","emulator-5554","shell","am","instrument","-w","-e","disableAnalytics","true","io.appium.uiautomator2.server.test/androidx.test.runner.AndroidJUnitRunner"]
&amp#27;[38;5;141m[c72847e5]&amp#27;[0m&amp#27;[38;5;-24m[AndroidUiautomator2Driver@8bcd]&amp#27;[0m Matched '/status' to command name 'getStatus'
&amp#27;[38;5;141m[c72847e5]&amp#27;[0m&amp#27;[38;5;-24m[AndroidUiautomator2Driver@8bcd]&amp#27;[0m Proxying [GET /status] to [GET http://127.0.0.1:8201/status] with no body
&amp#27;[38;5;141m[c72847e5]&amp#27;[0m&amp#27;[38;5;-24m[AndroidUiautomator2Driver@8bcd]&amp#27;[0m socket hang up
&amp#27;[38;5;141m[c72847e5]&amp#27;[0m&amp#27;[38;5;-24m[AndroidUiautomator2Driver@8bcd]&amp#27;[0m Matched '/status' to command name 'getStatus'
&amp#27;[38;5;141m[c72847e5]&amp#27;[0m&amp#27;[38;5;-24m[AndroidUiautomator2Driver@8bcd]&amp#27;[0m Proxying [GET /status] to [GET http://127.0.0.1:8201/status] with no body
&amp#27;[38;5;141m[c72847e5]&amp#27;[0m&amp#27;[38;5;-24m[AndroidUiautomator2Driver@8bcd]&amp#27;[0m socket hang up
&amp#27;[38;5;141m[c72847e5]&amp#27;[0m&amp#27;[38;5;-24m[AndroidUiautomator2Driver@8bcd]&amp#27;[0m [Instrumentation] 
&amp#27;[38;5;141m[c72847e5]&amp#27;[0m&amp#27;[38;5;-24m[AndroidUiautomator2Driver@8bcd]&amp#27;[0m Matched '/status' to command name 'getStatus'
&amp#27;[38;5;141m[c72847e5]&amp#27;[0m&amp#27;[38;5;-24m[AndroidUiautomator2Driver@8bcd]&amp#27;[0m Proxying [GET /status] to [GET http://127.0.0.1:8201/status] with no body
&amp#27;[38;5;141m[c72847e5]&amp#27;[0m&amp#27;[38;5;-24m[AndroidUiautomator2Driver@8bcd]&amp#27;[0m socket hang up
&amp#27;[38;5;141m[c72847e5]&amp#27;[0m&amp#27;[38;5;-24m[AndroidUiautomator2Driver@8bcd]&amp#27;[0m Matched '/status' to command name 'getStatus'
&amp#27;[38;5;141m[c72847e5]&amp#27;[0m&amp#27;[38;5;-24m[AndroidUiautomator2Driver@8bcd]&amp#27;[0m Proxying [GET /status] to [GET http://127.0.0.1:8201/status] with no body
&amp#27;[38;5;141m[c72847e5]&amp#27;[0m&amp#27;[38;5;-24m[AndroidUiautomator2Driver@8bcd]&amp#27;[0m socket hang up
&amp#27;[38;5;141m[c72847e5]&amp#27;[0m&amp#27;[38;5;-24m[AndroidUiautomator2Driver@8bcd]&amp#27;[0m Matched '/status' to command name 'getStatus'
&amp#27;[38;5;141m[c72847e5]&amp#27;[0m&amp#27;[38;5;-24m[AndroidUiautomator2Driver@8bcd]&amp#27;[0m Proxying [GET /status] to [GET http://127.0.0.1:8201/status] with no body
&amp#27;[38;5;141m[c72847e5]&amp#27;[0m&amp#27;[38;5;-24m[AndroidUiautomator2Driver@8bcd]&amp#27;[0m Got response with status 200: {"sessionId":"None","value":{"message":"UiAutomator2 Server is ready to accept commands","ready":true}}
&amp#27;[38;5;141m[c72847e5]&amp#27;[0m&amp#27;[38;5;-24m[AndroidUiautomator2Driver@8bcd]&amp#27;[0m The initialization of the instrumentation process took 4344ms
&amp#27;[38;5;141m[c72847e5]&amp#27;[0m&amp#27;[38;5;-24m[AndroidUiautomator2Driver@8bcd]&amp#27;[0m Matched '/session' to command name 'createSession'
&amp#27;[38;5;141m[c72847e5]&amp#27;[0m&amp#27;[38;5;-24m[AndroidUiautomator2Driver@8bcd]&amp#27;[0m Proxying [POST /session] to [POST http://127.0.0.1:8201/session] with body: {"capabilities":{"firstMatch":[{"platformName":"ANDROID","chromedriverExecutable":"C://Users//User1//Downloads//chromedriver-win64//chromedriver-win64//chromedriver.exe","deviceName":"emulator-5554","automationName":"UIAutomator2","app":"C:\\Users\\User1\\eclipse-workspace\\eCommerceFramework//src//main//resources//General-Store.apk","platform":"LINUX","webStorageEnabled":false,"takesScreenshot":true,"javascriptEnabled":true,"databaseEnabled":false,"networkConnectionEnabled":true,"locationContextEnabled":false,"warnings":{},"desired":{"platformName":"ANDROID","chromedriverExecutable":"C://Users//User1//Downloads//chromedriver-win64//chromedriver-win64//chromedriver.exe","deviceName":"Rajemulator","automationName":"UIAutomator2","app":"C:\\Users\\User1\\eclipse-workspace\\eCommerceFramework//src//main//resources//General-Store.apk"},"deviceUDID":"emulator-5554","appPackage":"com.androidsample.generalstore"}],"alwaysMatch":{}}}
&amp#27;[38;5;141m[c72847e5]&amp#27;[0m&amp#27;[38;5;-24m[AndroidUiautomator2Driver@8bcd]&amp#27;[0m Got response with status 200: {"sessionId":"1e37bd18-93b4-479f-875c-1f64f2d43d91","value":{"capabilities":{"firstMatch":[{"platformName":"ANDROID","chromedriverExecutable":"C://Users//User1//Downloads//chromedriver-win64//chromedriver-win64//chromedriver.exe","deviceName":"emulator-5554","automationName":"UIAutomator2","app":"C:\\Users\\User1\\eclipse-workspace\\eCommerceFramework//src//main//resources//General-Store.apk","platform":"LINUX","webStorageEnabled":false,"takesScreenshot":true,"javascriptEnabled":true,"databaseEnabled":false,"networkConnectionEnabled":true,"locationContextEnabled":false,"warnings":{},"desired":{"platformName":"ANDROID","chromedriverExecutable":"C://Users//User1//Downloads//chromedriver-win64//chromedriver-win64//chromedriver.exe","deviceName":"Rajemulator","automationName":"UIAutomator2","app":"C:\\Users\\User1\\eclipse-workspace\\eCommerceFramework//src//main//resources//General-Store.apk"},"deviceUDID":"emulator-5554","appPackage":"com.androidsample.generalstore"}],"alwaysMatch":{}},"sessionId":"1e37bd18-...
&amp#27;[38;5;141m[c72847e5]&amp#27;[0m&amp#27;[38;5;-24m[AndroidUiautomator2Driver@8bcd]&amp#27;[0m Determined the downstream protocol as 'W3C'
&amp#27;[38;5;141m[c72847e5]&amp#27;[0m&amp#27;[38;5;-24m[AndroidUiautomator2Driver@8bcd]&amp#27;[0m Proxying [GET /appium/device/pixel_ratio] to [GET http://127.0.0.1:8201/session/1e37bd18-93b4-479f-875c-1f64f2d43d91/appium/device/pixel_ratio] with no body
&amp#27;[38;5;141m[c72847e5]&amp#27;[0m&amp#27;[38;5;-24m[AndroidUiautomator2Driver@8bcd]&amp#27;[0m Matched '/appium/device/system_bars' to command name 'getSystemBars'
&amp#27;[38;5;141m[c72847e5]&amp#27;[0m&amp#27;[38;5;-24m[AndroidUiautomator2Driver@8bcd]&amp#27;[0m Proxying [GET /appium/device/system_bars] to [GET http://127.0.0.1:8201/session/1e37bd18-93b4-479f-875c-1f64f2d43d91/appium/device/system_bars] with no body
&amp#27;[38;5;141m[c72847e5]&amp#27;[0m&amp#27;[38;5;-24m[AndroidUiautomator2Driver@8bcd]&amp#27;[0m Matched '/window/current/size' to command name 'getWindowSize'
&amp#27;[38;5;141m[c72847e5]&amp#27;[0m&amp#27;[38;5;-24m[AndroidUiautomator2Driver@8bcd]&amp#27;[0m Proxying [GET /window/current/size] to [GET http://127.0.0.1:8201/session/1e37bd18-93b4-479f-875c-1f64f2d43d91/window/current/size] with no body
&amp#27;[38;5;141m[c72847e5]&amp#27;[0m&amp#27;[38;5;-24m[AndroidUiautomator2Driver@8bcd]&amp#27;[0m Proxying [GET /appium/device/info] to [GET http://127.0.0.1:8201/session/1e37bd18-93b4-479f-875c-1f64f2d43d91/appium/device/info] with no body
&amp#27;[38;5;141m[c72847e5]&amp#27;[0m&amp#27;[38;5;229m[ADB]&amp#27;[0m Running 'C:\Users\User1\AppData\Local\Android\Sdk\platform-tools\adb.exe -P 5037 -s emulator-5554 shell dumpsys window'
&amp#27;[38;5;141m[c72847e5]&amp#27;[0m&amp#27;[38;5;229m[ADB]&amp#27;[0m Running 'C:\Users\User1\AppData\Local\Android\Sdk\platform-tools\adb.exe -P 5037 -s emulator-5554 shell dumpsys power'
&amp#27;[38;5;141m[c72847e5]&amp#27;[0m&amp#27;[38;5;-24m[AndroidUiautomator2Driver@8bcd]&amp#27;[0m Got response with status 200: {"sessionId":"1e37bd18-93b4-479f-875c-1f64f2d43d91","value":2.75}
&amp#27;[38;5;141m[c72847e5]&amp#27;[0m&amp#27;[38;5;-24m[AndroidUiautomator2Driver@8bcd]&amp#27;[0m Got response with status 200: {"sessionId":"1e37bd18-93b4-479f-875c-1f64f2d43d91","value":{"statusBar":66}}
&amp#27;[38;5;141m[c72847e5]&amp#27;[0m&amp#27;[38;5;-24m[AndroidUiautomator2Driver@8bcd]&amp#27;[0m Got response with status 200: {"sessionId":"1e37bd18-93b4-479f-875c-1f64f2d43d91","value":{"height":2220,"width":1080}}
&amp#27;[38;5;141m[c72847e5]&amp#27;[0m&amp#27;[38;5;-24m[AndroidUiautomator2Driver@8bcd]&amp#27;[0m Got response with status 200: {"sessionId":"1e37bd18-93b4-479f-875c-1f64f2d43d91","value":{"androidId":"ccd4b39f6a24ddc3","apiVersion":"35","bluetooth":{"state":"OFF"},"brand":"google","carrierName":"T-Mobile","displayDensity":440,"locale":"en_US","manufacturer":"Google","model":"sdk_gphone64_x86_64","networks":[{"capabilities":{"SSID":null,"linkDownBandwidthKbps":4300,"linkUpstreamBandwidthKbps":1800,"networkCapabilities":"NET_CAPABILITY_MMS,NET_CAPABILITY_SUPL,NET_CAPABILITY_IA,NET_CAPABILITY_XCAP,NET_CAPABILITY_INTERNET,NET_CAPABILITY_NOT_RESTRICTED,NET_CAPABILITY_TRUSTED,NET_CAPABILITY_NOT_VPN,NET_CAPABILITY_VALIDATED,NET_CAPABILITY_NOT_ROAMING,NET_CAPABILITY_NOT_CONGESTED,NET_CAPABILITY_NOT_SUSPENDED","signalStrength":-2147483648,"transportTypes":"TRANSPORT_CELLULAR"},"detailedState":"CONNECTED","extraInfo":"fast.t-mobile.com","isAvailable":true,"isConnected":true,"isFailover":false,"isRoaming":false,"state":"CONNECTED","subtype":10,"subtypeName":"HSPA","type":0,"typeName":"MOBILE"},{"capabilities":{"SSID":null,"linkDownBandwidthK...
&amp#27;[38;5;141m[c72847e5]&amp#27;[0m&amp#27;[38;5;-24m[AndroidUiautomator2Driver@8bcd]&amp#27;[0m Screen already unlocked, doing nothing
&amp#27;[38;5;141m[c72847e5]&amp#27;[0m&amp#27;[38;5;-24m[AndroidUiautomator2Driver@8bcd]&amp#27;[0m Starting 'com.androidsample.generalstore/com.androidsample.generalstore.SplashActivity and waiting for 'com.androidsample.generalstore/com.androidsample.generalstore.SplashActivity'
&amp#27;[38;5;141m[c72847e5]&amp#27;[0m&amp#27;[38;5;229m[ADB]&amp#27;[0m Running 'C:\Users\User1\AppData\Local\Android\Sdk\platform-tools\adb.exe -P 5037 -s emulator-5554 shell am start -W -n com.androidsample.generalstore/com.androidsample.generalstore.SplashActivity -S -a android.intent.action.MAIN -c android.intent.category.LAUNCHER -f 0x10200000'
&amp#27;[38;5;141m[c72847e5]&amp#27;[0m&amp#27;[38;5;229m[ADB]&amp#27;[0m Waiting up to 20000ms for activity matching pkg: 'com.androidsample.generalstore' and activity: 'com.androidsample.generalstore.SplashActivity' to be focused
&amp#27;[38;5;141m[c72847e5]&amp#27;[0m&amp#27;[38;5;229m[ADB]&amp#27;[0m Possible activities, to be checked: 'com.androidsample.generalstore.SplashActivity', 'com.androidsample.generalstore.com.androidsample.generalstore.SplashActivity'
&amp#27;[38;5;141m[c72847e5]&amp#27;[0m&amp#27;[38;5;229m[ADB]&amp#27;[0m Getting focused package and activity
&amp#27;[38;5;141m[c72847e5]&amp#27;[0m&amp#27;[38;5;229m[ADB]&amp#27;[0m Running 'C:\Users\User1\AppData\Local\Android\Sdk\platform-tools\adb.exe -P 5037 -s emulator-5554 shell dumpsys window displays'
&amp#27;[38;5;141m[c72847e5]&amp#27;[0m&amp#27;[38;5;229m[ADB]&amp#27;[0m Found package: 'com.androidsample.generalstore' and fully qualified activity name : 'com.androidsample.generalstore.SplashActivity'
&amp#27;[38;5;141m[c72847e5]&amp#27;[0m&amp#27;[38;5;160m[AppiumDriver@229e]&amp#27;[0m New AndroidUiautomator2Driver session created successfully, session c72847e5-6337-42b4-a869-346f0eb56af5 added to master session list
&amp#27;[38;5;141m[c72847e5]&amp#27;[0m&amp#27;[38;5;160m[AppiumDriver@229e]&amp#27;[0m Event 'newSessionStarted' logged at 1744634687649 (18:14:47 GMT+0530 (India Standard Time))
&amp#27;[38;5;141m[c72847e5]&amp#27;[0m&amp#27;[38;5;-24m[AndroidUiautomator2Driver@8bcd]&amp#27;[0m Cached the protocol value 'W3C' for the new session c72847e5-6337-42b4-a869-346f0eb56af5
&amp#27;[38;5;141m[c72847e5]&amp#27;[0m&amp#27;[38;5;-24m[AndroidUiautomator2Driver@8bcd]&amp#27;[0m Responding to client with driver.createSession() result: {"capabilities":{"platformName":"ANDROID","chromedriverExecutable":"C://Users//User1//Downloads//chromedriver-win64//chromedriver-win64//chromedriver.exe","deviceName":"emulator-5554","automationName":"UIAutomator2","app":"C:\\Users\\User1\\eclipse-workspace\\eCommerceFramework//src//main//resources//General-Store.apk","platform":"LINUX","webStorageEnabled":false,"takesScreenshot":true,"javascriptEnabled":true,"databaseEnabled":false,"networkConnectionEnabled":true,"locationContextEnabled":false,"warnings":{},"desired":{"platformName":"ANDROID","chromedriverExecutable":"C://Users//User1//Downloads//chromedriver-win64//chromedriver-win64//chromedriver.exe","deviceName":"Rajemulator","automationName":"UIAutomator2","app":"C:\\Users\\User1\\eclipse-workspace\\eCommerceFramework//src//main//resources//General-Store.apk"},"deviceUDID":"emulator-5554","appPackage":"com.androidsample.generalstore","pixelRatio":"2.75","statBarHeight":66,"viewportRect":{"left":0,"top":66,"width":1080,"height":2154},"deviceApiLevel"...
&amp#27;[38;5;141m[c72847e5]&amp#27;[0m&amp#27;[38;5;86m[HTTP]&amp#27;[0m &amp#27;[37m<-- POST /session &amp#27;[39m&amp#27;[32m200&amp#27;[39m &amp#27;[90m9788 ms - 1233&amp#27;[39m &amp#27;[90m&amp#27;[39m
Test Started: isCartVisible
&amp#27;[38;5;141m[c72847e5]&amp#27;[0m&amp#27;[38;5;86m[HTTP]&amp#27;[0m &amp#27;[37m-->&amp#27;[39m &amp#27;[37mGET&amp#27;[39m &amp#27;[37m/session/c72847e5-6337-42b4-a869-346f0eb56af5/context&amp#27;[39m &amp#27;[90m{}&amp#27;[39m
&amp#27;[38;5;141m[c72847e5]&amp#27;[0m&amp#27;[38;5;-24m[AndroidUiautomator2Driver@8bcd]&amp#27;[0m Calling AppiumDriver.getCurrentContext() with args: ["c72847e5-6337-42b4-a869-346f0eb56af5"]
&amp#27;[38;5;141m[c72847e5]&amp#27;[0m&amp#27;[38;5;-24m[AndroidUiautomator2Driver@8bcd]&amp#27;[0m Responding to client with driver.getCurrentContext() result: "NATIVE_APP"
&amp#27;[38;5;141m[c72847e5]&amp#27;[0m&amp#27;[38;5;86m[HTTP]&amp#27;[0m &amp#27;[37m<-- GET /session/c72847e5-6337-42b4-a869-346f0eb56af5/context &amp#27;[39m&amp#27;[32m200&amp#27;[39m &amp#27;[90m14 ms - 22&amp#27;[39m &amp#27;[90m&amp#27;[39m
&amp#27;[38;5;141m[c72847e5]&amp#27;[0m&amp#27;[38;5;86m[HTTP]&amp#27;[0m &amp#27;[37m-->&amp#27;[39m &amp#27;[37mPOST&amp#27;[39m &amp#27;[37m/session/c72847e5-6337-42b4-a869-346f0eb56af5/element&amp#27;[39m &amp#27;[90m{"using":"id","value":"com.androidsample.generalstore:id/nameField"}&amp#27;[39m
&amp#27;[38;5;141m[c72847e5]&amp#27;[0m&amp#27;[38;5;-24m[AndroidUiautomator2Driver@8bcd]&amp#27;[0m Calling AppiumDriver.findElement() with args: ["id","com.androidsample.generalstore:id/nameField","c72847e5-6337-42b4-a869-346f0eb56af5"]
&amp#27;[38;5;141m[c72847e5]&amp#27;[0m&amp#27;[38;5;-24m[AndroidUiautomator2Driver@8bcd]&amp#27;[0m Valid locator strategies for this request: xpath, id, class name, accessibility id, css selector, -android uiautomator
&amp#27;[38;5;141m[c72847e5]&amp#27;[0m&amp#27;[38;5;-24m[AndroidUiautomator2Driver@8bcd]&amp#27;[0m Waiting up to 0 ms for condition
&amp#27;[38;5;141m[c72847e5]&amp#27;[0m&amp#27;[38;5;-24m[AndroidUiautomator2Driver@8bcd]&amp#27;[0m Matched '/element' to command name 'findElement'
&amp#27;[38;5;141m[c72847e5]&amp#27;[0m&amp#27;[38;5;-24m[AndroidUiautomator2Driver@8bcd]&amp#27;[0m Proxying [POST /element] to [POST http://127.0.0.1:8201/session/1e37bd18-93b4-479f-875c-1f64f2d43d91/element] with body: {"strategy":"id","selector":"com.androidsample.generalstore:id/nameField","context":"","multiple":false}
&amp#27;[38;5;141m[c72847e5]&amp#27;[0m&amp#27;[38;5;-24m[AndroidUiautomator2Driver@8bcd]&amp#27;[0m Got response with status 404: {"sessionId":"1e37bd18-93b4-479f-875c-1f64f2d43d91","value":{"error":"no such element","message":"An element could not be located on the page using the given search parameters","stacktrace":"io.appium.uiautomator2.common.exceptions.ElementNotFoundException: An element could not be located on the page using the given search parameters\n\tat io.appium.uiautomator2.handler.FindElement.safeHandle(FindElement.java:63)\n\tat io.appium.uiautomator2.handler.request.SafeRequestHandler.handle(SafeRequestHandler.java:59)\n\tat io.appium.uiautomator2.server.AppiumServlet.handleRequest(AppiumServlet.java:259)\n\tat io.appium.uiautomator2.server.AppiumServlet.handleHttpRequest(AppiumServlet.java:253)\n\tat io.appium.uiautomator2.http.ServerHandler.channelRead(ServerHandler.java:77)\n\tat io.netty.channel.AbstractChannelHandlerContext.invokeChannelRead(AbstractChannelHandlerContext.java:366)\n\tat io.netty.channel.AbstractChannelHandlerContext.invokeChannelRead(AbstractChannelHandlerContext.java:352)\n\tat io.netty.chann...
&amp#27;[38;5;141m[c72847e5]&amp#27;[0m&amp#27;[38;5;123m[W3C]&amp#27;[0m Matched W3C error code 'no such element' to NoSuchElementError
&amp#27;[38;5;141m[c72847e5]&amp#27;[0m&amp#27;[38;5;-24m[AndroidUiautomator2Driver@8bcd]&amp#27;[0m Encountered internal error running command: NoSuchElementError: An element could not be located on the page using the given search parameters.
    at AndroidUiautomator2Driver.findElOrEls (C:\Users\User1\.appium\node_modules\appium-uiautomator2-driver\node_modules\appium-android-driver\lib\commands\find.ts:86:11)
    at processTicksAndRejections (node:internal/process/task_queues:95:5)
    at AndroidUiautomator2Driver.findElOrElsWithProcessing (C:\Users\User1\AppData\Roaming\npm\node_modules\appium\node_modules\@appium\base-driver\lib\basedriver\commands\find.ts:60:12)
    at AndroidUiautomator2Driver.findElement (C:\Users\User1\AppData\Roaming\npm\node_modules\appium\node_modules\@appium\base-driver\lib\basedriver\commands\find.ts:75:12)
&amp#27;[38;5;141m[c72847e5]&amp#27;[0m&amp#27;[38;5;86m[HTTP]&amp#27;[0m &amp#27;[37m<-- POST /session/c72847e5-6337-42b4-a869-346f0eb56af5/element &amp#27;[39m&amp#27;[33m404&amp#27;[39m &amp#27;[90m612 ms - 890&amp#27;[39m &amp#27;[90m&amp#27;[39m
&amp#27;[38;5;141m[c72847e5]&amp#27;[0m&amp#27;[38;5;86m[HTTP]&amp#27;[0m &amp#27;[37m-->&amp#27;[39m &amp#27;[37mPOST&amp#27;[39m &amp#27;[37m/session/c72847e5-6337-42b4-a869-346f0eb56af5/element&amp#27;[39m &amp#27;[90m{"using":"id","value":"com.androidsample.generalstore:id/nameField"}&amp#27;[39m
&amp#27;[38;5;141m[c72847e5]&amp#27;[0m&amp#27;[38;5;-24m[AndroidUiautomator2Driver@8bcd]&amp#27;[0m Calling AppiumDriver.findElement() with args: ["id","com.androidsample.generalstore:id/nameField","c72847e5-6337-42b4-a869-346f0eb56af5"]
&amp#27;[38;5;141m[c72847e5]&amp#27;[0m&amp#27;[38;5;-24m[AndroidUiautomator2Driver@8bcd]&amp#27;[0m Valid locator strategies for this request: xpath, id, class name, accessibility id, css selector, -android uiautomator
&amp#27;[38;5;141m[c72847e5]&amp#27;[0m&amp#27;[38;5;-24m[AndroidUiautomator2Driver@8bcd]&amp#27;[0m Waiting up to 0 ms for condition
&amp#27;[38;5;141m[c72847e5]&amp#27;[0m&amp#27;[38;5;-24m[AndroidUiautomator2Driver@8bcd]&amp#27;[0m Matched '/element' to command name 'findElement'
&amp#27;[38;5;141m[c72847e5]&amp#27;[0m&amp#27;[38;5;-24m[AndroidUiautomator2Driver@8bcd]&amp#27;[0m Proxying [POST /element] to [POST http://127.0.0.1:8201/session/1e37bd18-93b4-479f-875c-1f64f2d43d91/element] with body: {"strategy":"id","selector":"com.androidsample.generalstore:id/nameField","context":"","multiple":false}
&amp#27;[38;5;141m[c72847e5]&amp#27;[0m&amp#27;[38;5;-24m[AndroidUiautomator2Driver@8bcd]&amp#27;[0m Got response with status 404: {"sessionId":"1e37bd18-93b4-479f-875c-1f64f2d43d91","value":{"error":"no such element","message":"An element could not be located on the page using the given search parameters","stacktrace":"io.appium.uiautomator2.common.exceptions.ElementNotFoundException: An element could not be located on the page using the given search parameters\n\tat io.appium.uiautomator2.handler.FindElement.safeHandle(FindElement.java:63)\n\tat io.appium.uiautomator2.handler.request.SafeRequestHandler.handle(SafeRequestHandler.java:59)\n\tat io.appium.uiautomator2.server.AppiumServlet.handleRequest(AppiumServlet.java:259)\n\tat io.appium.uiautomator2.server.AppiumServlet.handleHttpRequest(AppiumServlet.java:253)\n\tat io.appium.uiautomator2.http.ServerHandler.channelRead(ServerHandler.java:77)\n\tat io.netty.channel.AbstractChannelHandlerContext.invokeChannelRead(AbstractChannelHandlerContext.java:366)\n\tat io.netty.channel.AbstractChannelHandlerContext.invokeChannelRead(AbstractChannelHandlerContext.java:352)\n\tat io.netty.chann...
&amp#27;[38;5;141m[c72847e5]&amp#27;[0m&amp#27;[38;5;123m[W3C]&amp#27;[0m Matched W3C error code 'no such element' to NoSuchElementError
&amp#27;[38;5;141m[c72847e5]&amp#27;[0m&amp#27;[38;5;-24m[AndroidUiautomator2Driver@8bcd]&amp#27;[0m Encountered internal error running command: NoSuchElementError: An element could not be located on the page using the given search parameters.
    at AndroidUiautomator2Driver.findElOrEls (C:\Users\User1\.appium\node_modules\appium-uiautomator2-driver\node_modules\appium-android-driver\lib\commands\find.ts:86:11)
    at processTicksAndRejections (node:internal/process/task_queues:95:5)
    at AndroidUiautomator2Driver.findElOrElsWithProcessing (C:\Users\User1\AppData\Roaming\npm\node_modules\appium\node_modules\@appium\base-driver\lib\basedriver\commands\find.ts:60:12)
    at AndroidUiautomator2Driver.findElement (C:\Users\User1\AppData\Roaming\npm\node_modules\appium\node_modules\@appium\base-driver\lib\basedriver\commands\find.ts:75:12)
&amp#27;[38;5;141m[c72847e5]&amp#27;[0m&amp#27;[38;5;86m[HTTP]&amp#27;[0m &amp#27;[37m<-- POST /session/c72847e5-6337-42b4-a869-346f0eb56af5/element &amp#27;[39m&amp#27;[33m404&amp#27;[39m &amp#27;[90m29 ms - 890&amp#27;[39m &amp#27;[90m&amp#27;[39m
&amp#27;[38;5;141m[c72847e5]&amp#27;[0m&amp#27;[38;5;86m[HTTP]&amp#27;[0m &amp#27;[37m-->&amp#27;[39m &amp#27;[37mPOST&amp#27;[39m &amp#27;[37m/session/c72847e5-6337-42b4-a869-346f0eb56af5/element&amp#27;[39m &amp#27;[90m{"using":"id","value":"com.androidsample.generalstore:id/nameField"}&amp#27;[39m
&amp#27;[38;5;141m[c72847e5]&amp#27;[0m&amp#27;[38;5;-24m[AndroidUiautomator2Driver@8bcd]&amp#27;[0m Calling AppiumDriver.findElement() with args: ["id","com.androidsample.generalstore:id/nameField","c72847e5-6337-42b4-a869-346f0eb56af5"]
&amp#27;[38;5;141m[c72847e5]&amp#27;[0m&amp#27;[38;5;-24m[AndroidUiautomator2Driver@8bcd]&amp#27;[0m Valid locator strategies for this request: xpath, id, class name, accessibility id, css selector, -android uiautomator
&amp#27;[38;5;141m[c72847e5]&amp#27;[0m&amp#27;[38;5;-24m[AndroidUiautomator2Driver@8bcd]&amp#27;[0m Waiting up to 0 ms for condition
&amp#27;[38;5;141m[c72847e5]&amp#27;[0m&amp#27;[38;5;-24m[AndroidUiautomator2Driver@8bcd]&amp#27;[0m Matched '/element' to command name 'findElement'
&amp#27;[38;5;141m[c72847e5]&amp#27;[0m&amp#27;[38;5;-24m[AndroidUiautomator2Driver@8bcd]&amp#27;[0m Proxying [POST /element] to [POST http://127.0.0.1:8201/session/1e37bd18-93b4-479f-875c-1f64f2d43d91/element] with body: {"strategy":"id","selector":"com.androidsample.generalstore:id/nameField","context":"","multiple":false}
&amp#27;[38;5;141m[c72847e5]&amp#27;[0m&amp#27;[38;5;-24m[AndroidUiautomator2Driver@8bcd]&amp#27;[0m Got response with status 404: {"sessionId":"1e37bd18-93b4-479f-875c-1f64f2d43d91","value":{"error":"no such element","message":"An element could not be located on the page using the given search parameters","stacktrace":"io.appium.uiautomator2.common.exceptions.ElementNotFoundException: An element could not be located on the page using the given search parameters\n\tat io.appium.uiautomator2.handler.FindElement.safeHandle(FindElement.java:63)\n\tat io.appium.uiautomator2.handler.request.SafeRequestHandler.handle(SafeRequestHandler.java:59)\n\tat io.appium.uiautomator2.server.AppiumServlet.handleRequest(AppiumServlet.java:259)\n\tat io.appium.uiautomator2.server.AppiumServlet.handleHttpRequest(AppiumServlet.java:253)\n\tat io.appium.uiautomator2.http.ServerHandler.channelRead(ServerHandler.java:77)\n\tat io.netty.channel.AbstractChannelHandlerContext.invokeChannelRead(AbstractChannelHandlerContext.java:366)\n\tat io.netty.channel.AbstractChannelHandlerContext.invokeChannelRead(AbstractChannelHandlerContext.java:352)\n\tat io.netty.chann...
&amp#27;[38;5;141m[c72847e5]&amp#27;[0m&amp#27;[38;5;123m[W3C]&amp#27;[0m Matched W3C error code 'no such element' to NoSuchElementError
&amp#27;[38;5;141m[c72847e5]&amp#27;[0m&amp#27;[38;5;-24m[AndroidUiautomator2Driver@8bcd]&amp#27;[0m Encountered internal error running command: NoSuchElementError: An element could not be located on the page using the given search parameters.
    at AndroidUiautomator2Driver.findElOrEls (C:\Users\User1\.appium\node_modules\appium-uiautomator2-driver\node_modules\appium-android-driver\lib\commands\find.ts:86:11)
    at processTicksAndRejections (node:internal/process/task_queues:95:5)
    at AndroidUiautomator2Driver.findElOrElsWithProcessing (C:\Users\User1\AppData\Roaming\npm\node_modules\appium\node_modules\@appium\base-driver\lib\basedriver\commands\find.ts:60:12)
    at AndroidUiautomator2Driver.findElement (C:\Users\User1\AppData\Roaming\npm\node_modules\appium\node_modules\@appium\base-driver\lib\basedriver\commands\find.ts:75:12)
&amp#27;[38;5;141m[c72847e5]&amp#27;[0m&amp#27;[38;5;86m[HTTP]&amp#27;[0m &amp#27;[37m<-- POST /session/c72847e5-6337-42b4-a869-346f0eb56af5/element &amp#27;[39m&amp#27;[33m404&amp#27;[39m &amp#27;[90m40 ms - 890&amp#27;[39m &amp#27;[90m&amp#27;[39m
&amp#27;[38;5;141m[c72847e5]&amp#27;[0m&amp#27;[38;5;86m[HTTP]&amp#27;[0m &amp#27;[37m-->&amp#27;[39m &amp#27;[37mGET&amp#27;[39m &amp#27;[37m/session/c72847e5-6337-42b4-a869-346f0eb56af5/context&amp#27;[39m &amp#27;[90m{}&amp#27;[39m
&amp#27;[38;5;141m[c72847e5]&amp#27;[0m&amp#27;[38;5;-24m[AndroidUiautomator2Driver@8bcd]&amp#27;[0m Calling AppiumDriver.getCurrentContext() with args: ["c72847e5-6337-42b4-a869-346f0eb56af5"]
&amp#27;[38;5;141m[c72847e5]&amp#27;[0m&amp#27;[38;5;-24m[AndroidUiautomator2Driver@8bcd]&amp#27;[0m Responding to client with driver.getCurrentContext() result: "NATIVE_APP"
&amp#27;[38;5;141m[c72847e5]&amp#27;[0m&amp#27;[38;5;86m[HTTP]&amp#27;[0m &amp#27;[37m<-- GET /session/c72847e5-6337-42b4-a869-346f0eb56af5/context &amp#27;[39m&amp#27;[32m200&amp#27;[39m &amp#27;[90m3 ms - 22&amp#27;[39m &amp#27;[90m&amp#27;[39m
&amp#27;[38;5;141m[c72847e5]&amp#27;[0m&amp#27;[38;5;86m[HTTP]&amp#27;[0m &amp#27;[37m-->&amp#27;[39m &amp#27;[37mPOST&amp#27;[39m &amp#27;[37m/session/c72847e5-6337-42b4-a869-346f0eb56af5/element&amp#27;[39m &amp#27;[90m{"using":"id","value":"com.androidsample.generalstore:id/nameField"}&amp#27;[39m
&amp#27;[38;5;141m[c72847e5]&amp#27;[0m&amp#27;[38;5;-24m[AndroidUiautomator2Driver@8bcd]&amp#27;[0m Calling AppiumDriver.findElement() with args: ["id","com.androidsample.generalstore:id/nameField","c72847e5-6337-42b4-a869-346f0eb56af5"]
&amp#27;[38;5;141m[c72847e5]&amp#27;[0m&amp#27;[38;5;-24m[AndroidUiautomator2Driver@8bcd]&amp#27;[0m Valid locator strategies for this request: xpath, id, class name, accessibility id, css selector, -android uiautomator
&amp#27;[38;5;141m[c72847e5]&amp#27;[0m&amp#27;[38;5;-24m[AndroidUiautomator2Driver@8bcd]&amp#27;[0m Waiting up to 0 ms for condition
&amp#27;[38;5;141m[c72847e5]&amp#27;[0m&amp#27;[38;5;-24m[AndroidUiautomator2Driver@8bcd]&amp#27;[0m Matched '/element' to command name 'findElement'
&amp#27;[38;5;141m[c72847e5]&amp#27;[0m&amp#27;[38;5;-24m[AndroidUiautomator2Driver@8bcd]&amp#27;[0m Proxying [POST /element] to [POST http://127.0.0.1:8201/session/1e37bd18-93b4-479f-875c-1f64f2d43d91/element] with body: {"strategy":"id","selector":"com.androidsample.generalstore:id/nameField","context":"","multiple":false}
&amp#27;[38;5;141m[c72847e5]&amp#27;[0m&amp#27;[38;5;-24m[AndroidUiautomator2Driver@8bcd]&amp#27;[0m Got response with status 404: {"sessionId":"1e37bd18-93b4-479f-875c-1f64f2d43d91","value":{"error":"no such element","message":"An element could not be located on the page using the given search parameters","stacktrace":"io.appium.uiautomator2.common.exceptions.ElementNotFoundException: An element could not be located on the page using the given search parameters\n\tat io.appium.uiautomator2.handler.FindElement.safeHandle(FindElement.java:63)\n\tat io.appium.uiautomator2.handler.request.SafeRequestHandler.handle(SafeRequestHandler.java:59)\n\tat io.appium.uiautomator2.server.AppiumServlet.handleRequest(AppiumServlet.java:259)\n\tat io.appium.uiautomator2.server.AppiumServlet.handleHttpRequest(AppiumServlet.java:253)\n\tat io.appium.uiautomator2.http.ServerHandler.channelRead(ServerHandler.java:77)\n\tat io.netty.channel.AbstractChannelHandlerContext.invokeChannelRead(AbstractChannelHandlerContext.java:366)\n\tat io.netty.channel.AbstractChannelHandlerContext.invokeChannelRead(AbstractChannelHandlerContext.java:352)\n\tat io.netty.chann...
&amp#27;[38;5;141m[c72847e5]&amp#27;[0m&amp#27;[38;5;123m[W3C]&amp#27;[0m Matched W3C error code 'no such element' to NoSuchElementError
&amp#27;[38;5;141m[c72847e5]&amp#27;[0m&amp#27;[38;5;-24m[AndroidUiautomator2Driver@8bcd]&amp#27;[0m Encountered internal error running command: NoSuchElementError: An element could not be located on the page using the given search parameters.
    at AndroidUiautomator2Driver.findElOrEls (C:\Users\User1\.appium\node_modules\appium-uiautomator2-driver\node_modules\appium-android-driver\lib\commands\find.ts:86:11)
    at processTicksAndRejections (node:internal/process/task_queues:95:5)
    at AndroidUiautomator2Driver.findElOrElsWithProcessing (C:\Users\User1\AppData\Roaming\npm\node_modules\appium\node_modules\@appium\base-driver\lib\basedriver\commands\find.ts:60:12)
    at AndroidUiautomator2Driver.findElement (C:\Users\User1\AppData\Roaming\npm\node_modules\appium\node_modules\@appium\base-driver\lib\basedriver\commands\find.ts:75:12)
&amp#27;[38;5;141m[c72847e5]&amp#27;[0m&amp#27;[38;5;86m[HTTP]&amp#27;[0m &amp#27;[37m<-- POST /session/c72847e5-6337-42b4-a869-346f0eb56af5/element &amp#27;[39m&amp#27;[33m404&amp#27;[39m &amp#27;[90m27 ms - 890&amp#27;[39m &amp#27;[90m&amp#27;[39m
&amp#27;[38;5;141m[c72847e5]&amp#27;[0m&amp#27;[38;5;86m[HTTP]&amp#27;[0m &amp#27;[37m-->&amp#27;[39m &amp#27;[37mPOST&amp#27;[39m &amp#27;[37m/session/c72847e5-6337-42b4-a869-346f0eb56af5/element&amp#27;[39m &amp#27;[90m{"using":"id","value":"com.androidsample.generalstore:id/nameField"}&amp#27;[39m
&amp#27;[38;5;141m[c72847e5]&amp#27;[0m&amp#27;[38;5;-24m[AndroidUiautomator2Driver@8bcd]&amp#27;[0m Calling AppiumDriver.findElement() with args: ["id","com.androidsample.generalstore:id/nameField","c72847e5-6337-42b4-a869-346f0eb56af5"]
&amp#27;[38;5;141m[c72847e5]&amp#27;[0m&amp#27;[38;5;-24m[AndroidUiautomator2Driver@8bcd]&amp#27;[0m Valid locator strategies for this request: xpath, id, class name, accessibility id, css selector, -android uiautomator
&amp#27;[38;5;141m[c72847e5]&amp#27;[0m&amp#27;[38;5;-24m[AndroidUiautomator2Driver@8bcd]&amp#27;[0m Waiting up to 0 ms for condition
&amp#27;[38;5;141m[c72847e5]&amp#27;[0m&amp#27;[38;5;-24m[AndroidUiautomator2Driver@8bcd]&amp#27;[0m Matched '/element' to command name 'findElement'
&amp#27;[38;5;141m[c72847e5]&amp#27;[0m&amp#27;[38;5;-24m[AndroidUiautomator2Driver@8bcd]&amp#27;[0m Proxying [POST /element] to [POST http://127.0.0.1:8201/session/1e37bd18-93b4-479f-875c-1f64f2d43d91/element] with body: {"strategy":"id","selector":"com.androidsample.generalstore:id/nameField","context":"","multiple":false}
&amp#27;[38;5;141m[c72847e5]&amp#27;[0m&amp#27;[38;5;-24m[AndroidUiautomator2Driver@8bcd]&amp#27;[0m Got response with status 200: {"sessionId":"1e37bd18-93b4-479f-875c-1f64f2d43d91","value":{"ELEMENT":"00000000-0000-0699-ffff-ffff0000001c","element-6066-11e4-a52e-4f735466cecf":"00000000-0000-0699-ffff-ffff0000001c"}}
&amp#27;[38;5;141m[c72847e5]&amp#27;[0m&amp#27;[38;5;-24m[AndroidUiautomator2Driver@8bcd]&amp#27;[0m Responding to client with driver.findElement() result: {"element-6066-11e4-a52e-4f735466cecf":"00000000-0000-0699-ffff-ffff0000001c","ELEMENT":"00000000-0000-0699-ffff-ffff0000001c"}
&amp#27;[38;5;141m[c72847e5]&amp#27;[0m&amp#27;[38;5;86m[HTTP]&amp#27;[0m &amp#27;[37m<-- POST /session/c72847e5-6337-42b4-a869-346f0eb56af5/element &amp#27;[39m&amp#27;[32m200&amp#27;[39m &amp#27;[90m1557 ms - 137&amp#27;[39m &amp#27;[90m&amp#27;[39m
&amp#27;[38;5;141m[c72847e5]&amp#27;[0m&amp#27;[38;5;86m[HTTP]&amp#27;[0m &amp#27;[37m-->&amp#27;[39m &amp#27;[37mGET&amp#27;[39m &amp#27;[37m/session/c72847e5-6337-42b4-a869-346f0eb56af5/element/00000000-0000-0699-ffff-ffff0000001c/displayed&amp#27;[39m &amp#27;[90m{}&amp#27;[39m
&amp#27;[38;5;141m[c72847e5]&amp#27;[0m&amp#27;[38;5;-24m[AndroidUiautomator2Driver@8bcd]&amp#27;[0m Calling AppiumDriver.elementDisplayed() with args: ["00000000-0000-0699-ffff-ffff0000001c","c72847e5-6337-42b4-a869-346f0eb56af5"]
&amp#27;[38;5;141m[c72847e5]&amp#27;[0m&amp#27;[38;5;-24m[AndroidUiautomator2Driver@8bcd]&amp#27;[0m Matched '/element/00000000-0000-0699-ffff-ffff0000001c/attribute/displayed' to command name 'getAttribute'
&amp#27;[38;5;141m[c72847e5]&amp#27;[0m&amp#27;[38;5;-24m[AndroidUiautomator2Driver@8bcd]&amp#27;[0m Proxying [GET /element/00000000-0000-0699-ffff-ffff0000001c/attribute/displayed] to [GET http://127.0.0.1:8201/session/1e37bd18-93b4-479f-875c-1f64f2d43d91/element/00000000-0000-0699-ffff-ffff0000001c/attribute/displayed] with no body
&amp#27;[38;5;141m[c72847e5]&amp#27;[0m&amp#27;[38;5;-24m[AndroidUiautomator2Driver@8bcd]&amp#27;[0m Got response with status 200: {"sessionId":"1e37bd18-93b4-479f-875c-1f64f2d43d91","value":"true"}
&amp#27;[38;5;141m[c72847e5]&amp#27;[0m&amp#27;[38;5;-24m[AndroidUiautomator2Driver@8bcd]&amp#27;[0m Responding to client with driver.elementDisplayed() result: true
&amp#27;[38;5;141m[c72847e5]&amp#27;[0m&amp#27;[38;5;86m[HTTP]&amp#27;[0m &amp#27;[37m<-- GET /session/c72847e5-6337-42b4-a869-346f0eb56af5/element/00000000-0000-0699-ffff-ffff0000001c/displayed &amp#27;[39m&amp#27;[32m200&amp#27;[39m &amp#27;[90m18 ms - 14&amp#27;[39m &amp#27;[90m&amp#27;[39m
&amp#27;[38;5;141m[c72847e5]&amp#27;[0m&amp#27;[38;5;86m[HTTP]&amp#27;[0m &amp#27;[37m-->&amp#27;[39m &amp#27;[37mGET&amp#27;[39m &amp#27;[37m/session/c72847e5-6337-42b4-a869-346f0eb56af5/context&amp#27;[39m &amp#27;[90m{}&amp#27;[39m
&amp#27;[38;5;141m[c72847e5]&amp#27;[0m&amp#27;[38;5;-24m[AndroidUiautomator2Driver@8bcd]&amp#27;[0m Calling AppiumDriver.getCurrentContext() with args: ["c72847e5-6337-42b4-a869-346f0eb56af5"]
&amp#27;[38;5;141m[c72847e5]&amp#27;[0m&amp#27;[38;5;-24m[AndroidUiautomator2Driver@8bcd]&amp#27;[0m Responding to client with driver.getCurrentContext() result: "NATIVE_APP"
&amp#27;[38;5;141m[c72847e5]&amp#27;[0m&amp#27;[38;5;86m[HTTP]&amp#27;[0m &amp#27;[37m<-- GET /session/c72847e5-6337-42b4-a869-346f0eb56af5/context &amp#27;[39m&amp#27;[32m200&amp#27;[39m &amp#27;[90m1 ms - 22&amp#27;[39m &amp#27;[90m&amp#27;[39m
&amp#27;[38;5;141m[c72847e5]&amp#27;[0m&amp#27;[38;5;86m[HTTP]&amp#27;[0m &amp#27;[37m-->&amp#27;[39m &amp#27;[37mPOST&amp#27;[39m &amp#27;[37m/session/c72847e5-6337-42b4-a869-346f0eb56af5/element&amp#27;[39m &amp#27;[90m{"using":"id","value":"com.androidsample.generalstore:id/nameField"}&amp#27;[39m
&amp#27;[38;5;141m[c72847e5]&amp#27;[0m&amp#27;[38;5;-24m[AndroidUiautomator2Driver@8bcd]&amp#27;[0m Calling AppiumDriver.findElement() with args: ["id","com.androidsample.generalstore:id/nameField","c72847e5-6337-42b4-a869-346f0eb56af5"]
&amp#27;[38;5;141m[c72847e5]&amp#27;[0m&amp#27;[38;5;-24m[AndroidUiautomator2Driver@8bcd]&amp#27;[0m Valid locator strategies for this request: xpath, id, class name, accessibility id, css selector, -android uiautomator
&amp#27;[38;5;141m[c72847e5]&amp#27;[0m&amp#27;[38;5;-24m[AndroidUiautomator2Driver@8bcd]&amp#27;[0m Waiting up to 0 ms for condition
&amp#27;[38;5;141m[c72847e5]&amp#27;[0m&amp#27;[38;5;-24m[AndroidUiautomator2Driver@8bcd]&amp#27;[0m Matched '/element' to command name 'findElement'
&amp#27;[38;5;141m[c72847e5]&amp#27;[0m&amp#27;[38;5;-24m[AndroidUiautomator2Driver@8bcd]&amp#27;[0m Proxying [POST /element] to [POST http://127.0.0.1:8201/session/1e37bd18-93b4-479f-875c-1f64f2d43d91/element] with body: {"strategy":"id","selector":"com.androidsample.generalstore:id/nameField","context":"","multiple":false}
&amp#27;[38;5;141m[c72847e5]&amp#27;[0m&amp#27;[38;5;-24m[AndroidUiautomator2Driver@8bcd]&amp#27;[0m Got response with status 200: {"sessionId":"1e37bd18-93b4-479f-875c-1f64f2d43d91","value":{"ELEMENT":"00000000-0000-0699-ffff-ffff0000001c","element-6066-11e4-a52e-4f735466cecf":"00000000-0000-0699-ffff-ffff0000001c"}}
&amp#27;[38;5;141m[c72847e5]&amp#27;[0m&amp#27;[38;5;-24m[AndroidUiautomator2Driver@8bcd]&amp#27;[0m Responding to client with driver.findElement() result: {"element-6066-11e4-a52e-4f735466cecf":"00000000-0000-0699-ffff-ffff0000001c","ELEMENT":"00000000-0000-0699-ffff-ffff0000001c"}
&amp#27;[38;5;141m[c72847e5]&amp#27;[0m&amp#27;[38;5;86m[HTTP]&amp#27;[0m &amp#27;[37m<-- POST /session/c72847e5-6337-42b4-a869-346f0eb56af5/element &amp#27;[39m&amp#27;[32m200&amp#27;[39m &amp#27;[90m32 ms - 137&amp#27;[39m &amp#27;[90m&amp#27;[39m
&amp#27;[38;5;141m[c72847e5]&amp#27;[0m&amp#27;[38;5;86m[HTTP]&amp#27;[0m &amp#27;[37m-->&amp#27;[39m &amp#27;[37mPOST&amp#27;[39m &amp#27;[37m/session/c72847e5-6337-42b4-a869-346f0eb56af5/element/00000000-0000-0699-ffff-ffff0000001c/value&amp#27;[39m &amp#27;[90m{"value":["R","a","j"],"text":"Raj","id":"00000000-0000-0699-ffff-ffff0000001c"}&amp#27;[39m
&amp#27;[38;5;141m[c72847e5]&amp#27;[0m&amp#27;[38;5;-24m[AndroidUiautomator2Driver@8bcd]&amp#27;[0m Calling AppiumDriver.setValue() with args: [["R","a","j"],"00000000-0000-0699-ffff-ffff0000001c","c72847e5-6337-42b4-a869-346f0eb56af5"]
&amp#27;[38;5;141m[c72847e5]&amp#27;[0m&amp#27;[38;5;-24m[AndroidUiautomator2Driver@8bcd]&amp#27;[0m Matched '/element/00000000-0000-0699-ffff-ffff0000001c/value' to command name 'setValue'
&amp#27;[38;5;141m[c72847e5]&amp#27;[0m&amp#27;[38;5;-24m[AndroidUiautomator2Driver@8bcd]&amp#27;[0m Added 'value' property ["R","a","j"] to 'setValue' request body
&amp#27;[38;5;141m[c72847e5]&amp#27;[0m&amp#27;[38;5;-24m[AndroidUiautomator2Driver@8bcd]&amp#27;[0m Proxying [POST /element/00000000-0000-0699-ffff-ffff0000001c/value] to [POST http://127.0.0.1:8201/session/1e37bd18-93b4-479f-875c-1f64f2d43d91/element/00000000-0000-0699-ffff-ffff0000001c/value] with body: {"elementId":"00000000-0000-0699-ffff-ffff0000001c","text":"Raj","replace":false,"value":["R","a","j"]}
&amp#27;[38;5;141m[c72847e5]&amp#27;[0m&amp#27;[38;5;-24m[AndroidUiautomator2Driver@8bcd]&amp#27;[0m Got response with status 200: {"sessionId":"1e37bd18-93b4-479f-875c-1f64f2d43d91","value":null}
&amp#27;[38;5;141m[c72847e5]&amp#27;[0m&amp#27;[38;5;-24m[AndroidUiautomator2Driver@8bcd]&amp#27;[0m Responding to client with driver.setValue() result: null
&amp#27;[38;5;141m[c72847e5]&amp#27;[0m&amp#27;[38;5;86m[HTTP]&amp#27;[0m &amp#27;[37m<-- POST /session/c72847e5-6337-42b4-a869-346f0eb56af5/element/00000000-0000-0699-ffff-ffff0000001c/value &amp#27;[39m&amp#27;[32m200&amp#27;[39m &amp#27;[90m572 ms - 14&amp#27;[39m &amp#27;[90m&amp#27;[39m
&amp#27;[38;5;141m[c72847e5]&amp#27;[0m&amp#27;[38;5;86m[HTTP]&amp#27;[0m &amp#27;[37m-->&amp#27;[39m &amp#27;[37mPOST&amp#27;[39m &amp#27;[37m/session/c72847e5-6337-42b4-a869-346f0eb56af5/execute/sync&amp#27;[39m &amp#27;[90m{"script":"mobile: hideKeyboard","args":[]}&amp#27;[39m
&amp#27;[38;5;141m[c72847e5]&amp#27;[0m&amp#27;[38;5;-24m[AndroidUiautomator2Driver@8bcd]&amp#27;[0m Calling AppiumDriver.execute() with args: ["mobile: hideKeyboard",[],"c72847e5-6337-42b4-a869-346f0eb56af5"]
&amp#27;[38;5;141m[c72847e5]&amp#27;[0m&amp#27;[38;5;-24m[AndroidUiautomator2Driver@8bcd]&amp#27;[0m Executing native command 'mobile: hideKeyboard'
&amp#27;[38;5;141m[c72847e5]&amp#27;[0m&amp#27;[38;5;229m[ADB]&amp#27;[0m Running 'C:\Users\User1\AppData\Local\Android\Sdk\platform-tools\adb.exe -P 5037 -s emulator-5554 shell dumpsys input_method'
&amp#27;[38;5;141m[c72847e5]&amp#27;[0m&amp#27;[38;5;229m[ADB]&amp#27;[0m Keyboard has no UI; no closing necessary
&amp#27;[38;5;141m[c72847e5]&amp#27;[0m&amp#27;[38;5;-24m[AndroidUiautomator2Driver@8bcd]&amp#27;[0m Responding to client with driver.execute() result: false
&amp#27;[38;5;141m[c72847e5]&amp#27;[0m&amp#27;[38;5;86m[HTTP]&amp#27;[0m &amp#27;[37m<-- POST /session/c72847e5-6337-42b4-a869-346f0eb56af5/execute/sync &amp#27;[39m&amp#27;[32m200&amp#27;[39m &amp#27;[90m410 ms - 15&amp#27;[39m &amp#27;[90m&amp#27;[39m
&amp#27;[38;5;141m[c72847e5]&amp#27;[0m&amp#27;[38;5;86m[HTTP]&amp#27;[0m &amp#27;[37m-->&amp#27;[39m &amp#27;[37mGET&amp#27;[39m &amp#27;[37m/session/c72847e5-6337-42b4-a869-346f0eb56af5/context&amp#27;[39m &amp#27;[90m{}&amp#27;[39m
&amp#27;[38;5;141m[c72847e5]&amp#27;[0m&amp#27;[38;5;-24m[AndroidUiautomator2Driver@8bcd]&amp#27;[0m Calling AppiumDriver.getCurrentContext() with args: ["c72847e5-6337-42b4-a869-346f0eb56af5"]
&amp#27;[38;5;141m[c72847e5]&amp#27;[0m&amp#27;[38;5;-24m[AndroidUiautomator2Driver@8bcd]&amp#27;[0m Responding to client with driver.getCurrentContext() result: "NATIVE_APP"
&amp#27;[38;5;141m[c72847e5]&amp#27;[0m&amp#27;[38;5;86m[HTTP]&amp#27;[0m &amp#27;[37m<-- GET /session/c72847e5-6337-42b4-a869-346f0eb56af5/context &amp#27;[39m&amp#27;[32m200&amp#27;[39m &amp#27;[90m1 ms - 22&amp#27;[39m &amp#27;[90m&amp#27;[39m
&amp#27;[38;5;141m[c72847e5]&amp#27;[0m&amp#27;[38;5;86m[HTTP]&amp#27;[0m &amp#27;[37m-->&amp#27;[39m &amp#27;[37mPOST&amp#27;[39m &amp#27;[37m/session/c72847e5-6337-42b4-a869-346f0eb56af5/element&amp#27;[39m &amp#27;[90m{"using":"xpath","value":"//android.widget.RadioButton[@text='Male']"}&amp#27;[39m
&amp#27;[38;5;141m[c72847e5]&amp#27;[0m&amp#27;[38;5;-24m[AndroidUiautomator2Driver@8bcd]&amp#27;[0m Calling AppiumDriver.findElement() with args: ["xpath","//android.widget.RadioButton[@text='Male']","c72847e5-6337-42b4-a869-346f0eb56af5"]
&amp#27;[38;5;141m[c72847e5]&amp#27;[0m&amp#27;[38;5;-24m[AndroidUiautomator2Driver@8bcd]&amp#27;[0m Valid locator strategies for this request: xpath, id, class name, accessibility id, css selector, -android uiautomator
&amp#27;[38;5;141m[c72847e5]&amp#27;[0m&amp#27;[38;5;-24m[AndroidUiautomator2Driver@8bcd]&amp#27;[0m Waiting up to 0 ms for condition
&amp#27;[38;5;141m[c72847e5]&amp#27;[0m&amp#27;[38;5;-24m[AndroidUiautomator2Driver@8bcd]&amp#27;[0m Matched '/element' to command name 'findElement'
&amp#27;[38;5;141m[c72847e5]&amp#27;[0m&amp#27;[38;5;-24m[AndroidUiautomator2Driver@8bcd]&amp#27;[0m Proxying [POST /element] to [POST http://127.0.0.1:8201/session/1e37bd18-93b4-479f-875c-1f64f2d43d91/element] with body: {"strategy":"xpath","selector":"//android.widget.RadioButton[@text='Male']","context":"","multiple":false}
&amp#27;[38;5;141m[c72847e5]&amp#27;[0m&amp#27;[38;5;-24m[AndroidUiautomator2Driver@8bcd]&amp#27;[0m Got response with status 200: {"sessionId":"1e37bd18-93b4-479f-875c-1f64f2d43d91","value":{"ELEMENT":"00000000-0000-0699-ffff-ffff0000001f","element-6066-11e4-a52e-4f735466cecf":"00000000-0000-0699-ffff-ffff0000001f"}}
&amp#27;[38;5;141m[c72847e5]&amp#27;[0m&amp#27;[38;5;-24m[AndroidUiautomator2Driver@8bcd]&amp#27;[0m Responding to client with driver.findElement() result: {"element-6066-11e4-a52e-4f735466cecf":"00000000-0000-0699-ffff-ffff0000001f","ELEMENT":"00000000-0000-0699-ffff-ffff0000001f"}
&amp#27;[38;5;141m[c72847e5]&amp#27;[0m&amp#27;[38;5;86m[HTTP]&amp#27;[0m &amp#27;[37m<-- POST /session/c72847e5-6337-42b4-a869-346f0eb56af5/element &amp#27;[39m&amp#27;[32m200&amp#27;[39m &amp#27;[90m931 ms - 137&amp#27;[39m &amp#27;[90m&amp#27;[39m
&amp#27;[38;5;141m[c72847e5]&amp#27;[0m&amp#27;[38;5;86m[HTTP]&amp#27;[0m &amp#27;[37m-->&amp#27;[39m &amp#27;[37mPOST&amp#27;[39m &amp#27;[37m/session/c72847e5-6337-42b4-a869-346f0eb56af5/element/00000000-0000-0699-ffff-ffff0000001f/click&amp#27;[39m &amp#27;[90m{"id":"00000000-0000-0699-ffff-ffff0000001f"}&amp#27;[39m
&amp#27;[38;5;141m[c72847e5]&amp#27;[0m&amp#27;[38;5;-24m[AndroidUiautomator2Driver@8bcd]&amp#27;[0m Calling AppiumDriver.click() with args: ["00000000-0000-0699-ffff-ffff0000001f","c72847e5-6337-42b4-a869-346f0eb56af5"]
&amp#27;[38;5;141m[c72847e5]&amp#27;[0m&amp#27;[38;5;-24m[AndroidUiautomator2Driver@8bcd]&amp#27;[0m Matched '/element/00000000-0000-0699-ffff-ffff0000001f/click' to command name 'click'
&amp#27;[38;5;141m[c72847e5]&amp#27;[0m&amp#27;[38;5;-24m[AndroidUiautomator2Driver@8bcd]&amp#27;[0m Proxying [POST /element/00000000-0000-0699-ffff-ffff0000001f/click] to [POST http://127.0.0.1:8201/session/1e37bd18-93b4-479f-875c-1f64f2d43d91/element/00000000-0000-0699-ffff-ffff0000001f/click] with body: {"element":"00000000-0000-0699-ffff-ffff0000001f"}
&amp#27;[38;5;141m[c72847e5]&amp#27;[0m&amp#27;[38;5;-24m[AndroidUiautomator2Driver@8bcd]&amp#27;[0m Got response with status 200: {"sessionId":"1e37bd18-93b4-479f-875c-1f64f2d43d91","value":null}
&amp#27;[38;5;141m[c72847e5]&amp#27;[0m&amp#27;[38;5;-24m[AndroidUiautomator2Driver@8bcd]&amp#27;[0m Responding to client with driver.click() result: null
&amp#27;[38;5;141m[c72847e5]&amp#27;[0m&amp#27;[38;5;86m[HTTP]&amp#27;[0m &amp#27;[37m<-- POST /session/c72847e5-6337-42b4-a869-346f0eb56af5/element/00000000-0000-0699-ffff-ffff0000001f/click &amp#27;[39m&amp#27;[32m200&amp#27;[39m &amp#27;[90m175 ms - 14&amp#27;[39m &amp#27;[90m&amp#27;[39m
&amp#27;[38;5;141m[c72847e5]&amp#27;[0m&amp#27;[38;5;86m[HTTP]&amp#27;[0m &amp#27;[37m-->&amp#27;[39m &amp#27;[37mGET&amp#27;[39m &amp#27;[37m/session/c72847e5-6337-42b4-a869-346f0eb56af5/context&amp#27;[39m &amp#27;[90m{}&amp#27;[39m
&amp#27;[38;5;141m[c72847e5]&amp#27;[0m&amp#27;[38;5;-24m[AndroidUiautomator2Driver@8bcd]&amp#27;[0m Calling AppiumDriver.getCurrentContext() with args: ["c72847e5-6337-42b4-a869-346f0eb56af5"]
&amp#27;[38;5;141m[c72847e5]&amp#27;[0m&amp#27;[38;5;-24m[AndroidUiautomator2Driver@8bcd]&amp#27;[0m Responding to client with driver.getCurrentContext() result: "NATIVE_APP"
&amp#27;[38;5;141m[c72847e5]&amp#27;[0m&amp#27;[38;5;86m[HTTP]&amp#27;[0m &amp#27;[37m<-- GET /session/c72847e5-6337-42b4-a869-346f0eb56af5/context &amp#27;[39m&amp#27;[32m200&amp#27;[39m &amp#27;[90m1 ms - 22&amp#27;[39m &amp#27;[90m&amp#27;[39m
&amp#27;[38;5;141m[c72847e5]&amp#27;[0m&amp#27;[38;5;86m[HTTP]&amp#27;[0m &amp#27;[37m-->&amp#27;[39m &amp#27;[37mPOST&amp#27;[39m &amp#27;[37m/session/c72847e5-6337-42b4-a869-346f0eb56af5/element&amp#27;[39m &amp#27;[90m{"using":"id","value":"android:id/text1"}&amp#27;[39m
&amp#27;[38;5;141m[c72847e5]&amp#27;[0m&amp#27;[38;5;-24m[AndroidUiautomator2Driver@8bcd]&amp#27;[0m Calling AppiumDriver.findElement() with args: ["id","android:id/text1","c72847e5-6337-42b4-a869-346f0eb56af5"]
&amp#27;[38;5;141m[c72847e5]&amp#27;[0m&amp#27;[38;5;-24m[AndroidUiautomator2Driver@8bcd]&amp#27;[0m Valid locator strategies for this request: xpath, id, class name, accessibility id, css selector, -android uiautomator
&amp#27;[38;5;141m[c72847e5]&amp#27;[0m&amp#27;[38;5;-24m[AndroidUiautomator2Driver@8bcd]&amp#27;[0m Waiting up to 0 ms for condition
&amp#27;[38;5;141m[c72847e5]&amp#27;[0m&amp#27;[38;5;-24m[AndroidUiautomator2Driver@8bcd]&amp#27;[0m Matched '/element' to command name 'findElement'
&amp#27;[38;5;141m[c72847e5]&amp#27;[0m&amp#27;[38;5;-24m[AndroidUiautomator2Driver@8bcd]&amp#27;[0m Proxying [POST /element] to [POST http://127.0.0.1:8201/session/1e37bd18-93b4-479f-875c-1f64f2d43d91/element] with body: {"strategy":"id","selector":"android:id/text1","context":"","multiple":false}
&amp#27;[38;5;141m[c72847e5]&amp#27;[0m&amp#27;[38;5;-24m[AndroidUiautomator2Driver@8bcd]&amp#27;[0m Got response with status 200: {"sessionId":"1e37bd18-93b4-479f-875c-1f64f2d43d91","value":{"ELEMENT":"00000000-0000-0699-ffff-ffff00000024","element-6066-11e4-a52e-4f735466cecf":"00000000-0000-0699-ffff-ffff00000024"}}
&amp#27;[38;5;141m[c72847e5]&amp#27;[0m&amp#27;[38;5;-24m[AndroidUiautomator2Driver@8bcd]&amp#27;[0m Responding to client with driver.findElement() result: {"element-6066-11e4-a52e-4f735466cecf":"00000000-0000-0699-ffff-ffff00000024","ELEMENT":"00000000-0000-0699-ffff-ffff00000024"}
&amp#27;[38;5;141m[c72847e5]&amp#27;[0m&amp#27;[38;5;86m[HTTP]&amp#27;[0m &amp#27;[37m<-- POST /session/c72847e5-6337-42b4-a869-346f0eb56af5/element &amp#27;[39m&amp#27;[32m200&amp#27;[39m &amp#27;[90m164 ms - 137&amp#27;[39m &amp#27;[90m&amp#27;[39m
&amp#27;[38;5;141m[c72847e5]&amp#27;[0m&amp#27;[38;5;86m[HTTP]&amp#27;[0m &amp#27;[37m-->&amp#27;[39m &amp#27;[37mPOST&amp#27;[39m &amp#27;[37m/session/c72847e5-6337-42b4-a869-346f0eb56af5/element/00000000-0000-0699-ffff-ffff00000024/click&amp#27;[39m &amp#27;[90m{"id":"00000000-0000-0699-ffff-ffff00000024"}&amp#27;[39m
&amp#27;[38;5;141m[c72847e5]&amp#27;[0m&amp#27;[38;5;-24m[AndroidUiautomator2Driver@8bcd]&amp#27;[0m Calling AppiumDriver.click() with args: ["00000000-0000-0699-ffff-ffff00000024","c72847e5-6337-42b4-a869-346f0eb56af5"]
&amp#27;[38;5;141m[c72847e5]&amp#27;[0m&amp#27;[38;5;-24m[AndroidUiautomator2Driver@8bcd]&amp#27;[0m Matched '/element/00000000-0000-0699-ffff-ffff00000024/click' to command name 'click'
&amp#27;[38;5;141m[c72847e5]&amp#27;[0m&amp#27;[38;5;-24m[AndroidUiautomator2Driver@8bcd]&amp#27;[0m Proxying [POST /element/00000000-0000-0699-ffff-ffff00000024/click] to [POST http://127.0.0.1:8201/session/1e37bd18-93b4-479f-875c-1f64f2d43d91/element/00000000-0000-0699-ffff-ffff00000024/click] with body: {"element":"00000000-0000-0699-ffff-ffff00000024"}
&amp#27;[38;5;141m[c72847e5]&amp#27;[0m&amp#27;[38;5;-24m[AndroidUiautomator2Driver@8bcd]&amp#27;[0m Got response with status 200: {"sessionId":"1e37bd18-93b4-479f-875c-1f64f2d43d91","value":null}
&amp#27;[38;5;141m[c72847e5]&amp#27;[0m&amp#27;[38;5;-24m[AndroidUiautomator2Driver@8bcd]&amp#27;[0m Responding to client with driver.click() result: null
&amp#27;[38;5;141m[c72847e5]&amp#27;[0m&amp#27;[38;5;86m[HTTP]&amp#27;[0m &amp#27;[37m<-- POST /session/c72847e5-6337-42b4-a869-346f0eb56af5/element/00000000-0000-0699-ffff-ffff00000024/click &amp#27;[39m&amp#27;[32m200&amp#27;[39m &amp#27;[90m353 ms - 14&amp#27;[39m &amp#27;[90m&amp#27;[39m
&amp#27;[38;5;141m[c72847e5]&amp#27;[0m&amp#27;[38;5;86m[HTTP]&amp#27;[0m &amp#27;[37m-->&amp#27;[39m &amp#27;[37mPOST&amp#27;[39m &amp#27;[37m/session/c72847e5-6337-42b4-a869-346f0eb56af5/element&amp#27;[39m &amp#27;[90m{"using":"-android uiautomator","value":"new UiScrollable(new UiSelector()).scrollIntoView(text(\"Austria\"));"}&amp#27;[39m
&amp#27;[38;5;141m[c72847e5]&amp#27;[0m&amp#27;[38;5;-24m[AndroidUiautomator2Driver@8bcd]&amp#27;[0m Calling AppiumDriver.findElement() with args: ["-android uiautomator","new UiScrollable(new UiSelector()).scrollIntoView(text(\"Austria\"));","c72847e5-6337-42b4-a869-346f0eb56af5"]
&amp#27;[38;5;141m[c72847e5]&amp#27;[0m&amp#27;[38;5;-24m[AndroidUiautomator2Driver@8bcd]&amp#27;[0m Valid locator strategies for this request: xpath, id, class name, accessibility id, css selector, -android uiautomator
&amp#27;[38;5;141m[c72847e5]&amp#27;[0m&amp#27;[38;5;-24m[AndroidUiautomator2Driver@8bcd]&amp#27;[0m Waiting up to 0 ms for condition
&amp#27;[38;5;141m[c72847e5]&amp#27;[0m&amp#27;[38;5;-24m[AndroidUiautomator2Driver@8bcd]&amp#27;[0m Matched '/element' to command name 'findElement'
&amp#27;[38;5;141m[c72847e5]&amp#27;[0m&amp#27;[38;5;-24m[AndroidUiautomator2Driver@8bcd]&amp#27;[0m Proxying [POST /element] to [POST http://127.0.0.1:8201/session/1e37bd18-93b4-479f-875c-1f64f2d43d91/element] with body: {"strategy":"-android uiautomator","selector":"new UiScrollable(new UiSelector()).scrollIntoView(text(\"Austria\"));","context":"","multiple":false}
&amp#27;[38;5;141m[c72847e5]&amp#27;[0m&amp#27;[38;5;-24m[AndroidUiautomator2Driver@8bcd]&amp#27;[0m Got response with status 200: {"sessionId":"1e37bd18-93b4-479f-875c-1f64f2d43d91","value":{"ELEMENT":"00000000-0000-069a-ffff-ffff0000002c","element-6066-11e4-a52e-4f735466cecf":"00000000-0000-069a-ffff-ffff0000002c"}}
&amp#27;[38;5;141m[c72847e5]&amp#27;[0m&amp#27;[38;5;-24m[AndroidUiautomator2Driver@8bcd]&amp#27;[0m Responding to client with driver.findElement() result: {"element-6066-11e4-a52e-4f735466cecf":"00000000-0000-069a-ffff-ffff0000002c","ELEMENT":"00000000-0000-069a-ffff-ffff0000002c"}
&amp#27;[38;5;141m[c72847e5]&amp#27;[0m&amp#27;[38;5;86m[HTTP]&amp#27;[0m &amp#27;[37m<-- POST /session/c72847e5-6337-42b4-a869-346f0eb56af5/element &amp#27;[39m&amp#27;[32m200&amp#27;[39m &amp#27;[90m4971 ms - 137&amp#27;[39m &amp#27;[90m&amp#27;[39m
&amp#27;[38;5;141m[c72847e5]&amp#27;[0m&amp#27;[38;5;86m[HTTP]&amp#27;[0m &amp#27;[37m-->&amp#27;[39m &amp#27;[37mPOST&amp#27;[39m &amp#27;[37m/session/c72847e5-6337-42b4-a869-346f0eb56af5/element&amp#27;[39m &amp#27;[90m{"using":"xpath","value":"//android.widget.TextView[@text='Austria']"}&amp#27;[39m
&amp#27;[38;5;141m[c72847e5]&amp#27;[0m&amp#27;[38;5;-24m[AndroidUiautomator2Driver@8bcd]&amp#27;[0m Calling AppiumDriver.findElement() with args: ["xpath","//android.widget.TextView[@text='Austria']","c72847e5-6337-42b4-a869-346f0eb56af5"]
&amp#27;[38;5;141m[c72847e5]&amp#27;[0m&amp#27;[38;5;-24m[AndroidUiautomator2Driver@8bcd]&amp#27;[0m Valid locator strategies for this request: xpath, id, class name, accessibility id, css selector, -android uiautomator
&amp#27;[38;5;141m[c72847e5]&amp#27;[0m&amp#27;[38;5;-24m[AndroidUiautomator2Driver@8bcd]&amp#27;[0m Waiting up to 0 ms for condition
&amp#27;[38;5;141m[c72847e5]&amp#27;[0m&amp#27;[38;5;-24m[AndroidUiautomator2Driver@8bcd]&amp#27;[0m Matched '/element' to command name 'findElement'
&amp#27;[38;5;141m[c72847e5]&amp#27;[0m&amp#27;[38;5;-24m[AndroidUiautomator2Driver@8bcd]&amp#27;[0m Proxying [POST /element] to [POST http://127.0.0.1:8201/session/1e37bd18-93b4-479f-875c-1f64f2d43d91/element] with body: {"strategy":"xpath","selector":"//android.widget.TextView[@text='Austria']","context":"","multiple":false}
&amp#27;[38;5;141m[c72847e5]&amp#27;[0m&amp#27;[38;5;-24m[AndroidUiautomator2Driver@8bcd]&amp#27;[0m Got response with status 200: {"sessionId":"1e37bd18-93b4-479f-875c-1f64f2d43d91","value":{"ELEMENT":"00000000-0000-069a-ffff-ffff0000002c","element-6066-11e4-a52e-4f735466cecf":"00000000-0000-069a-ffff-ffff0000002c"}}
&amp#27;[38;5;141m[c72847e5]&amp#27;[0m&amp#27;[38;5;-24m[AndroidUiautomator2Driver@8bcd]&amp#27;[0m Responding to client with driver.findElement() result: {"element-6066-11e4-a52e-4f735466cecf":"00000000-0000-069a-ffff-ffff0000002c","ELEMENT":"00000000-0000-069a-ffff-ffff0000002c"}
&amp#27;[38;5;141m[c72847e5]&amp#27;[0m&amp#27;[38;5;86m[HTTP]&amp#27;[0m &amp#27;[37m<-- POST /session/c72847e5-6337-42b4-a869-346f0eb56af5/element &amp#27;[39m&amp#27;[32m200&amp#27;[39m &amp#27;[90m100 ms - 137&amp#27;[39m &amp#27;[90m&amp#27;[39m
&amp#27;[38;5;141m[c72847e5]&amp#27;[0m&amp#27;[38;5;86m[HTTP]&amp#27;[0m &amp#27;[37m-->&amp#27;[39m &amp#27;[37mPOST&amp#27;[39m &amp#27;[37m/session/c72847e5-6337-42b4-a869-346f0eb56af5/element/00000000-0000-069a-ffff-ffff0000002c/click&amp#27;[39m &amp#27;[90m{"id":"00000000-0000-069a-ffff-ffff0000002c"}&amp#27;[39m
&amp#27;[38;5;141m[c72847e5]&amp#27;[0m&amp#27;[38;5;-24m[AndroidUiautomator2Driver@8bcd]&amp#27;[0m Calling AppiumDriver.click() with args: ["00000000-0000-069a-ffff-ffff0000002c","c72847e5-6337-42b4-a869-346f0eb56af5"]
&amp#27;[38;5;141m[c72847e5]&amp#27;[0m&amp#27;[38;5;-24m[AndroidUiautomator2Driver@8bcd]&amp#27;[0m Matched '/element/00000000-0000-069a-ffff-ffff0000002c/click' to command name 'click'
&amp#27;[38;5;141m[c72847e5]&amp#27;[0m&amp#27;[38;5;-24m[AndroidUiautomator2Driver@8bcd]&amp#27;[0m Proxying [POST /element/00000000-0000-069a-ffff-ffff0000002c/click] to [POST http://127.0.0.1:8201/session/1e37bd18-93b4-479f-875c-1f64f2d43d91/element/00000000-0000-069a-ffff-ffff0000002c/click] with body: {"element":"00000000-0000-069a-ffff-ffff0000002c"}
&amp#27;[38;5;141m[c72847e5]&amp#27;[0m&amp#27;[38;5;-24m[AndroidUiautomator2Driver@8bcd]&amp#27;[0m Got response with status 200: {"sessionId":"1e37bd18-93b4-479f-875c-1f64f2d43d91","value":null}
&amp#27;[38;5;141m[c72847e5]&amp#27;[0m&amp#27;[38;5;-24m[AndroidUiautomator2Driver@8bcd]&amp#27;[0m Responding to client with driver.click() result: null
&amp#27;[38;5;141m[c72847e5]&amp#27;[0m&amp#27;[38;5;86m[HTTP]&amp#27;[0m &amp#27;[37m<-- POST /session/c72847e5-6337-42b4-a869-346f0eb56af5/element/00000000-0000-069a-ffff-ffff0000002c/click &amp#27;[39m&amp#27;[32m200&amp#27;[39m &amp#27;[90m760 ms - 14&amp#27;[39m &amp#27;[90m&amp#27;[39m
&amp#27;[38;5;141m[c72847e5]&amp#27;[0m&amp#27;[38;5;86m[HTTP]&amp#27;[0m &amp#27;[37m-->&amp#27;[39m &amp#27;[37mGET&amp#27;[39m &amp#27;[37m/session/c72847e5-6337-42b4-a869-346f0eb56af5/context&amp#27;[39m &amp#27;[90m{}&amp#27;[39m
&amp#27;[38;5;141m[c72847e5]&amp#27;[0m&amp#27;[38;5;-24m[AndroidUiautomator2Driver@8bcd]&amp#27;[0m Calling AppiumDriver.getCurrentContext() with args: ["c72847e5-6337-42b4-a869-346f0eb56af5"]
&amp#27;[38;5;141m[c72847e5]&amp#27;[0m&amp#27;[38;5;-24m[AndroidUiautomator2Driver@8bcd]&amp#27;[0m Responding to client with driver.getCurrentContext() result: "NATIVE_APP"
&amp#27;[38;5;141m[c72847e5]&amp#27;[0m&amp#27;[38;5;86m[HTTP]&amp#27;[0m &amp#27;[37m<-- GET /session/c72847e5-6337-42b4-a869-346f0eb56af5/context &amp#27;[39m&amp#27;[32m200&amp#27;[39m &amp#27;[90m2 ms - 22&amp#27;[39m &amp#27;[90m&amp#27;[39m
&amp#27;[38;5;141m[c72847e5]&amp#27;[0m&amp#27;[38;5;86m[HTTP]&amp#27;[0m &amp#27;[37m-->&amp#27;[39m &amp#27;[37mPOST&amp#27;[39m &amp#27;[37m/session/c72847e5-6337-42b4-a869-346f0eb56af5/element&amp#27;[39m &amp#27;[90m{"using":"id","value":"com.androidsample.generalstore:id/btnLetsShop"}&amp#27;[39m
&amp#27;[38;5;141m[c72847e5]&amp#27;[0m&amp#27;[38;5;-24m[AndroidUiautomator2Driver@8bcd]&amp#27;[0m Calling AppiumDriver.findElement() with args: ["id","com.androidsample.generalstore:id/btnLetsShop","c72847e5-6337-42b4-a869-346f0eb56af5"]
&amp#27;[38;5;141m[c72847e5]&amp#27;[0m&amp#27;[38;5;-24m[AndroidUiautomator2Driver@8bcd]&amp#27;[0m Valid locator strategies for this request: xpath, id, class name, accessibility id, css selector, -android uiautomator
&amp#27;[38;5;141m[c72847e5]&amp#27;[0m&amp#27;[38;5;-24m[AndroidUiautomator2Driver@8bcd]&amp#27;[0m Waiting up to 0 ms for condition
&amp#27;[38;5;141m[c72847e5]&amp#27;[0m&amp#27;[38;5;-24m[AndroidUiautomator2Driver@8bcd]&amp#27;[0m Matched '/element' to command name 'findElement'
&amp#27;[38;5;141m[c72847e5]&amp#27;[0m&amp#27;[38;5;-24m[AndroidUiautomator2Driver@8bcd]&amp#27;[0m Proxying [POST /element] to [POST http://127.0.0.1:8201/session/1e37bd18-93b4-479f-875c-1f64f2d43d91/element] with body: {"strategy":"id","selector":"com.androidsample.generalstore:id/btnLetsShop","context":"","multiple":false}
&amp#27;[38;5;141m[c72847e5]&amp#27;[0m&amp#27;[38;5;-24m[AndroidUiautomator2Driver@8bcd]&amp#27;[0m Got response with status 200: {"sessionId":"1e37bd18-93b4-479f-875c-1f64f2d43d91","value":{"ELEMENT":"00000000-0000-0699-ffff-ffff00000021","element-6066-11e4-a52e-4f735466cecf":"00000000-0000-0699-ffff-ffff00000021"}}
&amp#27;[38;5;141m[c72847e5]&amp#27;[0m&amp#27;[38;5;-24m[AndroidUiautomator2Driver@8bcd]&amp#27;[0m Responding to client with driver.findElement() result: {"element-6066-11e4-a52e-4f735466cecf":"00000000-0000-0699-ffff-ffff00000021","ELEMENT":"00000000-0000-0699-ffff-ffff00000021"}
&amp#27;[38;5;141m[c72847e5]&amp#27;[0m&amp#27;[38;5;86m[HTTP]&amp#27;[0m &amp#27;[37m<-- POST /session/c72847e5-6337-42b4-a869-346f0eb56af5/element &amp#27;[39m&amp#27;[32m200&amp#27;[39m &amp#27;[90m47 ms - 137&amp#27;[39m &amp#27;[90m&amp#27;[39m
&amp#27;[38;5;141m[c72847e5]&amp#27;[0m&amp#27;[38;5;86m[HTTP]&amp#27;[0m &amp#27;[37m-->&amp#27;[39m &amp#27;[37mPOST&amp#27;[39m &amp#27;[37m/session/c72847e5-6337-42b4-a869-346f0eb56af5/element/00000000-0000-0699-ffff-ffff00000021/click&amp#27;[39m &amp#27;[90m{"id":"00000000-0000-0699-ffff-ffff00000021"}&amp#27;[39m
&amp#27;[38;5;141m[c72847e5]&amp#27;[0m&amp#27;[38;5;-24m[AndroidUiautomator2Driver@8bcd]&amp#27;[0m Calling AppiumDriver.click() with args: ["00000000-0000-0699-ffff-ffff00000021","c72847e5-6337-42b4-a869-346f0eb56af5"]
&amp#27;[38;5;141m[c72847e5]&amp#27;[0m&amp#27;[38;5;-24m[AndroidUiautomator2Driver@8bcd]&amp#27;[0m Matched '/element/00000000-0000-0699-ffff-ffff00000021/click' to command name 'click'
&amp#27;[38;5;141m[c72847e5]&amp#27;[0m&amp#27;[38;5;-24m[AndroidUiautomator2Driver@8bcd]&amp#27;[0m Proxying [POST /element/00000000-0000-0699-ffff-ffff00000021/click] to [POST http://127.0.0.1:8201/session/1e37bd18-93b4-479f-875c-1f64f2d43d91/element/00000000-0000-0699-ffff-ffff00000021/click] with body: {"element":"00000000-0000-0699-ffff-ffff00000021"}
&amp#27;[38;5;141m[c72847e5]&amp#27;[0m&amp#27;[38;5;-24m[AndroidUiautomator2Driver@8bcd]&amp#27;[0m Got response with status 200: {"sessionId":"1e37bd18-93b4-479f-875c-1f64f2d43d91","value":null}
&amp#27;[38;5;141m[c72847e5]&amp#27;[0m&amp#27;[38;5;-24m[AndroidUiautomator2Driver@8bcd]&amp#27;[0m Responding to client with driver.click() result: null
&amp#27;[38;5;141m[c72847e5]&amp#27;[0m&amp#27;[38;5;86m[HTTP]&amp#27;[0m &amp#27;[37m<-- POST /session/c72847e5-6337-42b4-a869-346f0eb56af5/element/00000000-0000-0699-ffff-ffff00000021/click &amp#27;[39m&amp#27;[32m200&amp#27;[39m &amp#27;[90m77 ms - 14&amp#27;[39m &amp#27;[90m&amp#27;[39m
&amp#27;[38;5;141m[c72847e5]&amp#27;[0m&amp#27;[38;5;86m[HTTP]&amp#27;[0m &amp#27;[37m-->&amp#27;[39m &amp#27;[37mGET&amp#27;[39m &amp#27;[37m/session/c72847e5-6337-42b4-a869-346f0eb56af5/context&amp#27;[39m &amp#27;[90m{}&amp#27;[39m
&amp#27;[38;5;141m[c72847e5]&amp#27;[0m&amp#27;[38;5;-24m[AndroidUiautomator2Driver@8bcd]&amp#27;[0m Calling AppiumDriver.getCurrentContext() with args: ["c72847e5-6337-42b4-a869-346f0eb56af5"]
&amp#27;[38;5;141m[c72847e5]&amp#27;[0m&amp#27;[38;5;-24m[AndroidUiautomator2Driver@8bcd]&amp#27;[0m Responding to client with driver.getCurrentContext() result: "NATIVE_APP"
&amp#27;[38;5;141m[c72847e5]&amp#27;[0m&amp#27;[38;5;86m[HTTP]&amp#27;[0m &amp#27;[37m<-- GET /session/c72847e5-6337-42b4-a869-346f0eb56af5/context &amp#27;[39m&amp#27;[32m200&amp#27;[39m &amp#27;[90m1 ms - 22&amp#27;[39m &amp#27;[90m&amp#27;[39m
&amp#27;[38;5;141m[c72847e5]&amp#27;[0m&amp#27;[38;5;86m[HTTP]&amp#27;[0m &amp#27;[37m-->&amp#27;[39m &amp#27;[37mPOST&amp#27;[39m &amp#27;[37m/session/c72847e5-6337-42b4-a869-346f0eb56af5/elements&amp#27;[39m &amp#27;[90m{"using":"xpath","value":"//android.widget.TextView[@text='ADD TO CART']"}&amp#27;[39m
&amp#27;[38;5;141m[c72847e5]&amp#27;[0m&amp#27;[38;5;-24m[AndroidUiautomator2Driver@8bcd]&amp#27;[0m Calling AppiumDriver.findElements() with args: ["xpath","//android.widget.TextView[@text='ADD TO CART']","c72847e5-6337-42b4-a869-346f0eb56af5"]
&amp#27;[38;5;141m[c72847e5]&amp#27;[0m&amp#27;[38;5;-24m[AndroidUiautomator2Driver@8bcd]&amp#27;[0m Valid locator strategies for this request: xpath, id, class name, accessibility id, css selector, -android uiautomator
&amp#27;[38;5;141m[c72847e5]&amp#27;[0m&amp#27;[38;5;-24m[AndroidUiautomator2Driver@8bcd]&amp#27;[0m Waiting up to 0 ms for condition
&amp#27;[38;5;141m[c72847e5]&amp#27;[0m&amp#27;[38;5;-24m[AndroidUiautomator2Driver@8bcd]&amp#27;[0m Matched '/elements' to command name 'findElements'
&amp#27;[38;5;141m[c72847e5]&amp#27;[0m&amp#27;[38;5;-24m[AndroidUiautomator2Driver@8bcd]&amp#27;[0m Proxying [POST /elements] to [POST http://127.0.0.1:8201/session/1e37bd18-93b4-479f-875c-1f64f2d43d91/elements] with body: {"strategy":"xpath","selector":"//android.widget.TextView[@text='ADD TO CART']","context":"","multiple":true}
&amp#27;[38;5;141m[c72847e5]&amp#27;[0m&amp#27;[38;5;-24m[AndroidUiautomator2Driver@8bcd]&amp#27;[0m Got response with status 200: {"sessionId":"1e37bd18-93b4-479f-875c-1f64f2d43d91","value":[]}
&amp#27;[38;5;141m[c72847e5]&amp#27;[0m&amp#27;[38;5;-24m[AndroidUiautomator2Driver@8bcd]&amp#27;[0m Responding to client with driver.findElements() result: []
&amp#27;[38;5;141m[c72847e5]&amp#27;[0m&amp#27;[38;5;86m[HTTP]&amp#27;[0m &amp#27;[37m<-- POST /session/c72847e5-6337-42b4-a869-346f0eb56af5/elements &amp#27;[39m&amp#27;[32m200&amp#27;[39m &amp#27;[90m150 ms - 12&amp#27;[39m &amp#27;[90m&amp#27;[39m
&amp#27;[38;5;141m[c72847e5]&amp#27;[0m&amp#27;[38;5;86m[HTTP]&amp#27;[0m &amp#27;[37m-->&amp#27;[39m &amp#27;[37mGET&amp#27;[39m &amp#27;[37m/session/c72847e5-6337-42b4-a869-346f0eb56af5/context&amp#27;[39m &amp#27;[90m{}&amp#27;[39m
&amp#27;[38;5;141m[c72847e5]&amp#27;[0m&amp#27;[38;5;-24m[AndroidUiautomator2Driver@8bcd]&amp#27;[0m Calling AppiumDriver.getCurrentContext() with args: ["c72847e5-6337-42b4-a869-346f0eb56af5"]
&amp#27;[38;5;141m[c72847e5]&amp#27;[0m&amp#27;[38;5;-24m[AndroidUiautomator2Driver@8bcd]&amp#27;[0m Responding to client with driver.getCurrentContext() result: "NATIVE_APP"
&amp#27;[38;5;141m[c72847e5]&amp#27;[0m&amp#27;[38;5;86m[HTTP]&amp#27;[0m &amp#27;[37m<-- GET /session/c72847e5-6337-42b4-a869-346f0eb56af5/context &amp#27;[39m&amp#27;[32m200&amp#27;[39m &amp#27;[90m1 ms - 22&amp#27;[39m &amp#27;[90m&amp#27;[39m
&amp#27;[38;5;141m[c72847e5]&amp#27;[0m&amp#27;[38;5;86m[HTTP]&amp#27;[0m &amp#27;[37m-->&amp#27;[39m &amp#27;[37mPOST&amp#27;[39m &amp#27;[37m/session/c72847e5-6337-42b4-a869-346f0eb56af5/elements&amp#27;[39m &amp#27;[90m{"using":"xpath","value":"//android.widget.TextView[@text='ADD TO CART']"}&amp#27;[39m
&amp#27;[38;5;141m[c72847e5]&amp#27;[0m&amp#27;[38;5;-24m[AndroidUiautomator2Driver@8bcd]&amp#27;[0m Calling AppiumDriver.findElements() with args: ["xpath","//android.widget.TextView[@text='ADD TO CART']","c72847e5-6337-42b4-a869-346f0eb56af5"]
&amp#27;[38;5;141m[c72847e5]&amp#27;[0m&amp#27;[38;5;-24m[AndroidUiautomator2Driver@8bcd]&amp#27;[0m Valid locator strategies for this request: xpath, id, class name, accessibility id, css selector, -android uiautomator
&amp#27;[38;5;141m[c72847e5]&amp#27;[0m&amp#27;[38;5;-24m[AndroidUiautomator2Driver@8bcd]&amp#27;[0m Waiting up to 0 ms for condition
&amp#27;[38;5;141m[c72847e5]&amp#27;[0m&amp#27;[38;5;-24m[AndroidUiautomator2Driver@8bcd]&amp#27;[0m Matched '/elements' to command name 'findElements'
&amp#27;[38;5;141m[c72847e5]&amp#27;[0m&amp#27;[38;5;-24m[AndroidUiautomator2Driver@8bcd]&amp#27;[0m Proxying [POST /elements] to [POST http://127.0.0.1:8201/session/1e37bd18-93b4-479f-875c-1f64f2d43d91/elements] with body: {"strategy":"xpath","selector":"//android.widget.TextView[@text='ADD TO CART']","context":"","multiple":true}
&amp#27;[38;5;141m[c72847e5]&amp#27;[0m&amp#27;[38;5;-24m[AndroidUiautomator2Driver@8bcd]&amp#27;[0m Got response with status 200: {"sessionId":"1e37bd18-93b4-479f-875c-1f64f2d43d91","value":[{"ELEMENT":"00000000-0000-069b-ffff-ffff00000051","element-6066-11e4-a52e-4f735466cecf":"00000000-0000-069b-ffff-ffff00000051"},{"ELEMENT":"00000000-0000-069b-ffff-ffff00000059","element-6066-11e4-a52e-4f735466cecf":"00000000-0000-069b-ffff-ffff00000059"}]}
&amp#27;[38;5;141m[c72847e5]&amp#27;[0m&amp#27;[38;5;-24m[AndroidUiautomator2Driver@8bcd]&amp#27;[0m Responding to client with driver.findElements() result: [{"element-6066-11e4-a52e-4f735466cecf":"00000000-0000-069b-ffff-ffff00000051","ELEMENT":"00000000-0000-069b-ffff-ffff00000051"},{"element-6066-11e4-a52e-4f735466cecf":"00000000-0000-069b-ffff-ffff00000059","ELEMENT":"00000000-0000-069b-ffff-ffff00000059"}]
&amp#27;[38;5;141m[c72847e5]&amp#27;[0m&amp#27;[38;5;86m[HTTP]&amp#27;[0m &amp#27;[37m<-- POST /session/c72847e5-6337-42b4-a869-346f0eb56af5/elements &amp#27;[39m&amp#27;[32m200&amp#27;[39m &amp#27;[90m1010 ms - 267&amp#27;[39m &amp#27;[90m&amp#27;[39m
&amp#27;[38;5;141m[c72847e5]&amp#27;[0m&amp#27;[38;5;86m[HTTP]&amp#27;[0m &amp#27;[37m-->&amp#27;[39m &amp#27;[37mGET&amp#27;[39m &amp#27;[37m/session/c72847e5-6337-42b4-a869-346f0eb56af5/context&amp#27;[39m &amp#27;[90m{}&amp#27;[39m
&amp#27;[38;5;141m[c72847e5]&amp#27;[0m&amp#27;[38;5;-24m[AndroidUiautomator2Driver@8bcd]&amp#27;[0m Calling AppiumDriver.getCurrentContext() with args: ["c72847e5-6337-42b4-a869-346f0eb56af5"]
&amp#27;[38;5;141m[c72847e5]&amp#27;[0m&amp#27;[38;5;-24m[AndroidUiautomator2Driver@8bcd]&amp#27;[0m Responding to client with driver.getCurrentContext() result: "NATIVE_APP"
&amp#27;[38;5;141m[c72847e5]&amp#27;[0m&amp#27;[38;5;86m[HTTP]&amp#27;[0m &amp#27;[37m<-- GET /session/c72847e5-6337-42b4-a869-346f0eb56af5/context &amp#27;[39m&amp#27;[32m200&amp#27;[39m &amp#27;[90m1 ms - 22&amp#27;[39m &amp#27;[90m&amp#27;[39m
&amp#27;[38;5;141m[c72847e5]&amp#27;[0m&amp#27;[38;5;86m[HTTP]&amp#27;[0m &amp#27;[37m-->&amp#27;[39m &amp#27;[37mPOST&amp#27;[39m &amp#27;[37m/session/c72847e5-6337-42b4-a869-346f0eb56af5/elements&amp#27;[39m &amp#27;[90m{"using":"xpath","value":"//android.widget.TextView[@text='ADD TO CART']"}&amp#27;[39m
&amp#27;[38;5;141m[c72847e5]&amp#27;[0m&amp#27;[38;5;-24m[AndroidUiautomator2Driver@8bcd]&amp#27;[0m Calling AppiumDriver.findElements() with args: ["xpath","//android.widget.TextView[@text='ADD TO CART']","c72847e5-6337-42b4-a869-346f0eb56af5"]
&amp#27;[38;5;141m[c72847e5]&amp#27;[0m&amp#27;[38;5;-24m[AndroidUiautomator2Driver@8bcd]&amp#27;[0m Valid locator strategies for this request: xpath, id, class name, accessibility id, css selector, -android uiautomator
&amp#27;[38;5;141m[c72847e5]&amp#27;[0m&amp#27;[38;5;-24m[AndroidUiautomator2Driver@8bcd]&amp#27;[0m Waiting up to 0 ms for condition
&amp#27;[38;5;141m[c72847e5]&amp#27;[0m&amp#27;[38;5;-24m[AndroidUiautomator2Driver@8bcd]&amp#27;[0m Matched '/elements' to command name 'findElements'
&amp#27;[38;5;141m[c72847e5]&amp#27;[0m&amp#27;[38;5;-24m[AndroidUiautomator2Driver@8bcd]&amp#27;[0m Proxying [POST /elements] to [POST http://127.0.0.1:8201/session/1e37bd18-93b4-479f-875c-1f64f2d43d91/elements] with body: {"strategy":"xpath","selector":"//android.widget.TextView[@text='ADD TO CART']","context":"","multiple":true}
&amp#27;[38;5;141m[c72847e5]&amp#27;[0m&amp#27;[38;5;-24m[AndroidUiautomator2Driver@8bcd]&amp#27;[0m Got response with status 200: {"sessionId":"1e37bd18-93b4-479f-875c-1f64f2d43d91","value":[{"ELEMENT":"00000000-0000-069b-ffff-ffff00000051","element-6066-11e4-a52e-4f735466cecf":"00000000-0000-069b-ffff-ffff00000051"},{"ELEMENT":"00000000-0000-069b-ffff-ffff00000059","element-6066-11e4-a52e-4f735466cecf":"00000000-0000-069b-ffff-ffff00000059"}]}
&amp#27;[38;5;141m[c72847e5]&amp#27;[0m&amp#27;[38;5;-24m[AndroidUiautomator2Driver@8bcd]&amp#27;[0m Responding to client with driver.findElements() result: [{"element-6066-11e4-a52e-4f735466cecf":"00000000-0000-069b-ffff-ffff00000051","ELEMENT":"00000000-0000-069b-ffff-ffff00000051"},{"element-6066-11e4-a52e-4f735466cecf":"00000000-0000-069b-ffff-ffff00000059","ELEMENT":"00000000-0000-069b-ffff-ffff00000059"}]
&amp#27;[38;5;141m[c72847e5]&amp#27;[0m&amp#27;[38;5;86m[HTTP]&amp#27;[0m &amp#27;[37m<-- POST /session/c72847e5-6337-42b4-a869-346f0eb56af5/elements &amp#27;[39m&amp#27;[32m200&amp#27;[39m &amp#27;[90m114 ms - 267&amp#27;[39m &amp#27;[90m&amp#27;[39m
&amp#27;[38;5;141m[c72847e5]&amp#27;[0m&amp#27;[38;5;86m[HTTP]&amp#27;[0m &amp#27;[37m-->&amp#27;[39m &amp#27;[37mGET&amp#27;[39m &amp#27;[37m/session/c72847e5-6337-42b4-a869-346f0eb56af5/element/00000000-0000-069b-ffff-ffff00000051/displayed&amp#27;[39m &amp#27;[90m{}&amp#27;[39m
&amp#27;[38;5;141m[c72847e5]&amp#27;[0m&amp#27;[38;5;-24m[AndroidUiautomator2Driver@8bcd]&amp#27;[0m Calling AppiumDriver.elementDisplayed() with args: ["00000000-0000-069b-ffff-ffff00000051","c72847e5-6337-42b4-a869-346f0eb56af5"]
&amp#27;[38;5;141m[c72847e5]&amp#27;[0m&amp#27;[38;5;-24m[AndroidUiautomator2Driver@8bcd]&amp#27;[0m Matched '/element/00000000-0000-069b-ffff-ffff00000051/attribute/displayed' to command name 'getAttribute'
&amp#27;[38;5;141m[c72847e5]&amp#27;[0m&amp#27;[38;5;-24m[AndroidUiautomator2Driver@8bcd]&amp#27;[0m Proxying [GET /element/00000000-0000-069b-ffff-ffff00000051/attribute/displayed] to [GET http://127.0.0.1:8201/session/1e37bd18-93b4-479f-875c-1f64f2d43d91/element/00000000-0000-069b-ffff-ffff00000051/attribute/displayed] with no body
&amp#27;[38;5;141m[c72847e5]&amp#27;[0m&amp#27;[38;5;-24m[AndroidUiautomator2Driver@8bcd]&amp#27;[0m Got response with status 200: {"sessionId":"1e37bd18-93b4-479f-875c-1f64f2d43d91","value":"true"}
&amp#27;[38;5;141m[c72847e5]&amp#27;[0m&amp#27;[38;5;-24m[AndroidUiautomator2Driver@8bcd]&amp#27;[0m Responding to client with driver.elementDisplayed() result: true
&amp#27;[38;5;141m[c72847e5]&amp#27;[0m&amp#27;[38;5;86m[HTTP]&amp#27;[0m &amp#27;[37m<-- GET /session/c72847e5-6337-42b4-a869-346f0eb56af5/element/00000000-0000-069b-ffff-ffff00000051/displayed &amp#27;[39m&amp#27;[32m200&amp#27;[39m &amp#27;[90m22 ms - 14&amp#27;[39m &amp#27;[90m&amp#27;[39m
&amp#27;[38;5;141m[c72847e5]&amp#27;[0m&amp#27;[38;5;86m[HTTP]&amp#27;[0m &amp#27;[37m-->&amp#27;[39m &amp#27;[37mPOST&amp#27;[39m &amp#27;[37m/session/c72847e5-6337-42b4-a869-346f0eb56af5/element/00000000-0000-069b-ffff-ffff00000051/click&amp#27;[39m &amp#27;[90m{"id":"00000000-0000-069b-ffff-ffff00000051"}&amp#27;[39m
&amp#27;[38;5;141m[c72847e5]&amp#27;[0m&amp#27;[38;5;-24m[AndroidUiautomator2Driver@8bcd]&amp#27;[0m Calling AppiumDriver.click() with args: ["00000000-0000-069b-ffff-ffff00000051","c72847e5-6337-42b4-a869-346f0eb56af5"]
&amp#27;[38;5;141m[c72847e5]&amp#27;[0m&amp#27;[38;5;-24m[AndroidUiautomator2Driver@8bcd]&amp#27;[0m Matched '/element/00000000-0000-069b-ffff-ffff00000051/click' to command name 'click'
&amp#27;[38;5;141m[c72847e5]&amp#27;[0m&amp#27;[38;5;-24m[AndroidUiautomator2Driver@8bcd]&amp#27;[0m Proxying [POST /element/00000000-0000-069b-ffff-ffff00000051/click] to [POST http://127.0.0.1:8201/session/1e37bd18-93b4-479f-875c-1f64f2d43d91/element/00000000-0000-069b-ffff-ffff00000051/click] with body: {"element":"00000000-0000-069b-ffff-ffff00000051"}
&amp#27;[38;5;141m[c72847e5]&amp#27;[0m&amp#27;[38;5;-24m[AndroidUiautomator2Driver@8bcd]&amp#27;[0m Got response with status 200: {"sessionId":"1e37bd18-93b4-479f-875c-1f64f2d43d91","value":null}
&amp#27;[38;5;141m[c72847e5]&amp#27;[0m&amp#27;[38;5;-24m[AndroidUiautomator2Driver@8bcd]&amp#27;[0m Responding to client with driver.click() result: null
&amp#27;[38;5;141m[c72847e5]&amp#27;[0m&amp#27;[38;5;86m[HTTP]&amp#27;[0m &amp#27;[37m<-- POST /session/c72847e5-6337-42b4-a869-346f0eb56af5/element/00000000-0000-069b-ffff-ffff00000051/click &amp#27;[39m&amp#27;[32m200&amp#27;[39m &amp#27;[90m553 ms - 14&amp#27;[39m &amp#27;[90m&amp#27;[39m
&amp#27;[38;5;141m[c72847e5]&amp#27;[0m&amp#27;[38;5;86m[HTTP]&amp#27;[0m &amp#27;[37m-->&amp#27;[39m &amp#27;[37mGET&amp#27;[39m &amp#27;[37m/session/c72847e5-6337-42b4-a869-346f0eb56af5/context&amp#27;[39m &amp#27;[90m{}&amp#27;[39m
&amp#27;[38;5;141m[c72847e5]&amp#27;[0m&amp#27;[38;5;-24m[AndroidUiautomator2Driver@8bcd]&amp#27;[0m Calling AppiumDriver.getCurrentContext() with args: ["c72847e5-6337-42b4-a869-346f0eb56af5"]
&amp#27;[38;5;141m[c72847e5]&amp#27;[0m&amp#27;[38;5;-24m[AndroidUiautomator2Driver@8bcd]&amp#27;[0m Responding to client with driver.getCurrentContext() result: "NATIVE_APP"
&amp#27;[38;5;141m[c72847e5]&amp#27;[0m&amp#27;[38;5;86m[HTTP]&amp#27;[0m &amp#27;[37m<-- GET /session/c72847e5-6337-42b4-a869-346f0eb56af5/context &amp#27;[39m&amp#27;[32m200&amp#27;[39m &amp#27;[90m1 ms - 22&amp#27;[39m &amp#27;[90m&amp#27;[39m
&amp#27;[38;5;141m[c72847e5]&amp#27;[0m&amp#27;[38;5;86m[HTTP]&amp#27;[0m &amp#27;[37m-->&amp#27;[39m &amp#27;[37mPOST&amp#27;[39m &amp#27;[37m/session/c72847e5-6337-42b4-a869-346f0eb56af5/element&amp#27;[39m &amp#27;[90m{"using":"id","value":"com.androidsample.generalstore:id/appbar_btn_cart"}&amp#27;[39m
&amp#27;[38;5;141m[c72847e5]&amp#27;[0m&amp#27;[38;5;-24m[AndroidUiautomator2Driver@8bcd]&amp#27;[0m Calling AppiumDriver.findElement() with args: ["id","com.androidsample.generalstore:id/appbar_btn_cart","c72847e5-6337-42b4-a869-346f0eb56af5"]
&amp#27;[38;5;141m[c72847e5]&amp#27;[0m&amp#27;[38;5;-24m[AndroidUiautomator2Driver@8bcd]&amp#27;[0m Valid locator strategies for this request: xpath, id, class name, accessibility id, css selector, -android uiautomator
&amp#27;[38;5;141m[c72847e5]&amp#27;[0m&amp#27;[38;5;-24m[AndroidUiautomator2Driver@8bcd]&amp#27;[0m Waiting up to 0 ms for condition
&amp#27;[38;5;141m[c72847e5]&amp#27;[0m&amp#27;[38;5;-24m[AndroidUiautomator2Driver@8bcd]&amp#27;[0m Matched '/element' to command name 'findElement'
&amp#27;[38;5;141m[c72847e5]&amp#27;[0m&amp#27;[38;5;-24m[AndroidUiautomator2Driver@8bcd]&amp#27;[0m Proxying [POST /element] to [POST http://127.0.0.1:8201/session/1e37bd18-93b4-479f-875c-1f64f2d43d91/element] with body: {"strategy":"id","selector":"com.androidsample.generalstore:id/appbar_btn_cart","context":"","multiple":false}
&amp#27;[38;5;141m[c72847e5]&amp#27;[0m&amp#27;[38;5;-24m[AndroidUiautomator2Driver@8bcd]&amp#27;[0m Got response with status 200: {"sessionId":"1e37bd18-93b4-479f-875c-1f64f2d43d91","value":{"ELEMENT":"00000000-0000-069b-ffff-ffff00000044","element-6066-11e4-a52e-4f735466cecf":"00000000-0000-069b-ffff-ffff00000044"}}
&amp#27;[38;5;141m[c72847e5]&amp#27;[0m&amp#27;[38;5;-24m[AndroidUiautomator2Driver@8bcd]&amp#27;[0m Responding to client with driver.findElement() result: {"element-6066-11e4-a52e-4f735466cecf":"00000000-0000-069b-ffff-ffff00000044","ELEMENT":"00000000-0000-069b-ffff-ffff00000044"}
&amp#27;[38;5;141m[c72847e5]&amp#27;[0m&amp#27;[38;5;86m[HTTP]&amp#27;[0m &amp#27;[37m<-- POST /session/c72847e5-6337-42b4-a869-346f0eb56af5/element &amp#27;[39m&amp#27;[32m200&amp#27;[39m &amp#27;[90m23 ms - 137&amp#27;[39m &amp#27;[90m&amp#27;[39m
&amp#27;[38;5;141m[c72847e5]&amp#27;[0m&amp#27;[38;5;86m[HTTP]&amp#27;[0m &amp#27;[37m-->&amp#27;[39m &amp#27;[37mGET&amp#27;[39m &amp#27;[37m/session/c72847e5-6337-42b4-a869-346f0eb56af5/element/00000000-0000-069b-ffff-ffff00000044/displayed&amp#27;[39m &amp#27;[90m{}&amp#27;[39m
&amp#27;[38;5;141m[c72847e5]&amp#27;[0m&amp#27;[38;5;-24m[AndroidUiautomator2Driver@8bcd]&amp#27;[0m Calling AppiumDriver.elementDisplayed() with args: ["00000000-0000-069b-ffff-ffff00000044","c72847e5-6337-42b4-a869-346f0eb56af5"]
&amp#27;[38;5;141m[c72847e5]&amp#27;[0m&amp#27;[38;5;-24m[AndroidUiautomator2Driver@8bcd]&amp#27;[0m Matched '/element/00000000-0000-069b-ffff-ffff00000044/attribute/displayed' to command name 'getAttribute'
&amp#27;[38;5;141m[c72847e5]&amp#27;[0m&amp#27;[38;5;-24m[AndroidUiautomator2Driver@8bcd]&amp#27;[0m Proxying [GET /element/00000000-0000-069b-ffff-ffff00000044/attribute/displayed] to [GET http://127.0.0.1:8201/session/1e37bd18-93b4-479f-875c-1f64f2d43d91/element/00000000-0000-069b-ffff-ffff00000044/attribute/displayed] with no body
&amp#27;[38;5;141m[c72847e5]&amp#27;[0m&amp#27;[38;5;-24m[AndroidUiautomator2Driver@8bcd]&amp#27;[0m Got response with status 200: {"sessionId":"1e37bd18-93b4-479f-875c-1f64f2d43d91","value":"true"}
&amp#27;[38;5;141m[c72847e5]&amp#27;[0m&amp#27;[38;5;-24m[AndroidUiautomator2Driver@8bcd]&amp#27;[0m Responding to client with driver.elementDisplayed() result: true
&amp#27;[38;5;141m[c72847e5]&amp#27;[0m&amp#27;[38;5;86m[HTTP]&amp#27;[0m &amp#27;[37m<-- GET /session/c72847e5-6337-42b4-a869-346f0eb56af5/element/00000000-0000-069b-ffff-ffff00000044/displayed &amp#27;[39m&amp#27;[32m200&amp#27;[39m &amp#27;[90m16 ms - 14&amp#27;[39m &amp#27;[90m&amp#27;[39m
&amp#27;[38;5;141m[c72847e5]&amp#27;[0m&amp#27;[38;5;86m[HTTP]&amp#27;[0m &amp#27;[37m-->&amp#27;[39m &amp#27;[37mGET&amp#27;[39m &amp#27;[37m/session/c72847e5-6337-42b4-a869-346f0eb56af5/context&amp#27;[39m &amp#27;[90m{}&amp#27;[39m
&amp#27;[38;5;141m[c72847e5]&amp#27;[0m&amp#27;[38;5;-24m[AndroidUiautomator2Driver@8bcd]&amp#27;[0m Calling AppiumDriver.getCurrentContext() with args: ["c72847e5-6337-42b4-a869-346f0eb56af5"]
&amp#27;[38;5;141m[c72847e5]&amp#27;[0m&amp#27;[38;5;-24m[AndroidUiautomator2Driver@8bcd]&amp#27;[0m Responding to client with driver.getCurrentContext() result: "NATIVE_APP"
&amp#27;[38;5;141m[c72847e5]&amp#27;[0m&amp#27;[38;5;86m[HTTP]&amp#27;[0m &amp#27;[37m<-- GET /session/c72847e5-6337-42b4-a869-346f0eb56af5/context &amp#27;[39m&amp#27;[32m200&amp#27;[39m &amp#27;[90m1 ms - 22&amp#27;[39m &amp#27;[90m&amp#27;[39m
&amp#27;[38;5;141m[c72847e5]&amp#27;[0m&amp#27;[38;5;86m[HTTP]&amp#27;[0m &amp#27;[37m-->&amp#27;[39m &amp#27;[37mPOST&amp#27;[39m &amp#27;[37m/session/c72847e5-6337-42b4-a869-346f0eb56af5/element&amp#27;[39m &amp#27;[90m{"using":"id","value":"com.androidsample.generalstore:id/appbar_btn_cart"}&amp#27;[39m
&amp#27;[38;5;141m[c72847e5]&amp#27;[0m&amp#27;[38;5;-24m[AndroidUiautomator2Driver@8bcd]&amp#27;[0m Calling AppiumDriver.findElement() with args: ["id","com.androidsample.generalstore:id/appbar_btn_cart","c72847e5-6337-42b4-a869-346f0eb56af5"]
&amp#27;[38;5;141m[c72847e5]&amp#27;[0m&amp#27;[38;5;-24m[AndroidUiautomator2Driver@8bcd]&amp#27;[0m Valid locator strategies for this request: xpath, id, class name, accessibility id, css selector, -android uiautomator
&amp#27;[38;5;141m[c72847e5]&amp#27;[0m&amp#27;[38;5;-24m[AndroidUiautomator2Driver@8bcd]&amp#27;[0m Waiting up to 0 ms for condition
&amp#27;[38;5;141m[c72847e5]&amp#27;[0m&amp#27;[38;5;-24m[AndroidUiautomator2Driver@8bcd]&amp#27;[0m Matched '/element' to command name 'findElement'
&amp#27;[38;5;141m[c72847e5]&amp#27;[0m&amp#27;[38;5;-24m[AndroidUiautomator2Driver@8bcd]&amp#27;[0m Proxying [POST /element] to [POST http://127.0.0.1:8201/session/1e37bd18-93b4-479f-875c-1f64f2d43d91/element] with body: {"strategy":"id","selector":"com.androidsample.generalstore:id/appbar_btn_cart","context":"","multiple":false}
&amp#27;[38;5;141m[c72847e5]&amp#27;[0m&amp#27;[38;5;-24m[AndroidUiautomator2Driver@8bcd]&amp#27;[0m Got response with status 200: {"sessionId":"1e37bd18-93b4-479f-875c-1f64f2d43d91","value":{"ELEMENT":"00000000-0000-069b-ffff-ffff00000044","element-6066-11e4-a52e-4f735466cecf":"00000000-0000-069b-ffff-ffff00000044"}}
&amp#27;[38;5;141m[c72847e5]&amp#27;[0m&amp#27;[38;5;-24m[AndroidUiautomator2Driver@8bcd]&amp#27;[0m Responding to client with driver.findElement() result: {"element-6066-11e4-a52e-4f735466cecf":"00000000-0000-069b-ffff-ffff00000044","ELEMENT":"00000000-0000-069b-ffff-ffff00000044"}
&amp#27;[38;5;141m[c72847e5]&amp#27;[0m&amp#27;[38;5;86m[HTTP]&amp#27;[0m &amp#27;[37m<-- POST /session/c72847e5-6337-42b4-a869-346f0eb56af5/element &amp#27;[39m&amp#27;[32m200&amp#27;[39m &amp#27;[90m21 ms - 137&amp#27;[39m &amp#27;[90m&amp#27;[39m
&amp#27;[38;5;141m[c72847e5]&amp#27;[0m&amp#27;[38;5;86m[HTTP]&amp#27;[0m &amp#27;[37m-->&amp#27;[39m &amp#27;[37mPOST&amp#27;[39m &amp#27;[37m/session/c72847e5-6337-42b4-a869-346f0eb56af5/element/00000000-0000-069b-ffff-ffff00000044/click&amp#27;[39m &amp#27;[90m{"id":"00000000-0000-069b-ffff-ffff00000044"}&amp#27;[39m
&amp#27;[38;5;141m[c72847e5]&amp#27;[0m&amp#27;[38;5;-24m[AndroidUiautomator2Driver@8bcd]&amp#27;[0m Calling AppiumDriver.click() with args: ["00000000-0000-069b-ffff-ffff00000044","c72847e5-6337-42b4-a869-346f0eb56af5"]
&amp#27;[38;5;141m[c72847e5]&amp#27;[0m&amp#27;[38;5;-24m[AndroidUiautomator2Driver@8bcd]&amp#27;[0m Matched '/element/00000000-0000-069b-ffff-ffff00000044/click' to command name 'click'
&amp#27;[38;5;141m[c72847e5]&amp#27;[0m&amp#27;[38;5;-24m[AndroidUiautomator2Driver@8bcd]&amp#27;[0m Proxying [POST /element/00000000-0000-069b-ffff-ffff00000044/click] to [POST http://127.0.0.1:8201/session/1e37bd18-93b4-479f-875c-1f64f2d43d91/element/00000000-0000-069b-ffff-ffff00000044/click] with body: {"element":"00000000-0000-069b-ffff-ffff00000044"}
&amp#27;[38;5;141m[c72847e5]&amp#27;[0m&amp#27;[38;5;-24m[AndroidUiautomator2Driver@8bcd]&amp#27;[0m Got response with status 200: {"sessionId":"1e37bd18-93b4-479f-875c-1f64f2d43d91","value":null}
&amp#27;[38;5;141m[c72847e5]&amp#27;[0m&amp#27;[38;5;-24m[AndroidUiautomator2Driver@8bcd]&amp#27;[0m Responding to client with driver.click() result: null
&amp#27;[38;5;141m[c72847e5]&amp#27;[0m&amp#27;[38;5;86m[HTTP]&amp#27;[0m &amp#27;[37m<-- POST /session/c72847e5-6337-42b4-a869-346f0eb56af5/element/00000000-0000-069b-ffff-ffff00000044/click &amp#27;[39m&amp#27;[32m200&amp#27;[39m &amp#27;[90m82 ms - 14&amp#27;[39m &amp#27;[90m&amp#27;[39m
&amp#27;[38;5;141m[c72847e5]&amp#27;[0m&amp#27;[38;5;86m[HTTP]&amp#27;[0m &amp#27;[37m-->&amp#27;[39m &amp#27;[37mGET&amp#27;[39m &amp#27;[37m/session/c72847e5-6337-42b4-a869-346f0eb56af5/context&amp#27;[39m &amp#27;[90m{}&amp#27;[39m
&amp#27;[38;5;141m[c72847e5]&amp#27;[0m&amp#27;[38;5;-24m[AndroidUiautomator2Driver@8bcd]&amp#27;[0m Calling AppiumDriver.getCurrentContext() with args: ["c72847e5-6337-42b4-a869-346f0eb56af5"]
&amp#27;[38;5;141m[c72847e5]&amp#27;[0m&amp#27;[38;5;-24m[AndroidUiautomator2Driver@8bcd]&amp#27;[0m Responding to client with driver.getCurrentContext() result: "NATIVE_APP"
&amp#27;[38;5;141m[c72847e5]&amp#27;[0m&amp#27;[38;5;86m[HTTP]&amp#27;[0m &amp#27;[37m<-- GET /session/c72847e5-6337-42b4-a869-346f0eb56af5/context &amp#27;[39m&amp#27;[32m200&amp#27;[39m &amp#27;[90m3 ms - 22&amp#27;[39m &amp#27;[90m&amp#27;[39m
&amp#27;[38;5;141m[c72847e5]&amp#27;[0m&amp#27;[38;5;86m[HTTP]&amp#27;[0m &amp#27;[37m-->&amp#27;[39m &amp#27;[37mPOST&amp#27;[39m &amp#27;[37m/session/c72847e5-6337-42b4-a869-346f0eb56af5/element&amp#27;[39m &amp#27;[90m{"using":"id","value":"com.androidsample.generalstore:id/toolbar_title"}&amp#27;[39m
&amp#27;[38;5;141m[c72847e5]&amp#27;[0m&amp#27;[38;5;-24m[AndroidUiautomator2Driver@8bcd]&amp#27;[0m Calling AppiumDriver.findElement() with args: ["id","com.androidsample.generalstore:id/toolbar_title","c72847e5-6337-42b4-a869-346f0eb56af5"]
&amp#27;[38;5;141m[c72847e5]&amp#27;[0m&amp#27;[38;5;-24m[AndroidUiautomator2Driver@8bcd]&amp#27;[0m Valid locator strategies for this request: xpath, id, class name, accessibility id, css selector, -android uiautomator
&amp#27;[38;5;141m[c72847e5]&amp#27;[0m&amp#27;[38;5;-24m[AndroidUiautomator2Driver@8bcd]&amp#27;[0m Waiting up to 0 ms for condition
&amp#27;[38;5;141m[c72847e5]&amp#27;[0m&amp#27;[38;5;-24m[AndroidUiautomator2Driver@8bcd]&amp#27;[0m Matched '/element' to command name 'findElement'
&amp#27;[38;5;141m[c72847e5]&amp#27;[0m&amp#27;[38;5;-24m[AndroidUiautomator2Driver@8bcd]&amp#27;[0m Proxying [POST /element] to [POST http://127.0.0.1:8201/session/1e37bd18-93b4-479f-875c-1f64f2d43d91/element] with body: {"strategy":"id","selector":"com.androidsample.generalstore:id/toolbar_title","context":"","multiple":false}
&amp#27;[38;5;141m[c72847e5]&amp#27;[0m&amp#27;[38;5;-24m[AndroidUiautomator2Driver@8bcd]&amp#27;[0m Got response with status 200: {"sessionId":"1e37bd18-93b4-479f-875c-1f64f2d43d91","value":{"ELEMENT":"00000000-0000-069c-ffff-ffff0000006f","element-6066-11e4-a52e-4f735466cecf":"00000000-0000-069c-ffff-ffff0000006f"}}
&amp#27;[38;5;141m[c72847e5]&amp#27;[0m&amp#27;[38;5;-24m[AndroidUiautomator2Driver@8bcd]&amp#27;[0m Responding to client with driver.findElement() result: {"element-6066-11e4-a52e-4f735466cecf":"00000000-0000-069c-ffff-ffff0000006f","ELEMENT":"00000000-0000-069c-ffff-ffff0000006f"}
&amp#27;[38;5;141m[c72847e5]&amp#27;[0m&amp#27;[38;5;86m[HTTP]&amp#27;[0m &amp#27;[37m<-- POST /session/c72847e5-6337-42b4-a869-346f0eb56af5/element &amp#27;[39m&amp#27;[32m200&amp#27;[39m &amp#27;[90m1145 ms - 137&amp#27;[39m &amp#27;[90m&amp#27;[39m
&amp#27;[38;5;141m[c72847e5]&amp#27;[0m&amp#27;[38;5;86m[HTTP]&amp#27;[0m &amp#27;[37m-->&amp#27;[39m &amp#27;[37mGET&amp#27;[39m &amp#27;[37m/session/c72847e5-6337-42b4-a869-346f0eb56af5/element/00000000-0000-069c-ffff-ffff0000006f/displayed&amp#27;[39m &amp#27;[90m{}&amp#27;[39m
&amp#27;[38;5;141m[c72847e5]&amp#27;[0m&amp#27;[38;5;-24m[AndroidUiautomator2Driver@8bcd]&amp#27;[0m Calling AppiumDriver.elementDisplayed() with args: ["00000000-0000-069c-ffff-ffff0000006f","c72847e5-6337-42b4-a869-346f0eb56af5"]
&amp#27;[38;5;141m[c72847e5]&amp#27;[0m&amp#27;[38;5;-24m[AndroidUiautomator2Driver@8bcd]&amp#27;[0m Matched '/element/00000000-0000-069c-ffff-ffff0000006f/attribute/displayed' to command name 'getAttribute'
&amp#27;[38;5;141m[c72847e5]&amp#27;[0m&amp#27;[38;5;-24m[AndroidUiautomator2Driver@8bcd]&amp#27;[0m Proxying [GET /element/00000000-0000-069c-ffff-ffff0000006f/attribute/displayed] to [GET http://127.0.0.1:8201/session/1e37bd18-93b4-479f-875c-1f64f2d43d91/element/00000000-0000-069c-ffff-ffff0000006f/attribute/displayed] with no body
&amp#27;[38;5;141m[c72847e5]&amp#27;[0m&amp#27;[38;5;-24m[AndroidUiautomator2Driver@8bcd]&amp#27;[0m Got response with status 200: {"sessionId":"1e37bd18-93b4-479f-875c-1f64f2d43d91","value":"true"}
&amp#27;[38;5;141m[c72847e5]&amp#27;[0m&amp#27;[38;5;-24m[AndroidUiautomator2Driver@8bcd]&amp#27;[0m Responding to client with driver.elementDisplayed() result: true
&amp#27;[38;5;141m[c72847e5]&amp#27;[0m&amp#27;[38;5;86m[HTTP]&amp#27;[0m &amp#27;[37m<-- GET /session/c72847e5-6337-42b4-a869-346f0eb56af5/element/00000000-0000-069c-ffff-ffff0000006f/displayed &amp#27;[39m&amp#27;[32m200&amp#27;[39m &amp#27;[90m15 ms - 14&amp#27;[39m &amp#27;[90m&amp#27;[39m
&amp#27;[38;5;141m[c72847e5]&amp#27;[0m&amp#27;[38;5;86m[HTTP]&amp#27;[0m &amp#27;[37m-->&amp#27;[39m &amp#27;[37mGET&amp#27;[39m &amp#27;[37m/session/c72847e5-6337-42b4-a869-346f0eb56af5/context&amp#27;[39m &amp#27;[90m{}&amp#27;[39m
&amp#27;[38;5;141m[c72847e5]&amp#27;[0m&amp#27;[38;5;-24m[AndroidUiautomator2Driver@8bcd]&amp#27;[0m Calling AppiumDriver.getCurrentContext() with args: ["c72847e5-6337-42b4-a869-346f0eb56af5"]
&amp#27;[38;5;141m[c72847e5]&amp#27;[0m&amp#27;[38;5;-24m[AndroidUiautomator2Driver@8bcd]&amp#27;[0m Responding to client with driver.getCurrentContext() result: "NATIVE_APP"
&amp#27;[38;5;141m[c72847e5]&amp#27;[0m&amp#27;[38;5;86m[HTTP]&amp#27;[0m &amp#27;[37m<-- GET /session/c72847e5-6337-42b4-a869-346f0eb56af5/context &amp#27;[39m&amp#27;[32m200&amp#27;[39m &amp#27;[90m1 ms - 22&amp#27;[39m &amp#27;[90m&amp#27;[39m
&amp#27;[38;5;141m[c72847e5]&amp#27;[0m&amp#27;[38;5;86m[HTTP]&amp#27;[0m &amp#27;[37m-->&amp#27;[39m &amp#27;[37mPOST&amp#27;[39m &amp#27;[37m/session/c72847e5-6337-42b4-a869-346f0eb56af5/element&amp#27;[39m &amp#27;[90m{"using":"id","value":"com.androidsample.generalstore:id/toolbar_title"}&amp#27;[39m
&amp#27;[38;5;141m[c72847e5]&amp#27;[0m&amp#27;[38;5;-24m[AndroidUiautomator2Driver@8bcd]&amp#27;[0m Calling AppiumDriver.findElement() with args: ["id","com.androidsample.generalstore:id/toolbar_title","c72847e5-6337-42b4-a869-346f0eb56af5"]
&amp#27;[38;5;141m[c72847e5]&amp#27;[0m&amp#27;[38;5;-24m[AndroidUiautomator2Driver@8bcd]&amp#27;[0m Valid locator strategies for this request: xpath, id, class name, accessibility id, css selector, -android uiautomator
&amp#27;[38;5;141m[c72847e5]&amp#27;[0m&amp#27;[38;5;-24m[AndroidUiautomator2Driver@8bcd]&amp#27;[0m Waiting up to 0 ms for condition
&amp#27;[38;5;141m[c72847e5]&amp#27;[0m&amp#27;[38;5;-24m[AndroidUiautomator2Driver@8bcd]&amp#27;[0m Matched '/element' to command name 'findElement'
&amp#27;[38;5;141m[c72847e5]&amp#27;[0m&amp#27;[38;5;-24m[AndroidUiautomator2Driver@8bcd]&amp#27;[0m Proxying [POST /element] to [POST http://127.0.0.1:8201/session/1e37bd18-93b4-479f-875c-1f64f2d43d91/element] with body: {"strategy":"id","selector":"com.androidsample.generalstore:id/toolbar_title","context":"","multiple":false}
&amp#27;[38;5;141m[c72847e5]&amp#27;[0m&amp#27;[38;5;-24m[AndroidUiautomator2Driver@8bcd]&amp#27;[0m Got response with status 200: {"sessionId":"1e37bd18-93b4-479f-875c-1f64f2d43d91","value":{"ELEMENT":"00000000-0000-069c-ffff-ffff0000006f","element-6066-11e4-a52e-4f735466cecf":"00000000-0000-069c-ffff-ffff0000006f"}}
&amp#27;[38;5;141m[c72847e5]&amp#27;[0m&amp#27;[38;5;-24m[AndroidUiautomator2Driver@8bcd]&amp#27;[0m Responding to client with driver.findElement() result: {"element-6066-11e4-a52e-4f735466cecf":"00000000-0000-069c-ffff-ffff0000006f","ELEMENT":"00000000-0000-069c-ffff-ffff0000006f"}
&amp#27;[38;5;141m[c72847e5]&amp#27;[0m&amp#27;[38;5;86m[HTTP]&amp#27;[0m &amp#27;[37m<-- POST /session/c72847e5-6337-42b4-a869-346f0eb56af5/element &amp#27;[39m&amp#27;[32m200&amp#27;[39m &amp#27;[90m22 ms - 137&amp#27;[39m &amp#27;[90m&amp#27;[39m
&amp#27;[38;5;141m[c72847e5]&amp#27;[0m&amp#27;[38;5;86m[HTTP]&amp#27;[0m &amp#27;[37m-->&amp#27;[39m &amp#27;[37mGET&amp#27;[39m &amp#27;[37m/session/c72847e5-6337-42b4-a869-346f0eb56af5/element/00000000-0000-069c-ffff-ffff0000006f/displayed&amp#27;[39m &amp#27;[90m{}&amp#27;[39m
&amp#27;[38;5;141m[c72847e5]&amp#27;[0m&amp#27;[38;5;-24m[AndroidUiautomator2Driver@8bcd]&amp#27;[0m Calling AppiumDriver.elementDisplayed() with args: ["00000000-0000-069c-ffff-ffff0000006f","c72847e5-6337-42b4-a869-346f0eb56af5"]
&amp#27;[38;5;141m[c72847e5]&amp#27;[0m&amp#27;[38;5;-24m[AndroidUiautomator2Driver@8bcd]&amp#27;[0m Matched '/element/00000000-0000-069c-ffff-ffff0000006f/attribute/displayed' to command name 'getAttribute'
&amp#27;[38;5;141m[c72847e5]&amp#27;[0m&amp#27;[38;5;-24m[AndroidUiautomator2Driver@8bcd]&amp#27;[0m Proxying [GET /element/00000000-0000-069c-ffff-ffff0000006f/attribute/displayed] to [GET http://127.0.0.1:8201/session/1e37bd18-93b4-479f-875c-1f64f2d43d91/element/00000000-0000-069c-ffff-ffff0000006f/attribute/displayed] with no body
&amp#27;[38;5;141m[c72847e5]&amp#27;[0m&amp#27;[38;5;-24m[AndroidUiautomator2Driver@8bcd]&amp#27;[0m Got response with status 200: {"sessionId":"1e37bd18-93b4-479f-875c-1f64f2d43d91","value":"true"}
&amp#27;[38;5;141m[c72847e5]&amp#27;[0m&amp#27;[38;5;-24m[AndroidUiautomator2Driver@8bcd]&amp#27;[0m Responding to client with driver.elementDisplayed() result: true
&amp#27;[38;5;141m[c72847e5]&amp#27;[0m&amp#27;[38;5;86m[HTTP]&amp#27;[0m &amp#27;[37m<-- GET /session/c72847e5-6337-42b4-a869-346f0eb56af5/element/00000000-0000-069c-ffff-ffff0000006f/displayed &amp#27;[39m&amp#27;[32m200&amp#27;[39m &amp#27;[90m16 ms - 14&amp#27;[39m &amp#27;[90m&amp#27;[39m
Test Passed: isCartVisible
]]></system-out>
  </testcase>
  <testcase name="productAmountVerification[{name=Raj, country=Austria, product=Converse All Star, genderFemale=Female, genderMale=Male}](1)" classname="testCases.CartPageTest" time="17.114">
    <system-out><![CDATA[&amp#27;[38;5;141m[c72847e5]&amp#27;[0m&amp#27;[38;5;86m[HTTP]&amp#27;[0m &amp#27;[37m-->&amp#27;[39m &amp#27;[37mDELETE&amp#27;[39m &amp#27;[37m/session/c72847e5-6337-42b4-a869-346f0eb56af5&amp#27;[39m &amp#27;[90m{}&amp#27;[39m
&amp#27;[38;5;141m[c72847e5]&amp#27;[0m&amp#27;[38;5;-24m[AndroidUiautomator2Driver@8bcd]&amp#27;[0m Calling AppiumDriver.deleteSession() with args: ["c72847e5-6337-42b4-a869-346f0eb56af5"]
&amp#27;[38;5;141m[c72847e5]&amp#27;[0m&amp#27;[38;5;160m[AppiumDriver@229e]&amp#27;[0m Event 'quitSessionRequested' logged at 1744634704765 (18:15:04 GMT+0530 (India Standard Time))
&amp#27;[38;5;141m[c72847e5]&amp#27;[0m&amp#27;[38;5;160m[AppiumDriver@229e]&amp#27;[0m Removing session c72847e5-6337-42b4-a869-346f0eb56af5 from our master session list
&amp#27;[38;5;141m[c72847e5]&amp#27;[0m&amp#27;[38;5;-24m[AndroidUiautomator2Driver@8bcd]&amp#27;[0m Deleting UiAutomator2 session
&amp#27;[38;5;141m[c72847e5]&amp#27;[0m&amp#27;[38;5;-24m[AndroidUiautomator2Driver@8bcd]&amp#27;[0m Deleting UiAutomator2 server session
&amp#27;[38;5;141m[c72847e5]&amp#27;[0m&amp#27;[38;5;-24m[AndroidUiautomator2Driver@8bcd]&amp#27;[0m Matched '/' to command name 'deleteSession'
&amp#27;[38;5;141m[c72847e5]&amp#27;[0m&amp#27;[38;5;-24m[AndroidUiautomator2Driver@8bcd]&amp#27;[0m Proxying [DELETE /] to [DELETE http://127.0.0.1:8201/session/1e37bd18-93b4-479f-875c-1f64f2d43d91] with no body
&amp#27;[38;5;141m[c72847e5]&amp#27;[0m&amp#27;[38;5;-24m[AndroidUiautomator2Driver@8bcd]&amp#27;[0m Got response with status 200: {"sessionId":"1e37bd18-93b4-479f-875c-1f64f2d43d91","value":null}
&amp#27;[38;5;141m[c72847e5]&amp#27;[0m&amp#27;[38;5;-24m[AndroidUiautomator2Driver@8bcd]&amp#27;[0m [Instrumentation] io.appium.uiautomator2.server.test.AppiumUiAutomator2Server:
&amp#27;[38;5;141m[c72847e5]&amp#27;[0m&amp#27;[38;5;-24m[AndroidUiautomator2Driver@8bcd]&amp#27;[0m [Instrumentation] The process has exited with code null, signal SIGTERM
&amp#27;[38;5;141m[c72847e5]&amp#27;[0m&amp#27;[38;5;229m[ADB]&amp#27;[0m Running 'C:\Users\User1\AppData\Local\Android\Sdk\platform-tools\adb.exe -P 5037 -s emulator-5554 shell dumpsys activity services io.appium.settings/.recorder.RecorderService'
&amp#27;[38;5;141m[c72847e5]&amp#27;[0m&amp#27;[38;5;229m[ADB]&amp#27;[0m Running 'C:\Users\User1\AppData\Local\Android\Sdk\platform-tools\adb.exe -P 5037 -s emulator-5554 shell am force-stop com.androidsample.generalstore'
&amp#27;[38;5;141m[c72847e5]&amp#27;[0m&amp#27;[38;5;229m[ADB]&amp#27;[0m Removing forwarded port socket connection: 8201 
&amp#27;[38;5;141m[c72847e5]&amp#27;[0m&amp#27;[38;5;229m[ADB]&amp#27;[0m Running 'C:\Users\User1\AppData\Local\Android\Sdk\platform-tools\adb.exe -P 5037 -s emulator-5554 forward --remove tcp:8201'
&amp#27;[38;5;141m[c72847e5]&amp#27;[0m&amp#27;[38;5;-24m[AndroidUiautomator2Driver@8bcd]&amp#27;[0m Restoring hidden api policy to the device default configuration
&amp#27;[38;5;141m[c72847e5]&amp#27;[0m&amp#27;[38;5;229m[ADB]&amp#27;[0m Running 'C:\Users\User1\AppData\Local\Android\Sdk\platform-tools\adb.exe -P 5037 -s emulator-5554 shell 'settings delete global hidden_api_policy_pre_p_apps;settings delete global hidden_api_policy_p_apps;settings delete global hidden_api_policy''
&amp#27;[38;5;141m[c72847e5]&amp#27;[0m&amp#27;[38;5;160m[Logcat]&amp#27;[0m Stopping logcat capture
&amp#27;[38;5;141m[c72847e5]&amp#27;[0m&amp#27;[38;5;160m[AppiumDriver@229e]&amp#27;[0m Event 'quitSessionFinished' logged at 1744634705281 (18:15:05 GMT+0530 (India Standard Time))
&amp#27;[38;5;141m[c72847e5]&amp#27;[0m&amp#27;[38;5;160m[AppiumDriver@229e]&amp#27;[0m Received response: null
&amp#27;[38;5;141m[c72847e5]&amp#27;[0m&amp#27;[38;5;160m[AppiumDriver@229e]&amp#27;[0m But deleting session, so not returning
&amp#27;[38;5;141m[c72847e5]&amp#27;[0m&amp#27;[38;5;160m[AppiumDriver@229e]&amp#27;[0m Responding to client with driver.deleteSession() result: null
&amp#27;[38;5;141m[c72847e5]&amp#27;[0m&amp#27;[38;5;86m[HTTP]&amp#27;[0m &amp#27;[37m<-- DELETE /session/c72847e5-6337-42b4-a869-346f0eb56af5 &amp#27;[39m&amp#27;[32m200&amp#27;[39m &amp#27;[90m519 ms - 14&amp#27;[39m &amp#27;[90m&amp#27;[39m
&amp#27;[38;5;112m[Appium]&amp#27;[0m Welcome to Appium v2.11.5
&amp#27;[38;5;112m[Appium]&amp#27;[0m The autodetected Appium home path: C:\Users\User1\.appium
&amp#27;[38;5;112m[Appium]&amp#27;[0m Attempting to load driver uiautomator2...
&amp#27;[38;5;112m[Appium]&amp#27;[0m Attempting to load driver xcuitest...
&amp#27;[38;5;112m[Appium]&amp#27;[0m Attempting to load driver espresso...
&amp#27;[38;5;112m[Appium]&amp#27;[0m Requiring driver at C:\Users\User1\.appium\node_modules\appium-uiautomator2-driver\build\index.js
&amp#27;[38;5;112m[Appium]&amp#27;[0m Requiring driver at C:\Users\User1\.appium\node_modules\appium-espresso-driver\build\index.js
&amp#27;[38;5;112m[Appium]&amp#27;[0m Requiring driver at C:\Users\User1\.appium\node_modules\appium-xcuitest-driver\build\index.js
&amp#27;[38;5;112m[Appium]&amp#27;[0m AndroidUiautomator2Driver has been successfully loaded in 3.539s
&amp#27;[38;5;112m[Appium]&amp#27;[0m EspressoDriver has been successfully loaded in 3.538s
&amp#27;[38;5;112m[Appium]&amp#27;[0m XCUITestDriver has been successfully loaded in 3.539s
&amp#27;[38;5;112m[Appium]&amp#27;[0m Attempting to load driver gecko...
&amp#27;[38;5;112m[Appium]&amp#27;[0m Requiring driver at C:\Users\User1\.appium\node_modules\appium-geckodriver\build\index.js
&amp#27;[38;5;112m[Appium]&amp#27;[0m GeckoDriver has been successfully loaded in 0.105s
&amp#27;[38;5;112m[Appium]&amp#27;[0m Appium REST http interface listener started on http://0.0.0.0:4723
&amp#27;[38;5;112m[Appium]&amp#27;[0m You can provide the following URLs in your client code to connect to this server:
	http://192.168.0.114:4723/
	http://127.0.0.1:4723/ (only accessible from the same host)
&amp#27;[38;5;112m[Appium]&amp#27;[0m Available drivers:
&amp#27;[38;5;112m[Appium]&amp#27;[0m   - uiautomator2@3.8.0 (automationName 'UiAutomator2')
&amp#27;[38;5;112m[Appium]&amp#27;[0m   - xcuitest@7.27.1 (automationName 'XCUITest')
&amp#27;[38;5;112m[Appium]&amp#27;[0m   - espresso@3.5.0 (automationName 'Espresso')
&amp#27;[38;5;112m[Appium]&amp#27;[0m   - gecko@1.4.0 (automationName 'Gecko')
&amp#27;[38;5;112m[Appium]&amp#27;[0m No plugins have been installed. Use the "appium plugin" command to install the one(s) you want to use.
&amp#27;[38;5;86m[HTTP]&amp#27;[0m &amp#27;[37m-->&amp#27;[39m &amp#27;[37mGET&amp#27;[39m &amp#27;[37m/status&amp#27;[39m &amp#27;[90m{}&amp#27;[39m
&amp#27;[38;5;216m[AppiumDriver@b7af]&amp#27;[0m Calling AppiumDriver.getStatus() with args: []
&amp#27;[38;5;216m[AppiumDriver@b7af]&amp#27;[0m Responding to client with driver.getStatus() result: {"ready":true,"message":"The server is ready to accept new connections","build":{"version":"2.11.5"}}
&amp#27;[38;5;86m[HTTP]&amp#27;[0m &amp#27;[37m<-- GET /status &amp#27;[39m&amp#27;[32m200&amp#27;[39m &amp#27;[90m8 ms - 111&amp#27;[39m &amp#27;[90m&amp#27;[39m
&amp#27;[38;5;86m[HTTP]&amp#27;[0m Request idempotency key: b91c0ba6-38be-4e1d-b14f-a2c942bcf3cc
&amp#27;[38;5;86m[HTTP]&amp#27;[0m &amp#27;[37m-->&amp#27;[39m &amp#27;[37mPOST&amp#27;[39m &amp#27;[37m/session&amp#27;[39m &amp#27;[90m{"capabilities":{"firstMatch":[{"appium:chromedriverExecutable":"C://Users//User1//Downloads//chromedriver-win64//chromedriver-win64//chromedriver.exe","appium:deviceName":"Rajemulator","platformName":"ANDROID","appium:automationName":"UIAutomator2","appium:app":"C:\\Users\\User1\\eclipse-workspace\\eCommerceFramework//src//main//resources//General-Store.apk"}]}}&amp#27;[39m
&amp#27;[38;5;216m[AppiumDriver@b7af]&amp#27;[0m Calling AppiumDriver.createSession() with args: [null,null,{"firstMatch":[{"appium:chromedriverExecutable":"C://Users//User1//Downloads//chromedriver-win64//chromedriver-win64//chromedriver.exe","appium:deviceName":"Rajemulator","platformName":"ANDROID","appium:automationName":"UIAutomator2","appium:app":"C:\\Users\\User1\\eclipse-workspace\\eCommerceFramework//src//main//resources//General-Store.apk"}]}]
&amp#27;[38;5;216m[AppiumDriver@b7af]&amp#27;[0m Event 'newSessionRequested' logged at 1744634711387 (18:15:11 GMT+0530 (India Standard Time))
&amp#27;[38;5;112m[Appium]&amp#27;[0m Attempting to find matching driver for automationName 'UIAutomator2' and platformName 'ANDROID'
&amp#27;[38;5;112m[Appium]&amp#27;[0m The 'uiautomator2' driver was installed and matched caps.
&amp#27;[38;5;112m[Appium]&amp#27;[0m Will require it at C:\Users\User1\.appium\node_modules\appium-uiautomator2-driver
&amp#27;[38;5;112m[Appium]&amp#27;[0m Requiring driver at C:\Users\User1\.appium\node_modules\appium-uiautomator2-driver\build\index.js
&amp#27;[38;5;216m[AppiumDriver@b7af]&amp#27;[0m Appium v2.11.5 creating new AndroidUiautomator2Driver (v3.8.0) session
&amp#27;[38;5;216m[AppiumDriver@b7af]&amp#27;[0m Checking BaseDriver versions for Appium and AndroidUiautomator2Driver
&amp#27;[38;5;216m[AppiumDriver@b7af]&amp#27;[0m Appium's BaseDriver version is 9.11.5
&amp#27;[38;5;216m[AppiumDriver@b7af]&amp#27;[0m AndroidUiautomator2Driver's BaseDriver version is 9.11.5
&amp#27;[38;5;2m[AndroidUiautomator2Driver@27a9]&amp#27;[0m 
&amp#27;[38;5;2m[AndroidUiautomator2Driver@27a9]&amp#27;[0m Creating session with W3C capabilities: {
  "alwaysMatch": {
    "platformName": "ANDROID",
    "appium:chromedriverExecutable": "C://Users//User1//Downloads//chromedriver-win64//chromedriver-win64//chromedriver.exe",
    "appium:deviceName": "Rajemulator",
    "appium:automationName": "UIAutomator2",
    "appium:app": "C:\\Users\\User1\\eclipse-workspace\\eCommerceFramework//src//main//resources//General-Store.apk"
  },
  "firstMatch": [
    {}
  ]
}
&amp#27;[38;5;131m[8610fbec]&amp#27;[0m&amp#27;[38;5;2m[AndroidUiautomator2Driver@27a9]&amp#27;[0m Session created with session id: 8610fbec-12ad-4ee0-9bff-ae8a5c54b196
&amp#27;[38;5;131m[8610fbec]&amp#27;[0m&amp#27;[38;5;229m[ADB]&amp#27;[0m Found 3 'build-tools' folders under 'C:\Users\User1\AppData\Local\Android\Sdk' (newest first):
&amp#27;[38;5;131m[8610fbec]&amp#27;[0m&amp#27;[38;5;229m[ADB]&amp#27;[0m     C:\Users\User1\AppData\Local\Android\Sdk\build-tools\36.0.0-rc1
&amp#27;[38;5;131m[8610fbec]&amp#27;[0m&amp#27;[38;5;229m[ADB]&amp#27;[0m     C:\Users\User1\AppData\Local\Android\Sdk\build-tools\35.0.0
&amp#27;[38;5;131m[8610fbec]&amp#27;[0m&amp#27;[38;5;229m[ADB]&amp#27;[0m     C:\Users\User1\AppData\Local\Android\Sdk\build-tools\34.0.0
&amp#27;[38;5;131m[8610fbec]&amp#27;[0m&amp#27;[38;5;229m[ADB]&amp#27;[0m Using 'adb.exe' from 'C:\Users\User1\AppData\Local\Android\Sdk\platform-tools\adb.exe'
&amp#27;[38;5;131m[8610fbec]&amp#27;[0m&amp#27;[38;5;229m[ADB]&amp#27;[0m Running 'C:\Users\User1\AppData\Local\Android\Sdk\platform-tools\adb.exe -P 5037 start-server'
&amp#27;[38;5;131m[8610fbec]&amp#27;[0m&amp#27;[38;5;2m[AndroidUiautomator2Driver@27a9]&amp#27;[0m Retrieving device list
&amp#27;[38;5;131m[8610fbec]&amp#27;[0m&amp#27;[38;5;229m[ADB]&amp#27;[0m Trying to find connected Android devices
&amp#27;[38;5;131m[8610fbec]&amp#27;[0m&amp#27;[38;5;229m[ADB]&amp#27;[0m Getting connected devices
&amp#27;[38;5;131m[8610fbec]&amp#27;[0m&amp#27;[38;5;229m[ADB]&amp#27;[0m Connected devices: [{"udid":"emulator-5554","state":"device"}]
&amp#27;[38;5;131m[8610fbec]&amp#27;[0m&amp#27;[38;5;2m[AndroidUiautomator2Driver@27a9]&amp#27;[0m Using device: emulator-5554
&amp#27;[38;5;131m[8610fbec]&amp#27;[0m&amp#27;[38;5;229m[ADB]&amp#27;[0m Using 'adb.exe' from 'C:\Users\User1\AppData\Local\Android\Sdk\platform-tools\adb.exe'
&amp#27;[38;5;131m[8610fbec]&amp#27;[0m&amp#27;[38;5;229m[ADB]&amp#27;[0m Running 'C:\Users\User1\AppData\Local\Android\Sdk\platform-tools\adb.exe -P 5037 start-server'
&amp#27;[38;5;131m[8610fbec]&amp#27;[0m&amp#27;[38;5;229m[ADB]&amp#27;[0m Setting device id to emulator-5554
&amp#27;[38;5;131m[8610fbec]&amp#27;[0m&amp#27;[38;5;123m[BaseDriver]&amp#27;[0m Using local app 'C:\Users\User1\eclipse-workspace\eCommerceFramework//src//main//resources//General-Store.apk'
&amp#27;[38;5;131m[8610fbec]&amp#27;[0m&amp#27;[38;5;2m[AndroidUiautomator2Driver@27a9]&amp#27;[0m Checking whether app is actually present
&amp#27;[38;5;131m[8610fbec]&amp#27;[0m&amp#27;[38;5;229m[ADB]&amp#27;[0m Running 'C:\Users\User1\AppData\Local\Android\Sdk\platform-tools\adb.exe -P 5037 -s emulator-5554 shell getprop ro.build.version.sdk'
&amp#27;[38;5;131m[8610fbec]&amp#27;[0m&amp#27;[38;5;229m[ADB]&amp#27;[0m Current device property 'ro.build.version.sdk': 35
&amp#27;[38;5;131m[8610fbec]&amp#27;[0m&amp#27;[38;5;229m[ADB]&amp#27;[0m Getting device platform version
&amp#27;[38;5;131m[8610fbec]&amp#27;[0m&amp#27;[38;5;229m[ADB]&amp#27;[0m Running 'C:\Users\User1\AppData\Local\Android\Sdk\platform-tools\adb.exe -P 5037 -s emulator-5554 shell getprop ro.build.version.release'
&amp#27;[38;5;131m[8610fbec]&amp#27;[0m&amp#27;[38;5;229m[ADB]&amp#27;[0m Current device property 'ro.build.version.release': 15
&amp#27;[38;5;131m[8610fbec]&amp#27;[0m&amp#27;[38;5;229m[ADB]&amp#27;[0m Device API level: 35
&amp#27;[38;5;131m[8610fbec]&amp#27;[0m&amp#27;[38;5;2m[AndroidUiautomator2Driver@27a9]&amp#27;[0m Relaxing hidden api policy
&amp#27;[38;5;131m[8610fbec]&amp#27;[0m&amp#27;[38;5;229m[ADB]&amp#27;[0m Running 'C:\Users\User1\AppData\Local\Android\Sdk\platform-tools\adb.exe -P 5037 -s emulator-5554 shell 'settings put global hidden_api_policy_pre_p_apps 1;settings put global hidden_api_policy_p_apps 1;settings put global hidden_api_policy 1''
&amp#27;[38;5;131m[8610fbec]&amp#27;[0m&amp#27;[38;5;2m[AndroidUiautomator2Driver@27a9]&amp#27;[0m Parsing package and activity from app manifest
&amp#27;[38;5;131m[8610fbec]&amp#27;[0m&amp#27;[38;5;229m[ADB]&amp#27;[0m Running 'C:\Users\User1\AppData\Local\Android\Sdk\platform-tools\adb.exe -P 5037 -s emulator-5554 wait-for-device'
&amp#27;[38;5;131m[8610fbec]&amp#27;[0m&amp#27;[38;5;229m[ADB]&amp#27;[0m Using 'aapt2.exe' from 'C:\Users\User1\AppData\Local\Android\Sdk\build-tools\36.0.0-rc1\aapt2.exe'
&amp#27;[38;5;131m[8610fbec]&amp#27;[0m&amp#27;[38;5;229m[ADB]&amp#27;[0m Reading package manifest: 'C:\\Users\\User1\\AppData\\Local\\Android\\Sdk\\build-tools\\36.0.0-rc1\\aapt2.exe dump badging C:\\Users\\User1\\eclipse-workspace\\eCommerceFramework//src//main//resources//General-Store.apk'
&amp#27;[38;5;131m[8610fbec]&amp#27;[0m&amp#27;[38;5;229m[ADB]&amp#27;[0m Running 'C:\Users\User1\AppData\Local\Android\Sdk\platform-tools\adb.exe -P 5037 -s emulator-5554 shell echo ping'
&amp#27;[38;5;131m[8610fbec]&amp#27;[0m&amp#27;[38;5;229m[ADB]&amp#27;[0m Package name: 'com.androidsample.generalstore'
&amp#27;[38;5;131m[8610fbec]&amp#27;[0m&amp#27;[38;5;229m[ADB]&amp#27;[0m Main activity name: 'com.androidsample.generalstore.SplashActivity'
&amp#27;[38;5;131m[8610fbec]&amp#27;[0m&amp#27;[38;5;2m[AndroidUiautomator2Driver@27a9]&amp#27;[0m Parsed package and activity are: com.androidsample.generalstore/com.androidsample.generalstore.SplashActivity
&amp#27;[38;5;131m[8610fbec]&amp#27;[0m&amp#27;[38;5;2m[AndroidUiautomator2Driver@27a9]&amp#27;[0m Pushing settings apk to the device...
&amp#27;[38;5;131m[8610fbec]&amp#27;[0m&amp#27;[38;5;229m[ADB]&amp#27;[0m Getting package info for 'io.appium.settings'
&amp#27;[38;5;131m[8610fbec]&amp#27;[0m&amp#27;[38;5;229m[ADB]&amp#27;[0m Running 'C:\Users\User1\AppData\Local\Android\Sdk\platform-tools\adb.exe -P 5037 -s emulator-5554 shell dumpsys package io.appium.settings'
&amp#27;[38;5;131m[8610fbec]&amp#27;[0m&amp#27;[38;5;229m[ADB]&amp#27;[0m Reading package manifest: 'C:\\Users\\User1\\AppData\\Local\\Android\\Sdk\\build-tools\\36.0.0-rc1\\aapt2.exe dump badging C:\\Users\\User1\\.appium\\node_modules\\appium-uiautomator2-driver\\node_modules\\io.appium.settings\\apks\\settings_apk-debug.apk'
&amp#27;[38;5;131m[8610fbec]&amp#27;[0m&amp#27;[38;5;229m[ADB]&amp#27;[0m The version name of the installed 'io.appium.settings' is greater or equal to the application version name ('5.12.13' >= '5.12.13')
&amp#27;[38;5;131m[8610fbec]&amp#27;[0m&amp#27;[38;5;229m[ADB]&amp#27;[0m There is no need to install/upgrade 'C:\Users\User1\.appium\node_modules\appium-uiautomator2-driver\node_modules\io.appium.settings\apks\settings_apk-debug.apk'
&amp#27;[38;5;131m[8610fbec]&amp#27;[0m&amp#27;[38;5;229m[ADB]&amp#27;[0m Running 'C:\Users\User1\AppData\Local\Android\Sdk\platform-tools\adb.exe -P 5037 -s emulator-5554 shell dumpsys activity services io.appium.settings'
&amp#27;[38;5;131m[8610fbec]&amp#27;[0m&amp#27;[38;5;2m[AndroidUiautomator2Driver@27a9]&amp#27;[0m io.appium.settings is already running. There is no need to reset its permissions.
&amp#27;[38;5;131m[8610fbec]&amp#27;[0m&amp#27;[38;5;160m[Logcat]&amp#27;[0m Starting logs capture with command: C:\\Users\\User1\\AppData\\Local\\Android\\Sdk\\platform-tools\\adb.exe -P 5037 -s emulator-5554 logcat -v threadtime
&amp#27;[38;5;131m[8610fbec]&amp#27;[0m&amp#27;[38;5;2m[AndroidUiautomator2Driver@27a9]&amp#27;[0m Forwarding UiAutomator2 Server port 6790 to local port 8201
&amp#27;[38;5;131m[8610fbec]&amp#27;[0m&amp#27;[38;5;229m[ADB]&amp#27;[0m Forwarding system: 8201 to device: 6790
&amp#27;[38;5;131m[8610fbec]&amp#27;[0m&amp#27;[38;5;229m[ADB]&amp#27;[0m Running 'C:\Users\User1\AppData\Local\Android\Sdk\platform-tools\adb.exe -P 5037 -s emulator-5554 forward tcp:8201 tcp:6790'
&amp#27;[38;5;131m[8610fbec]&amp#27;[0m&amp#27;[38;5;229m[ADB]&amp#27;[0m Getting package info for 'io.appium.uiautomator2.server'
&amp#27;[38;5;131m[8610fbec]&amp#27;[0m&amp#27;[38;5;229m[ADB]&amp#27;[0m Running 'C:\Users\User1\AppData\Local\Android\Sdk\platform-tools\adb.exe -P 5037 -s emulator-5554 shell dumpsys package io.appium.uiautomator2.server'
&amp#27;[38;5;131m[8610fbec]&amp#27;[0m&amp#27;[38;5;229m[ADB]&amp#27;[0m Getting install status for io.appium.uiautomator2.server.test
&amp#27;[38;5;131m[8610fbec]&amp#27;[0m&amp#27;[38;5;229m[ADB]&amp#27;[0m Checking app cert for C:\Users\User1\eclipse-workspace\eCommerceFramework//src//main//resources//General-Store.apk
&amp#27;[38;5;131m[8610fbec]&amp#27;[0m&amp#27;[38;5;229m[ADB]&amp#27;[0m Running 'C:\Users\User1\AppData\Local\Android\Sdk\platform-tools\adb.exe -P 5037 -s emulator-5554 shell cmd package list packages'
&amp#27;[38;5;131m[8610fbec]&amp#27;[0m&amp#27;[38;5;229m[ADB]&amp#27;[0m Using 'apksigner.jar' from 'C:\Users\User1\AppData\Local\Android\Sdk\build-tools\36.0.0-rc1\lib\apksigner.jar'
&amp#27;[38;5;131m[8610fbec]&amp#27;[0m&amp#27;[38;5;229m[ADB]&amp#27;[0m Starting apksigner: 'C:\\Program Files\\Java\\jdk-22\\bin\\java.exe' -Xmx1024M -Xss1m -jar C:\\Users\\User1\\AppData\\Local\\Android\\Sdk\\build-tools\\36.0.0-rc1\\lib\\apksigner.jar verify --print-certs C:\\Users\\User1\\eclipse-workspace\\eCommerceFramework//src//main//resources//General-Store.apk
&amp#27;[38;5;131m[8610fbec]&amp#27;[0m&amp#27;[38;5;229m[ADB]&amp#27;[0m Reading package manifest: 'C:\\Users\\User1\\AppData\\Local\\Android\\Sdk\\build-tools\\36.0.0-rc1\\aapt2.exe dump badging C:\\Users\\User1\\.appium\\node_modules\\appium-uiautomator2-driver\\node_modules\\appium-uiautomator2-server\\apks\\appium-uiautomator2-server-v7.0.25.apk'
&amp#27;[38;5;131m[8610fbec]&amp#27;[0m&amp#27;[38;5;229m[ADB]&amp#27;[0m 'io.appium.uiautomator2.server.test' is installed
&amp#27;[38;5;131m[8610fbec]&amp#27;[0m&amp#27;[38;5;229m[ADB]&amp#27;[0m The version name of the installed 'io.appium.uiautomator2.server' is greater or equal to the application version name ('7.0.25' >= '7.0.25')
&amp#27;[38;5;131m[8610fbec]&amp#27;[0m&amp#27;[38;5;2m[AndroidUiautomator2Driver@27a9]&amp#27;[0m Server packages status: [{"installState":"sameVersionInstalled","appPath":"C:\\Users\\User1\\.appium\\node_modules\\appium-uiautomator2-driver\\node_modules\\appium-uiautomator2-server\\apks\\appium-uiautomator2-server-v7.0.25.apk","appId":"io.appium.uiautomator2.server"},{"installState":"sameVersionInstalled","appPath":"C:\\Users\\User1\\.appium\\node_modules\\appium-uiautomator2-driver\\node_modules\\appium-uiautomator2-server\\apks\\appium-uiautomator2-server-debug-androidTest.apk","appId":"io.appium.uiautomator2.server.test"}]
&amp#27;[38;5;131m[8610fbec]&amp#27;[0m&amp#27;[38;5;2m[AndroidUiautomator2Driver@27a9]&amp#27;[0m Server packages are not going to be (re)installed
&amp#27;[38;5;131m[8610fbec]&amp#27;[0m&amp#27;[38;5;2m[AndroidUiautomator2Driver@27a9]&amp#27;[0m Waiting up to 30000ms for services to be available
&amp#27;[38;5;131m[8610fbec]&amp#27;[0m&amp#27;[38;5;229m[ADB]&amp#27;[0m Running 'C:\Users\User1\AppData\Local\Android\Sdk\platform-tools\adb.exe -P 5037 -s emulator-5554 shell pm list instrumentation'
&amp#27;[38;5;131m[8610fbec]&amp#27;[0m&amp#27;[38;5;2m[AndroidUiautomator2Driver@27a9]&amp#27;[0m Instrumentation target 'io.appium.uiautomator2.server.test/androidx.test.runner.AndroidJUnitRunner' is available
&amp#27;[38;5;131m[8610fbec]&amp#27;[0m&amp#27;[38;5;229m[ADB]&amp#27;[0m Adding packages ["io.appium.settings","io.appium.uiautomator2.server","io.appium.uiautomator2.server.test"] to Doze whitelist
&amp#27;[38;5;131m[8610fbec]&amp#27;[0m&amp#27;[38;5;229m[ADB]&amp#27;[0m Got the following command chunks to execute: [["dumpsys","deviceidle","whitelist","+io.appium.settings",";","dumpsys","deviceidle","whitelist","+io.appium.uiautomator2.server",";","dumpsys","deviceidle","whitelist","+io.appium.uiautomator2.server.test",";"]]
&amp#27;[38;5;131m[8610fbec]&amp#27;[0m&amp#27;[38;5;229m[ADB]&amp#27;[0m Running 'C:\Users\User1\AppData\Local\Android\Sdk\platform-tools\adb.exe -P 5037 -s emulator-5554 shell dumpsys deviceidle whitelist +io.appium.settings ; dumpsys deviceidle whitelist +io.appium.uiautomator2.server ; dumpsys deviceidle whitelist +io.appium.uiautomator2.server.test ;'
&amp#27;[38;5;131m[8610fbec]&amp#27;[0m&amp#27;[38;5;229m[ADB]&amp#27;[0m apksigner stdout: Signer #1 certificate DN: C=US, O=Android, CN=Android Debug
Signer #1 certificate SHA-256 digest: f5f5931c019be6bff8a26255f76ae9ef8a8e631d2a702ec10e91110231549eef
Signer #1 certificate SHA-1 digest: b250161db8b5d0a1bd39154c9fd749bdad79c1a3
Signer #1 certificate MD5 digest: 7a5550323d84472ca25a0861c63e0a6c

&amp#27;[38;5;131m[8610fbec]&amp#27;[0m&amp#27;[38;5;229m[ADB]&amp#27;[0m 'C:\Users\User1\eclipse-workspace\eCommerceFramework//src//main//resources//General-Store.apk' is signed with a non-default certificate
&amp#27;[38;5;131m[8610fbec]&amp#27;[0m&amp#27;[38;5;229m[ADB]&amp#27;[0m Getting package info for 'com.androidsample.generalstore'
&amp#27;[38;5;131m[8610fbec]&amp#27;[0m&amp#27;[38;5;229m[ADB]&amp#27;[0m Running 'C:\Users\User1\AppData\Local\Android\Sdk\platform-tools\adb.exe -P 5037 -s emulator-5554 shell dumpsys package com.androidsample.generalstore'
&amp#27;[38;5;131m[8610fbec]&amp#27;[0m&amp#27;[38;5;229m[ADB]&amp#27;[0m Reading package manifest: 'C:\\Users\\User1\\AppData\\Local\\Android\\Sdk\\build-tools\\36.0.0-rc1\\aapt2.exe dump badging C:\\Users\\User1\\eclipse-workspace\\eCommerceFramework//src//main//resources//General-Store.apk'
&amp#27;[38;5;131m[8610fbec]&amp#27;[0m&amp#27;[38;5;229m[ADB]&amp#27;[0m The version name of the installed 'com.androidsample.generalstore' is greater or equal to the application version name ('1.0.0' >= '1.0.0')
&amp#27;[38;5;131m[8610fbec]&amp#27;[0m&amp#27;[38;5;229m[ADB]&amp#27;[0m There is no need to install/upgrade 'C:\Users\User1\eclipse-workspace\eCommerceFramework//src//main//resources//General-Store.apk'
&amp#27;[38;5;131m[8610fbec]&amp#27;[0m&amp#27;[38;5;2m[AndroidUiautomator2Driver@27a9]&amp#27;[0m Performing fast reset on 'com.androidsample.generalstore'
&amp#27;[38;5;131m[8610fbec]&amp#27;[0m&amp#27;[38;5;229m[ADB]&amp#27;[0m Getting install status for com.androidsample.generalstore
&amp#27;[38;5;131m[8610fbec]&amp#27;[0m&amp#27;[38;5;229m[ADB]&amp#27;[0m Running 'C:\Users\User1\AppData\Local\Android\Sdk\platform-tools\adb.exe -P 5037 -s emulator-5554 shell cmd package list packages'
&amp#27;[38;5;131m[8610fbec]&amp#27;[0m&amp#27;[38;5;229m[ADB]&amp#27;[0m 'com.androidsample.generalstore' is installed
&amp#27;[38;5;131m[8610fbec]&amp#27;[0m&amp#27;[38;5;229m[ADB]&amp#27;[0m Running 'C:\Users\User1\AppData\Local\Android\Sdk\platform-tools\adb.exe -P 5037 -s emulator-5554 shell am force-stop com.androidsample.generalstore'
&amp#27;[38;5;131m[8610fbec]&amp#27;[0m&amp#27;[38;5;229m[ADB]&amp#27;[0m Running 'C:\Users\User1\AppData\Local\Android\Sdk\platform-tools\adb.exe -P 5037 -s emulator-5554 shell pm clear com.androidsample.generalstore'
&amp#27;[38;5;131m[8610fbec]&amp#27;[0m&amp#27;[38;5;2m[AndroidUiautomator2Driver@27a9]&amp#27;[0m Performed fast reset on the installed 'com.androidsample.generalstore' application (stop and clear)
&amp#27;[38;5;131m[8610fbec]&amp#27;[0m&amp#27;[38;5;2m[AndroidUiautomator2Driver@27a9]&amp#27;[0m Performing shallow cleanup of automation leftovers
&amp#27;[38;5;131m[8610fbec]&amp#27;[0m&amp#27;[38;5;2m[AndroidUiautomator2Driver@27a9]&amp#27;[0m No obsolete sessions have been detected (socket hang up)
&amp#27;[38;5;131m[8610fbec]&amp#27;[0m&amp#27;[38;5;229m[ADB]&amp#27;[0m Running 'C:\Users\User1\AppData\Local\Android\Sdk\platform-tools\adb.exe -P 5037 -s emulator-5554 shell am force-stop io.appium.uiautomator2.server'
&amp#27;[38;5;131m[8610fbec]&amp#27;[0m&amp#27;[38;5;229m[ADB]&amp#27;[0m Running 'C:\Users\User1\AppData\Local\Android\Sdk\platform-tools\adb.exe -P 5037 -s emulator-5554 shell am force-stop io.appium.uiautomator2.server.test'
&amp#27;[38;5;131m[8610fbec]&amp#27;[0m&amp#27;[38;5;2m[AndroidUiautomator2Driver@27a9]&amp#27;[0m Starting UIAutomator2 server 7.0.25
&amp#27;[38;5;131m[8610fbec]&amp#27;[0m&amp#27;[38;5;2m[AndroidUiautomator2Driver@27a9]&amp#27;[0m Using UIAutomator2 server from 'C:\Users\User1\.appium\node_modules\appium-uiautomator2-driver\node_modules\appium-uiautomator2-server\apks\appium-uiautomator2-server-v7.0.25.apk' and test from 'C:\Users\User1\.appium\node_modules\appium-uiautomator2-driver\node_modules\appium-uiautomator2-server\apks\appium-uiautomator2-server-debug-androidTest.apk'
&amp#27;[38;5;131m[8610fbec]&amp#27;[0m&amp#27;[38;5;2m[AndroidUiautomator2Driver@27a9]&amp#27;[0m Waiting up to 30000ms for UiAutomator2 to be online...
&amp#27;[38;5;131m[8610fbec]&amp#27;[0m&amp#27;[38;5;229m[ADB]&amp#27;[0m Creating ADB subprocess with args: ["-P","5037","-s","emulator-5554","shell","am","instrument","-w","-e","disableAnalytics","true","io.appium.uiautomator2.server.test/androidx.test.runner.AndroidJUnitRunner"]
&amp#27;[38;5;131m[8610fbec]&amp#27;[0m&amp#27;[38;5;2m[AndroidUiautomator2Driver@27a9]&amp#27;[0m Matched '/status' to command name 'getStatus'
&amp#27;[38;5;131m[8610fbec]&amp#27;[0m&amp#27;[38;5;2m[AndroidUiautomator2Driver@27a9]&amp#27;[0m Proxying [GET /status] to [GET http://127.0.0.1:8201/status] with no body
&amp#27;[38;5;131m[8610fbec]&amp#27;[0m&amp#27;[38;5;2m[AndroidUiautomator2Driver@27a9]&amp#27;[0m socket hang up
&amp#27;[38;5;131m[8610fbec]&amp#27;[0m&amp#27;[38;5;2m[AndroidUiautomator2Driver@27a9]&amp#27;[0m Matched '/status' to command name 'getStatus'
&amp#27;[38;5;131m[8610fbec]&amp#27;[0m&amp#27;[38;5;2m[AndroidUiautomator2Driver@27a9]&amp#27;[0m Proxying [GET /status] to [GET http://127.0.0.1:8201/status] with no body
&amp#27;[38;5;131m[8610fbec]&amp#27;[0m&amp#27;[38;5;2m[AndroidUiautomator2Driver@27a9]&amp#27;[0m socket hang up
&amp#27;[38;5;131m[8610fbec]&amp#27;[0m&amp#27;[38;5;2m[AndroidUiautomator2Driver@27a9]&amp#27;[0m [Instrumentation] 
&amp#27;[38;5;131m[8610fbec]&amp#27;[0m&amp#27;[38;5;2m[AndroidUiautomator2Driver@27a9]&amp#27;[0m Matched '/status' to command name 'getStatus'
&amp#27;[38;5;131m[8610fbec]&amp#27;[0m&amp#27;[38;5;2m[AndroidUiautomator2Driver@27a9]&amp#27;[0m Proxying [GET /status] to [GET http://127.0.0.1:8201/status] with no body
&amp#27;[38;5;131m[8610fbec]&amp#27;[0m&amp#27;[38;5;2m[AndroidUiautomator2Driver@27a9]&amp#27;[0m socket hang up
&amp#27;[38;5;131m[8610fbec]&amp#27;[0m&amp#27;[38;5;2m[AndroidUiautomator2Driver@27a9]&amp#27;[0m Matched '/status' to command name 'getStatus'
&amp#27;[38;5;131m[8610fbec]&amp#27;[0m&amp#27;[38;5;2m[AndroidUiautomator2Driver@27a9]&amp#27;[0m Proxying [GET /status] to [GET http://127.0.0.1:8201/status] with no body
&amp#27;[38;5;131m[8610fbec]&amp#27;[0m&amp#27;[38;5;2m[AndroidUiautomator2Driver@27a9]&amp#27;[0m socket hang up
&amp#27;[38;5;131m[8610fbec]&amp#27;[0m&amp#27;[38;5;2m[AndroidUiautomator2Driver@27a9]&amp#27;[0m Matched '/status' to command name 'getStatus'
&amp#27;[38;5;131m[8610fbec]&amp#27;[0m&amp#27;[38;5;2m[AndroidUiautomator2Driver@27a9]&amp#27;[0m Proxying [GET /status] to [GET http://127.0.0.1:8201/status] with no body
&amp#27;[38;5;131m[8610fbec]&amp#27;[0m&amp#27;[38;5;2m[AndroidUiautomator2Driver@27a9]&amp#27;[0m Got response with status 200: {"sessionId":"None","value":{"message":"UiAutomator2 Server is ready to accept commands","ready":true}}
&amp#27;[38;5;131m[8610fbec]&amp#27;[0m&amp#27;[38;5;2m[AndroidUiautomator2Driver@27a9]&amp#27;[0m The initialization of the instrumentation process took 4336ms
&amp#27;[38;5;131m[8610fbec]&amp#27;[0m&amp#27;[38;5;2m[AndroidUiautomator2Driver@27a9]&amp#27;[0m Matched '/session' to command name 'createSession'
&amp#27;[38;5;131m[8610fbec]&amp#27;[0m&amp#27;[38;5;2m[AndroidUiautomator2Driver@27a9]&amp#27;[0m Proxying [POST /session] to [POST http://127.0.0.1:8201/session] with body: {"capabilities":{"firstMatch":[{"platformName":"ANDROID","chromedriverExecutable":"C://Users//User1//Downloads//chromedriver-win64//chromedriver-win64//chromedriver.exe","deviceName":"emulator-5554","automationName":"UIAutomator2","app":"C:\\Users\\User1\\eclipse-workspace\\eCommerceFramework//src//main//resources//General-Store.apk","platform":"LINUX","webStorageEnabled":false,"takesScreenshot":true,"javascriptEnabled":true,"databaseEnabled":false,"networkConnectionEnabled":true,"locationContextEnabled":false,"warnings":{},"desired":{"platformName":"ANDROID","chromedriverExecutable":"C://Users//User1//Downloads//chromedriver-win64//chromedriver-win64//chromedriver.exe","deviceName":"Rajemulator","automationName":"UIAutomator2","app":"C:\\Users\\User1\\eclipse-workspace\\eCommerceFramework//src//main//resources//General-Store.apk"},"deviceUDID":"emulator-5554","appPackage":"com.androidsample.generalstore"}],"alwaysMatch":{}}}
&amp#27;[38;5;131m[8610fbec]&amp#27;[0m&amp#27;[38;5;2m[AndroidUiautomator2Driver@27a9]&amp#27;[0m Got response with status 200: {"sessionId":"ea8ce488-a9cd-4359-871d-3eb2736f6104","value":{"capabilities":{"firstMatch":[{"platformName":"ANDROID","chromedriverExecutable":"C://Users//User1//Downloads//chromedriver-win64//chromedriver-win64//chromedriver.exe","deviceName":"emulator-5554","automationName":"UIAutomator2","app":"C:\\Users\\User1\\eclipse-workspace\\eCommerceFramework//src//main//resources//General-Store.apk","platform":"LINUX","webStorageEnabled":false,"takesScreenshot":true,"javascriptEnabled":true,"databaseEnabled":false,"networkConnectionEnabled":true,"locationContextEnabled":false,"warnings":{},"desired":{"platformName":"ANDROID","chromedriverExecutable":"C://Users//User1//Downloads//chromedriver-win64//chromedriver-win64//chromedriver.exe","deviceName":"Rajemulator","automationName":"UIAutomator2","app":"C:\\Users\\User1\\eclipse-workspace\\eCommerceFramework//src//main//resources//General-Store.apk"},"deviceUDID":"emulator-5554","appPackage":"com.androidsample.generalstore"}],"alwaysMatch":{}},"sessionId":"ea8ce488-...
&amp#27;[38;5;131m[8610fbec]&amp#27;[0m&amp#27;[38;5;2m[AndroidUiautomator2Driver@27a9]&amp#27;[0m Determined the downstream protocol as 'W3C'
&amp#27;[38;5;131m[8610fbec]&amp#27;[0m&amp#27;[38;5;2m[AndroidUiautomator2Driver@27a9]&amp#27;[0m Proxying [GET /appium/device/pixel_ratio] to [GET http://127.0.0.1:8201/session/ea8ce488-a9cd-4359-871d-3eb2736f6104/appium/device/pixel_ratio] with no body
&amp#27;[38;5;131m[8610fbec]&amp#27;[0m&amp#27;[38;5;2m[AndroidUiautomator2Driver@27a9]&amp#27;[0m Matched '/appium/device/system_bars' to command name 'getSystemBars'
&amp#27;[38;5;131m[8610fbec]&amp#27;[0m&amp#27;[38;5;2m[AndroidUiautomator2Driver@27a9]&amp#27;[0m Proxying [GET /appium/device/system_bars] to [GET http://127.0.0.1:8201/session/ea8ce488-a9cd-4359-871d-3eb2736f6104/appium/device/system_bars] with no body
&amp#27;[38;5;131m[8610fbec]&amp#27;[0m&amp#27;[38;5;2m[AndroidUiautomator2Driver@27a9]&amp#27;[0m Matched '/window/current/size' to command name 'getWindowSize'
&amp#27;[38;5;131m[8610fbec]&amp#27;[0m&amp#27;[38;5;2m[AndroidUiautomator2Driver@27a9]&amp#27;[0m Proxying [GET /window/current/size] to [GET http://127.0.0.1:8201/session/ea8ce488-a9cd-4359-871d-3eb2736f6104/window/current/size] with no body
&amp#27;[38;5;131m[8610fbec]&amp#27;[0m&amp#27;[38;5;2m[AndroidUiautomator2Driver@27a9]&amp#27;[0m Proxying [GET /appium/device/info] to [GET http://127.0.0.1:8201/session/ea8ce488-a9cd-4359-871d-3eb2736f6104/appium/device/info] with no body
&amp#27;[38;5;131m[8610fbec]&amp#27;[0m&amp#27;[38;5;229m[ADB]&amp#27;[0m Running 'C:\Users\User1\AppData\Local\Android\Sdk\platform-tools\adb.exe -P 5037 -s emulator-5554 shell dumpsys window'
&amp#27;[38;5;131m[8610fbec]&amp#27;[0m&amp#27;[38;5;229m[ADB]&amp#27;[0m Running 'C:\Users\User1\AppData\Local\Android\Sdk\platform-tools\adb.exe -P 5037 -s emulator-5554 shell dumpsys power'
&amp#27;[38;5;131m[8610fbec]&amp#27;[0m&amp#27;[38;5;2m[AndroidUiautomator2Driver@27a9]&amp#27;[0m Got response with status 200: {"sessionId":"ea8ce488-a9cd-4359-871d-3eb2736f6104","value":2.75}
&amp#27;[38;5;131m[8610fbec]&amp#27;[0m&amp#27;[38;5;2m[AndroidUiautomator2Driver@27a9]&amp#27;[0m Got response with status 200: {"sessionId":"ea8ce488-a9cd-4359-871d-3eb2736f6104","value":{"height":2220,"width":1080}}
&amp#27;[38;5;131m[8610fbec]&amp#27;[0m&amp#27;[38;5;2m[AndroidUiautomator2Driver@27a9]&amp#27;[0m Got response with status 200: {"sessionId":"ea8ce488-a9cd-4359-871d-3eb2736f6104","value":{"statusBar":66}}
&amp#27;[38;5;131m[8610fbec]&amp#27;[0m&amp#27;[38;5;2m[AndroidUiautomator2Driver@27a9]&amp#27;[0m Got response with status 200: {"sessionId":"ea8ce488-a9cd-4359-871d-3eb2736f6104","value":{"androidId":"ccd4b39f6a24ddc3","apiVersion":"35","bluetooth":{"state":"OFF"},"brand":"google","carrierName":"T-Mobile","displayDensity":440,"locale":"en_US","manufacturer":"Google","model":"sdk_gphone64_x86_64","networks":[{"capabilities":{"SSID":null,"linkDownBandwidthKbps":4300,"linkUpstreamBandwidthKbps":1800,"networkCapabilities":"NET_CAPABILITY_MMS,NET_CAPABILITY_SUPL,NET_CAPABILITY_IA,NET_CAPABILITY_XCAP,NET_CAPABILITY_INTERNET,NET_CAPABILITY_NOT_RESTRICTED,NET_CAPABILITY_TRUSTED,NET_CAPABILITY_NOT_VPN,NET_CAPABILITY_VALIDATED,NET_CAPABILITY_NOT_ROAMING,NET_CAPABILITY_NOT_CONGESTED,NET_CAPABILITY_NOT_SUSPENDED","signalStrength":-2147483648,"transportTypes":"TRANSPORT_CELLULAR"},"detailedState":"CONNECTED","extraInfo":"fast.t-mobile.com","isAvailable":true,"isConnected":true,"isFailover":false,"isRoaming":false,"state":"CONNECTED","subtype":10,"subtypeName":"HSPA","type":0,"typeName":"MOBILE"},{"capabilities":{"SSID":null,"linkDownBandwidthK...
&amp#27;[38;5;131m[8610fbec]&amp#27;[0m&amp#27;[38;5;2m[AndroidUiautomator2Driver@27a9]&amp#27;[0m Screen already unlocked, doing nothing
&amp#27;[38;5;131m[8610fbec]&amp#27;[0m&amp#27;[38;5;2m[AndroidUiautomator2Driver@27a9]&amp#27;[0m Starting 'com.androidsample.generalstore/com.androidsample.generalstore.SplashActivity and waiting for 'com.androidsample.generalstore/com.androidsample.generalstore.SplashActivity'
&amp#27;[38;5;131m[8610fbec]&amp#27;[0m&amp#27;[38;5;229m[ADB]&amp#27;[0m Running 'C:\Users\User1\AppData\Local\Android\Sdk\platform-tools\adb.exe -P 5037 -s emulator-5554 shell am start -W -n com.androidsample.generalstore/com.androidsample.generalstore.SplashActivity -S -a android.intent.action.MAIN -c android.intent.category.LAUNCHER -f 0x10200000'
&amp#27;[38;5;131m[8610fbec]&amp#27;[0m&amp#27;[38;5;229m[ADB]&amp#27;[0m Waiting up to 20000ms for activity matching pkg: 'com.androidsample.generalstore' and activity: 'com.androidsample.generalstore.SplashActivity' to be focused
&amp#27;[38;5;131m[8610fbec]&amp#27;[0m&amp#27;[38;5;229m[ADB]&amp#27;[0m Possible activities, to be checked: 'com.androidsample.generalstore.SplashActivity', 'com.androidsample.generalstore.com.androidsample.generalstore.SplashActivity'
&amp#27;[38;5;131m[8610fbec]&amp#27;[0m&amp#27;[38;5;229m[ADB]&amp#27;[0m Getting focused package and activity
&amp#27;[38;5;131m[8610fbec]&amp#27;[0m&amp#27;[38;5;229m[ADB]&amp#27;[0m Running 'C:\Users\User1\AppData\Local\Android\Sdk\platform-tools\adb.exe -P 5037 -s emulator-5554 shell dumpsys window displays'
&amp#27;[38;5;131m[8610fbec]&amp#27;[0m&amp#27;[38;5;229m[ADB]&amp#27;[0m Found package: 'com.androidsample.generalstore' and fully qualified activity name : 'com.androidsample.generalstore.SplashActivity'
&amp#27;[38;5;131m[8610fbec]&amp#27;[0m&amp#27;[38;5;216m[AppiumDriver@b7af]&amp#27;[0m New AndroidUiautomator2Driver session created successfully, session 8610fbec-12ad-4ee0-9bff-ae8a5c54b196 added to master session list
&amp#27;[38;5;131m[8610fbec]&amp#27;[0m&amp#27;[38;5;216m[AppiumDriver@b7af]&amp#27;[0m Event 'newSessionStarted' logged at 1744634720548 (18:15:20 GMT+0530 (India Standard Time))
&amp#27;[38;5;131m[8610fbec]&amp#27;[0m&amp#27;[38;5;2m[AndroidUiautomator2Driver@27a9]&amp#27;[0m Cached the protocol value 'W3C' for the new session 8610fbec-12ad-4ee0-9bff-ae8a5c54b196
&amp#27;[38;5;131m[8610fbec]&amp#27;[0m&amp#27;[38;5;2m[AndroidUiautomator2Driver@27a9]&amp#27;[0m Responding to client with driver.createSession() result: {"capabilities":{"platformName":"ANDROID","chromedriverExecutable":"C://Users//User1//Downloads//chromedriver-win64//chromedriver-win64//chromedriver.exe","deviceName":"emulator-5554","automationName":"UIAutomator2","app":"C:\\Users\\User1\\eclipse-workspace\\eCommerceFramework//src//main//resources//General-Store.apk","platform":"LINUX","webStorageEnabled":false,"takesScreenshot":true,"javascriptEnabled":true,"databaseEnabled":false,"networkConnectionEnabled":true,"locationContextEnabled":false,"warnings":{},"desired":{"platformName":"ANDROID","chromedriverExecutable":"C://Users//User1//Downloads//chromedriver-win64//chromedriver-win64//chromedriver.exe","deviceName":"Rajemulator","automationName":"UIAutomator2","app":"C:\\Users\\User1\\eclipse-workspace\\eCommerceFramework//src//main//resources//General-Store.apk"},"deviceUDID":"emulator-5554","appPackage":"com.androidsample.generalstore","pixelRatio":"2.75","statBarHeight":66,"viewportRect":{"left":0,"top":66,"width":1080,"height":2154},"deviceApiLevel"...
&amp#27;[38;5;131m[8610fbec]&amp#27;[0m&amp#27;[38;5;86m[HTTP]&amp#27;[0m &amp#27;[37m<-- POST /session &amp#27;[39m&amp#27;[32m200&amp#27;[39m &amp#27;[90m9164 ms - 1233&amp#27;[39m &amp#27;[90m&amp#27;[39m
Test Started: productAmountVerification
&amp#27;[38;5;131m[8610fbec]&amp#27;[0m&amp#27;[38;5;86m[HTTP]&amp#27;[0m &amp#27;[37m-->&amp#27;[39m &amp#27;[37mGET&amp#27;[39m &amp#27;[37m/session/8610fbec-12ad-4ee0-9bff-ae8a5c54b196/context&amp#27;[39m &amp#27;[90m{}&amp#27;[39m
&amp#27;[38;5;131m[8610fbec]&amp#27;[0m&amp#27;[38;5;2m[AndroidUiautomator2Driver@27a9]&amp#27;[0m Calling AppiumDriver.getCurrentContext() with args: ["8610fbec-12ad-4ee0-9bff-ae8a5c54b196"]
&amp#27;[38;5;131m[8610fbec]&amp#27;[0m&amp#27;[38;5;2m[AndroidUiautomator2Driver@27a9]&amp#27;[0m Responding to client with driver.getCurrentContext() result: "NATIVE_APP"
&amp#27;[38;5;131m[8610fbec]&amp#27;[0m&amp#27;[38;5;86m[HTTP]&amp#27;[0m &amp#27;[37m<-- GET /session/8610fbec-12ad-4ee0-9bff-ae8a5c54b196/context &amp#27;[39m&amp#27;[32m200&amp#27;[39m &amp#27;[90m9 ms - 22&amp#27;[39m &amp#27;[90m&amp#27;[39m
&amp#27;[38;5;131m[8610fbec]&amp#27;[0m&amp#27;[38;5;86m[HTTP]&amp#27;[0m &amp#27;[37m-->&amp#27;[39m &amp#27;[37mPOST&amp#27;[39m &amp#27;[37m/session/8610fbec-12ad-4ee0-9bff-ae8a5c54b196/element&amp#27;[39m &amp#27;[90m{"using":"id","value":"com.androidsample.generalstore:id/nameField"}&amp#27;[39m
&amp#27;[38;5;131m[8610fbec]&amp#27;[0m&amp#27;[38;5;2m[AndroidUiautomator2Driver@27a9]&amp#27;[0m Calling AppiumDriver.findElement() with args: ["id","com.androidsample.generalstore:id/nameField","8610fbec-12ad-4ee0-9bff-ae8a5c54b196"]
&amp#27;[38;5;131m[8610fbec]&amp#27;[0m&amp#27;[38;5;2m[AndroidUiautomator2Driver@27a9]&amp#27;[0m Valid locator strategies for this request: xpath, id, class name, accessibility id, css selector, -android uiautomator
&amp#27;[38;5;131m[8610fbec]&amp#27;[0m&amp#27;[38;5;2m[AndroidUiautomator2Driver@27a9]&amp#27;[0m Waiting up to 0 ms for condition
&amp#27;[38;5;131m[8610fbec]&amp#27;[0m&amp#27;[38;5;2m[AndroidUiautomator2Driver@27a9]&amp#27;[0m Matched '/element' to command name 'findElement'
&amp#27;[38;5;131m[8610fbec]&amp#27;[0m&amp#27;[38;5;2m[AndroidUiautomator2Driver@27a9]&amp#27;[0m Proxying [POST /element] to [POST http://127.0.0.1:8201/session/ea8ce488-a9cd-4359-871d-3eb2736f6104/element] with body: {"strategy":"id","selector":"com.androidsample.generalstore:id/nameField","context":"","multiple":false}
&amp#27;[38;5;131m[8610fbec]&amp#27;[0m&amp#27;[38;5;2m[AndroidUiautomator2Driver@27a9]&amp#27;[0m Got response with status 404: {"sessionId":"ea8ce488-a9cd-4359-871d-3eb2736f6104","value":{"error":"no such element","message":"An element could not be located on the page using the given search parameters","stacktrace":"io.appium.uiautomator2.common.exceptions.ElementNotFoundException: An element could not be located on the page using the given search parameters\n\tat io.appium.uiautomator2.handler.FindElement.safeHandle(FindElement.java:63)\n\tat io.appium.uiautomator2.handler.request.SafeRequestHandler.handle(SafeRequestHandler.java:59)\n\tat io.appium.uiautomator2.server.AppiumServlet.handleRequest(AppiumServlet.java:259)\n\tat io.appium.uiautomator2.server.AppiumServlet.handleHttpRequest(AppiumServlet.java:253)\n\tat io.appium.uiautomator2.http.ServerHandler.channelRead(ServerHandler.java:77)\n\tat io.netty.channel.AbstractChannelHandlerContext.invokeChannelRead(AbstractChannelHandlerContext.java:366)\n\tat io.netty.channel.AbstractChannelHandlerContext.invokeChannelRead(AbstractChannelHandlerContext.java:352)\n\tat io.netty.chann...
&amp#27;[38;5;131m[8610fbec]&amp#27;[0m&amp#27;[38;5;123m[W3C]&amp#27;[0m Matched W3C error code 'no such element' to NoSuchElementError
&amp#27;[38;5;131m[8610fbec]&amp#27;[0m&amp#27;[38;5;2m[AndroidUiautomator2Driver@27a9]&amp#27;[0m Encountered internal error running command: NoSuchElementError: An element could not be located on the page using the given search parameters.
    at AndroidUiautomator2Driver.findElOrEls (C:\Users\User1\.appium\node_modules\appium-uiautomator2-driver\node_modules\appium-android-driver\lib\commands\find.ts:86:11)
    at processTicksAndRejections (node:internal/process/task_queues:95:5)
    at AndroidUiautomator2Driver.findElOrElsWithProcessing (C:\Users\User1\AppData\Roaming\npm\node_modules\appium\node_modules\@appium\base-driver\lib\basedriver\commands\find.ts:60:12)
    at AndroidUiautomator2Driver.findElement (C:\Users\User1\AppData\Roaming\npm\node_modules\appium\node_modules\@appium\base-driver\lib\basedriver\commands\find.ts:75:12)
&amp#27;[38;5;131m[8610fbec]&amp#27;[0m&amp#27;[38;5;86m[HTTP]&amp#27;[0m &amp#27;[37m<-- POST /session/8610fbec-12ad-4ee0-9bff-ae8a5c54b196/element &amp#27;[39m&amp#27;[33m404&amp#27;[39m &amp#27;[90m672 ms - 890&amp#27;[39m &amp#27;[90m&amp#27;[39m
&amp#27;[38;5;131m[8610fbec]&amp#27;[0m&amp#27;[38;5;86m[HTTP]&amp#27;[0m &amp#27;[37m-->&amp#27;[39m &amp#27;[37mPOST&amp#27;[39m &amp#27;[37m/session/8610fbec-12ad-4ee0-9bff-ae8a5c54b196/element&amp#27;[39m &amp#27;[90m{"using":"id","value":"com.androidsample.generalstore:id/nameField"}&amp#27;[39m
&amp#27;[38;5;131m[8610fbec]&amp#27;[0m&amp#27;[38;5;2m[AndroidUiautomator2Driver@27a9]&amp#27;[0m Calling AppiumDriver.findElement() with args: ["id","com.androidsample.generalstore:id/nameField","8610fbec-12ad-4ee0-9bff-ae8a5c54b196"]
&amp#27;[38;5;131m[8610fbec]&amp#27;[0m&amp#27;[38;5;2m[AndroidUiautomator2Driver@27a9]&amp#27;[0m Valid locator strategies for this request: xpath, id, class name, accessibility id, css selector, -android uiautomator
&amp#27;[38;5;131m[8610fbec]&amp#27;[0m&amp#27;[38;5;2m[AndroidUiautomator2Driver@27a9]&amp#27;[0m Waiting up to 0 ms for condition
&amp#27;[38;5;131m[8610fbec]&amp#27;[0m&amp#27;[38;5;2m[AndroidUiautomator2Driver@27a9]&amp#27;[0m Matched '/element' to command name 'findElement'
&amp#27;[38;5;131m[8610fbec]&amp#27;[0m&amp#27;[38;5;2m[AndroidUiautomator2Driver@27a9]&amp#27;[0m Proxying [POST /element] to [POST http://127.0.0.1:8201/session/ea8ce488-a9cd-4359-871d-3eb2736f6104/element] with body: {"strategy":"id","selector":"com.androidsample.generalstore:id/nameField","context":"","multiple":false}
&amp#27;[38;5;131m[8610fbec]&amp#27;[0m&amp#27;[38;5;2m[AndroidUiautomator2Driver@27a9]&amp#27;[0m Got response with status 404: {"sessionId":"ea8ce488-a9cd-4359-871d-3eb2736f6104","value":{"error":"no such element","message":"An element could not be located on the page using the given search parameters","stacktrace":"io.appium.uiautomator2.common.exceptions.ElementNotFoundException: An element could not be located on the page using the given search parameters\n\tat io.appium.uiautomator2.handler.FindElement.safeHandle(FindElement.java:63)\n\tat io.appium.uiautomator2.handler.request.SafeRequestHandler.handle(SafeRequestHandler.java:59)\n\tat io.appium.uiautomator2.server.AppiumServlet.handleRequest(AppiumServlet.java:259)\n\tat io.appium.uiautomator2.server.AppiumServlet.handleHttpRequest(AppiumServlet.java:253)\n\tat io.appium.uiautomator2.http.ServerHandler.channelRead(ServerHandler.java:77)\n\tat io.netty.channel.AbstractChannelHandlerContext.invokeChannelRead(AbstractChannelHandlerContext.java:366)\n\tat io.netty.channel.AbstractChannelHandlerContext.invokeChannelRead(AbstractChannelHandlerContext.java:352)\n\tat io.netty.chann...
&amp#27;[38;5;131m[8610fbec]&amp#27;[0m&amp#27;[38;5;123m[W3C]&amp#27;[0m Matched W3C error code 'no such element' to NoSuchElementError
&amp#27;[38;5;131m[8610fbec]&amp#27;[0m&amp#27;[38;5;2m[AndroidUiautomator2Driver@27a9]&amp#27;[0m Encountered internal error running command: NoSuchElementError: An element could not be located on the page using the given search parameters.
    at AndroidUiautomator2Driver.findElOrEls (C:\Users\User1\.appium\node_modules\appium-uiautomator2-driver\node_modules\appium-android-driver\lib\commands\find.ts:86:11)
    at processTicksAndRejections (node:internal/process/task_queues:95:5)
    at AndroidUiautomator2Driver.findElOrElsWithProcessing (C:\Users\User1\AppData\Roaming\npm\node_modules\appium\node_modules\@appium\base-driver\lib\basedriver\commands\find.ts:60:12)
    at AndroidUiautomator2Driver.findElement (C:\Users\User1\AppData\Roaming\npm\node_modules\appium\node_modules\@appium\base-driver\lib\basedriver\commands\find.ts:75:12)
&amp#27;[38;5;131m[8610fbec]&amp#27;[0m&amp#27;[38;5;86m[HTTP]&amp#27;[0m &amp#27;[37m<-- POST /session/8610fbec-12ad-4ee0-9bff-ae8a5c54b196/element &amp#27;[39m&amp#27;[33m404&amp#27;[39m &amp#27;[90m35 ms - 890&amp#27;[39m &amp#27;[90m&amp#27;[39m
&amp#27;[38;5;131m[8610fbec]&amp#27;[0m&amp#27;[38;5;86m[HTTP]&amp#27;[0m &amp#27;[37m-->&amp#27;[39m &amp#27;[37mPOST&amp#27;[39m &amp#27;[37m/session/8610fbec-12ad-4ee0-9bff-ae8a5c54b196/element&amp#27;[39m &amp#27;[90m{"using":"id","value":"com.androidsample.generalstore:id/nameField"}&amp#27;[39m
&amp#27;[38;5;131m[8610fbec]&amp#27;[0m&amp#27;[38;5;2m[AndroidUiautomator2Driver@27a9]&amp#27;[0m Calling AppiumDriver.findElement() with args: ["id","com.androidsample.generalstore:id/nameField","8610fbec-12ad-4ee0-9bff-ae8a5c54b196"]
&amp#27;[38;5;131m[8610fbec]&amp#27;[0m&amp#27;[38;5;2m[AndroidUiautomator2Driver@27a9]&amp#27;[0m Valid locator strategies for this request: xpath, id, class name, accessibility id, css selector, -android uiautomator
&amp#27;[38;5;131m[8610fbec]&amp#27;[0m&amp#27;[38;5;2m[AndroidUiautomator2Driver@27a9]&amp#27;[0m Waiting up to 0 ms for condition
&amp#27;[38;5;131m[8610fbec]&amp#27;[0m&amp#27;[38;5;2m[AndroidUiautomator2Driver@27a9]&amp#27;[0m Matched '/element' to command name 'findElement'
&amp#27;[38;5;131m[8610fbec]&amp#27;[0m&amp#27;[38;5;2m[AndroidUiautomator2Driver@27a9]&amp#27;[0m Proxying [POST /element] to [POST http://127.0.0.1:8201/session/ea8ce488-a9cd-4359-871d-3eb2736f6104/element] with body: {"strategy":"id","selector":"com.androidsample.generalstore:id/nameField","context":"","multiple":false}
&amp#27;[38;5;131m[8610fbec]&amp#27;[0m&amp#27;[38;5;2m[AndroidUiautomator2Driver@27a9]&amp#27;[0m Got response with status 404: {"sessionId":"ea8ce488-a9cd-4359-871d-3eb2736f6104","value":{"error":"no such element","message":"An element could not be located on the page using the given search parameters","stacktrace":"io.appium.uiautomator2.common.exceptions.ElementNotFoundException: An element could not be located on the page using the given search parameters\n\tat io.appium.uiautomator2.handler.FindElement.safeHandle(FindElement.java:63)\n\tat io.appium.uiautomator2.handler.request.SafeRequestHandler.handle(SafeRequestHandler.java:59)\n\tat io.appium.uiautomator2.server.AppiumServlet.handleRequest(AppiumServlet.java:259)\n\tat io.appium.uiautomator2.server.AppiumServlet.handleHttpRequest(AppiumServlet.java:253)\n\tat io.appium.uiautomator2.http.ServerHandler.channelRead(ServerHandler.java:77)\n\tat io.netty.channel.AbstractChannelHandlerContext.invokeChannelRead(AbstractChannelHandlerContext.java:366)\n\tat io.netty.channel.AbstractChannelHandlerContext.invokeChannelRead(AbstractChannelHandlerContext.java:352)\n\tat io.netty.chann...
&amp#27;[38;5;131m[8610fbec]&amp#27;[0m&amp#27;[38;5;123m[W3C]&amp#27;[0m Matched W3C error code 'no such element' to NoSuchElementError
&amp#27;[38;5;131m[8610fbec]&amp#27;[0m&amp#27;[38;5;2m[AndroidUiautomator2Driver@27a9]&amp#27;[0m Encountered internal error running command: NoSuchElementError: An element could not be located on the page using the given search parameters.
    at AndroidUiautomator2Driver.findElOrEls (C:\Users\User1\.appium\node_modules\appium-uiautomator2-driver\node_modules\appium-android-driver\lib\commands\find.ts:86:11)
    at processTicksAndRejections (node:internal/process/task_queues:95:5)
    at AndroidUiautomator2Driver.findElOrElsWithProcessing (C:\Users\User1\AppData\Roaming\npm\node_modules\appium\node_modules\@appium\base-driver\lib\basedriver\commands\find.ts:60:12)
    at AndroidUiautomator2Driver.findElement (C:\Users\User1\AppData\Roaming\npm\node_modules\appium\node_modules\@appium\base-driver\lib\basedriver\commands\find.ts:75:12)
&amp#27;[38;5;131m[8610fbec]&amp#27;[0m&amp#27;[38;5;86m[HTTP]&amp#27;[0m &amp#27;[37m<-- POST /session/8610fbec-12ad-4ee0-9bff-ae8a5c54b196/element &amp#27;[39m&amp#27;[33m404&amp#27;[39m &amp#27;[90m28 ms - 890&amp#27;[39m &amp#27;[90m&amp#27;[39m
&amp#27;[38;5;131m[8610fbec]&amp#27;[0m&amp#27;[38;5;86m[HTTP]&amp#27;[0m &amp#27;[37m-->&amp#27;[39m &amp#27;[37mGET&amp#27;[39m &amp#27;[37m/session/8610fbec-12ad-4ee0-9bff-ae8a5c54b196/context&amp#27;[39m &amp#27;[90m{}&amp#27;[39m
&amp#27;[38;5;131m[8610fbec]&amp#27;[0m&amp#27;[38;5;2m[AndroidUiautomator2Driver@27a9]&amp#27;[0m Calling AppiumDriver.getCurrentContext() with args: ["8610fbec-12ad-4ee0-9bff-ae8a5c54b196"]
&amp#27;[38;5;131m[8610fbec]&amp#27;[0m&amp#27;[38;5;2m[AndroidUiautomator2Driver@27a9]&amp#27;[0m Responding to client with driver.getCurrentContext() result: "NATIVE_APP"
&amp#27;[38;5;131m[8610fbec]&amp#27;[0m&amp#27;[38;5;86m[HTTP]&amp#27;[0m &amp#27;[37m<-- GET /session/8610fbec-12ad-4ee0-9bff-ae8a5c54b196/context &amp#27;[39m&amp#27;[32m200&amp#27;[39m &amp#27;[90m3 ms - 22&amp#27;[39m &amp#27;[90m&amp#27;[39m
&amp#27;[38;5;131m[8610fbec]&amp#27;[0m&amp#27;[38;5;86m[HTTP]&amp#27;[0m &amp#27;[37m-->&amp#27;[39m &amp#27;[37mPOST&amp#27;[39m &amp#27;[37m/session/8610fbec-12ad-4ee0-9bff-ae8a5c54b196/element&amp#27;[39m &amp#27;[90m{"using":"id","value":"com.androidsample.generalstore:id/nameField"}&amp#27;[39m
&amp#27;[38;5;131m[8610fbec]&amp#27;[0m&amp#27;[38;5;2m[AndroidUiautomator2Driver@27a9]&amp#27;[0m Calling AppiumDriver.findElement() with args: ["id","com.androidsample.generalstore:id/nameField","8610fbec-12ad-4ee0-9bff-ae8a5c54b196"]
&amp#27;[38;5;131m[8610fbec]&amp#27;[0m&amp#27;[38;5;2m[AndroidUiautomator2Driver@27a9]&amp#27;[0m Valid locator strategies for this request: xpath, id, class name, accessibility id, css selector, -android uiautomator
&amp#27;[38;5;131m[8610fbec]&amp#27;[0m&amp#27;[38;5;2m[AndroidUiautomator2Driver@27a9]&amp#27;[0m Waiting up to 0 ms for condition
&amp#27;[38;5;131m[8610fbec]&amp#27;[0m&amp#27;[38;5;2m[AndroidUiautomator2Driver@27a9]&amp#27;[0m Matched '/element' to command name 'findElement'
&amp#27;[38;5;131m[8610fbec]&amp#27;[0m&amp#27;[38;5;2m[AndroidUiautomator2Driver@27a9]&amp#27;[0m Proxying [POST /element] to [POST http://127.0.0.1:8201/session/ea8ce488-a9cd-4359-871d-3eb2736f6104/element] with body: {"strategy":"id","selector":"com.androidsample.generalstore:id/nameField","context":"","multiple":false}
&amp#27;[38;5;131m[8610fbec]&amp#27;[0m&amp#27;[38;5;2m[AndroidUiautomator2Driver@27a9]&amp#27;[0m Got response with status 404: {"sessionId":"ea8ce488-a9cd-4359-871d-3eb2736f6104","value":{"error":"no such element","message":"An element could not be located on the page using the given search parameters","stacktrace":"io.appium.uiautomator2.common.exceptions.ElementNotFoundException: An element could not be located on the page using the given search parameters\n\tat io.appium.uiautomator2.handler.FindElement.safeHandle(FindElement.java:63)\n\tat io.appium.uiautomator2.handler.request.SafeRequestHandler.handle(SafeRequestHandler.java:59)\n\tat io.appium.uiautomator2.server.AppiumServlet.handleRequest(AppiumServlet.java:259)\n\tat io.appium.uiautomator2.server.AppiumServlet.handleHttpRequest(AppiumServlet.java:253)\n\tat io.appium.uiautomator2.http.ServerHandler.channelRead(ServerHandler.java:77)\n\tat io.netty.channel.AbstractChannelHandlerContext.invokeChannelRead(AbstractChannelHandlerContext.java:366)\n\tat io.netty.channel.AbstractChannelHandlerContext.invokeChannelRead(AbstractChannelHandlerContext.java:352)\n\tat io.netty.chann...
&amp#27;[38;5;131m[8610fbec]&amp#27;[0m&amp#27;[38;5;123m[W3C]&amp#27;[0m Matched W3C error code 'no such element' to NoSuchElementError
&amp#27;[38;5;131m[8610fbec]&amp#27;[0m&amp#27;[38;5;2m[AndroidUiautomator2Driver@27a9]&amp#27;[0m Encountered internal error running command: NoSuchElementError: An element could not be located on the page using the given search parameters.
    at AndroidUiautomator2Driver.findElOrEls (C:\Users\User1\.appium\node_modules\appium-uiautomator2-driver\node_modules\appium-android-driver\lib\commands\find.ts:86:11)
    at processTicksAndRejections (node:internal/process/task_queues:95:5)
    at AndroidUiautomator2Driver.findElOrElsWithProcessing (C:\Users\User1\AppData\Roaming\npm\node_modules\appium\node_modules\@appium\base-driver\lib\basedriver\commands\find.ts:60:12)
    at AndroidUiautomator2Driver.findElement (C:\Users\User1\AppData\Roaming\npm\node_modules\appium\node_modules\@appium\base-driver\lib\basedriver\commands\find.ts:75:12)
&amp#27;[38;5;131m[8610fbec]&amp#27;[0m&amp#27;[38;5;86m[HTTP]&amp#27;[0m &amp#27;[37m<-- POST /session/8610fbec-12ad-4ee0-9bff-ae8a5c54b196/element &amp#27;[39m&amp#27;[33m404&amp#27;[39m &amp#27;[90m26 ms - 890&amp#27;[39m &amp#27;[90m&amp#27;[39m
&amp#27;[38;5;131m[8610fbec]&amp#27;[0m&amp#27;[38;5;86m[HTTP]&amp#27;[0m &amp#27;[37m-->&amp#27;[39m &amp#27;[37mPOST&amp#27;[39m &amp#27;[37m/session/8610fbec-12ad-4ee0-9bff-ae8a5c54b196/element&amp#27;[39m &amp#27;[90m{"using":"id","value":"com.androidsample.generalstore:id/nameField"}&amp#27;[39m
&amp#27;[38;5;131m[8610fbec]&amp#27;[0m&amp#27;[38;5;2m[AndroidUiautomator2Driver@27a9]&amp#27;[0m Calling AppiumDriver.findElement() with args: ["id","com.androidsample.generalstore:id/nameField","8610fbec-12ad-4ee0-9bff-ae8a5c54b196"]
&amp#27;[38;5;131m[8610fbec]&amp#27;[0m&amp#27;[38;5;2m[AndroidUiautomator2Driver@27a9]&amp#27;[0m Valid locator strategies for this request: xpath, id, class name, accessibility id, css selector, -android uiautomator
&amp#27;[38;5;131m[8610fbec]&amp#27;[0m&amp#27;[38;5;2m[AndroidUiautomator2Driver@27a9]&amp#27;[0m Waiting up to 0 ms for condition
&amp#27;[38;5;131m[8610fbec]&amp#27;[0m&amp#27;[38;5;2m[AndroidUiautomator2Driver@27a9]&amp#27;[0m Matched '/element' to command name 'findElement'
&amp#27;[38;5;131m[8610fbec]&amp#27;[0m&amp#27;[38;5;2m[AndroidUiautomator2Driver@27a9]&amp#27;[0m Proxying [POST /element] to [POST http://127.0.0.1:8201/session/ea8ce488-a9cd-4359-871d-3eb2736f6104/element] with body: {"strategy":"id","selector":"com.androidsample.generalstore:id/nameField","context":"","multiple":false}
&amp#27;[38;5;131m[8610fbec]&amp#27;[0m&amp#27;[38;5;2m[AndroidUiautomator2Driver@27a9]&amp#27;[0m Got response with status 200: {"sessionId":"ea8ce488-a9cd-4359-871d-3eb2736f6104","value":{"ELEMENT":"00000000-0000-06a7-ffff-ffff0000001c","element-6066-11e4-a52e-4f735466cecf":"00000000-0000-06a7-ffff-ffff0000001c"}}
&amp#27;[38;5;131m[8610fbec]&amp#27;[0m&amp#27;[38;5;2m[AndroidUiautomator2Driver@27a9]&amp#27;[0m Responding to client with driver.findElement() result: {"element-6066-11e4-a52e-4f735466cecf":"00000000-0000-06a7-ffff-ffff0000001c","ELEMENT":"00000000-0000-06a7-ffff-ffff0000001c"}
&amp#27;[38;5;131m[8610fbec]&amp#27;[0m&amp#27;[38;5;86m[HTTP]&amp#27;[0m &amp#27;[37m<-- POST /session/8610fbec-12ad-4ee0-9bff-ae8a5c54b196/element &amp#27;[39m&amp#27;[32m200&amp#27;[39m &amp#27;[90m1497 ms - 137&amp#27;[39m &amp#27;[90m&amp#27;[39m
&amp#27;[38;5;131m[8610fbec]&amp#27;[0m&amp#27;[38;5;86m[HTTP]&amp#27;[0m &amp#27;[37m-->&amp#27;[39m &amp#27;[37mGET&amp#27;[39m &amp#27;[37m/session/8610fbec-12ad-4ee0-9bff-ae8a5c54b196/element/00000000-0000-06a7-ffff-ffff0000001c/displayed&amp#27;[39m &amp#27;[90m{}&amp#27;[39m
&amp#27;[38;5;131m[8610fbec]&amp#27;[0m&amp#27;[38;5;2m[AndroidUiautomator2Driver@27a9]&amp#27;[0m Calling AppiumDriver.elementDisplayed() with args: ["00000000-0000-06a7-ffff-ffff0000001c","8610fbec-12ad-4ee0-9bff-ae8a5c54b196"]
&amp#27;[38;5;131m[8610fbec]&amp#27;[0m&amp#27;[38;5;2m[AndroidUiautomator2Driver@27a9]&amp#27;[0m Matched '/element/00000000-0000-06a7-ffff-ffff0000001c/attribute/displayed' to command name 'getAttribute'
&amp#27;[38;5;131m[8610fbec]&amp#27;[0m&amp#27;[38;5;2m[AndroidUiautomator2Driver@27a9]&amp#27;[0m Proxying [GET /element/00000000-0000-06a7-ffff-ffff0000001c/attribute/displayed] to [GET http://127.0.0.1:8201/session/ea8ce488-a9cd-4359-871d-3eb2736f6104/element/00000000-0000-06a7-ffff-ffff0000001c/attribute/displayed] with no body
&amp#27;[38;5;131m[8610fbec]&amp#27;[0m&amp#27;[38;5;2m[AndroidUiautomator2Driver@27a9]&amp#27;[0m Got response with status 200: {"sessionId":"ea8ce488-a9cd-4359-871d-3eb2736f6104","value":"true"}
&amp#27;[38;5;131m[8610fbec]&amp#27;[0m&amp#27;[38;5;2m[AndroidUiautomator2Driver@27a9]&amp#27;[0m Responding to client with driver.elementDisplayed() result: true
&amp#27;[38;5;131m[8610fbec]&amp#27;[0m&amp#27;[38;5;86m[HTTP]&amp#27;[0m &amp#27;[37m<-- GET /session/8610fbec-12ad-4ee0-9bff-ae8a5c54b196/element/00000000-0000-06a7-ffff-ffff0000001c/displayed &amp#27;[39m&amp#27;[32m200&amp#27;[39m &amp#27;[90m18 ms - 14&amp#27;[39m &amp#27;[90m&amp#27;[39m
&amp#27;[38;5;131m[8610fbec]&amp#27;[0m&amp#27;[38;5;86m[HTTP]&amp#27;[0m &amp#27;[37m-->&amp#27;[39m &amp#27;[37mGET&amp#27;[39m &amp#27;[37m/session/8610fbec-12ad-4ee0-9bff-ae8a5c54b196/context&amp#27;[39m &amp#27;[90m{}&amp#27;[39m
&amp#27;[38;5;131m[8610fbec]&amp#27;[0m&amp#27;[38;5;2m[AndroidUiautomator2Driver@27a9]&amp#27;[0m Calling AppiumDriver.getCurrentContext() with args: ["8610fbec-12ad-4ee0-9bff-ae8a5c54b196"]
&amp#27;[38;5;131m[8610fbec]&amp#27;[0m&amp#27;[38;5;2m[AndroidUiautomator2Driver@27a9]&amp#27;[0m Responding to client with driver.getCurrentContext() result: "NATIVE_APP"
&amp#27;[38;5;131m[8610fbec]&amp#27;[0m&amp#27;[38;5;86m[HTTP]&amp#27;[0m &amp#27;[37m<-- GET /session/8610fbec-12ad-4ee0-9bff-ae8a5c54b196/context &amp#27;[39m&amp#27;[32m200&amp#27;[39m &amp#27;[90m1 ms - 22&amp#27;[39m &amp#27;[90m&amp#27;[39m
&amp#27;[38;5;131m[8610fbec]&amp#27;[0m&amp#27;[38;5;86m[HTTP]&amp#27;[0m &amp#27;[37m-->&amp#27;[39m &amp#27;[37mPOST&amp#27;[39m &amp#27;[37m/session/8610fbec-12ad-4ee0-9bff-ae8a5c54b196/element&amp#27;[39m &amp#27;[90m{"using":"id","value":"com.androidsample.generalstore:id/nameField"}&amp#27;[39m
&amp#27;[38;5;131m[8610fbec]&amp#27;[0m&amp#27;[38;5;2m[AndroidUiautomator2Driver@27a9]&amp#27;[0m Calling AppiumDriver.findElement() with args: ["id","com.androidsample.generalstore:id/nameField","8610fbec-12ad-4ee0-9bff-ae8a5c54b196"]
&amp#27;[38;5;131m[8610fbec]&amp#27;[0m&amp#27;[38;5;2m[AndroidUiautomator2Driver@27a9]&amp#27;[0m Valid locator strategies for this request: xpath, id, class name, accessibility id, css selector, -android uiautomator
&amp#27;[38;5;131m[8610fbec]&amp#27;[0m&amp#27;[38;5;2m[AndroidUiautomator2Driver@27a9]&amp#27;[0m Waiting up to 0 ms for condition
&amp#27;[38;5;131m[8610fbec]&amp#27;[0m&amp#27;[38;5;2m[AndroidUiautomator2Driver@27a9]&amp#27;[0m Matched '/element' to command name 'findElement'
&amp#27;[38;5;131m[8610fbec]&amp#27;[0m&amp#27;[38;5;2m[AndroidUiautomator2Driver@27a9]&amp#27;[0m Proxying [POST /element] to [POST http://127.0.0.1:8201/session/ea8ce488-a9cd-4359-871d-3eb2736f6104/element] with body: {"strategy":"id","selector":"com.androidsample.generalstore:id/nameField","context":"","multiple":false}
&amp#27;[38;5;131m[8610fbec]&amp#27;[0m&amp#27;[38;5;2m[AndroidUiautomator2Driver@27a9]&amp#27;[0m Got response with status 200: {"sessionId":"ea8ce488-a9cd-4359-871d-3eb2736f6104","value":{"ELEMENT":"00000000-0000-06a7-ffff-ffff0000001c","element-6066-11e4-a52e-4f735466cecf":"00000000-0000-06a7-ffff-ffff0000001c"}}
&amp#27;[38;5;131m[8610fbec]&amp#27;[0m&amp#27;[38;5;2m[AndroidUiautomator2Driver@27a9]&amp#27;[0m Responding to client with driver.findElement() result: {"element-6066-11e4-a52e-4f735466cecf":"00000000-0000-06a7-ffff-ffff0000001c","ELEMENT":"00000000-0000-06a7-ffff-ffff0000001c"}
&amp#27;[38;5;131m[8610fbec]&amp#27;[0m&amp#27;[38;5;86m[HTTP]&amp#27;[0m &amp#27;[37m<-- POST /session/8610fbec-12ad-4ee0-9bff-ae8a5c54b196/element &amp#27;[39m&amp#27;[32m200&amp#27;[39m &amp#27;[90m31 ms - 137&amp#27;[39m &amp#27;[90m&amp#27;[39m
&amp#27;[38;5;131m[8610fbec]&amp#27;[0m&amp#27;[38;5;86m[HTTP]&amp#27;[0m &amp#27;[37m-->&amp#27;[39m &amp#27;[37mPOST&amp#27;[39m &amp#27;[37m/session/8610fbec-12ad-4ee0-9bff-ae8a5c54b196/element/00000000-0000-06a7-ffff-ffff0000001c/value&amp#27;[39m &amp#27;[90m{"value":["R","a","j"],"text":"Raj","id":"00000000-0000-06a7-ffff-ffff0000001c"}&amp#27;[39m
&amp#27;[38;5;131m[8610fbec]&amp#27;[0m&amp#27;[38;5;2m[AndroidUiautomator2Driver@27a9]&amp#27;[0m Calling AppiumDriver.setValue() with args: [["R","a","j"],"00000000-0000-06a7-ffff-ffff0000001c","8610fbec-12ad-4ee0-9bff-ae8a5c54b196"]
&amp#27;[38;5;131m[8610fbec]&amp#27;[0m&amp#27;[38;5;2m[AndroidUiautomator2Driver@27a9]&amp#27;[0m Matched '/element/00000000-0000-06a7-ffff-ffff0000001c/value' to command name 'setValue'
&amp#27;[38;5;131m[8610fbec]&amp#27;[0m&amp#27;[38;5;2m[AndroidUiautomator2Driver@27a9]&amp#27;[0m Added 'value' property ["R","a","j"] to 'setValue' request body
&amp#27;[38;5;131m[8610fbec]&amp#27;[0m&amp#27;[38;5;2m[AndroidUiautomator2Driver@27a9]&amp#27;[0m Proxying [POST /element/00000000-0000-06a7-ffff-ffff0000001c/value] to [POST http://127.0.0.1:8201/session/ea8ce488-a9cd-4359-871d-3eb2736f6104/element/00000000-0000-06a7-ffff-ffff0000001c/value] with body: {"elementId":"00000000-0000-06a7-ffff-ffff0000001c","text":"Raj","replace":false,"value":["R","a","j"]}
&amp#27;[38;5;131m[8610fbec]&amp#27;[0m&amp#27;[38;5;2m[AndroidUiautomator2Driver@27a9]&amp#27;[0m Got response with status 200: {"sessionId":"ea8ce488-a9cd-4359-871d-3eb2736f6104","value":null}
&amp#27;[38;5;131m[8610fbec]&amp#27;[0m&amp#27;[38;5;2m[AndroidUiautomator2Driver@27a9]&amp#27;[0m Responding to client with driver.setValue() result: null
&amp#27;[38;5;131m[8610fbec]&amp#27;[0m&amp#27;[38;5;86m[HTTP]&amp#27;[0m &amp#27;[37m<-- POST /session/8610fbec-12ad-4ee0-9bff-ae8a5c54b196/element/00000000-0000-06a7-ffff-ffff0000001c/value &amp#27;[39m&amp#27;[32m200&amp#27;[39m &amp#27;[90m70 ms - 14&amp#27;[39m &amp#27;[90m&amp#27;[39m
&amp#27;[38;5;131m[8610fbec]&amp#27;[0m&amp#27;[38;5;86m[HTTP]&amp#27;[0m &amp#27;[37m-->&amp#27;[39m &amp#27;[37mPOST&amp#27;[39m &amp#27;[37m/session/8610fbec-12ad-4ee0-9bff-ae8a5c54b196/execute/sync&amp#27;[39m &amp#27;[90m{"script":"mobile: hideKeyboard","args":[]}&amp#27;[39m
&amp#27;[38;5;131m[8610fbec]&amp#27;[0m&amp#27;[38;5;2m[AndroidUiautomator2Driver@27a9]&amp#27;[0m Calling AppiumDriver.execute() with args: ["mobile: hideKeyboard",[],"8610fbec-12ad-4ee0-9bff-ae8a5c54b196"]
&amp#27;[38;5;131m[8610fbec]&amp#27;[0m&amp#27;[38;5;2m[AndroidUiautomator2Driver@27a9]&amp#27;[0m Executing native command 'mobile: hideKeyboard'
&amp#27;[38;5;131m[8610fbec]&amp#27;[0m&amp#27;[38;5;229m[ADB]&amp#27;[0m Running 'C:\Users\User1\AppData\Local\Android\Sdk\platform-tools\adb.exe -P 5037 -s emulator-5554 shell dumpsys input_method'
&amp#27;[38;5;131m[8610fbec]&amp#27;[0m&amp#27;[38;5;229m[ADB]&amp#27;[0m Keyboard has no UI; no closing necessary
&amp#27;[38;5;131m[8610fbec]&amp#27;[0m&amp#27;[38;5;2m[AndroidUiautomator2Driver@27a9]&amp#27;[0m Responding to client with driver.execute() result: false
&amp#27;[38;5;131m[8610fbec]&amp#27;[0m&amp#27;[38;5;86m[HTTP]&amp#27;[0m &amp#27;[37m<-- POST /session/8610fbec-12ad-4ee0-9bff-ae8a5c54b196/execute/sync &amp#27;[39m&amp#27;[32m200&amp#27;[39m &amp#27;[90m605 ms - 15&amp#27;[39m &amp#27;[90m&amp#27;[39m
&amp#27;[38;5;131m[8610fbec]&amp#27;[0m&amp#27;[38;5;86m[HTTP]&amp#27;[0m &amp#27;[37m-->&amp#27;[39m &amp#27;[37mGET&amp#27;[39m &amp#27;[37m/session/8610fbec-12ad-4ee0-9bff-ae8a5c54b196/context&amp#27;[39m &amp#27;[90m{}&amp#27;[39m
&amp#27;[38;5;131m[8610fbec]&amp#27;[0m&amp#27;[38;5;2m[AndroidUiautomator2Driver@27a9]&amp#27;[0m Calling AppiumDriver.getCurrentContext() with args: ["8610fbec-12ad-4ee0-9bff-ae8a5c54b196"]
&amp#27;[38;5;131m[8610fbec]&amp#27;[0m&amp#27;[38;5;2m[AndroidUiautomator2Driver@27a9]&amp#27;[0m Responding to client with driver.getCurrentContext() result: "NATIVE_APP"
&amp#27;[38;5;131m[8610fbec]&amp#27;[0m&amp#27;[38;5;86m[HTTP]&amp#27;[0m &amp#27;[37m<-- GET /session/8610fbec-12ad-4ee0-9bff-ae8a5c54b196/context &amp#27;[39m&amp#27;[32m200&amp#27;[39m &amp#27;[90m3 ms - 22&amp#27;[39m &amp#27;[90m&amp#27;[39m
&amp#27;[38;5;131m[8610fbec]&amp#27;[0m&amp#27;[38;5;86m[HTTP]&amp#27;[0m &amp#27;[37m-->&amp#27;[39m &amp#27;[37mPOST&amp#27;[39m &amp#27;[37m/session/8610fbec-12ad-4ee0-9bff-ae8a5c54b196/element&amp#27;[39m &amp#27;[90m{"using":"xpath","value":"//android.widget.RadioButton[@text='Male']"}&amp#27;[39m
&amp#27;[38;5;131m[8610fbec]&amp#27;[0m&amp#27;[38;5;2m[AndroidUiautomator2Driver@27a9]&amp#27;[0m Calling AppiumDriver.findElement() with args: ["xpath","//android.widget.RadioButton[@text='Male']","8610fbec-12ad-4ee0-9bff-ae8a5c54b196"]
&amp#27;[38;5;131m[8610fbec]&amp#27;[0m&amp#27;[38;5;2m[AndroidUiautomator2Driver@27a9]&amp#27;[0m Valid locator strategies for this request: xpath, id, class name, accessibility id, css selector, -android uiautomator
&amp#27;[38;5;131m[8610fbec]&amp#27;[0m&amp#27;[38;5;2m[AndroidUiautomator2Driver@27a9]&amp#27;[0m Waiting up to 0 ms for condition
&amp#27;[38;5;131m[8610fbec]&amp#27;[0m&amp#27;[38;5;2m[AndroidUiautomator2Driver@27a9]&amp#27;[0m Matched '/element' to command name 'findElement'
&amp#27;[38;5;131m[8610fbec]&amp#27;[0m&amp#27;[38;5;2m[AndroidUiautomator2Driver@27a9]&amp#27;[0m Proxying [POST /element] to [POST http://127.0.0.1:8201/session/ea8ce488-a9cd-4359-871d-3eb2736f6104/element] with body: {"strategy":"xpath","selector":"//android.widget.RadioButton[@text='Male']","context":"","multiple":false}
&amp#27;[38;5;131m[8610fbec]&amp#27;[0m&amp#27;[38;5;2m[AndroidUiautomator2Driver@27a9]&amp#27;[0m Got response with status 200: {"sessionId":"ea8ce488-a9cd-4359-871d-3eb2736f6104","value":{"ELEMENT":"00000000-0000-06a7-ffff-ffff0000001f","element-6066-11e4-a52e-4f735466cecf":"00000000-0000-06a7-ffff-ffff0000001f"}}
&amp#27;[38;5;131m[8610fbec]&amp#27;[0m&amp#27;[38;5;2m[AndroidUiautomator2Driver@27a9]&amp#27;[0m Responding to client with driver.findElement() result: {"element-6066-11e4-a52e-4f735466cecf":"00000000-0000-06a7-ffff-ffff0000001f","ELEMENT":"00000000-0000-06a7-ffff-ffff0000001f"}
&amp#27;[38;5;131m[8610fbec]&amp#27;[0m&amp#27;[38;5;86m[HTTP]&amp#27;[0m &amp#27;[37m<-- POST /session/8610fbec-12ad-4ee0-9bff-ae8a5c54b196/element &amp#27;[39m&amp#27;[32m200&amp#27;[39m &amp#27;[90m803 ms - 137&amp#27;[39m &amp#27;[90m&amp#27;[39m
&amp#27;[38;5;131m[8610fbec]&amp#27;[0m&amp#27;[38;5;86m[HTTP]&amp#27;[0m &amp#27;[37m-->&amp#27;[39m &amp#27;[37mPOST&amp#27;[39m &amp#27;[37m/session/8610fbec-12ad-4ee0-9bff-ae8a5c54b196/element/00000000-0000-06a7-ffff-ffff0000001f/click&amp#27;[39m &amp#27;[90m{"id":"00000000-0000-06a7-ffff-ffff0000001f"}&amp#27;[39m
&amp#27;[38;5;131m[8610fbec]&amp#27;[0m&amp#27;[38;5;2m[AndroidUiautomator2Driver@27a9]&amp#27;[0m Calling AppiumDriver.click() with args: ["00000000-0000-06a7-ffff-ffff0000001f","8610fbec-12ad-4ee0-9bff-ae8a5c54b196"]
&amp#27;[38;5;131m[8610fbec]&amp#27;[0m&amp#27;[38;5;2m[AndroidUiautomator2Driver@27a9]&amp#27;[0m Matched '/element/00000000-0000-06a7-ffff-ffff0000001f/click' to command name 'click'
&amp#27;[38;5;131m[8610fbec]&amp#27;[0m&amp#27;[38;5;2m[AndroidUiautomator2Driver@27a9]&amp#27;[0m Proxying [POST /element/00000000-0000-06a7-ffff-ffff0000001f/click] to [POST http://127.0.0.1:8201/session/ea8ce488-a9cd-4359-871d-3eb2736f6104/element/00000000-0000-06a7-ffff-ffff0000001f/click] with body: {"element":"00000000-0000-06a7-ffff-ffff0000001f"}
&amp#27;[38;5;131m[8610fbec]&amp#27;[0m&amp#27;[38;5;2m[AndroidUiautomator2Driver@27a9]&amp#27;[0m Got response with status 200: {"sessionId":"ea8ce488-a9cd-4359-871d-3eb2736f6104","value":null}
&amp#27;[38;5;131m[8610fbec]&amp#27;[0m&amp#27;[38;5;2m[AndroidUiautomator2Driver@27a9]&amp#27;[0m Responding to client with driver.click() result: null
&amp#27;[38;5;131m[8610fbec]&amp#27;[0m&amp#27;[38;5;86m[HTTP]&amp#27;[0m &amp#27;[37m<-- POST /session/8610fbec-12ad-4ee0-9bff-ae8a5c54b196/element/00000000-0000-06a7-ffff-ffff0000001f/click &amp#27;[39m&amp#27;[32m200&amp#27;[39m &amp#27;[90m96 ms - 14&amp#27;[39m &amp#27;[90m&amp#27;[39m
&amp#27;[38;5;131m[8610fbec]&amp#27;[0m&amp#27;[38;5;86m[HTTP]&amp#27;[0m &amp#27;[37m-->&amp#27;[39m &amp#27;[37mGET&amp#27;[39m &amp#27;[37m/session/8610fbec-12ad-4ee0-9bff-ae8a5c54b196/context&amp#27;[39m &amp#27;[90m{}&amp#27;[39m
&amp#27;[38;5;131m[8610fbec]&amp#27;[0m&amp#27;[38;5;2m[AndroidUiautomator2Driver@27a9]&amp#27;[0m Calling AppiumDriver.getCurrentContext() with args: ["8610fbec-12ad-4ee0-9bff-ae8a5c54b196"]
&amp#27;[38;5;131m[8610fbec]&amp#27;[0m&amp#27;[38;5;2m[AndroidUiautomator2Driver@27a9]&amp#27;[0m Responding to client with driver.getCurrentContext() result: "NATIVE_APP"
&amp#27;[38;5;131m[8610fbec]&amp#27;[0m&amp#27;[38;5;86m[HTTP]&amp#27;[0m &amp#27;[37m<-- GET /session/8610fbec-12ad-4ee0-9bff-ae8a5c54b196/context &amp#27;[39m&amp#27;[32m200&amp#27;[39m &amp#27;[90m1 ms - 22&amp#27;[39m &amp#27;[90m&amp#27;[39m
&amp#27;[38;5;131m[8610fbec]&amp#27;[0m&amp#27;[38;5;86m[HTTP]&amp#27;[0m &amp#27;[37m-->&amp#27;[39m &amp#27;[37mPOST&amp#27;[39m &amp#27;[37m/session/8610fbec-12ad-4ee0-9bff-ae8a5c54b196/element&amp#27;[39m &amp#27;[90m{"using":"id","value":"android:id/text1"}&amp#27;[39m
&amp#27;[38;5;131m[8610fbec]&amp#27;[0m&amp#27;[38;5;2m[AndroidUiautomator2Driver@27a9]&amp#27;[0m Calling AppiumDriver.findElement() with args: ["id","android:id/text1","8610fbec-12ad-4ee0-9bff-ae8a5c54b196"]
&amp#27;[38;5;131m[8610fbec]&amp#27;[0m&amp#27;[38;5;2m[AndroidUiautomator2Driver@27a9]&amp#27;[0m Valid locator strategies for this request: xpath, id, class name, accessibility id, css selector, -android uiautomator
&amp#27;[38;5;131m[8610fbec]&amp#27;[0m&amp#27;[38;5;2m[AndroidUiautomator2Driver@27a9]&amp#27;[0m Waiting up to 0 ms for condition
&amp#27;[38;5;131m[8610fbec]&amp#27;[0m&amp#27;[38;5;2m[AndroidUiautomator2Driver@27a9]&amp#27;[0m Matched '/element' to command name 'findElement'
&amp#27;[38;5;131m[8610fbec]&amp#27;[0m&amp#27;[38;5;2m[AndroidUiautomator2Driver@27a9]&amp#27;[0m Proxying [POST /element] to [POST http://127.0.0.1:8201/session/ea8ce488-a9cd-4359-871d-3eb2736f6104/element] with body: {"strategy":"id","selector":"android:id/text1","context":"","multiple":false}
&amp#27;[38;5;131m[8610fbec]&amp#27;[0m&amp#27;[38;5;2m[AndroidUiautomator2Driver@27a9]&amp#27;[0m Got response with status 200: {"sessionId":"ea8ce488-a9cd-4359-871d-3eb2736f6104","value":{"ELEMENT":"00000000-0000-06a7-ffff-ffff00000024","element-6066-11e4-a52e-4f735466cecf":"00000000-0000-06a7-ffff-ffff00000024"}}
&amp#27;[38;5;131m[8610fbec]&amp#27;[0m&amp#27;[38;5;2m[AndroidUiautomator2Driver@27a9]&amp#27;[0m Responding to client with driver.findElement() result: {"element-6066-11e4-a52e-4f735466cecf":"00000000-0000-06a7-ffff-ffff00000024","ELEMENT":"00000000-0000-06a7-ffff-ffff00000024"}
&amp#27;[38;5;131m[8610fbec]&amp#27;[0m&amp#27;[38;5;86m[HTTP]&amp#27;[0m &amp#27;[37m<-- POST /session/8610fbec-12ad-4ee0-9bff-ae8a5c54b196/element &amp#27;[39m&amp#27;[32m200&amp#27;[39m &amp#27;[90m109 ms - 137&amp#27;[39m &amp#27;[90m&amp#27;[39m
&amp#27;[38;5;131m[8610fbec]&amp#27;[0m&amp#27;[38;5;86m[HTTP]&amp#27;[0m &amp#27;[37m-->&amp#27;[39m &amp#27;[37mPOST&amp#27;[39m &amp#27;[37m/session/8610fbec-12ad-4ee0-9bff-ae8a5c54b196/element/00000000-0000-06a7-ffff-ffff00000024/click&amp#27;[39m &amp#27;[90m{"id":"00000000-0000-06a7-ffff-ffff00000024"}&amp#27;[39m
&amp#27;[38;5;131m[8610fbec]&amp#27;[0m&amp#27;[38;5;2m[AndroidUiautomator2Driver@27a9]&amp#27;[0m Calling AppiumDriver.click() with args: ["00000000-0000-06a7-ffff-ffff00000024","8610fbec-12ad-4ee0-9bff-ae8a5c54b196"]
&amp#27;[38;5;131m[8610fbec]&amp#27;[0m&amp#27;[38;5;2m[AndroidUiautomator2Driver@27a9]&amp#27;[0m Matched '/element/00000000-0000-06a7-ffff-ffff00000024/click' to command name 'click'
&amp#27;[38;5;131m[8610fbec]&amp#27;[0m&amp#27;[38;5;2m[AndroidUiautomator2Driver@27a9]&amp#27;[0m Proxying [POST /element/00000000-0000-06a7-ffff-ffff00000024/click] to [POST http://127.0.0.1:8201/session/ea8ce488-a9cd-4359-871d-3eb2736f6104/element/00000000-0000-06a7-ffff-ffff00000024/click] with body: {"element":"00000000-0000-06a7-ffff-ffff00000024"}
&amp#27;[38;5;131m[8610fbec]&amp#27;[0m&amp#27;[38;5;2m[AndroidUiautomator2Driver@27a9]&amp#27;[0m Got response with status 200: {"sessionId":"ea8ce488-a9cd-4359-871d-3eb2736f6104","value":null}
&amp#27;[38;5;131m[8610fbec]&amp#27;[0m&amp#27;[38;5;2m[AndroidUiautomator2Driver@27a9]&amp#27;[0m Responding to client with driver.click() result: null
&amp#27;[38;5;131m[8610fbec]&amp#27;[0m&amp#27;[38;5;86m[HTTP]&amp#27;[0m &amp#27;[37m<-- POST /session/8610fbec-12ad-4ee0-9bff-ae8a5c54b196/element/00000000-0000-06a7-ffff-ffff00000024/click &amp#27;[39m&amp#27;[32m200&amp#27;[39m &amp#27;[90m422 ms - 14&amp#27;[39m &amp#27;[90m&amp#27;[39m
&amp#27;[38;5;131m[8610fbec]&amp#27;[0m&amp#27;[38;5;86m[HTTP]&amp#27;[0m &amp#27;[37m-->&amp#27;[39m &amp#27;[37mPOST&amp#27;[39m &amp#27;[37m/session/8610fbec-12ad-4ee0-9bff-ae8a5c54b196/element&amp#27;[39m &amp#27;[90m{"using":"-android uiautomator","value":"new UiScrollable(new UiSelector()).scrollIntoView(text(\"Austria\"));"}&amp#27;[39m
&amp#27;[38;5;131m[8610fbec]&amp#27;[0m&amp#27;[38;5;2m[AndroidUiautomator2Driver@27a9]&amp#27;[0m Calling AppiumDriver.findElement() with args: ["-android uiautomator","new UiScrollable(new UiSelector()).scrollIntoView(text(\"Austria\"));","8610fbec-12ad-4ee0-9bff-ae8a5c54b196"]
&amp#27;[38;5;131m[8610fbec]&amp#27;[0m&amp#27;[38;5;2m[AndroidUiautomator2Driver@27a9]&amp#27;[0m Valid locator strategies for this request: xpath, id, class name, accessibility id, css selector, -android uiautomator
&amp#27;[38;5;131m[8610fbec]&amp#27;[0m&amp#27;[38;5;2m[AndroidUiautomator2Driver@27a9]&amp#27;[0m Waiting up to 0 ms for condition
&amp#27;[38;5;131m[8610fbec]&amp#27;[0m&amp#27;[38;5;2m[AndroidUiautomator2Driver@27a9]&amp#27;[0m Matched '/element' to command name 'findElement'
&amp#27;[38;5;131m[8610fbec]&amp#27;[0m&amp#27;[38;5;2m[AndroidUiautomator2Driver@27a9]&amp#27;[0m Proxying [POST /element] to [POST http://127.0.0.1:8201/session/ea8ce488-a9cd-4359-871d-3eb2736f6104/element] with body: {"strategy":"-android uiautomator","selector":"new UiScrollable(new UiSelector()).scrollIntoView(text(\"Austria\"));","context":"","multiple":false}
&amp#27;[38;5;131m[8610fbec]&amp#27;[0m&amp#27;[38;5;2m[AndroidUiautomator2Driver@27a9]&amp#27;[0m Got response with status 200: {"sessionId":"ea8ce488-a9cd-4359-871d-3eb2736f6104","value":{"ELEMENT":"00000000-0000-06a8-ffff-ffff0000002c","element-6066-11e4-a52e-4f735466cecf":"00000000-0000-06a8-ffff-ffff0000002c"}}
&amp#27;[38;5;131m[8610fbec]&amp#27;[0m&amp#27;[38;5;2m[AndroidUiautomator2Driver@27a9]&amp#27;[0m Responding to client with driver.findElement() result: {"element-6066-11e4-a52e-4f735466cecf":"00000000-0000-06a8-ffff-ffff0000002c","ELEMENT":"00000000-0000-06a8-ffff-ffff0000002c"}
&amp#27;[38;5;131m[8610fbec]&amp#27;[0m&amp#27;[38;5;86m[HTTP]&amp#27;[0m &amp#27;[37m<-- POST /session/8610fbec-12ad-4ee0-9bff-ae8a5c54b196/element &amp#27;[39m&amp#27;[32m200&amp#27;[39m &amp#27;[90m5308 ms - 137&amp#27;[39m &amp#27;[90m&amp#27;[39m
&amp#27;[38;5;131m[8610fbec]&amp#27;[0m&amp#27;[38;5;86m[HTTP]&amp#27;[0m &amp#27;[37m-->&amp#27;[39m &amp#27;[37mPOST&amp#27;[39m &amp#27;[37m/session/8610fbec-12ad-4ee0-9bff-ae8a5c54b196/element&amp#27;[39m &amp#27;[90m{"using":"xpath","value":"//android.widget.TextView[@text='Austria']"}&amp#27;[39m
&amp#27;[38;5;131m[8610fbec]&amp#27;[0m&amp#27;[38;5;2m[AndroidUiautomator2Driver@27a9]&amp#27;[0m Calling AppiumDriver.findElement() with args: ["xpath","//android.widget.TextView[@text='Austria']","8610fbec-12ad-4ee0-9bff-ae8a5c54b196"]
&amp#27;[38;5;131m[8610fbec]&amp#27;[0m&amp#27;[38;5;2m[AndroidUiautomator2Driver@27a9]&amp#27;[0m Valid locator strategies for this request: xpath, id, class name, accessibility id, css selector, -android uiautomator
&amp#27;[38;5;131m[8610fbec]&amp#27;[0m&amp#27;[38;5;2m[AndroidUiautomator2Driver@27a9]&amp#27;[0m Waiting up to 0 ms for condition
&amp#27;[38;5;131m[8610fbec]&amp#27;[0m&amp#27;[38;5;2m[AndroidUiautomator2Driver@27a9]&amp#27;[0m Matched '/element' to command name 'findElement'
&amp#27;[38;5;131m[8610fbec]&amp#27;[0m&amp#27;[38;5;2m[AndroidUiautomator2Driver@27a9]&amp#27;[0m Proxying [POST /element] to [POST http://127.0.0.1:8201/session/ea8ce488-a9cd-4359-871d-3eb2736f6104/element] with body: {"strategy":"xpath","selector":"//android.widget.TextView[@text='Austria']","context":"","multiple":false}
&amp#27;[38;5;131m[8610fbec]&amp#27;[0m&amp#27;[38;5;2m[AndroidUiautomator2Driver@27a9]&amp#27;[0m Got response with status 200: {"sessionId":"ea8ce488-a9cd-4359-871d-3eb2736f6104","value":{"ELEMENT":"00000000-0000-06a8-ffff-ffff0000002c","element-6066-11e4-a52e-4f735466cecf":"00000000-0000-06a8-ffff-ffff0000002c"}}
&amp#27;[38;5;131m[8610fbec]&amp#27;[0m&amp#27;[38;5;2m[AndroidUiautomator2Driver@27a9]&amp#27;[0m Responding to client with driver.findElement() result: {"element-6066-11e4-a52e-4f735466cecf":"00000000-0000-06a8-ffff-ffff0000002c","ELEMENT":"00000000-0000-06a8-ffff-ffff0000002c"}
&amp#27;[38;5;131m[8610fbec]&amp#27;[0m&amp#27;[38;5;86m[HTTP]&amp#27;[0m &amp#27;[37m<-- POST /session/8610fbec-12ad-4ee0-9bff-ae8a5c54b196/element &amp#27;[39m&amp#27;[32m200&amp#27;[39m &amp#27;[90m64 ms - 137&amp#27;[39m &amp#27;[90m&amp#27;[39m
&amp#27;[38;5;131m[8610fbec]&amp#27;[0m&amp#27;[38;5;86m[HTTP]&amp#27;[0m &amp#27;[37m-->&amp#27;[39m &amp#27;[37mPOST&amp#27;[39m &amp#27;[37m/session/8610fbec-12ad-4ee0-9bff-ae8a5c54b196/element/00000000-0000-06a8-ffff-ffff0000002c/click&amp#27;[39m &amp#27;[90m{"id":"00000000-0000-06a8-ffff-ffff0000002c"}&amp#27;[39m
&amp#27;[38;5;131m[8610fbec]&amp#27;[0m&amp#27;[38;5;2m[AndroidUiautomator2Driver@27a9]&amp#27;[0m Calling AppiumDriver.click() with args: ["00000000-0000-06a8-ffff-ffff0000002c","8610fbec-12ad-4ee0-9bff-ae8a5c54b196"]
&amp#27;[38;5;131m[8610fbec]&amp#27;[0m&amp#27;[38;5;2m[AndroidUiautomator2Driver@27a9]&amp#27;[0m Matched '/element/00000000-0000-06a8-ffff-ffff0000002c/click' to command name 'click'
&amp#27;[38;5;131m[8610fbec]&amp#27;[0m&amp#27;[38;5;2m[AndroidUiautomator2Driver@27a9]&amp#27;[0m Proxying [POST /element/00000000-0000-06a8-ffff-ffff0000002c/click] to [POST http://127.0.0.1:8201/session/ea8ce488-a9cd-4359-871d-3eb2736f6104/element/00000000-0000-06a8-ffff-ffff0000002c/click] with body: {"element":"00000000-0000-06a8-ffff-ffff0000002c"}
&amp#27;[38;5;131m[8610fbec]&amp#27;[0m&amp#27;[38;5;2m[AndroidUiautomator2Driver@27a9]&amp#27;[0m Got response with status 200: {"sessionId":"ea8ce488-a9cd-4359-871d-3eb2736f6104","value":null}
&amp#27;[38;5;131m[8610fbec]&amp#27;[0m&amp#27;[38;5;2m[AndroidUiautomator2Driver@27a9]&amp#27;[0m Responding to client with driver.click() result: null
&amp#27;[38;5;131m[8610fbec]&amp#27;[0m&amp#27;[38;5;86m[HTTP]&amp#27;[0m &amp#27;[37m<-- POST /session/8610fbec-12ad-4ee0-9bff-ae8a5c54b196/element/00000000-0000-06a8-ffff-ffff0000002c/click &amp#27;[39m&amp#27;[32m200&amp#27;[39m &amp#27;[90m775 ms - 14&amp#27;[39m &amp#27;[90m&amp#27;[39m
&amp#27;[38;5;131m[8610fbec]&amp#27;[0m&amp#27;[38;5;86m[HTTP]&amp#27;[0m &amp#27;[37m-->&amp#27;[39m &amp#27;[37mGET&amp#27;[39m &amp#27;[37m/session/8610fbec-12ad-4ee0-9bff-ae8a5c54b196/context&amp#27;[39m &amp#27;[90m{}&amp#27;[39m
&amp#27;[38;5;131m[8610fbec]&amp#27;[0m&amp#27;[38;5;2m[AndroidUiautomator2Driver@27a9]&amp#27;[0m Calling AppiumDriver.getCurrentContext() with args: ["8610fbec-12ad-4ee0-9bff-ae8a5c54b196"]
&amp#27;[38;5;131m[8610fbec]&amp#27;[0m&amp#27;[38;5;2m[AndroidUiautomator2Driver@27a9]&amp#27;[0m Responding to client with driver.getCurrentContext() result: "NATIVE_APP"
&amp#27;[38;5;131m[8610fbec]&amp#27;[0m&amp#27;[38;5;86m[HTTP]&amp#27;[0m &amp#27;[37m<-- GET /session/8610fbec-12ad-4ee0-9bff-ae8a5c54b196/context &amp#27;[39m&amp#27;[32m200&amp#27;[39m &amp#27;[90m1 ms - 22&amp#27;[39m &amp#27;[90m&amp#27;[39m
&amp#27;[38;5;131m[8610fbec]&amp#27;[0m&amp#27;[38;5;86m[HTTP]&amp#27;[0m &amp#27;[37m-->&amp#27;[39m &amp#27;[37mPOST&amp#27;[39m &amp#27;[37m/session/8610fbec-12ad-4ee0-9bff-ae8a5c54b196/element&amp#27;[39m &amp#27;[90m{"using":"id","value":"com.androidsample.generalstore:id/btnLetsShop"}&amp#27;[39m
&amp#27;[38;5;131m[8610fbec]&amp#27;[0m&amp#27;[38;5;2m[AndroidUiautomator2Driver@27a9]&amp#27;[0m Calling AppiumDriver.findElement() with args: ["id","com.androidsample.generalstore:id/btnLetsShop","8610fbec-12ad-4ee0-9bff-ae8a5c54b196"]
&amp#27;[38;5;131m[8610fbec]&amp#27;[0m&amp#27;[38;5;2m[AndroidUiautomator2Driver@27a9]&amp#27;[0m Valid locator strategies for this request: xpath, id, class name, accessibility id, css selector, -android uiautomator
&amp#27;[38;5;131m[8610fbec]&amp#27;[0m&amp#27;[38;5;2m[AndroidUiautomator2Driver@27a9]&amp#27;[0m Waiting up to 0 ms for condition
&amp#27;[38;5;131m[8610fbec]&amp#27;[0m&amp#27;[38;5;2m[AndroidUiautomator2Driver@27a9]&amp#27;[0m Matched '/element' to command name 'findElement'
&amp#27;[38;5;131m[8610fbec]&amp#27;[0m&amp#27;[38;5;2m[AndroidUiautomator2Driver@27a9]&amp#27;[0m Proxying [POST /element] to [POST http://127.0.0.1:8201/session/ea8ce488-a9cd-4359-871d-3eb2736f6104/element] with body: {"strategy":"id","selector":"com.androidsample.generalstore:id/btnLetsShop","context":"","multiple":false}
&amp#27;[38;5;131m[8610fbec]&amp#27;[0m&amp#27;[38;5;2m[AndroidUiautomator2Driver@27a9]&amp#27;[0m Got response with status 200: {"sessionId":"ea8ce488-a9cd-4359-871d-3eb2736f6104","value":{"ELEMENT":"00000000-0000-06a7-ffff-ffff00000021","element-6066-11e4-a52e-4f735466cecf":"00000000-0000-06a7-ffff-ffff00000021"}}
&amp#27;[38;5;131m[8610fbec]&amp#27;[0m&amp#27;[38;5;2m[AndroidUiautomator2Driver@27a9]&amp#27;[0m Responding to client with driver.findElement() result: {"element-6066-11e4-a52e-4f735466cecf":"00000000-0000-06a7-ffff-ffff00000021","ELEMENT":"00000000-0000-06a7-ffff-ffff00000021"}
&amp#27;[38;5;131m[8610fbec]&amp#27;[0m&amp#27;[38;5;86m[HTTP]&amp#27;[0m &amp#27;[37m<-- POST /session/8610fbec-12ad-4ee0-9bff-ae8a5c54b196/element &amp#27;[39m&amp#27;[32m200&amp#27;[39m &amp#27;[90m39 ms - 137&amp#27;[39m &amp#27;[90m&amp#27;[39m
&amp#27;[38;5;131m[8610fbec]&amp#27;[0m&amp#27;[38;5;86m[HTTP]&amp#27;[0m &amp#27;[37m-->&amp#27;[39m &amp#27;[37mPOST&amp#27;[39m &amp#27;[37m/session/8610fbec-12ad-4ee0-9bff-ae8a5c54b196/element/00000000-0000-06a7-ffff-ffff00000021/click&amp#27;[39m &amp#27;[90m{"id":"00000000-0000-06a7-ffff-ffff00000021"}&amp#27;[39m
&amp#27;[38;5;131m[8610fbec]&amp#27;[0m&amp#27;[38;5;2m[AndroidUiautomator2Driver@27a9]&amp#27;[0m Calling AppiumDriver.click() with args: ["00000000-0000-06a7-ffff-ffff00000021","8610fbec-12ad-4ee0-9bff-ae8a5c54b196"]
&amp#27;[38;5;131m[8610fbec]&amp#27;[0m&amp#27;[38;5;2m[AndroidUiautomator2Driver@27a9]&amp#27;[0m Matched '/element/00000000-0000-06a7-ffff-ffff00000021/click' to command name 'click'
&amp#27;[38;5;131m[8610fbec]&amp#27;[0m&amp#27;[38;5;2m[AndroidUiautomator2Driver@27a9]&amp#27;[0m Proxying [POST /element/00000000-0000-06a7-ffff-ffff00000021/click] to [POST http://127.0.0.1:8201/session/ea8ce488-a9cd-4359-871d-3eb2736f6104/element/00000000-0000-06a7-ffff-ffff00000021/click] with body: {"element":"00000000-0000-06a7-ffff-ffff00000021"}
&amp#27;[38;5;131m[8610fbec]&amp#27;[0m&amp#27;[38;5;2m[AndroidUiautomator2Driver@27a9]&amp#27;[0m Got response with status 200: {"sessionId":"ea8ce488-a9cd-4359-871d-3eb2736f6104","value":null}
&amp#27;[38;5;131m[8610fbec]&amp#27;[0m&amp#27;[38;5;2m[AndroidUiautomator2Driver@27a9]&amp#27;[0m Responding to client with driver.click() result: null
&amp#27;[38;5;131m[8610fbec]&amp#27;[0m&amp#27;[38;5;86m[HTTP]&amp#27;[0m &amp#27;[37m<-- POST /session/8610fbec-12ad-4ee0-9bff-ae8a5c54b196/element/00000000-0000-06a7-ffff-ffff00000021/click &amp#27;[39m&amp#27;[32m200&amp#27;[39m &amp#27;[90m80 ms - 14&amp#27;[39m &amp#27;[90m&amp#27;[39m
&amp#27;[38;5;131m[8610fbec]&amp#27;[0m&amp#27;[38;5;86m[HTTP]&amp#27;[0m &amp#27;[37m-->&amp#27;[39m &amp#27;[37mGET&amp#27;[39m &amp#27;[37m/session/8610fbec-12ad-4ee0-9bff-ae8a5c54b196/context&amp#27;[39m &amp#27;[90m{}&amp#27;[39m
&amp#27;[38;5;131m[8610fbec]&amp#27;[0m&amp#27;[38;5;2m[AndroidUiautomator2Driver@27a9]&amp#27;[0m Calling AppiumDriver.getCurrentContext() with args: ["8610fbec-12ad-4ee0-9bff-ae8a5c54b196"]
&amp#27;[38;5;131m[8610fbec]&amp#27;[0m&amp#27;[38;5;2m[AndroidUiautomator2Driver@27a9]&amp#27;[0m Responding to client with driver.getCurrentContext() result: "NATIVE_APP"
&amp#27;[38;5;131m[8610fbec]&amp#27;[0m&amp#27;[38;5;86m[HTTP]&amp#27;[0m &amp#27;[37m<-- GET /session/8610fbec-12ad-4ee0-9bff-ae8a5c54b196/context &amp#27;[39m&amp#27;[32m200&amp#27;[39m &amp#27;[90m2 ms - 22&amp#27;[39m &amp#27;[90m&amp#27;[39m
&amp#27;[38;5;131m[8610fbec]&amp#27;[0m&amp#27;[38;5;86m[HTTP]&amp#27;[0m &amp#27;[37m-->&amp#27;[39m &amp#27;[37mPOST&amp#27;[39m &amp#27;[37m/session/8610fbec-12ad-4ee0-9bff-ae8a5c54b196/elements&amp#27;[39m &amp#27;[90m{"using":"xpath","value":"//android.widget.TextView[@text='ADD TO CART']"}&amp#27;[39m
&amp#27;[38;5;131m[8610fbec]&amp#27;[0m&amp#27;[38;5;2m[AndroidUiautomator2Driver@27a9]&amp#27;[0m Calling AppiumDriver.findElements() with args: ["xpath","//android.widget.TextView[@text='ADD TO CART']","8610fbec-12ad-4ee0-9bff-ae8a5c54b196"]
&amp#27;[38;5;131m[8610fbec]&amp#27;[0m&amp#27;[38;5;2m[AndroidUiautomator2Driver@27a9]&amp#27;[0m Valid locator strategies for this request: xpath, id, class name, accessibility id, css selector, -android uiautomator
&amp#27;[38;5;131m[8610fbec]&amp#27;[0m&amp#27;[38;5;2m[AndroidUiautomator2Driver@27a9]&amp#27;[0m Waiting up to 0 ms for condition
&amp#27;[38;5;131m[8610fbec]&amp#27;[0m&amp#27;[38;5;2m[AndroidUiautomator2Driver@27a9]&amp#27;[0m Matched '/elements' to command name 'findElements'
&amp#27;[38;5;131m[8610fbec]&amp#27;[0m&amp#27;[38;5;2m[AndroidUiautomator2Driver@27a9]&amp#27;[0m Proxying [POST /elements] to [POST http://127.0.0.1:8201/session/ea8ce488-a9cd-4359-871d-3eb2736f6104/elements] with body: {"strategy":"xpath","selector":"//android.widget.TextView[@text='ADD TO CART']","context":"","multiple":true}
&amp#27;[38;5;131m[8610fbec]&amp#27;[0m&amp#27;[38;5;2m[AndroidUiautomator2Driver@27a9]&amp#27;[0m Got response with status 200: {"sessionId":"ea8ce488-a9cd-4359-871d-3eb2736f6104","value":[]}
&amp#27;[38;5;131m[8610fbec]&amp#27;[0m&amp#27;[38;5;2m[AndroidUiautomator2Driver@27a9]&amp#27;[0m Responding to client with driver.findElements() result: []
&amp#27;[38;5;131m[8610fbec]&amp#27;[0m&amp#27;[38;5;86m[HTTP]&amp#27;[0m &amp#27;[37m<-- POST /session/8610fbec-12ad-4ee0-9bff-ae8a5c54b196/elements &amp#27;[39m&amp#27;[32m200&amp#27;[39m &amp#27;[90m527 ms - 12&amp#27;[39m &amp#27;[90m&amp#27;[39m
&amp#27;[38;5;131m[8610fbec]&amp#27;[0m&amp#27;[38;5;86m[HTTP]&amp#27;[0m &amp#27;[37m-->&amp#27;[39m &amp#27;[37mGET&amp#27;[39m &amp#27;[37m/session/8610fbec-12ad-4ee0-9bff-ae8a5c54b196/context&amp#27;[39m &amp#27;[90m{}&amp#27;[39m
&amp#27;[38;5;131m[8610fbec]&amp#27;[0m&amp#27;[38;5;2m[AndroidUiautomator2Driver@27a9]&amp#27;[0m Calling AppiumDriver.getCurrentContext() with args: ["8610fbec-12ad-4ee0-9bff-ae8a5c54b196"]
&amp#27;[38;5;131m[8610fbec]&amp#27;[0m&amp#27;[38;5;2m[AndroidUiautomator2Driver@27a9]&amp#27;[0m Responding to client with driver.getCurrentContext() result: "NATIVE_APP"
&amp#27;[38;5;131m[8610fbec]&amp#27;[0m&amp#27;[38;5;86m[HTTP]&amp#27;[0m &amp#27;[37m<-- GET /session/8610fbec-12ad-4ee0-9bff-ae8a5c54b196/context &amp#27;[39m&amp#27;[32m200&amp#27;[39m &amp#27;[90m3 ms - 22&amp#27;[39m &amp#27;[90m&amp#27;[39m
&amp#27;[38;5;131m[8610fbec]&amp#27;[0m&amp#27;[38;5;86m[HTTP]&amp#27;[0m &amp#27;[37m-->&amp#27;[39m &amp#27;[37mPOST&amp#27;[39m &amp#27;[37m/session/8610fbec-12ad-4ee0-9bff-ae8a5c54b196/elements&amp#27;[39m &amp#27;[90m{"using":"xpath","value":"//android.widget.TextView[@text='ADD TO CART']"}&amp#27;[39m
&amp#27;[38;5;131m[8610fbec]&amp#27;[0m&amp#27;[38;5;2m[AndroidUiautomator2Driver@27a9]&amp#27;[0m Calling AppiumDriver.findElements() with args: ["xpath","//android.widget.TextView[@text='ADD TO CART']","8610fbec-12ad-4ee0-9bff-ae8a5c54b196"]
&amp#27;[38;5;131m[8610fbec]&amp#27;[0m&amp#27;[38;5;2m[AndroidUiautomator2Driver@27a9]&amp#27;[0m Valid locator strategies for this request: xpath, id, class name, accessibility id, css selector, -android uiautomator
&amp#27;[38;5;131m[8610fbec]&amp#27;[0m&amp#27;[38;5;2m[AndroidUiautomator2Driver@27a9]&amp#27;[0m Waiting up to 0 ms for condition
&amp#27;[38;5;131m[8610fbec]&amp#27;[0m&amp#27;[38;5;2m[AndroidUiautomator2Driver@27a9]&amp#27;[0m Matched '/elements' to command name 'findElements'
&amp#27;[38;5;131m[8610fbec]&amp#27;[0m&amp#27;[38;5;2m[AndroidUiautomator2Driver@27a9]&amp#27;[0m Proxying [POST /elements] to [POST http://127.0.0.1:8201/session/ea8ce488-a9cd-4359-871d-3eb2736f6104/elements] with body: {"strategy":"xpath","selector":"//android.widget.TextView[@text='ADD TO CART']","context":"","multiple":true}
&amp#27;[38;5;131m[8610fbec]&amp#27;[0m&amp#27;[38;5;2m[AndroidUiautomator2Driver@27a9]&amp#27;[0m Got response with status 200: {"sessionId":"ea8ce488-a9cd-4359-871d-3eb2736f6104","value":[{"ELEMENT":"00000000-0000-06a9-ffff-ffff00000051","element-6066-11e4-a52e-4f735466cecf":"00000000-0000-06a9-ffff-ffff00000051"},{"ELEMENT":"00000000-0000-06a9-ffff-ffff00000059","element-6066-11e4-a52e-4f735466cecf":"00000000-0000-06a9-ffff-ffff00000059"}]}
&amp#27;[38;5;131m[8610fbec]&amp#27;[0m&amp#27;[38;5;2m[AndroidUiautomator2Driver@27a9]&amp#27;[0m Responding to client with driver.findElements() result: [{"element-6066-11e4-a52e-4f735466cecf":"00000000-0000-06a9-ffff-ffff00000051","ELEMENT":"00000000-0000-06a9-ffff-ffff00000051"},{"element-6066-11e4-a52e-4f735466cecf":"00000000-0000-06a9-ffff-ffff00000059","ELEMENT":"00000000-0000-06a9-ffff-ffff00000059"}]
&amp#27;[38;5;131m[8610fbec]&amp#27;[0m&amp#27;[38;5;86m[HTTP]&amp#27;[0m &amp#27;[37m<-- POST /session/8610fbec-12ad-4ee0-9bff-ae8a5c54b196/elements &amp#27;[39m&amp#27;[32m200&amp#27;[39m &amp#27;[90m637 ms - 267&amp#27;[39m &amp#27;[90m&amp#27;[39m
&amp#27;[38;5;131m[8610fbec]&amp#27;[0m&amp#27;[38;5;86m[HTTP]&amp#27;[0m &amp#27;[37m-->&amp#27;[39m &amp#27;[37mGET&amp#27;[39m &amp#27;[37m/session/8610fbec-12ad-4ee0-9bff-ae8a5c54b196/context&amp#27;[39m &amp#27;[90m{}&amp#27;[39m
&amp#27;[38;5;131m[8610fbec]&amp#27;[0m&amp#27;[38;5;2m[AndroidUiautomator2Driver@27a9]&amp#27;[0m Calling AppiumDriver.getCurrentContext() with args: ["8610fbec-12ad-4ee0-9bff-ae8a5c54b196"]
&amp#27;[38;5;131m[8610fbec]&amp#27;[0m&amp#27;[38;5;2m[AndroidUiautomator2Driver@27a9]&amp#27;[0m Responding to client with driver.getCurrentContext() result: "NATIVE_APP"
&amp#27;[38;5;131m[8610fbec]&amp#27;[0m&amp#27;[38;5;86m[HTTP]&amp#27;[0m &amp#27;[37m<-- GET /session/8610fbec-12ad-4ee0-9bff-ae8a5c54b196/context &amp#27;[39m&amp#27;[32m200&amp#27;[39m &amp#27;[90m1 ms - 22&amp#27;[39m &amp#27;[90m&amp#27;[39m
&amp#27;[38;5;131m[8610fbec]&amp#27;[0m&amp#27;[38;5;86m[HTTP]&amp#27;[0m &amp#27;[37m-->&amp#27;[39m &amp#27;[37mPOST&amp#27;[39m &amp#27;[37m/session/8610fbec-12ad-4ee0-9bff-ae8a5c54b196/elements&amp#27;[39m &amp#27;[90m{"using":"xpath","value":"//android.widget.TextView[@text='ADD TO CART']"}&amp#27;[39m
&amp#27;[38;5;131m[8610fbec]&amp#27;[0m&amp#27;[38;5;2m[AndroidUiautomator2Driver@27a9]&amp#27;[0m Calling AppiumDriver.findElements() with args: ["xpath","//android.widget.TextView[@text='ADD TO CART']","8610fbec-12ad-4ee0-9bff-ae8a5c54b196"]
&amp#27;[38;5;131m[8610fbec]&amp#27;[0m&amp#27;[38;5;2m[AndroidUiautomator2Driver@27a9]&amp#27;[0m Valid locator strategies for this request: xpath, id, class name, accessibility id, css selector, -android uiautomator
&amp#27;[38;5;131m[8610fbec]&amp#27;[0m&amp#27;[38;5;2m[AndroidUiautomator2Driver@27a9]&amp#27;[0m Waiting up to 0 ms for condition
&amp#27;[38;5;131m[8610fbec]&amp#27;[0m&amp#27;[38;5;2m[AndroidUiautomator2Driver@27a9]&amp#27;[0m Matched '/elements' to command name 'findElements'
&amp#27;[38;5;131m[8610fbec]&amp#27;[0m&amp#27;[38;5;2m[AndroidUiautomator2Driver@27a9]&amp#27;[0m Proxying [POST /elements] to [POST http://127.0.0.1:8201/session/ea8ce488-a9cd-4359-871d-3eb2736f6104/elements] with body: {"strategy":"xpath","selector":"//android.widget.TextView[@text='ADD TO CART']","context":"","multiple":true}
&amp#27;[38;5;131m[8610fbec]&amp#27;[0m&amp#27;[38;5;2m[AndroidUiautomator2Driver@27a9]&amp#27;[0m Got response with status 200: {"sessionId":"ea8ce488-a9cd-4359-871d-3eb2736f6104","value":[{"ELEMENT":"00000000-0000-06a9-ffff-ffff00000051","element-6066-11e4-a52e-4f735466cecf":"00000000-0000-06a9-ffff-ffff00000051"},{"ELEMENT":"00000000-0000-06a9-ffff-ffff00000059","element-6066-11e4-a52e-4f735466cecf":"00000000-0000-06a9-ffff-ffff00000059"}]}
&amp#27;[38;5;131m[8610fbec]&amp#27;[0m&amp#27;[38;5;2m[AndroidUiautomator2Driver@27a9]&amp#27;[0m Responding to client with driver.findElements() result: [{"element-6066-11e4-a52e-4f735466cecf":"00000000-0000-06a9-ffff-ffff00000051","ELEMENT":"00000000-0000-06a9-ffff-ffff00000051"},{"element-6066-11e4-a52e-4f735466cecf":"00000000-0000-06a9-ffff-ffff00000059","ELEMENT":"00000000-0000-06a9-ffff-ffff00000059"}]
&amp#27;[38;5;131m[8610fbec]&amp#27;[0m&amp#27;[38;5;86m[HTTP]&amp#27;[0m &amp#27;[37m<-- POST /session/8610fbec-12ad-4ee0-9bff-ae8a5c54b196/elements &amp#27;[39m&amp#27;[32m200&amp#27;[39m &amp#27;[90m95 ms - 267&amp#27;[39m &amp#27;[90m&amp#27;[39m
&amp#27;[38;5;131m[8610fbec]&amp#27;[0m&amp#27;[38;5;86m[HTTP]&amp#27;[0m &amp#27;[37m-->&amp#27;[39m &amp#27;[37mGET&amp#27;[39m &amp#27;[37m/session/8610fbec-12ad-4ee0-9bff-ae8a5c54b196/element/00000000-0000-06a9-ffff-ffff00000051/displayed&amp#27;[39m &amp#27;[90m{}&amp#27;[39m
&amp#27;[38;5;131m[8610fbec]&amp#27;[0m&amp#27;[38;5;2m[AndroidUiautomator2Driver@27a9]&amp#27;[0m Calling AppiumDriver.elementDisplayed() with args: ["00000000-0000-06a9-ffff-ffff00000051","8610fbec-12ad-4ee0-9bff-ae8a5c54b196"]
&amp#27;[38;5;131m[8610fbec]&amp#27;[0m&amp#27;[38;5;2m[AndroidUiautomator2Driver@27a9]&amp#27;[0m Matched '/element/00000000-0000-06a9-ffff-ffff00000051/attribute/displayed' to command name 'getAttribute'
&amp#27;[38;5;131m[8610fbec]&amp#27;[0m&amp#27;[38;5;2m[AndroidUiautomator2Driver@27a9]&amp#27;[0m Proxying [GET /element/00000000-0000-06a9-ffff-ffff00000051/attribute/displayed] to [GET http://127.0.0.1:8201/session/ea8ce488-a9cd-4359-871d-3eb2736f6104/element/00000000-0000-06a9-ffff-ffff00000051/attribute/displayed] with no body
&amp#27;[38;5;131m[8610fbec]&amp#27;[0m&amp#27;[38;5;2m[AndroidUiautomator2Driver@27a9]&amp#27;[0m Got response with status 200: {"sessionId":"ea8ce488-a9cd-4359-871d-3eb2736f6104","value":"true"}
&amp#27;[38;5;131m[8610fbec]&amp#27;[0m&amp#27;[38;5;2m[AndroidUiautomator2Driver@27a9]&amp#27;[0m Responding to client with driver.elementDisplayed() result: true
&amp#27;[38;5;131m[8610fbec]&amp#27;[0m&amp#27;[38;5;86m[HTTP]&amp#27;[0m &amp#27;[37m<-- GET /session/8610fbec-12ad-4ee0-9bff-ae8a5c54b196/element/00000000-0000-06a9-ffff-ffff00000051/displayed &amp#27;[39m&amp#27;[32m200&amp#27;[39m &amp#27;[90m16 ms - 14&amp#27;[39m &amp#27;[90m&amp#27;[39m
&amp#27;[38;5;131m[8610fbec]&amp#27;[0m&amp#27;[38;5;86m[HTTP]&amp#27;[0m &amp#27;[37m-->&amp#27;[39m &amp#27;[37mPOST&amp#27;[39m &amp#27;[37m/session/8610fbec-12ad-4ee0-9bff-ae8a5c54b196/element/00000000-0000-06a9-ffff-ffff00000051/click&amp#27;[39m &amp#27;[90m{"id":"00000000-0000-06a9-ffff-ffff00000051"}&amp#27;[39m
&amp#27;[38;5;131m[8610fbec]&amp#27;[0m&amp#27;[38;5;2m[AndroidUiautomator2Driver@27a9]&amp#27;[0m Calling AppiumDriver.click() with args: ["00000000-0000-06a9-ffff-ffff00000051","8610fbec-12ad-4ee0-9bff-ae8a5c54b196"]
&amp#27;[38;5;131m[8610fbec]&amp#27;[0m&amp#27;[38;5;2m[AndroidUiautomator2Driver@27a9]&amp#27;[0m Matched '/element/00000000-0000-06a9-ffff-ffff00000051/click' to command name 'click'
&amp#27;[38;5;131m[8610fbec]&amp#27;[0m&amp#27;[38;5;2m[AndroidUiautomator2Driver@27a9]&amp#27;[0m Proxying [POST /element/00000000-0000-06a9-ffff-ffff00000051/click] to [POST http://127.0.0.1:8201/session/ea8ce488-a9cd-4359-871d-3eb2736f6104/element/00000000-0000-06a9-ffff-ffff00000051/click] with body: {"element":"00000000-0000-06a9-ffff-ffff00000051"}
&amp#27;[38;5;131m[8610fbec]&amp#27;[0m&amp#27;[38;5;2m[AndroidUiautomator2Driver@27a9]&amp#27;[0m Got response with status 200: {"sessionId":"ea8ce488-a9cd-4359-871d-3eb2736f6104","value":null}
&amp#27;[38;5;131m[8610fbec]&amp#27;[0m&amp#27;[38;5;2m[AndroidUiautomator2Driver@27a9]&amp#27;[0m Responding to client with driver.click() result: null
&amp#27;[38;5;131m[8610fbec]&amp#27;[0m&amp#27;[38;5;86m[HTTP]&amp#27;[0m &amp#27;[37m<-- POST /session/8610fbec-12ad-4ee0-9bff-ae8a5c54b196/element/00000000-0000-06a9-ffff-ffff00000051/click &amp#27;[39m&amp#27;[32m200&amp#27;[39m &amp#27;[90m547 ms - 14&amp#27;[39m &amp#27;[90m&amp#27;[39m
&amp#27;[38;5;131m[8610fbec]&amp#27;[0m&amp#27;[38;5;86m[HTTP]&amp#27;[0m &amp#27;[37m-->&amp#27;[39m &amp#27;[37mGET&amp#27;[39m &amp#27;[37m/session/8610fbec-12ad-4ee0-9bff-ae8a5c54b196/context&amp#27;[39m &amp#27;[90m{}&amp#27;[39m
&amp#27;[38;5;131m[8610fbec]&amp#27;[0m&amp#27;[38;5;2m[AndroidUiautomator2Driver@27a9]&amp#27;[0m Calling AppiumDriver.getCurrentContext() with args: ["8610fbec-12ad-4ee0-9bff-ae8a5c54b196"]
&amp#27;[38;5;131m[8610fbec]&amp#27;[0m&amp#27;[38;5;2m[AndroidUiautomator2Driver@27a9]&amp#27;[0m Responding to client with driver.getCurrentContext() result: "NATIVE_APP"
&amp#27;[38;5;131m[8610fbec]&amp#27;[0m&amp#27;[38;5;86m[HTTP]&amp#27;[0m &amp#27;[37m<-- GET /session/8610fbec-12ad-4ee0-9bff-ae8a5c54b196/context &amp#27;[39m&amp#27;[32m200&amp#27;[39m &amp#27;[90m1 ms - 22&amp#27;[39m &amp#27;[90m&amp#27;[39m
&amp#27;[38;5;131m[8610fbec]&amp#27;[0m&amp#27;[38;5;86m[HTTP]&amp#27;[0m &amp#27;[37m-->&amp#27;[39m &amp#27;[37mPOST&amp#27;[39m &amp#27;[37m/session/8610fbec-12ad-4ee0-9bff-ae8a5c54b196/element&amp#27;[39m &amp#27;[90m{"using":"id","value":"com.androidsample.generalstore:id/appbar_btn_cart"}&amp#27;[39m
&amp#27;[38;5;131m[8610fbec]&amp#27;[0m&amp#27;[38;5;2m[AndroidUiautomator2Driver@27a9]&amp#27;[0m Calling AppiumDriver.findElement() with args: ["id","com.androidsample.generalstore:id/appbar_btn_cart","8610fbec-12ad-4ee0-9bff-ae8a5c54b196"]
&amp#27;[38;5;131m[8610fbec]&amp#27;[0m&amp#27;[38;5;2m[AndroidUiautomator2Driver@27a9]&amp#27;[0m Valid locator strategies for this request: xpath, id, class name, accessibility id, css selector, -android uiautomator
&amp#27;[38;5;131m[8610fbec]&amp#27;[0m&amp#27;[38;5;2m[AndroidUiautomator2Driver@27a9]&amp#27;[0m Waiting up to 0 ms for condition
&amp#27;[38;5;131m[8610fbec]&amp#27;[0m&amp#27;[38;5;2m[AndroidUiautomator2Driver@27a9]&amp#27;[0m Matched '/element' to command name 'findElement'
&amp#27;[38;5;131m[8610fbec]&amp#27;[0m&amp#27;[38;5;2m[AndroidUiautomator2Driver@27a9]&amp#27;[0m Proxying [POST /element] to [POST http://127.0.0.1:8201/session/ea8ce488-a9cd-4359-871d-3eb2736f6104/element] with body: {"strategy":"id","selector":"com.androidsample.generalstore:id/appbar_btn_cart","context":"","multiple":false}
&amp#27;[38;5;131m[8610fbec]&amp#27;[0m&amp#27;[38;5;2m[AndroidUiautomator2Driver@27a9]&amp#27;[0m Got response with status 200: {"sessionId":"ea8ce488-a9cd-4359-871d-3eb2736f6104","value":{"ELEMENT":"00000000-0000-06a9-ffff-ffff00000044","element-6066-11e4-a52e-4f735466cecf":"00000000-0000-06a9-ffff-ffff00000044"}}
&amp#27;[38;5;131m[8610fbec]&amp#27;[0m&amp#27;[38;5;2m[AndroidUiautomator2Driver@27a9]&amp#27;[0m Responding to client with driver.findElement() result: {"element-6066-11e4-a52e-4f735466cecf":"00000000-0000-06a9-ffff-ffff00000044","ELEMENT":"00000000-0000-06a9-ffff-ffff00000044"}
&amp#27;[38;5;131m[8610fbec]&amp#27;[0m&amp#27;[38;5;86m[HTTP]&amp#27;[0m &amp#27;[37m<-- POST /session/8610fbec-12ad-4ee0-9bff-ae8a5c54b196/element &amp#27;[39m&amp#27;[32m200&amp#27;[39m &amp#27;[90m28 ms - 137&amp#27;[39m &amp#27;[90m&amp#27;[39m
&amp#27;[38;5;131m[8610fbec]&amp#27;[0m&amp#27;[38;5;86m[HTTP]&amp#27;[0m &amp#27;[37m-->&amp#27;[39m &amp#27;[37mGET&amp#27;[39m &amp#27;[37m/session/8610fbec-12ad-4ee0-9bff-ae8a5c54b196/element/00000000-0000-06a9-ffff-ffff00000044/displayed&amp#27;[39m &amp#27;[90m{}&amp#27;[39m
&amp#27;[38;5;131m[8610fbec]&amp#27;[0m&amp#27;[38;5;2m[AndroidUiautomator2Driver@27a9]&amp#27;[0m Calling AppiumDriver.elementDisplayed() with args: ["00000000-0000-06a9-ffff-ffff00000044","8610fbec-12ad-4ee0-9bff-ae8a5c54b196"]
&amp#27;[38;5;131m[8610fbec]&amp#27;[0m&amp#27;[38;5;2m[AndroidUiautomator2Driver@27a9]&amp#27;[0m Matched '/element/00000000-0000-06a9-ffff-ffff00000044/attribute/displayed' to command name 'getAttribute'
&amp#27;[38;5;131m[8610fbec]&amp#27;[0m&amp#27;[38;5;2m[AndroidUiautomator2Driver@27a9]&amp#27;[0m Proxying [GET /element/00000000-0000-06a9-ffff-ffff00000044/attribute/displayed] to [GET http://127.0.0.1:8201/session/ea8ce488-a9cd-4359-871d-3eb2736f6104/element/00000000-0000-06a9-ffff-ffff00000044/attribute/displayed] with no body
&amp#27;[38;5;131m[8610fbec]&amp#27;[0m&amp#27;[38;5;2m[AndroidUiautomator2Driver@27a9]&amp#27;[0m Got response with status 200: {"sessionId":"ea8ce488-a9cd-4359-871d-3eb2736f6104","value":"true"}
&amp#27;[38;5;131m[8610fbec]&amp#27;[0m&amp#27;[38;5;2m[AndroidUiautomator2Driver@27a9]&amp#27;[0m Responding to client with driver.elementDisplayed() result: true
&amp#27;[38;5;131m[8610fbec]&amp#27;[0m&amp#27;[38;5;86m[HTTP]&amp#27;[0m &amp#27;[37m<-- GET /session/8610fbec-12ad-4ee0-9bff-ae8a5c54b196/element/00000000-0000-06a9-ffff-ffff00000044/displayed &amp#27;[39m&amp#27;[32m200&amp#27;[39m &amp#27;[90m17 ms - 14&amp#27;[39m &amp#27;[90m&amp#27;[39m
&amp#27;[38;5;131m[8610fbec]&amp#27;[0m&amp#27;[38;5;86m[HTTP]&amp#27;[0m &amp#27;[37m-->&amp#27;[39m &amp#27;[37mGET&amp#27;[39m &amp#27;[37m/session/8610fbec-12ad-4ee0-9bff-ae8a5c54b196/context&amp#27;[39m &amp#27;[90m{}&amp#27;[39m
&amp#27;[38;5;131m[8610fbec]&amp#27;[0m&amp#27;[38;5;2m[AndroidUiautomator2Driver@27a9]&amp#27;[0m Calling AppiumDriver.getCurrentContext() with args: ["8610fbec-12ad-4ee0-9bff-ae8a5c54b196"]
&amp#27;[38;5;131m[8610fbec]&amp#27;[0m&amp#27;[38;5;2m[AndroidUiautomator2Driver@27a9]&amp#27;[0m Responding to client with driver.getCurrentContext() result: "NATIVE_APP"
&amp#27;[38;5;131m[8610fbec]&amp#27;[0m&amp#27;[38;5;86m[HTTP]&amp#27;[0m &amp#27;[37m<-- GET /session/8610fbec-12ad-4ee0-9bff-ae8a5c54b196/context &amp#27;[39m&amp#27;[32m200&amp#27;[39m &amp#27;[90m1 ms - 22&amp#27;[39m &amp#27;[90m&amp#27;[39m
&amp#27;[38;5;131m[8610fbec]&amp#27;[0m&amp#27;[38;5;86m[HTTP]&amp#27;[0m &amp#27;[37m-->&amp#27;[39m &amp#27;[37mPOST&amp#27;[39m &amp#27;[37m/session/8610fbec-12ad-4ee0-9bff-ae8a5c54b196/element&amp#27;[39m &amp#27;[90m{"using":"id","value":"com.androidsample.generalstore:id/appbar_btn_cart"}&amp#27;[39m
&amp#27;[38;5;131m[8610fbec]&amp#27;[0m&amp#27;[38;5;2m[AndroidUiautomator2Driver@27a9]&amp#27;[0m Calling AppiumDriver.findElement() with args: ["id","com.androidsample.generalstore:id/appbar_btn_cart","8610fbec-12ad-4ee0-9bff-ae8a5c54b196"]
&amp#27;[38;5;131m[8610fbec]&amp#27;[0m&amp#27;[38;5;2m[AndroidUiautomator2Driver@27a9]&amp#27;[0m Valid locator strategies for this request: xpath, id, class name, accessibility id, css selector, -android uiautomator
&amp#27;[38;5;131m[8610fbec]&amp#27;[0m&amp#27;[38;5;2m[AndroidUiautomator2Driver@27a9]&amp#27;[0m Waiting up to 0 ms for condition
&amp#27;[38;5;131m[8610fbec]&amp#27;[0m&amp#27;[38;5;2m[AndroidUiautomator2Driver@27a9]&amp#27;[0m Matched '/element' to command name 'findElement'
&amp#27;[38;5;131m[8610fbec]&amp#27;[0m&amp#27;[38;5;2m[AndroidUiautomator2Driver@27a9]&amp#27;[0m Proxying [POST /element] to [POST http://127.0.0.1:8201/session/ea8ce488-a9cd-4359-871d-3eb2736f6104/element] with body: {"strategy":"id","selector":"com.androidsample.generalstore:id/appbar_btn_cart","context":"","multiple":false}
&amp#27;[38;5;131m[8610fbec]&amp#27;[0m&amp#27;[38;5;2m[AndroidUiautomator2Driver@27a9]&amp#27;[0m Got response with status 200: {"sessionId":"ea8ce488-a9cd-4359-871d-3eb2736f6104","value":{"ELEMENT":"00000000-0000-06a9-ffff-ffff00000044","element-6066-11e4-a52e-4f735466cecf":"00000000-0000-06a9-ffff-ffff00000044"}}
&amp#27;[38;5;131m[8610fbec]&amp#27;[0m&amp#27;[38;5;2m[AndroidUiautomator2Driver@27a9]&amp#27;[0m Responding to client with driver.findElement() result: {"element-6066-11e4-a52e-4f735466cecf":"00000000-0000-06a9-ffff-ffff00000044","ELEMENT":"00000000-0000-06a9-ffff-ffff00000044"}
&amp#27;[38;5;131m[8610fbec]&amp#27;[0m&amp#27;[38;5;86m[HTTP]&amp#27;[0m &amp#27;[37m<-- POST /session/8610fbec-12ad-4ee0-9bff-ae8a5c54b196/element &amp#27;[39m&amp#27;[32m200&amp#27;[39m &amp#27;[90m24 ms - 137&amp#27;[39m &amp#27;[90m&amp#27;[39m
&amp#27;[38;5;131m[8610fbec]&amp#27;[0m&amp#27;[38;5;86m[HTTP]&amp#27;[0m &amp#27;[37m-->&amp#27;[39m &amp#27;[37mPOST&amp#27;[39m &amp#27;[37m/session/8610fbec-12ad-4ee0-9bff-ae8a5c54b196/element/00000000-0000-06a9-ffff-ffff00000044/click&amp#27;[39m &amp#27;[90m{"id":"00000000-0000-06a9-ffff-ffff00000044"}&amp#27;[39m
&amp#27;[38;5;131m[8610fbec]&amp#27;[0m&amp#27;[38;5;2m[AndroidUiautomator2Driver@27a9]&amp#27;[0m Calling AppiumDriver.click() with args: ["00000000-0000-06a9-ffff-ffff00000044","8610fbec-12ad-4ee0-9bff-ae8a5c54b196"]
&amp#27;[38;5;131m[8610fbec]&amp#27;[0m&amp#27;[38;5;2m[AndroidUiautomator2Driver@27a9]&amp#27;[0m Matched '/element/00000000-0000-06a9-ffff-ffff00000044/click' to command name 'click'
&amp#27;[38;5;131m[8610fbec]&amp#27;[0m&amp#27;[38;5;2m[AndroidUiautomator2Driver@27a9]&amp#27;[0m Proxying [POST /element/00000000-0000-06a9-ffff-ffff00000044/click] to [POST http://127.0.0.1:8201/session/ea8ce488-a9cd-4359-871d-3eb2736f6104/element/00000000-0000-06a9-ffff-ffff00000044/click] with body: {"element":"00000000-0000-06a9-ffff-ffff00000044"}
&amp#27;[38;5;131m[8610fbec]&amp#27;[0m&amp#27;[38;5;2m[AndroidUiautomator2Driver@27a9]&amp#27;[0m Got response with status 200: {"sessionId":"ea8ce488-a9cd-4359-871d-3eb2736f6104","value":null}
&amp#27;[38;5;131m[8610fbec]&amp#27;[0m&amp#27;[38;5;2m[AndroidUiautomator2Driver@27a9]&amp#27;[0m Responding to client with driver.click() result: null
&amp#27;[38;5;131m[8610fbec]&amp#27;[0m&amp#27;[38;5;86m[HTTP]&amp#27;[0m &amp#27;[37m<-- POST /session/8610fbec-12ad-4ee0-9bff-ae8a5c54b196/element/00000000-0000-06a9-ffff-ffff00000044/click &amp#27;[39m&amp#27;[32m200&amp#27;[39m &amp#27;[90m1614 ms - 14&amp#27;[39m &amp#27;[90m&amp#27;[39m
&amp#27;[38;5;131m[8610fbec]&amp#27;[0m&amp#27;[38;5;86m[HTTP]&amp#27;[0m &amp#27;[37m-->&amp#27;[39m &amp#27;[37mGET&amp#27;[39m &amp#27;[37m/session/8610fbec-12ad-4ee0-9bff-ae8a5c54b196/context&amp#27;[39m &amp#27;[90m{}&amp#27;[39m
&amp#27;[38;5;131m[8610fbec]&amp#27;[0m&amp#27;[38;5;2m[AndroidUiautomator2Driver@27a9]&amp#27;[0m Calling AppiumDriver.getCurrentContext() with args: ["8610fbec-12ad-4ee0-9bff-ae8a5c54b196"]
&amp#27;[38;5;131m[8610fbec]&amp#27;[0m&amp#27;[38;5;2m[AndroidUiautomator2Driver@27a9]&amp#27;[0m Responding to client with driver.getCurrentContext() result: "NATIVE_APP"
&amp#27;[38;5;131m[8610fbec]&amp#27;[0m&amp#27;[38;5;86m[HTTP]&amp#27;[0m &amp#27;[37m<-- GET /session/8610fbec-12ad-4ee0-9bff-ae8a5c54b196/context &amp#27;[39m&amp#27;[32m200&amp#27;[39m &amp#27;[90m2 ms - 22&amp#27;[39m &amp#27;[90m&amp#27;[39m
&amp#27;[38;5;131m[8610fbec]&amp#27;[0m&amp#27;[38;5;86m[HTTP]&amp#27;[0m &amp#27;[37m-->&amp#27;[39m &amp#27;[37mPOST&amp#27;[39m &amp#27;[37m/session/8610fbec-12ad-4ee0-9bff-ae8a5c54b196/element&amp#27;[39m &amp#27;[90m{"using":"xpath","value":"//android.widget.TextView[@resource-id='com.androidsample.generalstore:id/productPrice']"}&amp#27;[39m
&amp#27;[38;5;131m[8610fbec]&amp#27;[0m&amp#27;[38;5;2m[AndroidUiautomator2Driver@27a9]&amp#27;[0m Calling AppiumDriver.findElement() with args: ["xpath","//android.widget.TextView[@resource-id='com.androidsample.generalstore:id/productPrice']","8610fbec-12ad-4ee0-9bff-ae8a5c54b196"]
&amp#27;[38;5;131m[8610fbec]&amp#27;[0m&amp#27;[38;5;2m[AndroidUiautomator2Driver@27a9]&amp#27;[0m Valid locator strategies for this request: xpath, id, class name, accessibility id, css selector, -android uiautomator
&amp#27;[38;5;131m[8610fbec]&amp#27;[0m&amp#27;[38;5;2m[AndroidUiautomator2Driver@27a9]&amp#27;[0m Waiting up to 0 ms for condition
&amp#27;[38;5;131m[8610fbec]&amp#27;[0m&amp#27;[38;5;2m[AndroidUiautomator2Driver@27a9]&amp#27;[0m Matched '/element' to command name 'findElement'
&amp#27;[38;5;131m[8610fbec]&amp#27;[0m&amp#27;[38;5;2m[AndroidUiautomator2Driver@27a9]&amp#27;[0m Proxying [POST /element] to [POST http://127.0.0.1:8201/session/ea8ce488-a9cd-4359-871d-3eb2736f6104/element] with body: {"strategy":"xpath","selector":"//android.widget.TextView[@resource-id='com.androidsample.generalstore:id/productPrice']","context":"","multiple":false}
&amp#27;[38;5;131m[8610fbec]&amp#27;[0m&amp#27;[38;5;2m[AndroidUiautomator2Driver@27a9]&amp#27;[0m Got response with status 200: {"sessionId":"ea8ce488-a9cd-4359-871d-3eb2736f6104","value":{"ELEMENT":"00000000-0000-06aa-ffff-ffff00000086","element-6066-11e4-a52e-4f735466cecf":"00000000-0000-06aa-ffff-ffff00000086"}}
&amp#27;[38;5;131m[8610fbec]&amp#27;[0m&amp#27;[38;5;2m[AndroidUiautomator2Driver@27a9]&amp#27;[0m Responding to client with driver.findElement() result: {"element-6066-11e4-a52e-4f735466cecf":"00000000-0000-06aa-ffff-ffff00000086","ELEMENT":"00000000-0000-06aa-ffff-ffff00000086"}
&amp#27;[38;5;131m[8610fbec]&amp#27;[0m&amp#27;[38;5;86m[HTTP]&amp#27;[0m &amp#27;[37m<-- POST /session/8610fbec-12ad-4ee0-9bff-ae8a5c54b196/element &amp#27;[39m&amp#27;[32m200&amp#27;[39m &amp#27;[90m79 ms - 137&amp#27;[39m &amp#27;[90m&amp#27;[39m
&amp#27;[38;5;131m[8610fbec]&amp#27;[0m&amp#27;[38;5;86m[HTTP]&amp#27;[0m &amp#27;[37m-->&amp#27;[39m &amp#27;[37mGET&amp#27;[39m &amp#27;[37m/session/8610fbec-12ad-4ee0-9bff-ae8a5c54b196/element/00000000-0000-06aa-ffff-ffff00000086/displayed&amp#27;[39m &amp#27;[90m{}&amp#27;[39m
&amp#27;[38;5;131m[8610fbec]&amp#27;[0m&amp#27;[38;5;2m[AndroidUiautomator2Driver@27a9]&amp#27;[0m Calling AppiumDriver.elementDisplayed() with args: ["00000000-0000-06aa-ffff-ffff00000086","8610fbec-12ad-4ee0-9bff-ae8a5c54b196"]
&amp#27;[38;5;131m[8610fbec]&amp#27;[0m&amp#27;[38;5;2m[AndroidUiautomator2Driver@27a9]&amp#27;[0m Matched '/element/00000000-0000-06aa-ffff-ffff00000086/attribute/displayed' to command name 'getAttribute'
&amp#27;[38;5;131m[8610fbec]&amp#27;[0m&amp#27;[38;5;2m[AndroidUiautomator2Driver@27a9]&amp#27;[0m Proxying [GET /element/00000000-0000-06aa-ffff-ffff00000086/attribute/displayed] to [GET http://127.0.0.1:8201/session/ea8ce488-a9cd-4359-871d-3eb2736f6104/element/00000000-0000-06aa-ffff-ffff00000086/attribute/displayed] with no body
&amp#27;[38;5;131m[8610fbec]&amp#27;[0m&amp#27;[38;5;2m[AndroidUiautomator2Driver@27a9]&amp#27;[0m Got response with status 200: {"sessionId":"ea8ce488-a9cd-4359-871d-3eb2736f6104","value":"true"}
&amp#27;[38;5;131m[8610fbec]&amp#27;[0m&amp#27;[38;5;2m[AndroidUiautomator2Driver@27a9]&amp#27;[0m Responding to client with driver.elementDisplayed() result: true
&amp#27;[38;5;131m[8610fbec]&amp#27;[0m&amp#27;[38;5;86m[HTTP]&amp#27;[0m &amp#27;[37m<-- GET /session/8610fbec-12ad-4ee0-9bff-ae8a5c54b196/element/00000000-0000-06aa-ffff-ffff00000086/displayed &amp#27;[39m&amp#27;[32m200&amp#27;[39m &amp#27;[90m15 ms - 14&amp#27;[39m &amp#27;[90m&amp#27;[39m
&amp#27;[38;5;131m[8610fbec]&amp#27;[0m&amp#27;[38;5;86m[HTTP]&amp#27;[0m &amp#27;[37m-->&amp#27;[39m &amp#27;[37mGET&amp#27;[39m &amp#27;[37m/session/8610fbec-12ad-4ee0-9bff-ae8a5c54b196/context&amp#27;[39m &amp#27;[90m{}&amp#27;[39m
&amp#27;[38;5;131m[8610fbec]&amp#27;[0m&amp#27;[38;5;2m[AndroidUiautomator2Driver@27a9]&amp#27;[0m Calling AppiumDriver.getCurrentContext() with args: ["8610fbec-12ad-4ee0-9bff-ae8a5c54b196"]
&amp#27;[38;5;131m[8610fbec]&amp#27;[0m&amp#27;[38;5;2m[AndroidUiautomator2Driver@27a9]&amp#27;[0m Responding to client with driver.getCurrentContext() result: "NATIVE_APP"
&amp#27;[38;5;131m[8610fbec]&amp#27;[0m&amp#27;[38;5;86m[HTTP]&amp#27;[0m &amp#27;[37m<-- GET /session/8610fbec-12ad-4ee0-9bff-ae8a5c54b196/context &amp#27;[39m&amp#27;[32m200&amp#27;[39m &amp#27;[90m1 ms - 22&amp#27;[39m &amp#27;[90m&amp#27;[39m
&amp#27;[38;5;131m[8610fbec]&amp#27;[0m&amp#27;[38;5;86m[HTTP]&amp#27;[0m &amp#27;[37m-->&amp#27;[39m &amp#27;[37mPOST&amp#27;[39m &amp#27;[37m/session/8610fbec-12ad-4ee0-9bff-ae8a5c54b196/element&amp#27;[39m &amp#27;[90m{"using":"xpath","value":"//android.widget.TextView[@resource-id='com.androidsample.generalstore:id/productPrice']"}&amp#27;[39m
&amp#27;[38;5;131m[8610fbec]&amp#27;[0m&amp#27;[38;5;2m[AndroidUiautomator2Driver@27a9]&amp#27;[0m Calling AppiumDriver.findElement() with args: ["xpath","//android.widget.TextView[@resource-id='com.androidsample.generalstore:id/productPrice']","8610fbec-12ad-4ee0-9bff-ae8a5c54b196"]
&amp#27;[38;5;131m[8610fbec]&amp#27;[0m&amp#27;[38;5;2m[AndroidUiautomator2Driver@27a9]&amp#27;[0m Valid locator strategies for this request: xpath, id, class name, accessibility id, css selector, -android uiautomator
&amp#27;[38;5;131m[8610fbec]&amp#27;[0m&amp#27;[38;5;2m[AndroidUiautomator2Driver@27a9]&amp#27;[0m Waiting up to 0 ms for condition
&amp#27;[38;5;131m[8610fbec]&amp#27;[0m&amp#27;[38;5;2m[AndroidUiautomator2Driver@27a9]&amp#27;[0m Matched '/element' to command name 'findElement'
&amp#27;[38;5;131m[8610fbec]&amp#27;[0m&amp#27;[38;5;2m[AndroidUiautomator2Driver@27a9]&amp#27;[0m Proxying [POST /element] to [POST http://127.0.0.1:8201/session/ea8ce488-a9cd-4359-871d-3eb2736f6104/element] with body: {"strategy":"xpath","selector":"//android.widget.TextView[@resource-id='com.androidsample.generalstore:id/productPrice']","context":"","multiple":false}
&amp#27;[38;5;131m[8610fbec]&amp#27;[0m&amp#27;[38;5;2m[AndroidUiautomator2Driver@27a9]&amp#27;[0m Got response with status 200: {"sessionId":"ea8ce488-a9cd-4359-871d-3eb2736f6104","value":{"ELEMENT":"00000000-0000-06aa-ffff-ffff00000086","element-6066-11e4-a52e-4f735466cecf":"00000000-0000-06aa-ffff-ffff00000086"}}
&amp#27;[38;5;131m[8610fbec]&amp#27;[0m&amp#27;[38;5;2m[AndroidUiautomator2Driver@27a9]&amp#27;[0m Responding to client with driver.findElement() result: {"element-6066-11e4-a52e-4f735466cecf":"00000000-0000-06aa-ffff-ffff00000086","ELEMENT":"00000000-0000-06aa-ffff-ffff00000086"}
&amp#27;[38;5;131m[8610fbec]&amp#27;[0m&amp#27;[38;5;86m[HTTP]&amp#27;[0m &amp#27;[37m<-- POST /session/8610fbec-12ad-4ee0-9bff-ae8a5c54b196/element &amp#27;[39m&amp#27;[32m200&amp#27;[39m &amp#27;[90m78 ms - 137&amp#27;[39m &amp#27;[90m&amp#27;[39m
&amp#27;[38;5;131m[8610fbec]&amp#27;[0m&amp#27;[38;5;86m[HTTP]&amp#27;[0m &amp#27;[37m-->&amp#27;[39m &amp#27;[37mGET&amp#27;[39m &amp#27;[37m/session/8610fbec-12ad-4ee0-9bff-ae8a5c54b196/element/00000000-0000-06aa-ffff-ffff00000086/displayed&amp#27;[39m &amp#27;[90m{}&amp#27;[39m
&amp#27;[38;5;131m[8610fbec]&amp#27;[0m&amp#27;[38;5;2m[AndroidUiautomator2Driver@27a9]&amp#27;[0m Calling AppiumDriver.elementDisplayed() with args: ["00000000-0000-06aa-ffff-ffff00000086","8610fbec-12ad-4ee0-9bff-ae8a5c54b196"]
&amp#27;[38;5;131m[8610fbec]&amp#27;[0m&amp#27;[38;5;2m[AndroidUiautomator2Driver@27a9]&amp#27;[0m Matched '/element/00000000-0000-06aa-ffff-ffff00000086/attribute/displayed' to command name 'getAttribute'
&amp#27;[38;5;131m[8610fbec]&amp#27;[0m&amp#27;[38;5;2m[AndroidUiautomator2Driver@27a9]&amp#27;[0m Proxying [GET /element/00000000-0000-06aa-ffff-ffff00000086/attribute/displayed] to [GET http://127.0.0.1:8201/session/ea8ce488-a9cd-4359-871d-3eb2736f6104/element/00000000-0000-06aa-ffff-ffff00000086/attribute/displayed] with no body
&amp#27;[38;5;131m[8610fbec]&amp#27;[0m&amp#27;[38;5;2m[AndroidUiautomator2Driver@27a9]&amp#27;[0m Got response with status 200: {"sessionId":"ea8ce488-a9cd-4359-871d-3eb2736f6104","value":"true"}
&amp#27;[38;5;131m[8610fbec]&amp#27;[0m&amp#27;[38;5;2m[AndroidUiautomator2Driver@27a9]&amp#27;[0m Responding to client with driver.elementDisplayed() result: true
&amp#27;[38;5;131m[8610fbec]&amp#27;[0m&amp#27;[38;5;86m[HTTP]&amp#27;[0m &amp#27;[37m<-- GET /session/8610fbec-12ad-4ee0-9bff-ae8a5c54b196/element/00000000-0000-06aa-ffff-ffff00000086/displayed &amp#27;[39m&amp#27;[32m200&amp#27;[39m &amp#27;[90m17 ms - 14&amp#27;[39m &amp#27;[90m&amp#27;[39m
Test Passed: productAmountVerification
]]></system-out>
  </testcase>
  <testcase name="productInCart[{name=Raj, country=Austria, product=Converse All Star, genderFemale=Female, genderMale=Male}](1)" classname="testCases.CartPageTest" time="17.356">
    <system-out><![CDATA[&amp#27;[38;5;131m[8610fbec]&amp#27;[0m&amp#27;[38;5;86m[HTTP]&amp#27;[0m &amp#27;[37m-->&amp#27;[39m &amp#27;[37mDELETE&amp#27;[39m &amp#27;[37m/session/8610fbec-12ad-4ee0-9bff-ae8a5c54b196&amp#27;[39m &amp#27;[90m{}&amp#27;[39m
&amp#27;[38;5;131m[8610fbec]&amp#27;[0m&amp#27;[38;5;2m[AndroidUiautomator2Driver@27a9]&amp#27;[0m Calling AppiumDriver.deleteSession() with args: ["8610fbec-12ad-4ee0-9bff-ae8a5c54b196"]
&amp#27;[38;5;131m[8610fbec]&amp#27;[0m&amp#27;[38;5;216m[AppiumDriver@b7af]&amp#27;[0m Event 'quitSessionRequested' logged at 1744634737683 (18:15:37 GMT+0530 (India Standard Time))
&amp#27;[38;5;131m[8610fbec]&amp#27;[0m&amp#27;[38;5;216m[AppiumDriver@b7af]&amp#27;[0m Removing session 8610fbec-12ad-4ee0-9bff-ae8a5c54b196 from our master session list
&amp#27;[38;5;131m[8610fbec]&amp#27;[0m&amp#27;[38;5;2m[AndroidUiautomator2Driver@27a9]&amp#27;[0m Deleting UiAutomator2 session
&amp#27;[38;5;131m[8610fbec]&amp#27;[0m&amp#27;[38;5;2m[AndroidUiautomator2Driver@27a9]&amp#27;[0m Deleting UiAutomator2 server session
&amp#27;[38;5;131m[8610fbec]&amp#27;[0m&amp#27;[38;5;2m[AndroidUiautomator2Driver@27a9]&amp#27;[0m Matched '/' to command name 'deleteSession'
&amp#27;[38;5;131m[8610fbec]&amp#27;[0m&amp#27;[38;5;2m[AndroidUiautomator2Driver@27a9]&amp#27;[0m Proxying [DELETE /] to [DELETE http://127.0.0.1:8201/session/ea8ce488-a9cd-4359-871d-3eb2736f6104] with no body
&amp#27;[38;5;131m[8610fbec]&amp#27;[0m&amp#27;[38;5;2m[AndroidUiautomator2Driver@27a9]&amp#27;[0m Got response with status 200: {"sessionId":"ea8ce488-a9cd-4359-871d-3eb2736f6104","value":null}
&amp#27;[38;5;131m[8610fbec]&amp#27;[0m&amp#27;[38;5;2m[AndroidUiautomator2Driver@27a9]&amp#27;[0m [Instrumentation] io.appium.uiautomator2.server.test.AppiumUiAutomator2Server:
&amp#27;[38;5;131m[8610fbec]&amp#27;[0m&amp#27;[38;5;2m[AndroidUiautomator2Driver@27a9]&amp#27;[0m [Instrumentation] The process has exited with code null, signal SIGTERM
&amp#27;[38;5;131m[8610fbec]&amp#27;[0m&amp#27;[38;5;229m[ADB]&amp#27;[0m Running 'C:\Users\User1\AppData\Local\Android\Sdk\platform-tools\adb.exe -P 5037 -s emulator-5554 shell dumpsys activity services io.appium.settings/.recorder.RecorderService'
&amp#27;[38;5;131m[8610fbec]&amp#27;[0m&amp#27;[38;5;229m[ADB]&amp#27;[0m Running 'C:\Users\User1\AppData\Local\Android\Sdk\platform-tools\adb.exe -P 5037 -s emulator-5554 shell am force-stop com.androidsample.generalstore'
&amp#27;[38;5;131m[8610fbec]&amp#27;[0m&amp#27;[38;5;229m[ADB]&amp#27;[0m Removing forwarded port socket connection: 8201 
&amp#27;[38;5;131m[8610fbec]&amp#27;[0m&amp#27;[38;5;229m[ADB]&amp#27;[0m Running 'C:\Users\User1\AppData\Local\Android\Sdk\platform-tools\adb.exe -P 5037 -s emulator-5554 forward --remove tcp:8201'
&amp#27;[38;5;131m[8610fbec]&amp#27;[0m&amp#27;[38;5;2m[AndroidUiautomator2Driver@27a9]&amp#27;[0m Restoring hidden api policy to the device default configuration
&amp#27;[38;5;131m[8610fbec]&amp#27;[0m&amp#27;[38;5;229m[ADB]&amp#27;[0m Running 'C:\Users\User1\AppData\Local\Android\Sdk\platform-tools\adb.exe -P 5037 -s emulator-5554 shell 'settings delete global hidden_api_policy_pre_p_apps;settings delete global hidden_api_policy_p_apps;settings delete global hidden_api_policy''
&amp#27;[38;5;131m[8610fbec]&amp#27;[0m&amp#27;[38;5;160m[Logcat]&amp#27;[0m Stopping logcat capture
&amp#27;[38;5;131m[8610fbec]&amp#27;[0m&amp#27;[38;5;216m[AppiumDriver@b7af]&amp#27;[0m Event 'quitSessionFinished' logged at 1744634738132 (18:15:38 GMT+0530 (India Standard Time))
&amp#27;[38;5;131m[8610fbec]&amp#27;[0m&amp#27;[38;5;216m[AppiumDriver@b7af]&amp#27;[0m Received response: null
&amp#27;[38;5;131m[8610fbec]&amp#27;[0m&amp#27;[38;5;216m[AppiumDriver@b7af]&amp#27;[0m But deleting session, so not returning
&amp#27;[38;5;131m[8610fbec]&amp#27;[0m&amp#27;[38;5;216m[AppiumDriver@b7af]&amp#27;[0m Responding to client with driver.deleteSession() result: null
&amp#27;[38;5;131m[8610fbec]&amp#27;[0m&amp#27;[38;5;86m[HTTP]&amp#27;[0m &amp#27;[37m<-- DELETE /session/8610fbec-12ad-4ee0-9bff-ae8a5c54b196 &amp#27;[39m&amp#27;[32m200&amp#27;[39m &amp#27;[90m451 ms - 14&amp#27;[39m &amp#27;[90m&amp#27;[39m
&amp#27;[38;5;112m[Appium]&amp#27;[0m Welcome to Appium v2.11.5
&amp#27;[38;5;112m[Appium]&amp#27;[0m The autodetected Appium home path: C:\Users\User1\.appium
&amp#27;[38;5;112m[Appium]&amp#27;[0m Attempting to load driver uiautomator2...
&amp#27;[38;5;112m[Appium]&amp#27;[0m Attempting to load driver xcuitest...
&amp#27;[38;5;112m[Appium]&amp#27;[0m Attempting to load driver espresso...
&amp#27;[38;5;112m[Appium]&amp#27;[0m Requiring driver at C:\Users\User1\.appium\node_modules\appium-uiautomator2-driver\build\index.js
&amp#27;[38;5;112m[Appium]&amp#27;[0m Requiring driver at C:\Users\User1\.appium\node_modules\appium-xcuitest-driver\build\index.js
&amp#27;[38;5;112m[Appium]&amp#27;[0m Requiring driver at C:\Users\User1\.appium\node_modules\appium-espresso-driver\build\index.js
&amp#27;[38;5;112m[Appium]&amp#27;[0m AndroidUiautomator2Driver has been successfully loaded in 3.593s
&amp#27;[38;5;112m[Appium]&amp#27;[0m XCUITestDriver has been successfully loaded in 3.593s
&amp#27;[38;5;112m[Appium]&amp#27;[0m EspressoDriver has been successfully loaded in 3.594s
&amp#27;[38;5;112m[Appium]&amp#27;[0m Attempting to load driver gecko...
&amp#27;[38;5;112m[Appium]&amp#27;[0m Requiring driver at C:\Users\User1\.appium\node_modules\appium-geckodriver\build\index.js
&amp#27;[38;5;112m[Appium]&amp#27;[0m GeckoDriver has been successfully loaded in 0.154s
&amp#27;[38;5;112m[Appium]&amp#27;[0m Appium REST http interface listener started on http://0.0.0.0:4723
&amp#27;[38;5;112m[Appium]&amp#27;[0m You can provide the following URLs in your client code to connect to this server:
	http://192.168.0.114:4723/
	http://127.0.0.1:4723/ (only accessible from the same host)
&amp#27;[38;5;112m[Appium]&amp#27;[0m Available drivers:
&amp#27;[38;5;112m[Appium]&amp#27;[0m   - uiautomator2@3.8.0 (automationName 'UiAutomator2')
&amp#27;[38;5;112m[Appium]&amp#27;[0m   - xcuitest@7.27.1 (automationName 'XCUITest')
&amp#27;[38;5;112m[Appium]&amp#27;[0m   - espresso@3.5.0 (automationName 'Espresso')
&amp#27;[38;5;112m[Appium]&amp#27;[0m   - gecko@1.4.0 (automationName 'Gecko')
&amp#27;[38;5;112m[Appium]&amp#27;[0m No plugins have been installed. Use the "appium plugin" command to install the one(s) you want to use.
&amp#27;[38;5;86m[HTTP]&amp#27;[0m &amp#27;[37m-->&amp#27;[39m &amp#27;[37mGET&amp#27;[39m &amp#27;[37m/status&amp#27;[39m &amp#27;[90m{}&amp#27;[39m
&amp#27;[38;5;98m[AppiumDriver@b78c]&amp#27;[0m Calling AppiumDriver.getStatus() with args: []
&amp#27;[38;5;98m[AppiumDriver@b78c]&amp#27;[0m Responding to client with driver.getStatus() result: {"ready":true,"message":"The server is ready to accept new connections","build":{"version":"2.11.5"}}
&amp#27;[38;5;86m[HTTP]&amp#27;[0m &amp#27;[37m<-- GET /status &amp#27;[39m&amp#27;[32m200&amp#27;[39m &amp#27;[90m8 ms - 111&amp#27;[39m &amp#27;[90m&amp#27;[39m
&amp#27;[38;5;86m[HTTP]&amp#27;[0m Request idempotency key: 4fd18c9c-9002-42a9-985b-9438edeac82f
&amp#27;[38;5;86m[HTTP]&amp#27;[0m &amp#27;[37m-->&amp#27;[39m &amp#27;[37mPOST&amp#27;[39m &amp#27;[37m/session&amp#27;[39m &amp#27;[90m{"capabilities":{"firstMatch":[{"appium:chromedriverExecutable":"C://Users//User1//Downloads//chromedriver-win64//chromedriver-win64//chromedriver.exe","appium:deviceName":"Rajemulator","platformName":"ANDROID","appium:automationName":"UIAutomator2","appium:app":"C:\\Users\\User1\\eclipse-workspace\\eCommerceFramework//src//main//resources//General-Store.apk"}]}}&amp#27;[39m
&amp#27;[38;5;98m[AppiumDriver@b78c]&amp#27;[0m Calling AppiumDriver.createSession() with args: [null,null,{"firstMatch":[{"appium:chromedriverExecutable":"C://Users//User1//Downloads//chromedriver-win64//chromedriver-win64//chromedriver.exe","appium:deviceName":"Rajemulator","platformName":"ANDROID","appium:automationName":"UIAutomator2","appium:app":"C:\\Users\\User1\\eclipse-workspace\\eCommerceFramework//src//main//resources//General-Store.apk"}]}]
&amp#27;[38;5;98m[AppiumDriver@b78c]&amp#27;[0m Event 'newSessionRequested' logged at 1744634744209 (18:15:44 GMT+0530 (India Standard Time))
&amp#27;[38;5;112m[Appium]&amp#27;[0m Attempting to find matching driver for automationName 'UIAutomator2' and platformName 'ANDROID'
&amp#27;[38;5;112m[Appium]&amp#27;[0m The 'uiautomator2' driver was installed and matched caps.
&amp#27;[38;5;112m[Appium]&amp#27;[0m Will require it at C:\Users\User1\.appium\node_modules\appium-uiautomator2-driver
&amp#27;[38;5;112m[Appium]&amp#27;[0m Requiring driver at C:\Users\User1\.appium\node_modules\appium-uiautomator2-driver\build\index.js
&amp#27;[38;5;98m[AppiumDriver@b78c]&amp#27;[0m Appium v2.11.5 creating new AndroidUiautomator2Driver (v3.8.0) session
&amp#27;[38;5;98m[AppiumDriver@b78c]&amp#27;[0m Checking BaseDriver versions for Appium and AndroidUiautomator2Driver
&amp#27;[38;5;98m[AppiumDriver@b78c]&amp#27;[0m Appium's BaseDriver version is 9.11.5
&amp#27;[38;5;98m[AppiumDriver@b78c]&amp#27;[0m AndroidUiautomator2Driver's BaseDriver version is 9.11.5
&amp#27;[38;5;-136m[AndroidUiautomator2Driver@d531]&amp#27;[0m 
&amp#27;[38;5;-136m[AndroidUiautomator2Driver@d531]&amp#27;[0m Creating session with W3C capabilities: {
  "alwaysMatch": {
    "platformName": "ANDROID",
    "appium:chromedriverExecutable": "C://Users//User1//Downloads//chromedriver-win64//chromedriver-win64//chromedriver.exe",
    "appium:deviceName": "Rajemulator",
    "appium:automationName": "UIAutomator2",
    "appium:app": "C:\\Users\\User1\\eclipse-workspace\\eCommerceFramework//src//main//resources//General-Store.apk"
  },
  "firstMatch": [
    {}
  ]
}
&amp#27;[38;5;188m[fa87a5a1]&amp#27;[0m&amp#27;[38;5;-136m[AndroidUiautomator2Driver@d531]&amp#27;[0m Session created with session id: fa87a5a1-0712-4028-9a51-08dcff6a111f
&amp#27;[38;5;188m[fa87a5a1]&amp#27;[0m&amp#27;[38;5;229m[ADB]&amp#27;[0m Found 3 'build-tools' folders under 'C:\Users\User1\AppData\Local\Android\Sdk' (newest first):
&amp#27;[38;5;188m[fa87a5a1]&amp#27;[0m&amp#27;[38;5;229m[ADB]&amp#27;[0m     C:\Users\User1\AppData\Local\Android\Sdk\build-tools\36.0.0-rc1
&amp#27;[38;5;188m[fa87a5a1]&amp#27;[0m&amp#27;[38;5;229m[ADB]&amp#27;[0m     C:\Users\User1\AppData\Local\Android\Sdk\build-tools\35.0.0
&amp#27;[38;5;188m[fa87a5a1]&amp#27;[0m&amp#27;[38;5;229m[ADB]&amp#27;[0m     C:\Users\User1\AppData\Local\Android\Sdk\build-tools\34.0.0
&amp#27;[38;5;188m[fa87a5a1]&amp#27;[0m&amp#27;[38;5;229m[ADB]&amp#27;[0m Using 'adb.exe' from 'C:\Users\User1\AppData\Local\Android\Sdk\platform-tools\adb.exe'
&amp#27;[38;5;188m[fa87a5a1]&amp#27;[0m&amp#27;[38;5;229m[ADB]&amp#27;[0m Running 'C:\Users\User1\AppData\Local\Android\Sdk\platform-tools\adb.exe -P 5037 start-server'
&amp#27;[38;5;188m[fa87a5a1]&amp#27;[0m&amp#27;[38;5;-136m[AndroidUiautomator2Driver@d531]&amp#27;[0m Retrieving device list
&amp#27;[38;5;188m[fa87a5a1]&amp#27;[0m&amp#27;[38;5;229m[ADB]&amp#27;[0m Trying to find connected Android devices
&amp#27;[38;5;188m[fa87a5a1]&amp#27;[0m&amp#27;[38;5;229m[ADB]&amp#27;[0m Getting connected devices
&amp#27;[38;5;188m[fa87a5a1]&amp#27;[0m&amp#27;[38;5;229m[ADB]&amp#27;[0m Connected devices: [{"udid":"emulator-5554","state":"device"}]
&amp#27;[38;5;188m[fa87a5a1]&amp#27;[0m&amp#27;[38;5;-136m[AndroidUiautomator2Driver@d531]&amp#27;[0m Using device: emulator-5554
&amp#27;[38;5;188m[fa87a5a1]&amp#27;[0m&amp#27;[38;5;229m[ADB]&amp#27;[0m Using 'adb.exe' from 'C:\Users\User1\AppData\Local\Android\Sdk\platform-tools\adb.exe'
&amp#27;[38;5;188m[fa87a5a1]&amp#27;[0m&amp#27;[38;5;229m[ADB]&amp#27;[0m Running 'C:\Users\User1\AppData\Local\Android\Sdk\platform-tools\adb.exe -P 5037 start-server'
&amp#27;[38;5;188m[fa87a5a1]&amp#27;[0m&amp#27;[38;5;229m[ADB]&amp#27;[0m Setting device id to emulator-5554
&amp#27;[38;5;188m[fa87a5a1]&amp#27;[0m&amp#27;[38;5;123m[BaseDriver]&amp#27;[0m Using local app 'C:\Users\User1\eclipse-workspace\eCommerceFramework//src//main//resources//General-Store.apk'
&amp#27;[38;5;188m[fa87a5a1]&amp#27;[0m&amp#27;[38;5;-136m[AndroidUiautomator2Driver@d531]&amp#27;[0m Checking whether app is actually present
&amp#27;[38;5;188m[fa87a5a1]&amp#27;[0m&amp#27;[38;5;229m[ADB]&amp#27;[0m Running 'C:\Users\User1\AppData\Local\Android\Sdk\platform-tools\adb.exe -P 5037 -s emulator-5554 shell getprop ro.build.version.sdk'
&amp#27;[38;5;188m[fa87a5a1]&amp#27;[0m&amp#27;[38;5;229m[ADB]&amp#27;[0m Current device property 'ro.build.version.sdk': 35
&amp#27;[38;5;188m[fa87a5a1]&amp#27;[0m&amp#27;[38;5;229m[ADB]&amp#27;[0m Getting device platform version
&amp#27;[38;5;188m[fa87a5a1]&amp#27;[0m&amp#27;[38;5;229m[ADB]&amp#27;[0m Running 'C:\Users\User1\AppData\Local\Android\Sdk\platform-tools\adb.exe -P 5037 -s emulator-5554 shell getprop ro.build.version.release'
&amp#27;[38;5;188m[fa87a5a1]&amp#27;[0m&amp#27;[38;5;229m[ADB]&amp#27;[0m Current device property 'ro.build.version.release': 15
&amp#27;[38;5;188m[fa87a5a1]&amp#27;[0m&amp#27;[38;5;229m[ADB]&amp#27;[0m Device API level: 35
&amp#27;[38;5;188m[fa87a5a1]&amp#27;[0m&amp#27;[38;5;-136m[AndroidUiautomator2Driver@d531]&amp#27;[0m Relaxing hidden api policy
&amp#27;[38;5;188m[fa87a5a1]&amp#27;[0m&amp#27;[38;5;229m[ADB]&amp#27;[0m Running 'C:\Users\User1\AppData\Local\Android\Sdk\platform-tools\adb.exe -P 5037 -s emulator-5554 shell 'settings put global hidden_api_policy_pre_p_apps 1;settings put global hidden_api_policy_p_apps 1;settings put global hidden_api_policy 1''
&amp#27;[38;5;188m[fa87a5a1]&amp#27;[0m&amp#27;[38;5;-136m[AndroidUiautomator2Driver@d531]&amp#27;[0m Parsing package and activity from app manifest
&amp#27;[38;5;188m[fa87a5a1]&amp#27;[0m&amp#27;[38;5;229m[ADB]&amp#27;[0m Running 'C:\Users\User1\AppData\Local\Android\Sdk\platform-tools\adb.exe -P 5037 -s emulator-5554 wait-for-device'
&amp#27;[38;5;188m[fa87a5a1]&amp#27;[0m&amp#27;[38;5;229m[ADB]&amp#27;[0m Using 'aapt2.exe' from 'C:\Users\User1\AppData\Local\Android\Sdk\build-tools\36.0.0-rc1\aapt2.exe'
&amp#27;[38;5;188m[fa87a5a1]&amp#27;[0m&amp#27;[38;5;229m[ADB]&amp#27;[0m Reading package manifest: 'C:\\Users\\User1\\AppData\\Local\\Android\\Sdk\\build-tools\\36.0.0-rc1\\aapt2.exe dump badging C:\\Users\\User1\\eclipse-workspace\\eCommerceFramework//src//main//resources//General-Store.apk'
&amp#27;[38;5;188m[fa87a5a1]&amp#27;[0m&amp#27;[38;5;229m[ADB]&amp#27;[0m Running 'C:\Users\User1\AppData\Local\Android\Sdk\platform-tools\adb.exe -P 5037 -s emulator-5554 shell echo ping'
&amp#27;[38;5;188m[fa87a5a1]&amp#27;[0m&amp#27;[38;5;229m[ADB]&amp#27;[0m Package name: 'com.androidsample.generalstore'
&amp#27;[38;5;188m[fa87a5a1]&amp#27;[0m&amp#27;[38;5;229m[ADB]&amp#27;[0m Main activity name: 'com.androidsample.generalstore.SplashActivity'
&amp#27;[38;5;188m[fa87a5a1]&amp#27;[0m&amp#27;[38;5;-136m[AndroidUiautomator2Driver@d531]&amp#27;[0m Parsed package and activity are: com.androidsample.generalstore/com.androidsample.generalstore.SplashActivity
&amp#27;[38;5;188m[fa87a5a1]&amp#27;[0m&amp#27;[38;5;-136m[AndroidUiautomator2Driver@d531]&amp#27;[0m Pushing settings apk to the device...
&amp#27;[38;5;188m[fa87a5a1]&amp#27;[0m&amp#27;[38;5;229m[ADB]&amp#27;[0m Getting package info for 'io.appium.settings'
&amp#27;[38;5;188m[fa87a5a1]&amp#27;[0m&amp#27;[38;5;229m[ADB]&amp#27;[0m Running 'C:\Users\User1\AppData\Local\Android\Sdk\platform-tools\adb.exe -P 5037 -s emulator-5554 shell dumpsys package io.appium.settings'
&amp#27;[38;5;188m[fa87a5a1]&amp#27;[0m&amp#27;[38;5;229m[ADB]&amp#27;[0m Reading package manifest: 'C:\\Users\\User1\\AppData\\Local\\Android\\Sdk\\build-tools\\36.0.0-rc1\\aapt2.exe dump badging C:\\Users\\User1\\.appium\\node_modules\\appium-uiautomator2-driver\\node_modules\\io.appium.settings\\apks\\settings_apk-debug.apk'
&amp#27;[38;5;188m[fa87a5a1]&amp#27;[0m&amp#27;[38;5;229m[ADB]&amp#27;[0m The version name of the installed 'io.appium.settings' is greater or equal to the application version name ('5.12.13' >= '5.12.13')
&amp#27;[38;5;188m[fa87a5a1]&amp#27;[0m&amp#27;[38;5;229m[ADB]&amp#27;[0m There is no need to install/upgrade 'C:\Users\User1\.appium\node_modules\appium-uiautomator2-driver\node_modules\io.appium.settings\apks\settings_apk-debug.apk'
&amp#27;[38;5;188m[fa87a5a1]&amp#27;[0m&amp#27;[38;5;229m[ADB]&amp#27;[0m Running 'C:\Users\User1\AppData\Local\Android\Sdk\platform-tools\adb.exe -P 5037 -s emulator-5554 shell dumpsys activity services io.appium.settings'
&amp#27;[38;5;188m[fa87a5a1]&amp#27;[0m&amp#27;[38;5;-136m[AndroidUiautomator2Driver@d531]&amp#27;[0m io.appium.settings is already running. There is no need to reset its permissions.
&amp#27;[38;5;188m[fa87a5a1]&amp#27;[0m&amp#27;[38;5;160m[Logcat]&amp#27;[0m Starting logs capture with command: C:\\Users\\User1\\AppData\\Local\\Android\\Sdk\\platform-tools\\adb.exe -P 5037 -s emulator-5554 logcat -v threadtime
&amp#27;[38;5;188m[fa87a5a1]&amp#27;[0m&amp#27;[38;5;-136m[AndroidUiautomator2Driver@d531]&amp#27;[0m Forwarding UiAutomator2 Server port 6790 to local port 8201
&amp#27;[38;5;188m[fa87a5a1]&amp#27;[0m&amp#27;[38;5;229m[ADB]&amp#27;[0m Forwarding system: 8201 to device: 6790
&amp#27;[38;5;188m[fa87a5a1]&amp#27;[0m&amp#27;[38;5;229m[ADB]&amp#27;[0m Running 'C:\Users\User1\AppData\Local\Android\Sdk\platform-tools\adb.exe -P 5037 -s emulator-5554 forward tcp:8201 tcp:6790'
&amp#27;[38;5;188m[fa87a5a1]&amp#27;[0m&amp#27;[38;5;229m[ADB]&amp#27;[0m Getting package info for 'io.appium.uiautomator2.server'
&amp#27;[38;5;188m[fa87a5a1]&amp#27;[0m&amp#27;[38;5;229m[ADB]&amp#27;[0m Running 'C:\Users\User1\AppData\Local\Android\Sdk\platform-tools\adb.exe -P 5037 -s emulator-5554 shell dumpsys package io.appium.uiautomator2.server'
&amp#27;[38;5;188m[fa87a5a1]&amp#27;[0m&amp#27;[38;5;229m[ADB]&amp#27;[0m Getting install status for io.appium.uiautomator2.server.test
&amp#27;[38;5;188m[fa87a5a1]&amp#27;[0m&amp#27;[38;5;229m[ADB]&amp#27;[0m Checking app cert for C:\Users\User1\eclipse-workspace\eCommerceFramework//src//main//resources//General-Store.apk
&amp#27;[38;5;188m[fa87a5a1]&amp#27;[0m&amp#27;[38;5;229m[ADB]&amp#27;[0m Running 'C:\Users\User1\AppData\Local\Android\Sdk\platform-tools\adb.exe -P 5037 -s emulator-5554 shell cmd package list packages'
&amp#27;[38;5;188m[fa87a5a1]&amp#27;[0m&amp#27;[38;5;229m[ADB]&amp#27;[0m Using 'apksigner.jar' from 'C:\Users\User1\AppData\Local\Android\Sdk\build-tools\36.0.0-rc1\lib\apksigner.jar'
&amp#27;[38;5;188m[fa87a5a1]&amp#27;[0m&amp#27;[38;5;229m[ADB]&amp#27;[0m Starting apksigner: 'C:\\Program Files\\Java\\jdk-22\\bin\\java.exe' -Xmx1024M -Xss1m -jar C:\\Users\\User1\\AppData\\Local\\Android\\Sdk\\build-tools\\36.0.0-rc1\\lib\\apksigner.jar verify --print-certs C:\\Users\\User1\\eclipse-workspace\\eCommerceFramework//src//main//resources//General-Store.apk
&amp#27;[38;5;188m[fa87a5a1]&amp#27;[0m&amp#27;[38;5;229m[ADB]&amp#27;[0m Reading package manifest: 'C:\\Users\\User1\\AppData\\Local\\Android\\Sdk\\build-tools\\36.0.0-rc1\\aapt2.exe dump badging C:\\Users\\User1\\.appium\\node_modules\\appium-uiautomator2-driver\\node_modules\\appium-uiautomator2-server\\apks\\appium-uiautomator2-server-v7.0.25.apk'
&amp#27;[38;5;188m[fa87a5a1]&amp#27;[0m&amp#27;[38;5;229m[ADB]&amp#27;[0m 'io.appium.uiautomator2.server.test' is installed
&amp#27;[38;5;188m[fa87a5a1]&amp#27;[0m&amp#27;[38;5;229m[ADB]&amp#27;[0m The version name of the installed 'io.appium.uiautomator2.server' is greater or equal to the application version name ('7.0.25' >= '7.0.25')
&amp#27;[38;5;188m[fa87a5a1]&amp#27;[0m&amp#27;[38;5;-136m[AndroidUiautomator2Driver@d531]&amp#27;[0m Server packages status: [{"installState":"sameVersionInstalled","appPath":"C:\\Users\\User1\\.appium\\node_modules\\appium-uiautomator2-driver\\node_modules\\appium-uiautomator2-server\\apks\\appium-uiautomator2-server-v7.0.25.apk","appId":"io.appium.uiautomator2.server"},{"installState":"sameVersionInstalled","appPath":"C:\\Users\\User1\\.appium\\node_modules\\appium-uiautomator2-driver\\node_modules\\appium-uiautomator2-server\\apks\\appium-uiautomator2-server-debug-androidTest.apk","appId":"io.appium.uiautomator2.server.test"}]
&amp#27;[38;5;188m[fa87a5a1]&amp#27;[0m&amp#27;[38;5;-136m[AndroidUiautomator2Driver@d531]&amp#27;[0m Server packages are not going to be (re)installed
&amp#27;[38;5;188m[fa87a5a1]&amp#27;[0m&amp#27;[38;5;-136m[AndroidUiautomator2Driver@d531]&amp#27;[0m Waiting up to 30000ms for services to be available
&amp#27;[38;5;188m[fa87a5a1]&amp#27;[0m&amp#27;[38;5;229m[ADB]&amp#27;[0m Running 'C:\Users\User1\AppData\Local\Android\Sdk\platform-tools\adb.exe -P 5037 -s emulator-5554 shell pm list instrumentation'
&amp#27;[38;5;188m[fa87a5a1]&amp#27;[0m&amp#27;[38;5;-136m[AndroidUiautomator2Driver@d531]&amp#27;[0m Instrumentation target 'io.appium.uiautomator2.server.test/androidx.test.runner.AndroidJUnitRunner' is available
&amp#27;[38;5;188m[fa87a5a1]&amp#27;[0m&amp#27;[38;5;229m[ADB]&amp#27;[0m Adding packages ["io.appium.settings","io.appium.uiautomator2.server","io.appium.uiautomator2.server.test"] to Doze whitelist
&amp#27;[38;5;188m[fa87a5a1]&amp#27;[0m&amp#27;[38;5;229m[ADB]&amp#27;[0m Got the following command chunks to execute: [["dumpsys","deviceidle","whitelist","+io.appium.settings",";","dumpsys","deviceidle","whitelist","+io.appium.uiautomator2.server",";","dumpsys","deviceidle","whitelist","+io.appium.uiautomator2.server.test",";"]]
&amp#27;[38;5;188m[fa87a5a1]&amp#27;[0m&amp#27;[38;5;229m[ADB]&amp#27;[0m Running 'C:\Users\User1\AppData\Local\Android\Sdk\platform-tools\adb.exe -P 5037 -s emulator-5554 shell dumpsys deviceidle whitelist +io.appium.settings ; dumpsys deviceidle whitelist +io.appium.uiautomator2.server ; dumpsys deviceidle whitelist +io.appium.uiautomator2.server.test ;'
&amp#27;[38;5;188m[fa87a5a1]&amp#27;[0m&amp#27;[38;5;229m[ADB]&amp#27;[0m apksigner stdout: Signer #1 certificate DN: C=US, O=Android, CN=Android Debug
Signer #1 certificate SHA-256 digest: f5f5931c019be6bff8a26255f76ae9ef8a8e631d2a702ec10e91110231549eef
Signer #1 certificate SHA-1 digest: b250161db8b5d0a1bd39154c9fd749bdad79c1a3
Signer #1 certificate MD5 digest: 7a5550323d84472ca25a0861c63e0a6c

&amp#27;[38;5;188m[fa87a5a1]&amp#27;[0m&amp#27;[38;5;229m[ADB]&amp#27;[0m 'C:\Users\User1\eclipse-workspace\eCommerceFramework//src//main//resources//General-Store.apk' is signed with a non-default certificate
&amp#27;[38;5;188m[fa87a5a1]&amp#27;[0m&amp#27;[38;5;229m[ADB]&amp#27;[0m Getting package info for 'com.androidsample.generalstore'
&amp#27;[38;5;188m[fa87a5a1]&amp#27;[0m&amp#27;[38;5;229m[ADB]&amp#27;[0m Running 'C:\Users\User1\AppData\Local\Android\Sdk\platform-tools\adb.exe -P 5037 -s emulator-5554 shell dumpsys package com.androidsample.generalstore'
&amp#27;[38;5;188m[fa87a5a1]&amp#27;[0m&amp#27;[38;5;229m[ADB]&amp#27;[0m Reading package manifest: 'C:\\Users\\User1\\AppData\\Local\\Android\\Sdk\\build-tools\\36.0.0-rc1\\aapt2.exe dump badging C:\\Users\\User1\\eclipse-workspace\\eCommerceFramework//src//main//resources//General-Store.apk'
&amp#27;[38;5;188m[fa87a5a1]&amp#27;[0m&amp#27;[38;5;229m[ADB]&amp#27;[0m The version name of the installed 'com.androidsample.generalstore' is greater or equal to the application version name ('1.0.0' >= '1.0.0')
&amp#27;[38;5;188m[fa87a5a1]&amp#27;[0m&amp#27;[38;5;229m[ADB]&amp#27;[0m There is no need to install/upgrade 'C:\Users\User1\eclipse-workspace\eCommerceFramework//src//main//resources//General-Store.apk'
&amp#27;[38;5;188m[fa87a5a1]&amp#27;[0m&amp#27;[38;5;-136m[AndroidUiautomator2Driver@d531]&amp#27;[0m Performing fast reset on 'com.androidsample.generalstore'
&amp#27;[38;5;188m[fa87a5a1]&amp#27;[0m&amp#27;[38;5;229m[ADB]&amp#27;[0m Getting install status for com.androidsample.generalstore
&amp#27;[38;5;188m[fa87a5a1]&amp#27;[0m&amp#27;[38;5;229m[ADB]&amp#27;[0m Running 'C:\Users\User1\AppData\Local\Android\Sdk\platform-tools\adb.exe -P 5037 -s emulator-5554 shell cmd package list packages'
&amp#27;[38;5;188m[fa87a5a1]&amp#27;[0m&amp#27;[38;5;229m[ADB]&amp#27;[0m 'com.androidsample.generalstore' is installed
&amp#27;[38;5;188m[fa87a5a1]&amp#27;[0m&amp#27;[38;5;229m[ADB]&amp#27;[0m Running 'C:\Users\User1\AppData\Local\Android\Sdk\platform-tools\adb.exe -P 5037 -s emulator-5554 shell am force-stop com.androidsample.generalstore'
&amp#27;[38;5;188m[fa87a5a1]&amp#27;[0m&amp#27;[38;5;229m[ADB]&amp#27;[0m Running 'C:\Users\User1\AppData\Local\Android\Sdk\platform-tools\adb.exe -P 5037 -s emulator-5554 shell pm clear com.androidsample.generalstore'
&amp#27;[38;5;188m[fa87a5a1]&amp#27;[0m&amp#27;[38;5;-136m[AndroidUiautomator2Driver@d531]&amp#27;[0m Performed fast reset on the installed 'com.androidsample.generalstore' application (stop and clear)
&amp#27;[38;5;188m[fa87a5a1]&amp#27;[0m&amp#27;[38;5;-136m[AndroidUiautomator2Driver@d531]&amp#27;[0m Performing shallow cleanup of automation leftovers
&amp#27;[38;5;188m[fa87a5a1]&amp#27;[0m&amp#27;[38;5;-136m[AndroidUiautomator2Driver@d531]&amp#27;[0m No obsolete sessions have been detected (socket hang up)
&amp#27;[38;5;188m[fa87a5a1]&amp#27;[0m&amp#27;[38;5;229m[ADB]&amp#27;[0m Running 'C:\Users\User1\AppData\Local\Android\Sdk\platform-tools\adb.exe -P 5037 -s emulator-5554 shell am force-stop io.appium.uiautomator2.server'
&amp#27;[38;5;188m[fa87a5a1]&amp#27;[0m&amp#27;[38;5;229m[ADB]&amp#27;[0m Running 'C:\Users\User1\AppData\Local\Android\Sdk\platform-tools\adb.exe -P 5037 -s emulator-5554 shell am force-stop io.appium.uiautomator2.server.test'
&amp#27;[38;5;188m[fa87a5a1]&amp#27;[0m&amp#27;[38;5;-136m[AndroidUiautomator2Driver@d531]&amp#27;[0m Starting UIAutomator2 server 7.0.25
&amp#27;[38;5;188m[fa87a5a1]&amp#27;[0m&amp#27;[38;5;-136m[AndroidUiautomator2Driver@d531]&amp#27;[0m Using UIAutomator2 server from 'C:\Users\User1\.appium\node_modules\appium-uiautomator2-driver\node_modules\appium-uiautomator2-server\apks\appium-uiautomator2-server-v7.0.25.apk' and test from 'C:\Users\User1\.appium\node_modules\appium-uiautomator2-driver\node_modules\appium-uiautomator2-server\apks\appium-uiautomator2-server-debug-androidTest.apk'
&amp#27;[38;5;188m[fa87a5a1]&amp#27;[0m&amp#27;[38;5;-136m[AndroidUiautomator2Driver@d531]&amp#27;[0m Waiting up to 30000ms for UiAutomator2 to be online...
&amp#27;[38;5;188m[fa87a5a1]&amp#27;[0m&amp#27;[38;5;229m[ADB]&amp#27;[0m Creating ADB subprocess with args: ["-P","5037","-s","emulator-5554","shell","am","instrument","-w","-e","disableAnalytics","true","io.appium.uiautomator2.server.test/androidx.test.runner.AndroidJUnitRunner"]
&amp#27;[38;5;188m[fa87a5a1]&amp#27;[0m&amp#27;[38;5;-136m[AndroidUiautomator2Driver@d531]&amp#27;[0m Matched '/status' to command name 'getStatus'
&amp#27;[38;5;188m[fa87a5a1]&amp#27;[0m&amp#27;[38;5;-136m[AndroidUiautomator2Driver@d531]&amp#27;[0m Proxying [GET /status] to [GET http://127.0.0.1:8201/status] with no body
&amp#27;[38;5;188m[fa87a5a1]&amp#27;[0m&amp#27;[38;5;-136m[AndroidUiautomator2Driver@d531]&amp#27;[0m socket hang up
&amp#27;[38;5;188m[fa87a5a1]&amp#27;[0m&amp#27;[38;5;-136m[AndroidUiautomator2Driver@d531]&amp#27;[0m Matched '/status' to command name 'getStatus'
&amp#27;[38;5;188m[fa87a5a1]&amp#27;[0m&amp#27;[38;5;-136m[AndroidUiautomator2Driver@d531]&amp#27;[0m Proxying [GET /status] to [GET http://127.0.0.1:8201/status] with no body
&amp#27;[38;5;188m[fa87a5a1]&amp#27;[0m&amp#27;[38;5;-136m[AndroidUiautomator2Driver@d531]&amp#27;[0m socket hang up
&amp#27;[38;5;188m[fa87a5a1]&amp#27;[0m&amp#27;[38;5;-136m[AndroidUiautomator2Driver@d531]&amp#27;[0m [Instrumentation] 
&amp#27;[38;5;188m[fa87a5a1]&amp#27;[0m&amp#27;[38;5;-136m[AndroidUiautomator2Driver@d531]&amp#27;[0m Matched '/status' to command name 'getStatus'
&amp#27;[38;5;188m[fa87a5a1]&amp#27;[0m&amp#27;[38;5;-136m[AndroidUiautomator2Driver@d531]&amp#27;[0m Proxying [GET /status] to [GET http://127.0.0.1:8201/status] with no body
&amp#27;[38;5;188m[fa87a5a1]&amp#27;[0m&amp#27;[38;5;-136m[AndroidUiautomator2Driver@d531]&amp#27;[0m socket hang up
&amp#27;[38;5;188m[fa87a5a1]&amp#27;[0m&amp#27;[38;5;-136m[AndroidUiautomator2Driver@d531]&amp#27;[0m Matched '/status' to command name 'getStatus'
&amp#27;[38;5;188m[fa87a5a1]&amp#27;[0m&amp#27;[38;5;-136m[AndroidUiautomator2Driver@d531]&amp#27;[0m Proxying [GET /status] to [GET http://127.0.0.1:8201/status] with no body
&amp#27;[38;5;188m[fa87a5a1]&amp#27;[0m&amp#27;[38;5;-136m[AndroidUiautomator2Driver@d531]&amp#27;[0m socket hang up
&amp#27;[38;5;188m[fa87a5a1]&amp#27;[0m&amp#27;[38;5;-136m[AndroidUiautomator2Driver@d531]&amp#27;[0m Matched '/status' to command name 'getStatus'
&amp#27;[38;5;188m[fa87a5a1]&amp#27;[0m&amp#27;[38;5;-136m[AndroidUiautomator2Driver@d531]&amp#27;[0m Proxying [GET /status] to [GET http://127.0.0.1:8201/status] with no body
&amp#27;[38;5;188m[fa87a5a1]&amp#27;[0m&amp#27;[38;5;-136m[AndroidUiautomator2Driver@d531]&amp#27;[0m Got response with status 200: {"sessionId":"None","value":{"message":"UiAutomator2 Server is ready to accept commands","ready":true}}
&amp#27;[38;5;188m[fa87a5a1]&amp#27;[0m&amp#27;[38;5;-136m[AndroidUiautomator2Driver@d531]&amp#27;[0m The initialization of the instrumentation process took 4377ms
&amp#27;[38;5;188m[fa87a5a1]&amp#27;[0m&amp#27;[38;5;-136m[AndroidUiautomator2Driver@d531]&amp#27;[0m Matched '/session' to command name 'createSession'
&amp#27;[38;5;188m[fa87a5a1]&amp#27;[0m&amp#27;[38;5;-136m[AndroidUiautomator2Driver@d531]&amp#27;[0m Proxying [POST /session] to [POST http://127.0.0.1:8201/session] with body: {"capabilities":{"firstMatch":[{"platformName":"ANDROID","chromedriverExecutable":"C://Users//User1//Downloads//chromedriver-win64//chromedriver-win64//chromedriver.exe","deviceName":"emulator-5554","automationName":"UIAutomator2","app":"C:\\Users\\User1\\eclipse-workspace\\eCommerceFramework//src//main//resources//General-Store.apk","platform":"LINUX","webStorageEnabled":false,"takesScreenshot":true,"javascriptEnabled":true,"databaseEnabled":false,"networkConnectionEnabled":true,"locationContextEnabled":false,"warnings":{},"desired":{"platformName":"ANDROID","chromedriverExecutable":"C://Users//User1//Downloads//chromedriver-win64//chromedriver-win64//chromedriver.exe","deviceName":"Rajemulator","automationName":"UIAutomator2","app":"C:\\Users\\User1\\eclipse-workspace\\eCommerceFramework//src//main//resources//General-Store.apk"},"deviceUDID":"emulator-5554","appPackage":"com.androidsample.generalstore"}],"alwaysMatch":{}}}
&amp#27;[38;5;188m[fa87a5a1]&amp#27;[0m&amp#27;[38;5;-136m[AndroidUiautomator2Driver@d531]&amp#27;[0m Got response with status 200: {"sessionId":"70f9dc6d-0fcd-4b57-b85e-66c6386e6db1","value":{"capabilities":{"firstMatch":[{"platformName":"ANDROID","chromedriverExecutable":"C://Users//User1//Downloads//chromedriver-win64//chromedriver-win64//chromedriver.exe","deviceName":"emulator-5554","automationName":"UIAutomator2","app":"C:\\Users\\User1\\eclipse-workspace\\eCommerceFramework//src//main//resources//General-Store.apk","platform":"LINUX","webStorageEnabled":false,"takesScreenshot":true,"javascriptEnabled":true,"databaseEnabled":false,"networkConnectionEnabled":true,"locationContextEnabled":false,"warnings":{},"desired":{"platformName":"ANDROID","chromedriverExecutable":"C://Users//User1//Downloads//chromedriver-win64//chromedriver-win64//chromedriver.exe","deviceName":"Rajemulator","automationName":"UIAutomator2","app":"C:\\Users\\User1\\eclipse-workspace\\eCommerceFramework//src//main//resources//General-Store.apk"},"deviceUDID":"emulator-5554","appPackage":"com.androidsample.generalstore"}],"alwaysMatch":{}},"sessionId":"70f9dc6d-...
&amp#27;[38;5;188m[fa87a5a1]&amp#27;[0m&amp#27;[38;5;-136m[AndroidUiautomator2Driver@d531]&amp#27;[0m Determined the downstream protocol as 'W3C'
&amp#27;[38;5;188m[fa87a5a1]&amp#27;[0m&amp#27;[38;5;-136m[AndroidUiautomator2Driver@d531]&amp#27;[0m Proxying [GET /appium/device/pixel_ratio] to [GET http://127.0.0.1:8201/session/70f9dc6d-0fcd-4b57-b85e-66c6386e6db1/appium/device/pixel_ratio] with no body
&amp#27;[38;5;188m[fa87a5a1]&amp#27;[0m&amp#27;[38;5;-136m[AndroidUiautomator2Driver@d531]&amp#27;[0m Matched '/appium/device/system_bars' to command name 'getSystemBars'
&amp#27;[38;5;188m[fa87a5a1]&amp#27;[0m&amp#27;[38;5;-136m[AndroidUiautomator2Driver@d531]&amp#27;[0m Proxying [GET /appium/device/system_bars] to [GET http://127.0.0.1:8201/session/70f9dc6d-0fcd-4b57-b85e-66c6386e6db1/appium/device/system_bars] with no body
&amp#27;[38;5;188m[fa87a5a1]&amp#27;[0m&amp#27;[38;5;-136m[AndroidUiautomator2Driver@d531]&amp#27;[0m Matched '/window/current/size' to command name 'getWindowSize'
&amp#27;[38;5;188m[fa87a5a1]&amp#27;[0m&amp#27;[38;5;-136m[AndroidUiautomator2Driver@d531]&amp#27;[0m Proxying [GET /window/current/size] to [GET http://127.0.0.1:8201/session/70f9dc6d-0fcd-4b57-b85e-66c6386e6db1/window/current/size] with no body
&amp#27;[38;5;188m[fa87a5a1]&amp#27;[0m&amp#27;[38;5;-136m[AndroidUiautomator2Driver@d531]&amp#27;[0m Proxying [GET /appium/device/info] to [GET http://127.0.0.1:8201/session/70f9dc6d-0fcd-4b57-b85e-66c6386e6db1/appium/device/info] with no body
&amp#27;[38;5;188m[fa87a5a1]&amp#27;[0m&amp#27;[38;5;229m[ADB]&amp#27;[0m Running 'C:\Users\User1\AppData\Local\Android\Sdk\platform-tools\adb.exe -P 5037 -s emulator-5554 shell dumpsys window'
&amp#27;[38;5;188m[fa87a5a1]&amp#27;[0m&amp#27;[38;5;229m[ADB]&amp#27;[0m Running 'C:\Users\User1\AppData\Local\Android\Sdk\platform-tools\adb.exe -P 5037 -s emulator-5554 shell dumpsys power'
&amp#27;[38;5;188m[fa87a5a1]&amp#27;[0m&amp#27;[38;5;-136m[AndroidUiautomator2Driver@d531]&amp#27;[0m Got response with status 200: {"sessionId":"70f9dc6d-0fcd-4b57-b85e-66c6386e6db1","value":2.75}
&amp#27;[38;5;188m[fa87a5a1]&amp#27;[0m&amp#27;[38;5;-136m[AndroidUiautomator2Driver@d531]&amp#27;[0m Got response with status 200: {"sessionId":"70f9dc6d-0fcd-4b57-b85e-66c6386e6db1","value":{"statusBar":66}}
&amp#27;[38;5;188m[fa87a5a1]&amp#27;[0m&amp#27;[38;5;-136m[AndroidUiautomator2Driver@d531]&amp#27;[0m Got response with status 200: {"sessionId":"70f9dc6d-0fcd-4b57-b85e-66c6386e6db1","value":{"height":2220,"width":1080}}
&amp#27;[38;5;188m[fa87a5a1]&amp#27;[0m&amp#27;[38;5;-136m[AndroidUiautomator2Driver@d531]&amp#27;[0m Got response with status 200: {"sessionId":"70f9dc6d-0fcd-4b57-b85e-66c6386e6db1","value":{"androidId":"ccd4b39f6a24ddc3","apiVersion":"35","bluetooth":{"state":"OFF"},"brand":"google","carrierName":"T-Mobile","displayDensity":440,"locale":"en_US","manufacturer":"Google","model":"sdk_gphone64_x86_64","networks":[{"capabilities":{"SSID":null,"linkDownBandwidthKbps":4300,"linkUpstreamBandwidthKbps":1800,"networkCapabilities":"NET_CAPABILITY_MMS,NET_CAPABILITY_SUPL,NET_CAPABILITY_IA,NET_CAPABILITY_XCAP,NET_CAPABILITY_INTERNET,NET_CAPABILITY_NOT_RESTRICTED,NET_CAPABILITY_TRUSTED,NET_CAPABILITY_NOT_VPN,NET_CAPABILITY_VALIDATED,NET_CAPABILITY_NOT_ROAMING,NET_CAPABILITY_NOT_CONGESTED,NET_CAPABILITY_NOT_SUSPENDED","signalStrength":-2147483648,"transportTypes":"TRANSPORT_CELLULAR"},"detailedState":"CONNECTED","extraInfo":"fast.t-mobile.com","isAvailable":true,"isConnected":true,"isFailover":false,"isRoaming":false,"state":"CONNECTED","subtype":10,"subtypeName":"HSPA","type":0,"typeName":"MOBILE"},{"capabilities":{"SSID":null,"linkDownBandwidthK...
&amp#27;[38;5;188m[fa87a5a1]&amp#27;[0m&amp#27;[38;5;-136m[AndroidUiautomator2Driver@d531]&amp#27;[0m Screen already unlocked, doing nothing
&amp#27;[38;5;188m[fa87a5a1]&amp#27;[0m&amp#27;[38;5;-136m[AndroidUiautomator2Driver@d531]&amp#27;[0m Starting 'com.androidsample.generalstore/com.androidsample.generalstore.SplashActivity and waiting for 'com.androidsample.generalstore/com.androidsample.generalstore.SplashActivity'
&amp#27;[38;5;188m[fa87a5a1]&amp#27;[0m&amp#27;[38;5;229m[ADB]&amp#27;[0m Running 'C:\Users\User1\AppData\Local\Android\Sdk\platform-tools\adb.exe -P 5037 -s emulator-5554 shell am start -W -n com.androidsample.generalstore/com.androidsample.generalstore.SplashActivity -S -a android.intent.action.MAIN -c android.intent.category.LAUNCHER -f 0x10200000'
&amp#27;[38;5;188m[fa87a5a1]&amp#27;[0m&amp#27;[38;5;229m[ADB]&amp#27;[0m Waiting up to 20000ms for activity matching pkg: 'com.androidsample.generalstore' and activity: 'com.androidsample.generalstore.SplashActivity' to be focused
&amp#27;[38;5;188m[fa87a5a1]&amp#27;[0m&amp#27;[38;5;229m[ADB]&amp#27;[0m Possible activities, to be checked: 'com.androidsample.generalstore.SplashActivity', 'com.androidsample.generalstore.com.androidsample.generalstore.SplashActivity'
&amp#27;[38;5;188m[fa87a5a1]&amp#27;[0m&amp#27;[38;5;229m[ADB]&amp#27;[0m Getting focused package and activity
&amp#27;[38;5;188m[fa87a5a1]&amp#27;[0m&amp#27;[38;5;229m[ADB]&amp#27;[0m Running 'C:\Users\User1\AppData\Local\Android\Sdk\platform-tools\adb.exe -P 5037 -s emulator-5554 shell dumpsys window displays'
&amp#27;[38;5;188m[fa87a5a1]&amp#27;[0m&amp#27;[38;5;229m[ADB]&amp#27;[0m Found package: 'com.androidsample.generalstore' and fully qualified activity name : 'com.androidsample.generalstore.SplashActivity'
&amp#27;[38;5;188m[fa87a5a1]&amp#27;[0m&amp#27;[38;5;98m[AppiumDriver@b78c]&amp#27;[0m New AndroidUiautomator2Driver session created successfully, session fa87a5a1-0712-4028-9a51-08dcff6a111f added to master session list
&amp#27;[38;5;188m[fa87a5a1]&amp#27;[0m&amp#27;[38;5;98m[AppiumDriver@b78c]&amp#27;[0m Event 'newSessionStarted' logged at 1744634753316 (18:15:53 GMT+0530 (India Standard Time))
&amp#27;[38;5;188m[fa87a5a1]&amp#27;[0m&amp#27;[38;5;-136m[AndroidUiautomator2Driver@d531]&amp#27;[0m Cached the protocol value 'W3C' for the new session fa87a5a1-0712-4028-9a51-08dcff6a111f
&amp#27;[38;5;188m[fa87a5a1]&amp#27;[0m&amp#27;[38;5;-136m[AndroidUiautomator2Driver@d531]&amp#27;[0m Responding to client with driver.createSession() result: {"capabilities":{"platformName":"ANDROID","chromedriverExecutable":"C://Users//User1//Downloads//chromedriver-win64//chromedriver-win64//chromedriver.exe","deviceName":"emulator-5554","automationName":"UIAutomator2","app":"C:\\Users\\User1\\eclipse-workspace\\eCommerceFramework//src//main//resources//General-Store.apk","platform":"LINUX","webStorageEnabled":false,"takesScreenshot":true,"javascriptEnabled":true,"databaseEnabled":false,"networkConnectionEnabled":true,"locationContextEnabled":false,"warnings":{},"desired":{"platformName":"ANDROID","chromedriverExecutable":"C://Users//User1//Downloads//chromedriver-win64//chromedriver-win64//chromedriver.exe","deviceName":"Rajemulator","automationName":"UIAutomator2","app":"C:\\Users\\User1\\eclipse-workspace\\eCommerceFramework//src//main//resources//General-Store.apk"},"deviceUDID":"emulator-5554","appPackage":"com.androidsample.generalstore","pixelRatio":"2.75","statBarHeight":66,"viewportRect":{"left":0,"top":66,"width":1080,"height":2154},"deviceApiLevel"...
&amp#27;[38;5;188m[fa87a5a1]&amp#27;[0m&amp#27;[38;5;86m[HTTP]&amp#27;[0m &amp#27;[37m<-- POST /session &amp#27;[39m&amp#27;[32m200&amp#27;[39m &amp#27;[90m9110 ms - 1233&amp#27;[39m &amp#27;[90m&amp#27;[39m
Test Started: productInCart
&amp#27;[38;5;188m[fa87a5a1]&amp#27;[0m&amp#27;[38;5;86m[HTTP]&amp#27;[0m &amp#27;[37m-->&amp#27;[39m &amp#27;[37mGET&amp#27;[39m &amp#27;[37m/session/fa87a5a1-0712-4028-9a51-08dcff6a111f/context&amp#27;[39m &amp#27;[90m{}&amp#27;[39m
&amp#27;[38;5;188m[fa87a5a1]&amp#27;[0m&amp#27;[38;5;-136m[AndroidUiautomator2Driver@d531]&amp#27;[0m Calling AppiumDriver.getCurrentContext() with args: ["fa87a5a1-0712-4028-9a51-08dcff6a111f"]
&amp#27;[38;5;188m[fa87a5a1]&amp#27;[0m&amp#27;[38;5;-136m[AndroidUiautomator2Driver@d531]&amp#27;[0m Responding to client with driver.getCurrentContext() result: "NATIVE_APP"
&amp#27;[38;5;188m[fa87a5a1]&amp#27;[0m&amp#27;[38;5;86m[HTTP]&amp#27;[0m &amp#27;[37m<-- GET /session/fa87a5a1-0712-4028-9a51-08dcff6a111f/context &amp#27;[39m&amp#27;[32m200&amp#27;[39m &amp#27;[90m10 ms - 22&amp#27;[39m &amp#27;[90m&amp#27;[39m
&amp#27;[38;5;188m[fa87a5a1]&amp#27;[0m&amp#27;[38;5;86m[HTTP]&amp#27;[0m &amp#27;[37m-->&amp#27;[39m &amp#27;[37mPOST&amp#27;[39m &amp#27;[37m/session/fa87a5a1-0712-4028-9a51-08dcff6a111f/element&amp#27;[39m &amp#27;[90m{"using":"id","value":"com.androidsample.generalstore:id/nameField"}&amp#27;[39m
&amp#27;[38;5;188m[fa87a5a1]&amp#27;[0m&amp#27;[38;5;-136m[AndroidUiautomator2Driver@d531]&amp#27;[0m Calling AppiumDriver.findElement() with args: ["id","com.androidsample.generalstore:id/nameField","fa87a5a1-0712-4028-9a51-08dcff6a111f"]
&amp#27;[38;5;188m[fa87a5a1]&amp#27;[0m&amp#27;[38;5;-136m[AndroidUiautomator2Driver@d531]&amp#27;[0m Valid locator strategies for this request: xpath, id, class name, accessibility id, css selector, -android uiautomator
&amp#27;[38;5;188m[fa87a5a1]&amp#27;[0m&amp#27;[38;5;-136m[AndroidUiautomator2Driver@d531]&amp#27;[0m Waiting up to 0 ms for condition
&amp#27;[38;5;188m[fa87a5a1]&amp#27;[0m&amp#27;[38;5;-136m[AndroidUiautomator2Driver@d531]&amp#27;[0m Matched '/element' to command name 'findElement'
&amp#27;[38;5;188m[fa87a5a1]&amp#27;[0m&amp#27;[38;5;-136m[AndroidUiautomator2Driver@d531]&amp#27;[0m Proxying [POST /element] to [POST http://127.0.0.1:8201/session/70f9dc6d-0fcd-4b57-b85e-66c6386e6db1/element] with body: {"strategy":"id","selector":"com.androidsample.generalstore:id/nameField","context":"","multiple":false}
&amp#27;[38;5;188m[fa87a5a1]&amp#27;[0m&amp#27;[38;5;-136m[AndroidUiautomator2Driver@d531]&amp#27;[0m Got response with status 404: {"sessionId":"70f9dc6d-0fcd-4b57-b85e-66c6386e6db1","value":{"error":"no such element","message":"An element could not be located on the page using the given search parameters","stacktrace":"io.appium.uiautomator2.common.exceptions.ElementNotFoundException: An element could not be located on the page using the given search parameters\n\tat io.appium.uiautomator2.handler.FindElement.safeHandle(FindElement.java:63)\n\tat io.appium.uiautomator2.handler.request.SafeRequestHandler.handle(SafeRequestHandler.java:59)\n\tat io.appium.uiautomator2.server.AppiumServlet.handleRequest(AppiumServlet.java:259)\n\tat io.appium.uiautomator2.server.AppiumServlet.handleHttpRequest(AppiumServlet.java:253)\n\tat io.appium.uiautomator2.http.ServerHandler.channelRead(ServerHandler.java:77)\n\tat io.netty.channel.AbstractChannelHandlerContext.invokeChannelRead(AbstractChannelHandlerContext.java:366)\n\tat io.netty.channel.AbstractChannelHandlerContext.invokeChannelRead(AbstractChannelHandlerContext.java:352)\n\tat io.netty.chann...
&amp#27;[38;5;188m[fa87a5a1]&amp#27;[0m&amp#27;[38;5;123m[W3C]&amp#27;[0m Matched W3C error code 'no such element' to NoSuchElementError
&amp#27;[38;5;188m[fa87a5a1]&amp#27;[0m&amp#27;[38;5;-136m[AndroidUiautomator2Driver@d531]&amp#27;[0m Encountered internal error running command: NoSuchElementError: An element could not be located on the page using the given search parameters.
    at AndroidUiautomator2Driver.findElOrEls (C:\Users\User1\.appium\node_modules\appium-uiautomator2-driver\node_modules\appium-android-driver\lib\commands\find.ts:86:11)
    at processTicksAndRejections (node:internal/process/task_queues:95:5)
    at AndroidUiautomator2Driver.findElOrElsWithProcessing (C:\Users\User1\AppData\Roaming\npm\node_modules\appium\node_modules\@appium\base-driver\lib\basedriver\commands\find.ts:60:12)
    at AndroidUiautomator2Driver.findElement (C:\Users\User1\AppData\Roaming\npm\node_modules\appium\node_modules\@appium\base-driver\lib\basedriver\commands\find.ts:75:12)
&amp#27;[38;5;188m[fa87a5a1]&amp#27;[0m&amp#27;[38;5;86m[HTTP]&amp#27;[0m &amp#27;[37m<-- POST /session/fa87a5a1-0712-4028-9a51-08dcff6a111f/element &amp#27;[39m&amp#27;[33m404&amp#27;[39m &amp#27;[90m527 ms - 890&amp#27;[39m &amp#27;[90m&amp#27;[39m
&amp#27;[38;5;188m[fa87a5a1]&amp#27;[0m&amp#27;[38;5;86m[HTTP]&amp#27;[0m &amp#27;[37m-->&amp#27;[39m &amp#27;[37mPOST&amp#27;[39m &amp#27;[37m/session/fa87a5a1-0712-4028-9a51-08dcff6a111f/element&amp#27;[39m &amp#27;[90m{"using":"id","value":"com.androidsample.generalstore:id/nameField"}&amp#27;[39m
&amp#27;[38;5;188m[fa87a5a1]&amp#27;[0m&amp#27;[38;5;-136m[AndroidUiautomator2Driver@d531]&amp#27;[0m Calling AppiumDriver.findElement() with args: ["id","com.androidsample.generalstore:id/nameField","fa87a5a1-0712-4028-9a51-08dcff6a111f"]
&amp#27;[38;5;188m[fa87a5a1]&amp#27;[0m&amp#27;[38;5;-136m[AndroidUiautomator2Driver@d531]&amp#27;[0m Valid locator strategies for this request: xpath, id, class name, accessibility id, css selector, -android uiautomator
&amp#27;[38;5;188m[fa87a5a1]&amp#27;[0m&amp#27;[38;5;-136m[AndroidUiautomator2Driver@d531]&amp#27;[0m Waiting up to 0 ms for condition
&amp#27;[38;5;188m[fa87a5a1]&amp#27;[0m&amp#27;[38;5;-136m[AndroidUiautomator2Driver@d531]&amp#27;[0m Matched '/element' to command name 'findElement'
&amp#27;[38;5;188m[fa87a5a1]&amp#27;[0m&amp#27;[38;5;-136m[AndroidUiautomator2Driver@d531]&amp#27;[0m Proxying [POST /element] to [POST http://127.0.0.1:8201/session/70f9dc6d-0fcd-4b57-b85e-66c6386e6db1/element] with body: {"strategy":"id","selector":"com.androidsample.generalstore:id/nameField","context":"","multiple":false}
&amp#27;[38;5;188m[fa87a5a1]&amp#27;[0m&amp#27;[38;5;-136m[AndroidUiautomator2Driver@d531]&amp#27;[0m Got response with status 404: {"sessionId":"70f9dc6d-0fcd-4b57-b85e-66c6386e6db1","value":{"error":"no such element","message":"An element could not be located on the page using the given search parameters","stacktrace":"io.appium.uiautomator2.common.exceptions.ElementNotFoundException: An element could not be located on the page using the given search parameters\n\tat io.appium.uiautomator2.handler.FindElement.safeHandle(FindElement.java:63)\n\tat io.appium.uiautomator2.handler.request.SafeRequestHandler.handle(SafeRequestHandler.java:59)\n\tat io.appium.uiautomator2.server.AppiumServlet.handleRequest(AppiumServlet.java:259)\n\tat io.appium.uiautomator2.server.AppiumServlet.handleHttpRequest(AppiumServlet.java:253)\n\tat io.appium.uiautomator2.http.ServerHandler.channelRead(ServerHandler.java:77)\n\tat io.netty.channel.AbstractChannelHandlerContext.invokeChannelRead(AbstractChannelHandlerContext.java:366)\n\tat io.netty.channel.AbstractChannelHandlerContext.invokeChannelRead(AbstractChannelHandlerContext.java:352)\n\tat io.netty.chann...
&amp#27;[38;5;188m[fa87a5a1]&amp#27;[0m&amp#27;[38;5;123m[W3C]&amp#27;[0m Matched W3C error code 'no such element' to NoSuchElementError
&amp#27;[38;5;188m[fa87a5a1]&amp#27;[0m&amp#27;[38;5;-136m[AndroidUiautomator2Driver@d531]&amp#27;[0m Encountered internal error running command: NoSuchElementError: An element could not be located on the page using the given search parameters.
    at AndroidUiautomator2Driver.findElOrEls (C:\Users\User1\.appium\node_modules\appium-uiautomator2-driver\node_modules\appium-android-driver\lib\commands\find.ts:86:11)
    at processTicksAndRejections (node:internal/process/task_queues:95:5)
    at AndroidUiautomator2Driver.findElOrElsWithProcessing (C:\Users\User1\AppData\Roaming\npm\node_modules\appium\node_modules\@appium\base-driver\lib\basedriver\commands\find.ts:60:12)
    at AndroidUiautomator2Driver.findElement (C:\Users\User1\AppData\Roaming\npm\node_modules\appium\node_modules\@appium\base-driver\lib\basedriver\commands\find.ts:75:12)
&amp#27;[38;5;188m[fa87a5a1]&amp#27;[0m&amp#27;[38;5;86m[HTTP]&amp#27;[0m &amp#27;[37m<-- POST /session/fa87a5a1-0712-4028-9a51-08dcff6a111f/element &amp#27;[39m&amp#27;[33m404&amp#27;[39m &amp#27;[90m25 ms - 890&amp#27;[39m &amp#27;[90m&amp#27;[39m
&amp#27;[38;5;188m[fa87a5a1]&amp#27;[0m&amp#27;[38;5;86m[HTTP]&amp#27;[0m &amp#27;[37m-->&amp#27;[39m &amp#27;[37mPOST&amp#27;[39m &amp#27;[37m/session/fa87a5a1-0712-4028-9a51-08dcff6a111f/element&amp#27;[39m &amp#27;[90m{"using":"id","value":"com.androidsample.generalstore:id/nameField"}&amp#27;[39m
&amp#27;[38;5;188m[fa87a5a1]&amp#27;[0m&amp#27;[38;5;-136m[AndroidUiautomator2Driver@d531]&amp#27;[0m Calling AppiumDriver.findElement() with args: ["id","com.androidsample.generalstore:id/nameField","fa87a5a1-0712-4028-9a51-08dcff6a111f"]
&amp#27;[38;5;188m[fa87a5a1]&amp#27;[0m&amp#27;[38;5;-136m[AndroidUiautomator2Driver@d531]&amp#27;[0m Valid locator strategies for this request: xpath, id, class name, accessibility id, css selector, -android uiautomator
&amp#27;[38;5;188m[fa87a5a1]&amp#27;[0m&amp#27;[38;5;-136m[AndroidUiautomator2Driver@d531]&amp#27;[0m Waiting up to 0 ms for condition
&amp#27;[38;5;188m[fa87a5a1]&amp#27;[0m&amp#27;[38;5;-136m[AndroidUiautomator2Driver@d531]&amp#27;[0m Matched '/element' to command name 'findElement'
&amp#27;[38;5;188m[fa87a5a1]&amp#27;[0m&amp#27;[38;5;-136m[AndroidUiautomator2Driver@d531]&amp#27;[0m Proxying [POST /element] to [POST http://127.0.0.1:8201/session/70f9dc6d-0fcd-4b57-b85e-66c6386e6db1/element] with body: {"strategy":"id","selector":"com.androidsample.generalstore:id/nameField","context":"","multiple":false}
&amp#27;[38;5;188m[fa87a5a1]&amp#27;[0m&amp#27;[38;5;-136m[AndroidUiautomator2Driver@d531]&amp#27;[0m Got response with status 404: {"sessionId":"70f9dc6d-0fcd-4b57-b85e-66c6386e6db1","value":{"error":"no such element","message":"An element could not be located on the page using the given search parameters","stacktrace":"io.appium.uiautomator2.common.exceptions.ElementNotFoundException: An element could not be located on the page using the given search parameters\n\tat io.appium.uiautomator2.handler.FindElement.safeHandle(FindElement.java:63)\n\tat io.appium.uiautomator2.handler.request.SafeRequestHandler.handle(SafeRequestHandler.java:59)\n\tat io.appium.uiautomator2.server.AppiumServlet.handleRequest(AppiumServlet.java:259)\n\tat io.appium.uiautomator2.server.AppiumServlet.handleHttpRequest(AppiumServlet.java:253)\n\tat io.appium.uiautomator2.http.ServerHandler.channelRead(ServerHandler.java:77)\n\tat io.netty.channel.AbstractChannelHandlerContext.invokeChannelRead(AbstractChannelHandlerContext.java:366)\n\tat io.netty.channel.AbstractChannelHandlerContext.invokeChannelRead(AbstractChannelHandlerContext.java:352)\n\tat io.netty.chann...
&amp#27;[38;5;188m[fa87a5a1]&amp#27;[0m&amp#27;[38;5;123m[W3C]&amp#27;[0m Matched W3C error code 'no such element' to NoSuchElementError
&amp#27;[38;5;188m[fa87a5a1]&amp#27;[0m&amp#27;[38;5;-136m[AndroidUiautomator2Driver@d531]&amp#27;[0m Encountered internal error running command: NoSuchElementError: An element could not be located on the page using the given search parameters.
    at AndroidUiautomator2Driver.findElOrEls (C:\Users\User1\.appium\node_modules\appium-uiautomator2-driver\node_modules\appium-android-driver\lib\commands\find.ts:86:11)
    at processTicksAndRejections (node:internal/process/task_queues:95:5)
    at AndroidUiautomator2Driver.findElOrElsWithProcessing (C:\Users\User1\AppData\Roaming\npm\node_modules\appium\node_modules\@appium\base-driver\lib\basedriver\commands\find.ts:60:12)
    at AndroidUiautomator2Driver.findElement (C:\Users\User1\AppData\Roaming\npm\node_modules\appium\node_modules\@appium\base-driver\lib\basedriver\commands\find.ts:75:12)
&amp#27;[38;5;188m[fa87a5a1]&amp#27;[0m&amp#27;[38;5;86m[HTTP]&amp#27;[0m &amp#27;[37m<-- POST /session/fa87a5a1-0712-4028-9a51-08dcff6a111f/element &amp#27;[39m&amp#27;[33m404&amp#27;[39m &amp#27;[90m27 ms - 890&amp#27;[39m &amp#27;[90m&amp#27;[39m
&amp#27;[38;5;188m[fa87a5a1]&amp#27;[0m&amp#27;[38;5;86m[HTTP]&amp#27;[0m &amp#27;[37m-->&amp#27;[39m &amp#27;[37mGET&amp#27;[39m &amp#27;[37m/session/fa87a5a1-0712-4028-9a51-08dcff6a111f/context&amp#27;[39m &amp#27;[90m{}&amp#27;[39m
&amp#27;[38;5;188m[fa87a5a1]&amp#27;[0m&amp#27;[38;5;-136m[AndroidUiautomator2Driver@d531]&amp#27;[0m Calling AppiumDriver.getCurrentContext() with args: ["fa87a5a1-0712-4028-9a51-08dcff6a111f"]
&amp#27;[38;5;188m[fa87a5a1]&amp#27;[0m&amp#27;[38;5;-136m[AndroidUiautomator2Driver@d531]&amp#27;[0m Responding to client with driver.getCurrentContext() result: "NATIVE_APP"
&amp#27;[38;5;188m[fa87a5a1]&amp#27;[0m&amp#27;[38;5;86m[HTTP]&amp#27;[0m &amp#27;[37m<-- GET /session/fa87a5a1-0712-4028-9a51-08dcff6a111f/context &amp#27;[39m&amp#27;[32m200&amp#27;[39m &amp#27;[90m3 ms - 22&amp#27;[39m &amp#27;[90m&amp#27;[39m
&amp#27;[38;5;188m[fa87a5a1]&amp#27;[0m&amp#27;[38;5;86m[HTTP]&amp#27;[0m &amp#27;[37m-->&amp#27;[39m &amp#27;[37mPOST&amp#27;[39m &amp#27;[37m/session/fa87a5a1-0712-4028-9a51-08dcff6a111f/element&amp#27;[39m &amp#27;[90m{"using":"id","value":"com.androidsample.generalstore:id/nameField"}&amp#27;[39m
&amp#27;[38;5;188m[fa87a5a1]&amp#27;[0m&amp#27;[38;5;-136m[AndroidUiautomator2Driver@d531]&amp#27;[0m Calling AppiumDriver.findElement() with args: ["id","com.androidsample.generalstore:id/nameField","fa87a5a1-0712-4028-9a51-08dcff6a111f"]
&amp#27;[38;5;188m[fa87a5a1]&amp#27;[0m&amp#27;[38;5;-136m[AndroidUiautomator2Driver@d531]&amp#27;[0m Valid locator strategies for this request: xpath, id, class name, accessibility id, css selector, -android uiautomator
&amp#27;[38;5;188m[fa87a5a1]&amp#27;[0m&amp#27;[38;5;-136m[AndroidUiautomator2Driver@d531]&amp#27;[0m Waiting up to 0 ms for condition
&amp#27;[38;5;188m[fa87a5a1]&amp#27;[0m&amp#27;[38;5;-136m[AndroidUiautomator2Driver@d531]&amp#27;[0m Matched '/element' to command name 'findElement'
&amp#27;[38;5;188m[fa87a5a1]&amp#27;[0m&amp#27;[38;5;-136m[AndroidUiautomator2Driver@d531]&amp#27;[0m Proxying [POST /element] to [POST http://127.0.0.1:8201/session/70f9dc6d-0fcd-4b57-b85e-66c6386e6db1/element] with body: {"strategy":"id","selector":"com.androidsample.generalstore:id/nameField","context":"","multiple":false}
&amp#27;[38;5;188m[fa87a5a1]&amp#27;[0m&amp#27;[38;5;-136m[AndroidUiautomator2Driver@d531]&amp#27;[0m Got response with status 404: {"sessionId":"70f9dc6d-0fcd-4b57-b85e-66c6386e6db1","value":{"error":"no such element","message":"An element could not be located on the page using the given search parameters","stacktrace":"io.appium.uiautomator2.common.exceptions.ElementNotFoundException: An element could not be located on the page using the given search parameters\n\tat io.appium.uiautomator2.handler.FindElement.safeHandle(FindElement.java:63)\n\tat io.appium.uiautomator2.handler.request.SafeRequestHandler.handle(SafeRequestHandler.java:59)\n\tat io.appium.uiautomator2.server.AppiumServlet.handleRequest(AppiumServlet.java:259)\n\tat io.appium.uiautomator2.server.AppiumServlet.handleHttpRequest(AppiumServlet.java:253)\n\tat io.appium.uiautomator2.http.ServerHandler.channelRead(ServerHandler.java:77)\n\tat io.netty.channel.AbstractChannelHandlerContext.invokeChannelRead(AbstractChannelHandlerContext.java:366)\n\tat io.netty.channel.AbstractChannelHandlerContext.invokeChannelRead(AbstractChannelHandlerContext.java:352)\n\tat io.netty.chann...
&amp#27;[38;5;188m[fa87a5a1]&amp#27;[0m&amp#27;[38;5;123m[W3C]&amp#27;[0m Matched W3C error code 'no such element' to NoSuchElementError
&amp#27;[38;5;188m[fa87a5a1]&amp#27;[0m&amp#27;[38;5;-136m[AndroidUiautomator2Driver@d531]&amp#27;[0m Encountered internal error running command: NoSuchElementError: An element could not be located on the page using the given search parameters.
    at AndroidUiautomator2Driver.findElOrEls (C:\Users\User1\.appium\node_modules\appium-uiautomator2-driver\node_modules\appium-android-driver\lib\commands\find.ts:86:11)
    at processTicksAndRejections (node:internal/process/task_queues:95:5)
    at AndroidUiautomator2Driver.findElOrElsWithProcessing (C:\Users\User1\AppData\Roaming\npm\node_modules\appium\node_modules\@appium\base-driver\lib\basedriver\commands\find.ts:60:12)
    at AndroidUiautomator2Driver.findElement (C:\Users\User1\AppData\Roaming\npm\node_modules\appium\node_modules\@appium\base-driver\lib\basedriver\commands\find.ts:75:12)
&amp#27;[38;5;188m[fa87a5a1]&amp#27;[0m&amp#27;[38;5;86m[HTTP]&amp#27;[0m &amp#27;[37m<-- POST /session/fa87a5a1-0712-4028-9a51-08dcff6a111f/element &amp#27;[39m&amp#27;[33m404&amp#27;[39m &amp#27;[90m26 ms - 890&amp#27;[39m &amp#27;[90m&amp#27;[39m
&amp#27;[38;5;188m[fa87a5a1]&amp#27;[0m&amp#27;[38;5;86m[HTTP]&amp#27;[0m &amp#27;[37m-->&amp#27;[39m &amp#27;[37mPOST&amp#27;[39m &amp#27;[37m/session/fa87a5a1-0712-4028-9a51-08dcff6a111f/element&amp#27;[39m &amp#27;[90m{"using":"id","value":"com.androidsample.generalstore:id/nameField"}&amp#27;[39m
&amp#27;[38;5;188m[fa87a5a1]&amp#27;[0m&amp#27;[38;5;-136m[AndroidUiautomator2Driver@d531]&amp#27;[0m Calling AppiumDriver.findElement() with args: ["id","com.androidsample.generalstore:id/nameField","fa87a5a1-0712-4028-9a51-08dcff6a111f"]
&amp#27;[38;5;188m[fa87a5a1]&amp#27;[0m&amp#27;[38;5;-136m[AndroidUiautomator2Driver@d531]&amp#27;[0m Valid locator strategies for this request: xpath, id, class name, accessibility id, css selector, -android uiautomator
&amp#27;[38;5;188m[fa87a5a1]&amp#27;[0m&amp#27;[38;5;-136m[AndroidUiautomator2Driver@d531]&amp#27;[0m Waiting up to 0 ms for condition
&amp#27;[38;5;188m[fa87a5a1]&amp#27;[0m&amp#27;[38;5;-136m[AndroidUiautomator2Driver@d531]&amp#27;[0m Matched '/element' to command name 'findElement'
&amp#27;[38;5;188m[fa87a5a1]&amp#27;[0m&amp#27;[38;5;-136m[AndroidUiautomator2Driver@d531]&amp#27;[0m Proxying [POST /element] to [POST http://127.0.0.1:8201/session/70f9dc6d-0fcd-4b57-b85e-66c6386e6db1/element] with body: {"strategy":"id","selector":"com.androidsample.generalstore:id/nameField","context":"","multiple":false}
&amp#27;[38;5;188m[fa87a5a1]&amp#27;[0m&amp#27;[38;5;-136m[AndroidUiautomator2Driver@d531]&amp#27;[0m Got response with status 200: {"sessionId":"70f9dc6d-0fcd-4b57-b85e-66c6386e6db1","value":{"ELEMENT":"00000000-0000-06b5-ffff-ffff0000001c","element-6066-11e4-a52e-4f735466cecf":"00000000-0000-06b5-ffff-ffff0000001c"}}
&amp#27;[38;5;188m[fa87a5a1]&amp#27;[0m&amp#27;[38;5;-136m[AndroidUiautomator2Driver@d531]&amp#27;[0m Responding to client with driver.findElement() result: {"element-6066-11e4-a52e-4f735466cecf":"00000000-0000-06b5-ffff-ffff0000001c","ELEMENT":"00000000-0000-06b5-ffff-ffff0000001c"}
&amp#27;[38;5;188m[fa87a5a1]&amp#27;[0m&amp#27;[38;5;86m[HTTP]&amp#27;[0m &amp#27;[37m<-- POST /session/fa87a5a1-0712-4028-9a51-08dcff6a111f/element &amp#27;[39m&amp#27;[32m200&amp#27;[39m &amp#27;[90m639 ms - 137&amp#27;[39m &amp#27;[90m&amp#27;[39m
&amp#27;[38;5;188m[fa87a5a1]&amp#27;[0m&amp#27;[38;5;86m[HTTP]&amp#27;[0m &amp#27;[37m-->&amp#27;[39m &amp#27;[37mGET&amp#27;[39m &amp#27;[37m/session/fa87a5a1-0712-4028-9a51-08dcff6a111f/element/00000000-0000-06b5-ffff-ffff0000001c/displayed&amp#27;[39m &amp#27;[90m{}&amp#27;[39m
&amp#27;[38;5;188m[fa87a5a1]&amp#27;[0m&amp#27;[38;5;-136m[AndroidUiautomator2Driver@d531]&amp#27;[0m Calling AppiumDriver.elementDisplayed() with args: ["00000000-0000-06b5-ffff-ffff0000001c","fa87a5a1-0712-4028-9a51-08dcff6a111f"]
&amp#27;[38;5;188m[fa87a5a1]&amp#27;[0m&amp#27;[38;5;-136m[AndroidUiautomator2Driver@d531]&amp#27;[0m Matched '/element/00000000-0000-06b5-ffff-ffff0000001c/attribute/displayed' to command name 'getAttribute'
&amp#27;[38;5;188m[fa87a5a1]&amp#27;[0m&amp#27;[38;5;-136m[AndroidUiautomator2Driver@d531]&amp#27;[0m Proxying [GET /element/00000000-0000-06b5-ffff-ffff0000001c/attribute/displayed] to [GET http://127.0.0.1:8201/session/70f9dc6d-0fcd-4b57-b85e-66c6386e6db1/element/00000000-0000-06b5-ffff-ffff0000001c/attribute/displayed] with no body
&amp#27;[38;5;188m[fa87a5a1]&amp#27;[0m&amp#27;[38;5;-136m[AndroidUiautomator2Driver@d531]&amp#27;[0m Got response with status 200: {"sessionId":"70f9dc6d-0fcd-4b57-b85e-66c6386e6db1","value":"true"}
&amp#27;[38;5;188m[fa87a5a1]&amp#27;[0m&amp#27;[38;5;-136m[AndroidUiautomator2Driver@d531]&amp#27;[0m Responding to client with driver.elementDisplayed() result: true
&amp#27;[38;5;188m[fa87a5a1]&amp#27;[0m&amp#27;[38;5;86m[HTTP]&amp#27;[0m &amp#27;[37m<-- GET /session/fa87a5a1-0712-4028-9a51-08dcff6a111f/element/00000000-0000-06b5-ffff-ffff0000001c/displayed &amp#27;[39m&amp#27;[32m200&amp#27;[39m &amp#27;[90m1245 ms - 14&amp#27;[39m &amp#27;[90m&amp#27;[39m
&amp#27;[38;5;188m[fa87a5a1]&amp#27;[0m&amp#27;[38;5;86m[HTTP]&amp#27;[0m &amp#27;[37m-->&amp#27;[39m &amp#27;[37mGET&amp#27;[39m &amp#27;[37m/session/fa87a5a1-0712-4028-9a51-08dcff6a111f/context&amp#27;[39m &amp#27;[90m{}&amp#27;[39m
&amp#27;[38;5;188m[fa87a5a1]&amp#27;[0m&amp#27;[38;5;-136m[AndroidUiautomator2Driver@d531]&amp#27;[0m Calling AppiumDriver.getCurrentContext() with args: ["fa87a5a1-0712-4028-9a51-08dcff6a111f"]
&amp#27;[38;5;188m[fa87a5a1]&amp#27;[0m&amp#27;[38;5;-136m[AndroidUiautomator2Driver@d531]&amp#27;[0m Responding to client with driver.getCurrentContext() result: "NATIVE_APP"
&amp#27;[38;5;188m[fa87a5a1]&amp#27;[0m&amp#27;[38;5;86m[HTTP]&amp#27;[0m &amp#27;[37m<-- GET /session/fa87a5a1-0712-4028-9a51-08dcff6a111f/context &amp#27;[39m&amp#27;[32m200&amp#27;[39m &amp#27;[90m1 ms - 22&amp#27;[39m &amp#27;[90m&amp#27;[39m
&amp#27;[38;5;188m[fa87a5a1]&amp#27;[0m&amp#27;[38;5;86m[HTTP]&amp#27;[0m &amp#27;[37m-->&amp#27;[39m &amp#27;[37mPOST&amp#27;[39m &amp#27;[37m/session/fa87a5a1-0712-4028-9a51-08dcff6a111f/element&amp#27;[39m &amp#27;[90m{"using":"id","value":"com.androidsample.generalstore:id/nameField"}&amp#27;[39m
&amp#27;[38;5;188m[fa87a5a1]&amp#27;[0m&amp#27;[38;5;-136m[AndroidUiautomator2Driver@d531]&amp#27;[0m Calling AppiumDriver.findElement() with args: ["id","com.androidsample.generalstore:id/nameField","fa87a5a1-0712-4028-9a51-08dcff6a111f"]
&amp#27;[38;5;188m[fa87a5a1]&amp#27;[0m&amp#27;[38;5;-136m[AndroidUiautomator2Driver@d531]&amp#27;[0m Valid locator strategies for this request: xpath, id, class name, accessibility id, css selector, -android uiautomator
&amp#27;[38;5;188m[fa87a5a1]&amp#27;[0m&amp#27;[38;5;-136m[AndroidUiautomator2Driver@d531]&amp#27;[0m Waiting up to 0 ms for condition
&amp#27;[38;5;188m[fa87a5a1]&amp#27;[0m&amp#27;[38;5;-136m[AndroidUiautomator2Driver@d531]&amp#27;[0m Matched '/element' to command name 'findElement'
&amp#27;[38;5;188m[fa87a5a1]&amp#27;[0m&amp#27;[38;5;-136m[AndroidUiautomator2Driver@d531]&amp#27;[0m Proxying [POST /element] to [POST http://127.0.0.1:8201/session/70f9dc6d-0fcd-4b57-b85e-66c6386e6db1/element] with body: {"strategy":"id","selector":"com.androidsample.generalstore:id/nameField","context":"","multiple":false}
&amp#27;[38;5;188m[fa87a5a1]&amp#27;[0m&amp#27;[38;5;-136m[AndroidUiautomator2Driver@d531]&amp#27;[0m Got response with status 200: {"sessionId":"70f9dc6d-0fcd-4b57-b85e-66c6386e6db1","value":{"ELEMENT":"00000000-0000-06b5-ffff-ffff0000001c","element-6066-11e4-a52e-4f735466cecf":"00000000-0000-06b5-ffff-ffff0000001c"}}
&amp#27;[38;5;188m[fa87a5a1]&amp#27;[0m&amp#27;[38;5;-136m[AndroidUiautomator2Driver@d531]&amp#27;[0m Responding to client with driver.findElement() result: {"element-6066-11e4-a52e-4f735466cecf":"00000000-0000-06b5-ffff-ffff0000001c","ELEMENT":"00000000-0000-06b5-ffff-ffff0000001c"}
&amp#27;[38;5;188m[fa87a5a1]&amp#27;[0m&amp#27;[38;5;86m[HTTP]&amp#27;[0m &amp#27;[37m<-- POST /session/fa87a5a1-0712-4028-9a51-08dcff6a111f/element &amp#27;[39m&amp#27;[32m200&amp#27;[39m &amp#27;[90m36 ms - 137&amp#27;[39m &amp#27;[90m&amp#27;[39m
&amp#27;[38;5;188m[fa87a5a1]&amp#27;[0m&amp#27;[38;5;86m[HTTP]&amp#27;[0m &amp#27;[37m-->&amp#27;[39m &amp#27;[37mPOST&amp#27;[39m &amp#27;[37m/session/fa87a5a1-0712-4028-9a51-08dcff6a111f/element/00000000-0000-06b5-ffff-ffff0000001c/value&amp#27;[39m &amp#27;[90m{"value":["R","a","j"],"text":"Raj","id":"00000000-0000-06b5-ffff-ffff0000001c"}&amp#27;[39m
&amp#27;[38;5;188m[fa87a5a1]&amp#27;[0m&amp#27;[38;5;-136m[AndroidUiautomator2Driver@d531]&amp#27;[0m Calling AppiumDriver.setValue() with args: [["R","a","j"],"00000000-0000-06b5-ffff-ffff0000001c","fa87a5a1-0712-4028-9a51-08dcff6a111f"]
&amp#27;[38;5;188m[fa87a5a1]&amp#27;[0m&amp#27;[38;5;-136m[AndroidUiautomator2Driver@d531]&amp#27;[0m Matched '/element/00000000-0000-06b5-ffff-ffff0000001c/value' to command name 'setValue'
&amp#27;[38;5;188m[fa87a5a1]&amp#27;[0m&amp#27;[38;5;-136m[AndroidUiautomator2Driver@d531]&amp#27;[0m Added 'value' property ["R","a","j"] to 'setValue' request body
&amp#27;[38;5;188m[fa87a5a1]&amp#27;[0m&amp#27;[38;5;-136m[AndroidUiautomator2Driver@d531]&amp#27;[0m Proxying [POST /element/00000000-0000-06b5-ffff-ffff0000001c/value] to [POST http://127.0.0.1:8201/session/70f9dc6d-0fcd-4b57-b85e-66c6386e6db1/element/00000000-0000-06b5-ffff-ffff0000001c/value] with body: {"elementId":"00000000-0000-06b5-ffff-ffff0000001c","text":"Raj","replace":false,"value":["R","a","j"]}
&amp#27;[38;5;188m[fa87a5a1]&amp#27;[0m&amp#27;[38;5;-136m[AndroidUiautomator2Driver@d531]&amp#27;[0m Got response with status 200: {"sessionId":"70f9dc6d-0fcd-4b57-b85e-66c6386e6db1","value":null}
&amp#27;[38;5;188m[fa87a5a1]&amp#27;[0m&amp#27;[38;5;-136m[AndroidUiautomator2Driver@d531]&amp#27;[0m Responding to client with driver.setValue() result: null
&amp#27;[38;5;188m[fa87a5a1]&amp#27;[0m&amp#27;[38;5;86m[HTTP]&amp#27;[0m &amp#27;[37m<-- POST /session/fa87a5a1-0712-4028-9a51-08dcff6a111f/element/00000000-0000-06b5-ffff-ffff0000001c/value &amp#27;[39m&amp#27;[32m200&amp#27;[39m &amp#27;[90m573 ms - 14&amp#27;[39m &amp#27;[90m&amp#27;[39m
&amp#27;[38;5;188m[fa87a5a1]&amp#27;[0m&amp#27;[38;5;86m[HTTP]&amp#27;[0m &amp#27;[37m-->&amp#27;[39m &amp#27;[37mPOST&amp#27;[39m &amp#27;[37m/session/fa87a5a1-0712-4028-9a51-08dcff6a111f/execute/sync&amp#27;[39m &amp#27;[90m{"script":"mobile: hideKeyboard","args":[]}&amp#27;[39m
&amp#27;[38;5;188m[fa87a5a1]&amp#27;[0m&amp#27;[38;5;-136m[AndroidUiautomator2Driver@d531]&amp#27;[0m Calling AppiumDriver.execute() with args: ["mobile: hideKeyboard",[],"fa87a5a1-0712-4028-9a51-08dcff6a111f"]
&amp#27;[38;5;188m[fa87a5a1]&amp#27;[0m&amp#27;[38;5;-136m[AndroidUiautomator2Driver@d531]&amp#27;[0m Executing native command 'mobile: hideKeyboard'
&amp#27;[38;5;188m[fa87a5a1]&amp#27;[0m&amp#27;[38;5;229m[ADB]&amp#27;[0m Running 'C:\Users\User1\AppData\Local\Android\Sdk\platform-tools\adb.exe -P 5037 -s emulator-5554 shell dumpsys input_method'
&amp#27;[38;5;188m[fa87a5a1]&amp#27;[0m&amp#27;[38;5;229m[ADB]&amp#27;[0m Keyboard has no UI; no closing necessary
&amp#27;[38;5;188m[fa87a5a1]&amp#27;[0m&amp#27;[38;5;-136m[AndroidUiautomator2Driver@d531]&amp#27;[0m Responding to client with driver.execute() result: false
&amp#27;[38;5;188m[fa87a5a1]&amp#27;[0m&amp#27;[38;5;86m[HTTP]&amp#27;[0m &amp#27;[37m<-- POST /session/fa87a5a1-0712-4028-9a51-08dcff6a111f/execute/sync &amp#27;[39m&amp#27;[32m200&amp#27;[39m &amp#27;[90m430 ms - 15&amp#27;[39m &amp#27;[90m&amp#27;[39m
&amp#27;[38;5;188m[fa87a5a1]&amp#27;[0m&amp#27;[38;5;86m[HTTP]&amp#27;[0m &amp#27;[37m-->&amp#27;[39m &amp#27;[37mGET&amp#27;[39m &amp#27;[37m/session/fa87a5a1-0712-4028-9a51-08dcff6a111f/context&amp#27;[39m &amp#27;[90m{}&amp#27;[39m
&amp#27;[38;5;188m[fa87a5a1]&amp#27;[0m&amp#27;[38;5;-136m[AndroidUiautomator2Driver@d531]&amp#27;[0m Calling AppiumDriver.getCurrentContext() with args: ["fa87a5a1-0712-4028-9a51-08dcff6a111f"]
&amp#27;[38;5;188m[fa87a5a1]&amp#27;[0m&amp#27;[38;5;-136m[AndroidUiautomator2Driver@d531]&amp#27;[0m Responding to client with driver.getCurrentContext() result: "NATIVE_APP"
&amp#27;[38;5;188m[fa87a5a1]&amp#27;[0m&amp#27;[38;5;86m[HTTP]&amp#27;[0m &amp#27;[37m<-- GET /session/fa87a5a1-0712-4028-9a51-08dcff6a111f/context &amp#27;[39m&amp#27;[32m200&amp#27;[39m &amp#27;[90m2 ms - 22&amp#27;[39m &amp#27;[90m&amp#27;[39m
&amp#27;[38;5;188m[fa87a5a1]&amp#27;[0m&amp#27;[38;5;86m[HTTP]&amp#27;[0m &amp#27;[37m-->&amp#27;[39m &amp#27;[37mPOST&amp#27;[39m &amp#27;[37m/session/fa87a5a1-0712-4028-9a51-08dcff6a111f/element&amp#27;[39m &amp#27;[90m{"using":"xpath","value":"//android.widget.RadioButton[@text='Male']"}&amp#27;[39m
&amp#27;[38;5;188m[fa87a5a1]&amp#27;[0m&amp#27;[38;5;-136m[AndroidUiautomator2Driver@d531]&amp#27;[0m Calling AppiumDriver.findElement() with args: ["xpath","//android.widget.RadioButton[@text='Male']","fa87a5a1-0712-4028-9a51-08dcff6a111f"]
&amp#27;[38;5;188m[fa87a5a1]&amp#27;[0m&amp#27;[38;5;-136m[AndroidUiautomator2Driver@d531]&amp#27;[0m Valid locator strategies for this request: xpath, id, class name, accessibility id, css selector, -android uiautomator
&amp#27;[38;5;188m[fa87a5a1]&amp#27;[0m&amp#27;[38;5;-136m[AndroidUiautomator2Driver@d531]&amp#27;[0m Waiting up to 0 ms for condition
&amp#27;[38;5;188m[fa87a5a1]&amp#27;[0m&amp#27;[38;5;-136m[AndroidUiautomator2Driver@d531]&amp#27;[0m Matched '/element' to command name 'findElement'
&amp#27;[38;5;188m[fa87a5a1]&amp#27;[0m&amp#27;[38;5;-136m[AndroidUiautomator2Driver@d531]&amp#27;[0m Proxying [POST /element] to [POST http://127.0.0.1:8201/session/70f9dc6d-0fcd-4b57-b85e-66c6386e6db1/element] with body: {"strategy":"xpath","selector":"//android.widget.RadioButton[@text='Male']","context":"","multiple":false}
&amp#27;[38;5;188m[fa87a5a1]&amp#27;[0m&amp#27;[38;5;-136m[AndroidUiautomator2Driver@d531]&amp#27;[0m Got response with status 200: {"sessionId":"70f9dc6d-0fcd-4b57-b85e-66c6386e6db1","value":{"ELEMENT":"00000000-0000-06b5-ffff-ffff0000001f","element-6066-11e4-a52e-4f735466cecf":"00000000-0000-06b5-ffff-ffff0000001f"}}
&amp#27;[38;5;188m[fa87a5a1]&amp#27;[0m&amp#27;[38;5;-136m[AndroidUiautomator2Driver@d531]&amp#27;[0m Responding to client with driver.findElement() result: {"element-6066-11e4-a52e-4f735466cecf":"00000000-0000-06b5-ffff-ffff0000001f","ELEMENT":"00000000-0000-06b5-ffff-ffff0000001f"}
&amp#27;[38;5;188m[fa87a5a1]&amp#27;[0m&amp#27;[38;5;86m[HTTP]&amp#27;[0m &amp#27;[37m<-- POST /session/fa87a5a1-0712-4028-9a51-08dcff6a111f/element &amp#27;[39m&amp#27;[32m200&amp#27;[39m &amp#27;[90m811 ms - 137&amp#27;[39m &amp#27;[90m&amp#27;[39m
&amp#27;[38;5;188m[fa87a5a1]&amp#27;[0m&amp#27;[38;5;86m[HTTP]&amp#27;[0m &amp#27;[37m-->&amp#27;[39m &amp#27;[37mPOST&amp#27;[39m &amp#27;[37m/session/fa87a5a1-0712-4028-9a51-08dcff6a111f/element/00000000-0000-06b5-ffff-ffff0000001f/click&amp#27;[39m &amp#27;[90m{"id":"00000000-0000-06b5-ffff-ffff0000001f"}&amp#27;[39m
&amp#27;[38;5;188m[fa87a5a1]&amp#27;[0m&amp#27;[38;5;-136m[AndroidUiautomator2Driver@d531]&amp#27;[0m Calling AppiumDriver.click() with args: ["00000000-0000-06b5-ffff-ffff0000001f","fa87a5a1-0712-4028-9a51-08dcff6a111f"]
&amp#27;[38;5;188m[fa87a5a1]&amp#27;[0m&amp#27;[38;5;-136m[AndroidUiautomator2Driver@d531]&amp#27;[0m Matched '/element/00000000-0000-06b5-ffff-ffff0000001f/click' to command name 'click'
&amp#27;[38;5;188m[fa87a5a1]&amp#27;[0m&amp#27;[38;5;-136m[AndroidUiautomator2Driver@d531]&amp#27;[0m Proxying [POST /element/00000000-0000-06b5-ffff-ffff0000001f/click] to [POST http://127.0.0.1:8201/session/70f9dc6d-0fcd-4b57-b85e-66c6386e6db1/element/00000000-0000-06b5-ffff-ffff0000001f/click] with body: {"element":"00000000-0000-06b5-ffff-ffff0000001f"}
&amp#27;[38;5;188m[fa87a5a1]&amp#27;[0m&amp#27;[38;5;-136m[AndroidUiautomator2Driver@d531]&amp#27;[0m Got response with status 200: {"sessionId":"70f9dc6d-0fcd-4b57-b85e-66c6386e6db1","value":null}
&amp#27;[38;5;188m[fa87a5a1]&amp#27;[0m&amp#27;[38;5;-136m[AndroidUiautomator2Driver@d531]&amp#27;[0m Responding to client with driver.click() result: null
&amp#27;[38;5;188m[fa87a5a1]&amp#27;[0m&amp#27;[38;5;86m[HTTP]&amp#27;[0m &amp#27;[37m<-- POST /session/fa87a5a1-0712-4028-9a51-08dcff6a111f/element/00000000-0000-06b5-ffff-ffff0000001f/click &amp#27;[39m&amp#27;[32m200&amp#27;[39m &amp#27;[90m587 ms - 14&amp#27;[39m &amp#27;[90m&amp#27;[39m
&amp#27;[38;5;188m[fa87a5a1]&amp#27;[0m&amp#27;[38;5;86m[HTTP]&amp#27;[0m &amp#27;[37m-->&amp#27;[39m &amp#27;[37mGET&amp#27;[39m &amp#27;[37m/session/fa87a5a1-0712-4028-9a51-08dcff6a111f/context&amp#27;[39m &amp#27;[90m{}&amp#27;[39m
&amp#27;[38;5;188m[fa87a5a1]&amp#27;[0m&amp#27;[38;5;-136m[AndroidUiautomator2Driver@d531]&amp#27;[0m Calling AppiumDriver.getCurrentContext() with args: ["fa87a5a1-0712-4028-9a51-08dcff6a111f"]
&amp#27;[38;5;188m[fa87a5a1]&amp#27;[0m&amp#27;[38;5;-136m[AndroidUiautomator2Driver@d531]&amp#27;[0m Responding to client with driver.getCurrentContext() result: "NATIVE_APP"
&amp#27;[38;5;188m[fa87a5a1]&amp#27;[0m&amp#27;[38;5;86m[HTTP]&amp#27;[0m &amp#27;[37m<-- GET /session/fa87a5a1-0712-4028-9a51-08dcff6a111f/context &amp#27;[39m&amp#27;[32m200&amp#27;[39m &amp#27;[90m3 ms - 22&amp#27;[39m &amp#27;[90m&amp#27;[39m
&amp#27;[38;5;188m[fa87a5a1]&amp#27;[0m&amp#27;[38;5;86m[HTTP]&amp#27;[0m &amp#27;[37m-->&amp#27;[39m &amp#27;[37mPOST&amp#27;[39m &amp#27;[37m/session/fa87a5a1-0712-4028-9a51-08dcff6a111f/element&amp#27;[39m &amp#27;[90m{"using":"id","value":"android:id/text1"}&amp#27;[39m
&amp#27;[38;5;188m[fa87a5a1]&amp#27;[0m&amp#27;[38;5;-136m[AndroidUiautomator2Driver@d531]&amp#27;[0m Calling AppiumDriver.findElement() with args: ["id","android:id/text1","fa87a5a1-0712-4028-9a51-08dcff6a111f"]
&amp#27;[38;5;188m[fa87a5a1]&amp#27;[0m&amp#27;[38;5;-136m[AndroidUiautomator2Driver@d531]&amp#27;[0m Valid locator strategies for this request: xpath, id, class name, accessibility id, css selector, -android uiautomator
&amp#27;[38;5;188m[fa87a5a1]&amp#27;[0m&amp#27;[38;5;-136m[AndroidUiautomator2Driver@d531]&amp#27;[0m Waiting up to 0 ms for condition
&amp#27;[38;5;188m[fa87a5a1]&amp#27;[0m&amp#27;[38;5;-136m[AndroidUiautomator2Driver@d531]&amp#27;[0m Matched '/element' to command name 'findElement'
&amp#27;[38;5;188m[fa87a5a1]&amp#27;[0m&amp#27;[38;5;-136m[AndroidUiautomator2Driver@d531]&amp#27;[0m Proxying [POST /element] to [POST http://127.0.0.1:8201/session/70f9dc6d-0fcd-4b57-b85e-66c6386e6db1/element] with body: {"strategy":"id","selector":"android:id/text1","context":"","multiple":false}
&amp#27;[38;5;188m[fa87a5a1]&amp#27;[0m&amp#27;[38;5;-136m[AndroidUiautomator2Driver@d531]&amp#27;[0m Got response with status 200: {"sessionId":"70f9dc6d-0fcd-4b57-b85e-66c6386e6db1","value":{"ELEMENT":"00000000-0000-06b5-ffff-ffff00000024","element-6066-11e4-a52e-4f735466cecf":"00000000-0000-06b5-ffff-ffff00000024"}}
&amp#27;[38;5;188m[fa87a5a1]&amp#27;[0m&amp#27;[38;5;-136m[AndroidUiautomator2Driver@d531]&amp#27;[0m Responding to client with driver.findElement() result: {"element-6066-11e4-a52e-4f735466cecf":"00000000-0000-06b5-ffff-ffff00000024","ELEMENT":"00000000-0000-06b5-ffff-ffff00000024"}
&amp#27;[38;5;188m[fa87a5a1]&amp#27;[0m&amp#27;[38;5;86m[HTTP]&amp#27;[0m &amp#27;[37m<-- POST /session/fa87a5a1-0712-4028-9a51-08dcff6a111f/element &amp#27;[39m&amp#27;[32m200&amp#27;[39m &amp#27;[90m35 ms - 137&amp#27;[39m &amp#27;[90m&amp#27;[39m
&amp#27;[38;5;188m[fa87a5a1]&amp#27;[0m&amp#27;[38;5;86m[HTTP]&amp#27;[0m &amp#27;[37m-->&amp#27;[39m &amp#27;[37mPOST&amp#27;[39m &amp#27;[37m/session/fa87a5a1-0712-4028-9a51-08dcff6a111f/element/00000000-0000-06b5-ffff-ffff00000024/click&amp#27;[39m &amp#27;[90m{"id":"00000000-0000-06b5-ffff-ffff00000024"}&amp#27;[39m
&amp#27;[38;5;188m[fa87a5a1]&amp#27;[0m&amp#27;[38;5;-136m[AndroidUiautomator2Driver@d531]&amp#27;[0m Calling AppiumDriver.click() with args: ["00000000-0000-06b5-ffff-ffff00000024","fa87a5a1-0712-4028-9a51-08dcff6a111f"]
&amp#27;[38;5;188m[fa87a5a1]&amp#27;[0m&amp#27;[38;5;-136m[AndroidUiautomator2Driver@d531]&amp#27;[0m Matched '/element/00000000-0000-06b5-ffff-ffff00000024/click' to command name 'click'
&amp#27;[38;5;188m[fa87a5a1]&amp#27;[0m&amp#27;[38;5;-136m[AndroidUiautomator2Driver@d531]&amp#27;[0m Proxying [POST /element/00000000-0000-06b5-ffff-ffff00000024/click] to [POST http://127.0.0.1:8201/session/70f9dc6d-0fcd-4b57-b85e-66c6386e6db1/element/00000000-0000-06b5-ffff-ffff00000024/click] with body: {"element":"00000000-0000-06b5-ffff-ffff00000024"}
&amp#27;[38;5;188m[fa87a5a1]&amp#27;[0m&amp#27;[38;5;-136m[AndroidUiautomator2Driver@d531]&amp#27;[0m Got response with status 200: {"sessionId":"70f9dc6d-0fcd-4b57-b85e-66c6386e6db1","value":null}
&amp#27;[38;5;188m[fa87a5a1]&amp#27;[0m&amp#27;[38;5;-136m[AndroidUiautomator2Driver@d531]&amp#27;[0m Responding to client with driver.click() result: null
&amp#27;[38;5;188m[fa87a5a1]&amp#27;[0m&amp#27;[38;5;86m[HTTP]&amp#27;[0m &amp#27;[37m<-- POST /session/fa87a5a1-0712-4028-9a51-08dcff6a111f/element/00000000-0000-06b5-ffff-ffff00000024/click &amp#27;[39m&amp#27;[32m200&amp#27;[39m &amp#27;[90m80 ms - 14&amp#27;[39m &amp#27;[90m&amp#27;[39m
&amp#27;[38;5;188m[fa87a5a1]&amp#27;[0m&amp#27;[38;5;86m[HTTP]&amp#27;[0m &amp#27;[37m-->&amp#27;[39m &amp#27;[37mPOST&amp#27;[39m &amp#27;[37m/session/fa87a5a1-0712-4028-9a51-08dcff6a111f/element&amp#27;[39m &amp#27;[90m{"using":"-android uiautomator","value":"new UiScrollable(new UiSelector()).scrollIntoView(text(\"Austria\"));"}&amp#27;[39m
&amp#27;[38;5;188m[fa87a5a1]&amp#27;[0m&amp#27;[38;5;-136m[AndroidUiautomator2Driver@d531]&amp#27;[0m Calling AppiumDriver.findElement() with args: ["-android uiautomator","new UiScrollable(new UiSelector()).scrollIntoView(text(\"Austria\"));","fa87a5a1-0712-4028-9a51-08dcff6a111f"]
&amp#27;[38;5;188m[fa87a5a1]&amp#27;[0m&amp#27;[38;5;-136m[AndroidUiautomator2Driver@d531]&amp#27;[0m Valid locator strategies for this request: xpath, id, class name, accessibility id, css selector, -android uiautomator
&amp#27;[38;5;188m[fa87a5a1]&amp#27;[0m&amp#27;[38;5;-136m[AndroidUiautomator2Driver@d531]&amp#27;[0m Waiting up to 0 ms for condition
&amp#27;[38;5;188m[fa87a5a1]&amp#27;[0m&amp#27;[38;5;-136m[AndroidUiautomator2Driver@d531]&amp#27;[0m Matched '/element' to command name 'findElement'
&amp#27;[38;5;188m[fa87a5a1]&amp#27;[0m&amp#27;[38;5;-136m[AndroidUiautomator2Driver@d531]&amp#27;[0m Proxying [POST /element] to [POST http://127.0.0.1:8201/session/70f9dc6d-0fcd-4b57-b85e-66c6386e6db1/element] with body: {"strategy":"-android uiautomator","selector":"new UiScrollable(new UiSelector()).scrollIntoView(text(\"Austria\"));","context":"","multiple":false}
&amp#27;[38;5;188m[fa87a5a1]&amp#27;[0m&amp#27;[38;5;-136m[AndroidUiautomator2Driver@d531]&amp#27;[0m Got response with status 200: {"sessionId":"70f9dc6d-0fcd-4b57-b85e-66c6386e6db1","value":{"ELEMENT":"00000000-0000-06b6-ffff-ffff0000002c","element-6066-11e4-a52e-4f735466cecf":"00000000-0000-06b6-ffff-ffff0000002c"}}
&amp#27;[38;5;188m[fa87a5a1]&amp#27;[0m&amp#27;[38;5;-136m[AndroidUiautomator2Driver@d531]&amp#27;[0m Responding to client with driver.findElement() result: {"element-6066-11e4-a52e-4f735466cecf":"00000000-0000-06b6-ffff-ffff0000002c","ELEMENT":"00000000-0000-06b6-ffff-ffff0000002c"}
&amp#27;[38;5;188m[fa87a5a1]&amp#27;[0m&amp#27;[38;5;86m[HTTP]&amp#27;[0m &amp#27;[37m<-- POST /session/fa87a5a1-0712-4028-9a51-08dcff6a111f/element &amp#27;[39m&amp#27;[32m200&amp#27;[39m &amp#27;[90m5212 ms - 137&amp#27;[39m &amp#27;[90m&amp#27;[39m
&amp#27;[38;5;188m[fa87a5a1]&amp#27;[0m&amp#27;[38;5;86m[HTTP]&amp#27;[0m &amp#27;[37m-->&amp#27;[39m &amp#27;[37mPOST&amp#27;[39m &amp#27;[37m/session/fa87a5a1-0712-4028-9a51-08dcff6a111f/element&amp#27;[39m &amp#27;[90m{"using":"xpath","value":"//android.widget.TextView[@text='Austria']"}&amp#27;[39m
&amp#27;[38;5;188m[fa87a5a1]&amp#27;[0m&amp#27;[38;5;-136m[AndroidUiautomator2Driver@d531]&amp#27;[0m Calling AppiumDriver.findElement() with args: ["xpath","//android.widget.TextView[@text='Austria']","fa87a5a1-0712-4028-9a51-08dcff6a111f"]
&amp#27;[38;5;188m[fa87a5a1]&amp#27;[0m&amp#27;[38;5;-136m[AndroidUiautomator2Driver@d531]&amp#27;[0m Valid locator strategies for this request: xpath, id, class name, accessibility id, css selector, -android uiautomator
&amp#27;[38;5;188m[fa87a5a1]&amp#27;[0m&amp#27;[38;5;-136m[AndroidUiautomator2Driver@d531]&amp#27;[0m Waiting up to 0 ms for condition
&amp#27;[38;5;188m[fa87a5a1]&amp#27;[0m&amp#27;[38;5;-136m[AndroidUiautomator2Driver@d531]&amp#27;[0m Matched '/element' to command name 'findElement'
&amp#27;[38;5;188m[fa87a5a1]&amp#27;[0m&amp#27;[38;5;-136m[AndroidUiautomator2Driver@d531]&amp#27;[0m Proxying [POST /element] to [POST http://127.0.0.1:8201/session/70f9dc6d-0fcd-4b57-b85e-66c6386e6db1/element] with body: {"strategy":"xpath","selector":"//android.widget.TextView[@text='Austria']","context":"","multiple":false}
&amp#27;[38;5;188m[fa87a5a1]&amp#27;[0m&amp#27;[38;5;-136m[AndroidUiautomator2Driver@d531]&amp#27;[0m Got response with status 200: {"sessionId":"70f9dc6d-0fcd-4b57-b85e-66c6386e6db1","value":{"ELEMENT":"00000000-0000-06b6-ffff-ffff0000002c","element-6066-11e4-a52e-4f735466cecf":"00000000-0000-06b6-ffff-ffff0000002c"}}
&amp#27;[38;5;188m[fa87a5a1]&amp#27;[0m&amp#27;[38;5;-136m[AndroidUiautomator2Driver@d531]&amp#27;[0m Responding to client with driver.findElement() result: {"element-6066-11e4-a52e-4f735466cecf":"00000000-0000-06b6-ffff-ffff0000002c","ELEMENT":"00000000-0000-06b6-ffff-ffff0000002c"}
&amp#27;[38;5;188m[fa87a5a1]&amp#27;[0m&amp#27;[38;5;86m[HTTP]&amp#27;[0m &amp#27;[37m<-- POST /session/fa87a5a1-0712-4028-9a51-08dcff6a111f/element &amp#27;[39m&amp#27;[32m200&amp#27;[39m &amp#27;[90m82 ms - 137&amp#27;[39m &amp#27;[90m&amp#27;[39m
&amp#27;[38;5;188m[fa87a5a1]&amp#27;[0m&amp#27;[38;5;86m[HTTP]&amp#27;[0m &amp#27;[37m-->&amp#27;[39m &amp#27;[37mPOST&amp#27;[39m &amp#27;[37m/session/fa87a5a1-0712-4028-9a51-08dcff6a111f/element/00000000-0000-06b6-ffff-ffff0000002c/click&amp#27;[39m &amp#27;[90m{"id":"00000000-0000-06b6-ffff-ffff0000002c"}&amp#27;[39m
&amp#27;[38;5;188m[fa87a5a1]&amp#27;[0m&amp#27;[38;5;-136m[AndroidUiautomator2Driver@d531]&amp#27;[0m Calling AppiumDriver.click() with args: ["00000000-0000-06b6-ffff-ffff0000002c","fa87a5a1-0712-4028-9a51-08dcff6a111f"]
&amp#27;[38;5;188m[fa87a5a1]&amp#27;[0m&amp#27;[38;5;-136m[AndroidUiautomator2Driver@d531]&amp#27;[0m Matched '/element/00000000-0000-06b6-ffff-ffff0000002c/click' to command name 'click'
&amp#27;[38;5;188m[fa87a5a1]&amp#27;[0m&amp#27;[38;5;-136m[AndroidUiautomator2Driver@d531]&amp#27;[0m Proxying [POST /element/00000000-0000-06b6-ffff-ffff0000002c/click] to [POST http://127.0.0.1:8201/session/70f9dc6d-0fcd-4b57-b85e-66c6386e6db1/element/00000000-0000-06b6-ffff-ffff0000002c/click] with body: {"element":"00000000-0000-06b6-ffff-ffff0000002c"}
&amp#27;[38;5;188m[fa87a5a1]&amp#27;[0m&amp#27;[38;5;-136m[AndroidUiautomator2Driver@d531]&amp#27;[0m Got response with status 200: {"sessionId":"70f9dc6d-0fcd-4b57-b85e-66c6386e6db1","value":null}
&amp#27;[38;5;188m[fa87a5a1]&amp#27;[0m&amp#27;[38;5;-136m[AndroidUiautomator2Driver@d531]&amp#27;[0m Responding to client with driver.click() result: null
&amp#27;[38;5;188m[fa87a5a1]&amp#27;[0m&amp#27;[38;5;86m[HTTP]&amp#27;[0m &amp#27;[37m<-- POST /session/fa87a5a1-0712-4028-9a51-08dcff6a111f/element/00000000-0000-06b6-ffff-ffff0000002c/click &amp#27;[39m&amp#27;[32m200&amp#27;[39m &amp#27;[90m746 ms - 14&amp#27;[39m &amp#27;[90m&amp#27;[39m
&amp#27;[38;5;188m[fa87a5a1]&amp#27;[0m&amp#27;[38;5;86m[HTTP]&amp#27;[0m &amp#27;[37m-->&amp#27;[39m &amp#27;[37mGET&amp#27;[39m &amp#27;[37m/session/fa87a5a1-0712-4028-9a51-08dcff6a111f/context&amp#27;[39m &amp#27;[90m{}&amp#27;[39m
&amp#27;[38;5;188m[fa87a5a1]&amp#27;[0m&amp#27;[38;5;-136m[AndroidUiautomator2Driver@d531]&amp#27;[0m Calling AppiumDriver.getCurrentContext() with args: ["fa87a5a1-0712-4028-9a51-08dcff6a111f"]
&amp#27;[38;5;188m[fa87a5a1]&amp#27;[0m&amp#27;[38;5;-136m[AndroidUiautomator2Driver@d531]&amp#27;[0m Responding to client with driver.getCurrentContext() result: "NATIVE_APP"
&amp#27;[38;5;188m[fa87a5a1]&amp#27;[0m&amp#27;[38;5;86m[HTTP]&amp#27;[0m &amp#27;[37m<-- GET /session/fa87a5a1-0712-4028-9a51-08dcff6a111f/context &amp#27;[39m&amp#27;[32m200&amp#27;[39m &amp#27;[90m1 ms - 22&amp#27;[39m &amp#27;[90m&amp#27;[39m
&amp#27;[38;5;188m[fa87a5a1]&amp#27;[0m&amp#27;[38;5;86m[HTTP]&amp#27;[0m &amp#27;[37m-->&amp#27;[39m &amp#27;[37mPOST&amp#27;[39m &amp#27;[37m/session/fa87a5a1-0712-4028-9a51-08dcff6a111f/element&amp#27;[39m &amp#27;[90m{"using":"id","value":"com.androidsample.generalstore:id/btnLetsShop"}&amp#27;[39m
&amp#27;[38;5;188m[fa87a5a1]&amp#27;[0m&amp#27;[38;5;-136m[AndroidUiautomator2Driver@d531]&amp#27;[0m Calling AppiumDriver.findElement() with args: ["id","com.androidsample.generalstore:id/btnLetsShop","fa87a5a1-0712-4028-9a51-08dcff6a111f"]
&amp#27;[38;5;188m[fa87a5a1]&amp#27;[0m&amp#27;[38;5;-136m[AndroidUiautomator2Driver@d531]&amp#27;[0m Valid locator strategies for this request: xpath, id, class name, accessibility id, css selector, -android uiautomator
&amp#27;[38;5;188m[fa87a5a1]&amp#27;[0m&amp#27;[38;5;-136m[AndroidUiautomator2Driver@d531]&amp#27;[0m Waiting up to 0 ms for condition
&amp#27;[38;5;188m[fa87a5a1]&amp#27;[0m&amp#27;[38;5;-136m[AndroidUiautomator2Driver@d531]&amp#27;[0m Matched '/element' to command name 'findElement'
&amp#27;[38;5;188m[fa87a5a1]&amp#27;[0m&amp#27;[38;5;-136m[AndroidUiautomator2Driver@d531]&amp#27;[0m Proxying [POST /element] to [POST http://127.0.0.1:8201/session/70f9dc6d-0fcd-4b57-b85e-66c6386e6db1/element] with body: {"strategy":"id","selector":"com.androidsample.generalstore:id/btnLetsShop","context":"","multiple":false}
&amp#27;[38;5;188m[fa87a5a1]&amp#27;[0m&amp#27;[38;5;-136m[AndroidUiautomator2Driver@d531]&amp#27;[0m Got response with status 200: {"sessionId":"70f9dc6d-0fcd-4b57-b85e-66c6386e6db1","value":{"ELEMENT":"00000000-0000-06b5-ffff-ffff00000021","element-6066-11e4-a52e-4f735466cecf":"00000000-0000-06b5-ffff-ffff00000021"}}
&amp#27;[38;5;188m[fa87a5a1]&amp#27;[0m&amp#27;[38;5;-136m[AndroidUiautomator2Driver@d531]&amp#27;[0m Responding to client with driver.findElement() result: {"element-6066-11e4-a52e-4f735466cecf":"00000000-0000-06b5-ffff-ffff00000021","ELEMENT":"00000000-0000-06b5-ffff-ffff00000021"}
&amp#27;[38;5;188m[fa87a5a1]&amp#27;[0m&amp#27;[38;5;86m[HTTP]&amp#27;[0m &amp#27;[37m<-- POST /session/fa87a5a1-0712-4028-9a51-08dcff6a111f/element &amp#27;[39m&amp#27;[32m200&amp#27;[39m &amp#27;[90m35 ms - 137&amp#27;[39m &amp#27;[90m&amp#27;[39m
&amp#27;[38;5;188m[fa87a5a1]&amp#27;[0m&amp#27;[38;5;86m[HTTP]&amp#27;[0m &amp#27;[37m-->&amp#27;[39m &amp#27;[37mPOST&amp#27;[39m &amp#27;[37m/session/fa87a5a1-0712-4028-9a51-08dcff6a111f/element/00000000-0000-06b5-ffff-ffff00000021/click&amp#27;[39m &amp#27;[90m{"id":"00000000-0000-06b5-ffff-ffff00000021"}&amp#27;[39m
&amp#27;[38;5;188m[fa87a5a1]&amp#27;[0m&amp#27;[38;5;-136m[AndroidUiautomator2Driver@d531]&amp#27;[0m Calling AppiumDriver.click() with args: ["00000000-0000-06b5-ffff-ffff00000021","fa87a5a1-0712-4028-9a51-08dcff6a111f"]
&amp#27;[38;5;188m[fa87a5a1]&amp#27;[0m&amp#27;[38;5;-136m[AndroidUiautomator2Driver@d531]&amp#27;[0m Matched '/element/00000000-0000-06b5-ffff-ffff00000021/click' to command name 'click'
&amp#27;[38;5;188m[fa87a5a1]&amp#27;[0m&amp#27;[38;5;-136m[AndroidUiautomator2Driver@d531]&amp#27;[0m Proxying [POST /element/00000000-0000-06b5-ffff-ffff00000021/click] to [POST http://127.0.0.1:8201/session/70f9dc6d-0fcd-4b57-b85e-66c6386e6db1/element/00000000-0000-06b5-ffff-ffff00000021/click] with body: {"element":"00000000-0000-06b5-ffff-ffff00000021"}
&amp#27;[38;5;188m[fa87a5a1]&amp#27;[0m&amp#27;[38;5;-136m[AndroidUiautomator2Driver@d531]&amp#27;[0m Got response with status 200: {"sessionId":"70f9dc6d-0fcd-4b57-b85e-66c6386e6db1","value":null}
&amp#27;[38;5;188m[fa87a5a1]&amp#27;[0m&amp#27;[38;5;-136m[AndroidUiautomator2Driver@d531]&amp#27;[0m Responding to client with driver.click() result: null
&amp#27;[38;5;188m[fa87a5a1]&amp#27;[0m&amp#27;[38;5;86m[HTTP]&amp#27;[0m &amp#27;[37m<-- POST /session/fa87a5a1-0712-4028-9a51-08dcff6a111f/element/00000000-0000-06b5-ffff-ffff00000021/click &amp#27;[39m&amp#27;[32m200&amp#27;[39m &amp#27;[90m82 ms - 14&amp#27;[39m &amp#27;[90m&amp#27;[39m
&amp#27;[38;5;188m[fa87a5a1]&amp#27;[0m&amp#27;[38;5;86m[HTTP]&amp#27;[0m &amp#27;[37m-->&amp#27;[39m &amp#27;[37mGET&amp#27;[39m &amp#27;[37m/session/fa87a5a1-0712-4028-9a51-08dcff6a111f/context&amp#27;[39m &amp#27;[90m{}&amp#27;[39m
&amp#27;[38;5;188m[fa87a5a1]&amp#27;[0m&amp#27;[38;5;-136m[AndroidUiautomator2Driver@d531]&amp#27;[0m Calling AppiumDriver.getCurrentContext() with args: ["fa87a5a1-0712-4028-9a51-08dcff6a111f"]
&amp#27;[38;5;188m[fa87a5a1]&amp#27;[0m&amp#27;[38;5;-136m[AndroidUiautomator2Driver@d531]&amp#27;[0m Responding to client with driver.getCurrentContext() result: "NATIVE_APP"
&amp#27;[38;5;188m[fa87a5a1]&amp#27;[0m&amp#27;[38;5;86m[HTTP]&amp#27;[0m &amp#27;[37m<-- GET /session/fa87a5a1-0712-4028-9a51-08dcff6a111f/context &amp#27;[39m&amp#27;[32m200&amp#27;[39m &amp#27;[90m1 ms - 22&amp#27;[39m &amp#27;[90m&amp#27;[39m
&amp#27;[38;5;188m[fa87a5a1]&amp#27;[0m&amp#27;[38;5;86m[HTTP]&amp#27;[0m &amp#27;[37m-->&amp#27;[39m &amp#27;[37mPOST&amp#27;[39m &amp#27;[37m/session/fa87a5a1-0712-4028-9a51-08dcff6a111f/elements&amp#27;[39m &amp#27;[90m{"using":"xpath","value":"//android.widget.TextView[@text='ADD TO CART']"}&amp#27;[39m
&amp#27;[38;5;188m[fa87a5a1]&amp#27;[0m&amp#27;[38;5;-136m[AndroidUiautomator2Driver@d531]&amp#27;[0m Calling AppiumDriver.findElements() with args: ["xpath","//android.widget.TextView[@text='ADD TO CART']","fa87a5a1-0712-4028-9a51-08dcff6a111f"]
&amp#27;[38;5;188m[fa87a5a1]&amp#27;[0m&amp#27;[38;5;-136m[AndroidUiautomator2Driver@d531]&amp#27;[0m Valid locator strategies for this request: xpath, id, class name, accessibility id, css selector, -android uiautomator
&amp#27;[38;5;188m[fa87a5a1]&amp#27;[0m&amp#27;[38;5;-136m[AndroidUiautomator2Driver@d531]&amp#27;[0m Waiting up to 0 ms for condition
&amp#27;[38;5;188m[fa87a5a1]&amp#27;[0m&amp#27;[38;5;-136m[AndroidUiautomator2Driver@d531]&amp#27;[0m Matched '/elements' to command name 'findElements'
&amp#27;[38;5;188m[fa87a5a1]&amp#27;[0m&amp#27;[38;5;-136m[AndroidUiautomator2Driver@d531]&amp#27;[0m Proxying [POST /elements] to [POST http://127.0.0.1:8201/session/70f9dc6d-0fcd-4b57-b85e-66c6386e6db1/elements] with body: {"strategy":"xpath","selector":"//android.widget.TextView[@text='ADD TO CART']","context":"","multiple":true}
&amp#27;[38;5;188m[fa87a5a1]&amp#27;[0m&amp#27;[38;5;-136m[AndroidUiautomator2Driver@d531]&amp#27;[0m Got response with status 200: {"sessionId":"70f9dc6d-0fcd-4b57-b85e-66c6386e6db1","value":[]}
&amp#27;[38;5;188m[fa87a5a1]&amp#27;[0m&amp#27;[38;5;-136m[AndroidUiautomator2Driver@d531]&amp#27;[0m Responding to client with driver.findElements() result: []
&amp#27;[38;5;188m[fa87a5a1]&amp#27;[0m&amp#27;[38;5;86m[HTTP]&amp#27;[0m &amp#27;[37m<-- POST /session/fa87a5a1-0712-4028-9a51-08dcff6a111f/elements &amp#27;[39m&amp#27;[32m200&amp#27;[39m &amp#27;[90m494 ms - 12&amp#27;[39m &amp#27;[90m&amp#27;[39m
&amp#27;[38;5;188m[fa87a5a1]&amp#27;[0m&amp#27;[38;5;86m[HTTP]&amp#27;[0m &amp#27;[37m-->&amp#27;[39m &amp#27;[37mGET&amp#27;[39m &amp#27;[37m/session/fa87a5a1-0712-4028-9a51-08dcff6a111f/context&amp#27;[39m &amp#27;[90m{}&amp#27;[39m
&amp#27;[38;5;188m[fa87a5a1]&amp#27;[0m&amp#27;[38;5;-136m[AndroidUiautomator2Driver@d531]&amp#27;[0m Calling AppiumDriver.getCurrentContext() with args: ["fa87a5a1-0712-4028-9a51-08dcff6a111f"]
&amp#27;[38;5;188m[fa87a5a1]&amp#27;[0m&amp#27;[38;5;-136m[AndroidUiautomator2Driver@d531]&amp#27;[0m Responding to client with driver.getCurrentContext() result: "NATIVE_APP"
&amp#27;[38;5;188m[fa87a5a1]&amp#27;[0m&amp#27;[38;5;86m[HTTP]&amp#27;[0m &amp#27;[37m<-- GET /session/fa87a5a1-0712-4028-9a51-08dcff6a111f/context &amp#27;[39m&amp#27;[32m200&amp#27;[39m &amp#27;[90m1 ms - 22&amp#27;[39m &amp#27;[90m&amp#27;[39m
&amp#27;[38;5;188m[fa87a5a1]&amp#27;[0m&amp#27;[38;5;86m[HTTP]&amp#27;[0m &amp#27;[37m-->&amp#27;[39m &amp#27;[37mPOST&amp#27;[39m &amp#27;[37m/session/fa87a5a1-0712-4028-9a51-08dcff6a111f/elements&amp#27;[39m &amp#27;[90m{"using":"xpath","value":"//android.widget.TextView[@text='ADD TO CART']"}&amp#27;[39m
&amp#27;[38;5;188m[fa87a5a1]&amp#27;[0m&amp#27;[38;5;-136m[AndroidUiautomator2Driver@d531]&amp#27;[0m Calling AppiumDriver.findElements() with args: ["xpath","//android.widget.TextView[@text='ADD TO CART']","fa87a5a1-0712-4028-9a51-08dcff6a111f"]
&amp#27;[38;5;188m[fa87a5a1]&amp#27;[0m&amp#27;[38;5;-136m[AndroidUiautomator2Driver@d531]&amp#27;[0m Valid locator strategies for this request: xpath, id, class name, accessibility id, css selector, -android uiautomator
&amp#27;[38;5;188m[fa87a5a1]&amp#27;[0m&amp#27;[38;5;-136m[AndroidUiautomator2Driver@d531]&amp#27;[0m Waiting up to 0 ms for condition
&amp#27;[38;5;188m[fa87a5a1]&amp#27;[0m&amp#27;[38;5;-136m[AndroidUiautomator2Driver@d531]&amp#27;[0m Matched '/elements' to command name 'findElements'
&amp#27;[38;5;188m[fa87a5a1]&amp#27;[0m&amp#27;[38;5;-136m[AndroidUiautomator2Driver@d531]&amp#27;[0m Proxying [POST /elements] to [POST http://127.0.0.1:8201/session/70f9dc6d-0fcd-4b57-b85e-66c6386e6db1/elements] with body: {"strategy":"xpath","selector":"//android.widget.TextView[@text='ADD TO CART']","context":"","multiple":true}
&amp#27;[38;5;188m[fa87a5a1]&amp#27;[0m&amp#27;[38;5;-136m[AndroidUiautomator2Driver@d531]&amp#27;[0m Got response with status 200: {"sessionId":"70f9dc6d-0fcd-4b57-b85e-66c6386e6db1","value":[{"ELEMENT":"00000000-0000-06b7-ffff-ffff00000051","element-6066-11e4-a52e-4f735466cecf":"00000000-0000-06b7-ffff-ffff00000051"},{"ELEMENT":"00000000-0000-06b7-ffff-ffff00000059","element-6066-11e4-a52e-4f735466cecf":"00000000-0000-06b7-ffff-ffff00000059"}]}
&amp#27;[38;5;188m[fa87a5a1]&amp#27;[0m&amp#27;[38;5;-136m[AndroidUiautomator2Driver@d531]&amp#27;[0m Responding to client with driver.findElements() result: [{"element-6066-11e4-a52e-4f735466cecf":"00000000-0000-06b7-ffff-ffff00000051","ELEMENT":"00000000-0000-06b7-ffff-ffff00000051"},{"element-6066-11e4-a52e-4f735466cecf":"00000000-0000-06b7-ffff-ffff00000059","ELEMENT":"00000000-0000-06b7-ffff-ffff00000059"}]
&amp#27;[38;5;188m[fa87a5a1]&amp#27;[0m&amp#27;[38;5;86m[HTTP]&amp#27;[0m &amp#27;[37m<-- POST /session/fa87a5a1-0712-4028-9a51-08dcff6a111f/elements &amp#27;[39m&amp#27;[32m200&amp#27;[39m &amp#27;[90m645 ms - 267&amp#27;[39m &amp#27;[90m&amp#27;[39m
&amp#27;[38;5;188m[fa87a5a1]&amp#27;[0m&amp#27;[38;5;86m[HTTP]&amp#27;[0m &amp#27;[37m-->&amp#27;[39m &amp#27;[37mGET&amp#27;[39m &amp#27;[37m/session/fa87a5a1-0712-4028-9a51-08dcff6a111f/context&amp#27;[39m &amp#27;[90m{}&amp#27;[39m
&amp#27;[38;5;188m[fa87a5a1]&amp#27;[0m&amp#27;[38;5;-136m[AndroidUiautomator2Driver@d531]&amp#27;[0m Calling AppiumDriver.getCurrentContext() with args: ["fa87a5a1-0712-4028-9a51-08dcff6a111f"]
&amp#27;[38;5;188m[fa87a5a1]&amp#27;[0m&amp#27;[38;5;-136m[AndroidUiautomator2Driver@d531]&amp#27;[0m Responding to client with driver.getCurrentContext() result: "NATIVE_APP"
&amp#27;[38;5;188m[fa87a5a1]&amp#27;[0m&amp#27;[38;5;86m[HTTP]&amp#27;[0m &amp#27;[37m<-- GET /session/fa87a5a1-0712-4028-9a51-08dcff6a111f/context &amp#27;[39m&amp#27;[32m200&amp#27;[39m &amp#27;[90m1 ms - 22&amp#27;[39m &amp#27;[90m&amp#27;[39m
&amp#27;[38;5;188m[fa87a5a1]&amp#27;[0m&amp#27;[38;5;86m[HTTP]&amp#27;[0m &amp#27;[37m-->&amp#27;[39m &amp#27;[37mPOST&amp#27;[39m &amp#27;[37m/session/fa87a5a1-0712-4028-9a51-08dcff6a111f/elements&amp#27;[39m &amp#27;[90m{"using":"xpath","value":"//android.widget.TextView[@text='ADD TO CART']"}&amp#27;[39m
&amp#27;[38;5;188m[fa87a5a1]&amp#27;[0m&amp#27;[38;5;-136m[AndroidUiautomator2Driver@d531]&amp#27;[0m Calling AppiumDriver.findElements() with args: ["xpath","//android.widget.TextView[@text='ADD TO CART']","fa87a5a1-0712-4028-9a51-08dcff6a111f"]
&amp#27;[38;5;188m[fa87a5a1]&amp#27;[0m&amp#27;[38;5;-136m[AndroidUiautomator2Driver@d531]&amp#27;[0m Valid locator strategies for this request: xpath, id, class name, accessibility id, css selector, -android uiautomator
&amp#27;[38;5;188m[fa87a5a1]&amp#27;[0m&amp#27;[38;5;-136m[AndroidUiautomator2Driver@d531]&amp#27;[0m Waiting up to 0 ms for condition
&amp#27;[38;5;188m[fa87a5a1]&amp#27;[0m&amp#27;[38;5;-136m[AndroidUiautomator2Driver@d531]&amp#27;[0m Matched '/elements' to command name 'findElements'
&amp#27;[38;5;188m[fa87a5a1]&amp#27;[0m&amp#27;[38;5;-136m[AndroidUiautomator2Driver@d531]&amp#27;[0m Proxying [POST /elements] to [POST http://127.0.0.1:8201/session/70f9dc6d-0fcd-4b57-b85e-66c6386e6db1/elements] with body: {"strategy":"xpath","selector":"//android.widget.TextView[@text='ADD TO CART']","context":"","multiple":true}
&amp#27;[38;5;188m[fa87a5a1]&amp#27;[0m&amp#27;[38;5;-136m[AndroidUiautomator2Driver@d531]&amp#27;[0m Got response with status 200: {"sessionId":"70f9dc6d-0fcd-4b57-b85e-66c6386e6db1","value":[{"ELEMENT":"00000000-0000-06b7-ffff-ffff00000051","element-6066-11e4-a52e-4f735466cecf":"00000000-0000-06b7-ffff-ffff00000051"},{"ELEMENT":"00000000-0000-06b7-ffff-ffff00000059","element-6066-11e4-a52e-4f735466cecf":"00000000-0000-06b7-ffff-ffff00000059"}]}
&amp#27;[38;5;188m[fa87a5a1]&amp#27;[0m&amp#27;[38;5;-136m[AndroidUiautomator2Driver@d531]&amp#27;[0m Responding to client with driver.findElements() result: [{"element-6066-11e4-a52e-4f735466cecf":"00000000-0000-06b7-ffff-ffff00000051","ELEMENT":"00000000-0000-06b7-ffff-ffff00000051"},{"element-6066-11e4-a52e-4f735466cecf":"00000000-0000-06b7-ffff-ffff00000059","ELEMENT":"00000000-0000-06b7-ffff-ffff00000059"}]
&amp#27;[38;5;188m[fa87a5a1]&amp#27;[0m&amp#27;[38;5;86m[HTTP]&amp#27;[0m &amp#27;[37m<-- POST /session/fa87a5a1-0712-4028-9a51-08dcff6a111f/elements &amp#27;[39m&amp#27;[32m200&amp#27;[39m &amp#27;[90m92 ms - 267&amp#27;[39m &amp#27;[90m&amp#27;[39m
&amp#27;[38;5;188m[fa87a5a1]&amp#27;[0m&amp#27;[38;5;86m[HTTP]&amp#27;[0m &amp#27;[37m-->&amp#27;[39m &amp#27;[37mGET&amp#27;[39m &amp#27;[37m/session/fa87a5a1-0712-4028-9a51-08dcff6a111f/element/00000000-0000-06b7-ffff-ffff00000051/displayed&amp#27;[39m &amp#27;[90m{}&amp#27;[39m
&amp#27;[38;5;188m[fa87a5a1]&amp#27;[0m&amp#27;[38;5;-136m[AndroidUiautomator2Driver@d531]&amp#27;[0m Calling AppiumDriver.elementDisplayed() with args: ["00000000-0000-06b7-ffff-ffff00000051","fa87a5a1-0712-4028-9a51-08dcff6a111f"]
&amp#27;[38;5;188m[fa87a5a1]&amp#27;[0m&amp#27;[38;5;-136m[AndroidUiautomator2Driver@d531]&amp#27;[0m Matched '/element/00000000-0000-06b7-ffff-ffff00000051/attribute/displayed' to command name 'getAttribute'
&amp#27;[38;5;188m[fa87a5a1]&amp#27;[0m&amp#27;[38;5;-136m[AndroidUiautomator2Driver@d531]&amp#27;[0m Proxying [GET /element/00000000-0000-06b7-ffff-ffff00000051/attribute/displayed] to [GET http://127.0.0.1:8201/session/70f9dc6d-0fcd-4b57-b85e-66c6386e6db1/element/00000000-0000-06b7-ffff-ffff00000051/attribute/displayed] with no body
&amp#27;[38;5;188m[fa87a5a1]&amp#27;[0m&amp#27;[38;5;-136m[AndroidUiautomator2Driver@d531]&amp#27;[0m Got response with status 200: {"sessionId":"70f9dc6d-0fcd-4b57-b85e-66c6386e6db1","value":"true"}
&amp#27;[38;5;188m[fa87a5a1]&amp#27;[0m&amp#27;[38;5;-136m[AndroidUiautomator2Driver@d531]&amp#27;[0m Responding to client with driver.elementDisplayed() result: true
&amp#27;[38;5;188m[fa87a5a1]&amp#27;[0m&amp#27;[38;5;86m[HTTP]&amp#27;[0m &amp#27;[37m<-- GET /session/fa87a5a1-0712-4028-9a51-08dcff6a111f/element/00000000-0000-06b7-ffff-ffff00000051/displayed &amp#27;[39m&amp#27;[32m200&amp#27;[39m &amp#27;[90m16 ms - 14&amp#27;[39m &amp#27;[90m&amp#27;[39m
&amp#27;[38;5;188m[fa87a5a1]&amp#27;[0m&amp#27;[38;5;86m[HTTP]&amp#27;[0m &amp#27;[37m-->&amp#27;[39m &amp#27;[37mPOST&amp#27;[39m &amp#27;[37m/session/fa87a5a1-0712-4028-9a51-08dcff6a111f/element/00000000-0000-06b7-ffff-ffff00000051/click&amp#27;[39m &amp#27;[90m{"id":"00000000-0000-06b7-ffff-ffff00000051"}&amp#27;[39m
&amp#27;[38;5;188m[fa87a5a1]&amp#27;[0m&amp#27;[38;5;-136m[AndroidUiautomator2Driver@d531]&amp#27;[0m Calling AppiumDriver.click() with args: ["00000000-0000-06b7-ffff-ffff00000051","fa87a5a1-0712-4028-9a51-08dcff6a111f"]
&amp#27;[38;5;188m[fa87a5a1]&amp#27;[0m&amp#27;[38;5;-136m[AndroidUiautomator2Driver@d531]&amp#27;[0m Matched '/element/00000000-0000-06b7-ffff-ffff00000051/click' to command name 'click'
&amp#27;[38;5;188m[fa87a5a1]&amp#27;[0m&amp#27;[38;5;-136m[AndroidUiautomator2Driver@d531]&amp#27;[0m Proxying [POST /element/00000000-0000-06b7-ffff-ffff00000051/click] to [POST http://127.0.0.1:8201/session/70f9dc6d-0fcd-4b57-b85e-66c6386e6db1/element/00000000-0000-06b7-ffff-ffff00000051/click] with body: {"element":"00000000-0000-06b7-ffff-ffff00000051"}
&amp#27;[38;5;188m[fa87a5a1]&amp#27;[0m&amp#27;[38;5;-136m[AndroidUiautomator2Driver@d531]&amp#27;[0m Got response with status 200: {"sessionId":"70f9dc6d-0fcd-4b57-b85e-66c6386e6db1","value":null}
&amp#27;[38;5;188m[fa87a5a1]&amp#27;[0m&amp#27;[38;5;-136m[AndroidUiautomator2Driver@d531]&amp#27;[0m Responding to client with driver.click() result: null
&amp#27;[38;5;188m[fa87a5a1]&amp#27;[0m&amp#27;[38;5;86m[HTTP]&amp#27;[0m &amp#27;[37m<-- POST /session/fa87a5a1-0712-4028-9a51-08dcff6a111f/element/00000000-0000-06b7-ffff-ffff00000051/click &amp#27;[39m&amp#27;[32m200&amp#27;[39m &amp#27;[90m556 ms - 14&amp#27;[39m &amp#27;[90m&amp#27;[39m
&amp#27;[38;5;188m[fa87a5a1]&amp#27;[0m&amp#27;[38;5;86m[HTTP]&amp#27;[0m &amp#27;[37m-->&amp#27;[39m &amp#27;[37mGET&amp#27;[39m &amp#27;[37m/session/fa87a5a1-0712-4028-9a51-08dcff6a111f/context&amp#27;[39m &amp#27;[90m{}&amp#27;[39m
&amp#27;[38;5;188m[fa87a5a1]&amp#27;[0m&amp#27;[38;5;-136m[AndroidUiautomator2Driver@d531]&amp#27;[0m Calling AppiumDriver.getCurrentContext() with args: ["fa87a5a1-0712-4028-9a51-08dcff6a111f"]
&amp#27;[38;5;188m[fa87a5a1]&amp#27;[0m&amp#27;[38;5;-136m[AndroidUiautomator2Driver@d531]&amp#27;[0m Responding to client with driver.getCurrentContext() result: "NATIVE_APP"
&amp#27;[38;5;188m[fa87a5a1]&amp#27;[0m&amp#27;[38;5;86m[HTTP]&amp#27;[0m &amp#27;[37m<-- GET /session/fa87a5a1-0712-4028-9a51-08dcff6a111f/context &amp#27;[39m&amp#27;[32m200&amp#27;[39m &amp#27;[90m1 ms - 22&amp#27;[39m &amp#27;[90m&amp#27;[39m
&amp#27;[38;5;188m[fa87a5a1]&amp#27;[0m&amp#27;[38;5;86m[HTTP]&amp#27;[0m &amp#27;[37m-->&amp#27;[39m &amp#27;[37mPOST&amp#27;[39m &amp#27;[37m/session/fa87a5a1-0712-4028-9a51-08dcff6a111f/element&amp#27;[39m &amp#27;[90m{"using":"id","value":"com.androidsample.generalstore:id/appbar_btn_cart"}&amp#27;[39m
&amp#27;[38;5;188m[fa87a5a1]&amp#27;[0m&amp#27;[38;5;-136m[AndroidUiautomator2Driver@d531]&amp#27;[0m Calling AppiumDriver.findElement() with args: ["id","com.androidsample.generalstore:id/appbar_btn_cart","fa87a5a1-0712-4028-9a51-08dcff6a111f"]
&amp#27;[38;5;188m[fa87a5a1]&amp#27;[0m&amp#27;[38;5;-136m[AndroidUiautomator2Driver@d531]&amp#27;[0m Valid locator strategies for this request: xpath, id, class name, accessibility id, css selector, -android uiautomator
&amp#27;[38;5;188m[fa87a5a1]&amp#27;[0m&amp#27;[38;5;-136m[AndroidUiautomator2Driver@d531]&amp#27;[0m Waiting up to 0 ms for condition
&amp#27;[38;5;188m[fa87a5a1]&amp#27;[0m&amp#27;[38;5;-136m[AndroidUiautomator2Driver@d531]&amp#27;[0m Matched '/element' to command name 'findElement'
&amp#27;[38;5;188m[fa87a5a1]&amp#27;[0m&amp#27;[38;5;-136m[AndroidUiautomator2Driver@d531]&amp#27;[0m Proxying [POST /element] to [POST http://127.0.0.1:8201/session/70f9dc6d-0fcd-4b57-b85e-66c6386e6db1/element] with body: {"strategy":"id","selector":"com.androidsample.generalstore:id/appbar_btn_cart","context":"","multiple":false}
&amp#27;[38;5;188m[fa87a5a1]&amp#27;[0m&amp#27;[38;5;-136m[AndroidUiautomator2Driver@d531]&amp#27;[0m Got response with status 200: {"sessionId":"70f9dc6d-0fcd-4b57-b85e-66c6386e6db1","value":{"ELEMENT":"00000000-0000-06b7-ffff-ffff00000044","element-6066-11e4-a52e-4f735466cecf":"00000000-0000-06b7-ffff-ffff00000044"}}
&amp#27;[38;5;188m[fa87a5a1]&amp#27;[0m&amp#27;[38;5;-136m[AndroidUiautomator2Driver@d531]&amp#27;[0m Responding to client with driver.findElement() result: {"element-6066-11e4-a52e-4f735466cecf":"00000000-0000-06b7-ffff-ffff00000044","ELEMENT":"00000000-0000-06b7-ffff-ffff00000044"}
&amp#27;[38;5;188m[fa87a5a1]&amp#27;[0m&amp#27;[38;5;86m[HTTP]&amp#27;[0m &amp#27;[37m<-- POST /session/fa87a5a1-0712-4028-9a51-08dcff6a111f/element &amp#27;[39m&amp#27;[32m200&amp#27;[39m &amp#27;[90m21 ms - 137&amp#27;[39m &amp#27;[90m&amp#27;[39m
&amp#27;[38;5;188m[fa87a5a1]&amp#27;[0m&amp#27;[38;5;86m[HTTP]&amp#27;[0m &amp#27;[37m-->&amp#27;[39m &amp#27;[37mGET&amp#27;[39m &amp#27;[37m/session/fa87a5a1-0712-4028-9a51-08dcff6a111f/element/00000000-0000-06b7-ffff-ffff00000044/displayed&amp#27;[39m &amp#27;[90m{}&amp#27;[39m
&amp#27;[38;5;188m[fa87a5a1]&amp#27;[0m&amp#27;[38;5;-136m[AndroidUiautomator2Driver@d531]&amp#27;[0m Calling AppiumDriver.elementDisplayed() with args: ["00000000-0000-06b7-ffff-ffff00000044","fa87a5a1-0712-4028-9a51-08dcff6a111f"]
&amp#27;[38;5;188m[fa87a5a1]&amp#27;[0m&amp#27;[38;5;-136m[AndroidUiautomator2Driver@d531]&amp#27;[0m Matched '/element/00000000-0000-06b7-ffff-ffff00000044/attribute/displayed' to command name 'getAttribute'
&amp#27;[38;5;188m[fa87a5a1]&amp#27;[0m&amp#27;[38;5;-136m[AndroidUiautomator2Driver@d531]&amp#27;[0m Proxying [GET /element/00000000-0000-06b7-ffff-ffff00000044/attribute/displayed] to [GET http://127.0.0.1:8201/session/70f9dc6d-0fcd-4b57-b85e-66c6386e6db1/element/00000000-0000-06b7-ffff-ffff00000044/attribute/displayed] with no body
&amp#27;[38;5;188m[fa87a5a1]&amp#27;[0m&amp#27;[38;5;-136m[AndroidUiautomator2Driver@d531]&amp#27;[0m Got response with status 200: {"sessionId":"70f9dc6d-0fcd-4b57-b85e-66c6386e6db1","value":"true"}
&amp#27;[38;5;188m[fa87a5a1]&amp#27;[0m&amp#27;[38;5;-136m[AndroidUiautomator2Driver@d531]&amp#27;[0m Responding to client with driver.elementDisplayed() result: true
&amp#27;[38;5;188m[fa87a5a1]&amp#27;[0m&amp#27;[38;5;86m[HTTP]&amp#27;[0m &amp#27;[37m<-- GET /session/fa87a5a1-0712-4028-9a51-08dcff6a111f/element/00000000-0000-06b7-ffff-ffff00000044/displayed &amp#27;[39m&amp#27;[32m200&amp#27;[39m &amp#27;[90m16 ms - 14&amp#27;[39m &amp#27;[90m&amp#27;[39m
&amp#27;[38;5;188m[fa87a5a1]&amp#27;[0m&amp#27;[38;5;86m[HTTP]&amp#27;[0m &amp#27;[37m-->&amp#27;[39m &amp#27;[37mGET&amp#27;[39m &amp#27;[37m/session/fa87a5a1-0712-4028-9a51-08dcff6a111f/context&amp#27;[39m &amp#27;[90m{}&amp#27;[39m
&amp#27;[38;5;188m[fa87a5a1]&amp#27;[0m&amp#27;[38;5;-136m[AndroidUiautomator2Driver@d531]&amp#27;[0m Calling AppiumDriver.getCurrentContext() with args: ["fa87a5a1-0712-4028-9a51-08dcff6a111f"]
&amp#27;[38;5;188m[fa87a5a1]&amp#27;[0m&amp#27;[38;5;-136m[AndroidUiautomator2Driver@d531]&amp#27;[0m Responding to client with driver.getCurrentContext() result: "NATIVE_APP"
&amp#27;[38;5;188m[fa87a5a1]&amp#27;[0m&amp#27;[38;5;86m[HTTP]&amp#27;[0m &amp#27;[37m<-- GET /session/fa87a5a1-0712-4028-9a51-08dcff6a111f/context &amp#27;[39m&amp#27;[32m200&amp#27;[39m &amp#27;[90m1 ms - 22&amp#27;[39m &amp#27;[90m&amp#27;[39m
&amp#27;[38;5;188m[fa87a5a1]&amp#27;[0m&amp#27;[38;5;86m[HTTP]&amp#27;[0m &amp#27;[37m-->&amp#27;[39m &amp#27;[37mPOST&amp#27;[39m &amp#27;[37m/session/fa87a5a1-0712-4028-9a51-08dcff6a111f/element&amp#27;[39m &amp#27;[90m{"using":"id","value":"com.androidsample.generalstore:id/appbar_btn_cart"}&amp#27;[39m
&amp#27;[38;5;188m[fa87a5a1]&amp#27;[0m&amp#27;[38;5;-136m[AndroidUiautomator2Driver@d531]&amp#27;[0m Calling AppiumDriver.findElement() with args: ["id","com.androidsample.generalstore:id/appbar_btn_cart","fa87a5a1-0712-4028-9a51-08dcff6a111f"]
&amp#27;[38;5;188m[fa87a5a1]&amp#27;[0m&amp#27;[38;5;-136m[AndroidUiautomator2Driver@d531]&amp#27;[0m Valid locator strategies for this request: xpath, id, class name, accessibility id, css selector, -android uiautomator
&amp#27;[38;5;188m[fa87a5a1]&amp#27;[0m&amp#27;[38;5;-136m[AndroidUiautomator2Driver@d531]&amp#27;[0m Waiting up to 0 ms for condition
&amp#27;[38;5;188m[fa87a5a1]&amp#27;[0m&amp#27;[38;5;-136m[AndroidUiautomator2Driver@d531]&amp#27;[0m Matched '/element' to command name 'findElement'
&amp#27;[38;5;188m[fa87a5a1]&amp#27;[0m&amp#27;[38;5;-136m[AndroidUiautomator2Driver@d531]&amp#27;[0m Proxying [POST /element] to [POST http://127.0.0.1:8201/session/70f9dc6d-0fcd-4b57-b85e-66c6386e6db1/element] with body: {"strategy":"id","selector":"com.androidsample.generalstore:id/appbar_btn_cart","context":"","multiple":false}
&amp#27;[38;5;188m[fa87a5a1]&amp#27;[0m&amp#27;[38;5;-136m[AndroidUiautomator2Driver@d531]&amp#27;[0m Got response with status 200: {"sessionId":"70f9dc6d-0fcd-4b57-b85e-66c6386e6db1","value":{"ELEMENT":"00000000-0000-06b7-ffff-ffff00000044","element-6066-11e4-a52e-4f735466cecf":"00000000-0000-06b7-ffff-ffff00000044"}}
&amp#27;[38;5;188m[fa87a5a1]&amp#27;[0m&amp#27;[38;5;-136m[AndroidUiautomator2Driver@d531]&amp#27;[0m Responding to client with driver.findElement() result: {"element-6066-11e4-a52e-4f735466cecf":"00000000-0000-06b7-ffff-ffff00000044","ELEMENT":"00000000-0000-06b7-ffff-ffff00000044"}
&amp#27;[38;5;188m[fa87a5a1]&amp#27;[0m&amp#27;[38;5;86m[HTTP]&amp#27;[0m &amp#27;[37m<-- POST /session/fa87a5a1-0712-4028-9a51-08dcff6a111f/element &amp#27;[39m&amp#27;[32m200&amp#27;[39m &amp#27;[90m25 ms - 137&amp#27;[39m &amp#27;[90m&amp#27;[39m
&amp#27;[38;5;188m[fa87a5a1]&amp#27;[0m&amp#27;[38;5;86m[HTTP]&amp#27;[0m &amp#27;[37m-->&amp#27;[39m &amp#27;[37mPOST&amp#27;[39m &amp#27;[37m/session/fa87a5a1-0712-4028-9a51-08dcff6a111f/element/00000000-0000-06b7-ffff-ffff00000044/click&amp#27;[39m &amp#27;[90m{"id":"00000000-0000-06b7-ffff-ffff00000044"}&amp#27;[39m
&amp#27;[38;5;188m[fa87a5a1]&amp#27;[0m&amp#27;[38;5;-136m[AndroidUiautomator2Driver@d531]&amp#27;[0m Calling AppiumDriver.click() with args: ["00000000-0000-06b7-ffff-ffff00000044","fa87a5a1-0712-4028-9a51-08dcff6a111f"]
&amp#27;[38;5;188m[fa87a5a1]&amp#27;[0m&amp#27;[38;5;-136m[AndroidUiautomator2Driver@d531]&amp#27;[0m Matched '/element/00000000-0000-06b7-ffff-ffff00000044/click' to command name 'click'
&amp#27;[38;5;188m[fa87a5a1]&amp#27;[0m&amp#27;[38;5;-136m[AndroidUiautomator2Driver@d531]&amp#27;[0m Proxying [POST /element/00000000-0000-06b7-ffff-ffff00000044/click] to [POST http://127.0.0.1:8201/session/70f9dc6d-0fcd-4b57-b85e-66c6386e6db1/element/00000000-0000-06b7-ffff-ffff00000044/click] with body: {"element":"00000000-0000-06b7-ffff-ffff00000044"}
&amp#27;[38;5;188m[fa87a5a1]&amp#27;[0m&amp#27;[38;5;-136m[AndroidUiautomator2Driver@d531]&amp#27;[0m Got response with status 200: {"sessionId":"70f9dc6d-0fcd-4b57-b85e-66c6386e6db1","value":null}
&amp#27;[38;5;188m[fa87a5a1]&amp#27;[0m&amp#27;[38;5;-136m[AndroidUiautomator2Driver@d531]&amp#27;[0m Responding to client with driver.click() result: null
&amp#27;[38;5;188m[fa87a5a1]&amp#27;[0m&amp#27;[38;5;86m[HTTP]&amp#27;[0m &amp#27;[37m<-- POST /session/fa87a5a1-0712-4028-9a51-08dcff6a111f/element/00000000-0000-06b7-ffff-ffff00000044/click &amp#27;[39m&amp#27;[32m200&amp#27;[39m &amp#27;[90m86 ms - 14&amp#27;[39m &amp#27;[90m&amp#27;[39m
&amp#27;[38;5;188m[fa87a5a1]&amp#27;[0m&amp#27;[38;5;86m[HTTP]&amp#27;[0m &amp#27;[37m-->&amp#27;[39m &amp#27;[37mGET&amp#27;[39m &amp#27;[37m/session/fa87a5a1-0712-4028-9a51-08dcff6a111f/context&amp#27;[39m &amp#27;[90m{}&amp#27;[39m
&amp#27;[38;5;188m[fa87a5a1]&amp#27;[0m&amp#27;[38;5;-136m[AndroidUiautomator2Driver@d531]&amp#27;[0m Calling AppiumDriver.getCurrentContext() with args: ["fa87a5a1-0712-4028-9a51-08dcff6a111f"]
&amp#27;[38;5;188m[fa87a5a1]&amp#27;[0m&amp#27;[38;5;-136m[AndroidUiautomator2Driver@d531]&amp#27;[0m Responding to client with driver.getCurrentContext() result: "NATIVE_APP"
&amp#27;[38;5;188m[fa87a5a1]&amp#27;[0m&amp#27;[38;5;86m[HTTP]&amp#27;[0m &amp#27;[37m<-- GET /session/fa87a5a1-0712-4028-9a51-08dcff6a111f/context &amp#27;[39m&amp#27;[32m200&amp#27;[39m &amp#27;[90m2 ms - 22&amp#27;[39m &amp#27;[90m&amp#27;[39m
&amp#27;[38;5;188m[fa87a5a1]&amp#27;[0m&amp#27;[38;5;86m[HTTP]&amp#27;[0m &amp#27;[37m-->&amp#27;[39m &amp#27;[37mPOST&amp#27;[39m &amp#27;[37m/session/fa87a5a1-0712-4028-9a51-08dcff6a111f/element&amp#27;[39m &amp#27;[90m{"using":"xpath","value":"//android.widget.TextView[@resource-id='com.androidsample.generalstore:id/productName']"}&amp#27;[39m
&amp#27;[38;5;188m[fa87a5a1]&amp#27;[0m&amp#27;[38;5;-136m[AndroidUiautomator2Driver@d531]&amp#27;[0m Calling AppiumDriver.findElement() with args: ["xpath","//android.widget.TextView[@resource-id='com.androidsample.generalstore:id/productName']","fa87a5a1-0712-4028-9a51-08dcff6a111f"]
&amp#27;[38;5;188m[fa87a5a1]&amp#27;[0m&amp#27;[38;5;-136m[AndroidUiautomator2Driver@d531]&amp#27;[0m Valid locator strategies for this request: xpath, id, class name, accessibility id, css selector, -android uiautomator
&amp#27;[38;5;188m[fa87a5a1]&amp#27;[0m&amp#27;[38;5;-136m[AndroidUiautomator2Driver@d531]&amp#27;[0m Waiting up to 0 ms for condition
&amp#27;[38;5;188m[fa87a5a1]&amp#27;[0m&amp#27;[38;5;-136m[AndroidUiautomator2Driver@d531]&amp#27;[0m Matched '/element' to command name 'findElement'
&amp#27;[38;5;188m[fa87a5a1]&amp#27;[0m&amp#27;[38;5;-136m[AndroidUiautomator2Driver@d531]&amp#27;[0m Proxying [POST /element] to [POST http://127.0.0.1:8201/session/70f9dc6d-0fcd-4b57-b85e-66c6386e6db1/element] with body: {"strategy":"xpath","selector":"//android.widget.TextView[@resource-id='com.androidsample.generalstore:id/productName']","context":"","multiple":false}
&amp#27;[38;5;188m[fa87a5a1]&amp#27;[0m&amp#27;[38;5;-136m[AndroidUiautomator2Driver@d531]&amp#27;[0m Got response with status 200: {"sessionId":"70f9dc6d-0fcd-4b57-b85e-66c6386e6db1","value":{"ELEMENT":"00000000-0000-06b8-ffff-ffff00000083","element-6066-11e4-a52e-4f735466cecf":"00000000-0000-06b8-ffff-ffff00000083"}}
&amp#27;[38;5;188m[fa87a5a1]&amp#27;[0m&amp#27;[38;5;-136m[AndroidUiautomator2Driver@d531]&amp#27;[0m Responding to client with driver.findElement() result: {"element-6066-11e4-a52e-4f735466cecf":"00000000-0000-06b8-ffff-ffff00000083","ELEMENT":"00000000-0000-06b8-ffff-ffff00000083"}
&amp#27;[38;5;188m[fa87a5a1]&amp#27;[0m&amp#27;[38;5;86m[HTTP]&amp#27;[0m &amp#27;[37m<-- POST /session/fa87a5a1-0712-4028-9a51-08dcff6a111f/element &amp#27;[39m&amp#27;[32m200&amp#27;[39m &amp#27;[90m1355 ms - 137&amp#27;[39m &amp#27;[90m&amp#27;[39m
&amp#27;[38;5;188m[fa87a5a1]&amp#27;[0m&amp#27;[38;5;86m[HTTP]&amp#27;[0m &amp#27;[37m-->&amp#27;[39m &amp#27;[37mGET&amp#27;[39m &amp#27;[37m/session/fa87a5a1-0712-4028-9a51-08dcff6a111f/element/00000000-0000-06b8-ffff-ffff00000083/displayed&amp#27;[39m &amp#27;[90m{}&amp#27;[39m
&amp#27;[38;5;188m[fa87a5a1]&amp#27;[0m&amp#27;[38;5;-136m[AndroidUiautomator2Driver@d531]&amp#27;[0m Calling AppiumDriver.elementDisplayed() with args: ["00000000-0000-06b8-ffff-ffff00000083","fa87a5a1-0712-4028-9a51-08dcff6a111f"]
&amp#27;[38;5;188m[fa87a5a1]&amp#27;[0m&amp#27;[38;5;-136m[AndroidUiautomator2Driver@d531]&amp#27;[0m Matched '/element/00000000-0000-06b8-ffff-ffff00000083/attribute/displayed' to command name 'getAttribute'
&amp#27;[38;5;188m[fa87a5a1]&amp#27;[0m&amp#27;[38;5;-136m[AndroidUiautomator2Driver@d531]&amp#27;[0m Proxying [GET /element/00000000-0000-06b8-ffff-ffff00000083/attribute/displayed] to [GET http://127.0.0.1:8201/session/70f9dc6d-0fcd-4b57-b85e-66c6386e6db1/element/00000000-0000-06b8-ffff-ffff00000083/attribute/displayed] with no body
&amp#27;[38;5;188m[fa87a5a1]&amp#27;[0m&amp#27;[38;5;-136m[AndroidUiautomator2Driver@d531]&amp#27;[0m Got response with status 200: {"sessionId":"70f9dc6d-0fcd-4b57-b85e-66c6386e6db1","value":"true"}
&amp#27;[38;5;188m[fa87a5a1]&amp#27;[0m&amp#27;[38;5;-136m[AndroidUiautomator2Driver@d531]&amp#27;[0m Responding to client with driver.elementDisplayed() result: true
&amp#27;[38;5;188m[fa87a5a1]&amp#27;[0m&amp#27;[38;5;86m[HTTP]&amp#27;[0m &amp#27;[37m<-- GET /session/fa87a5a1-0712-4028-9a51-08dcff6a111f/element/00000000-0000-06b8-ffff-ffff00000083/displayed &amp#27;[39m&amp#27;[32m200&amp#27;[39m &amp#27;[90m15 ms - 14&amp#27;[39m &amp#27;[90m&amp#27;[39m
&amp#27;[38;5;188m[fa87a5a1]&amp#27;[0m&amp#27;[38;5;86m[HTTP]&amp#27;[0m &amp#27;[37m-->&amp#27;[39m &amp#27;[37mGET&amp#27;[39m &amp#27;[37m/session/fa87a5a1-0712-4028-9a51-08dcff6a111f/context&amp#27;[39m &amp#27;[90m{}&amp#27;[39m
&amp#27;[38;5;188m[fa87a5a1]&amp#27;[0m&amp#27;[38;5;-136m[AndroidUiautomator2Driver@d531]&amp#27;[0m Calling AppiumDriver.getCurrentContext() with args: ["fa87a5a1-0712-4028-9a51-08dcff6a111f"]
&amp#27;[38;5;188m[fa87a5a1]&amp#27;[0m&amp#27;[38;5;-136m[AndroidUiautomator2Driver@d531]&amp#27;[0m Responding to client with driver.getCurrentContext() result: "NATIVE_APP"
&amp#27;[38;5;188m[fa87a5a1]&amp#27;[0m&amp#27;[38;5;86m[HTTP]&amp#27;[0m &amp#27;[37m<-- GET /session/fa87a5a1-0712-4028-9a51-08dcff6a111f/context &amp#27;[39m&amp#27;[32m200&amp#27;[39m &amp#27;[90m1 ms - 22&amp#27;[39m &amp#27;[90m&amp#27;[39m
&amp#27;[38;5;188m[fa87a5a1]&amp#27;[0m&amp#27;[38;5;86m[HTTP]&amp#27;[0m &amp#27;[37m-->&amp#27;[39m &amp#27;[37mPOST&amp#27;[39m &amp#27;[37m/session/fa87a5a1-0712-4028-9a51-08dcff6a111f/element&amp#27;[39m &amp#27;[90m{"using":"xpath","value":"//android.widget.TextView[@resource-id='com.androidsample.generalstore:id/productName']"}&amp#27;[39m
&amp#27;[38;5;188m[fa87a5a1]&amp#27;[0m&amp#27;[38;5;-136m[AndroidUiautomator2Driver@d531]&amp#27;[0m Calling AppiumDriver.findElement() with args: ["xpath","//android.widget.TextView[@resource-id='com.androidsample.generalstore:id/productName']","fa87a5a1-0712-4028-9a51-08dcff6a111f"]
&amp#27;[38;5;188m[fa87a5a1]&amp#27;[0m&amp#27;[38;5;-136m[AndroidUiautomator2Driver@d531]&amp#27;[0m Valid locator strategies for this request: xpath, id, class name, accessibility id, css selector, -android uiautomator
&amp#27;[38;5;188m[fa87a5a1]&amp#27;[0m&amp#27;[38;5;-136m[AndroidUiautomator2Driver@d531]&amp#27;[0m Waiting up to 0 ms for condition
&amp#27;[38;5;188m[fa87a5a1]&amp#27;[0m&amp#27;[38;5;-136m[AndroidUiautomator2Driver@d531]&amp#27;[0m Matched '/element' to command name 'findElement'
&amp#27;[38;5;188m[fa87a5a1]&amp#27;[0m&amp#27;[38;5;-136m[AndroidUiautomator2Driver@d531]&amp#27;[0m Proxying [POST /element] to [POST http://127.0.0.1:8201/session/70f9dc6d-0fcd-4b57-b85e-66c6386e6db1/element] with body: {"strategy":"xpath","selector":"//android.widget.TextView[@resource-id='com.androidsample.generalstore:id/productName']","context":"","multiple":false}
&amp#27;[38;5;188m[fa87a5a1]&amp#27;[0m&amp#27;[38;5;-136m[AndroidUiautomator2Driver@d531]&amp#27;[0m Got response with status 200: {"sessionId":"70f9dc6d-0fcd-4b57-b85e-66c6386e6db1","value":{"ELEMENT":"00000000-0000-06b8-ffff-ffff00000083","element-6066-11e4-a52e-4f735466cecf":"00000000-0000-06b8-ffff-ffff00000083"}}
&amp#27;[38;5;188m[fa87a5a1]&amp#27;[0m&amp#27;[38;5;-136m[AndroidUiautomator2Driver@d531]&amp#27;[0m Responding to client with driver.findElement() result: {"element-6066-11e4-a52e-4f735466cecf":"00000000-0000-06b8-ffff-ffff00000083","ELEMENT":"00000000-0000-06b8-ffff-ffff00000083"}
&amp#27;[38;5;188m[fa87a5a1]&amp#27;[0m&amp#27;[38;5;86m[HTTP]&amp#27;[0m &amp#27;[37m<-- POST /session/fa87a5a1-0712-4028-9a51-08dcff6a111f/element &amp#27;[39m&amp#27;[32m200&amp#27;[39m &amp#27;[90m107 ms - 137&amp#27;[39m &amp#27;[90m&amp#27;[39m
&amp#27;[38;5;188m[fa87a5a1]&amp#27;[0m&amp#27;[38;5;86m[HTTP]&amp#27;[0m &amp#27;[37m-->&amp#27;[39m &amp#27;[37mGET&amp#27;[39m &amp#27;[37m/session/fa87a5a1-0712-4028-9a51-08dcff6a111f/element/00000000-0000-06b8-ffff-ffff00000083/displayed&amp#27;[39m &amp#27;[90m{}&amp#27;[39m
&amp#27;[38;5;188m[fa87a5a1]&amp#27;[0m&amp#27;[38;5;-136m[AndroidUiautomator2Driver@d531]&amp#27;[0m Calling AppiumDriver.elementDisplayed() with args: ["00000000-0000-06b8-ffff-ffff00000083","fa87a5a1-0712-4028-9a51-08dcff6a111f"]
&amp#27;[38;5;188m[fa87a5a1]&amp#27;[0m&amp#27;[38;5;-136m[AndroidUiautomator2Driver@d531]&amp#27;[0m Matched '/element/00000000-0000-06b8-ffff-ffff00000083/attribute/displayed' to command name 'getAttribute'
&amp#27;[38;5;188m[fa87a5a1]&amp#27;[0m&amp#27;[38;5;-136m[AndroidUiautomator2Driver@d531]&amp#27;[0m Proxying [GET /element/00000000-0000-06b8-ffff-ffff00000083/attribute/displayed] to [GET http://127.0.0.1:8201/session/70f9dc6d-0fcd-4b57-b85e-66c6386e6db1/element/00000000-0000-06b8-ffff-ffff00000083/attribute/displayed] with no body
&amp#27;[38;5;188m[fa87a5a1]&amp#27;[0m&amp#27;[38;5;-136m[AndroidUiautomator2Driver@d531]&amp#27;[0m Got response with status 200: {"sessionId":"70f9dc6d-0fcd-4b57-b85e-66c6386e6db1","value":"true"}
&amp#27;[38;5;188m[fa87a5a1]&amp#27;[0m&amp#27;[38;5;-136m[AndroidUiautomator2Driver@d531]&amp#27;[0m Responding to client with driver.elementDisplayed() result: true
&amp#27;[38;5;188m[fa87a5a1]&amp#27;[0m&amp#27;[38;5;86m[HTTP]&amp#27;[0m &amp#27;[37m<-- GET /session/fa87a5a1-0712-4028-9a51-08dcff6a111f/element/00000000-0000-06b8-ffff-ffff00000083/displayed &amp#27;[39m&amp#27;[32m200&amp#27;[39m &amp#27;[90m17 ms - 14&amp#27;[39m &amp#27;[90m&amp#27;[39m
Test Passed: productInCart
]]></system-out>
  </testcase>
  <testcase name="productPriceSumVerification[{name=Raj, country=Austria, product=Converse All Star, genderFemale=Female, genderMale=Male}](1)" classname="testCases.CartPageTest" time="17.64">
    <system-out><![CDATA[&amp#27;[38;5;188m[fa87a5a1]&amp#27;[0m&amp#27;[38;5;86m[HTTP]&amp#27;[0m &amp#27;[37m-->&amp#27;[39m &amp#27;[37mDELETE&amp#27;[39m &amp#27;[37m/session/fa87a5a1-0712-4028-9a51-08dcff6a111f&amp#27;[39m &amp#27;[90m{}&amp#27;[39m
&amp#27;[38;5;188m[fa87a5a1]&amp#27;[0m&amp#27;[38;5;-136m[AndroidUiautomator2Driver@d531]&amp#27;[0m Calling AppiumDriver.deleteSession() with args: ["fa87a5a1-0712-4028-9a51-08dcff6a111f"]
&amp#27;[38;5;188m[fa87a5a1]&amp#27;[0m&amp#27;[38;5;98m[AppiumDriver@b78c]&amp#27;[0m Event 'quitSessionRequested' logged at 1744634770834 (18:16:10 GMT+0530 (India Standard Time))
&amp#27;[38;5;188m[fa87a5a1]&amp#27;[0m&amp#27;[38;5;98m[AppiumDriver@b78c]&amp#27;[0m Removing session fa87a5a1-0712-4028-9a51-08dcff6a111f from our master session list
&amp#27;[38;5;188m[fa87a5a1]&amp#27;[0m&amp#27;[38;5;-136m[AndroidUiautomator2Driver@d531]&amp#27;[0m Deleting UiAutomator2 session
&amp#27;[38;5;188m[fa87a5a1]&amp#27;[0m&amp#27;[38;5;-136m[AndroidUiautomator2Driver@d531]&amp#27;[0m Deleting UiAutomator2 server session
&amp#27;[38;5;188m[fa87a5a1]&amp#27;[0m&amp#27;[38;5;-136m[AndroidUiautomator2Driver@d531]&amp#27;[0m Matched '/' to command name 'deleteSession'
&amp#27;[38;5;188m[fa87a5a1]&amp#27;[0m&amp#27;[38;5;-136m[AndroidUiautomator2Driver@d531]&amp#27;[0m Proxying [DELETE /] to [DELETE http://127.0.0.1:8201/session/70f9dc6d-0fcd-4b57-b85e-66c6386e6db1] with no body
&amp#27;[38;5;188m[fa87a5a1]&amp#27;[0m&amp#27;[38;5;-136m[AndroidUiautomator2Driver@d531]&amp#27;[0m Got response with status 200: {"sessionId":"70f9dc6d-0fcd-4b57-b85e-66c6386e6db1","value":null}
&amp#27;[38;5;188m[fa87a5a1]&amp#27;[0m&amp#27;[38;5;-136m[AndroidUiautomator2Driver@d531]&amp#27;[0m [Instrumentation] io.appium.uiautomator2.server.test.AppiumUiAutomator2Server:
&amp#27;[38;5;188m[fa87a5a1]&amp#27;[0m&amp#27;[38;5;-136m[AndroidUiautomator2Driver@d531]&amp#27;[0m [Instrumentation] The process has exited with code null, signal SIGTERM
&amp#27;[38;5;188m[fa87a5a1]&amp#27;[0m&amp#27;[38;5;229m[ADB]&amp#27;[0m Running 'C:\Users\User1\AppData\Local\Android\Sdk\platform-tools\adb.exe -P 5037 -s emulator-5554 shell dumpsys activity services io.appium.settings/.recorder.RecorderService'
&amp#27;[38;5;188m[fa87a5a1]&amp#27;[0m&amp#27;[38;5;229m[ADB]&amp#27;[0m Running 'C:\Users\User1\AppData\Local\Android\Sdk\platform-tools\adb.exe -P 5037 -s emulator-5554 shell am force-stop com.androidsample.generalstore'
&amp#27;[38;5;188m[fa87a5a1]&amp#27;[0m&amp#27;[38;5;229m[ADB]&amp#27;[0m Removing forwarded port socket connection: 8201 
&amp#27;[38;5;188m[fa87a5a1]&amp#27;[0m&amp#27;[38;5;229m[ADB]&amp#27;[0m Running 'C:\Users\User1\AppData\Local\Android\Sdk\platform-tools\adb.exe -P 5037 -s emulator-5554 forward --remove tcp:8201'
&amp#27;[38;5;188m[fa87a5a1]&amp#27;[0m&amp#27;[38;5;-136m[AndroidUiautomator2Driver@d531]&amp#27;[0m Restoring hidden api policy to the device default configuration
&amp#27;[38;5;188m[fa87a5a1]&amp#27;[0m&amp#27;[38;5;229m[ADB]&amp#27;[0m Running 'C:\Users\User1\AppData\Local\Android\Sdk\platform-tools\adb.exe -P 5037 -s emulator-5554 shell 'settings delete global hidden_api_policy_pre_p_apps;settings delete global hidden_api_policy_p_apps;settings delete global hidden_api_policy''
&amp#27;[38;5;188m[fa87a5a1]&amp#27;[0m&amp#27;[38;5;160m[Logcat]&amp#27;[0m Stopping logcat capture
&amp#27;[38;5;188m[fa87a5a1]&amp#27;[0m&amp#27;[38;5;98m[AppiumDriver@b78c]&amp#27;[0m Event 'quitSessionFinished' logged at 1744634771268 (18:16:11 GMT+0530 (India Standard Time))
&amp#27;[38;5;188m[fa87a5a1]&amp#27;[0m&amp#27;[38;5;98m[AppiumDriver@b78c]&amp#27;[0m Received response: null
&amp#27;[38;5;188m[fa87a5a1]&amp#27;[0m&amp#27;[38;5;98m[AppiumDriver@b78c]&amp#27;[0m But deleting session, so not returning
&amp#27;[38;5;188m[fa87a5a1]&amp#27;[0m&amp#27;[38;5;98m[AppiumDriver@b78c]&amp#27;[0m Responding to client with driver.deleteSession() result: null
&amp#27;[38;5;188m[fa87a5a1]&amp#27;[0m&amp#27;[38;5;86m[HTTP]&amp#27;[0m &amp#27;[37m<-- DELETE /session/fa87a5a1-0712-4028-9a51-08dcff6a111f &amp#27;[39m&amp#27;[32m200&amp#27;[39m &amp#27;[90m436 ms - 14&amp#27;[39m &amp#27;[90m&amp#27;[39m
&amp#27;[38;5;112m[Appium]&amp#27;[0m Welcome to Appium v2.11.5
&amp#27;[38;5;112m[Appium]&amp#27;[0m The autodetected Appium home path: C:\Users\User1\.appium
&amp#27;[38;5;112m[Appium]&amp#27;[0m Attempting to load driver uiautomator2...
&amp#27;[38;5;112m[Appium]&amp#27;[0m Attempting to load driver xcuitest...
&amp#27;[38;5;112m[Appium]&amp#27;[0m Attempting to load driver espresso...
&amp#27;[38;5;112m[Appium]&amp#27;[0m Requiring driver at C:\Users\User1\.appium\node_modules\appium-uiautomator2-driver\build\index.js
&amp#27;[38;5;112m[Appium]&amp#27;[0m Requiring driver at C:\Users\User1\.appium\node_modules\appium-espresso-driver\build\index.js
&amp#27;[38;5;112m[Appium]&amp#27;[0m Requiring driver at C:\Users\User1\.appium\node_modules\appium-xcuitest-driver\build\index.js
&amp#27;[38;5;112m[Appium]&amp#27;[0m AndroidUiautomator2Driver has been successfully loaded in 2.475s
&amp#27;[38;5;112m[Appium]&amp#27;[0m EspressoDriver has been successfully loaded in 2.474s
&amp#27;[38;5;112m[Appium]&amp#27;[0m XCUITestDriver has been successfully loaded in 2.475s
&amp#27;[38;5;112m[Appium]&amp#27;[0m Attempting to load driver gecko...
&amp#27;[38;5;112m[Appium]&amp#27;[0m Requiring driver at C:\Users\User1\.appium\node_modules\appium-geckodriver\build\index.js
&amp#27;[38;5;112m[Appium]&amp#27;[0m GeckoDriver has been successfully loaded in 0.096s
&amp#27;[38;5;112m[Appium]&amp#27;[0m Appium REST http interface listener started on http://0.0.0.0:4723
&amp#27;[38;5;112m[Appium]&amp#27;[0m You can provide the following URLs in your client code to connect to this server:
	http://192.168.0.114:4723/
	http://127.0.0.1:4723/ (only accessible from the same host)
&amp#27;[38;5;112m[Appium]&amp#27;[0m Available drivers:
&amp#27;[38;5;112m[Appium]&amp#27;[0m   - uiautomator2@3.8.0 (automationName 'UiAutomator2')
&amp#27;[38;5;112m[Appium]&amp#27;[0m   - xcuitest@7.27.1 (automationName 'XCUITest')
&amp#27;[38;5;112m[Appium]&amp#27;[0m   - espresso@3.5.0 (automationName 'Espresso')
&amp#27;[38;5;112m[Appium]&amp#27;[0m   - gecko@1.4.0 (automationName 'Gecko')
&amp#27;[38;5;112m[Appium]&amp#27;[0m No plugins have been installed. Use the "appium plugin" command to install the one(s) you want to use.
&amp#27;[38;5;86m[HTTP]&amp#27;[0m &amp#27;[37m-->&amp#27;[39m &amp#27;[37mGET&amp#27;[39m &amp#27;[37m/status&amp#27;[39m &amp#27;[90m{}&amp#27;[39m
&amp#27;[38;5;142m[AppiumDriver@d556]&amp#27;[0m Calling AppiumDriver.getStatus() with args: []
&amp#27;[38;5;142m[AppiumDriver@d556]&amp#27;[0m Responding to client with driver.getStatus() result: {"ready":true,"message":"The server is ready to accept new connections","build":{"version":"2.11.5"}}
&amp#27;[38;5;86m[HTTP]&amp#27;[0m &amp#27;[37m<-- GET /status &amp#27;[39m&amp#27;[32m200&amp#27;[39m &amp#27;[90m8 ms - 111&amp#27;[39m &amp#27;[90m&amp#27;[39m
&amp#27;[38;5;86m[HTTP]&amp#27;[0m Request idempotency key: 35a69c28-3954-4c8b-a4e9-4bd47a1dd144
&amp#27;[38;5;86m[HTTP]&amp#27;[0m &amp#27;[37m-->&amp#27;[39m &amp#27;[37mPOST&amp#27;[39m &amp#27;[37m/session&amp#27;[39m &amp#27;[90m{"capabilities":{"firstMatch":[{"appium:chromedriverExecutable":"C://Users//User1//Downloads//chromedriver-win64//chromedriver-win64//chromedriver.exe","appium:deviceName":"Rajemulator","platformName":"ANDROID","appium:automationName":"UIAutomator2","appium:app":"C:\\Users\\User1\\eclipse-workspace\\eCommerceFramework//src//main//resources//General-Store.apk"}]}}&amp#27;[39m
&amp#27;[38;5;142m[AppiumDriver@d556]&amp#27;[0m Calling AppiumDriver.createSession() with args: [null,null,{"firstMatch":[{"appium:chromedriverExecutable":"C://Users//User1//Downloads//chromedriver-win64//chromedriver-win64//chromedriver.exe","appium:deviceName":"Rajemulator","platformName":"ANDROID","appium:automationName":"UIAutomator2","appium:app":"C:\\Users\\User1\\eclipse-workspace\\eCommerceFramework//src//main//resources//General-Store.apk"}]}]
&amp#27;[38;5;142m[AppiumDriver@d556]&amp#27;[0m Event 'newSessionRequested' logged at 1744634776101 (18:16:16 GMT+0530 (India Standard Time))
&amp#27;[38;5;112m[Appium]&amp#27;[0m Attempting to find matching driver for automationName 'UIAutomator2' and platformName 'ANDROID'
&amp#27;[38;5;112m[Appium]&amp#27;[0m The 'uiautomator2' driver was installed and matched caps.
&amp#27;[38;5;112m[Appium]&amp#27;[0m Will require it at C:\Users\User1\.appium\node_modules\appium-uiautomator2-driver
&amp#27;[38;5;112m[Appium]&amp#27;[0m Requiring driver at C:\Users\User1\.appium\node_modules\appium-uiautomator2-driver\build\index.js
&amp#27;[38;5;142m[AppiumDriver@d556]&amp#27;[0m Appium v2.11.5 creating new AndroidUiautomator2Driver (v3.8.0) session
&amp#27;[38;5;142m[AppiumDriver@d556]&amp#27;[0m Checking BaseDriver versions for Appium and AndroidUiautomator2Driver
&amp#27;[38;5;142m[AppiumDriver@d556]&amp#27;[0m Appium's BaseDriver version is 9.11.5
&amp#27;[38;5;142m[AppiumDriver@d556]&amp#27;[0m AndroidUiautomator2Driver's BaseDriver version is 9.11.5
&amp#27;[38;5;-28m[AndroidUiautomator2Driver@0539]&amp#27;[0m 
&amp#27;[38;5;-28m[AndroidUiautomator2Driver@0539]&amp#27;[0m Creating session with W3C capabilities: {
  "alwaysMatch": {
    "platformName": "ANDROID",
    "appium:chromedriverExecutable": "C://Users//User1//Downloads//chromedriver-win64//chromedriver-win64//chromedriver.exe",
    "appium:deviceName": "Rajemulator",
    "appium:automationName": "UIAutomator2",
    "appium:app": "C:\\Users\\User1\\eclipse-workspace\\eCommerceFramework//src//main//resources//General-Store.apk"
  },
  "firstMatch": [
    {}
  ]
}
&amp#27;[38;5;21m[fdd953ca]&amp#27;[0m&amp#27;[38;5;-28m[AndroidUiautomator2Driver@0539]&amp#27;[0m Session created with session id: fdd953ca-6237-40b1-886a-13e33b8360eb
&amp#27;[38;5;21m[fdd953ca]&amp#27;[0m&amp#27;[38;5;229m[ADB]&amp#27;[0m Found 3 'build-tools' folders under 'C:\Users\User1\AppData\Local\Android\Sdk' (newest first):
&amp#27;[38;5;21m[fdd953ca]&amp#27;[0m&amp#27;[38;5;229m[ADB]&amp#27;[0m     C:\Users\User1\AppData\Local\Android\Sdk\build-tools\36.0.0-rc1
&amp#27;[38;5;21m[fdd953ca]&amp#27;[0m&amp#27;[38;5;229m[ADB]&amp#27;[0m     C:\Users\User1\AppData\Local\Android\Sdk\build-tools\35.0.0
&amp#27;[38;5;21m[fdd953ca]&amp#27;[0m&amp#27;[38;5;229m[ADB]&amp#27;[0m     C:\Users\User1\AppData\Local\Android\Sdk\build-tools\34.0.0
&amp#27;[38;5;21m[fdd953ca]&amp#27;[0m&amp#27;[38;5;229m[ADB]&amp#27;[0m Using 'adb.exe' from 'C:\Users\User1\AppData\Local\Android\Sdk\platform-tools\adb.exe'
&amp#27;[38;5;21m[fdd953ca]&amp#27;[0m&amp#27;[38;5;229m[ADB]&amp#27;[0m Running 'C:\Users\User1\AppData\Local\Android\Sdk\platform-tools\adb.exe -P 5037 start-server'
&amp#27;[38;5;21m[fdd953ca]&amp#27;[0m&amp#27;[38;5;-28m[AndroidUiautomator2Driver@0539]&amp#27;[0m Retrieving device list
&amp#27;[38;5;21m[fdd953ca]&amp#27;[0m&amp#27;[38;5;229m[ADB]&amp#27;[0m Trying to find connected Android devices
&amp#27;[38;5;21m[fdd953ca]&amp#27;[0m&amp#27;[38;5;229m[ADB]&amp#27;[0m Getting connected devices
&amp#27;[38;5;21m[fdd953ca]&amp#27;[0m&amp#27;[38;5;229m[ADB]&amp#27;[0m Connected devices: [{"udid":"emulator-5554","state":"device"}]
&amp#27;[38;5;21m[fdd953ca]&amp#27;[0m&amp#27;[38;5;-28m[AndroidUiautomator2Driver@0539]&amp#27;[0m Using device: emulator-5554
&amp#27;[38;5;21m[fdd953ca]&amp#27;[0m&amp#27;[38;5;229m[ADB]&amp#27;[0m Using 'adb.exe' from 'C:\Users\User1\AppData\Local\Android\Sdk\platform-tools\adb.exe'
&amp#27;[38;5;21m[fdd953ca]&amp#27;[0m&amp#27;[38;5;229m[ADB]&amp#27;[0m Running 'C:\Users\User1\AppData\Local\Android\Sdk\platform-tools\adb.exe -P 5037 start-server'
&amp#27;[38;5;21m[fdd953ca]&amp#27;[0m&amp#27;[38;5;229m[ADB]&amp#27;[0m Setting device id to emulator-5554
&amp#27;[38;5;21m[fdd953ca]&amp#27;[0m&amp#27;[38;5;123m[BaseDriver]&amp#27;[0m Using local app 'C:\Users\User1\eclipse-workspace\eCommerceFramework//src//main//resources//General-Store.apk'
&amp#27;[38;5;21m[fdd953ca]&amp#27;[0m&amp#27;[38;5;-28m[AndroidUiautomator2Driver@0539]&amp#27;[0m Checking whether app is actually present
&amp#27;[38;5;21m[fdd953ca]&amp#27;[0m&amp#27;[38;5;229m[ADB]&amp#27;[0m Running 'C:\Users\User1\AppData\Local\Android\Sdk\platform-tools\adb.exe -P 5037 -s emulator-5554 shell getprop ro.build.version.sdk'
&amp#27;[38;5;21m[fdd953ca]&amp#27;[0m&amp#27;[38;5;229m[ADB]&amp#27;[0m Current device property 'ro.build.version.sdk': 35
&amp#27;[38;5;21m[fdd953ca]&amp#27;[0m&amp#27;[38;5;229m[ADB]&amp#27;[0m Getting device platform version
&amp#27;[38;5;21m[fdd953ca]&amp#27;[0m&amp#27;[38;5;229m[ADB]&amp#27;[0m Running 'C:\Users\User1\AppData\Local\Android\Sdk\platform-tools\adb.exe -P 5037 -s emulator-5554 shell getprop ro.build.version.release'
&amp#27;[38;5;21m[fdd953ca]&amp#27;[0m&amp#27;[38;5;229m[ADB]&amp#27;[0m Current device property 'ro.build.version.release': 15
&amp#27;[38;5;21m[fdd953ca]&amp#27;[0m&amp#27;[38;5;229m[ADB]&amp#27;[0m Device API level: 35
&amp#27;[38;5;21m[fdd953ca]&amp#27;[0m&amp#27;[38;5;-28m[AndroidUiautomator2Driver@0539]&amp#27;[0m Relaxing hidden api policy
&amp#27;[38;5;21m[fdd953ca]&amp#27;[0m&amp#27;[38;5;229m[ADB]&amp#27;[0m Running 'C:\Users\User1\AppData\Local\Android\Sdk\platform-tools\adb.exe -P 5037 -s emulator-5554 shell 'settings put global hidden_api_policy_pre_p_apps 1;settings put global hidden_api_policy_p_apps 1;settings put global hidden_api_policy 1''
&amp#27;[38;5;21m[fdd953ca]&amp#27;[0m&amp#27;[38;5;-28m[AndroidUiautomator2Driver@0539]&amp#27;[0m Parsing package and activity from app manifest
&amp#27;[38;5;21m[fdd953ca]&amp#27;[0m&amp#27;[38;5;229m[ADB]&amp#27;[0m Running 'C:\Users\User1\AppData\Local\Android\Sdk\platform-tools\adb.exe -P 5037 -s emulator-5554 wait-for-device'
&amp#27;[38;5;21m[fdd953ca]&amp#27;[0m&amp#27;[38;5;229m[ADB]&amp#27;[0m Using 'aapt2.exe' from 'C:\Users\User1\AppData\Local\Android\Sdk\build-tools\36.0.0-rc1\aapt2.exe'
&amp#27;[38;5;21m[fdd953ca]&amp#27;[0m&amp#27;[38;5;229m[ADB]&amp#27;[0m Reading package manifest: 'C:\\Users\\User1\\AppData\\Local\\Android\\Sdk\\build-tools\\36.0.0-rc1\\aapt2.exe dump badging C:\\Users\\User1\\eclipse-workspace\\eCommerceFramework//src//main//resources//General-Store.apk'
&amp#27;[38;5;21m[fdd953ca]&amp#27;[0m&amp#27;[38;5;229m[ADB]&amp#27;[0m Running 'C:\Users\User1\AppData\Local\Android\Sdk\platform-tools\adb.exe -P 5037 -s emulator-5554 shell echo ping'
&amp#27;[38;5;21m[fdd953ca]&amp#27;[0m&amp#27;[38;5;229m[ADB]&amp#27;[0m Package name: 'com.androidsample.generalstore'
&amp#27;[38;5;21m[fdd953ca]&amp#27;[0m&amp#27;[38;5;229m[ADB]&amp#27;[0m Main activity name: 'com.androidsample.generalstore.SplashActivity'
&amp#27;[38;5;21m[fdd953ca]&amp#27;[0m&amp#27;[38;5;-28m[AndroidUiautomator2Driver@0539]&amp#27;[0m Parsed package and activity are: com.androidsample.generalstore/com.androidsample.generalstore.SplashActivity
&amp#27;[38;5;21m[fdd953ca]&amp#27;[0m&amp#27;[38;5;-28m[AndroidUiautomator2Driver@0539]&amp#27;[0m Pushing settings apk to the device...
&amp#27;[38;5;21m[fdd953ca]&amp#27;[0m&amp#27;[38;5;229m[ADB]&amp#27;[0m Getting package info for 'io.appium.settings'
&amp#27;[38;5;21m[fdd953ca]&amp#27;[0m&amp#27;[38;5;229m[ADB]&amp#27;[0m Running 'C:\Users\User1\AppData\Local\Android\Sdk\platform-tools\adb.exe -P 5037 -s emulator-5554 shell dumpsys package io.appium.settings'
&amp#27;[38;5;21m[fdd953ca]&amp#27;[0m&amp#27;[38;5;229m[ADB]&amp#27;[0m Reading package manifest: 'C:\\Users\\User1\\AppData\\Local\\Android\\Sdk\\build-tools\\36.0.0-rc1\\aapt2.exe dump badging C:\\Users\\User1\\.appium\\node_modules\\appium-uiautomator2-driver\\node_modules\\io.appium.settings\\apks\\settings_apk-debug.apk'
&amp#27;[38;5;21m[fdd953ca]&amp#27;[0m&amp#27;[38;5;229m[ADB]&amp#27;[0m The version name of the installed 'io.appium.settings' is greater or equal to the application version name ('5.12.13' >= '5.12.13')
&amp#27;[38;5;21m[fdd953ca]&amp#27;[0m&amp#27;[38;5;229m[ADB]&amp#27;[0m There is no need to install/upgrade 'C:\Users\User1\.appium\node_modules\appium-uiautomator2-driver\node_modules\io.appium.settings\apks\settings_apk-debug.apk'
&amp#27;[38;5;21m[fdd953ca]&amp#27;[0m&amp#27;[38;5;229m[ADB]&amp#27;[0m Running 'C:\Users\User1\AppData\Local\Android\Sdk\platform-tools\adb.exe -P 5037 -s emulator-5554 shell dumpsys activity services io.appium.settings'
&amp#27;[38;5;21m[fdd953ca]&amp#27;[0m&amp#27;[38;5;-28m[AndroidUiautomator2Driver@0539]&amp#27;[0m io.appium.settings is already running. There is no need to reset its permissions.
&amp#27;[38;5;21m[fdd953ca]&amp#27;[0m&amp#27;[38;5;160m[Logcat]&amp#27;[0m Starting logs capture with command: C:\\Users\\User1\\AppData\\Local\\Android\\Sdk\\platform-tools\\adb.exe -P 5037 -s emulator-5554 logcat -v threadtime
&amp#27;[38;5;21m[fdd953ca]&amp#27;[0m&amp#27;[38;5;-28m[AndroidUiautomator2Driver@0539]&amp#27;[0m Forwarding UiAutomator2 Server port 6790 to local port 8201
&amp#27;[38;5;21m[fdd953ca]&amp#27;[0m&amp#27;[38;5;229m[ADB]&amp#27;[0m Forwarding system: 8201 to device: 6790
&amp#27;[38;5;21m[fdd953ca]&amp#27;[0m&amp#27;[38;5;229m[ADB]&amp#27;[0m Running 'C:\Users\User1\AppData\Local\Android\Sdk\platform-tools\adb.exe -P 5037 -s emulator-5554 forward tcp:8201 tcp:6790'
&amp#27;[38;5;21m[fdd953ca]&amp#27;[0m&amp#27;[38;5;229m[ADB]&amp#27;[0m Getting package info for 'io.appium.uiautomator2.server'
&amp#27;[38;5;21m[fdd953ca]&amp#27;[0m&amp#27;[38;5;229m[ADB]&amp#27;[0m Running 'C:\Users\User1\AppData\Local\Android\Sdk\platform-tools\adb.exe -P 5037 -s emulator-5554 shell dumpsys package io.appium.uiautomator2.server'
&amp#27;[38;5;21m[fdd953ca]&amp#27;[0m&amp#27;[38;5;229m[ADB]&amp#27;[0m Getting install status for io.appium.uiautomator2.server.test
&amp#27;[38;5;21m[fdd953ca]&amp#27;[0m&amp#27;[38;5;229m[ADB]&amp#27;[0m Checking app cert for C:\Users\User1\eclipse-workspace\eCommerceFramework//src//main//resources//General-Store.apk
&amp#27;[38;5;21m[fdd953ca]&amp#27;[0m&amp#27;[38;5;229m[ADB]&amp#27;[0m Running 'C:\Users\User1\AppData\Local\Android\Sdk\platform-tools\adb.exe -P 5037 -s emulator-5554 shell cmd package list packages'
&amp#27;[38;5;21m[fdd953ca]&amp#27;[0m&amp#27;[38;5;229m[ADB]&amp#27;[0m Using 'apksigner.jar' from 'C:\Users\User1\AppData\Local\Android\Sdk\build-tools\36.0.0-rc1\lib\apksigner.jar'
&amp#27;[38;5;21m[fdd953ca]&amp#27;[0m&amp#27;[38;5;229m[ADB]&amp#27;[0m Starting apksigner: 'C:\\Program Files\\Java\\jdk-22\\bin\\java.exe' -Xmx1024M -Xss1m -jar C:\\Users\\User1\\AppData\\Local\\Android\\Sdk\\build-tools\\36.0.0-rc1\\lib\\apksigner.jar verify --print-certs C:\\Users\\User1\\eclipse-workspace\\eCommerceFramework//src//main//resources//General-Store.apk
&amp#27;[38;5;21m[fdd953ca]&amp#27;[0m&amp#27;[38;5;229m[ADB]&amp#27;[0m Reading package manifest: 'C:\\Users\\User1\\AppData\\Local\\Android\\Sdk\\build-tools\\36.0.0-rc1\\aapt2.exe dump badging C:\\Users\\User1\\.appium\\node_modules\\appium-uiautomator2-driver\\node_modules\\appium-uiautomator2-server\\apks\\appium-uiautomator2-server-v7.0.25.apk'
&amp#27;[38;5;21m[fdd953ca]&amp#27;[0m&amp#27;[38;5;229m[ADB]&amp#27;[0m 'io.appium.uiautomator2.server.test' is installed
&amp#27;[38;5;21m[fdd953ca]&amp#27;[0m&amp#27;[38;5;229m[ADB]&amp#27;[0m The version name of the installed 'io.appium.uiautomator2.server' is greater or equal to the application version name ('7.0.25' >= '7.0.25')
&amp#27;[38;5;21m[fdd953ca]&amp#27;[0m&amp#27;[38;5;-28m[AndroidUiautomator2Driver@0539]&amp#27;[0m Server packages status: [{"installState":"sameVersionInstalled","appPath":"C:\\Users\\User1\\.appium\\node_modules\\appium-uiautomator2-driver\\node_modules\\appium-uiautomator2-server\\apks\\appium-uiautomator2-server-v7.0.25.apk","appId":"io.appium.uiautomator2.server"},{"installState":"sameVersionInstalled","appPath":"C:\\Users\\User1\\.appium\\node_modules\\appium-uiautomator2-driver\\node_modules\\appium-uiautomator2-server\\apks\\appium-uiautomator2-server-debug-androidTest.apk","appId":"io.appium.uiautomator2.server.test"}]
&amp#27;[38;5;21m[fdd953ca]&amp#27;[0m&amp#27;[38;5;-28m[AndroidUiautomator2Driver@0539]&amp#27;[0m Server packages are not going to be (re)installed
&amp#27;[38;5;21m[fdd953ca]&amp#27;[0m&amp#27;[38;5;-28m[AndroidUiautomator2Driver@0539]&amp#27;[0m Waiting up to 30000ms for services to be available
&amp#27;[38;5;21m[fdd953ca]&amp#27;[0m&amp#27;[38;5;229m[ADB]&amp#27;[0m Running 'C:\Users\User1\AppData\Local\Android\Sdk\platform-tools\adb.exe -P 5037 -s emulator-5554 shell pm list instrumentation'
&amp#27;[38;5;21m[fdd953ca]&amp#27;[0m&amp#27;[38;5;-28m[AndroidUiautomator2Driver@0539]&amp#27;[0m Instrumentation target 'io.appium.uiautomator2.server.test/androidx.test.runner.AndroidJUnitRunner' is available
&amp#27;[38;5;21m[fdd953ca]&amp#27;[0m&amp#27;[38;5;229m[ADB]&amp#27;[0m Adding packages ["io.appium.settings","io.appium.uiautomator2.server","io.appium.uiautomator2.server.test"] to Doze whitelist
&amp#27;[38;5;21m[fdd953ca]&amp#27;[0m&amp#27;[38;5;229m[ADB]&amp#27;[0m Got the following command chunks to execute: [["dumpsys","deviceidle","whitelist","+io.appium.settings",";","dumpsys","deviceidle","whitelist","+io.appium.uiautomator2.server",";","dumpsys","deviceidle","whitelist","+io.appium.uiautomator2.server.test",";"]]
&amp#27;[38;5;21m[fdd953ca]&amp#27;[0m&amp#27;[38;5;229m[ADB]&amp#27;[0m Running 'C:\Users\User1\AppData\Local\Android\Sdk\platform-tools\adb.exe -P 5037 -s emulator-5554 shell dumpsys deviceidle whitelist +io.appium.settings ; dumpsys deviceidle whitelist +io.appium.uiautomator2.server ; dumpsys deviceidle whitelist +io.appium.uiautomator2.server.test ;'
&amp#27;[38;5;21m[fdd953ca]&amp#27;[0m&amp#27;[38;5;229m[ADB]&amp#27;[0m apksigner stdout: Signer #1 certificate DN: C=US, O=Android, CN=Android Debug
Signer #1 certificate SHA-256 digest: f5f5931c019be6bff8a26255f76ae9ef8a8e631d2a702ec10e91110231549eef
Signer #1 certificate SHA-1 digest: b250161db8b5d0a1bd39154c9fd749bdad79c1a3
Signer #1 certificate MD5 digest: 7a5550323d84472ca25a0861c63e0a6c

&amp#27;[38;5;21m[fdd953ca]&amp#27;[0m&amp#27;[38;5;229m[ADB]&amp#27;[0m 'C:\Users\User1\eclipse-workspace\eCommerceFramework//src//main//resources//General-Store.apk' is signed with a non-default certificate
&amp#27;[38;5;21m[fdd953ca]&amp#27;[0m&amp#27;[38;5;229m[ADB]&amp#27;[0m Getting package info for 'com.androidsample.generalstore'
&amp#27;[38;5;21m[fdd953ca]&amp#27;[0m&amp#27;[38;5;229m[ADB]&amp#27;[0m Running 'C:\Users\User1\AppData\Local\Android\Sdk\platform-tools\adb.exe -P 5037 -s emulator-5554 shell dumpsys package com.androidsample.generalstore'
&amp#27;[38;5;21m[fdd953ca]&amp#27;[0m&amp#27;[38;5;229m[ADB]&amp#27;[0m Reading package manifest: 'C:\\Users\\User1\\AppData\\Local\\Android\\Sdk\\build-tools\\36.0.0-rc1\\aapt2.exe dump badging C:\\Users\\User1\\eclipse-workspace\\eCommerceFramework//src//main//resources//General-Store.apk'
&amp#27;[38;5;21m[fdd953ca]&amp#27;[0m&amp#27;[38;5;229m[ADB]&amp#27;[0m The version name of the installed 'com.androidsample.generalstore' is greater or equal to the application version name ('1.0.0' >= '1.0.0')
&amp#27;[38;5;21m[fdd953ca]&amp#27;[0m&amp#27;[38;5;229m[ADB]&amp#27;[0m There is no need to install/upgrade 'C:\Users\User1\eclipse-workspace\eCommerceFramework//src//main//resources//General-Store.apk'
&amp#27;[38;5;21m[fdd953ca]&amp#27;[0m&amp#27;[38;5;-28m[AndroidUiautomator2Driver@0539]&amp#27;[0m Performing fast reset on 'com.androidsample.generalstore'
&amp#27;[38;5;21m[fdd953ca]&amp#27;[0m&amp#27;[38;5;229m[ADB]&amp#27;[0m Getting install status for com.androidsample.generalstore
&amp#27;[38;5;21m[fdd953ca]&amp#27;[0m&amp#27;[38;5;229m[ADB]&amp#27;[0m Running 'C:\Users\User1\AppData\Local\Android\Sdk\platform-tools\adb.exe -P 5037 -s emulator-5554 shell cmd package list packages'
&amp#27;[38;5;21m[fdd953ca]&amp#27;[0m&amp#27;[38;5;229m[ADB]&amp#27;[0m 'com.androidsample.generalstore' is installed
&amp#27;[38;5;21m[fdd953ca]&amp#27;[0m&amp#27;[38;5;229m[ADB]&amp#27;[0m Running 'C:\Users\User1\AppData\Local\Android\Sdk\platform-tools\adb.exe -P 5037 -s emulator-5554 shell am force-stop com.androidsample.generalstore'
&amp#27;[38;5;21m[fdd953ca]&amp#27;[0m&amp#27;[38;5;229m[ADB]&amp#27;[0m Running 'C:\Users\User1\AppData\Local\Android\Sdk\platform-tools\adb.exe -P 5037 -s emulator-5554 shell pm clear com.androidsample.generalstore'
&amp#27;[38;5;21m[fdd953ca]&amp#27;[0m&amp#27;[38;5;-28m[AndroidUiautomator2Driver@0539]&amp#27;[0m Performed fast reset on the installed 'com.androidsample.generalstore' application (stop and clear)
&amp#27;[38;5;21m[fdd953ca]&amp#27;[0m&amp#27;[38;5;-28m[AndroidUiautomator2Driver@0539]&amp#27;[0m Performing shallow cleanup of automation leftovers
&amp#27;[38;5;21m[fdd953ca]&amp#27;[0m&amp#27;[38;5;-28m[AndroidUiautomator2Driver@0539]&amp#27;[0m No obsolete sessions have been detected (socket hang up)
&amp#27;[38;5;21m[fdd953ca]&amp#27;[0m&amp#27;[38;5;229m[ADB]&amp#27;[0m Running 'C:\Users\User1\AppData\Local\Android\Sdk\platform-tools\adb.exe -P 5037 -s emulator-5554 shell am force-stop io.appium.uiautomator2.server'
&amp#27;[38;5;21m[fdd953ca]&amp#27;[0m&amp#27;[38;5;229m[ADB]&amp#27;[0m Running 'C:\Users\User1\AppData\Local\Android\Sdk\platform-tools\adb.exe -P 5037 -s emulator-5554 shell am force-stop io.appium.uiautomator2.server.test'
&amp#27;[38;5;21m[fdd953ca]&amp#27;[0m&amp#27;[38;5;-28m[AndroidUiautomator2Driver@0539]&amp#27;[0m Starting UIAutomator2 server 7.0.25
&amp#27;[38;5;21m[fdd953ca]&amp#27;[0m&amp#27;[38;5;-28m[AndroidUiautomator2Driver@0539]&amp#27;[0m Using UIAutomator2 server from 'C:\Users\User1\.appium\node_modules\appium-uiautomator2-driver\node_modules\appium-uiautomator2-server\apks\appium-uiautomator2-server-v7.0.25.apk' and test from 'C:\Users\User1\.appium\node_modules\appium-uiautomator2-driver\node_modules\appium-uiautomator2-server\apks\appium-uiautomator2-server-debug-androidTest.apk'
&amp#27;[38;5;21m[fdd953ca]&amp#27;[0m&amp#27;[38;5;-28m[AndroidUiautomator2Driver@0539]&amp#27;[0m Waiting up to 30000ms for UiAutomator2 to be online...
&amp#27;[38;5;21m[fdd953ca]&amp#27;[0m&amp#27;[38;5;229m[ADB]&amp#27;[0m Creating ADB subprocess with args: ["-P","5037","-s","emulator-5554","shell","am","instrument","-w","-e","disableAnalytics","true","io.appium.uiautomator2.server.test/androidx.test.runner.AndroidJUnitRunner"]
&amp#27;[38;5;21m[fdd953ca]&amp#27;[0m&amp#27;[38;5;-28m[AndroidUiautomator2Driver@0539]&amp#27;[0m Matched '/status' to command name 'getStatus'
&amp#27;[38;5;21m[fdd953ca]&amp#27;[0m&amp#27;[38;5;-28m[AndroidUiautomator2Driver@0539]&amp#27;[0m Proxying [GET /status] to [GET http://127.0.0.1:8201/status] with no body
&amp#27;[38;5;21m[fdd953ca]&amp#27;[0m&amp#27;[38;5;-28m[AndroidUiautomator2Driver@0539]&amp#27;[0m socket hang up
&amp#27;[38;5;21m[fdd953ca]&amp#27;[0m&amp#27;[38;5;-28m[AndroidUiautomator2Driver@0539]&amp#27;[0m Matched '/status' to command name 'getStatus'
&amp#27;[38;5;21m[fdd953ca]&amp#27;[0m&amp#27;[38;5;-28m[AndroidUiautomator2Driver@0539]&amp#27;[0m Proxying [GET /status] to [GET http://127.0.0.1:8201/status] with no body
&amp#27;[38;5;21m[fdd953ca]&amp#27;[0m&amp#27;[38;5;-28m[AndroidUiautomator2Driver@0539]&amp#27;[0m socket hang up
&amp#27;[38;5;21m[fdd953ca]&amp#27;[0m&amp#27;[38;5;-28m[AndroidUiautomator2Driver@0539]&amp#27;[0m Matched '/status' to command name 'getStatus'
&amp#27;[38;5;21m[fdd953ca]&amp#27;[0m&amp#27;[38;5;-28m[AndroidUiautomator2Driver@0539]&amp#27;[0m Proxying [GET /status] to [GET http://127.0.0.1:8201/status] with no body
&amp#27;[38;5;21m[fdd953ca]&amp#27;[0m&amp#27;[38;5;-28m[AndroidUiautomator2Driver@0539]&amp#27;[0m socket hang up
&amp#27;[38;5;21m[fdd953ca]&amp#27;[0m&amp#27;[38;5;-28m[AndroidUiautomator2Driver@0539]&amp#27;[0m [Instrumentation] 
&amp#27;[38;5;21m[fdd953ca]&amp#27;[0m&amp#27;[38;5;-28m[AndroidUiautomator2Driver@0539]&amp#27;[0m Matched '/status' to command name 'getStatus'
&amp#27;[38;5;21m[fdd953ca]&amp#27;[0m&amp#27;[38;5;-28m[AndroidUiautomator2Driver@0539]&amp#27;[0m Proxying [GET /status] to [GET http://127.0.0.1:8201/status] with no body
&amp#27;[38;5;21m[fdd953ca]&amp#27;[0m&amp#27;[38;5;-28m[AndroidUiautomator2Driver@0539]&amp#27;[0m socket hang up
&amp#27;[38;5;21m[fdd953ca]&amp#27;[0m&amp#27;[38;5;-28m[AndroidUiautomator2Driver@0539]&amp#27;[0m Matched '/status' to command name 'getStatus'
&amp#27;[38;5;21m[fdd953ca]&amp#27;[0m&amp#27;[38;5;-28m[AndroidUiautomator2Driver@0539]&amp#27;[0m Proxying [GET /status] to [GET http://127.0.0.1:8201/status] with no body
&amp#27;[38;5;21m[fdd953ca]&amp#27;[0m&amp#27;[38;5;-28m[AndroidUiautomator2Driver@0539]&amp#27;[0m Got response with status 200: {"sessionId":"None","value":{"message":"UiAutomator2 Server is ready to accept commands","ready":true}}
&amp#27;[38;5;21m[fdd953ca]&amp#27;[0m&amp#27;[38;5;-28m[AndroidUiautomator2Driver@0539]&amp#27;[0m The initialization of the instrumentation process took 4379ms
&amp#27;[38;5;21m[fdd953ca]&amp#27;[0m&amp#27;[38;5;-28m[AndroidUiautomator2Driver@0539]&amp#27;[0m Matched '/session' to command name 'createSession'
&amp#27;[38;5;21m[fdd953ca]&amp#27;[0m&amp#27;[38;5;-28m[AndroidUiautomator2Driver@0539]&amp#27;[0m Proxying [POST /session] to [POST http://127.0.0.1:8201/session] with body: {"capabilities":{"firstMatch":[{"platformName":"ANDROID","chromedriverExecutable":"C://Users//User1//Downloads//chromedriver-win64//chromedriver-win64//chromedriver.exe","deviceName":"emulator-5554","automationName":"UIAutomator2","app":"C:\\Users\\User1\\eclipse-workspace\\eCommerceFramework//src//main//resources//General-Store.apk","platform":"LINUX","webStorageEnabled":false,"takesScreenshot":true,"javascriptEnabled":true,"databaseEnabled":false,"networkConnectionEnabled":true,"locationContextEnabled":false,"warnings":{},"desired":{"platformName":"ANDROID","chromedriverExecutable":"C://Users//User1//Downloads//chromedriver-win64//chromedriver-win64//chromedriver.exe","deviceName":"Rajemulator","automationName":"UIAutomator2","app":"C:\\Users\\User1\\eclipse-workspace\\eCommerceFramework//src//main//resources//General-Store.apk"},"deviceUDID":"emulator-5554","appPackage":"com.androidsample.generalstore"}],"alwaysMatch":{}}}
&amp#27;[38;5;21m[fdd953ca]&amp#27;[0m&amp#27;[38;5;-28m[AndroidUiautomator2Driver@0539]&amp#27;[0m Got response with status 200: {"sessionId":"4f1df9fb-3230-4254-8e62-75f02eb9f626","value":{"capabilities":{"firstMatch":[{"platformName":"ANDROID","chromedriverExecutable":"C://Users//User1//Downloads//chromedriver-win64//chromedriver-win64//chromedriver.exe","deviceName":"emulator-5554","automationName":"UIAutomator2","app":"C:\\Users\\User1\\eclipse-workspace\\eCommerceFramework//src//main//resources//General-Store.apk","platform":"LINUX","webStorageEnabled":false,"takesScreenshot":true,"javascriptEnabled":true,"databaseEnabled":false,"networkConnectionEnabled":true,"locationContextEnabled":false,"warnings":{},"desired":{"platformName":"ANDROID","chromedriverExecutable":"C://Users//User1//Downloads//chromedriver-win64//chromedriver-win64//chromedriver.exe","deviceName":"Rajemulator","automationName":"UIAutomator2","app":"C:\\Users\\User1\\eclipse-workspace\\eCommerceFramework//src//main//resources//General-Store.apk"},"deviceUDID":"emulator-5554","appPackage":"com.androidsample.generalstore"}],"alwaysMatch":{}},"sessionId":"4f1df9fb-...
&amp#27;[38;5;21m[fdd953ca]&amp#27;[0m&amp#27;[38;5;-28m[AndroidUiautomator2Driver@0539]&amp#27;[0m Determined the downstream protocol as 'W3C'
&amp#27;[38;5;21m[fdd953ca]&amp#27;[0m&amp#27;[38;5;-28m[AndroidUiautomator2Driver@0539]&amp#27;[0m Proxying [GET /appium/device/pixel_ratio] to [GET http://127.0.0.1:8201/session/4f1df9fb-3230-4254-8e62-75f02eb9f626/appium/device/pixel_ratio] with no body
&amp#27;[38;5;21m[fdd953ca]&amp#27;[0m&amp#27;[38;5;-28m[AndroidUiautomator2Driver@0539]&amp#27;[0m Matched '/appium/device/system_bars' to command name 'getSystemBars'
&amp#27;[38;5;21m[fdd953ca]&amp#27;[0m&amp#27;[38;5;-28m[AndroidUiautomator2Driver@0539]&amp#27;[0m Proxying [GET /appium/device/system_bars] to [GET http://127.0.0.1:8201/session/4f1df9fb-3230-4254-8e62-75f02eb9f626/appium/device/system_bars] with no body
&amp#27;[38;5;21m[fdd953ca]&amp#27;[0m&amp#27;[38;5;-28m[AndroidUiautomator2Driver@0539]&amp#27;[0m Matched '/window/current/size' to command name 'getWindowSize'
&amp#27;[38;5;21m[fdd953ca]&amp#27;[0m&amp#27;[38;5;-28m[AndroidUiautomator2Driver@0539]&amp#27;[0m Proxying [GET /window/current/size] to [GET http://127.0.0.1:8201/session/4f1df9fb-3230-4254-8e62-75f02eb9f626/window/current/size] with no body
&amp#27;[38;5;21m[fdd953ca]&amp#27;[0m&amp#27;[38;5;-28m[AndroidUiautomator2Driver@0539]&amp#27;[0m Proxying [GET /appium/device/info] to [GET http://127.0.0.1:8201/session/4f1df9fb-3230-4254-8e62-75f02eb9f626/appium/device/info] with no body
&amp#27;[38;5;21m[fdd953ca]&amp#27;[0m&amp#27;[38;5;229m[ADB]&amp#27;[0m Running 'C:\Users\User1\AppData\Local\Android\Sdk\platform-tools\adb.exe -P 5037 -s emulator-5554 shell dumpsys window'
&amp#27;[38;5;21m[fdd953ca]&amp#27;[0m&amp#27;[38;5;229m[ADB]&amp#27;[0m Running 'C:\Users\User1\AppData\Local\Android\Sdk\platform-tools\adb.exe -P 5037 -s emulator-5554 shell dumpsys power'
&amp#27;[38;5;21m[fdd953ca]&amp#27;[0m&amp#27;[38;5;-28m[AndroidUiautomator2Driver@0539]&amp#27;[0m Got response with status 200: {"sessionId":"4f1df9fb-3230-4254-8e62-75f02eb9f626","value":2.75}
&amp#27;[38;5;21m[fdd953ca]&amp#27;[0m&amp#27;[38;5;-28m[AndroidUiautomator2Driver@0539]&amp#27;[0m Got response with status 200: {"sessionId":"4f1df9fb-3230-4254-8e62-75f02eb9f626","value":{"height":2220,"width":1080}}
&amp#27;[38;5;21m[fdd953ca]&amp#27;[0m&amp#27;[38;5;-28m[AndroidUiautomator2Driver@0539]&amp#27;[0m Got response with status 200: {"sessionId":"4f1df9fb-3230-4254-8e62-75f02eb9f626","value":{"statusBar":66}}
&amp#27;[38;5;21m[fdd953ca]&amp#27;[0m&amp#27;[38;5;-28m[AndroidUiautomator2Driver@0539]&amp#27;[0m Got response with status 200: {"sessionId":"4f1df9fb-3230-4254-8e62-75f02eb9f626","value":{"androidId":"ccd4b39f6a24ddc3","apiVersion":"35","bluetooth":{"state":"OFF"},"brand":"google","carrierName":"T-Mobile","displayDensity":440,"locale":"en_US","manufacturer":"Google","model":"sdk_gphone64_x86_64","networks":[{"capabilities":{"SSID":null,"linkDownBandwidthKbps":4300,"linkUpstreamBandwidthKbps":1800,"networkCapabilities":"NET_CAPABILITY_MMS,NET_CAPABILITY_SUPL,NET_CAPABILITY_IA,NET_CAPABILITY_XCAP,NET_CAPABILITY_INTERNET,NET_CAPABILITY_NOT_RESTRICTED,NET_CAPABILITY_TRUSTED,NET_CAPABILITY_NOT_VPN,NET_CAPABILITY_VALIDATED,NET_CAPABILITY_NOT_ROAMING,NET_CAPABILITY_NOT_CONGESTED,NET_CAPABILITY_NOT_SUSPENDED","signalStrength":-2147483648,"transportTypes":"TRANSPORT_CELLULAR"},"detailedState":"CONNECTED","extraInfo":"fast.t-mobile.com","isAvailable":true,"isConnected":true,"isFailover":false,"isRoaming":false,"state":"CONNECTED","subtype":10,"subtypeName":"HSPA","type":0,"typeName":"MOBILE"},{"capabilities":{"SSID":null,"linkDownBandwidthK...
&amp#27;[38;5;21m[fdd953ca]&amp#27;[0m&amp#27;[38;5;-28m[AndroidUiautomator2Driver@0539]&amp#27;[0m Screen already unlocked, doing nothing
&amp#27;[38;5;21m[fdd953ca]&amp#27;[0m&amp#27;[38;5;-28m[AndroidUiautomator2Driver@0539]&amp#27;[0m Starting 'com.androidsample.generalstore/com.androidsample.generalstore.SplashActivity and waiting for 'com.androidsample.generalstore/com.androidsample.generalstore.SplashActivity'
&amp#27;[38;5;21m[fdd953ca]&amp#27;[0m&amp#27;[38;5;229m[ADB]&amp#27;[0m Running 'C:\Users\User1\AppData\Local\Android\Sdk\platform-tools\adb.exe -P 5037 -s emulator-5554 shell am start -W -n com.androidsample.generalstore/com.androidsample.generalstore.SplashActivity -S -a android.intent.action.MAIN -c android.intent.category.LAUNCHER -f 0x10200000'
&amp#27;[38;5;21m[fdd953ca]&amp#27;[0m&amp#27;[38;5;229m[ADB]&amp#27;[0m Waiting up to 20000ms for activity matching pkg: 'com.androidsample.generalstore' and activity: 'com.androidsample.generalstore.SplashActivity' to be focused
&amp#27;[38;5;21m[fdd953ca]&amp#27;[0m&amp#27;[38;5;229m[ADB]&amp#27;[0m Possible activities, to be checked: 'com.androidsample.generalstore.SplashActivity', 'com.androidsample.generalstore.com.androidsample.generalstore.SplashActivity'
&amp#27;[38;5;21m[fdd953ca]&amp#27;[0m&amp#27;[38;5;229m[ADB]&amp#27;[0m Getting focused package and activity
&amp#27;[38;5;21m[fdd953ca]&amp#27;[0m&amp#27;[38;5;229m[ADB]&amp#27;[0m Running 'C:\Users\User1\AppData\Local\Android\Sdk\platform-tools\adb.exe -P 5037 -s emulator-5554 shell dumpsys window displays'
&amp#27;[38;5;21m[fdd953ca]&amp#27;[0m&amp#27;[38;5;229m[ADB]&amp#27;[0m Found package: 'com.androidsample.generalstore' and fully qualified activity name : 'com.androidsample.generalstore.SplashActivity'
&amp#27;[38;5;21m[fdd953ca]&amp#27;[0m&amp#27;[38;5;142m[AppiumDriver@d556]&amp#27;[0m New AndroidUiautomator2Driver session created successfully, session fdd953ca-6237-40b1-886a-13e33b8360eb added to master session list
&amp#27;[38;5;21m[fdd953ca]&amp#27;[0m&amp#27;[38;5;142m[AppiumDriver@d556]&amp#27;[0m Event 'newSessionStarted' logged at 1744634784948 (18:16:24 GMT+0530 (India Standard Time))
&amp#27;[38;5;21m[fdd953ca]&amp#27;[0m&amp#27;[38;5;-28m[AndroidUiautomator2Driver@0539]&amp#27;[0m Cached the protocol value 'W3C' for the new session fdd953ca-6237-40b1-886a-13e33b8360eb
&amp#27;[38;5;21m[fdd953ca]&amp#27;[0m&amp#27;[38;5;-28m[AndroidUiautomator2Driver@0539]&amp#27;[0m Responding to client with driver.createSession() result: {"capabilities":{"platformName":"ANDROID","chromedriverExecutable":"C://Users//User1//Downloads//chromedriver-win64//chromedriver-win64//chromedriver.exe","deviceName":"emulator-5554","automationName":"UIAutomator2","app":"C:\\Users\\User1\\eclipse-workspace\\eCommerceFramework//src//main//resources//General-Store.apk","platform":"LINUX","webStorageEnabled":false,"takesScreenshot":true,"javascriptEnabled":true,"databaseEnabled":false,"networkConnectionEnabled":true,"locationContextEnabled":false,"warnings":{},"desired":{"platformName":"ANDROID","chromedriverExecutable":"C://Users//User1//Downloads//chromedriver-win64//chromedriver-win64//chromedriver.exe","deviceName":"Rajemulator","automationName":"UIAutomator2","app":"C:\\Users\\User1\\eclipse-workspace\\eCommerceFramework//src//main//resources//General-Store.apk"},"deviceUDID":"emulator-5554","appPackage":"com.androidsample.generalstore","pixelRatio":"2.75","statBarHeight":66,"viewportRect":{"left":0,"top":66,"width":1080,"height":2154},"deviceApiLevel"...
&amp#27;[38;5;21m[fdd953ca]&amp#27;[0m&amp#27;[38;5;86m[HTTP]&amp#27;[0m &amp#27;[37m<-- POST /session &amp#27;[39m&amp#27;[32m200&amp#27;[39m &amp#27;[90m8850 ms - 1233&amp#27;[39m &amp#27;[90m&amp#27;[39m
Test Started: productPriceSumVerification
&amp#27;[38;5;21m[fdd953ca]&amp#27;[0m&amp#27;[38;5;86m[HTTP]&amp#27;[0m &amp#27;[37m-->&amp#27;[39m &amp#27;[37mGET&amp#27;[39m &amp#27;[37m/session/fdd953ca-6237-40b1-886a-13e33b8360eb/context&amp#27;[39m &amp#27;[90m{}&amp#27;[39m
&amp#27;[38;5;21m[fdd953ca]&amp#27;[0m&amp#27;[38;5;-28m[AndroidUiautomator2Driver@0539]&amp#27;[0m Calling AppiumDriver.getCurrentContext() with args: ["fdd953ca-6237-40b1-886a-13e33b8360eb"]
&amp#27;[38;5;21m[fdd953ca]&amp#27;[0m&amp#27;[38;5;-28m[AndroidUiautomator2Driver@0539]&amp#27;[0m Responding to client with driver.getCurrentContext() result: "NATIVE_APP"
&amp#27;[38;5;21m[fdd953ca]&amp#27;[0m&amp#27;[38;5;86m[HTTP]&amp#27;[0m &amp#27;[37m<-- GET /session/fdd953ca-6237-40b1-886a-13e33b8360eb/context &amp#27;[39m&amp#27;[32m200&amp#27;[39m &amp#27;[90m9 ms - 22&amp#27;[39m &amp#27;[90m&amp#27;[39m
&amp#27;[38;5;21m[fdd953ca]&amp#27;[0m&amp#27;[38;5;86m[HTTP]&amp#27;[0m &amp#27;[37m-->&amp#27;[39m &amp#27;[37mPOST&amp#27;[39m &amp#27;[37m/session/fdd953ca-6237-40b1-886a-13e33b8360eb/element&amp#27;[39m &amp#27;[90m{"using":"id","value":"com.androidsample.generalstore:id/nameField"}&amp#27;[39m
&amp#27;[38;5;21m[fdd953ca]&amp#27;[0m&amp#27;[38;5;-28m[AndroidUiautomator2Driver@0539]&amp#27;[0m Calling AppiumDriver.findElement() with args: ["id","com.androidsample.generalstore:id/nameField","fdd953ca-6237-40b1-886a-13e33b8360eb"]
&amp#27;[38;5;21m[fdd953ca]&amp#27;[0m&amp#27;[38;5;-28m[AndroidUiautomator2Driver@0539]&amp#27;[0m Valid locator strategies for this request: xpath, id, class name, accessibility id, css selector, -android uiautomator
&amp#27;[38;5;21m[fdd953ca]&amp#27;[0m&amp#27;[38;5;-28m[AndroidUiautomator2Driver@0539]&amp#27;[0m Waiting up to 0 ms for condition
&amp#27;[38;5;21m[fdd953ca]&amp#27;[0m&amp#27;[38;5;-28m[AndroidUiautomator2Driver@0539]&amp#27;[0m Matched '/element' to command name 'findElement'
&amp#27;[38;5;21m[fdd953ca]&amp#27;[0m&amp#27;[38;5;-28m[AndroidUiautomator2Driver@0539]&amp#27;[0m Proxying [POST /element] to [POST http://127.0.0.1:8201/session/4f1df9fb-3230-4254-8e62-75f02eb9f626/element] with body: {"strategy":"id","selector":"com.androidsample.generalstore:id/nameField","context":"","multiple":false}
&amp#27;[38;5;21m[fdd953ca]&amp#27;[0m&amp#27;[38;5;-28m[AndroidUiautomator2Driver@0539]&amp#27;[0m Got response with status 404: {"sessionId":"4f1df9fb-3230-4254-8e62-75f02eb9f626","value":{"error":"no such element","message":"An element could not be located on the page using the given search parameters","stacktrace":"io.appium.uiautomator2.common.exceptions.ElementNotFoundException: An element could not be located on the page using the given search parameters\n\tat io.appium.uiautomator2.handler.FindElement.safeHandle(FindElement.java:63)\n\tat io.appium.uiautomator2.handler.request.SafeRequestHandler.handle(SafeRequestHandler.java:59)\n\tat io.appium.uiautomator2.server.AppiumServlet.handleRequest(AppiumServlet.java:259)\n\tat io.appium.uiautomator2.server.AppiumServlet.handleHttpRequest(AppiumServlet.java:253)\n\tat io.appium.uiautomator2.http.ServerHandler.channelRead(ServerHandler.java:77)\n\tat io.netty.channel.AbstractChannelHandlerContext.invokeChannelRead(AbstractChannelHandlerContext.java:366)\n\tat io.netty.channel.AbstractChannelHandlerContext.invokeChannelRead(AbstractChannelHandlerContext.java:352)\n\tat io.netty.chann...
&amp#27;[38;5;21m[fdd953ca]&amp#27;[0m&amp#27;[38;5;123m[W3C]&amp#27;[0m Matched W3C error code 'no such element' to NoSuchElementError
&amp#27;[38;5;21m[fdd953ca]&amp#27;[0m&amp#27;[38;5;-28m[AndroidUiautomator2Driver@0539]&amp#27;[0m Encountered internal error running command: NoSuchElementError: An element could not be located on the page using the given search parameters.
    at AndroidUiautomator2Driver.findElOrEls (C:\Users\User1\.appium\node_modules\appium-uiautomator2-driver\node_modules\appium-android-driver\lib\commands\find.ts:86:11)
    at processTicksAndRejections (node:internal/process/task_queues:95:5)
    at AndroidUiautomator2Driver.findElOrElsWithProcessing (C:\Users\User1\AppData\Roaming\npm\node_modules\appium\node_modules\@appium\base-driver\lib\basedriver\commands\find.ts:60:12)
    at AndroidUiautomator2Driver.findElement (C:\Users\User1\AppData\Roaming\npm\node_modules\appium\node_modules\@appium\base-driver\lib\basedriver\commands\find.ts:75:12)
&amp#27;[38;5;21m[fdd953ca]&amp#27;[0m&amp#27;[38;5;86m[HTTP]&amp#27;[0m &amp#27;[37m<-- POST /session/fdd953ca-6237-40b1-886a-13e33b8360eb/element &amp#27;[39m&amp#27;[33m404&amp#27;[39m &amp#27;[90m691 ms - 890&amp#27;[39m &amp#27;[90m&amp#27;[39m
&amp#27;[38;5;21m[fdd953ca]&amp#27;[0m&amp#27;[38;5;86m[HTTP]&amp#27;[0m &amp#27;[37m-->&amp#27;[39m &amp#27;[37mPOST&amp#27;[39m &amp#27;[37m/session/fdd953ca-6237-40b1-886a-13e33b8360eb/element&amp#27;[39m &amp#27;[90m{"using":"id","value":"com.androidsample.generalstore:id/nameField"}&amp#27;[39m
&amp#27;[38;5;21m[fdd953ca]&amp#27;[0m&amp#27;[38;5;-28m[AndroidUiautomator2Driver@0539]&amp#27;[0m Calling AppiumDriver.findElement() with args: ["id","com.androidsample.generalstore:id/nameField","fdd953ca-6237-40b1-886a-13e33b8360eb"]
&amp#27;[38;5;21m[fdd953ca]&amp#27;[0m&amp#27;[38;5;-28m[AndroidUiautomator2Driver@0539]&amp#27;[0m Valid locator strategies for this request: xpath, id, class name, accessibility id, css selector, -android uiautomator
&amp#27;[38;5;21m[fdd953ca]&amp#27;[0m&amp#27;[38;5;-28m[AndroidUiautomator2Driver@0539]&amp#27;[0m Waiting up to 0 ms for condition
&amp#27;[38;5;21m[fdd953ca]&amp#27;[0m&amp#27;[38;5;-28m[AndroidUiautomator2Driver@0539]&amp#27;[0m Matched '/element' to command name 'findElement'
&amp#27;[38;5;21m[fdd953ca]&amp#27;[0m&amp#27;[38;5;-28m[AndroidUiautomator2Driver@0539]&amp#27;[0m Proxying [POST /element] to [POST http://127.0.0.1:8201/session/4f1df9fb-3230-4254-8e62-75f02eb9f626/element] with body: {"strategy":"id","selector":"com.androidsample.generalstore:id/nameField","context":"","multiple":false}
&amp#27;[38;5;21m[fdd953ca]&amp#27;[0m&amp#27;[38;5;-28m[AndroidUiautomator2Driver@0539]&amp#27;[0m Got response with status 404: {"sessionId":"4f1df9fb-3230-4254-8e62-75f02eb9f626","value":{"error":"no such element","message":"An element could not be located on the page using the given search parameters","stacktrace":"io.appium.uiautomator2.common.exceptions.ElementNotFoundException: An element could not be located on the page using the given search parameters\n\tat io.appium.uiautomator2.handler.FindElement.safeHandle(FindElement.java:63)\n\tat io.appium.uiautomator2.handler.request.SafeRequestHandler.handle(SafeRequestHandler.java:59)\n\tat io.appium.uiautomator2.server.AppiumServlet.handleRequest(AppiumServlet.java:259)\n\tat io.appium.uiautomator2.server.AppiumServlet.handleHttpRequest(AppiumServlet.java:253)\n\tat io.appium.uiautomator2.http.ServerHandler.channelRead(ServerHandler.java:77)\n\tat io.netty.channel.AbstractChannelHandlerContext.invokeChannelRead(AbstractChannelHandlerContext.java:366)\n\tat io.netty.channel.AbstractChannelHandlerContext.invokeChannelRead(AbstractChannelHandlerContext.java:352)\n\tat io.netty.chann...
&amp#27;[38;5;21m[fdd953ca]&amp#27;[0m&amp#27;[38;5;123m[W3C]&amp#27;[0m Matched W3C error code 'no such element' to NoSuchElementError
&amp#27;[38;5;21m[fdd953ca]&amp#27;[0m&amp#27;[38;5;-28m[AndroidUiautomator2Driver@0539]&amp#27;[0m Encountered internal error running command: NoSuchElementError: An element could not be located on the page using the given search parameters.
    at AndroidUiautomator2Driver.findElOrEls (C:\Users\User1\.appium\node_modules\appium-uiautomator2-driver\node_modules\appium-android-driver\lib\commands\find.ts:86:11)
    at processTicksAndRejections (node:internal/process/task_queues:95:5)
    at AndroidUiautomator2Driver.findElOrElsWithProcessing (C:\Users\User1\AppData\Roaming\npm\node_modules\appium\node_modules\@appium\base-driver\lib\basedriver\commands\find.ts:60:12)
    at AndroidUiautomator2Driver.findElement (C:\Users\User1\AppData\Roaming\npm\node_modules\appium\node_modules\@appium\base-driver\lib\basedriver\commands\find.ts:75:12)
&amp#27;[38;5;21m[fdd953ca]&amp#27;[0m&amp#27;[38;5;86m[HTTP]&amp#27;[0m &amp#27;[37m<-- POST /session/fdd953ca-6237-40b1-886a-13e33b8360eb/element &amp#27;[39m&amp#27;[33m404&amp#27;[39m &amp#27;[90m36 ms - 890&amp#27;[39m &amp#27;[90m&amp#27;[39m
&amp#27;[38;5;21m[fdd953ca]&amp#27;[0m&amp#27;[38;5;86m[HTTP]&amp#27;[0m &amp#27;[37m-->&amp#27;[39m &amp#27;[37mPOST&amp#27;[39m &amp#27;[37m/session/fdd953ca-6237-40b1-886a-13e33b8360eb/element&amp#27;[39m &amp#27;[90m{"using":"id","value":"com.androidsample.generalstore:id/nameField"}&amp#27;[39m
&amp#27;[38;5;21m[fdd953ca]&amp#27;[0m&amp#27;[38;5;-28m[AndroidUiautomator2Driver@0539]&amp#27;[0m Calling AppiumDriver.findElement() with args: ["id","com.androidsample.generalstore:id/nameField","fdd953ca-6237-40b1-886a-13e33b8360eb"]
&amp#27;[38;5;21m[fdd953ca]&amp#27;[0m&amp#27;[38;5;-28m[AndroidUiautomator2Driver@0539]&amp#27;[0m Valid locator strategies for this request: xpath, id, class name, accessibility id, css selector, -android uiautomator
&amp#27;[38;5;21m[fdd953ca]&amp#27;[0m&amp#27;[38;5;-28m[AndroidUiautomator2Driver@0539]&amp#27;[0m Waiting up to 0 ms for condition
&amp#27;[38;5;21m[fdd953ca]&amp#27;[0m&amp#27;[38;5;-28m[AndroidUiautomator2Driver@0539]&amp#27;[0m Matched '/element' to command name 'findElement'
&amp#27;[38;5;21m[fdd953ca]&amp#27;[0m&amp#27;[38;5;-28m[AndroidUiautomator2Driver@0539]&amp#27;[0m Proxying [POST /element] to [POST http://127.0.0.1:8201/session/4f1df9fb-3230-4254-8e62-75f02eb9f626/element] with body: {"strategy":"id","selector":"com.androidsample.generalstore:id/nameField","context":"","multiple":false}
&amp#27;[38;5;21m[fdd953ca]&amp#27;[0m&amp#27;[38;5;-28m[AndroidUiautomator2Driver@0539]&amp#27;[0m Got response with status 404: {"sessionId":"4f1df9fb-3230-4254-8e62-75f02eb9f626","value":{"error":"no such element","message":"An element could not be located on the page using the given search parameters","stacktrace":"io.appium.uiautomator2.common.exceptions.ElementNotFoundException: An element could not be located on the page using the given search parameters\n\tat io.appium.uiautomator2.handler.FindElement.safeHandle(FindElement.java:63)\n\tat io.appium.uiautomator2.handler.request.SafeRequestHandler.handle(SafeRequestHandler.java:59)\n\tat io.appium.uiautomator2.server.AppiumServlet.handleRequest(AppiumServlet.java:259)\n\tat io.appium.uiautomator2.server.AppiumServlet.handleHttpRequest(AppiumServlet.java:253)\n\tat io.appium.uiautomator2.http.ServerHandler.channelRead(ServerHandler.java:77)\n\tat io.netty.channel.AbstractChannelHandlerContext.invokeChannelRead(AbstractChannelHandlerContext.java:366)\n\tat io.netty.channel.AbstractChannelHandlerContext.invokeChannelRead(AbstractChannelHandlerContext.java:352)\n\tat io.netty.chann...
&amp#27;[38;5;21m[fdd953ca]&amp#27;[0m&amp#27;[38;5;123m[W3C]&amp#27;[0m Matched W3C error code 'no such element' to NoSuchElementError
&amp#27;[38;5;21m[fdd953ca]&amp#27;[0m&amp#27;[38;5;-28m[AndroidUiautomator2Driver@0539]&amp#27;[0m Encountered internal error running command: NoSuchElementError: An element could not be located on the page using the given search parameters.
    at AndroidUiautomator2Driver.findElOrEls (C:\Users\User1\.appium\node_modules\appium-uiautomator2-driver\node_modules\appium-android-driver\lib\commands\find.ts:86:11)
    at processTicksAndRejections (node:internal/process/task_queues:95:5)
    at AndroidUiautomator2Driver.findElOrElsWithProcessing (C:\Users\User1\AppData\Roaming\npm\node_modules\appium\node_modules\@appium\base-driver\lib\basedriver\commands\find.ts:60:12)
    at AndroidUiautomator2Driver.findElement (C:\Users\User1\AppData\Roaming\npm\node_modules\appium\node_modules\@appium\base-driver\lib\basedriver\commands\find.ts:75:12)
&amp#27;[38;5;21m[fdd953ca]&amp#27;[0m&amp#27;[38;5;86m[HTTP]&amp#27;[0m &amp#27;[37m<-- POST /session/fdd953ca-6237-40b1-886a-13e33b8360eb/element &amp#27;[39m&amp#27;[33m404&amp#27;[39m &amp#27;[90m24 ms - 890&amp#27;[39m &amp#27;[90m&amp#27;[39m
&amp#27;[38;5;21m[fdd953ca]&amp#27;[0m&amp#27;[38;5;86m[HTTP]&amp#27;[0m &amp#27;[37m-->&amp#27;[39m &amp#27;[37mGET&amp#27;[39m &amp#27;[37m/session/fdd953ca-6237-40b1-886a-13e33b8360eb/context&amp#27;[39m &amp#27;[90m{}&amp#27;[39m
&amp#27;[38;5;21m[fdd953ca]&amp#27;[0m&amp#27;[38;5;-28m[AndroidUiautomator2Driver@0539]&amp#27;[0m Calling AppiumDriver.getCurrentContext() with args: ["fdd953ca-6237-40b1-886a-13e33b8360eb"]
&amp#27;[38;5;21m[fdd953ca]&amp#27;[0m&amp#27;[38;5;-28m[AndroidUiautomator2Driver@0539]&amp#27;[0m Responding to client with driver.getCurrentContext() result: "NATIVE_APP"
&amp#27;[38;5;21m[fdd953ca]&amp#27;[0m&amp#27;[38;5;86m[HTTP]&amp#27;[0m &amp#27;[37m<-- GET /session/fdd953ca-6237-40b1-886a-13e33b8360eb/context &amp#27;[39m&amp#27;[32m200&amp#27;[39m &amp#27;[90m3 ms - 22&amp#27;[39m &amp#27;[90m&amp#27;[39m
&amp#27;[38;5;21m[fdd953ca]&amp#27;[0m&amp#27;[38;5;86m[HTTP]&amp#27;[0m &amp#27;[37m-->&amp#27;[39m &amp#27;[37mPOST&amp#27;[39m &amp#27;[37m/session/fdd953ca-6237-40b1-886a-13e33b8360eb/element&amp#27;[39m &amp#27;[90m{"using":"id","value":"com.androidsample.generalstore:id/nameField"}&amp#27;[39m
&amp#27;[38;5;21m[fdd953ca]&amp#27;[0m&amp#27;[38;5;-28m[AndroidUiautomator2Driver@0539]&amp#27;[0m Calling AppiumDriver.findElement() with args: ["id","com.androidsample.generalstore:id/nameField","fdd953ca-6237-40b1-886a-13e33b8360eb"]
&amp#27;[38;5;21m[fdd953ca]&amp#27;[0m&amp#27;[38;5;-28m[AndroidUiautomator2Driver@0539]&amp#27;[0m Valid locator strategies for this request: xpath, id, class name, accessibility id, css selector, -android uiautomator
&amp#27;[38;5;21m[fdd953ca]&amp#27;[0m&amp#27;[38;5;-28m[AndroidUiautomator2Driver@0539]&amp#27;[0m Waiting up to 0 ms for condition
&amp#27;[38;5;21m[fdd953ca]&amp#27;[0m&amp#27;[38;5;-28m[AndroidUiautomator2Driver@0539]&amp#27;[0m Matched '/element' to command name 'findElement'
&amp#27;[38;5;21m[fdd953ca]&amp#27;[0m&amp#27;[38;5;-28m[AndroidUiautomator2Driver@0539]&amp#27;[0m Proxying [POST /element] to [POST http://127.0.0.1:8201/session/4f1df9fb-3230-4254-8e62-75f02eb9f626/element] with body: {"strategy":"id","selector":"com.androidsample.generalstore:id/nameField","context":"","multiple":false}
&amp#27;[38;5;21m[fdd953ca]&amp#27;[0m&amp#27;[38;5;-28m[AndroidUiautomator2Driver@0539]&amp#27;[0m Got response with status 404: {"sessionId":"4f1df9fb-3230-4254-8e62-75f02eb9f626","value":{"error":"no such element","message":"An element could not be located on the page using the given search parameters","stacktrace":"io.appium.uiautomator2.common.exceptions.ElementNotFoundException: An element could not be located on the page using the given search parameters\n\tat io.appium.uiautomator2.handler.FindElement.safeHandle(FindElement.java:63)\n\tat io.appium.uiautomator2.handler.request.SafeRequestHandler.handle(SafeRequestHandler.java:59)\n\tat io.appium.uiautomator2.server.AppiumServlet.handleRequest(AppiumServlet.java:259)\n\tat io.appium.uiautomator2.server.AppiumServlet.handleHttpRequest(AppiumServlet.java:253)\n\tat io.appium.uiautomator2.http.ServerHandler.channelRead(ServerHandler.java:77)\n\tat io.netty.channel.AbstractChannelHandlerContext.invokeChannelRead(AbstractChannelHandlerContext.java:366)\n\tat io.netty.channel.AbstractChannelHandlerContext.invokeChannelRead(AbstractChannelHandlerContext.java:352)\n\tat io.netty.chann...
&amp#27;[38;5;21m[fdd953ca]&amp#27;[0m&amp#27;[38;5;123m[W3C]&amp#27;[0m Matched W3C error code 'no such element' to NoSuchElementError
&amp#27;[38;5;21m[fdd953ca]&amp#27;[0m&amp#27;[38;5;-28m[AndroidUiautomator2Driver@0539]&amp#27;[0m Encountered internal error running command: NoSuchElementError: An element could not be located on the page using the given search parameters.
    at AndroidUiautomator2Driver.findElOrEls (C:\Users\User1\.appium\node_modules\appium-uiautomator2-driver\node_modules\appium-android-driver\lib\commands\find.ts:86:11)
    at processTicksAndRejections (node:internal/process/task_queues:95:5)
    at AndroidUiautomator2Driver.findElOrElsWithProcessing (C:\Users\User1\AppData\Roaming\npm\node_modules\appium\node_modules\@appium\base-driver\lib\basedriver\commands\find.ts:60:12)
    at AndroidUiautomator2Driver.findElement (C:\Users\User1\AppData\Roaming\npm\node_modules\appium\node_modules\@appium\base-driver\lib\basedriver\commands\find.ts:75:12)
&amp#27;[38;5;21m[fdd953ca]&amp#27;[0m&amp#27;[38;5;86m[HTTP]&amp#27;[0m &amp#27;[37m<-- POST /session/fdd953ca-6237-40b1-886a-13e33b8360eb/element &amp#27;[39m&amp#27;[33m404&amp#27;[39m &amp#27;[90m28 ms - 890&amp#27;[39m &amp#27;[90m&amp#27;[39m
&amp#27;[38;5;21m[fdd953ca]&amp#27;[0m&amp#27;[38;5;86m[HTTP]&amp#27;[0m &amp#27;[37m-->&amp#27;[39m &amp#27;[37mPOST&amp#27;[39m &amp#27;[37m/session/fdd953ca-6237-40b1-886a-13e33b8360eb/element&amp#27;[39m &amp#27;[90m{"using":"id","value":"com.androidsample.generalstore:id/nameField"}&amp#27;[39m
&amp#27;[38;5;21m[fdd953ca]&amp#27;[0m&amp#27;[38;5;-28m[AndroidUiautomator2Driver@0539]&amp#27;[0m Calling AppiumDriver.findElement() with args: ["id","com.androidsample.generalstore:id/nameField","fdd953ca-6237-40b1-886a-13e33b8360eb"]
&amp#27;[38;5;21m[fdd953ca]&amp#27;[0m&amp#27;[38;5;-28m[AndroidUiautomator2Driver@0539]&amp#27;[0m Valid locator strategies for this request: xpath, id, class name, accessibility id, css selector, -android uiautomator
&amp#27;[38;5;21m[fdd953ca]&amp#27;[0m&amp#27;[38;5;-28m[AndroidUiautomator2Driver@0539]&amp#27;[0m Waiting up to 0 ms for condition
&amp#27;[38;5;21m[fdd953ca]&amp#27;[0m&amp#27;[38;5;-28m[AndroidUiautomator2Driver@0539]&amp#27;[0m Matched '/element' to command name 'findElement'
&amp#27;[38;5;21m[fdd953ca]&amp#27;[0m&amp#27;[38;5;-28m[AndroidUiautomator2Driver@0539]&amp#27;[0m Proxying [POST /element] to [POST http://127.0.0.1:8201/session/4f1df9fb-3230-4254-8e62-75f02eb9f626/element] with body: {"strategy":"id","selector":"com.androidsample.generalstore:id/nameField","context":"","multiple":false}
&amp#27;[38;5;21m[fdd953ca]&amp#27;[0m&amp#27;[38;5;-28m[AndroidUiautomator2Driver@0539]&amp#27;[0m Got response with status 200: {"sessionId":"4f1df9fb-3230-4254-8e62-75f02eb9f626","value":{"ELEMENT":"00000000-0000-06c3-ffff-ffff0000001c","element-6066-11e4-a52e-4f735466cecf":"00000000-0000-06c3-ffff-ffff0000001c"}}
&amp#27;[38;5;21m[fdd953ca]&amp#27;[0m&amp#27;[38;5;-28m[AndroidUiautomator2Driver@0539]&amp#27;[0m Responding to client with driver.findElement() result: {"element-6066-11e4-a52e-4f735466cecf":"00000000-0000-06c3-ffff-ffff0000001c","ELEMENT":"00000000-0000-06c3-ffff-ffff0000001c"}
&amp#27;[38;5;21m[fdd953ca]&amp#27;[0m&amp#27;[38;5;86m[HTTP]&amp#27;[0m &amp#27;[37m<-- POST /session/fdd953ca-6237-40b1-886a-13e33b8360eb/element &amp#27;[39m&amp#27;[32m200&amp#27;[39m &amp#27;[90m627 ms - 137&amp#27;[39m &amp#27;[90m&amp#27;[39m
&amp#27;[38;5;21m[fdd953ca]&amp#27;[0m&amp#27;[38;5;86m[HTTP]&amp#27;[0m &amp#27;[37m-->&amp#27;[39m &amp#27;[37mGET&amp#27;[39m &amp#27;[37m/session/fdd953ca-6237-40b1-886a-13e33b8360eb/element/00000000-0000-06c3-ffff-ffff0000001c/displayed&amp#27;[39m &amp#27;[90m{}&amp#27;[39m
&amp#27;[38;5;21m[fdd953ca]&amp#27;[0m&amp#27;[38;5;-28m[AndroidUiautomator2Driver@0539]&amp#27;[0m Calling AppiumDriver.elementDisplayed() with args: ["00000000-0000-06c3-ffff-ffff0000001c","fdd953ca-6237-40b1-886a-13e33b8360eb"]
&amp#27;[38;5;21m[fdd953ca]&amp#27;[0m&amp#27;[38;5;-28m[AndroidUiautomator2Driver@0539]&amp#27;[0m Matched '/element/00000000-0000-06c3-ffff-ffff0000001c/attribute/displayed' to command name 'getAttribute'
&amp#27;[38;5;21m[fdd953ca]&amp#27;[0m&amp#27;[38;5;-28m[AndroidUiautomator2Driver@0539]&amp#27;[0m Proxying [GET /element/00000000-0000-06c3-ffff-ffff0000001c/attribute/displayed] to [GET http://127.0.0.1:8201/session/4f1df9fb-3230-4254-8e62-75f02eb9f626/element/00000000-0000-06c3-ffff-ffff0000001c/attribute/displayed] with no body
&amp#27;[38;5;21m[fdd953ca]&amp#27;[0m&amp#27;[38;5;-28m[AndroidUiautomator2Driver@0539]&amp#27;[0m Got response with status 200: {"sessionId":"4f1df9fb-3230-4254-8e62-75f02eb9f626","value":"true"}
&amp#27;[38;5;21m[fdd953ca]&amp#27;[0m&amp#27;[38;5;-28m[AndroidUiautomator2Driver@0539]&amp#27;[0m Responding to client with driver.elementDisplayed() result: true
&amp#27;[38;5;21m[fdd953ca]&amp#27;[0m&amp#27;[38;5;86m[HTTP]&amp#27;[0m &amp#27;[37m<-- GET /session/fdd953ca-6237-40b1-886a-13e33b8360eb/element/00000000-0000-06c3-ffff-ffff0000001c/displayed &amp#27;[39m&amp#27;[32m200&amp#27;[39m &amp#27;[90m1186 ms - 14&amp#27;[39m &amp#27;[90m&amp#27;[39m
&amp#27;[38;5;21m[fdd953ca]&amp#27;[0m&amp#27;[38;5;86m[HTTP]&amp#27;[0m &amp#27;[37m-->&amp#27;[39m &amp#27;[37mGET&amp#27;[39m &amp#27;[37m/session/fdd953ca-6237-40b1-886a-13e33b8360eb/context&amp#27;[39m &amp#27;[90m{}&amp#27;[39m
&amp#27;[38;5;21m[fdd953ca]&amp#27;[0m&amp#27;[38;5;-28m[AndroidUiautomator2Driver@0539]&amp#27;[0m Calling AppiumDriver.getCurrentContext() with args: ["fdd953ca-6237-40b1-886a-13e33b8360eb"]
&amp#27;[38;5;21m[fdd953ca]&amp#27;[0m&amp#27;[38;5;-28m[AndroidUiautomator2Driver@0539]&amp#27;[0m Responding to client with driver.getCurrentContext() result: "NATIVE_APP"
&amp#27;[38;5;21m[fdd953ca]&amp#27;[0m&amp#27;[38;5;86m[HTTP]&amp#27;[0m &amp#27;[37m<-- GET /session/fdd953ca-6237-40b1-886a-13e33b8360eb/context &amp#27;[39m&amp#27;[32m200&amp#27;[39m &amp#27;[90m1 ms - 22&amp#27;[39m &amp#27;[90m&amp#27;[39m
&amp#27;[38;5;21m[fdd953ca]&amp#27;[0m&amp#27;[38;5;86m[HTTP]&amp#27;[0m &amp#27;[37m-->&amp#27;[39m &amp#27;[37mPOST&amp#27;[39m &amp#27;[37m/session/fdd953ca-6237-40b1-886a-13e33b8360eb/element&amp#27;[39m &amp#27;[90m{"using":"id","value":"com.androidsample.generalstore:id/nameField"}&amp#27;[39m
&amp#27;[38;5;21m[fdd953ca]&amp#27;[0m&amp#27;[38;5;-28m[AndroidUiautomator2Driver@0539]&amp#27;[0m Calling AppiumDriver.findElement() with args: ["id","com.androidsample.generalstore:id/nameField","fdd953ca-6237-40b1-886a-13e33b8360eb"]
&amp#27;[38;5;21m[fdd953ca]&amp#27;[0m&amp#27;[38;5;-28m[AndroidUiautomator2Driver@0539]&amp#27;[0m Valid locator strategies for this request: xpath, id, class name, accessibility id, css selector, -android uiautomator
&amp#27;[38;5;21m[fdd953ca]&amp#27;[0m&amp#27;[38;5;-28m[AndroidUiautomator2Driver@0539]&amp#27;[0m Waiting up to 0 ms for condition
&amp#27;[38;5;21m[fdd953ca]&amp#27;[0m&amp#27;[38;5;-28m[AndroidUiautomator2Driver@0539]&amp#27;[0m Matched '/element' to command name 'findElement'
&amp#27;[38;5;21m[fdd953ca]&amp#27;[0m&amp#27;[38;5;-28m[AndroidUiautomator2Driver@0539]&amp#27;[0m Proxying [POST /element] to [POST http://127.0.0.1:8201/session/4f1df9fb-3230-4254-8e62-75f02eb9f626/element] with body: {"strategy":"id","selector":"com.androidsample.generalstore:id/nameField","context":"","multiple":false}
&amp#27;[38;5;21m[fdd953ca]&amp#27;[0m&amp#27;[38;5;-28m[AndroidUiautomator2Driver@0539]&amp#27;[0m Got response with status 200: {"sessionId":"4f1df9fb-3230-4254-8e62-75f02eb9f626","value":{"ELEMENT":"00000000-0000-06c3-ffff-ffff0000001c","element-6066-11e4-a52e-4f735466cecf":"00000000-0000-06c3-ffff-ffff0000001c"}}
&amp#27;[38;5;21m[fdd953ca]&amp#27;[0m&amp#27;[38;5;-28m[AndroidUiautomator2Driver@0539]&amp#27;[0m Responding to client with driver.findElement() result: {"element-6066-11e4-a52e-4f735466cecf":"00000000-0000-06c3-ffff-ffff0000001c","ELEMENT":"00000000-0000-06c3-ffff-ffff0000001c"}
&amp#27;[38;5;21m[fdd953ca]&amp#27;[0m&amp#27;[38;5;86m[HTTP]&amp#27;[0m &amp#27;[37m<-- POST /session/fdd953ca-6237-40b1-886a-13e33b8360eb/element &amp#27;[39m&amp#27;[32m200&amp#27;[39m &amp#27;[90m28 ms - 137&amp#27;[39m &amp#27;[90m&amp#27;[39m
&amp#27;[38;5;21m[fdd953ca]&amp#27;[0m&amp#27;[38;5;86m[HTTP]&amp#27;[0m &amp#27;[37m-->&amp#27;[39m &amp#27;[37mPOST&amp#27;[39m &amp#27;[37m/session/fdd953ca-6237-40b1-886a-13e33b8360eb/element/00000000-0000-06c3-ffff-ffff0000001c/value&amp#27;[39m &amp#27;[90m{"value":["R","a","j"],"text":"Raj","id":"00000000-0000-06c3-ffff-ffff0000001c"}&amp#27;[39m
&amp#27;[38;5;21m[fdd953ca]&amp#27;[0m&amp#27;[38;5;-28m[AndroidUiautomator2Driver@0539]&amp#27;[0m Calling AppiumDriver.setValue() with args: [["R","a","j"],"00000000-0000-06c3-ffff-ffff0000001c","fdd953ca-6237-40b1-886a-13e33b8360eb"]
&amp#27;[38;5;21m[fdd953ca]&amp#27;[0m&amp#27;[38;5;-28m[AndroidUiautomator2Driver@0539]&amp#27;[0m Matched '/element/00000000-0000-06c3-ffff-ffff0000001c/value' to command name 'setValue'
&amp#27;[38;5;21m[fdd953ca]&amp#27;[0m&amp#27;[38;5;-28m[AndroidUiautomator2Driver@0539]&amp#27;[0m Added 'value' property ["R","a","j"] to 'setValue' request body
&amp#27;[38;5;21m[fdd953ca]&amp#27;[0m&amp#27;[38;5;-28m[AndroidUiautomator2Driver@0539]&amp#27;[0m Proxying [POST /element/00000000-0000-06c3-ffff-ffff0000001c/value] to [POST http://127.0.0.1:8201/session/4f1df9fb-3230-4254-8e62-75f02eb9f626/element/00000000-0000-06c3-ffff-ffff0000001c/value] with body: {"elementId":"00000000-0000-06c3-ffff-ffff0000001c","text":"Raj","replace":false,"value":["R","a","j"]}
&amp#27;[38;5;21m[fdd953ca]&amp#27;[0m&amp#27;[38;5;-28m[AndroidUiautomator2Driver@0539]&amp#27;[0m Got response with status 200: {"sessionId":"4f1df9fb-3230-4254-8e62-75f02eb9f626","value":null}
&amp#27;[38;5;21m[fdd953ca]&amp#27;[0m&amp#27;[38;5;-28m[AndroidUiautomator2Driver@0539]&amp#27;[0m Responding to client with driver.setValue() result: null
&amp#27;[38;5;21m[fdd953ca]&amp#27;[0m&amp#27;[38;5;86m[HTTP]&amp#27;[0m &amp#27;[37m<-- POST /session/fdd953ca-6237-40b1-886a-13e33b8360eb/element/00000000-0000-06c3-ffff-ffff0000001c/value &amp#27;[39m&amp#27;[32m200&amp#27;[39m &amp#27;[90m572 ms - 14&amp#27;[39m &amp#27;[90m&amp#27;[39m
&amp#27;[38;5;21m[fdd953ca]&amp#27;[0m&amp#27;[38;5;86m[HTTP]&amp#27;[0m &amp#27;[37m-->&amp#27;[39m &amp#27;[37mPOST&amp#27;[39m &amp#27;[37m/session/fdd953ca-6237-40b1-886a-13e33b8360eb/execute/sync&amp#27;[39m &amp#27;[90m{"script":"mobile: hideKeyboard","args":[]}&amp#27;[39m
&amp#27;[38;5;21m[fdd953ca]&amp#27;[0m&amp#27;[38;5;-28m[AndroidUiautomator2Driver@0539]&amp#27;[0m Calling AppiumDriver.execute() with args: ["mobile: hideKeyboard",[],"fdd953ca-6237-40b1-886a-13e33b8360eb"]
&amp#27;[38;5;21m[fdd953ca]&amp#27;[0m&amp#27;[38;5;-28m[AndroidUiautomator2Driver@0539]&amp#27;[0m Executing native command 'mobile: hideKeyboard'
&amp#27;[38;5;21m[fdd953ca]&amp#27;[0m&amp#27;[38;5;229m[ADB]&amp#27;[0m Running 'C:\Users\User1\AppData\Local\Android\Sdk\platform-tools\adb.exe -P 5037 -s emulator-5554 shell dumpsys input_method'
&amp#27;[38;5;21m[fdd953ca]&amp#27;[0m&amp#27;[38;5;229m[ADB]&amp#27;[0m Keyboard has no UI; no closing necessary
&amp#27;[38;5;21m[fdd953ca]&amp#27;[0m&amp#27;[38;5;-28m[AndroidUiautomator2Driver@0539]&amp#27;[0m Responding to client with driver.execute() result: false
&amp#27;[38;5;21m[fdd953ca]&amp#27;[0m&amp#27;[38;5;86m[HTTP]&amp#27;[0m &amp#27;[37m<-- POST /session/fdd953ca-6237-40b1-886a-13e33b8360eb/execute/sync &amp#27;[39m&amp#27;[32m200&amp#27;[39m &amp#27;[90m393 ms - 15&amp#27;[39m &amp#27;[90m&amp#27;[39m
&amp#27;[38;5;21m[fdd953ca]&amp#27;[0m&amp#27;[38;5;86m[HTTP]&amp#27;[0m &amp#27;[37m-->&amp#27;[39m &amp#27;[37mGET&amp#27;[39m &amp#27;[37m/session/fdd953ca-6237-40b1-886a-13e33b8360eb/context&amp#27;[39m &amp#27;[90m{}&amp#27;[39m
&amp#27;[38;5;21m[fdd953ca]&amp#27;[0m&amp#27;[38;5;-28m[AndroidUiautomator2Driver@0539]&amp#27;[0m Calling AppiumDriver.getCurrentContext() with args: ["fdd953ca-6237-40b1-886a-13e33b8360eb"]
&amp#27;[38;5;21m[fdd953ca]&amp#27;[0m&amp#27;[38;5;-28m[AndroidUiautomator2Driver@0539]&amp#27;[0m Responding to client with driver.getCurrentContext() result: "NATIVE_APP"
&amp#27;[38;5;21m[fdd953ca]&amp#27;[0m&amp#27;[38;5;86m[HTTP]&amp#27;[0m &amp#27;[37m<-- GET /session/fdd953ca-6237-40b1-886a-13e33b8360eb/context &amp#27;[39m&amp#27;[32m200&amp#27;[39m &amp#27;[90m1 ms - 22&amp#27;[39m &amp#27;[90m&amp#27;[39m
&amp#27;[38;5;21m[fdd953ca]&amp#27;[0m&amp#27;[38;5;86m[HTTP]&amp#27;[0m &amp#27;[37m-->&amp#27;[39m &amp#27;[37mPOST&amp#27;[39m &amp#27;[37m/session/fdd953ca-6237-40b1-886a-13e33b8360eb/element&amp#27;[39m &amp#27;[90m{"using":"xpath","value":"//android.widget.RadioButton[@text='Male']"}&amp#27;[39m
&amp#27;[38;5;21m[fdd953ca]&amp#27;[0m&amp#27;[38;5;-28m[AndroidUiautomator2Driver@0539]&amp#27;[0m Calling AppiumDriver.findElement() with args: ["xpath","//android.widget.RadioButton[@text='Male']","fdd953ca-6237-40b1-886a-13e33b8360eb"]
&amp#27;[38;5;21m[fdd953ca]&amp#27;[0m&amp#27;[38;5;-28m[AndroidUiautomator2Driver@0539]&amp#27;[0m Valid locator strategies for this request: xpath, id, class name, accessibility id, css selector, -android uiautomator
&amp#27;[38;5;21m[fdd953ca]&amp#27;[0m&amp#27;[38;5;-28m[AndroidUiautomator2Driver@0539]&amp#27;[0m Waiting up to 0 ms for condition
&amp#27;[38;5;21m[fdd953ca]&amp#27;[0m&amp#27;[38;5;-28m[AndroidUiautomator2Driver@0539]&amp#27;[0m Matched '/element' to command name 'findElement'
&amp#27;[38;5;21m[fdd953ca]&amp#27;[0m&amp#27;[38;5;-28m[AndroidUiautomator2Driver@0539]&amp#27;[0m Proxying [POST /element] to [POST http://127.0.0.1:8201/session/4f1df9fb-3230-4254-8e62-75f02eb9f626/element] with body: {"strategy":"xpath","selector":"//android.widget.RadioButton[@text='Male']","context":"","multiple":false}
&amp#27;[38;5;21m[fdd953ca]&amp#27;[0m&amp#27;[38;5;-28m[AndroidUiautomator2Driver@0539]&amp#27;[0m Got response with status 200: {"sessionId":"4f1df9fb-3230-4254-8e62-75f02eb9f626","value":{"ELEMENT":"00000000-0000-06c3-ffff-ffff0000001f","element-6066-11e4-a52e-4f735466cecf":"00000000-0000-06c3-ffff-ffff0000001f"}}
&amp#27;[38;5;21m[fdd953ca]&amp#27;[0m&amp#27;[38;5;-28m[AndroidUiautomator2Driver@0539]&amp#27;[0m Responding to client with driver.findElement() result: {"element-6066-11e4-a52e-4f735466cecf":"00000000-0000-06c3-ffff-ffff0000001f","ELEMENT":"00000000-0000-06c3-ffff-ffff0000001f"}
&amp#27;[38;5;21m[fdd953ca]&amp#27;[0m&amp#27;[38;5;86m[HTTP]&amp#27;[0m &amp#27;[37m<-- POST /session/fdd953ca-6237-40b1-886a-13e33b8360eb/element &amp#27;[39m&amp#27;[32m200&amp#27;[39m &amp#27;[90m890 ms - 137&amp#27;[39m &amp#27;[90m&amp#27;[39m
&amp#27;[38;5;21m[fdd953ca]&amp#27;[0m&amp#27;[38;5;86m[HTTP]&amp#27;[0m &amp#27;[37m-->&amp#27;[39m &amp#27;[37mPOST&amp#27;[39m &amp#27;[37m/session/fdd953ca-6237-40b1-886a-13e33b8360eb/element/00000000-0000-06c3-ffff-ffff0000001f/click&amp#27;[39m &amp#27;[90m{"id":"00000000-0000-06c3-ffff-ffff0000001f"}&amp#27;[39m
&amp#27;[38;5;21m[fdd953ca]&amp#27;[0m&amp#27;[38;5;-28m[AndroidUiautomator2Driver@0539]&amp#27;[0m Calling AppiumDriver.click() with args: ["00000000-0000-06c3-ffff-ffff0000001f","fdd953ca-6237-40b1-886a-13e33b8360eb"]
&amp#27;[38;5;21m[fdd953ca]&amp#27;[0m&amp#27;[38;5;-28m[AndroidUiautomator2Driver@0539]&amp#27;[0m Matched '/element/00000000-0000-06c3-ffff-ffff0000001f/click' to command name 'click'
&amp#27;[38;5;21m[fdd953ca]&amp#27;[0m&amp#27;[38;5;-28m[AndroidUiautomator2Driver@0539]&amp#27;[0m Proxying [POST /element/00000000-0000-06c3-ffff-ffff0000001f/click] to [POST http://127.0.0.1:8201/session/4f1df9fb-3230-4254-8e62-75f02eb9f626/element/00000000-0000-06c3-ffff-ffff0000001f/click] with body: {"element":"00000000-0000-06c3-ffff-ffff0000001f"}
&amp#27;[38;5;21m[fdd953ca]&amp#27;[0m&amp#27;[38;5;-28m[AndroidUiautomator2Driver@0539]&amp#27;[0m Got response with status 200: {"sessionId":"4f1df9fb-3230-4254-8e62-75f02eb9f626","value":null}
&amp#27;[38;5;21m[fdd953ca]&amp#27;[0m&amp#27;[38;5;-28m[AndroidUiautomator2Driver@0539]&amp#27;[0m Responding to client with driver.click() result: null
&amp#27;[38;5;21m[fdd953ca]&amp#27;[0m&amp#27;[38;5;86m[HTTP]&amp#27;[0m &amp#27;[37m<-- POST /session/fdd953ca-6237-40b1-886a-13e33b8360eb/element/00000000-0000-06c3-ffff-ffff0000001f/click &amp#27;[39m&amp#27;[32m200&amp#27;[39m &amp#27;[90m87 ms - 14&amp#27;[39m &amp#27;[90m&amp#27;[39m
&amp#27;[38;5;21m[fdd953ca]&amp#27;[0m&amp#27;[38;5;86m[HTTP]&amp#27;[0m &amp#27;[37m-->&amp#27;[39m &amp#27;[37mGET&amp#27;[39m &amp#27;[37m/session/fdd953ca-6237-40b1-886a-13e33b8360eb/context&amp#27;[39m &amp#27;[90m{}&amp#27;[39m
&amp#27;[38;5;21m[fdd953ca]&amp#27;[0m&amp#27;[38;5;-28m[AndroidUiautomator2Driver@0539]&amp#27;[0m Calling AppiumDriver.getCurrentContext() with args: ["fdd953ca-6237-40b1-886a-13e33b8360eb"]
&amp#27;[38;5;21m[fdd953ca]&amp#27;[0m&amp#27;[38;5;-28m[AndroidUiautomator2Driver@0539]&amp#27;[0m Responding to client with driver.getCurrentContext() result: "NATIVE_APP"
&amp#27;[38;5;21m[fdd953ca]&amp#27;[0m&amp#27;[38;5;86m[HTTP]&amp#27;[0m &amp#27;[37m<-- GET /session/fdd953ca-6237-40b1-886a-13e33b8360eb/context &amp#27;[39m&amp#27;[32m200&amp#27;[39m &amp#27;[90m2 ms - 22&amp#27;[39m &amp#27;[90m&amp#27;[39m
&amp#27;[38;5;21m[fdd953ca]&amp#27;[0m&amp#27;[38;5;86m[HTTP]&amp#27;[0m &amp#27;[37m-->&amp#27;[39m &amp#27;[37mPOST&amp#27;[39m &amp#27;[37m/session/fdd953ca-6237-40b1-886a-13e33b8360eb/element&amp#27;[39m &amp#27;[90m{"using":"id","value":"android:id/text1"}&amp#27;[39m
&amp#27;[38;5;21m[fdd953ca]&amp#27;[0m&amp#27;[38;5;-28m[AndroidUiautomator2Driver@0539]&amp#27;[0m Calling AppiumDriver.findElement() with args: ["id","android:id/text1","fdd953ca-6237-40b1-886a-13e33b8360eb"]
&amp#27;[38;5;21m[fdd953ca]&amp#27;[0m&amp#27;[38;5;-28m[AndroidUiautomator2Driver@0539]&amp#27;[0m Valid locator strategies for this request: xpath, id, class name, accessibility id, css selector, -android uiautomator
&amp#27;[38;5;21m[fdd953ca]&amp#27;[0m&amp#27;[38;5;-28m[AndroidUiautomator2Driver@0539]&amp#27;[0m Waiting up to 0 ms for condition
&amp#27;[38;5;21m[fdd953ca]&amp#27;[0m&amp#27;[38;5;-28m[AndroidUiautomator2Driver@0539]&amp#27;[0m Matched '/element' to command name 'findElement'
&amp#27;[38;5;21m[fdd953ca]&amp#27;[0m&amp#27;[38;5;-28m[AndroidUiautomator2Driver@0539]&amp#27;[0m Proxying [POST /element] to [POST http://127.0.0.1:8201/session/4f1df9fb-3230-4254-8e62-75f02eb9f626/element] with body: {"strategy":"id","selector":"android:id/text1","context":"","multiple":false}
&amp#27;[38;5;21m[fdd953ca]&amp#27;[0m&amp#27;[38;5;-28m[AndroidUiautomator2Driver@0539]&amp#27;[0m Got response with status 200: {"sessionId":"4f1df9fb-3230-4254-8e62-75f02eb9f626","value":{"ELEMENT":"00000000-0000-06c3-ffff-ffff00000024","element-6066-11e4-a52e-4f735466cecf":"00000000-0000-06c3-ffff-ffff00000024"}}
&amp#27;[38;5;21m[fdd953ca]&amp#27;[0m&amp#27;[38;5;-28m[AndroidUiautomator2Driver@0539]&amp#27;[0m Responding to client with driver.findElement() result: {"element-6066-11e4-a52e-4f735466cecf":"00000000-0000-06c3-ffff-ffff00000024","ELEMENT":"00000000-0000-06c3-ffff-ffff00000024"}
&amp#27;[38;5;21m[fdd953ca]&amp#27;[0m&amp#27;[38;5;86m[HTTP]&amp#27;[0m &amp#27;[37m<-- POST /session/fdd953ca-6237-40b1-886a-13e33b8360eb/element &amp#27;[39m&amp#27;[32m200&amp#27;[39m &amp#27;[90m105 ms - 137&amp#27;[39m &amp#27;[90m&amp#27;[39m
&amp#27;[38;5;21m[fdd953ca]&amp#27;[0m&amp#27;[38;5;86m[HTTP]&amp#27;[0m &amp#27;[37m-->&amp#27;[39m &amp#27;[37mPOST&amp#27;[39m &amp#27;[37m/session/fdd953ca-6237-40b1-886a-13e33b8360eb/element/00000000-0000-06c3-ffff-ffff00000024/click&amp#27;[39m &amp#27;[90m{"id":"00000000-0000-06c3-ffff-ffff00000024"}&amp#27;[39m
&amp#27;[38;5;21m[fdd953ca]&amp#27;[0m&amp#27;[38;5;-28m[AndroidUiautomator2Driver@0539]&amp#27;[0m Calling AppiumDriver.click() with args: ["00000000-0000-06c3-ffff-ffff00000024","fdd953ca-6237-40b1-886a-13e33b8360eb"]
&amp#27;[38;5;21m[fdd953ca]&amp#27;[0m&amp#27;[38;5;-28m[AndroidUiautomator2Driver@0539]&amp#27;[0m Matched '/element/00000000-0000-06c3-ffff-ffff00000024/click' to command name 'click'
&amp#27;[38;5;21m[fdd953ca]&amp#27;[0m&amp#27;[38;5;-28m[AndroidUiautomator2Driver@0539]&amp#27;[0m Proxying [POST /element/00000000-0000-06c3-ffff-ffff00000024/click] to [POST http://127.0.0.1:8201/session/4f1df9fb-3230-4254-8e62-75f02eb9f626/element/00000000-0000-06c3-ffff-ffff00000024/click] with body: {"element":"00000000-0000-06c3-ffff-ffff00000024"}
&amp#27;[38;5;21m[fdd953ca]&amp#27;[0m&amp#27;[38;5;-28m[AndroidUiautomator2Driver@0539]&amp#27;[0m Got response with status 200: {"sessionId":"4f1df9fb-3230-4254-8e62-75f02eb9f626","value":null}
&amp#27;[38;5;21m[fdd953ca]&amp#27;[0m&amp#27;[38;5;-28m[AndroidUiautomator2Driver@0539]&amp#27;[0m Responding to client with driver.click() result: null
&amp#27;[38;5;21m[fdd953ca]&amp#27;[0m&amp#27;[38;5;86m[HTTP]&amp#27;[0m &amp#27;[37m<-- POST /session/fdd953ca-6237-40b1-886a-13e33b8360eb/element/00000000-0000-06c3-ffff-ffff00000024/click &amp#27;[39m&amp#27;[32m200&amp#27;[39m &amp#27;[90m412 ms - 14&amp#27;[39m &amp#27;[90m&amp#27;[39m
&amp#27;[38;5;21m[fdd953ca]&amp#27;[0m&amp#27;[38;5;86m[HTTP]&amp#27;[0m &amp#27;[37m-->&amp#27;[39m &amp#27;[37mPOST&amp#27;[39m &amp#27;[37m/session/fdd953ca-6237-40b1-886a-13e33b8360eb/element&amp#27;[39m &amp#27;[90m{"using":"-android uiautomator","value":"new UiScrollable(new UiSelector()).scrollIntoView(text(\"Austria\"));"}&amp#27;[39m
&amp#27;[38;5;21m[fdd953ca]&amp#27;[0m&amp#27;[38;5;-28m[AndroidUiautomator2Driver@0539]&amp#27;[0m Calling AppiumDriver.findElement() with args: ["-android uiautomator","new UiScrollable(new UiSelector()).scrollIntoView(text(\"Austria\"));","fdd953ca-6237-40b1-886a-13e33b8360eb"]
&amp#27;[38;5;21m[fdd953ca]&amp#27;[0m&amp#27;[38;5;-28m[AndroidUiautomator2Driver@0539]&amp#27;[0m Valid locator strategies for this request: xpath, id, class name, accessibility id, css selector, -android uiautomator
&amp#27;[38;5;21m[fdd953ca]&amp#27;[0m&amp#27;[38;5;-28m[AndroidUiautomator2Driver@0539]&amp#27;[0m Waiting up to 0 ms for condition
&amp#27;[38;5;21m[fdd953ca]&amp#27;[0m&amp#27;[38;5;-28m[AndroidUiautomator2Driver@0539]&amp#27;[0m Matched '/element' to command name 'findElement'
&amp#27;[38;5;21m[fdd953ca]&amp#27;[0m&amp#27;[38;5;-28m[AndroidUiautomator2Driver@0539]&amp#27;[0m Proxying [POST /element] to [POST http://127.0.0.1:8201/session/4f1df9fb-3230-4254-8e62-75f02eb9f626/element] with body: {"strategy":"-android uiautomator","selector":"new UiScrollable(new UiSelector()).scrollIntoView(text(\"Austria\"));","context":"","multiple":false}
&amp#27;[38;5;21m[fdd953ca]&amp#27;[0m&amp#27;[38;5;-28m[AndroidUiautomator2Driver@0539]&amp#27;[0m Got response with status 200: {"sessionId":"4f1df9fb-3230-4254-8e62-75f02eb9f626","value":{"ELEMENT":"00000000-0000-06c4-ffff-ffff0000002c","element-6066-11e4-a52e-4f735466cecf":"00000000-0000-06c4-ffff-ffff0000002c"}}
&amp#27;[38;5;21m[fdd953ca]&amp#27;[0m&amp#27;[38;5;-28m[AndroidUiautomator2Driver@0539]&amp#27;[0m Responding to client with driver.findElement() result: {"element-6066-11e4-a52e-4f735466cecf":"00000000-0000-06c4-ffff-ffff0000002c","ELEMENT":"00000000-0000-06c4-ffff-ffff0000002c"}
&amp#27;[38;5;21m[fdd953ca]&amp#27;[0m&amp#27;[38;5;86m[HTTP]&amp#27;[0m &amp#27;[37m<-- POST /session/fdd953ca-6237-40b1-886a-13e33b8360eb/element &amp#27;[39m&amp#27;[32m200&amp#27;[39m &amp#27;[90m4672 ms - 137&amp#27;[39m &amp#27;[90m&amp#27;[39m
&amp#27;[38;5;21m[fdd953ca]&amp#27;[0m&amp#27;[38;5;86m[HTTP]&amp#27;[0m &amp#27;[37m-->&amp#27;[39m &amp#27;[37mPOST&amp#27;[39m &amp#27;[37m/session/fdd953ca-6237-40b1-886a-13e33b8360eb/element&amp#27;[39m &amp#27;[90m{"using":"xpath","value":"//android.widget.TextView[@text='Austria']"}&amp#27;[39m
&amp#27;[38;5;21m[fdd953ca]&amp#27;[0m&amp#27;[38;5;-28m[AndroidUiautomator2Driver@0539]&amp#27;[0m Calling AppiumDriver.findElement() with args: ["xpath","//android.widget.TextView[@text='Austria']","fdd953ca-6237-40b1-886a-13e33b8360eb"]
&amp#27;[38;5;21m[fdd953ca]&amp#27;[0m&amp#27;[38;5;-28m[AndroidUiautomator2Driver@0539]&amp#27;[0m Valid locator strategies for this request: xpath, id, class name, accessibility id, css selector, -android uiautomator
&amp#27;[38;5;21m[fdd953ca]&amp#27;[0m&amp#27;[38;5;-28m[AndroidUiautomator2Driver@0539]&amp#27;[0m Waiting up to 0 ms for condition
&amp#27;[38;5;21m[fdd953ca]&amp#27;[0m&amp#27;[38;5;-28m[AndroidUiautomator2Driver@0539]&amp#27;[0m Matched '/element' to command name 'findElement'
&amp#27;[38;5;21m[fdd953ca]&amp#27;[0m&amp#27;[38;5;-28m[AndroidUiautomator2Driver@0539]&amp#27;[0m Proxying [POST /element] to [POST http://127.0.0.1:8201/session/4f1df9fb-3230-4254-8e62-75f02eb9f626/element] with body: {"strategy":"xpath","selector":"//android.widget.TextView[@text='Austria']","context":"","multiple":false}
&amp#27;[38;5;21m[fdd953ca]&amp#27;[0m&amp#27;[38;5;-28m[AndroidUiautomator2Driver@0539]&amp#27;[0m Got response with status 200: {"sessionId":"4f1df9fb-3230-4254-8e62-75f02eb9f626","value":{"ELEMENT":"00000000-0000-06c4-ffff-ffff0000002c","element-6066-11e4-a52e-4f735466cecf":"00000000-0000-06c4-ffff-ffff0000002c"}}
&amp#27;[38;5;21m[fdd953ca]&amp#27;[0m&amp#27;[38;5;-28m[AndroidUiautomator2Driver@0539]&amp#27;[0m Responding to client with driver.findElement() result: {"element-6066-11e4-a52e-4f735466cecf":"00000000-0000-06c4-ffff-ffff0000002c","ELEMENT":"00000000-0000-06c4-ffff-ffff0000002c"}
&amp#27;[38;5;21m[fdd953ca]&amp#27;[0m&amp#27;[38;5;86m[HTTP]&amp#27;[0m &amp#27;[37m<-- POST /session/fdd953ca-6237-40b1-886a-13e33b8360eb/element &amp#27;[39m&amp#27;[32m200&amp#27;[39m &amp#27;[90m50 ms - 137&amp#27;[39m &amp#27;[90m&amp#27;[39m
&amp#27;[38;5;21m[fdd953ca]&amp#27;[0m&amp#27;[38;5;86m[HTTP]&amp#27;[0m &amp#27;[37m-->&amp#27;[39m &amp#27;[37mPOST&amp#27;[39m &amp#27;[37m/session/fdd953ca-6237-40b1-886a-13e33b8360eb/element/00000000-0000-06c4-ffff-ffff0000002c/click&amp#27;[39m &amp#27;[90m{"id":"00000000-0000-06c4-ffff-ffff0000002c"}&amp#27;[39m
&amp#27;[38;5;21m[fdd953ca]&amp#27;[0m&amp#27;[38;5;-28m[AndroidUiautomator2Driver@0539]&amp#27;[0m Calling AppiumDriver.click() with args: ["00000000-0000-06c4-ffff-ffff0000002c","fdd953ca-6237-40b1-886a-13e33b8360eb"]
&amp#27;[38;5;21m[fdd953ca]&amp#27;[0m&amp#27;[38;5;-28m[AndroidUiautomator2Driver@0539]&amp#27;[0m Matched '/element/00000000-0000-06c4-ffff-ffff0000002c/click' to command name 'click'
&amp#27;[38;5;21m[fdd953ca]&amp#27;[0m&amp#27;[38;5;-28m[AndroidUiautomator2Driver@0539]&amp#27;[0m Proxying [POST /element/00000000-0000-06c4-ffff-ffff0000002c/click] to [POST http://127.0.0.1:8201/session/4f1df9fb-3230-4254-8e62-75f02eb9f626/element/00000000-0000-06c4-ffff-ffff0000002c/click] with body: {"element":"00000000-0000-06c4-ffff-ffff0000002c"}
&amp#27;[38;5;21m[fdd953ca]&amp#27;[0m&amp#27;[38;5;-28m[AndroidUiautomator2Driver@0539]&amp#27;[0m Got response with status 200: {"sessionId":"4f1df9fb-3230-4254-8e62-75f02eb9f626","value":null}
&amp#27;[38;5;21m[fdd953ca]&amp#27;[0m&amp#27;[38;5;-28m[AndroidUiautomator2Driver@0539]&amp#27;[0m Responding to client with driver.click() result: null
&amp#27;[38;5;21m[fdd953ca]&amp#27;[0m&amp#27;[38;5;86m[HTTP]&amp#27;[0m &amp#27;[37m<-- POST /session/fdd953ca-6237-40b1-886a-13e33b8360eb/element/00000000-0000-06c4-ffff-ffff0000002c/click &amp#27;[39m&amp#27;[32m200&amp#27;[39m &amp#27;[90m774 ms - 14&amp#27;[39m &amp#27;[90m&amp#27;[39m
&amp#27;[38;5;21m[fdd953ca]&amp#27;[0m&amp#27;[38;5;86m[HTTP]&amp#27;[0m &amp#27;[37m-->&amp#27;[39m &amp#27;[37mGET&amp#27;[39m &amp#27;[37m/session/fdd953ca-6237-40b1-886a-13e33b8360eb/context&amp#27;[39m &amp#27;[90m{}&amp#27;[39m
&amp#27;[38;5;21m[fdd953ca]&amp#27;[0m&amp#27;[38;5;-28m[AndroidUiautomator2Driver@0539]&amp#27;[0m Calling AppiumDriver.getCurrentContext() with args: ["fdd953ca-6237-40b1-886a-13e33b8360eb"]
&amp#27;[38;5;21m[fdd953ca]&amp#27;[0m&amp#27;[38;5;-28m[AndroidUiautomator2Driver@0539]&amp#27;[0m Responding to client with driver.getCurrentContext() result: "NATIVE_APP"
&amp#27;[38;5;21m[fdd953ca]&amp#27;[0m&amp#27;[38;5;86m[HTTP]&amp#27;[0m &amp#27;[37m<-- GET /session/fdd953ca-6237-40b1-886a-13e33b8360eb/context &amp#27;[39m&amp#27;[32m200&amp#27;[39m &amp#27;[90m2 ms - 22&amp#27;[39m &amp#27;[90m&amp#27;[39m
&amp#27;[38;5;21m[fdd953ca]&amp#27;[0m&amp#27;[38;5;86m[HTTP]&amp#27;[0m &amp#27;[37m-->&amp#27;[39m &amp#27;[37mPOST&amp#27;[39m &amp#27;[37m/session/fdd953ca-6237-40b1-886a-13e33b8360eb/element&amp#27;[39m &amp#27;[90m{"using":"id","value":"com.androidsample.generalstore:id/btnLetsShop"}&amp#27;[39m
&amp#27;[38;5;21m[fdd953ca]&amp#27;[0m&amp#27;[38;5;-28m[AndroidUiautomator2Driver@0539]&amp#27;[0m Calling AppiumDriver.findElement() with args: ["id","com.androidsample.generalstore:id/btnLetsShop","fdd953ca-6237-40b1-886a-13e33b8360eb"]
&amp#27;[38;5;21m[fdd953ca]&amp#27;[0m&amp#27;[38;5;-28m[AndroidUiautomator2Driver@0539]&amp#27;[0m Valid locator strategies for this request: xpath, id, class name, accessibility id, css selector, -android uiautomator
&amp#27;[38;5;21m[fdd953ca]&amp#27;[0m&amp#27;[38;5;-28m[AndroidUiautomator2Driver@0539]&amp#27;[0m Waiting up to 0 ms for condition
&amp#27;[38;5;21m[fdd953ca]&amp#27;[0m&amp#27;[38;5;-28m[AndroidUiautomator2Driver@0539]&amp#27;[0m Matched '/element' to command name 'findElement'
&amp#27;[38;5;21m[fdd953ca]&amp#27;[0m&amp#27;[38;5;-28m[AndroidUiautomator2Driver@0539]&amp#27;[0m Proxying [POST /element] to [POST http://127.0.0.1:8201/session/4f1df9fb-3230-4254-8e62-75f02eb9f626/element] with body: {"strategy":"id","selector":"com.androidsample.generalstore:id/btnLetsShop","context":"","multiple":false}
&amp#27;[38;5;21m[fdd953ca]&amp#27;[0m&amp#27;[38;5;-28m[AndroidUiautomator2Driver@0539]&amp#27;[0m Got response with status 200: {"sessionId":"4f1df9fb-3230-4254-8e62-75f02eb9f626","value":{"ELEMENT":"00000000-0000-06c3-ffff-ffff00000021","element-6066-11e4-a52e-4f735466cecf":"00000000-0000-06c3-ffff-ffff00000021"}}
&amp#27;[38;5;21m[fdd953ca]&amp#27;[0m&amp#27;[38;5;-28m[AndroidUiautomator2Driver@0539]&amp#27;[0m Responding to client with driver.findElement() result: {"element-6066-11e4-a52e-4f735466cecf":"00000000-0000-06c3-ffff-ffff00000021","ELEMENT":"00000000-0000-06c3-ffff-ffff00000021"}
&amp#27;[38;5;21m[fdd953ca]&amp#27;[0m&amp#27;[38;5;86m[HTTP]&amp#27;[0m &amp#27;[37m<-- POST /session/fdd953ca-6237-40b1-886a-13e33b8360eb/element &amp#27;[39m&amp#27;[32m200&amp#27;[39m &amp#27;[90m32 ms - 137&amp#27;[39m &amp#27;[90m&amp#27;[39m
&amp#27;[38;5;21m[fdd953ca]&amp#27;[0m&amp#27;[38;5;86m[HTTP]&amp#27;[0m &amp#27;[37m-->&amp#27;[39m &amp#27;[37mPOST&amp#27;[39m &amp#27;[37m/session/fdd953ca-6237-40b1-886a-13e33b8360eb/element/00000000-0000-06c3-ffff-ffff00000021/click&amp#27;[39m &amp#27;[90m{"id":"00000000-0000-06c3-ffff-ffff00000021"}&amp#27;[39m
&amp#27;[38;5;21m[fdd953ca]&amp#27;[0m&amp#27;[38;5;-28m[AndroidUiautomator2Driver@0539]&amp#27;[0m Calling AppiumDriver.click() with args: ["00000000-0000-06c3-ffff-ffff00000021","fdd953ca-6237-40b1-886a-13e33b8360eb"]
&amp#27;[38;5;21m[fdd953ca]&amp#27;[0m&amp#27;[38;5;-28m[AndroidUiautomator2Driver@0539]&amp#27;[0m Matched '/element/00000000-0000-06c3-ffff-ffff00000021/click' to command name 'click'
&amp#27;[38;5;21m[fdd953ca]&amp#27;[0m&amp#27;[38;5;-28m[AndroidUiautomator2Driver@0539]&amp#27;[0m Proxying [POST /element/00000000-0000-06c3-ffff-ffff00000021/click] to [POST http://127.0.0.1:8201/session/4f1df9fb-3230-4254-8e62-75f02eb9f626/element/00000000-0000-06c3-ffff-ffff00000021/click] with body: {"element":"00000000-0000-06c3-ffff-ffff00000021"}
&amp#27;[38;5;21m[fdd953ca]&amp#27;[0m&amp#27;[38;5;-28m[AndroidUiautomator2Driver@0539]&amp#27;[0m Got response with status 200: {"sessionId":"4f1df9fb-3230-4254-8e62-75f02eb9f626","value":null}
&amp#27;[38;5;21m[fdd953ca]&amp#27;[0m&amp#27;[38;5;-28m[AndroidUiautomator2Driver@0539]&amp#27;[0m Responding to client with driver.click() result: null
&amp#27;[38;5;21m[fdd953ca]&amp#27;[0m&amp#27;[38;5;86m[HTTP]&amp#27;[0m &amp#27;[37m<-- POST /session/fdd953ca-6237-40b1-886a-13e33b8360eb/element/00000000-0000-06c3-ffff-ffff00000021/click &amp#27;[39m&amp#27;[32m200&amp#27;[39m &amp#27;[90m80 ms - 14&amp#27;[39m &amp#27;[90m&amp#27;[39m
&amp#27;[38;5;21m[fdd953ca]&amp#27;[0m&amp#27;[38;5;86m[HTTP]&amp#27;[0m &amp#27;[37m-->&amp#27;[39m &amp#27;[37mGET&amp#27;[39m &amp#27;[37m/session/fdd953ca-6237-40b1-886a-13e33b8360eb/context&amp#27;[39m &amp#27;[90m{}&amp#27;[39m
&amp#27;[38;5;21m[fdd953ca]&amp#27;[0m&amp#27;[38;5;-28m[AndroidUiautomator2Driver@0539]&amp#27;[0m Calling AppiumDriver.getCurrentContext() with args: ["fdd953ca-6237-40b1-886a-13e33b8360eb"]
&amp#27;[38;5;21m[fdd953ca]&amp#27;[0m&amp#27;[38;5;-28m[AndroidUiautomator2Driver@0539]&amp#27;[0m Responding to client with driver.getCurrentContext() result: "NATIVE_APP"
&amp#27;[38;5;21m[fdd953ca]&amp#27;[0m&amp#27;[38;5;86m[HTTP]&amp#27;[0m &amp#27;[37m<-- GET /session/fdd953ca-6237-40b1-886a-13e33b8360eb/context &amp#27;[39m&amp#27;[32m200&amp#27;[39m &amp#27;[90m2 ms - 22&amp#27;[39m &amp#27;[90m&amp#27;[39m
&amp#27;[38;5;21m[fdd953ca]&amp#27;[0m&amp#27;[38;5;86m[HTTP]&amp#27;[0m &amp#27;[37m-->&amp#27;[39m &amp#27;[37mPOST&amp#27;[39m &amp#27;[37m/session/fdd953ca-6237-40b1-886a-13e33b8360eb/elements&amp#27;[39m &amp#27;[90m{"using":"xpath","value":"//android.widget.TextView[@text='ADD TO CART']"}&amp#27;[39m
&amp#27;[38;5;21m[fdd953ca]&amp#27;[0m&amp#27;[38;5;-28m[AndroidUiautomator2Driver@0539]&amp#27;[0m Calling AppiumDriver.findElements() with args: ["xpath","//android.widget.TextView[@text='ADD TO CART']","fdd953ca-6237-40b1-886a-13e33b8360eb"]
&amp#27;[38;5;21m[fdd953ca]&amp#27;[0m&amp#27;[38;5;-28m[AndroidUiautomator2Driver@0539]&amp#27;[0m Valid locator strategies for this request: xpath, id, class name, accessibility id, css selector, -android uiautomator
&amp#27;[38;5;21m[fdd953ca]&amp#27;[0m&amp#27;[38;5;-28m[AndroidUiautomator2Driver@0539]&amp#27;[0m Waiting up to 0 ms for condition
&amp#27;[38;5;21m[fdd953ca]&amp#27;[0m&amp#27;[38;5;-28m[AndroidUiautomator2Driver@0539]&amp#27;[0m Matched '/elements' to command name 'findElements'
&amp#27;[38;5;21m[fdd953ca]&amp#27;[0m&amp#27;[38;5;-28m[AndroidUiautomator2Driver@0539]&amp#27;[0m Proxying [POST /elements] to [POST http://127.0.0.1:8201/session/4f1df9fb-3230-4254-8e62-75f02eb9f626/elements] with body: {"strategy":"xpath","selector":"//android.widget.TextView[@text='ADD TO CART']","context":"","multiple":true}
&amp#27;[38;5;21m[fdd953ca]&amp#27;[0m&amp#27;[38;5;-28m[AndroidUiautomator2Driver@0539]&amp#27;[0m Got response with status 200: {"sessionId":"4f1df9fb-3230-4254-8e62-75f02eb9f626","value":[{"ELEMENT":"00000000-0000-06c5-ffff-ffff00000051","element-6066-11e4-a52e-4f735466cecf":"00000000-0000-06c5-ffff-ffff00000051"},{"ELEMENT":"00000000-0000-06c5-ffff-ffff00000059","element-6066-11e4-a52e-4f735466cecf":"00000000-0000-06c5-ffff-ffff00000059"}]}
&amp#27;[38;5;21m[fdd953ca]&amp#27;[0m&amp#27;[38;5;-28m[AndroidUiautomator2Driver@0539]&amp#27;[0m Responding to client with driver.findElements() result: [{"element-6066-11e4-a52e-4f735466cecf":"00000000-0000-06c5-ffff-ffff00000051","ELEMENT":"00000000-0000-06c5-ffff-ffff00000051"},{"element-6066-11e4-a52e-4f735466cecf":"00000000-0000-06c5-ffff-ffff00000059","ELEMENT":"00000000-0000-06c5-ffff-ffff00000059"}]
&amp#27;[38;5;21m[fdd953ca]&amp#27;[0m&amp#27;[38;5;86m[HTTP]&amp#27;[0m &amp#27;[37m<-- POST /session/fdd953ca-6237-40b1-886a-13e33b8360eb/elements &amp#27;[39m&amp#27;[32m200&amp#27;[39m &amp#27;[90m1523 ms - 267&amp#27;[39m &amp#27;[90m&amp#27;[39m
&amp#27;[38;5;21m[fdd953ca]&amp#27;[0m&amp#27;[38;5;86m[HTTP]&amp#27;[0m &amp#27;[37m-->&amp#27;[39m &amp#27;[37mGET&amp#27;[39m &amp#27;[37m/session/fdd953ca-6237-40b1-886a-13e33b8360eb/context&amp#27;[39m &amp#27;[90m{}&amp#27;[39m
&amp#27;[38;5;21m[fdd953ca]&amp#27;[0m&amp#27;[38;5;-28m[AndroidUiautomator2Driver@0539]&amp#27;[0m Calling AppiumDriver.getCurrentContext() with args: ["fdd953ca-6237-40b1-886a-13e33b8360eb"]
&amp#27;[38;5;21m[fdd953ca]&amp#27;[0m&amp#27;[38;5;-28m[AndroidUiautomator2Driver@0539]&amp#27;[0m Responding to client with driver.getCurrentContext() result: "NATIVE_APP"
&amp#27;[38;5;21m[fdd953ca]&amp#27;[0m&amp#27;[38;5;86m[HTTP]&amp#27;[0m &amp#27;[37m<-- GET /session/fdd953ca-6237-40b1-886a-13e33b8360eb/context &amp#27;[39m&amp#27;[32m200&amp#27;[39m &amp#27;[90m1 ms - 22&amp#27;[39m &amp#27;[90m&amp#27;[39m
&amp#27;[38;5;21m[fdd953ca]&amp#27;[0m&amp#27;[38;5;86m[HTTP]&amp#27;[0m &amp#27;[37m-->&amp#27;[39m &amp#27;[37mPOST&amp#27;[39m &amp#27;[37m/session/fdd953ca-6237-40b1-886a-13e33b8360eb/elements&amp#27;[39m &amp#27;[90m{"using":"xpath","value":"//android.widget.TextView[@text='ADD TO CART']"}&amp#27;[39m
&amp#27;[38;5;21m[fdd953ca]&amp#27;[0m&amp#27;[38;5;-28m[AndroidUiautomator2Driver@0539]&amp#27;[0m Calling AppiumDriver.findElements() with args: ["xpath","//android.widget.TextView[@text='ADD TO CART']","fdd953ca-6237-40b1-886a-13e33b8360eb"]
&amp#27;[38;5;21m[fdd953ca]&amp#27;[0m&amp#27;[38;5;-28m[AndroidUiautomator2Driver@0539]&amp#27;[0m Valid locator strategies for this request: xpath, id, class name, accessibility id, css selector, -android uiautomator
&amp#27;[38;5;21m[fdd953ca]&amp#27;[0m&amp#27;[38;5;-28m[AndroidUiautomator2Driver@0539]&amp#27;[0m Waiting up to 0 ms for condition
&amp#27;[38;5;21m[fdd953ca]&amp#27;[0m&amp#27;[38;5;-28m[AndroidUiautomator2Driver@0539]&amp#27;[0m Matched '/elements' to command name 'findElements'
&amp#27;[38;5;21m[fdd953ca]&amp#27;[0m&amp#27;[38;5;-28m[AndroidUiautomator2Driver@0539]&amp#27;[0m Proxying [POST /elements] to [POST http://127.0.0.1:8201/session/4f1df9fb-3230-4254-8e62-75f02eb9f626/elements] with body: {"strategy":"xpath","selector":"//android.widget.TextView[@text='ADD TO CART']","context":"","multiple":true}
&amp#27;[38;5;21m[fdd953ca]&amp#27;[0m&amp#27;[38;5;-28m[AndroidUiautomator2Driver@0539]&amp#27;[0m Got response with status 200: {"sessionId":"4f1df9fb-3230-4254-8e62-75f02eb9f626","value":[{"ELEMENT":"00000000-0000-06c5-ffff-ffff00000051","element-6066-11e4-a52e-4f735466cecf":"00000000-0000-06c5-ffff-ffff00000051"},{"ELEMENT":"00000000-0000-06c5-ffff-ffff00000059","element-6066-11e4-a52e-4f735466cecf":"00000000-0000-06c5-ffff-ffff00000059"}]}
&amp#27;[38;5;21m[fdd953ca]&amp#27;[0m&amp#27;[38;5;-28m[AndroidUiautomator2Driver@0539]&amp#27;[0m Responding to client with driver.findElements() result: [{"element-6066-11e4-a52e-4f735466cecf":"00000000-0000-06c5-ffff-ffff00000051","ELEMENT":"00000000-0000-06c5-ffff-ffff00000051"},{"element-6066-11e4-a52e-4f735466cecf":"00000000-0000-06c5-ffff-ffff00000059","ELEMENT":"00000000-0000-06c5-ffff-ffff00000059"}]
&amp#27;[38;5;21m[fdd953ca]&amp#27;[0m&amp#27;[38;5;86m[HTTP]&amp#27;[0m &amp#27;[37m<-- POST /session/fdd953ca-6237-40b1-886a-13e33b8360eb/elements &amp#27;[39m&amp#27;[32m200&amp#27;[39m &amp#27;[90m92 ms - 267&amp#27;[39m &amp#27;[90m&amp#27;[39m
&amp#27;[38;5;21m[fdd953ca]&amp#27;[0m&amp#27;[38;5;86m[HTTP]&amp#27;[0m &amp#27;[37m-->&amp#27;[39m &amp#27;[37mGET&amp#27;[39m &amp#27;[37m/session/fdd953ca-6237-40b1-886a-13e33b8360eb/element/00000000-0000-06c5-ffff-ffff00000051/displayed&amp#27;[39m &amp#27;[90m{}&amp#27;[39m
&amp#27;[38;5;21m[fdd953ca]&amp#27;[0m&amp#27;[38;5;-28m[AndroidUiautomator2Driver@0539]&amp#27;[0m Calling AppiumDriver.elementDisplayed() with args: ["00000000-0000-06c5-ffff-ffff00000051","fdd953ca-6237-40b1-886a-13e33b8360eb"]
&amp#27;[38;5;21m[fdd953ca]&amp#27;[0m&amp#27;[38;5;-28m[AndroidUiautomator2Driver@0539]&amp#27;[0m Matched '/element/00000000-0000-06c5-ffff-ffff00000051/attribute/displayed' to command name 'getAttribute'
&amp#27;[38;5;21m[fdd953ca]&amp#27;[0m&amp#27;[38;5;-28m[AndroidUiautomator2Driver@0539]&amp#27;[0m Proxying [GET /element/00000000-0000-06c5-ffff-ffff00000051/attribute/displayed] to [GET http://127.0.0.1:8201/session/4f1df9fb-3230-4254-8e62-75f02eb9f626/element/00000000-0000-06c5-ffff-ffff00000051/attribute/displayed] with no body
&amp#27;[38;5;21m[fdd953ca]&amp#27;[0m&amp#27;[38;5;-28m[AndroidUiautomator2Driver@0539]&amp#27;[0m Got response with status 200: {"sessionId":"4f1df9fb-3230-4254-8e62-75f02eb9f626","value":"true"}
&amp#27;[38;5;21m[fdd953ca]&amp#27;[0m&amp#27;[38;5;-28m[AndroidUiautomator2Driver@0539]&amp#27;[0m Responding to client with driver.elementDisplayed() result: true
&amp#27;[38;5;21m[fdd953ca]&amp#27;[0m&amp#27;[38;5;86m[HTTP]&amp#27;[0m &amp#27;[37m<-- GET /session/fdd953ca-6237-40b1-886a-13e33b8360eb/element/00000000-0000-06c5-ffff-ffff00000051/displayed &amp#27;[39m&amp#27;[32m200&amp#27;[39m &amp#27;[90m15 ms - 14&amp#27;[39m &amp#27;[90m&amp#27;[39m
&amp#27;[38;5;21m[fdd953ca]&amp#27;[0m&amp#27;[38;5;86m[HTTP]&amp#27;[0m &amp#27;[37m-->&amp#27;[39m &amp#27;[37mPOST&amp#27;[39m &amp#27;[37m/session/fdd953ca-6237-40b1-886a-13e33b8360eb/element/00000000-0000-06c5-ffff-ffff00000051/click&amp#27;[39m &amp#27;[90m{"id":"00000000-0000-06c5-ffff-ffff00000051"}&amp#27;[39m
&amp#27;[38;5;21m[fdd953ca]&amp#27;[0m&amp#27;[38;5;-28m[AndroidUiautomator2Driver@0539]&amp#27;[0m Calling AppiumDriver.click() with args: ["00000000-0000-06c5-ffff-ffff00000051","fdd953ca-6237-40b1-886a-13e33b8360eb"]
&amp#27;[38;5;21m[fdd953ca]&amp#27;[0m&amp#27;[38;5;-28m[AndroidUiautomator2Driver@0539]&amp#27;[0m Matched '/element/00000000-0000-06c5-ffff-ffff00000051/click' to command name 'click'
&amp#27;[38;5;21m[fdd953ca]&amp#27;[0m&amp#27;[38;5;-28m[AndroidUiautomator2Driver@0539]&amp#27;[0m Proxying [POST /element/00000000-0000-06c5-ffff-ffff00000051/click] to [POST http://127.0.0.1:8201/session/4f1df9fb-3230-4254-8e62-75f02eb9f626/element/00000000-0000-06c5-ffff-ffff00000051/click] with body: {"element":"00000000-0000-06c5-ffff-ffff00000051"}
&amp#27;[38;5;21m[fdd953ca]&amp#27;[0m&amp#27;[38;5;-28m[AndroidUiautomator2Driver@0539]&amp#27;[0m Got response with status 200: {"sessionId":"4f1df9fb-3230-4254-8e62-75f02eb9f626","value":null}
&amp#27;[38;5;21m[fdd953ca]&amp#27;[0m&amp#27;[38;5;-28m[AndroidUiautomator2Driver@0539]&amp#27;[0m Responding to client with driver.click() result: null
&amp#27;[38;5;21m[fdd953ca]&amp#27;[0m&amp#27;[38;5;86m[HTTP]&amp#27;[0m &amp#27;[37m<-- POST /session/fdd953ca-6237-40b1-886a-13e33b8360eb/element/00000000-0000-06c5-ffff-ffff00000051/click &amp#27;[39m&amp#27;[32m200&amp#27;[39m &amp#27;[90m551 ms - 14&amp#27;[39m &amp#27;[90m&amp#27;[39m
&amp#27;[38;5;21m[fdd953ca]&amp#27;[0m&amp#27;[38;5;86m[HTTP]&amp#27;[0m &amp#27;[37m-->&amp#27;[39m &amp#27;[37mGET&amp#27;[39m &amp#27;[37m/session/fdd953ca-6237-40b1-886a-13e33b8360eb/context&amp#27;[39m &amp#27;[90m{}&amp#27;[39m
&amp#27;[38;5;21m[fdd953ca]&amp#27;[0m&amp#27;[38;5;-28m[AndroidUiautomator2Driver@0539]&amp#27;[0m Calling AppiumDriver.getCurrentContext() with args: ["fdd953ca-6237-40b1-886a-13e33b8360eb"]
&amp#27;[38;5;21m[fdd953ca]&amp#27;[0m&amp#27;[38;5;-28m[AndroidUiautomator2Driver@0539]&amp#27;[0m Responding to client with driver.getCurrentContext() result: "NATIVE_APP"
&amp#27;[38;5;21m[fdd953ca]&amp#27;[0m&amp#27;[38;5;86m[HTTP]&amp#27;[0m &amp#27;[37m<-- GET /session/fdd953ca-6237-40b1-886a-13e33b8360eb/context &amp#27;[39m&amp#27;[32m200&amp#27;[39m &amp#27;[90m1 ms - 22&amp#27;[39m &amp#27;[90m&amp#27;[39m
&amp#27;[38;5;21m[fdd953ca]&amp#27;[0m&amp#27;[38;5;86m[HTTP]&amp#27;[0m &amp#27;[37m-->&amp#27;[39m &amp#27;[37mPOST&amp#27;[39m &amp#27;[37m/session/fdd953ca-6237-40b1-886a-13e33b8360eb/elements&amp#27;[39m &amp#27;[90m{"using":"xpath","value":"//android.widget.TextView[@text='ADD TO CART']"}&amp#27;[39m
&amp#27;[38;5;21m[fdd953ca]&amp#27;[0m&amp#27;[38;5;-28m[AndroidUiautomator2Driver@0539]&amp#27;[0m Calling AppiumDriver.findElements() with args: ["xpath","//android.widget.TextView[@text='ADD TO CART']","fdd953ca-6237-40b1-886a-13e33b8360eb"]
&amp#27;[38;5;21m[fdd953ca]&amp#27;[0m&amp#27;[38;5;-28m[AndroidUiautomator2Driver@0539]&amp#27;[0m Valid locator strategies for this request: xpath, id, class name, accessibility id, css selector, -android uiautomator
&amp#27;[38;5;21m[fdd953ca]&amp#27;[0m&amp#27;[38;5;-28m[AndroidUiautomator2Driver@0539]&amp#27;[0m Waiting up to 0 ms for condition
&amp#27;[38;5;21m[fdd953ca]&amp#27;[0m&amp#27;[38;5;-28m[AndroidUiautomator2Driver@0539]&amp#27;[0m Matched '/elements' to command name 'findElements'
&amp#27;[38;5;21m[fdd953ca]&amp#27;[0m&amp#27;[38;5;-28m[AndroidUiautomator2Driver@0539]&amp#27;[0m Proxying [POST /elements] to [POST http://127.0.0.1:8201/session/4f1df9fb-3230-4254-8e62-75f02eb9f626/elements] with body: {"strategy":"xpath","selector":"//android.widget.TextView[@text='ADD TO CART']","context":"","multiple":true}
&amp#27;[38;5;21m[fdd953ca]&amp#27;[0m&amp#27;[38;5;-28m[AndroidUiautomator2Driver@0539]&amp#27;[0m Got response with status 200: {"sessionId":"4f1df9fb-3230-4254-8e62-75f02eb9f626","value":[{"ELEMENT":"00000000-0000-06c5-ffff-ffff00000059","element-6066-11e4-a52e-4f735466cecf":"00000000-0000-06c5-ffff-ffff00000059"}]}
&amp#27;[38;5;21m[fdd953ca]&amp#27;[0m&amp#27;[38;5;-28m[AndroidUiautomator2Driver@0539]&amp#27;[0m Responding to client with driver.findElements() result: [{"element-6066-11e4-a52e-4f735466cecf":"00000000-0000-06c5-ffff-ffff00000059","ELEMENT":"00000000-0000-06c5-ffff-ffff00000059"}]
&amp#27;[38;5;21m[fdd953ca]&amp#27;[0m&amp#27;[38;5;86m[HTTP]&amp#27;[0m &amp#27;[37m<-- POST /session/fdd953ca-6237-40b1-886a-13e33b8360eb/elements &amp#27;[39m&amp#27;[32m200&amp#27;[39m &amp#27;[90m110 ms - 139&amp#27;[39m &amp#27;[90m&amp#27;[39m
&amp#27;[38;5;21m[fdd953ca]&amp#27;[0m&amp#27;[38;5;86m[HTTP]&amp#27;[0m &amp#27;[37m-->&amp#27;[39m &amp#27;[37mGET&amp#27;[39m &amp#27;[37m/session/fdd953ca-6237-40b1-886a-13e33b8360eb/context&amp#27;[39m &amp#27;[90m{}&amp#27;[39m
&amp#27;[38;5;21m[fdd953ca]&amp#27;[0m&amp#27;[38;5;-28m[AndroidUiautomator2Driver@0539]&amp#27;[0m Calling AppiumDriver.getCurrentContext() with args: ["fdd953ca-6237-40b1-886a-13e33b8360eb"]
&amp#27;[38;5;21m[fdd953ca]&amp#27;[0m&amp#27;[38;5;-28m[AndroidUiautomator2Driver@0539]&amp#27;[0m Responding to client with driver.getCurrentContext() result: "NATIVE_APP"
&amp#27;[38;5;21m[fdd953ca]&amp#27;[0m&amp#27;[38;5;86m[HTTP]&amp#27;[0m &amp#27;[37m<-- GET /session/fdd953ca-6237-40b1-886a-13e33b8360eb/context &amp#27;[39m&amp#27;[32m200&amp#27;[39m &amp#27;[90m1 ms - 22&amp#27;[39m &amp#27;[90m&amp#27;[39m
&amp#27;[38;5;21m[fdd953ca]&amp#27;[0m&amp#27;[38;5;86m[HTTP]&amp#27;[0m &amp#27;[37m-->&amp#27;[39m &amp#27;[37mPOST&amp#27;[39m &amp#27;[37m/session/fdd953ca-6237-40b1-886a-13e33b8360eb/elements&amp#27;[39m &amp#27;[90m{"using":"xpath","value":"//android.widget.TextView[@text='ADD TO CART']"}&amp#27;[39m
&amp#27;[38;5;21m[fdd953ca]&amp#27;[0m&amp#27;[38;5;-28m[AndroidUiautomator2Driver@0539]&amp#27;[0m Calling AppiumDriver.findElements() with args: ["xpath","//android.widget.TextView[@text='ADD TO CART']","fdd953ca-6237-40b1-886a-13e33b8360eb"]
&amp#27;[38;5;21m[fdd953ca]&amp#27;[0m&amp#27;[38;5;-28m[AndroidUiautomator2Driver@0539]&amp#27;[0m Valid locator strategies for this request: xpath, id, class name, accessibility id, css selector, -android uiautomator
&amp#27;[38;5;21m[fdd953ca]&amp#27;[0m&amp#27;[38;5;-28m[AndroidUiautomator2Driver@0539]&amp#27;[0m Waiting up to 0 ms for condition
&amp#27;[38;5;21m[fdd953ca]&amp#27;[0m&amp#27;[38;5;-28m[AndroidUiautomator2Driver@0539]&amp#27;[0m Matched '/elements' to command name 'findElements'
&amp#27;[38;5;21m[fdd953ca]&amp#27;[0m&amp#27;[38;5;-28m[AndroidUiautomator2Driver@0539]&amp#27;[0m Proxying [POST /elements] to [POST http://127.0.0.1:8201/session/4f1df9fb-3230-4254-8e62-75f02eb9f626/elements] with body: {"strategy":"xpath","selector":"//android.widget.TextView[@text='ADD TO CART']","context":"","multiple":true}
&amp#27;[38;5;21m[fdd953ca]&amp#27;[0m&amp#27;[38;5;-28m[AndroidUiautomator2Driver@0539]&amp#27;[0m Got response with status 200: {"sessionId":"4f1df9fb-3230-4254-8e62-75f02eb9f626","value":[{"ELEMENT":"00000000-0000-06c5-ffff-ffff00000059","element-6066-11e4-a52e-4f735466cecf":"00000000-0000-06c5-ffff-ffff00000059"}]}
&amp#27;[38;5;21m[fdd953ca]&amp#27;[0m&amp#27;[38;5;-28m[AndroidUiautomator2Driver@0539]&amp#27;[0m Responding to client with driver.findElements() result: [{"element-6066-11e4-a52e-4f735466cecf":"00000000-0000-06c5-ffff-ffff00000059","ELEMENT":"00000000-0000-06c5-ffff-ffff00000059"}]
&amp#27;[38;5;21m[fdd953ca]&amp#27;[0m&amp#27;[38;5;86m[HTTP]&amp#27;[0m &amp#27;[37m<-- POST /session/fdd953ca-6237-40b1-886a-13e33b8360eb/elements &amp#27;[39m&amp#27;[32m200&amp#27;[39m &amp#27;[90m109 ms - 139&amp#27;[39m &amp#27;[90m&amp#27;[39m
&amp#27;[38;5;21m[fdd953ca]&amp#27;[0m&amp#27;[38;5;86m[HTTP]&amp#27;[0m &amp#27;[37m-->&amp#27;[39m &amp#27;[37mGET&amp#27;[39m &amp#27;[37m/session/fdd953ca-6237-40b1-886a-13e33b8360eb/element/00000000-0000-06c5-ffff-ffff00000059/displayed&amp#27;[39m &amp#27;[90m{}&amp#27;[39m
&amp#27;[38;5;21m[fdd953ca]&amp#27;[0m&amp#27;[38;5;-28m[AndroidUiautomator2Driver@0539]&amp#27;[0m Calling AppiumDriver.elementDisplayed() with args: ["00000000-0000-06c5-ffff-ffff00000059","fdd953ca-6237-40b1-886a-13e33b8360eb"]
&amp#27;[38;5;21m[fdd953ca]&amp#27;[0m&amp#27;[38;5;-28m[AndroidUiautomator2Driver@0539]&amp#27;[0m Matched '/element/00000000-0000-06c5-ffff-ffff00000059/attribute/displayed' to command name 'getAttribute'
&amp#27;[38;5;21m[fdd953ca]&amp#27;[0m&amp#27;[38;5;-28m[AndroidUiautomator2Driver@0539]&amp#27;[0m Proxying [GET /element/00000000-0000-06c5-ffff-ffff00000059/attribute/displayed] to [GET http://127.0.0.1:8201/session/4f1df9fb-3230-4254-8e62-75f02eb9f626/element/00000000-0000-06c5-ffff-ffff00000059/attribute/displayed] with no body
&amp#27;[38;5;21m[fdd953ca]&amp#27;[0m&amp#27;[38;5;-28m[AndroidUiautomator2Driver@0539]&amp#27;[0m Got response with status 200: {"sessionId":"4f1df9fb-3230-4254-8e62-75f02eb9f626","value":"true"}
&amp#27;[38;5;21m[fdd953ca]&amp#27;[0m&amp#27;[38;5;-28m[AndroidUiautomator2Driver@0539]&amp#27;[0m Responding to client with driver.elementDisplayed() result: true
&amp#27;[38;5;21m[fdd953ca]&amp#27;[0m&amp#27;[38;5;86m[HTTP]&amp#27;[0m &amp#27;[37m<-- GET /session/fdd953ca-6237-40b1-886a-13e33b8360eb/element/00000000-0000-06c5-ffff-ffff00000059/displayed &amp#27;[39m&amp#27;[32m200&amp#27;[39m &amp#27;[90m18 ms - 14&amp#27;[39m &amp#27;[90m&amp#27;[39m
&amp#27;[38;5;21m[fdd953ca]&amp#27;[0m&amp#27;[38;5;86m[HTTP]&amp#27;[0m &amp#27;[37m-->&amp#27;[39m &amp#27;[37mPOST&amp#27;[39m &amp#27;[37m/session/fdd953ca-6237-40b1-886a-13e33b8360eb/element/00000000-0000-06c5-ffff-ffff00000059/click&amp#27;[39m &amp#27;[90m{"id":"00000000-0000-06c5-ffff-ffff00000059"}&amp#27;[39m
&amp#27;[38;5;21m[fdd953ca]&amp#27;[0m&amp#27;[38;5;-28m[AndroidUiautomator2Driver@0539]&amp#27;[0m Calling AppiumDriver.click() with args: ["00000000-0000-06c5-ffff-ffff00000059","fdd953ca-6237-40b1-886a-13e33b8360eb"]
&amp#27;[38;5;21m[fdd953ca]&amp#27;[0m&amp#27;[38;5;-28m[AndroidUiautomator2Driver@0539]&amp#27;[0m Matched '/element/00000000-0000-06c5-ffff-ffff00000059/click' to command name 'click'
&amp#27;[38;5;21m[fdd953ca]&amp#27;[0m&amp#27;[38;5;-28m[AndroidUiautomator2Driver@0539]&amp#27;[0m Proxying [POST /element/00000000-0000-06c5-ffff-ffff00000059/click] to [POST http://127.0.0.1:8201/session/4f1df9fb-3230-4254-8e62-75f02eb9f626/element/00000000-0000-06c5-ffff-ffff00000059/click] with body: {"element":"00000000-0000-06c5-ffff-ffff00000059"}
&amp#27;[38;5;21m[fdd953ca]&amp#27;[0m&amp#27;[38;5;-28m[AndroidUiautomator2Driver@0539]&amp#27;[0m Got response with status 200: {"sessionId":"4f1df9fb-3230-4254-8e62-75f02eb9f626","value":null}
&amp#27;[38;5;21m[fdd953ca]&amp#27;[0m&amp#27;[38;5;-28m[AndroidUiautomator2Driver@0539]&amp#27;[0m Responding to client with driver.click() result: null
&amp#27;[38;5;21m[fdd953ca]&amp#27;[0m&amp#27;[38;5;86m[HTTP]&amp#27;[0m &amp#27;[37m<-- POST /session/fdd953ca-6237-40b1-886a-13e33b8360eb/element/00000000-0000-06c5-ffff-ffff00000059/click &amp#27;[39m&amp#27;[32m200&amp#27;[39m &amp#27;[90m557 ms - 14&amp#27;[39m &amp#27;[90m&amp#27;[39m
&amp#27;[38;5;21m[fdd953ca]&amp#27;[0m&amp#27;[38;5;86m[HTTP]&amp#27;[0m &amp#27;[37m-->&amp#27;[39m &amp#27;[37mGET&amp#27;[39m &amp#27;[37m/session/fdd953ca-6237-40b1-886a-13e33b8360eb/context&amp#27;[39m &amp#27;[90m{}&amp#27;[39m
&amp#27;[38;5;21m[fdd953ca]&amp#27;[0m&amp#27;[38;5;-28m[AndroidUiautomator2Driver@0539]&amp#27;[0m Calling AppiumDriver.getCurrentContext() with args: ["fdd953ca-6237-40b1-886a-13e33b8360eb"]
&amp#27;[38;5;21m[fdd953ca]&amp#27;[0m&amp#27;[38;5;-28m[AndroidUiautomator2Driver@0539]&amp#27;[0m Responding to client with driver.getCurrentContext() result: "NATIVE_APP"
&amp#27;[38;5;21m[fdd953ca]&amp#27;[0m&amp#27;[38;5;86m[HTTP]&amp#27;[0m &amp#27;[37m<-- GET /session/fdd953ca-6237-40b1-886a-13e33b8360eb/context &amp#27;[39m&amp#27;[32m200&amp#27;[39m &amp#27;[90m2 ms - 22&amp#27;[39m &amp#27;[90m&amp#27;[39m
&amp#27;[38;5;21m[fdd953ca]&amp#27;[0m&amp#27;[38;5;86m[HTTP]&amp#27;[0m &amp#27;[37m-->&amp#27;[39m &amp#27;[37mPOST&amp#27;[39m &amp#27;[37m/session/fdd953ca-6237-40b1-886a-13e33b8360eb/element&amp#27;[39m &amp#27;[90m{"using":"id","value":"com.androidsample.generalstore:id/appbar_btn_cart"}&amp#27;[39m
&amp#27;[38;5;21m[fdd953ca]&amp#27;[0m&amp#27;[38;5;-28m[AndroidUiautomator2Driver@0539]&amp#27;[0m Calling AppiumDriver.findElement() with args: ["id","com.androidsample.generalstore:id/appbar_btn_cart","fdd953ca-6237-40b1-886a-13e33b8360eb"]
&amp#27;[38;5;21m[fdd953ca]&amp#27;[0m&amp#27;[38;5;-28m[AndroidUiautomator2Driver@0539]&amp#27;[0m Valid locator strategies for this request: xpath, id, class name, accessibility id, css selector, -android uiautomator
&amp#27;[38;5;21m[fdd953ca]&amp#27;[0m&amp#27;[38;5;-28m[AndroidUiautomator2Driver@0539]&amp#27;[0m Waiting up to 0 ms for condition
&amp#27;[38;5;21m[fdd953ca]&amp#27;[0m&amp#27;[38;5;-28m[AndroidUiautomator2Driver@0539]&amp#27;[0m Matched '/element' to command name 'findElement'
&amp#27;[38;5;21m[fdd953ca]&amp#27;[0m&amp#27;[38;5;-28m[AndroidUiautomator2Driver@0539]&amp#27;[0m Proxying [POST /element] to [POST http://127.0.0.1:8201/session/4f1df9fb-3230-4254-8e62-75f02eb9f626/element] with body: {"strategy":"id","selector":"com.androidsample.generalstore:id/appbar_btn_cart","context":"","multiple":false}
&amp#27;[38;5;21m[fdd953ca]&amp#27;[0m&amp#27;[38;5;-28m[AndroidUiautomator2Driver@0539]&amp#27;[0m Got response with status 200: {"sessionId":"4f1df9fb-3230-4254-8e62-75f02eb9f626","value":{"ELEMENT":"00000000-0000-06c5-ffff-ffff00000044","element-6066-11e4-a52e-4f735466cecf":"00000000-0000-06c5-ffff-ffff00000044"}}
&amp#27;[38;5;21m[fdd953ca]&amp#27;[0m&amp#27;[38;5;-28m[AndroidUiautomator2Driver@0539]&amp#27;[0m Responding to client with driver.findElement() result: {"element-6066-11e4-a52e-4f735466cecf":"00000000-0000-06c5-ffff-ffff00000044","ELEMENT":"00000000-0000-06c5-ffff-ffff00000044"}
&amp#27;[38;5;21m[fdd953ca]&amp#27;[0m&amp#27;[38;5;86m[HTTP]&amp#27;[0m &amp#27;[37m<-- POST /session/fdd953ca-6237-40b1-886a-13e33b8360eb/element &amp#27;[39m&amp#27;[32m200&amp#27;[39m &amp#27;[90m27 ms - 137&amp#27;[39m &amp#27;[90m&amp#27;[39m
&amp#27;[38;5;21m[fdd953ca]&amp#27;[0m&amp#27;[38;5;86m[HTTP]&amp#27;[0m &amp#27;[37m-->&amp#27;[39m &amp#27;[37mGET&amp#27;[39m &amp#27;[37m/session/fdd953ca-6237-40b1-886a-13e33b8360eb/element/00000000-0000-06c5-ffff-ffff00000044/displayed&amp#27;[39m &amp#27;[90m{}&amp#27;[39m
&amp#27;[38;5;21m[fdd953ca]&amp#27;[0m&amp#27;[38;5;-28m[AndroidUiautomator2Driver@0539]&amp#27;[0m Calling AppiumDriver.elementDisplayed() with args: ["00000000-0000-06c5-ffff-ffff00000044","fdd953ca-6237-40b1-886a-13e33b8360eb"]
&amp#27;[38;5;21m[fdd953ca]&amp#27;[0m&amp#27;[38;5;-28m[AndroidUiautomator2Driver@0539]&amp#27;[0m Matched '/element/00000000-0000-06c5-ffff-ffff00000044/attribute/displayed' to command name 'getAttribute'
&amp#27;[38;5;21m[fdd953ca]&amp#27;[0m&amp#27;[38;5;-28m[AndroidUiautomator2Driver@0539]&amp#27;[0m Proxying [GET /element/00000000-0000-06c5-ffff-ffff00000044/attribute/displayed] to [GET http://127.0.0.1:8201/session/4f1df9fb-3230-4254-8e62-75f02eb9f626/element/00000000-0000-06c5-ffff-ffff00000044/attribute/displayed] with no body
&amp#27;[38;5;21m[fdd953ca]&amp#27;[0m&amp#27;[38;5;-28m[AndroidUiautomator2Driver@0539]&amp#27;[0m Got response with status 200: {"sessionId":"4f1df9fb-3230-4254-8e62-75f02eb9f626","value":"true"}
&amp#27;[38;5;21m[fdd953ca]&amp#27;[0m&amp#27;[38;5;-28m[AndroidUiautomator2Driver@0539]&amp#27;[0m Responding to client with driver.elementDisplayed() result: true
&amp#27;[38;5;21m[fdd953ca]&amp#27;[0m&amp#27;[38;5;86m[HTTP]&amp#27;[0m &amp#27;[37m<-- GET /session/fdd953ca-6237-40b1-886a-13e33b8360eb/element/00000000-0000-06c5-ffff-ffff00000044/displayed &amp#27;[39m&amp#27;[32m200&amp#27;[39m &amp#27;[90m20 ms - 14&amp#27;[39m &amp#27;[90m&amp#27;[39m
&amp#27;[38;5;21m[fdd953ca]&amp#27;[0m&amp#27;[38;5;86m[HTTP]&amp#27;[0m &amp#27;[37m-->&amp#27;[39m &amp#27;[37mGET&amp#27;[39m &amp#27;[37m/session/fdd953ca-6237-40b1-886a-13e33b8360eb/context&amp#27;[39m &amp#27;[90m{}&amp#27;[39m
&amp#27;[38;5;21m[fdd953ca]&amp#27;[0m&amp#27;[38;5;-28m[AndroidUiautomator2Driver@0539]&amp#27;[0m Calling AppiumDriver.getCurrentContext() with args: ["fdd953ca-6237-40b1-886a-13e33b8360eb"]
&amp#27;[38;5;21m[fdd953ca]&amp#27;[0m&amp#27;[38;5;-28m[AndroidUiautomator2Driver@0539]&amp#27;[0m Responding to client with driver.getCurrentContext() result: "NATIVE_APP"
&amp#27;[38;5;21m[fdd953ca]&amp#27;[0m&amp#27;[38;5;86m[HTTP]&amp#27;[0m &amp#27;[37m<-- GET /session/fdd953ca-6237-40b1-886a-13e33b8360eb/context &amp#27;[39m&amp#27;[32m200&amp#27;[39m &amp#27;[90m1 ms - 22&amp#27;[39m &amp#27;[90m&amp#27;[39m
&amp#27;[38;5;21m[fdd953ca]&amp#27;[0m&amp#27;[38;5;86m[HTTP]&amp#27;[0m &amp#27;[37m-->&amp#27;[39m &amp#27;[37mPOST&amp#27;[39m &amp#27;[37m/session/fdd953ca-6237-40b1-886a-13e33b8360eb/element&amp#27;[39m &amp#27;[90m{"using":"id","value":"com.androidsample.generalstore:id/appbar_btn_cart"}&amp#27;[39m
&amp#27;[38;5;21m[fdd953ca]&amp#27;[0m&amp#27;[38;5;-28m[AndroidUiautomator2Driver@0539]&amp#27;[0m Calling AppiumDriver.findElement() with args: ["id","com.androidsample.generalstore:id/appbar_btn_cart","fdd953ca-6237-40b1-886a-13e33b8360eb"]
&amp#27;[38;5;21m[fdd953ca]&amp#27;[0m&amp#27;[38;5;-28m[AndroidUiautomator2Driver@0539]&amp#27;[0m Valid locator strategies for this request: xpath, id, class name, accessibility id, css selector, -android uiautomator
&amp#27;[38;5;21m[fdd953ca]&amp#27;[0m&amp#27;[38;5;-28m[AndroidUiautomator2Driver@0539]&amp#27;[0m Waiting up to 0 ms for condition
&amp#27;[38;5;21m[fdd953ca]&amp#27;[0m&amp#27;[38;5;-28m[AndroidUiautomator2Driver@0539]&amp#27;[0m Matched '/element' to command name 'findElement'
&amp#27;[38;5;21m[fdd953ca]&amp#27;[0m&amp#27;[38;5;-28m[AndroidUiautomator2Driver@0539]&amp#27;[0m Proxying [POST /element] to [POST http://127.0.0.1:8201/session/4f1df9fb-3230-4254-8e62-75f02eb9f626/element] with body: {"strategy":"id","selector":"com.androidsample.generalstore:id/appbar_btn_cart","context":"","multiple":false}
&amp#27;[38;5;21m[fdd953ca]&amp#27;[0m&amp#27;[38;5;-28m[AndroidUiautomator2Driver@0539]&amp#27;[0m Got response with status 200: {"sessionId":"4f1df9fb-3230-4254-8e62-75f02eb9f626","value":{"ELEMENT":"00000000-0000-06c5-ffff-ffff00000044","element-6066-11e4-a52e-4f735466cecf":"00000000-0000-06c5-ffff-ffff00000044"}}
&amp#27;[38;5;21m[fdd953ca]&amp#27;[0m&amp#27;[38;5;-28m[AndroidUiautomator2Driver@0539]&amp#27;[0m Responding to client with driver.findElement() result: {"element-6066-11e4-a52e-4f735466cecf":"00000000-0000-06c5-ffff-ffff00000044","ELEMENT":"00000000-0000-06c5-ffff-ffff00000044"}
&amp#27;[38;5;21m[fdd953ca]&amp#27;[0m&amp#27;[38;5;86m[HTTP]&amp#27;[0m &amp#27;[37m<-- POST /session/fdd953ca-6237-40b1-886a-13e33b8360eb/element &amp#27;[39m&amp#27;[32m200&amp#27;[39m &amp#27;[90m22 ms - 137&amp#27;[39m &amp#27;[90m&amp#27;[39m
&amp#27;[38;5;21m[fdd953ca]&amp#27;[0m&amp#27;[38;5;86m[HTTP]&amp#27;[0m &amp#27;[37m-->&amp#27;[39m &amp#27;[37mPOST&amp#27;[39m &amp#27;[37m/session/fdd953ca-6237-40b1-886a-13e33b8360eb/element/00000000-0000-06c5-ffff-ffff00000044/click&amp#27;[39m &amp#27;[90m{"id":"00000000-0000-06c5-ffff-ffff00000044"}&amp#27;[39m
&amp#27;[38;5;21m[fdd953ca]&amp#27;[0m&amp#27;[38;5;-28m[AndroidUiautomator2Driver@0539]&amp#27;[0m Calling AppiumDriver.click() with args: ["00000000-0000-06c5-ffff-ffff00000044","fdd953ca-6237-40b1-886a-13e33b8360eb"]
&amp#27;[38;5;21m[fdd953ca]&amp#27;[0m&amp#27;[38;5;-28m[AndroidUiautomator2Driver@0539]&amp#27;[0m Matched '/element/00000000-0000-06c5-ffff-ffff00000044/click' to command name 'click'
&amp#27;[38;5;21m[fdd953ca]&amp#27;[0m&amp#27;[38;5;-28m[AndroidUiautomator2Driver@0539]&amp#27;[0m Proxying [POST /element/00000000-0000-06c5-ffff-ffff00000044/click] to [POST http://127.0.0.1:8201/session/4f1df9fb-3230-4254-8e62-75f02eb9f626/element/00000000-0000-06c5-ffff-ffff00000044/click] with body: {"element":"00000000-0000-06c5-ffff-ffff00000044"}
&amp#27;[38;5;21m[fdd953ca]&amp#27;[0m&amp#27;[38;5;-28m[AndroidUiautomator2Driver@0539]&amp#27;[0m Got response with status 200: {"sessionId":"4f1df9fb-3230-4254-8e62-75f02eb9f626","value":null}
&amp#27;[38;5;21m[fdd953ca]&amp#27;[0m&amp#27;[38;5;-28m[AndroidUiautomator2Driver@0539]&amp#27;[0m Responding to client with driver.click() result: null
&amp#27;[38;5;21m[fdd953ca]&amp#27;[0m&amp#27;[38;5;86m[HTTP]&amp#27;[0m &amp#27;[37m<-- POST /session/fdd953ca-6237-40b1-886a-13e33b8360eb/element/00000000-0000-06c5-ffff-ffff00000044/click &amp#27;[39m&amp#27;[32m200&amp#27;[39m &amp#27;[90m76 ms - 14&amp#27;[39m &amp#27;[90m&amp#27;[39m
&amp#27;[38;5;21m[fdd953ca]&amp#27;[0m&amp#27;[38;5;86m[HTTP]&amp#27;[0m &amp#27;[37m-->&amp#27;[39m &amp#27;[37mGET&amp#27;[39m &amp#27;[37m/session/fdd953ca-6237-40b1-886a-13e33b8360eb/context&amp#27;[39m &amp#27;[90m{}&amp#27;[39m
&amp#27;[38;5;21m[fdd953ca]&amp#27;[0m&amp#27;[38;5;-28m[AndroidUiautomator2Driver@0539]&amp#27;[0m Calling AppiumDriver.getCurrentContext() with args: ["fdd953ca-6237-40b1-886a-13e33b8360eb"]
&amp#27;[38;5;21m[fdd953ca]&amp#27;[0m&amp#27;[38;5;-28m[AndroidUiautomator2Driver@0539]&amp#27;[0m Responding to client with driver.getCurrentContext() result: "NATIVE_APP"
&amp#27;[38;5;21m[fdd953ca]&amp#27;[0m&amp#27;[38;5;86m[HTTP]&amp#27;[0m &amp#27;[37m<-- GET /session/fdd953ca-6237-40b1-886a-13e33b8360eb/context &amp#27;[39m&amp#27;[32m200&amp#27;[39m &amp#27;[90m1 ms - 22&amp#27;[39m &amp#27;[90m&amp#27;[39m
&amp#27;[38;5;21m[fdd953ca]&amp#27;[0m&amp#27;[38;5;86m[HTTP]&amp#27;[0m &amp#27;[37m-->&amp#27;[39m &amp#27;[37mPOST&amp#27;[39m &amp#27;[37m/session/fdd953ca-6237-40b1-886a-13e33b8360eb/elements&amp#27;[39m &amp#27;[90m{"using":"id","value":"com.androidsample.generalstore:id/productPrice"}&amp#27;[39m
&amp#27;[38;5;21m[fdd953ca]&amp#27;[0m&amp#27;[38;5;-28m[AndroidUiautomator2Driver@0539]&amp#27;[0m Calling AppiumDriver.findElements() with args: ["id","com.androidsample.generalstore:id/productPrice","fdd953ca-6237-40b1-886a-13e33b8360eb"]
&amp#27;[38;5;21m[fdd953ca]&amp#27;[0m&amp#27;[38;5;-28m[AndroidUiautomator2Driver@0539]&amp#27;[0m Valid locator strategies for this request: xpath, id, class name, accessibility id, css selector, -android uiautomator
&amp#27;[38;5;21m[fdd953ca]&amp#27;[0m&amp#27;[38;5;-28m[AndroidUiautomator2Driver@0539]&amp#27;[0m Waiting up to 0 ms for condition
&amp#27;[38;5;21m[fdd953ca]&amp#27;[0m&amp#27;[38;5;-28m[AndroidUiautomator2Driver@0539]&amp#27;[0m Matched '/elements' to command name 'findElements'
&amp#27;[38;5;21m[fdd953ca]&amp#27;[0m&amp#27;[38;5;-28m[AndroidUiautomator2Driver@0539]&amp#27;[0m Proxying [POST /elements] to [POST http://127.0.0.1:8201/session/4f1df9fb-3230-4254-8e62-75f02eb9f626/elements] with body: {"strategy":"id","selector":"com.androidsample.generalstore:id/productPrice","context":"","multiple":true}
&amp#27;[38;5;21m[fdd953ca]&amp#27;[0m&amp#27;[38;5;-28m[AndroidUiautomator2Driver@0539]&amp#27;[0m Got response with status 200: {"sessionId":"4f1df9fb-3230-4254-8e62-75f02eb9f626","value":[{"ELEMENT":"00000000-0000-06c6-ffff-ffff00000086","element-6066-11e4-a52e-4f735466cecf":"00000000-0000-06c6-ffff-ffff00000086"},{"ELEMENT":"00000000-0000-06c6-ffff-ffff0000008e","element-6066-11e4-a52e-4f735466cecf":"00000000-0000-06c6-ffff-ffff0000008e"}]}
&amp#27;[38;5;21m[fdd953ca]&amp#27;[0m&amp#27;[38;5;-28m[AndroidUiautomator2Driver@0539]&amp#27;[0m Responding to client with driver.findElements() result: [{"element-6066-11e4-a52e-4f735466cecf":"00000000-0000-06c6-ffff-ffff00000086","ELEMENT":"00000000-0000-06c6-ffff-ffff00000086"},{"element-6066-11e4-a52e-4f735466cecf":"00000000-0000-06c6-ffff-ffff0000008e","ELEMENT":"00000000-0000-06c6-ffff-ffff0000008e"}]
&amp#27;[38;5;21m[fdd953ca]&amp#27;[0m&amp#27;[38;5;86m[HTTP]&amp#27;[0m &amp#27;[37m<-- POST /session/fdd953ca-6237-40b1-886a-13e33b8360eb/elements &amp#27;[39m&amp#27;[32m200&amp#27;[39m &amp#27;[90m1308 ms - 267&amp#27;[39m &amp#27;[90m&amp#27;[39m
&amp#27;[38;5;21m[fdd953ca]&amp#27;[0m&amp#27;[38;5;86m[HTTP]&amp#27;[0m &amp#27;[37m-->&amp#27;[39m &amp#27;[37mGET&amp#27;[39m &amp#27;[37m/session/fdd953ca-6237-40b1-886a-13e33b8360eb/element/00000000-0000-06c6-ffff-ffff00000086/displayed&amp#27;[39m &amp#27;[90m{}&amp#27;[39m
&amp#27;[38;5;21m[fdd953ca]&amp#27;[0m&amp#27;[38;5;-28m[AndroidUiautomator2Driver@0539]&amp#27;[0m Calling AppiumDriver.elementDisplayed() with args: ["00000000-0000-06c6-ffff-ffff00000086","fdd953ca-6237-40b1-886a-13e33b8360eb"]
&amp#27;[38;5;21m[fdd953ca]&amp#27;[0m&amp#27;[38;5;-28m[AndroidUiautomator2Driver@0539]&amp#27;[0m Matched '/element/00000000-0000-06c6-ffff-ffff00000086/attribute/displayed' to command name 'getAttribute'
&amp#27;[38;5;21m[fdd953ca]&amp#27;[0m&amp#27;[38;5;-28m[AndroidUiautomator2Driver@0539]&amp#27;[0m Proxying [GET /element/00000000-0000-06c6-ffff-ffff00000086/attribute/displayed] to [GET http://127.0.0.1:8201/session/4f1df9fb-3230-4254-8e62-75f02eb9f626/element/00000000-0000-06c6-ffff-ffff00000086/attribute/displayed] with no body
&amp#27;[38;5;21m[fdd953ca]&amp#27;[0m&amp#27;[38;5;-28m[AndroidUiautomator2Driver@0539]&amp#27;[0m Got response with status 200: {"sessionId":"4f1df9fb-3230-4254-8e62-75f02eb9f626","value":"true"}
&amp#27;[38;5;21m[fdd953ca]&amp#27;[0m&amp#27;[38;5;-28m[AndroidUiautomator2Driver@0539]&amp#27;[0m Responding to client with driver.elementDisplayed() result: true
&amp#27;[38;5;21m[fdd953ca]&amp#27;[0m&amp#27;[38;5;86m[HTTP]&amp#27;[0m &amp#27;[37m<-- GET /session/fdd953ca-6237-40b1-886a-13e33b8360eb/element/00000000-0000-06c6-ffff-ffff00000086/displayed &amp#27;[39m&amp#27;[32m200&amp#27;[39m &amp#27;[90m14 ms - 14&amp#27;[39m &amp#27;[90m&amp#27;[39m
&amp#27;[38;5;21m[fdd953ca]&amp#27;[0m&amp#27;[38;5;86m[HTTP]&amp#27;[0m &amp#27;[37m-->&amp#27;[39m &amp#27;[37mGET&amp#27;[39m &amp#27;[37m/session/fdd953ca-6237-40b1-886a-13e33b8360eb/element/00000000-0000-06c6-ffff-ffff00000086/text&amp#27;[39m &amp#27;[90m{}&amp#27;[39m
&amp#27;[38;5;21m[fdd953ca]&amp#27;[0m&amp#27;[38;5;-28m[AndroidUiautomator2Driver@0539]&amp#27;[0m Driver proxy active, passing request on via HTTP proxy
&amp#27;[38;5;21m[fdd953ca]&amp#27;[0m&amp#27;[38;5;-28m[AndroidUiautomator2Driver@0539]&amp#27;[0m Matched '/session/fdd953ca-6237-40b1-886a-13e33b8360eb/element/00000000-0000-06c6-ffff-ffff00000086/text' to command name 'getText'
&amp#27;[38;5;21m[fdd953ca]&amp#27;[0m&amp#27;[38;5;-28m[AndroidUiautomator2Driver@0539]&amp#27;[0m Proxying [GET /session/fdd953ca-6237-40b1-886a-13e33b8360eb/element/00000000-0000-06c6-ffff-ffff00000086/text] to [GET http://127.0.0.1:8201/session/4f1df9fb-3230-4254-8e62-75f02eb9f626/element/00000000-0000-06c6-ffff-ffff00000086/text] with no body
&amp#27;[38;5;21m[fdd953ca]&amp#27;[0m&amp#27;[38;5;-28m[AndroidUiautomator2Driver@0539]&amp#27;[0m Got response with status 200: {"sessionId":"4f1df9fb-3230-4254-8e62-75f02eb9f626","value":"$160.97"}
&amp#27;[38;5;21m[fdd953ca]&amp#27;[0m&amp#27;[38;5;-28m[AndroidUiautomator2Driver@0539]&amp#27;[0m Replacing sessionId 4f1df9fb-3230-4254-8e62-75f02eb9f626 with fdd953ca-6237-40b1-886a-13e33b8360eb
&amp#27;[38;5;21m[fdd953ca]&amp#27;[0m&amp#27;[38;5;86m[HTTP]&amp#27;[0m &amp#27;[37m<-- GET /session/fdd953ca-6237-40b1-886a-13e33b8360eb/element/00000000-0000-06c6-ffff-ffff00000086/text &amp#27;[39m&amp#27;[32m200&amp#27;[39m &amp#27;[90m15 ms - 70&amp#27;[39m &amp#27;[90m&amp#27;[39m
&amp#27;[38;5;21m[fdd953ca]&amp#27;[0m&amp#27;[38;5;86m[HTTP]&amp#27;[0m &amp#27;[37m-->&amp#27;[39m &amp#27;[37mGET&amp#27;[39m &amp#27;[37m/session/fdd953ca-6237-40b1-886a-13e33b8360eb/element/00000000-0000-06c6-ffff-ffff0000008e/displayed&amp#27;[39m &amp#27;[90m{}&amp#27;[39m
&amp#27;[38;5;21m[fdd953ca]&amp#27;[0m&amp#27;[38;5;-28m[AndroidUiautomator2Driver@0539]&amp#27;[0m Calling AppiumDriver.elementDisplayed() with args: ["00000000-0000-06c6-ffff-ffff0000008e","fdd953ca-6237-40b1-886a-13e33b8360eb"]
&amp#27;[38;5;21m[fdd953ca]&amp#27;[0m&amp#27;[38;5;-28m[AndroidUiautomator2Driver@0539]&amp#27;[0m Matched '/element/00000000-0000-06c6-ffff-ffff0000008e/attribute/displayed' to command name 'getAttribute'
&amp#27;[38;5;21m[fdd953ca]&amp#27;[0m&amp#27;[38;5;-28m[AndroidUiautomator2Driver@0539]&amp#27;[0m Proxying [GET /element/00000000-0000-06c6-ffff-ffff0000008e/attribute/displayed] to [GET http://127.0.0.1:8201/session/4f1df9fb-3230-4254-8e62-75f02eb9f626/element/00000000-0000-06c6-ffff-ffff0000008e/attribute/displayed] with no body
&amp#27;[38;5;21m[fdd953ca]&amp#27;[0m&amp#27;[38;5;-28m[AndroidUiautomator2Driver@0539]&amp#27;[0m Got response with status 200: {"sessionId":"4f1df9fb-3230-4254-8e62-75f02eb9f626","value":"true"}
&amp#27;[38;5;21m[fdd953ca]&amp#27;[0m&amp#27;[38;5;-28m[AndroidUiautomator2Driver@0539]&amp#27;[0m Responding to client with driver.elementDisplayed() result: true
&amp#27;[38;5;21m[fdd953ca]&amp#27;[0m&amp#27;[38;5;86m[HTTP]&amp#27;[0m &amp#27;[37m<-- GET /session/fdd953ca-6237-40b1-886a-13e33b8360eb/element/00000000-0000-06c6-ffff-ffff0000008e/displayed &amp#27;[39m&amp#27;[32m200&amp#27;[39m &amp#27;[90m15 ms - 14&amp#27;[39m &amp#27;[90m&amp#27;[39m
&amp#27;[38;5;21m[fdd953ca]&amp#27;[0m&amp#27;[38;5;86m[HTTP]&amp#27;[0m &amp#27;[37m-->&amp#27;[39m &amp#27;[37mGET&amp#27;[39m &amp#27;[37m/session/fdd953ca-6237-40b1-886a-13e33b8360eb/element/00000000-0000-06c6-ffff-ffff0000008e/text&amp#27;[39m &amp#27;[90m{}&amp#27;[39m
&amp#27;[38;5;21m[fdd953ca]&amp#27;[0m&amp#27;[38;5;-28m[AndroidUiautomator2Driver@0539]&amp#27;[0m Driver proxy active, passing request on via HTTP proxy
&amp#27;[38;5;21m[fdd953ca]&amp#27;[0m&amp#27;[38;5;-28m[AndroidUiautomator2Driver@0539]&amp#27;[0m Matched '/session/fdd953ca-6237-40b1-886a-13e33b8360eb/element/00000000-0000-06c6-ffff-ffff0000008e/text' to command name 'getText'
&amp#27;[38;5;21m[fdd953ca]&amp#27;[0m&amp#27;[38;5;-28m[AndroidUiautomator2Driver@0539]&amp#27;[0m Proxying [GET /session/fdd953ca-6237-40b1-886a-13e33b8360eb/element/00000000-0000-06c6-ffff-ffff0000008e/text] to [GET http://127.0.0.1:8201/session/4f1df9fb-3230-4254-8e62-75f02eb9f626/element/00000000-0000-06c6-ffff-ffff0000008e/text] with no body
&amp#27;[38;5;21m[fdd953ca]&amp#27;[0m&amp#27;[38;5;-28m[AndroidUiautomator2Driver@0539]&amp#27;[0m Got response with status 200: {"sessionId":"4f1df9fb-3230-4254-8e62-75f02eb9f626","value":"$120.0"}
&amp#27;[38;5;21m[fdd953ca]&amp#27;[0m&amp#27;[38;5;-28m[AndroidUiautomator2Driver@0539]&amp#27;[0m Replacing sessionId 4f1df9fb-3230-4254-8e62-75f02eb9f626 with fdd953ca-6237-40b1-886a-13e33b8360eb
&amp#27;[38;5;21m[fdd953ca]&amp#27;[0m&amp#27;[38;5;86m[HTTP]&amp#27;[0m &amp#27;[37m<-- GET /session/fdd953ca-6237-40b1-886a-13e33b8360eb/element/00000000-0000-06c6-ffff-ffff0000008e/text &amp#27;[39m&amp#27;[32m200&amp#27;[39m &amp#27;[90m14 ms - 69&amp#27;[39m &amp#27;[90m&amp#27;[39m
&amp#27;[38;5;21m[fdd953ca]&amp#27;[0m&amp#27;[38;5;86m[HTTP]&amp#27;[0m &amp#27;[37m-->&amp#27;[39m &amp#27;[37mGET&amp#27;[39m &amp#27;[37m/session/fdd953ca-6237-40b1-886a-13e33b8360eb/context&amp#27;[39m &amp#27;[90m{}&amp#27;[39m
&amp#27;[38;5;21m[fdd953ca]&amp#27;[0m&amp#27;[38;5;-28m[AndroidUiautomator2Driver@0539]&amp#27;[0m Calling AppiumDriver.getCurrentContext() with args: ["fdd953ca-6237-40b1-886a-13e33b8360eb"]
&amp#27;[38;5;21m[fdd953ca]&amp#27;[0m&amp#27;[38;5;-28m[AndroidUiautomator2Driver@0539]&amp#27;[0m Responding to client with driver.getCurrentContext() result: "NATIVE_APP"
&amp#27;[38;5;21m[fdd953ca]&amp#27;[0m&amp#27;[38;5;86m[HTTP]&amp#27;[0m &amp#27;[37m<-- GET /session/fdd953ca-6237-40b1-886a-13e33b8360eb/context &amp#27;[39m&amp#27;[32m200&amp#27;[39m &amp#27;[90m1 ms - 22&amp#27;[39m &amp#27;[90m&amp#27;[39m
&amp#27;[38;5;21m[fdd953ca]&amp#27;[0m&amp#27;[38;5;86m[HTTP]&amp#27;[0m &amp#27;[37m-->&amp#27;[39m &amp#27;[37mPOST&amp#27;[39m &amp#27;[37m/session/fdd953ca-6237-40b1-886a-13e33b8360eb/element&amp#27;[39m &amp#27;[90m{"using":"id","value":"com.androidsample.generalstore:id/totalAmountLbl"}&amp#27;[39m
&amp#27;[38;5;21m[fdd953ca]&amp#27;[0m&amp#27;[38;5;-28m[AndroidUiautomator2Driver@0539]&amp#27;[0m Calling AppiumDriver.findElement() with args: ["id","com.androidsample.generalstore:id/totalAmountLbl","fdd953ca-6237-40b1-886a-13e33b8360eb"]
&amp#27;[38;5;21m[fdd953ca]&amp#27;[0m&amp#27;[38;5;-28m[AndroidUiautomator2Driver@0539]&amp#27;[0m Valid locator strategies for this request: xpath, id, class name, accessibility id, css selector, -android uiautomator
&amp#27;[38;5;21m[fdd953ca]&amp#27;[0m&amp#27;[38;5;-28m[AndroidUiautomator2Driver@0539]&amp#27;[0m Waiting up to 0 ms for condition
&amp#27;[38;5;21m[fdd953ca]&amp#27;[0m&amp#27;[38;5;-28m[AndroidUiautomator2Driver@0539]&amp#27;[0m Matched '/element' to command name 'findElement'
&amp#27;[38;5;21m[fdd953ca]&amp#27;[0m&amp#27;[38;5;-28m[AndroidUiautomator2Driver@0539]&amp#27;[0m Proxying [POST /element] to [POST http://127.0.0.1:8201/session/4f1df9fb-3230-4254-8e62-75f02eb9f626/element] with body: {"strategy":"id","selector":"com.androidsample.generalstore:id/totalAmountLbl","context":"","multiple":false}
&amp#27;[38;5;21m[fdd953ca]&amp#27;[0m&amp#27;[38;5;-28m[AndroidUiautomator2Driver@0539]&amp#27;[0m Got response with status 200: {"sessionId":"4f1df9fb-3230-4254-8e62-75f02eb9f626","value":{"ELEMENT":"00000000-0000-06c6-ffff-ffff0000007a","element-6066-11e4-a52e-4f735466cecf":"00000000-0000-06c6-ffff-ffff0000007a"}}
&amp#27;[38;5;21m[fdd953ca]&amp#27;[0m&amp#27;[38;5;-28m[AndroidUiautomator2Driver@0539]&amp#27;[0m Responding to client with driver.findElement() result: {"element-6066-11e4-a52e-4f735466cecf":"00000000-0000-06c6-ffff-ffff0000007a","ELEMENT":"00000000-0000-06c6-ffff-ffff0000007a"}
&amp#27;[38;5;21m[fdd953ca]&amp#27;[0m&amp#27;[38;5;86m[HTTP]&amp#27;[0m &amp#27;[37m<-- POST /session/fdd953ca-6237-40b1-886a-13e33b8360eb/element &amp#27;[39m&amp#27;[32m200&amp#27;[39m &amp#27;[90m31 ms - 137&amp#27;[39m &amp#27;[90m&amp#27;[39m
&amp#27;[38;5;21m[fdd953ca]&amp#27;[0m&amp#27;[38;5;86m[HTTP]&amp#27;[0m &amp#27;[37m-->&amp#27;[39m &amp#27;[37mGET&amp#27;[39m &amp#27;[37m/session/fdd953ca-6237-40b1-886a-13e33b8360eb/element/00000000-0000-06c6-ffff-ffff0000007a/displayed&amp#27;[39m &amp#27;[90m{}&amp#27;[39m
&amp#27;[38;5;21m[fdd953ca]&amp#27;[0m&amp#27;[38;5;-28m[AndroidUiautomator2Driver@0539]&amp#27;[0m Calling AppiumDriver.elementDisplayed() with args: ["00000000-0000-06c6-ffff-ffff0000007a","fdd953ca-6237-40b1-886a-13e33b8360eb"]
&amp#27;[38;5;21m[fdd953ca]&amp#27;[0m&amp#27;[38;5;-28m[AndroidUiautomator2Driver@0539]&amp#27;[0m Matched '/element/00000000-0000-06c6-ffff-ffff0000007a/attribute/displayed' to command name 'getAttribute'
&amp#27;[38;5;21m[fdd953ca]&amp#27;[0m&amp#27;[38;5;-28m[AndroidUiautomator2Driver@0539]&amp#27;[0m Proxying [GET /element/00000000-0000-06c6-ffff-ffff0000007a/attribute/displayed] to [GET http://127.0.0.1:8201/session/4f1df9fb-3230-4254-8e62-75f02eb9f626/element/00000000-0000-06c6-ffff-ffff0000007a/attribute/displayed] with no body
&amp#27;[38;5;21m[fdd953ca]&amp#27;[0m&amp#27;[38;5;-28m[AndroidUiautomator2Driver@0539]&amp#27;[0m Got response with status 200: {"sessionId":"4f1df9fb-3230-4254-8e62-75f02eb9f626","value":"true"}
&amp#27;[38;5;21m[fdd953ca]&amp#27;[0m&amp#27;[38;5;-28m[AndroidUiautomator2Driver@0539]&amp#27;[0m Responding to client with driver.elementDisplayed() result: true
&amp#27;[38;5;21m[fdd953ca]&amp#27;[0m&amp#27;[38;5;86m[HTTP]&amp#27;[0m &amp#27;[37m<-- GET /session/fdd953ca-6237-40b1-886a-13e33b8360eb/element/00000000-0000-06c6-ffff-ffff0000007a/displayed &amp#27;[39m&amp#27;[32m200&amp#27;[39m &amp#27;[90m20 ms - 14&amp#27;[39m &amp#27;[90m&amp#27;[39m
&amp#27;[38;5;21m[fdd953ca]&amp#27;[0m&amp#27;[38;5;86m[HTTP]&amp#27;[0m &amp#27;[37m-->&amp#27;[39m &amp#27;[37mGET&amp#27;[39m &amp#27;[37m/session/fdd953ca-6237-40b1-886a-13e33b8360eb/context&amp#27;[39m &amp#27;[90m{}&amp#27;[39m
&amp#27;[38;5;21m[fdd953ca]&amp#27;[0m&amp#27;[38;5;-28m[AndroidUiautomator2Driver@0539]&amp#27;[0m Calling AppiumDriver.getCurrentContext() with args: ["fdd953ca-6237-40b1-886a-13e33b8360eb"]
&amp#27;[38;5;21m[fdd953ca]&amp#27;[0m&amp#27;[38;5;-28m[AndroidUiautomator2Driver@0539]&amp#27;[0m Responding to client with driver.getCurrentContext() result: "NATIVE_APP"
&amp#27;[38;5;21m[fdd953ca]&amp#27;[0m&amp#27;[38;5;86m[HTTP]&amp#27;[0m &amp#27;[37m<-- GET /session/fdd953ca-6237-40b1-886a-13e33b8360eb/context &amp#27;[39m&amp#27;[32m200&amp#27;[39m &amp#27;[90m1 ms - 22&amp#27;[39m &amp#27;[90m&amp#27;[39m
&amp#27;[38;5;21m[fdd953ca]&amp#27;[0m&amp#27;[38;5;86m[HTTP]&amp#27;[0m &amp#27;[37m-->&amp#27;[39m &amp#27;[37mPOST&amp#27;[39m &amp#27;[37m/session/fdd953ca-6237-40b1-886a-13e33b8360eb/element&amp#27;[39m &amp#27;[90m{"using":"id","value":"com.androidsample.generalstore:id/totalAmountLbl"}&amp#27;[39m
&amp#27;[38;5;21m[fdd953ca]&amp#27;[0m&amp#27;[38;5;-28m[AndroidUiautomator2Driver@0539]&amp#27;[0m Calling AppiumDriver.findElement() with args: ["id","com.androidsample.generalstore:id/totalAmountLbl","fdd953ca-6237-40b1-886a-13e33b8360eb"]
&amp#27;[38;5;21m[fdd953ca]&amp#27;[0m&amp#27;[38;5;-28m[AndroidUiautomator2Driver@0539]&amp#27;[0m Valid locator strategies for this request: xpath, id, class name, accessibility id, css selector, -android uiautomator
&amp#27;[38;5;21m[fdd953ca]&amp#27;[0m&amp#27;[38;5;-28m[AndroidUiautomator2Driver@0539]&amp#27;[0m Waiting up to 0 ms for condition
&amp#27;[38;5;21m[fdd953ca]&amp#27;[0m&amp#27;[38;5;-28m[AndroidUiautomator2Driver@0539]&amp#27;[0m Matched '/element' to command name 'findElement'
&amp#27;[38;5;21m[fdd953ca]&amp#27;[0m&amp#27;[38;5;-28m[AndroidUiautomator2Driver@0539]&amp#27;[0m Proxying [POST /element] to [POST http://127.0.0.1:8201/session/4f1df9fb-3230-4254-8e62-75f02eb9f626/element] with body: {"strategy":"id","selector":"com.androidsample.generalstore:id/totalAmountLbl","context":"","multiple":false}
&amp#27;[38;5;21m[fdd953ca]&amp#27;[0m&amp#27;[38;5;-28m[AndroidUiautomator2Driver@0539]&amp#27;[0m Got response with status 200: {"sessionId":"4f1df9fb-3230-4254-8e62-75f02eb9f626","value":{"ELEMENT":"00000000-0000-06c6-ffff-ffff0000007a","element-6066-11e4-a52e-4f735466cecf":"00000000-0000-06c6-ffff-ffff0000007a"}}
&amp#27;[38;5;21m[fdd953ca]&amp#27;[0m&amp#27;[38;5;-28m[AndroidUiautomator2Driver@0539]&amp#27;[0m Responding to client with driver.findElement() result: {"element-6066-11e4-a52e-4f735466cecf":"00000000-0000-06c6-ffff-ffff0000007a","ELEMENT":"00000000-0000-06c6-ffff-ffff0000007a"}
&amp#27;[38;5;21m[fdd953ca]&amp#27;[0m&amp#27;[38;5;86m[HTTP]&amp#27;[0m &amp#27;[37m<-- POST /session/fdd953ca-6237-40b1-886a-13e33b8360eb/element &amp#27;[39m&amp#27;[32m200&amp#27;[39m &amp#27;[90m28 ms - 137&amp#27;[39m &amp#27;[90m&amp#27;[39m
&amp#27;[38;5;21m[fdd953ca]&amp#27;[0m&amp#27;[38;5;86m[HTTP]&amp#27;[0m &amp#27;[37m-->&amp#27;[39m &amp#27;[37mGET&amp#27;[39m &amp#27;[37m/session/fdd953ca-6237-40b1-886a-13e33b8360eb/element/00000000-0000-06c6-ffff-ffff0000007a/text&amp#27;[39m &amp#27;[90m{}&amp#27;[39m
&amp#27;[38;5;21m[fdd953ca]&amp#27;[0m&amp#27;[38;5;-28m[AndroidUiautomator2Driver@0539]&amp#27;[0m Driver proxy active, passing request on via HTTP proxy
&amp#27;[38;5;21m[fdd953ca]&amp#27;[0m&amp#27;[38;5;-28m[AndroidUiautomator2Driver@0539]&amp#27;[0m Matched '/session/fdd953ca-6237-40b1-886a-13e33b8360eb/element/00000000-0000-06c6-ffff-ffff0000007a/text' to command name 'getText'
&amp#27;[38;5;21m[fdd953ca]&amp#27;[0m&amp#27;[38;5;-28m[AndroidUiautomator2Driver@0539]&amp#27;[0m Proxying [GET /session/fdd953ca-6237-40b1-886a-13e33b8360eb/element/00000000-0000-06c6-ffff-ffff0000007a/text] to [GET http://127.0.0.1:8201/session/4f1df9fb-3230-4254-8e62-75f02eb9f626/element/00000000-0000-06c6-ffff-ffff0000007a/text] with no body
&amp#27;[38;5;21m[fdd953ca]&amp#27;[0m&amp#27;[38;5;-28m[AndroidUiautomator2Driver@0539]&amp#27;[0m Got response with status 200: {"sessionId":"4f1df9fb-3230-4254-8e62-75f02eb9f626","value":"$ 280.97"}
&amp#27;[38;5;21m[fdd953ca]&amp#27;[0m&amp#27;[38;5;-28m[AndroidUiautomator2Driver@0539]&amp#27;[0m Replacing sessionId 4f1df9fb-3230-4254-8e62-75f02eb9f626 with fdd953ca-6237-40b1-886a-13e33b8360eb
&amp#27;[38;5;21m[fdd953ca]&amp#27;[0m&amp#27;[38;5;86m[HTTP]&amp#27;[0m &amp#27;[37m<-- GET /session/fdd953ca-6237-40b1-886a-13e33b8360eb/element/00000000-0000-06c6-ffff-ffff0000007a/text &amp#27;[39m&amp#27;[32m200&amp#27;[39m &amp#27;[90m15 ms - 71&amp#27;[39m &amp#27;[90m&amp#27;[39m
Test Passed: productPriceSumVerification
]]></system-out>
  </testcase>
  <testcase name="termsAndConditions[{name=Raj, country=Austria, product=Converse All Star, genderFemale=Female, genderMale=Male}](1)" classname="testCases.CartPageTest" time="23.264">
    <system-out><![CDATA[&amp#27;[38;5;21m[fdd953ca]&amp#27;[0m&amp#27;[38;5;86m[HTTP]&amp#27;[0m &amp#27;[37m-->&amp#27;[39m &amp#27;[37mDELETE&amp#27;[39m &amp#27;[37m/session/fdd953ca-6237-40b1-886a-13e33b8360eb&amp#27;[39m &amp#27;[90m{}&amp#27;[39m
&amp#27;[38;5;21m[fdd953ca]&amp#27;[0m&amp#27;[38;5;-28m[AndroidUiautomator2Driver@0539]&amp#27;[0m Calling AppiumDriver.deleteSession() with args: ["fdd953ca-6237-40b1-886a-13e33b8360eb"]
&amp#27;[38;5;21m[fdd953ca]&amp#27;[0m&amp#27;[38;5;142m[AppiumDriver@d556]&amp#27;[0m Event 'quitSessionRequested' logged at 1744634802605 (18:16:42 GMT+0530 (India Standard Time))
&amp#27;[38;5;21m[fdd953ca]&amp#27;[0m&amp#27;[38;5;142m[AppiumDriver@d556]&amp#27;[0m Removing session fdd953ca-6237-40b1-886a-13e33b8360eb from our master session list
&amp#27;[38;5;21m[fdd953ca]&amp#27;[0m&amp#27;[38;5;-28m[AndroidUiautomator2Driver@0539]&amp#27;[0m Deleting UiAutomator2 session
&amp#27;[38;5;21m[fdd953ca]&amp#27;[0m&amp#27;[38;5;-28m[AndroidUiautomator2Driver@0539]&amp#27;[0m Deleting UiAutomator2 server session
&amp#27;[38;5;21m[fdd953ca]&amp#27;[0m&amp#27;[38;5;-28m[AndroidUiautomator2Driver@0539]&amp#27;[0m Matched '/' to command name 'deleteSession'
&amp#27;[38;5;21m[fdd953ca]&amp#27;[0m&amp#27;[38;5;-28m[AndroidUiautomator2Driver@0539]&amp#27;[0m Proxying [DELETE /] to [DELETE http://127.0.0.1:8201/session/4f1df9fb-3230-4254-8e62-75f02eb9f626] with no body
&amp#27;[38;5;21m[fdd953ca]&amp#27;[0m&amp#27;[38;5;-28m[AndroidUiautomator2Driver@0539]&amp#27;[0m Got response with status 200: {"sessionId":"4f1df9fb-3230-4254-8e62-75f02eb9f626","value":null}
&amp#27;[38;5;21m[fdd953ca]&amp#27;[0m&amp#27;[38;5;-28m[AndroidUiautomator2Driver@0539]&amp#27;[0m [Instrumentation] io.appium.uiautomator2.server.test.AppiumUiAutomator2Server:
&amp#27;[38;5;21m[fdd953ca]&amp#27;[0m&amp#27;[38;5;-28m[AndroidUiautomator2Driver@0539]&amp#27;[0m [Instrumentation] The process has exited with code null, signal SIGTERM
&amp#27;[38;5;21m[fdd953ca]&amp#27;[0m&amp#27;[38;5;229m[ADB]&amp#27;[0m Running 'C:\Users\User1\AppData\Local\Android\Sdk\platform-tools\adb.exe -P 5037 -s emulator-5554 shell dumpsys activity services io.appium.settings/.recorder.RecorderService'
&amp#27;[38;5;21m[fdd953ca]&amp#27;[0m&amp#27;[38;5;229m[ADB]&amp#27;[0m Running 'C:\Users\User1\AppData\Local\Android\Sdk\platform-tools\adb.exe -P 5037 -s emulator-5554 shell am force-stop com.androidsample.generalstore'
&amp#27;[38;5;21m[fdd953ca]&amp#27;[0m&amp#27;[38;5;229m[ADB]&amp#27;[0m Removing forwarded port socket connection: 8201 
&amp#27;[38;5;21m[fdd953ca]&amp#27;[0m&amp#27;[38;5;229m[ADB]&amp#27;[0m Running 'C:\Users\User1\AppData\Local\Android\Sdk\platform-tools\adb.exe -P 5037 -s emulator-5554 forward --remove tcp:8201'
&amp#27;[38;5;21m[fdd953ca]&amp#27;[0m&amp#27;[38;5;-28m[AndroidUiautomator2Driver@0539]&amp#27;[0m Restoring hidden api policy to the device default configuration
&amp#27;[38;5;21m[fdd953ca]&amp#27;[0m&amp#27;[38;5;229m[ADB]&amp#27;[0m Running 'C:\Users\User1\AppData\Local\Android\Sdk\platform-tools\adb.exe -P 5037 -s emulator-5554 shell 'settings delete global hidden_api_policy_pre_p_apps;settings delete global hidden_api_policy_p_apps;settings delete global hidden_api_policy''
&amp#27;[38;5;21m[fdd953ca]&amp#27;[0m&amp#27;[38;5;160m[Logcat]&amp#27;[0m Stopping logcat capture
&amp#27;[38;5;21m[fdd953ca]&amp#27;[0m&amp#27;[38;5;142m[AppiumDriver@d556]&amp#27;[0m Event 'quitSessionFinished' logged at 1744634803046 (18:16:43 GMT+0530 (India Standard Time))
&amp#27;[38;5;21m[fdd953ca]&amp#27;[0m&amp#27;[38;5;142m[AppiumDriver@d556]&amp#27;[0m Received response: null
&amp#27;[38;5;21m[fdd953ca]&amp#27;[0m&amp#27;[38;5;142m[AppiumDriver@d556]&amp#27;[0m But deleting session, so not returning
&amp#27;[38;5;21m[fdd953ca]&amp#27;[0m&amp#27;[38;5;142m[AppiumDriver@d556]&amp#27;[0m Responding to client with driver.deleteSession() result: null
&amp#27;[38;5;21m[fdd953ca]&amp#27;[0m&amp#27;[38;5;86m[HTTP]&amp#27;[0m &amp#27;[37m<-- DELETE /session/fdd953ca-6237-40b1-886a-13e33b8360eb &amp#27;[39m&amp#27;[32m200&amp#27;[39m &amp#27;[90m443 ms - 14&amp#27;[39m &amp#27;[90m&amp#27;[39m
&amp#27;[38;5;112m[Appium]&amp#27;[0m Welcome to Appium v2.11.5
&amp#27;[38;5;112m[Appium]&amp#27;[0m The autodetected Appium home path: C:\Users\User1\.appium
&amp#27;[38;5;112m[Appium]&amp#27;[0m Attempting to load driver uiautomator2...
&amp#27;[38;5;112m[Appium]&amp#27;[0m Attempting to load driver xcuitest...
&amp#27;[38;5;112m[Appium]&amp#27;[0m Attempting to load driver espresso...
&amp#27;[38;5;112m[Appium]&amp#27;[0m Requiring driver at C:\Users\User1\.appium\node_modules\appium-uiautomator2-driver\build\index.js
&amp#27;[38;5;112m[Appium]&amp#27;[0m Requiring driver at C:\Users\User1\.appium\node_modules\appium-xcuitest-driver\build\index.js
&amp#27;[38;5;112m[Appium]&amp#27;[0m Requiring driver at C:\Users\User1\.appium\node_modules\appium-espresso-driver\build\index.js
&amp#27;[38;5;112m[Appium]&amp#27;[0m AndroidUiautomator2Driver has been successfully loaded in 2.717s
&amp#27;[38;5;112m[Appium]&amp#27;[0m XCUITestDriver has been successfully loaded in 2.717s
&amp#27;[38;5;112m[Appium]&amp#27;[0m EspressoDriver has been successfully loaded in 2.717s
&amp#27;[38;5;112m[Appium]&amp#27;[0m Attempting to load driver gecko...
&amp#27;[38;5;112m[Appium]&amp#27;[0m Requiring driver at C:\Users\User1\.appium\node_modules\appium-geckodriver\build\index.js
&amp#27;[38;5;112m[Appium]&amp#27;[0m GeckoDriver has been successfully loaded in 0.100s
&amp#27;[38;5;112m[Appium]&amp#27;[0m Appium REST http interface listener started on http://0.0.0.0:4723
&amp#27;[38;5;112m[Appium]&amp#27;[0m You can provide the following URLs in your client code to connect to this server:
	http://192.168.0.114:4723/
	http://127.0.0.1:4723/ (only accessible from the same host)
&amp#27;[38;5;112m[Appium]&amp#27;[0m Available drivers:
&amp#27;[38;5;112m[Appium]&amp#27;[0m   - uiautomator2@3.8.0 (automationName 'UiAutomator2')
&amp#27;[38;5;112m[Appium]&amp#27;[0m   - xcuitest@7.27.1 (automationName 'XCUITest')
&amp#27;[38;5;112m[Appium]&amp#27;[0m   - espresso@3.5.0 (automationName 'Espresso')
&amp#27;[38;5;112m[Appium]&amp#27;[0m   - gecko@1.4.0 (automationName 'Gecko')
&amp#27;[38;5;112m[Appium]&amp#27;[0m No plugins have been installed. Use the "appium plugin" command to install the one(s) you want to use.
&amp#27;[38;5;86m[HTTP]&amp#27;[0m &amp#27;[37m-->&amp#27;[39m &amp#27;[37mGET&amp#27;[39m &amp#27;[37m/status&amp#27;[39m &amp#27;[90m{}&amp#27;[39m
&amp#27;[38;5;223m[AppiumDriver@fb90]&amp#27;[0m Calling AppiumDriver.getStatus() with args: []
&amp#27;[38;5;223m[AppiumDriver@fb90]&amp#27;[0m Responding to client with driver.getStatus() result: {"ready":true,"message":"The server is ready to accept new connections","build":{"version":"2.11.5"}}
&amp#27;[38;5;86m[HTTP]&amp#27;[0m &amp#27;[37m<-- GET /status &amp#27;[39m&amp#27;[32m200&amp#27;[39m &amp#27;[90m5 ms - 111&amp#27;[39m &amp#27;[90m&amp#27;[39m
&amp#27;[38;5;86m[HTTP]&amp#27;[0m Request idempotency key: 34e5dd00-9619-46a4-bf12-8a4d532389a2
&amp#27;[38;5;86m[HTTP]&amp#27;[0m &amp#27;[37m-->&amp#27;[39m &amp#27;[37mPOST&amp#27;[39m &amp#27;[37m/session&amp#27;[39m &amp#27;[90m{"capabilities":{"firstMatch":[{"appium:chromedriverExecutable":"C://Users//User1//Downloads//chromedriver-win64//chromedriver-win64//chromedriver.exe","appium:deviceName":"Rajemulator","platformName":"ANDROID","appium:automationName":"UIAutomator2","appium:app":"C:\\Users\\User1\\eclipse-workspace\\eCommerceFramework//src//main//resources//General-Store.apk"}]}}&amp#27;[39m
&amp#27;[38;5;223m[AppiumDriver@fb90]&amp#27;[0m Calling AppiumDriver.createSession() with args: [null,null,{"firstMatch":[{"appium:chromedriverExecutable":"C://Users//User1//Downloads//chromedriver-win64//chromedriver-win64//chromedriver.exe","appium:deviceName":"Rajemulator","platformName":"ANDROID","appium:automationName":"UIAutomator2","appium:app":"C:\\Users\\User1\\eclipse-workspace\\eCommerceFramework//src//main//resources//General-Store.apk"}]}]
&amp#27;[38;5;223m[AppiumDriver@fb90]&amp#27;[0m Event 'newSessionRequested' logged at 1744634808059 (18:16:48 GMT+0530 (India Standard Time))
&amp#27;[38;5;112m[Appium]&amp#27;[0m Attempting to find matching driver for automationName 'UIAutomator2' and platformName 'ANDROID'
&amp#27;[38;5;112m[Appium]&amp#27;[0m The 'uiautomator2' driver was installed and matched caps.
&amp#27;[38;5;112m[Appium]&amp#27;[0m Will require it at C:\Users\User1\.appium\node_modules\appium-uiautomator2-driver
&amp#27;[38;5;112m[Appium]&amp#27;[0m Requiring driver at C:\Users\User1\.appium\node_modules\appium-uiautomator2-driver\build\index.js
&amp#27;[38;5;223m[AppiumDriver@fb90]&amp#27;[0m Appium v2.11.5 creating new AndroidUiautomator2Driver (v3.8.0) session
&amp#27;[38;5;223m[AppiumDriver@fb90]&amp#27;[0m Checking BaseDriver versions for Appium and AndroidUiautomator2Driver
&amp#27;[38;5;223m[AppiumDriver@fb90]&amp#27;[0m Appium's BaseDriver version is 9.11.5
&amp#27;[38;5;223m[AppiumDriver@fb90]&amp#27;[0m AndroidUiautomator2Driver's BaseDriver version is 9.11.5
&amp#27;[38;5;-16m[AndroidUiautomator2Driver@bf67]&amp#27;[0m 
&amp#27;[38;5;-16m[AndroidUiautomator2Driver@bf67]&amp#27;[0m Creating session with W3C capabilities: {
  "alwaysMatch": {
    "platformName": "ANDROID",
    "appium:chromedriverExecutable": "C://Users//User1//Downloads//chromedriver-win64//chromedriver-win64//chromedriver.exe",
    "appium:deviceName": "Rajemulator",
    "appium:automationName": "UIAutomator2",
    "appium:app": "C:\\Users\\User1\\eclipse-workspace\\eCommerceFramework//src//main//resources//General-Store.apk"
  },
  "firstMatch": [
    {}
  ]
}
&amp#27;[38;5;28m[db6b4107]&amp#27;[0m&amp#27;[38;5;-16m[AndroidUiautomator2Driver@bf67]&amp#27;[0m Session created with session id: db6b4107-373a-43b2-abe9-cd38c401d159
&amp#27;[38;5;28m[db6b4107]&amp#27;[0m&amp#27;[38;5;229m[ADB]&amp#27;[0m Found 3 'build-tools' folders under 'C:\Users\User1\AppData\Local\Android\Sdk' (newest first):
&amp#27;[38;5;28m[db6b4107]&amp#27;[0m&amp#27;[38;5;229m[ADB]&amp#27;[0m     C:\Users\User1\AppData\Local\Android\Sdk\build-tools\36.0.0-rc1
&amp#27;[38;5;28m[db6b4107]&amp#27;[0m&amp#27;[38;5;229m[ADB]&amp#27;[0m     C:\Users\User1\AppData\Local\Android\Sdk\build-tools\35.0.0
&amp#27;[38;5;28m[db6b4107]&amp#27;[0m&amp#27;[38;5;229m[ADB]&amp#27;[0m     C:\Users\User1\AppData\Local\Android\Sdk\build-tools\34.0.0
&amp#27;[38;5;28m[db6b4107]&amp#27;[0m&amp#27;[38;5;229m[ADB]&amp#27;[0m Using 'adb.exe' from 'C:\Users\User1\AppData\Local\Android\Sdk\platform-tools\adb.exe'
&amp#27;[38;5;28m[db6b4107]&amp#27;[0m&amp#27;[38;5;229m[ADB]&amp#27;[0m Running 'C:\Users\User1\AppData\Local\Android\Sdk\platform-tools\adb.exe -P 5037 start-server'
&amp#27;[38;5;28m[db6b4107]&amp#27;[0m&amp#27;[38;5;-16m[AndroidUiautomator2Driver@bf67]&amp#27;[0m Retrieving device list
&amp#27;[38;5;28m[db6b4107]&amp#27;[0m&amp#27;[38;5;229m[ADB]&amp#27;[0m Trying to find connected Android devices
&amp#27;[38;5;28m[db6b4107]&amp#27;[0m&amp#27;[38;5;229m[ADB]&amp#27;[0m Getting connected devices
&amp#27;[38;5;28m[db6b4107]&amp#27;[0m&amp#27;[38;5;229m[ADB]&amp#27;[0m Connected devices: [{"udid":"emulator-5554","state":"device"}]
&amp#27;[38;5;28m[db6b4107]&amp#27;[0m&amp#27;[38;5;-16m[AndroidUiautomator2Driver@bf67]&amp#27;[0m Using device: emulator-5554
&amp#27;[38;5;28m[db6b4107]&amp#27;[0m&amp#27;[38;5;229m[ADB]&amp#27;[0m Using 'adb.exe' from 'C:\Users\User1\AppData\Local\Android\Sdk\platform-tools\adb.exe'
&amp#27;[38;5;28m[db6b4107]&amp#27;[0m&amp#27;[38;5;229m[ADB]&amp#27;[0m Running 'C:\Users\User1\AppData\Local\Android\Sdk\platform-tools\adb.exe -P 5037 start-server'
&amp#27;[38;5;28m[db6b4107]&amp#27;[0m&amp#27;[38;5;229m[ADB]&amp#27;[0m Setting device id to emulator-5554
&amp#27;[38;5;28m[db6b4107]&amp#27;[0m&amp#27;[38;5;123m[BaseDriver]&amp#27;[0m Using local app 'C:\Users\User1\eclipse-workspace\eCommerceFramework//src//main//resources//General-Store.apk'
&amp#27;[38;5;28m[db6b4107]&amp#27;[0m&amp#27;[38;5;-16m[AndroidUiautomator2Driver@bf67]&amp#27;[0m Checking whether app is actually present
&amp#27;[38;5;28m[db6b4107]&amp#27;[0m&amp#27;[38;5;229m[ADB]&amp#27;[0m Running 'C:\Users\User1\AppData\Local\Android\Sdk\platform-tools\adb.exe -P 5037 -s emulator-5554 shell getprop ro.build.version.sdk'
&amp#27;[38;5;28m[db6b4107]&amp#27;[0m&amp#27;[38;5;229m[ADB]&amp#27;[0m Current device property 'ro.build.version.sdk': 35
&amp#27;[38;5;28m[db6b4107]&amp#27;[0m&amp#27;[38;5;229m[ADB]&amp#27;[0m Getting device platform version
&amp#27;[38;5;28m[db6b4107]&amp#27;[0m&amp#27;[38;5;229m[ADB]&amp#27;[0m Running 'C:\Users\User1\AppData\Local\Android\Sdk\platform-tools\adb.exe -P 5037 -s emulator-5554 shell getprop ro.build.version.release'
&amp#27;[38;5;28m[db6b4107]&amp#27;[0m&amp#27;[38;5;229m[ADB]&amp#27;[0m Current device property 'ro.build.version.release': 15
&amp#27;[38;5;28m[db6b4107]&amp#27;[0m&amp#27;[38;5;229m[ADB]&amp#27;[0m Device API level: 35
&amp#27;[38;5;28m[db6b4107]&amp#27;[0m&amp#27;[38;5;-16m[AndroidUiautomator2Driver@bf67]&amp#27;[0m Relaxing hidden api policy
&amp#27;[38;5;28m[db6b4107]&amp#27;[0m&amp#27;[38;5;229m[ADB]&amp#27;[0m Running 'C:\Users\User1\AppData\Local\Android\Sdk\platform-tools\adb.exe -P 5037 -s emulator-5554 shell 'settings put global hidden_api_policy_pre_p_apps 1;settings put global hidden_api_policy_p_apps 1;settings put global hidden_api_policy 1''
&amp#27;[38;5;28m[db6b4107]&amp#27;[0m&amp#27;[38;5;-16m[AndroidUiautomator2Driver@bf67]&amp#27;[0m Parsing package and activity from app manifest
&amp#27;[38;5;28m[db6b4107]&amp#27;[0m&amp#27;[38;5;229m[ADB]&amp#27;[0m Running 'C:\Users\User1\AppData\Local\Android\Sdk\platform-tools\adb.exe -P 5037 -s emulator-5554 wait-for-device'
&amp#27;[38;5;28m[db6b4107]&amp#27;[0m&amp#27;[38;5;229m[ADB]&amp#27;[0m Using 'aapt2.exe' from 'C:\Users\User1\AppData\Local\Android\Sdk\build-tools\36.0.0-rc1\aapt2.exe'
&amp#27;[38;5;28m[db6b4107]&amp#27;[0m&amp#27;[38;5;229m[ADB]&amp#27;[0m Reading package manifest: 'C:\\Users\\User1\\AppData\\Local\\Android\\Sdk\\build-tools\\36.0.0-rc1\\aapt2.exe dump badging C:\\Users\\User1\\eclipse-workspace\\eCommerceFramework//src//main//resources//General-Store.apk'
&amp#27;[38;5;28m[db6b4107]&amp#27;[0m&amp#27;[38;5;229m[ADB]&amp#27;[0m Running 'C:\Users\User1\AppData\Local\Android\Sdk\platform-tools\adb.exe -P 5037 -s emulator-5554 shell echo ping'
&amp#27;[38;5;28m[db6b4107]&amp#27;[0m&amp#27;[38;5;229m[ADB]&amp#27;[0m Package name: 'com.androidsample.generalstore'
&amp#27;[38;5;28m[db6b4107]&amp#27;[0m&amp#27;[38;5;229m[ADB]&amp#27;[0m Main activity name: 'com.androidsample.generalstore.SplashActivity'
&amp#27;[38;5;28m[db6b4107]&amp#27;[0m&amp#27;[38;5;-16m[AndroidUiautomator2Driver@bf67]&amp#27;[0m Parsed package and activity are: com.androidsample.generalstore/com.androidsample.generalstore.SplashActivity
&amp#27;[38;5;28m[db6b4107]&amp#27;[0m&amp#27;[38;5;-16m[AndroidUiautomator2Driver@bf67]&amp#27;[0m Pushing settings apk to the device...
&amp#27;[38;5;28m[db6b4107]&amp#27;[0m&amp#27;[38;5;229m[ADB]&amp#27;[0m Getting package info for 'io.appium.settings'
&amp#27;[38;5;28m[db6b4107]&amp#27;[0m&amp#27;[38;5;229m[ADB]&amp#27;[0m Running 'C:\Users\User1\AppData\Local\Android\Sdk\platform-tools\adb.exe -P 5037 -s emulator-5554 shell dumpsys package io.appium.settings'
&amp#27;[38;5;28m[db6b4107]&amp#27;[0m&amp#27;[38;5;229m[ADB]&amp#27;[0m Reading package manifest: 'C:\\Users\\User1\\AppData\\Local\\Android\\Sdk\\build-tools\\36.0.0-rc1\\aapt2.exe dump badging C:\\Users\\User1\\.appium\\node_modules\\appium-uiautomator2-driver\\node_modules\\io.appium.settings\\apks\\settings_apk-debug.apk'
&amp#27;[38;5;28m[db6b4107]&amp#27;[0m&amp#27;[38;5;229m[ADB]&amp#27;[0m The version name of the installed 'io.appium.settings' is greater or equal to the application version name ('5.12.13' >= '5.12.13')
&amp#27;[38;5;28m[db6b4107]&amp#27;[0m&amp#27;[38;5;229m[ADB]&amp#27;[0m There is no need to install/upgrade 'C:\Users\User1\.appium\node_modules\appium-uiautomator2-driver\node_modules\io.appium.settings\apks\settings_apk-debug.apk'
&amp#27;[38;5;28m[db6b4107]&amp#27;[0m&amp#27;[38;5;229m[ADB]&amp#27;[0m Running 'C:\Users\User1\AppData\Local\Android\Sdk\platform-tools\adb.exe -P 5037 -s emulator-5554 shell dumpsys activity services io.appium.settings'
&amp#27;[38;5;28m[db6b4107]&amp#27;[0m&amp#27;[38;5;-16m[AndroidUiautomator2Driver@bf67]&amp#27;[0m io.appium.settings is already running. There is no need to reset its permissions.
&amp#27;[38;5;28m[db6b4107]&amp#27;[0m&amp#27;[38;5;160m[Logcat]&amp#27;[0m Starting logs capture with command: C:\\Users\\User1\\AppData\\Local\\Android\\Sdk\\platform-tools\\adb.exe -P 5037 -s emulator-5554 logcat -v threadtime
&amp#27;[38;5;28m[db6b4107]&amp#27;[0m&amp#27;[38;5;-16m[AndroidUiautomator2Driver@bf67]&amp#27;[0m Forwarding UiAutomator2 Server port 6790 to local port 8201
&amp#27;[38;5;28m[db6b4107]&amp#27;[0m&amp#27;[38;5;229m[ADB]&amp#27;[0m Forwarding system: 8201 to device: 6790
&amp#27;[38;5;28m[db6b4107]&amp#27;[0m&amp#27;[38;5;229m[ADB]&amp#27;[0m Running 'C:\Users\User1\AppData\Local\Android\Sdk\platform-tools\adb.exe -P 5037 -s emulator-5554 forward tcp:8201 tcp:6790'
&amp#27;[38;5;28m[db6b4107]&amp#27;[0m&amp#27;[38;5;229m[ADB]&amp#27;[0m Getting package info for 'io.appium.uiautomator2.server'
&amp#27;[38;5;28m[db6b4107]&amp#27;[0m&amp#27;[38;5;229m[ADB]&amp#27;[0m Running 'C:\Users\User1\AppData\Local\Android\Sdk\platform-tools\adb.exe -P 5037 -s emulator-5554 shell dumpsys package io.appium.uiautomator2.server'
&amp#27;[38;5;28m[db6b4107]&amp#27;[0m&amp#27;[38;5;229m[ADB]&amp#27;[0m Getting install status for io.appium.uiautomator2.server.test
&amp#27;[38;5;28m[db6b4107]&amp#27;[0m&amp#27;[38;5;229m[ADB]&amp#27;[0m Checking app cert for C:\Users\User1\eclipse-workspace\eCommerceFramework//src//main//resources//General-Store.apk
&amp#27;[38;5;28m[db6b4107]&amp#27;[0m&amp#27;[38;5;229m[ADB]&amp#27;[0m Running 'C:\Users\User1\AppData\Local\Android\Sdk\platform-tools\adb.exe -P 5037 -s emulator-5554 shell cmd package list packages'
&amp#27;[38;5;28m[db6b4107]&amp#27;[0m&amp#27;[38;5;229m[ADB]&amp#27;[0m Using 'apksigner.jar' from 'C:\Users\User1\AppData\Local\Android\Sdk\build-tools\36.0.0-rc1\lib\apksigner.jar'
&amp#27;[38;5;28m[db6b4107]&amp#27;[0m&amp#27;[38;5;229m[ADB]&amp#27;[0m Starting apksigner: 'C:\\Program Files\\Java\\jdk-22\\bin\\java.exe' -Xmx1024M -Xss1m -jar C:\\Users\\User1\\AppData\\Local\\Android\\Sdk\\build-tools\\36.0.0-rc1\\lib\\apksigner.jar verify --print-certs C:\\Users\\User1\\eclipse-workspace\\eCommerceFramework//src//main//resources//General-Store.apk
&amp#27;[38;5;28m[db6b4107]&amp#27;[0m&amp#27;[38;5;229m[ADB]&amp#27;[0m Reading package manifest: 'C:\\Users\\User1\\AppData\\Local\\Android\\Sdk\\build-tools\\36.0.0-rc1\\aapt2.exe dump badging C:\\Users\\User1\\.appium\\node_modules\\appium-uiautomator2-driver\\node_modules\\appium-uiautomator2-server\\apks\\appium-uiautomator2-server-v7.0.25.apk'
&amp#27;[38;5;28m[db6b4107]&amp#27;[0m&amp#27;[38;5;229m[ADB]&amp#27;[0m 'io.appium.uiautomator2.server.test' is installed
&amp#27;[38;5;28m[db6b4107]&amp#27;[0m&amp#27;[38;5;229m[ADB]&amp#27;[0m The version name of the installed 'io.appium.uiautomator2.server' is greater or equal to the application version name ('7.0.25' >= '7.0.25')
&amp#27;[38;5;28m[db6b4107]&amp#27;[0m&amp#27;[38;5;-16m[AndroidUiautomator2Driver@bf67]&amp#27;[0m Server packages status: [{"installState":"sameVersionInstalled","appPath":"C:\\Users\\User1\\.appium\\node_modules\\appium-uiautomator2-driver\\node_modules\\appium-uiautomator2-server\\apks\\appium-uiautomator2-server-v7.0.25.apk","appId":"io.appium.uiautomator2.server"},{"installState":"sameVersionInstalled","appPath":"C:\\Users\\User1\\.appium\\node_modules\\appium-uiautomator2-driver\\node_modules\\appium-uiautomator2-server\\apks\\appium-uiautomator2-server-debug-androidTest.apk","appId":"io.appium.uiautomator2.server.test"}]
&amp#27;[38;5;28m[db6b4107]&amp#27;[0m&amp#27;[38;5;-16m[AndroidUiautomator2Driver@bf67]&amp#27;[0m Server packages are not going to be (re)installed
&amp#27;[38;5;28m[db6b4107]&amp#27;[0m&amp#27;[38;5;-16m[AndroidUiautomator2Driver@bf67]&amp#27;[0m Waiting up to 30000ms for services to be available
&amp#27;[38;5;28m[db6b4107]&amp#27;[0m&amp#27;[38;5;229m[ADB]&amp#27;[0m Running 'C:\Users\User1\AppData\Local\Android\Sdk\platform-tools\adb.exe -P 5037 -s emulator-5554 shell pm list instrumentation'
&amp#27;[38;5;28m[db6b4107]&amp#27;[0m&amp#27;[38;5;-16m[AndroidUiautomator2Driver@bf67]&amp#27;[0m Instrumentation target 'io.appium.uiautomator2.server.test/androidx.test.runner.AndroidJUnitRunner' is available
&amp#27;[38;5;28m[db6b4107]&amp#27;[0m&amp#27;[38;5;229m[ADB]&amp#27;[0m Adding packages ["io.appium.settings","io.appium.uiautomator2.server","io.appium.uiautomator2.server.test"] to Doze whitelist
&amp#27;[38;5;28m[db6b4107]&amp#27;[0m&amp#27;[38;5;229m[ADB]&amp#27;[0m Got the following command chunks to execute: [["dumpsys","deviceidle","whitelist","+io.appium.settings",";","dumpsys","deviceidle","whitelist","+io.appium.uiautomator2.server",";","dumpsys","deviceidle","whitelist","+io.appium.uiautomator2.server.test",";"]]
&amp#27;[38;5;28m[db6b4107]&amp#27;[0m&amp#27;[38;5;229m[ADB]&amp#27;[0m Running 'C:\Users\User1\AppData\Local\Android\Sdk\platform-tools\adb.exe -P 5037 -s emulator-5554 shell dumpsys deviceidle whitelist +io.appium.settings ; dumpsys deviceidle whitelist +io.appium.uiautomator2.server ; dumpsys deviceidle whitelist +io.appium.uiautomator2.server.test ;'
&amp#27;[38;5;28m[db6b4107]&amp#27;[0m&amp#27;[38;5;229m[ADB]&amp#27;[0m apksigner stdout: Signer #1 certificate DN: C=US, O=Android, CN=Android Debug
Signer #1 certificate SHA-256 digest: f5f5931c019be6bff8a26255f76ae9ef8a8e631d2a702ec10e91110231549eef
Signer #1 certificate SHA-1 digest: b250161db8b5d0a1bd39154c9fd749bdad79c1a3
Signer #1 certificate MD5 digest: 7a5550323d84472ca25a0861c63e0a6c

&amp#27;[38;5;28m[db6b4107]&amp#27;[0m&amp#27;[38;5;229m[ADB]&amp#27;[0m 'C:\Users\User1\eclipse-workspace\eCommerceFramework//src//main//resources//General-Store.apk' is signed with a non-default certificate
&amp#27;[38;5;28m[db6b4107]&amp#27;[0m&amp#27;[38;5;229m[ADB]&amp#27;[0m Getting package info for 'com.androidsample.generalstore'
&amp#27;[38;5;28m[db6b4107]&amp#27;[0m&amp#27;[38;5;229m[ADB]&amp#27;[0m Running 'C:\Users\User1\AppData\Local\Android\Sdk\platform-tools\adb.exe -P 5037 -s emulator-5554 shell dumpsys package com.androidsample.generalstore'
&amp#27;[38;5;28m[db6b4107]&amp#27;[0m&amp#27;[38;5;229m[ADB]&amp#27;[0m Reading package manifest: 'C:\\Users\\User1\\AppData\\Local\\Android\\Sdk\\build-tools\\36.0.0-rc1\\aapt2.exe dump badging C:\\Users\\User1\\eclipse-workspace\\eCommerceFramework//src//main//resources//General-Store.apk'
&amp#27;[38;5;28m[db6b4107]&amp#27;[0m&amp#27;[38;5;229m[ADB]&amp#27;[0m The version name of the installed 'com.androidsample.generalstore' is greater or equal to the application version name ('1.0.0' >= '1.0.0')
&amp#27;[38;5;28m[db6b4107]&amp#27;[0m&amp#27;[38;5;229m[ADB]&amp#27;[0m There is no need to install/upgrade 'C:\Users\User1\eclipse-workspace\eCommerceFramework//src//main//resources//General-Store.apk'
&amp#27;[38;5;28m[db6b4107]&amp#27;[0m&amp#27;[38;5;-16m[AndroidUiautomator2Driver@bf67]&amp#27;[0m Performing fast reset on 'com.androidsample.generalstore'
&amp#27;[38;5;28m[db6b4107]&amp#27;[0m&amp#27;[38;5;229m[ADB]&amp#27;[0m Getting install status for com.androidsample.generalstore
&amp#27;[38;5;28m[db6b4107]&amp#27;[0m&amp#27;[38;5;229m[ADB]&amp#27;[0m Running 'C:\Users\User1\AppData\Local\Android\Sdk\platform-tools\adb.exe -P 5037 -s emulator-5554 shell cmd package list packages'
&amp#27;[38;5;28m[db6b4107]&amp#27;[0m&amp#27;[38;5;229m[ADB]&amp#27;[0m 'com.androidsample.generalstore' is installed
&amp#27;[38;5;28m[db6b4107]&amp#27;[0m&amp#27;[38;5;229m[ADB]&amp#27;[0m Running 'C:\Users\User1\AppData\Local\Android\Sdk\platform-tools\adb.exe -P 5037 -s emulator-5554 shell am force-stop com.androidsample.generalstore'
&amp#27;[38;5;28m[db6b4107]&amp#27;[0m&amp#27;[38;5;229m[ADB]&amp#27;[0m Running 'C:\Users\User1\AppData\Local\Android\Sdk\platform-tools\adb.exe -P 5037 -s emulator-5554 shell pm clear com.androidsample.generalstore'
&amp#27;[38;5;28m[db6b4107]&amp#27;[0m&amp#27;[38;5;-16m[AndroidUiautomator2Driver@bf67]&amp#27;[0m Performed fast reset on the installed 'com.androidsample.generalstore' application (stop and clear)
&amp#27;[38;5;28m[db6b4107]&amp#27;[0m&amp#27;[38;5;-16m[AndroidUiautomator2Driver@bf67]&amp#27;[0m Performing shallow cleanup of automation leftovers
&amp#27;[38;5;28m[db6b4107]&amp#27;[0m&amp#27;[38;5;-16m[AndroidUiautomator2Driver@bf67]&amp#27;[0m No obsolete sessions have been detected (socket hang up)
&amp#27;[38;5;28m[db6b4107]&amp#27;[0m&amp#27;[38;5;229m[ADB]&amp#27;[0m Running 'C:\Users\User1\AppData\Local\Android\Sdk\platform-tools\adb.exe -P 5037 -s emulator-5554 shell am force-stop io.appium.uiautomator2.server'
&amp#27;[38;5;28m[db6b4107]&amp#27;[0m&amp#27;[38;5;229m[ADB]&amp#27;[0m Running 'C:\Users\User1\AppData\Local\Android\Sdk\platform-tools\adb.exe -P 5037 -s emulator-5554 shell am force-stop io.appium.uiautomator2.server.test'
&amp#27;[38;5;28m[db6b4107]&amp#27;[0m&amp#27;[38;5;-16m[AndroidUiautomator2Driver@bf67]&amp#27;[0m Starting UIAutomator2 server 7.0.25
&amp#27;[38;5;28m[db6b4107]&amp#27;[0m&amp#27;[38;5;-16m[AndroidUiautomator2Driver@bf67]&amp#27;[0m Using UIAutomator2 server from 'C:\Users\User1\.appium\node_modules\appium-uiautomator2-driver\node_modules\appium-uiautomator2-server\apks\appium-uiautomator2-server-v7.0.25.apk' and test from 'C:\Users\User1\.appium\node_modules\appium-uiautomator2-driver\node_modules\appium-uiautomator2-server\apks\appium-uiautomator2-server-debug-androidTest.apk'
&amp#27;[38;5;28m[db6b4107]&amp#27;[0m&amp#27;[38;5;-16m[AndroidUiautomator2Driver@bf67]&amp#27;[0m Waiting up to 30000ms for UiAutomator2 to be online...
&amp#27;[38;5;28m[db6b4107]&amp#27;[0m&amp#27;[38;5;229m[ADB]&amp#27;[0m Creating ADB subprocess with args: ["-P","5037","-s","emulator-5554","shell","am","instrument","-w","-e","disableAnalytics","true","io.appium.uiautomator2.server.test/androidx.test.runner.AndroidJUnitRunner"]
&amp#27;[38;5;28m[db6b4107]&amp#27;[0m&amp#27;[38;5;-16m[AndroidUiautomator2Driver@bf67]&amp#27;[0m Matched '/status' to command name 'getStatus'
&amp#27;[38;5;28m[db6b4107]&amp#27;[0m&amp#27;[38;5;-16m[AndroidUiautomator2Driver@bf67]&amp#27;[0m Proxying [GET /status] to [GET http://127.0.0.1:8201/status] with no body
&amp#27;[38;5;28m[db6b4107]&amp#27;[0m&amp#27;[38;5;-16m[AndroidUiautomator2Driver@bf67]&amp#27;[0m socket hang up
&amp#27;[38;5;28m[db6b4107]&amp#27;[0m&amp#27;[38;5;-16m[AndroidUiautomator2Driver@bf67]&amp#27;[0m Matched '/status' to command name 'getStatus'
&amp#27;[38;5;28m[db6b4107]&amp#27;[0m&amp#27;[38;5;-16m[AndroidUiautomator2Driver@bf67]&amp#27;[0m Proxying [GET /status] to [GET http://127.0.0.1:8201/status] with no body
&amp#27;[38;5;28m[db6b4107]&amp#27;[0m&amp#27;[38;5;-16m[AndroidUiautomator2Driver@bf67]&amp#27;[0m socket hang up
&amp#27;[38;5;28m[db6b4107]&amp#27;[0m&amp#27;[38;5;-16m[AndroidUiautomator2Driver@bf67]&amp#27;[0m [Instrumentation] 
&amp#27;[38;5;28m[db6b4107]&amp#27;[0m&amp#27;[38;5;-16m[AndroidUiautomator2Driver@bf67]&amp#27;[0m Matched '/status' to command name 'getStatus'
&amp#27;[38;5;28m[db6b4107]&amp#27;[0m&amp#27;[38;5;-16m[AndroidUiautomator2Driver@bf67]&amp#27;[0m Proxying [GET /status] to [GET http://127.0.0.1:8201/status] with no body
&amp#27;[38;5;28m[db6b4107]&amp#27;[0m&amp#27;[38;5;-16m[AndroidUiautomator2Driver@bf67]&amp#27;[0m socket hang up
&amp#27;[38;5;28m[db6b4107]&amp#27;[0m&amp#27;[38;5;-16m[AndroidUiautomator2Driver@bf67]&amp#27;[0m Matched '/status' to command name 'getStatus'
&amp#27;[38;5;28m[db6b4107]&amp#27;[0m&amp#27;[38;5;-16m[AndroidUiautomator2Driver@bf67]&amp#27;[0m Proxying [GET /status] to [GET http://127.0.0.1:8201/status] with no body
&amp#27;[38;5;28m[db6b4107]&amp#27;[0m&amp#27;[38;5;-16m[AndroidUiautomator2Driver@bf67]&amp#27;[0m socket hang up
&amp#27;[38;5;28m[db6b4107]&amp#27;[0m&amp#27;[38;5;-16m[AndroidUiautomator2Driver@bf67]&amp#27;[0m Matched '/status' to command name 'getStatus'
&amp#27;[38;5;28m[db6b4107]&amp#27;[0m&amp#27;[38;5;-16m[AndroidUiautomator2Driver@bf67]&amp#27;[0m Proxying [GET /status] to [GET http://127.0.0.1:8201/status] with no body
&amp#27;[38;5;28m[db6b4107]&amp#27;[0m&amp#27;[38;5;-16m[AndroidUiautomator2Driver@bf67]&amp#27;[0m Got response with status 200: {"sessionId":"None","value":{"message":"UiAutomator2 Server is ready to accept commands","ready":true}}
&amp#27;[38;5;28m[db6b4107]&amp#27;[0m&amp#27;[38;5;-16m[AndroidUiautomator2Driver@bf67]&amp#27;[0m The initialization of the instrumentation process took 4330ms
&amp#27;[38;5;28m[db6b4107]&amp#27;[0m&amp#27;[38;5;-16m[AndroidUiautomator2Driver@bf67]&amp#27;[0m Matched '/session' to command name 'createSession'
&amp#27;[38;5;28m[db6b4107]&amp#27;[0m&amp#27;[38;5;-16m[AndroidUiautomator2Driver@bf67]&amp#27;[0m Proxying [POST /session] to [POST http://127.0.0.1:8201/session] with body: {"capabilities":{"firstMatch":[{"platformName":"ANDROID","chromedriverExecutable":"C://Users//User1//Downloads//chromedriver-win64//chromedriver-win64//chromedriver.exe","deviceName":"emulator-5554","automationName":"UIAutomator2","app":"C:\\Users\\User1\\eclipse-workspace\\eCommerceFramework//src//main//resources//General-Store.apk","platform":"LINUX","webStorageEnabled":false,"takesScreenshot":true,"javascriptEnabled":true,"databaseEnabled":false,"networkConnectionEnabled":true,"locationContextEnabled":false,"warnings":{},"desired":{"platformName":"ANDROID","chromedriverExecutable":"C://Users//User1//Downloads//chromedriver-win64//chromedriver-win64//chromedriver.exe","deviceName":"Rajemulator","automationName":"UIAutomator2","app":"C:\\Users\\User1\\eclipse-workspace\\eCommerceFramework//src//main//resources//General-Store.apk"},"deviceUDID":"emulator-5554","appPackage":"com.androidsample.generalstore"}],"alwaysMatch":{}}}
&amp#27;[38;5;28m[db6b4107]&amp#27;[0m&amp#27;[38;5;-16m[AndroidUiautomator2Driver@bf67]&amp#27;[0m Got response with status 200: {"sessionId":"080a24b7-c65b-4ab5-aaaf-4f9bbb040926","value":{"capabilities":{"firstMatch":[{"platformName":"ANDROID","chromedriverExecutable":"C://Users//User1//Downloads//chromedriver-win64//chromedriver-win64//chromedriver.exe","deviceName":"emulator-5554","automationName":"UIAutomator2","app":"C:\\Users\\User1\\eclipse-workspace\\eCommerceFramework//src//main//resources//General-Store.apk","platform":"LINUX","webStorageEnabled":false,"takesScreenshot":true,"javascriptEnabled":true,"databaseEnabled":false,"networkConnectionEnabled":true,"locationContextEnabled":false,"warnings":{},"desired":{"platformName":"ANDROID","chromedriverExecutable":"C://Users//User1//Downloads//chromedriver-win64//chromedriver-win64//chromedriver.exe","deviceName":"Rajemulator","automationName":"UIAutomator2","app":"C:\\Users\\User1\\eclipse-workspace\\eCommerceFramework//src//main//resources//General-Store.apk"},"deviceUDID":"emulator-5554","appPackage":"com.androidsample.generalstore"}],"alwaysMatch":{}},"sessionId":"080a24b7-...
&amp#27;[38;5;28m[db6b4107]&amp#27;[0m&amp#27;[38;5;-16m[AndroidUiautomator2Driver@bf67]&amp#27;[0m Determined the downstream protocol as 'W3C'
&amp#27;[38;5;28m[db6b4107]&amp#27;[0m&amp#27;[38;5;-16m[AndroidUiautomator2Driver@bf67]&amp#27;[0m Proxying [GET /appium/device/pixel_ratio] to [GET http://127.0.0.1:8201/session/080a24b7-c65b-4ab5-aaaf-4f9bbb040926/appium/device/pixel_ratio] with no body
&amp#27;[38;5;28m[db6b4107]&amp#27;[0m&amp#27;[38;5;-16m[AndroidUiautomator2Driver@bf67]&amp#27;[0m Matched '/appium/device/system_bars' to command name 'getSystemBars'
&amp#27;[38;5;28m[db6b4107]&amp#27;[0m&amp#27;[38;5;-16m[AndroidUiautomator2Driver@bf67]&amp#27;[0m Proxying [GET /appium/device/system_bars] to [GET http://127.0.0.1:8201/session/080a24b7-c65b-4ab5-aaaf-4f9bbb040926/appium/device/system_bars] with no body
&amp#27;[38;5;28m[db6b4107]&amp#27;[0m&amp#27;[38;5;-16m[AndroidUiautomator2Driver@bf67]&amp#27;[0m Matched '/window/current/size' to command name 'getWindowSize'
&amp#27;[38;5;28m[db6b4107]&amp#27;[0m&amp#27;[38;5;-16m[AndroidUiautomator2Driver@bf67]&amp#27;[0m Proxying [GET /window/current/size] to [GET http://127.0.0.1:8201/session/080a24b7-c65b-4ab5-aaaf-4f9bbb040926/window/current/size] with no body
&amp#27;[38;5;28m[db6b4107]&amp#27;[0m&amp#27;[38;5;-16m[AndroidUiautomator2Driver@bf67]&amp#27;[0m Proxying [GET /appium/device/info] to [GET http://127.0.0.1:8201/session/080a24b7-c65b-4ab5-aaaf-4f9bbb040926/appium/device/info] with no body
&amp#27;[38;5;28m[db6b4107]&amp#27;[0m&amp#27;[38;5;229m[ADB]&amp#27;[0m Running 'C:\Users\User1\AppData\Local\Android\Sdk\platform-tools\adb.exe -P 5037 -s emulator-5554 shell dumpsys window'
&amp#27;[38;5;28m[db6b4107]&amp#27;[0m&amp#27;[38;5;229m[ADB]&amp#27;[0m Running 'C:\Users\User1\AppData\Local\Android\Sdk\platform-tools\adb.exe -P 5037 -s emulator-5554 shell dumpsys power'
&amp#27;[38;5;28m[db6b4107]&amp#27;[0m&amp#27;[38;5;-16m[AndroidUiautomator2Driver@bf67]&amp#27;[0m Got response with status 200: {"sessionId":"080a24b7-c65b-4ab5-aaaf-4f9bbb040926","value":2.75}
&amp#27;[38;5;28m[db6b4107]&amp#27;[0m&amp#27;[38;5;-16m[AndroidUiautomator2Driver@bf67]&amp#27;[0m Got response with status 200: {"sessionId":"080a24b7-c65b-4ab5-aaaf-4f9bbb040926","value":{"statusBar":66}}
&amp#27;[38;5;28m[db6b4107]&amp#27;[0m&amp#27;[38;5;-16m[AndroidUiautomator2Driver@bf67]&amp#27;[0m Got response with status 200: {"sessionId":"080a24b7-c65b-4ab5-aaaf-4f9bbb040926","value":{"height":2220,"width":1080}}
&amp#27;[38;5;28m[db6b4107]&amp#27;[0m&amp#27;[38;5;-16m[AndroidUiautomator2Driver@bf67]&amp#27;[0m Got response with status 200: {"sessionId":"080a24b7-c65b-4ab5-aaaf-4f9bbb040926","value":{"androidId":"ccd4b39f6a24ddc3","apiVersion":"35","bluetooth":{"state":"OFF"},"brand":"google","carrierName":"T-Mobile","displayDensity":440,"locale":"en_US","manufacturer":"Google","model":"sdk_gphone64_x86_64","networks":[{"capabilities":{"SSID":null,"linkDownBandwidthKbps":4300,"linkUpstreamBandwidthKbps":1800,"networkCapabilities":"NET_CAPABILITY_MMS,NET_CAPABILITY_SUPL,NET_CAPABILITY_IA,NET_CAPABILITY_XCAP,NET_CAPABILITY_INTERNET,NET_CAPABILITY_NOT_RESTRICTED,NET_CAPABILITY_TRUSTED,NET_CAPABILITY_NOT_VPN,NET_CAPABILITY_VALIDATED,NET_CAPABILITY_NOT_ROAMING,NET_CAPABILITY_NOT_CONGESTED,NET_CAPABILITY_NOT_SUSPENDED","signalStrength":-2147483648,"transportTypes":"TRANSPORT_CELLULAR"},"detailedState":"CONNECTED","extraInfo":"fast.t-mobile.com","isAvailable":true,"isConnected":true,"isFailover":false,"isRoaming":false,"state":"CONNECTED","subtype":10,"subtypeName":"HSPA","type":0,"typeName":"MOBILE"},{"capabilities":{"SSID":null,"linkDownBandwidthK...
&amp#27;[38;5;28m[db6b4107]&amp#27;[0m&amp#27;[38;5;-16m[AndroidUiautomator2Driver@bf67]&amp#27;[0m Screen already unlocked, doing nothing
&amp#27;[38;5;28m[db6b4107]&amp#27;[0m&amp#27;[38;5;-16m[AndroidUiautomator2Driver@bf67]&amp#27;[0m Starting 'com.androidsample.generalstore/com.androidsample.generalstore.SplashActivity and waiting for 'com.androidsample.generalstore/com.androidsample.generalstore.SplashActivity'
&amp#27;[38;5;28m[db6b4107]&amp#27;[0m&amp#27;[38;5;229m[ADB]&amp#27;[0m Running 'C:\Users\User1\AppData\Local\Android\Sdk\platform-tools\adb.exe -P 5037 -s emulator-5554 shell am start -W -n com.androidsample.generalstore/com.androidsample.generalstore.SplashActivity -S -a android.intent.action.MAIN -c android.intent.category.LAUNCHER -f 0x10200000'
&amp#27;[38;5;28m[db6b4107]&amp#27;[0m&amp#27;[38;5;229m[ADB]&amp#27;[0m Waiting up to 20000ms for activity matching pkg: 'com.androidsample.generalstore' and activity: 'com.androidsample.generalstore.SplashActivity' to be focused
&amp#27;[38;5;28m[db6b4107]&amp#27;[0m&amp#27;[38;5;229m[ADB]&amp#27;[0m Possible activities, to be checked: 'com.androidsample.generalstore.SplashActivity', 'com.androidsample.generalstore.com.androidsample.generalstore.SplashActivity'
&amp#27;[38;5;28m[db6b4107]&amp#27;[0m&amp#27;[38;5;229m[ADB]&amp#27;[0m Getting focused package and activity
&amp#27;[38;5;28m[db6b4107]&amp#27;[0m&amp#27;[38;5;229m[ADB]&amp#27;[0m Running 'C:\Users\User1\AppData\Local\Android\Sdk\platform-tools\adb.exe -P 5037 -s emulator-5554 shell dumpsys window displays'
&amp#27;[38;5;28m[db6b4107]&amp#27;[0m&amp#27;[38;5;229m[ADB]&amp#27;[0m Found package: 'com.androidsample.generalstore' and fully qualified activity name : 'com.androidsample.generalstore.SplashActivity'
&amp#27;[38;5;28m[db6b4107]&amp#27;[0m&amp#27;[38;5;223m[AppiumDriver@fb90]&amp#27;[0m New AndroidUiautomator2Driver session created successfully, session db6b4107-373a-43b2-abe9-cd38c401d159 added to master session list
&amp#27;[38;5;28m[db6b4107]&amp#27;[0m&amp#27;[38;5;223m[AppiumDriver@fb90]&amp#27;[0m Event 'newSessionStarted' logged at 1744634816812 (18:16:56 GMT+0530 (India Standard Time))
&amp#27;[38;5;28m[db6b4107]&amp#27;[0m&amp#27;[38;5;-16m[AndroidUiautomator2Driver@bf67]&amp#27;[0m Cached the protocol value 'W3C' for the new session db6b4107-373a-43b2-abe9-cd38c401d159
&amp#27;[38;5;28m[db6b4107]&amp#27;[0m&amp#27;[38;5;-16m[AndroidUiautomator2Driver@bf67]&amp#27;[0m Responding to client with driver.createSession() result: {"capabilities":{"platformName":"ANDROID","chromedriverExecutable":"C://Users//User1//Downloads//chromedriver-win64//chromedriver-win64//chromedriver.exe","deviceName":"emulator-5554","automationName":"UIAutomator2","app":"C:\\Users\\User1\\eclipse-workspace\\eCommerceFramework//src//main//resources//General-Store.apk","platform":"LINUX","webStorageEnabled":false,"takesScreenshot":true,"javascriptEnabled":true,"databaseEnabled":false,"networkConnectionEnabled":true,"locationContextEnabled":false,"warnings":{},"desired":{"platformName":"ANDROID","chromedriverExecutable":"C://Users//User1//Downloads//chromedriver-win64//chromedriver-win64//chromedriver.exe","deviceName":"Rajemulator","automationName":"UIAutomator2","app":"C:\\Users\\User1\\eclipse-workspace\\eCommerceFramework//src//main//resources//General-Store.apk"},"deviceUDID":"emulator-5554","appPackage":"com.androidsample.generalstore","pixelRatio":"2.75","statBarHeight":66,"viewportRect":{"left":0,"top":66,"width":1080,"height":2154},"deviceApiLevel"...
&amp#27;[38;5;28m[db6b4107]&amp#27;[0m&amp#27;[38;5;86m[HTTP]&amp#27;[0m &amp#27;[37m<-- POST /session &amp#27;[39m&amp#27;[32m200&amp#27;[39m &amp#27;[90m8755 ms - 1233&amp#27;[39m &amp#27;[90m&amp#27;[39m
Test Started: termsAndConditions
&amp#27;[38;5;28m[db6b4107]&amp#27;[0m&amp#27;[38;5;86m[HTTP]&amp#27;[0m &amp#27;[37m-->&amp#27;[39m &amp#27;[37mGET&amp#27;[39m &amp#27;[37m/session/db6b4107-373a-43b2-abe9-cd38c401d159/context&amp#27;[39m &amp#27;[90m{}&amp#27;[39m
&amp#27;[38;5;28m[db6b4107]&amp#27;[0m&amp#27;[38;5;-16m[AndroidUiautomator2Driver@bf67]&amp#27;[0m Calling AppiumDriver.getCurrentContext() with args: ["db6b4107-373a-43b2-abe9-cd38c401d159"]
&amp#27;[38;5;28m[db6b4107]&amp#27;[0m&amp#27;[38;5;-16m[AndroidUiautomator2Driver@bf67]&amp#27;[0m Responding to client with driver.getCurrentContext() result: "NATIVE_APP"
&amp#27;[38;5;28m[db6b4107]&amp#27;[0m&amp#27;[38;5;86m[HTTP]&amp#27;[0m &amp#27;[37m<-- GET /session/db6b4107-373a-43b2-abe9-cd38c401d159/context &amp#27;[39m&amp#27;[32m200&amp#27;[39m &amp#27;[90m8 ms - 22&amp#27;[39m &amp#27;[90m&amp#27;[39m
&amp#27;[38;5;28m[db6b4107]&amp#27;[0m&amp#27;[38;5;86m[HTTP]&amp#27;[0m &amp#27;[37m-->&amp#27;[39m &amp#27;[37mPOST&amp#27;[39m &amp#27;[37m/session/db6b4107-373a-43b2-abe9-cd38c401d159/element&amp#27;[39m &amp#27;[90m{"using":"id","value":"com.androidsample.generalstore:id/nameField"}&amp#27;[39m
&amp#27;[38;5;28m[db6b4107]&amp#27;[0m&amp#27;[38;5;-16m[AndroidUiautomator2Driver@bf67]&amp#27;[0m Calling AppiumDriver.findElement() with args: ["id","com.androidsample.generalstore:id/nameField","db6b4107-373a-43b2-abe9-cd38c401d159"]
&amp#27;[38;5;28m[db6b4107]&amp#27;[0m&amp#27;[38;5;-16m[AndroidUiautomator2Driver@bf67]&amp#27;[0m Valid locator strategies for this request: xpath, id, class name, accessibility id, css selector, -android uiautomator
&amp#27;[38;5;28m[db6b4107]&amp#27;[0m&amp#27;[38;5;-16m[AndroidUiautomator2Driver@bf67]&amp#27;[0m Waiting up to 0 ms for condition
&amp#27;[38;5;28m[db6b4107]&amp#27;[0m&amp#27;[38;5;-16m[AndroidUiautomator2Driver@bf67]&amp#27;[0m Matched '/element' to command name 'findElement'
&amp#27;[38;5;28m[db6b4107]&amp#27;[0m&amp#27;[38;5;-16m[AndroidUiautomator2Driver@bf67]&amp#27;[0m Proxying [POST /element] to [POST http://127.0.0.1:8201/session/080a24b7-c65b-4ab5-aaaf-4f9bbb040926/element] with body: {"strategy":"id","selector":"com.androidsample.generalstore:id/nameField","context":"","multiple":false}
&amp#27;[38;5;28m[db6b4107]&amp#27;[0m&amp#27;[38;5;-16m[AndroidUiautomator2Driver@bf67]&amp#27;[0m Got response with status 404: {"sessionId":"080a24b7-c65b-4ab5-aaaf-4f9bbb040926","value":{"error":"no such element","message":"An element could not be located on the page using the given search parameters","stacktrace":"io.appium.uiautomator2.common.exceptions.ElementNotFoundException: An element could not be located on the page using the given search parameters\n\tat io.appium.uiautomator2.handler.FindElement.safeHandle(FindElement.java:63)\n\tat io.appium.uiautomator2.handler.request.SafeRequestHandler.handle(SafeRequestHandler.java:59)\n\tat io.appium.uiautomator2.server.AppiumServlet.handleRequest(AppiumServlet.java:259)\n\tat io.appium.uiautomator2.server.AppiumServlet.handleHttpRequest(AppiumServlet.java:253)\n\tat io.appium.uiautomator2.http.ServerHandler.channelRead(ServerHandler.java:77)\n\tat io.netty.channel.AbstractChannelHandlerContext.invokeChannelRead(AbstractChannelHandlerContext.java:366)\n\tat io.netty.channel.AbstractChannelHandlerContext.invokeChannelRead(AbstractChannelHandlerContext.java:352)\n\tat io.netty.chann...
&amp#27;[38;5;28m[db6b4107]&amp#27;[0m&amp#27;[38;5;123m[W3C]&amp#27;[0m Matched W3C error code 'no such element' to NoSuchElementError
&amp#27;[38;5;28m[db6b4107]&amp#27;[0m&amp#27;[38;5;-16m[AndroidUiautomator2Driver@bf67]&amp#27;[0m Encountered internal error running command: NoSuchElementError: An element could not be located on the page using the given search parameters.
    at AndroidUiautomator2Driver.findElOrEls (C:\Users\User1\.appium\node_modules\appium-uiautomator2-driver\node_modules\appium-android-driver\lib\commands\find.ts:86:11)
    at processTicksAndRejections (node:internal/process/task_queues:95:5)
    at AndroidUiautomator2Driver.findElOrElsWithProcessing (C:\Users\User1\AppData\Roaming\npm\node_modules\appium\node_modules\@appium\base-driver\lib\basedriver\commands\find.ts:60:12)
    at AndroidUiautomator2Driver.findElement (C:\Users\User1\AppData\Roaming\npm\node_modules\appium\node_modules\@appium\base-driver\lib\basedriver\commands\find.ts:75:12)
&amp#27;[38;5;28m[db6b4107]&amp#27;[0m&amp#27;[38;5;86m[HTTP]&amp#27;[0m &amp#27;[37m<-- POST /session/db6b4107-373a-43b2-abe9-cd38c401d159/element &amp#27;[39m&amp#27;[33m404&amp#27;[39m &amp#27;[90m718 ms - 890&amp#27;[39m &amp#27;[90m&amp#27;[39m
&amp#27;[38;5;28m[db6b4107]&amp#27;[0m&amp#27;[38;5;86m[HTTP]&amp#27;[0m &amp#27;[37m-->&amp#27;[39m &amp#27;[37mPOST&amp#27;[39m &amp#27;[37m/session/db6b4107-373a-43b2-abe9-cd38c401d159/element&amp#27;[39m &amp#27;[90m{"using":"id","value":"com.androidsample.generalstore:id/nameField"}&amp#27;[39m
&amp#27;[38;5;28m[db6b4107]&amp#27;[0m&amp#27;[38;5;-16m[AndroidUiautomator2Driver@bf67]&amp#27;[0m Calling AppiumDriver.findElement() with args: ["id","com.androidsample.generalstore:id/nameField","db6b4107-373a-43b2-abe9-cd38c401d159"]
&amp#27;[38;5;28m[db6b4107]&amp#27;[0m&amp#27;[38;5;-16m[AndroidUiautomator2Driver@bf67]&amp#27;[0m Valid locator strategies for this request: xpath, id, class name, accessibility id, css selector, -android uiautomator
&amp#27;[38;5;28m[db6b4107]&amp#27;[0m&amp#27;[38;5;-16m[AndroidUiautomator2Driver@bf67]&amp#27;[0m Waiting up to 0 ms for condition
&amp#27;[38;5;28m[db6b4107]&amp#27;[0m&amp#27;[38;5;-16m[AndroidUiautomator2Driver@bf67]&amp#27;[0m Matched '/element' to command name 'findElement'
&amp#27;[38;5;28m[db6b4107]&amp#27;[0m&amp#27;[38;5;-16m[AndroidUiautomator2Driver@bf67]&amp#27;[0m Proxying [POST /element] to [POST http://127.0.0.1:8201/session/080a24b7-c65b-4ab5-aaaf-4f9bbb040926/element] with body: {"strategy":"id","selector":"com.androidsample.generalstore:id/nameField","context":"","multiple":false}
&amp#27;[38;5;28m[db6b4107]&amp#27;[0m&amp#27;[38;5;-16m[AndroidUiautomator2Driver@bf67]&amp#27;[0m Got response with status 404: {"sessionId":"080a24b7-c65b-4ab5-aaaf-4f9bbb040926","value":{"error":"no such element","message":"An element could not be located on the page using the given search parameters","stacktrace":"io.appium.uiautomator2.common.exceptions.ElementNotFoundException: An element could not be located on the page using the given search parameters\n\tat io.appium.uiautomator2.handler.FindElement.safeHandle(FindElement.java:63)\n\tat io.appium.uiautomator2.handler.request.SafeRequestHandler.handle(SafeRequestHandler.java:59)\n\tat io.appium.uiautomator2.server.AppiumServlet.handleRequest(AppiumServlet.java:259)\n\tat io.appium.uiautomator2.server.AppiumServlet.handleHttpRequest(AppiumServlet.java:253)\n\tat io.appium.uiautomator2.http.ServerHandler.channelRead(ServerHandler.java:77)\n\tat io.netty.channel.AbstractChannelHandlerContext.invokeChannelRead(AbstractChannelHandlerContext.java:366)\n\tat io.netty.channel.AbstractChannelHandlerContext.invokeChannelRead(AbstractChannelHandlerContext.java:352)\n\tat io.netty.chann...
&amp#27;[38;5;28m[db6b4107]&amp#27;[0m&amp#27;[38;5;123m[W3C]&amp#27;[0m Matched W3C error code 'no such element' to NoSuchElementError
&amp#27;[38;5;28m[db6b4107]&amp#27;[0m&amp#27;[38;5;-16m[AndroidUiautomator2Driver@bf67]&amp#27;[0m Encountered internal error running command: NoSuchElementError: An element could not be located on the page using the given search parameters.
    at AndroidUiautomator2Driver.findElOrEls (C:\Users\User1\.appium\node_modules\appium-uiautomator2-driver\node_modules\appium-android-driver\lib\commands\find.ts:86:11)
    at processTicksAndRejections (node:internal/process/task_queues:95:5)
    at AndroidUiautomator2Driver.findElOrElsWithProcessing (C:\Users\User1\AppData\Roaming\npm\node_modules\appium\node_modules\@appium\base-driver\lib\basedriver\commands\find.ts:60:12)
    at AndroidUiautomator2Driver.findElement (C:\Users\User1\AppData\Roaming\npm\node_modules\appium\node_modules\@appium\base-driver\lib\basedriver\commands\find.ts:75:12)
&amp#27;[38;5;28m[db6b4107]&amp#27;[0m&amp#27;[38;5;86m[HTTP]&amp#27;[0m &amp#27;[37m<-- POST /session/db6b4107-373a-43b2-abe9-cd38c401d159/element &amp#27;[39m&amp#27;[33m404&amp#27;[39m &amp#27;[90m25 ms - 890&amp#27;[39m &amp#27;[90m&amp#27;[39m
&amp#27;[38;5;28m[db6b4107]&amp#27;[0m&amp#27;[38;5;86m[HTTP]&amp#27;[0m &amp#27;[37m-->&amp#27;[39m &amp#27;[37mPOST&amp#27;[39m &amp#27;[37m/session/db6b4107-373a-43b2-abe9-cd38c401d159/element&amp#27;[39m &amp#27;[90m{"using":"id","value":"com.androidsample.generalstore:id/nameField"}&amp#27;[39m
&amp#27;[38;5;28m[db6b4107]&amp#27;[0m&amp#27;[38;5;-16m[AndroidUiautomator2Driver@bf67]&amp#27;[0m Calling AppiumDriver.findElement() with args: ["id","com.androidsample.generalstore:id/nameField","db6b4107-373a-43b2-abe9-cd38c401d159"]
&amp#27;[38;5;28m[db6b4107]&amp#27;[0m&amp#27;[38;5;-16m[AndroidUiautomator2Driver@bf67]&amp#27;[0m Valid locator strategies for this request: xpath, id, class name, accessibility id, css selector, -android uiautomator
&amp#27;[38;5;28m[db6b4107]&amp#27;[0m&amp#27;[38;5;-16m[AndroidUiautomator2Driver@bf67]&amp#27;[0m Waiting up to 0 ms for condition
&amp#27;[38;5;28m[db6b4107]&amp#27;[0m&amp#27;[38;5;-16m[AndroidUiautomator2Driver@bf67]&amp#27;[0m Matched '/element' to command name 'findElement'
&amp#27;[38;5;28m[db6b4107]&amp#27;[0m&amp#27;[38;5;-16m[AndroidUiautomator2Driver@bf67]&amp#27;[0m Proxying [POST /element] to [POST http://127.0.0.1:8201/session/080a24b7-c65b-4ab5-aaaf-4f9bbb040926/element] with body: {"strategy":"id","selector":"com.androidsample.generalstore:id/nameField","context":"","multiple":false}
&amp#27;[38;5;28m[db6b4107]&amp#27;[0m&amp#27;[38;5;-16m[AndroidUiautomator2Driver@bf67]&amp#27;[0m Got response with status 404: {"sessionId":"080a24b7-c65b-4ab5-aaaf-4f9bbb040926","value":{"error":"no such element","message":"An element could not be located on the page using the given search parameters","stacktrace":"io.appium.uiautomator2.common.exceptions.ElementNotFoundException: An element could not be located on the page using the given search parameters\n\tat io.appium.uiautomator2.handler.FindElement.safeHandle(FindElement.java:63)\n\tat io.appium.uiautomator2.handler.request.SafeRequestHandler.handle(SafeRequestHandler.java:59)\n\tat io.appium.uiautomator2.server.AppiumServlet.handleRequest(AppiumServlet.java:259)\n\tat io.appium.uiautomator2.server.AppiumServlet.handleHttpRequest(AppiumServlet.java:253)\n\tat io.appium.uiautomator2.http.ServerHandler.channelRead(ServerHandler.java:77)\n\tat io.netty.channel.AbstractChannelHandlerContext.invokeChannelRead(AbstractChannelHandlerContext.java:366)\n\tat io.netty.channel.AbstractChannelHandlerContext.invokeChannelRead(AbstractChannelHandlerContext.java:352)\n\tat io.netty.chann...
&amp#27;[38;5;28m[db6b4107]&amp#27;[0m&amp#27;[38;5;123m[W3C]&amp#27;[0m Matched W3C error code 'no such element' to NoSuchElementError
&amp#27;[38;5;28m[db6b4107]&amp#27;[0m&amp#27;[38;5;-16m[AndroidUiautomator2Driver@bf67]&amp#27;[0m Encountered internal error running command: NoSuchElementError: An element could not be located on the page using the given search parameters.
    at AndroidUiautomator2Driver.findElOrEls (C:\Users\User1\.appium\node_modules\appium-uiautomator2-driver\node_modules\appium-android-driver\lib\commands\find.ts:86:11)
    at processTicksAndRejections (node:internal/process/task_queues:95:5)
    at AndroidUiautomator2Driver.findElOrElsWithProcessing (C:\Users\User1\AppData\Roaming\npm\node_modules\appium\node_modules\@appium\base-driver\lib\basedriver\commands\find.ts:60:12)
    at AndroidUiautomator2Driver.findElement (C:\Users\User1\AppData\Roaming\npm\node_modules\appium\node_modules\@appium\base-driver\lib\basedriver\commands\find.ts:75:12)
&amp#27;[38;5;28m[db6b4107]&amp#27;[0m&amp#27;[38;5;86m[HTTP]&amp#27;[0m &amp#27;[37m<-- POST /session/db6b4107-373a-43b2-abe9-cd38c401d159/element &amp#27;[39m&amp#27;[33m404&amp#27;[39m &amp#27;[90m39 ms - 890&amp#27;[39m &amp#27;[90m&amp#27;[39m
&amp#27;[38;5;28m[db6b4107]&amp#27;[0m&amp#27;[38;5;86m[HTTP]&amp#27;[0m &amp#27;[37m-->&amp#27;[39m &amp#27;[37mGET&amp#27;[39m &amp#27;[37m/session/db6b4107-373a-43b2-abe9-cd38c401d159/context&amp#27;[39m &amp#27;[90m{}&amp#27;[39m
&amp#27;[38;5;28m[db6b4107]&amp#27;[0m&amp#27;[38;5;-16m[AndroidUiautomator2Driver@bf67]&amp#27;[0m Calling AppiumDriver.getCurrentContext() with args: ["db6b4107-373a-43b2-abe9-cd38c401d159"]
&amp#27;[38;5;28m[db6b4107]&amp#27;[0m&amp#27;[38;5;-16m[AndroidUiautomator2Driver@bf67]&amp#27;[0m Responding to client with driver.getCurrentContext() result: "NATIVE_APP"
&amp#27;[38;5;28m[db6b4107]&amp#27;[0m&amp#27;[38;5;86m[HTTP]&amp#27;[0m &amp#27;[37m<-- GET /session/db6b4107-373a-43b2-abe9-cd38c401d159/context &amp#27;[39m&amp#27;[32m200&amp#27;[39m &amp#27;[90m2 ms - 22&amp#27;[39m &amp#27;[90m&amp#27;[39m
&amp#27;[38;5;28m[db6b4107]&amp#27;[0m&amp#27;[38;5;86m[HTTP]&amp#27;[0m &amp#27;[37m-->&amp#27;[39m &amp#27;[37mPOST&amp#27;[39m &amp#27;[37m/session/db6b4107-373a-43b2-abe9-cd38c401d159/element&amp#27;[39m &amp#27;[90m{"using":"id","value":"com.androidsample.generalstore:id/nameField"}&amp#27;[39m
&amp#27;[38;5;28m[db6b4107]&amp#27;[0m&amp#27;[38;5;-16m[AndroidUiautomator2Driver@bf67]&amp#27;[0m Calling AppiumDriver.findElement() with args: ["id","com.androidsample.generalstore:id/nameField","db6b4107-373a-43b2-abe9-cd38c401d159"]
&amp#27;[38;5;28m[db6b4107]&amp#27;[0m&amp#27;[38;5;-16m[AndroidUiautomator2Driver@bf67]&amp#27;[0m Valid locator strategies for this request: xpath, id, class name, accessibility id, css selector, -android uiautomator
&amp#27;[38;5;28m[db6b4107]&amp#27;[0m&amp#27;[38;5;-16m[AndroidUiautomator2Driver@bf67]&amp#27;[0m Waiting up to 0 ms for condition
&amp#27;[38;5;28m[db6b4107]&amp#27;[0m&amp#27;[38;5;-16m[AndroidUiautomator2Driver@bf67]&amp#27;[0m Matched '/element' to command name 'findElement'
&amp#27;[38;5;28m[db6b4107]&amp#27;[0m&amp#27;[38;5;-16m[AndroidUiautomator2Driver@bf67]&amp#27;[0m Proxying [POST /element] to [POST http://127.0.0.1:8201/session/080a24b7-c65b-4ab5-aaaf-4f9bbb040926/element] with body: {"strategy":"id","selector":"com.androidsample.generalstore:id/nameField","context":"","multiple":false}
&amp#27;[38;5;28m[db6b4107]&amp#27;[0m&amp#27;[38;5;-16m[AndroidUiautomator2Driver@bf67]&amp#27;[0m Got response with status 404: {"sessionId":"080a24b7-c65b-4ab5-aaaf-4f9bbb040926","value":{"error":"no such element","message":"An element could not be located on the page using the given search parameters","stacktrace":"io.appium.uiautomator2.common.exceptions.ElementNotFoundException: An element could not be located on the page using the given search parameters\n\tat io.appium.uiautomator2.handler.FindElement.safeHandle(FindElement.java:63)\n\tat io.appium.uiautomator2.handler.request.SafeRequestHandler.handle(SafeRequestHandler.java:59)\n\tat io.appium.uiautomator2.server.AppiumServlet.handleRequest(AppiumServlet.java:259)\n\tat io.appium.uiautomator2.server.AppiumServlet.handleHttpRequest(AppiumServlet.java:253)\n\tat io.appium.uiautomator2.http.ServerHandler.channelRead(ServerHandler.java:77)\n\tat io.netty.channel.AbstractChannelHandlerContext.invokeChannelRead(AbstractChannelHandlerContext.java:366)\n\tat io.netty.channel.AbstractChannelHandlerContext.invokeChannelRead(AbstractChannelHandlerContext.java:352)\n\tat io.netty.chann...
&amp#27;[38;5;28m[db6b4107]&amp#27;[0m&amp#27;[38;5;123m[W3C]&amp#27;[0m Matched W3C error code 'no such element' to NoSuchElementError
&amp#27;[38;5;28m[db6b4107]&amp#27;[0m&amp#27;[38;5;-16m[AndroidUiautomator2Driver@bf67]&amp#27;[0m Encountered internal error running command: NoSuchElementError: An element could not be located on the page using the given search parameters.
    at AndroidUiautomator2Driver.findElOrEls (C:\Users\User1\.appium\node_modules\appium-uiautomator2-driver\node_modules\appium-android-driver\lib\commands\find.ts:86:11)
    at processTicksAndRejections (node:internal/process/task_queues:95:5)
    at AndroidUiautomator2Driver.findElOrElsWithProcessing (C:\Users\User1\AppData\Roaming\npm\node_modules\appium\node_modules\@appium\base-driver\lib\basedriver\commands\find.ts:60:12)
    at AndroidUiautomator2Driver.findElement (C:\Users\User1\AppData\Roaming\npm\node_modules\appium\node_modules\@appium\base-driver\lib\basedriver\commands\find.ts:75:12)
&amp#27;[38;5;28m[db6b4107]&amp#27;[0m&amp#27;[38;5;86m[HTTP]&amp#27;[0m &amp#27;[37m<-- POST /session/db6b4107-373a-43b2-abe9-cd38c401d159/element &amp#27;[39m&amp#27;[33m404&amp#27;[39m &amp#27;[90m26 ms - 890&amp#27;[39m &amp#27;[90m&amp#27;[39m
&amp#27;[38;5;28m[db6b4107]&amp#27;[0m&amp#27;[38;5;86m[HTTP]&amp#27;[0m &amp#27;[37m-->&amp#27;[39m &amp#27;[37mPOST&amp#27;[39m &amp#27;[37m/session/db6b4107-373a-43b2-abe9-cd38c401d159/element&amp#27;[39m &amp#27;[90m{"using":"id","value":"com.androidsample.generalstore:id/nameField"}&amp#27;[39m
&amp#27;[38;5;28m[db6b4107]&amp#27;[0m&amp#27;[38;5;-16m[AndroidUiautomator2Driver@bf67]&amp#27;[0m Calling AppiumDriver.findElement() with args: ["id","com.androidsample.generalstore:id/nameField","db6b4107-373a-43b2-abe9-cd38c401d159"]
&amp#27;[38;5;28m[db6b4107]&amp#27;[0m&amp#27;[38;5;-16m[AndroidUiautomator2Driver@bf67]&amp#27;[0m Valid locator strategies for this request: xpath, id, class name, accessibility id, css selector, -android uiautomator
&amp#27;[38;5;28m[db6b4107]&amp#27;[0m&amp#27;[38;5;-16m[AndroidUiautomator2Driver@bf67]&amp#27;[0m Waiting up to 0 ms for condition
&amp#27;[38;5;28m[db6b4107]&amp#27;[0m&amp#27;[38;5;-16m[AndroidUiautomator2Driver@bf67]&amp#27;[0m Matched '/element' to command name 'findElement'
&amp#27;[38;5;28m[db6b4107]&amp#27;[0m&amp#27;[38;5;-16m[AndroidUiautomator2Driver@bf67]&amp#27;[0m Proxying [POST /element] to [POST http://127.0.0.1:8201/session/080a24b7-c65b-4ab5-aaaf-4f9bbb040926/element] with body: {"strategy":"id","selector":"com.androidsample.generalstore:id/nameField","context":"","multiple":false}
&amp#27;[38;5;28m[db6b4107]&amp#27;[0m&amp#27;[38;5;-16m[AndroidUiautomator2Driver@bf67]&amp#27;[0m Got response with status 200: {"sessionId":"080a24b7-c65b-4ab5-aaaf-4f9bbb040926","value":{"ELEMENT":"00000000-0000-06d1-ffff-ffff0000001c","element-6066-11e4-a52e-4f735466cecf":"00000000-0000-06d1-ffff-ffff0000001c"}}
&amp#27;[38;5;28m[db6b4107]&amp#27;[0m&amp#27;[38;5;-16m[AndroidUiautomator2Driver@bf67]&amp#27;[0m Responding to client with driver.findElement() result: {"element-6066-11e4-a52e-4f735466cecf":"00000000-0000-06d1-ffff-ffff0000001c","ELEMENT":"00000000-0000-06d1-ffff-ffff0000001c"}
&amp#27;[38;5;28m[db6b4107]&amp#27;[0m&amp#27;[38;5;86m[HTTP]&amp#27;[0m &amp#27;[37m<-- POST /session/db6b4107-373a-43b2-abe9-cd38c401d159/element &amp#27;[39m&amp#27;[32m200&amp#27;[39m &amp#27;[90m743 ms - 137&amp#27;[39m &amp#27;[90m&amp#27;[39m
&amp#27;[38;5;28m[db6b4107]&amp#27;[0m&amp#27;[38;5;86m[HTTP]&amp#27;[0m &amp#27;[37m-->&amp#27;[39m &amp#27;[37mGET&amp#27;[39m &amp#27;[37m/session/db6b4107-373a-43b2-abe9-cd38c401d159/element/00000000-0000-06d1-ffff-ffff0000001c/displayed&amp#27;[39m &amp#27;[90m{}&amp#27;[39m
&amp#27;[38;5;28m[db6b4107]&amp#27;[0m&amp#27;[38;5;-16m[AndroidUiautomator2Driver@bf67]&amp#27;[0m Calling AppiumDriver.elementDisplayed() with args: ["00000000-0000-06d1-ffff-ffff0000001c","db6b4107-373a-43b2-abe9-cd38c401d159"]
&amp#27;[38;5;28m[db6b4107]&amp#27;[0m&amp#27;[38;5;-16m[AndroidUiautomator2Driver@bf67]&amp#27;[0m Matched '/element/00000000-0000-06d1-ffff-ffff0000001c/attribute/displayed' to command name 'getAttribute'
&amp#27;[38;5;28m[db6b4107]&amp#27;[0m&amp#27;[38;5;-16m[AndroidUiautomator2Driver@bf67]&amp#27;[0m Proxying [GET /element/00000000-0000-06d1-ffff-ffff0000001c/attribute/displayed] to [GET http://127.0.0.1:8201/session/080a24b7-c65b-4ab5-aaaf-4f9bbb040926/element/00000000-0000-06d1-ffff-ffff0000001c/attribute/displayed] with no body
&amp#27;[38;5;28m[db6b4107]&amp#27;[0m&amp#27;[38;5;-16m[AndroidUiautomator2Driver@bf67]&amp#27;[0m Got response with status 200: {"sessionId":"080a24b7-c65b-4ab5-aaaf-4f9bbb040926","value":"true"}
&amp#27;[38;5;28m[db6b4107]&amp#27;[0m&amp#27;[38;5;-16m[AndroidUiautomator2Driver@bf67]&amp#27;[0m Responding to client with driver.elementDisplayed() result: true
&amp#27;[38;5;28m[db6b4107]&amp#27;[0m&amp#27;[38;5;86m[HTTP]&amp#27;[0m &amp#27;[37m<-- GET /session/db6b4107-373a-43b2-abe9-cd38c401d159/element/00000000-0000-06d1-ffff-ffff0000001c/displayed &amp#27;[39m&amp#27;[32m200&amp#27;[39m &amp#27;[90m1148 ms - 14&amp#27;[39m &amp#27;[90m&amp#27;[39m
&amp#27;[38;5;28m[db6b4107]&amp#27;[0m&amp#27;[38;5;86m[HTTP]&amp#27;[0m &amp#27;[37m-->&amp#27;[39m &amp#27;[37mGET&amp#27;[39m &amp#27;[37m/session/db6b4107-373a-43b2-abe9-cd38c401d159/context&amp#27;[39m &amp#27;[90m{}&amp#27;[39m
&amp#27;[38;5;28m[db6b4107]&amp#27;[0m&amp#27;[38;5;-16m[AndroidUiautomator2Driver@bf67]&amp#27;[0m Calling AppiumDriver.getCurrentContext() with args: ["db6b4107-373a-43b2-abe9-cd38c401d159"]
&amp#27;[38;5;28m[db6b4107]&amp#27;[0m&amp#27;[38;5;-16m[AndroidUiautomator2Driver@bf67]&amp#27;[0m Responding to client with driver.getCurrentContext() result: "NATIVE_APP"
&amp#27;[38;5;28m[db6b4107]&amp#27;[0m&amp#27;[38;5;86m[HTTP]&amp#27;[0m &amp#27;[37m<-- GET /session/db6b4107-373a-43b2-abe9-cd38c401d159/context &amp#27;[39m&amp#27;[32m200&amp#27;[39m &amp#27;[90m1 ms - 22&amp#27;[39m &amp#27;[90m&amp#27;[39m
&amp#27;[38;5;28m[db6b4107]&amp#27;[0m&amp#27;[38;5;86m[HTTP]&amp#27;[0m &amp#27;[37m-->&amp#27;[39m &amp#27;[37mPOST&amp#27;[39m &amp#27;[37m/session/db6b4107-373a-43b2-abe9-cd38c401d159/element&amp#27;[39m &amp#27;[90m{"using":"id","value":"com.androidsample.generalstore:id/nameField"}&amp#27;[39m
&amp#27;[38;5;28m[db6b4107]&amp#27;[0m&amp#27;[38;5;-16m[AndroidUiautomator2Driver@bf67]&amp#27;[0m Calling AppiumDriver.findElement() with args: ["id","com.androidsample.generalstore:id/nameField","db6b4107-373a-43b2-abe9-cd38c401d159"]
&amp#27;[38;5;28m[db6b4107]&amp#27;[0m&amp#27;[38;5;-16m[AndroidUiautomator2Driver@bf67]&amp#27;[0m Valid locator strategies for this request: xpath, id, class name, accessibility id, css selector, -android uiautomator
&amp#27;[38;5;28m[db6b4107]&amp#27;[0m&amp#27;[38;5;-16m[AndroidUiautomator2Driver@bf67]&amp#27;[0m Waiting up to 0 ms for condition
&amp#27;[38;5;28m[db6b4107]&amp#27;[0m&amp#27;[38;5;-16m[AndroidUiautomator2Driver@bf67]&amp#27;[0m Matched '/element' to command name 'findElement'
&amp#27;[38;5;28m[db6b4107]&amp#27;[0m&amp#27;[38;5;-16m[AndroidUiautomator2Driver@bf67]&amp#27;[0m Proxying [POST /element] to [POST http://127.0.0.1:8201/session/080a24b7-c65b-4ab5-aaaf-4f9bbb040926/element] with body: {"strategy":"id","selector":"com.androidsample.generalstore:id/nameField","context":"","multiple":false}
&amp#27;[38;5;28m[db6b4107]&amp#27;[0m&amp#27;[38;5;-16m[AndroidUiautomator2Driver@bf67]&amp#27;[0m Got response with status 200: {"sessionId":"080a24b7-c65b-4ab5-aaaf-4f9bbb040926","value":{"ELEMENT":"00000000-0000-06d1-ffff-ffff0000001c","element-6066-11e4-a52e-4f735466cecf":"00000000-0000-06d1-ffff-ffff0000001c"}}
&amp#27;[38;5;28m[db6b4107]&amp#27;[0m&amp#27;[38;5;-16m[AndroidUiautomator2Driver@bf67]&amp#27;[0m Responding to client with driver.findElement() result: {"element-6066-11e4-a52e-4f735466cecf":"00000000-0000-06d1-ffff-ffff0000001c","ELEMENT":"00000000-0000-06d1-ffff-ffff0000001c"}
&amp#27;[38;5;28m[db6b4107]&amp#27;[0m&amp#27;[38;5;86m[HTTP]&amp#27;[0m &amp#27;[37m<-- POST /session/db6b4107-373a-43b2-abe9-cd38c401d159/element &amp#27;[39m&amp#27;[32m200&amp#27;[39m &amp#27;[90m37 ms - 137&amp#27;[39m &amp#27;[90m&amp#27;[39m
&amp#27;[38;5;28m[db6b4107]&amp#27;[0m&amp#27;[38;5;86m[HTTP]&amp#27;[0m &amp#27;[37m-->&amp#27;[39m &amp#27;[37mPOST&amp#27;[39m &amp#27;[37m/session/db6b4107-373a-43b2-abe9-cd38c401d159/element/00000000-0000-06d1-ffff-ffff0000001c/value&amp#27;[39m &amp#27;[90m{"value":["R","a","j"],"text":"Raj","id":"00000000-0000-06d1-ffff-ffff0000001c"}&amp#27;[39m
&amp#27;[38;5;28m[db6b4107]&amp#27;[0m&amp#27;[38;5;-16m[AndroidUiautomator2Driver@bf67]&amp#27;[0m Calling AppiumDriver.setValue() with args: [["R","a","j"],"00000000-0000-06d1-ffff-ffff0000001c","db6b4107-373a-43b2-abe9-cd38c401d159"]
&amp#27;[38;5;28m[db6b4107]&amp#27;[0m&amp#27;[38;5;-16m[AndroidUiautomator2Driver@bf67]&amp#27;[0m Matched '/element/00000000-0000-06d1-ffff-ffff0000001c/value' to command name 'setValue'
&amp#27;[38;5;28m[db6b4107]&amp#27;[0m&amp#27;[38;5;-16m[AndroidUiautomator2Driver@bf67]&amp#27;[0m Added 'value' property ["R","a","j"] to 'setValue' request body
&amp#27;[38;5;28m[db6b4107]&amp#27;[0m&amp#27;[38;5;-16m[AndroidUiautomator2Driver@bf67]&amp#27;[0m Proxying [POST /element/00000000-0000-06d1-ffff-ffff0000001c/value] to [POST http://127.0.0.1:8201/session/080a24b7-c65b-4ab5-aaaf-4f9bbb040926/element/00000000-0000-06d1-ffff-ffff0000001c/value] with body: {"elementId":"00000000-0000-06d1-ffff-ffff0000001c","text":"Raj","replace":false,"value":["R","a","j"]}
&amp#27;[38;5;28m[db6b4107]&amp#27;[0m&amp#27;[38;5;-16m[AndroidUiautomator2Driver@bf67]&amp#27;[0m Got response with status 200: {"sessionId":"080a24b7-c65b-4ab5-aaaf-4f9bbb040926","value":null}
&amp#27;[38;5;28m[db6b4107]&amp#27;[0m&amp#27;[38;5;-16m[AndroidUiautomator2Driver@bf67]&amp#27;[0m Responding to client with driver.setValue() result: null
&amp#27;[38;5;28m[db6b4107]&amp#27;[0m&amp#27;[38;5;86m[HTTP]&amp#27;[0m &amp#27;[37m<-- POST /session/db6b4107-373a-43b2-abe9-cd38c401d159/element/00000000-0000-06d1-ffff-ffff0000001c/value &amp#27;[39m&amp#27;[32m200&amp#27;[39m &amp#27;[90m557 ms - 14&amp#27;[39m &amp#27;[90m&amp#27;[39m
&amp#27;[38;5;28m[db6b4107]&amp#27;[0m&amp#27;[38;5;86m[HTTP]&amp#27;[0m &amp#27;[37m-->&amp#27;[39m &amp#27;[37mPOST&amp#27;[39m &amp#27;[37m/session/db6b4107-373a-43b2-abe9-cd38c401d159/execute/sync&amp#27;[39m &amp#27;[90m{"script":"mobile: hideKeyboard","args":[]}&amp#27;[39m
&amp#27;[38;5;28m[db6b4107]&amp#27;[0m&amp#27;[38;5;-16m[AndroidUiautomator2Driver@bf67]&amp#27;[0m Calling AppiumDriver.execute() with args: ["mobile: hideKeyboard",[],"db6b4107-373a-43b2-abe9-cd38c401d159"]
&amp#27;[38;5;28m[db6b4107]&amp#27;[0m&amp#27;[38;5;-16m[AndroidUiautomator2Driver@bf67]&amp#27;[0m Executing native command 'mobile: hideKeyboard'
&amp#27;[38;5;28m[db6b4107]&amp#27;[0m&amp#27;[38;5;229m[ADB]&amp#27;[0m Running 'C:\Users\User1\AppData\Local\Android\Sdk\platform-tools\adb.exe -P 5037 -s emulator-5554 shell dumpsys input_method'
&amp#27;[38;5;28m[db6b4107]&amp#27;[0m&amp#27;[38;5;229m[ADB]&amp#27;[0m Keyboard has no UI; no closing necessary
&amp#27;[38;5;28m[db6b4107]&amp#27;[0m&amp#27;[38;5;-16m[AndroidUiautomator2Driver@bf67]&amp#27;[0m Responding to client with driver.execute() result: false
&amp#27;[38;5;28m[db6b4107]&amp#27;[0m&amp#27;[38;5;86m[HTTP]&amp#27;[0m &amp#27;[37m<-- POST /session/db6b4107-373a-43b2-abe9-cd38c401d159/execute/sync &amp#27;[39m&amp#27;[32m200&amp#27;[39m &amp#27;[90m469 ms - 15&amp#27;[39m &amp#27;[90m&amp#27;[39m
&amp#27;[38;5;28m[db6b4107]&amp#27;[0m&amp#27;[38;5;86m[HTTP]&amp#27;[0m &amp#27;[37m-->&amp#27;[39m &amp#27;[37mGET&amp#27;[39m &amp#27;[37m/session/db6b4107-373a-43b2-abe9-cd38c401d159/context&amp#27;[39m &amp#27;[90m{}&amp#27;[39m
&amp#27;[38;5;28m[db6b4107]&amp#27;[0m&amp#27;[38;5;-16m[AndroidUiautomator2Driver@bf67]&amp#27;[0m Calling AppiumDriver.getCurrentContext() with args: ["db6b4107-373a-43b2-abe9-cd38c401d159"]
&amp#27;[38;5;28m[db6b4107]&amp#27;[0m&amp#27;[38;5;-16m[AndroidUiautomator2Driver@bf67]&amp#27;[0m Responding to client with driver.getCurrentContext() result: "NATIVE_APP"
&amp#27;[38;5;28m[db6b4107]&amp#27;[0m&amp#27;[38;5;86m[HTTP]&amp#27;[0m &amp#27;[37m<-- GET /session/db6b4107-373a-43b2-abe9-cd38c401d159/context &amp#27;[39m&amp#27;[32m200&amp#27;[39m &amp#27;[90m1 ms - 22&amp#27;[39m &amp#27;[90m&amp#27;[39m
&amp#27;[38;5;28m[db6b4107]&amp#27;[0m&amp#27;[38;5;86m[HTTP]&amp#27;[0m &amp#27;[37m-->&amp#27;[39m &amp#27;[37mPOST&amp#27;[39m &amp#27;[37m/session/db6b4107-373a-43b2-abe9-cd38c401d159/element&amp#27;[39m &amp#27;[90m{"using":"xpath","value":"//android.widget.RadioButton[@text='Male']"}&amp#27;[39m
&amp#27;[38;5;28m[db6b4107]&amp#27;[0m&amp#27;[38;5;-16m[AndroidUiautomator2Driver@bf67]&amp#27;[0m Calling AppiumDriver.findElement() with args: ["xpath","//android.widget.RadioButton[@text='Male']","db6b4107-373a-43b2-abe9-cd38c401d159"]
&amp#27;[38;5;28m[db6b4107]&amp#27;[0m&amp#27;[38;5;-16m[AndroidUiautomator2Driver@bf67]&amp#27;[0m Valid locator strategies for this request: xpath, id, class name, accessibility id, css selector, -android uiautomator
&amp#27;[38;5;28m[db6b4107]&amp#27;[0m&amp#27;[38;5;-16m[AndroidUiautomator2Driver@bf67]&amp#27;[0m Waiting up to 0 ms for condition
&amp#27;[38;5;28m[db6b4107]&amp#27;[0m&amp#27;[38;5;-16m[AndroidUiautomator2Driver@bf67]&amp#27;[0m Matched '/element' to command name 'findElement'
&amp#27;[38;5;28m[db6b4107]&amp#27;[0m&amp#27;[38;5;-16m[AndroidUiautomator2Driver@bf67]&amp#27;[0m Proxying [POST /element] to [POST http://127.0.0.1:8201/session/080a24b7-c65b-4ab5-aaaf-4f9bbb040926/element] with body: {"strategy":"xpath","selector":"//android.widget.RadioButton[@text='Male']","context":"","multiple":false}
&amp#27;[38;5;28m[db6b4107]&amp#27;[0m&amp#27;[38;5;-16m[AndroidUiautomator2Driver@bf67]&amp#27;[0m Got response with status 200: {"sessionId":"080a24b7-c65b-4ab5-aaaf-4f9bbb040926","value":{"ELEMENT":"00000000-0000-06d1-ffff-ffff0000001f","element-6066-11e4-a52e-4f735466cecf":"00000000-0000-06d1-ffff-ffff0000001f"}}
&amp#27;[38;5;28m[db6b4107]&amp#27;[0m&amp#27;[38;5;-16m[AndroidUiautomator2Driver@bf67]&amp#27;[0m Responding to client with driver.findElement() result: {"element-6066-11e4-a52e-4f735466cecf":"00000000-0000-06d1-ffff-ffff0000001f","ELEMENT":"00000000-0000-06d1-ffff-ffff0000001f"}
&amp#27;[38;5;28m[db6b4107]&amp#27;[0m&amp#27;[38;5;86m[HTTP]&amp#27;[0m &amp#27;[37m<-- POST /session/db6b4107-373a-43b2-abe9-cd38c401d159/element &amp#27;[39m&amp#27;[32m200&amp#27;[39m &amp#27;[90m1026 ms - 137&amp#27;[39m &amp#27;[90m&amp#27;[39m
&amp#27;[38;5;28m[db6b4107]&amp#27;[0m&amp#27;[38;5;86m[HTTP]&amp#27;[0m &amp#27;[37m-->&amp#27;[39m &amp#27;[37mPOST&amp#27;[39m &amp#27;[37m/session/db6b4107-373a-43b2-abe9-cd38c401d159/element/00000000-0000-06d1-ffff-ffff0000001f/click&amp#27;[39m &amp#27;[90m{"id":"00000000-0000-06d1-ffff-ffff0000001f"}&amp#27;[39m
&amp#27;[38;5;28m[db6b4107]&amp#27;[0m&amp#27;[38;5;-16m[AndroidUiautomator2Driver@bf67]&amp#27;[0m Calling AppiumDriver.click() with args: ["00000000-0000-06d1-ffff-ffff0000001f","db6b4107-373a-43b2-abe9-cd38c401d159"]
&amp#27;[38;5;28m[db6b4107]&amp#27;[0m&amp#27;[38;5;-16m[AndroidUiautomator2Driver@bf67]&amp#27;[0m Matched '/element/00000000-0000-06d1-ffff-ffff0000001f/click' to command name 'click'
&amp#27;[38;5;28m[db6b4107]&amp#27;[0m&amp#27;[38;5;-16m[AndroidUiautomator2Driver@bf67]&amp#27;[0m Proxying [POST /element/00000000-0000-06d1-ffff-ffff0000001f/click] to [POST http://127.0.0.1:8201/session/080a24b7-c65b-4ab5-aaaf-4f9bbb040926/element/00000000-0000-06d1-ffff-ffff0000001f/click] with body: {"element":"00000000-0000-06d1-ffff-ffff0000001f"}
&amp#27;[38;5;28m[db6b4107]&amp#27;[0m&amp#27;[38;5;-16m[AndroidUiautomator2Driver@bf67]&amp#27;[0m Got response with status 200: {"sessionId":"080a24b7-c65b-4ab5-aaaf-4f9bbb040926","value":null}
&amp#27;[38;5;28m[db6b4107]&amp#27;[0m&amp#27;[38;5;-16m[AndroidUiautomator2Driver@bf67]&amp#27;[0m Responding to client with driver.click() result: null
&amp#27;[38;5;28m[db6b4107]&amp#27;[0m&amp#27;[38;5;86m[HTTP]&amp#27;[0m &amp#27;[37m<-- POST /session/db6b4107-373a-43b2-abe9-cd38c401d159/element/00000000-0000-06d1-ffff-ffff0000001f/click &amp#27;[39m&amp#27;[32m200&amp#27;[39m &amp#27;[90m95 ms - 14&amp#27;[39m &amp#27;[90m&amp#27;[39m
&amp#27;[38;5;28m[db6b4107]&amp#27;[0m&amp#27;[38;5;86m[HTTP]&amp#27;[0m &amp#27;[37m-->&amp#27;[39m &amp#27;[37mGET&amp#27;[39m &amp#27;[37m/session/db6b4107-373a-43b2-abe9-cd38c401d159/context&amp#27;[39m &amp#27;[90m{}&amp#27;[39m
&amp#27;[38;5;28m[db6b4107]&amp#27;[0m&amp#27;[38;5;-16m[AndroidUiautomator2Driver@bf67]&amp#27;[0m Calling AppiumDriver.getCurrentContext() with args: ["db6b4107-373a-43b2-abe9-cd38c401d159"]
&amp#27;[38;5;28m[db6b4107]&amp#27;[0m&amp#27;[38;5;-16m[AndroidUiautomator2Driver@bf67]&amp#27;[0m Responding to client with driver.getCurrentContext() result: "NATIVE_APP"
&amp#27;[38;5;28m[db6b4107]&amp#27;[0m&amp#27;[38;5;86m[HTTP]&amp#27;[0m &amp#27;[37m<-- GET /session/db6b4107-373a-43b2-abe9-cd38c401d159/context &amp#27;[39m&amp#27;[32m200&amp#27;[39m &amp#27;[90m2 ms - 22&amp#27;[39m &amp#27;[90m&amp#27;[39m
&amp#27;[38;5;28m[db6b4107]&amp#27;[0m&amp#27;[38;5;86m[HTTP]&amp#27;[0m &amp#27;[37m-->&amp#27;[39m &amp#27;[37mPOST&amp#27;[39m &amp#27;[37m/session/db6b4107-373a-43b2-abe9-cd38c401d159/element&amp#27;[39m &amp#27;[90m{"using":"id","value":"android:id/text1"}&amp#27;[39m
&amp#27;[38;5;28m[db6b4107]&amp#27;[0m&amp#27;[38;5;-16m[AndroidUiautomator2Driver@bf67]&amp#27;[0m Calling AppiumDriver.findElement() with args: ["id","android:id/text1","db6b4107-373a-43b2-abe9-cd38c401d159"]
&amp#27;[38;5;28m[db6b4107]&amp#27;[0m&amp#27;[38;5;-16m[AndroidUiautomator2Driver@bf67]&amp#27;[0m Valid locator strategies for this request: xpath, id, class name, accessibility id, css selector, -android uiautomator
&amp#27;[38;5;28m[db6b4107]&amp#27;[0m&amp#27;[38;5;-16m[AndroidUiautomator2Driver@bf67]&amp#27;[0m Waiting up to 0 ms for condition
&amp#27;[38;5;28m[db6b4107]&amp#27;[0m&amp#27;[38;5;-16m[AndroidUiautomator2Driver@bf67]&amp#27;[0m Matched '/element' to command name 'findElement'
&amp#27;[38;5;28m[db6b4107]&amp#27;[0m&amp#27;[38;5;-16m[AndroidUiautomator2Driver@bf67]&amp#27;[0m Proxying [POST /element] to [POST http://127.0.0.1:8201/session/080a24b7-c65b-4ab5-aaaf-4f9bbb040926/element] with body: {"strategy":"id","selector":"android:id/text1","context":"","multiple":false}
&amp#27;[38;5;28m[db6b4107]&amp#27;[0m&amp#27;[38;5;-16m[AndroidUiautomator2Driver@bf67]&amp#27;[0m Got response with status 200: {"sessionId":"080a24b7-c65b-4ab5-aaaf-4f9bbb040926","value":{"ELEMENT":"00000000-0000-06d1-ffff-ffff00000024","element-6066-11e4-a52e-4f735466cecf":"00000000-0000-06d1-ffff-ffff00000024"}}
&amp#27;[38;5;28m[db6b4107]&amp#27;[0m&amp#27;[38;5;-16m[AndroidUiautomator2Driver@bf67]&amp#27;[0m Responding to client with driver.findElement() result: {"element-6066-11e4-a52e-4f735466cecf":"00000000-0000-06d1-ffff-ffff00000024","ELEMENT":"00000000-0000-06d1-ffff-ffff00000024"}
&amp#27;[38;5;28m[db6b4107]&amp#27;[0m&amp#27;[38;5;86m[HTTP]&amp#27;[0m &amp#27;[37m<-- POST /session/db6b4107-373a-43b2-abe9-cd38c401d159/element &amp#27;[39m&amp#27;[32m200&amp#27;[39m &amp#27;[90m161 ms - 137&amp#27;[39m &amp#27;[90m&amp#27;[39m
&amp#27;[38;5;28m[db6b4107]&amp#27;[0m&amp#27;[38;5;86m[HTTP]&amp#27;[0m &amp#27;[37m-->&amp#27;[39m &amp#27;[37mPOST&amp#27;[39m &amp#27;[37m/session/db6b4107-373a-43b2-abe9-cd38c401d159/element/00000000-0000-06d1-ffff-ffff00000024/click&amp#27;[39m &amp#27;[90m{"id":"00000000-0000-06d1-ffff-ffff00000024"}&amp#27;[39m
&amp#27;[38;5;28m[db6b4107]&amp#27;[0m&amp#27;[38;5;-16m[AndroidUiautomator2Driver@bf67]&amp#27;[0m Calling AppiumDriver.click() with args: ["00000000-0000-06d1-ffff-ffff00000024","db6b4107-373a-43b2-abe9-cd38c401d159"]
&amp#27;[38;5;28m[db6b4107]&amp#27;[0m&amp#27;[38;5;-16m[AndroidUiautomator2Driver@bf67]&amp#27;[0m Matched '/element/00000000-0000-06d1-ffff-ffff00000024/click' to command name 'click'
&amp#27;[38;5;28m[db6b4107]&amp#27;[0m&amp#27;[38;5;-16m[AndroidUiautomator2Driver@bf67]&amp#27;[0m Proxying [POST /element/00000000-0000-06d1-ffff-ffff00000024/click] to [POST http://127.0.0.1:8201/session/080a24b7-c65b-4ab5-aaaf-4f9bbb040926/element/00000000-0000-06d1-ffff-ffff00000024/click] with body: {"element":"00000000-0000-06d1-ffff-ffff00000024"}
&amp#27;[38;5;28m[db6b4107]&amp#27;[0m&amp#27;[38;5;-16m[AndroidUiautomator2Driver@bf67]&amp#27;[0m Got response with status 200: {"sessionId":"080a24b7-c65b-4ab5-aaaf-4f9bbb040926","value":null}
&amp#27;[38;5;28m[db6b4107]&amp#27;[0m&amp#27;[38;5;-16m[AndroidUiautomator2Driver@bf67]&amp#27;[0m Responding to client with driver.click() result: null
&amp#27;[38;5;28m[db6b4107]&amp#27;[0m&amp#27;[38;5;86m[HTTP]&amp#27;[0m &amp#27;[37m<-- POST /session/db6b4107-373a-43b2-abe9-cd38c401d159/element/00000000-0000-06d1-ffff-ffff00000024/click &amp#27;[39m&amp#27;[32m200&amp#27;[39m &amp#27;[90m370 ms - 14&amp#27;[39m &amp#27;[90m&amp#27;[39m
&amp#27;[38;5;28m[db6b4107]&amp#27;[0m&amp#27;[38;5;86m[HTTP]&amp#27;[0m &amp#27;[37m-->&amp#27;[39m &amp#27;[37mPOST&amp#27;[39m &amp#27;[37m/session/db6b4107-373a-43b2-abe9-cd38c401d159/element&amp#27;[39m &amp#27;[90m{"using":"-android uiautomator","value":"new UiScrollable(new UiSelector()).scrollIntoView(text(\"Austria\"));"}&amp#27;[39m
&amp#27;[38;5;28m[db6b4107]&amp#27;[0m&amp#27;[38;5;-16m[AndroidUiautomator2Driver@bf67]&amp#27;[0m Calling AppiumDriver.findElement() with args: ["-android uiautomator","new UiScrollable(new UiSelector()).scrollIntoView(text(\"Austria\"));","db6b4107-373a-43b2-abe9-cd38c401d159"]
&amp#27;[38;5;28m[db6b4107]&amp#27;[0m&amp#27;[38;5;-16m[AndroidUiautomator2Driver@bf67]&amp#27;[0m Valid locator strategies for this request: xpath, id, class name, accessibility id, css selector, -android uiautomator
&amp#27;[38;5;28m[db6b4107]&amp#27;[0m&amp#27;[38;5;-16m[AndroidUiautomator2Driver@bf67]&amp#27;[0m Waiting up to 0 ms for condition
&amp#27;[38;5;28m[db6b4107]&amp#27;[0m&amp#27;[38;5;-16m[AndroidUiautomator2Driver@bf67]&amp#27;[0m Matched '/element' to command name 'findElement'
&amp#27;[38;5;28m[db6b4107]&amp#27;[0m&amp#27;[38;5;-16m[AndroidUiautomator2Driver@bf67]&amp#27;[0m Proxying [POST /element] to [POST http://127.0.0.1:8201/session/080a24b7-c65b-4ab5-aaaf-4f9bbb040926/element] with body: {"strategy":"-android uiautomator","selector":"new UiScrollable(new UiSelector()).scrollIntoView(text(\"Austria\"));","context":"","multiple":false}
&amp#27;[38;5;28m[db6b4107]&amp#27;[0m&amp#27;[38;5;-16m[AndroidUiautomator2Driver@bf67]&amp#27;[0m Got response with status 200: {"sessionId":"080a24b7-c65b-4ab5-aaaf-4f9bbb040926","value":{"ELEMENT":"00000000-0000-06d2-ffff-ffff0000002c","element-6066-11e4-a52e-4f735466cecf":"00000000-0000-06d2-ffff-ffff0000002c"}}
&amp#27;[38;5;28m[db6b4107]&amp#27;[0m&amp#27;[38;5;-16m[AndroidUiautomator2Driver@bf67]&amp#27;[0m Responding to client with driver.findElement() result: {"element-6066-11e4-a52e-4f735466cecf":"00000000-0000-06d2-ffff-ffff0000002c","ELEMENT":"00000000-0000-06d2-ffff-ffff0000002c"}
&amp#27;[38;5;28m[db6b4107]&amp#27;[0m&amp#27;[38;5;86m[HTTP]&amp#27;[0m &amp#27;[37m<-- POST /session/db6b4107-373a-43b2-abe9-cd38c401d159/element &amp#27;[39m&amp#27;[32m200&amp#27;[39m &amp#27;[90m5336 ms - 137&amp#27;[39m &amp#27;[90m&amp#27;[39m
&amp#27;[38;5;28m[db6b4107]&amp#27;[0m&amp#27;[38;5;86m[HTTP]&amp#27;[0m &amp#27;[37m-->&amp#27;[39m &amp#27;[37mPOST&amp#27;[39m &amp#27;[37m/session/db6b4107-373a-43b2-abe9-cd38c401d159/element&amp#27;[39m &amp#27;[90m{"using":"xpath","value":"//android.widget.TextView[@text='Austria']"}&amp#27;[39m
&amp#27;[38;5;28m[db6b4107]&amp#27;[0m&amp#27;[38;5;-16m[AndroidUiautomator2Driver@bf67]&amp#27;[0m Calling AppiumDriver.findElement() with args: ["xpath","//android.widget.TextView[@text='Austria']","db6b4107-373a-43b2-abe9-cd38c401d159"]
&amp#27;[38;5;28m[db6b4107]&amp#27;[0m&amp#27;[38;5;-16m[AndroidUiautomator2Driver@bf67]&amp#27;[0m Valid locator strategies for this request: xpath, id, class name, accessibility id, css selector, -android uiautomator
&amp#27;[38;5;28m[db6b4107]&amp#27;[0m&amp#27;[38;5;-16m[AndroidUiautomator2Driver@bf67]&amp#27;[0m Waiting up to 0 ms for condition
&amp#27;[38;5;28m[db6b4107]&amp#27;[0m&amp#27;[38;5;-16m[AndroidUiautomator2Driver@bf67]&amp#27;[0m Matched '/element' to command name 'findElement'
&amp#27;[38;5;28m[db6b4107]&amp#27;[0m&amp#27;[38;5;-16m[AndroidUiautomator2Driver@bf67]&amp#27;[0m Proxying [POST /element] to [POST http://127.0.0.1:8201/session/080a24b7-c65b-4ab5-aaaf-4f9bbb040926/element] with body: {"strategy":"xpath","selector":"//android.widget.TextView[@text='Austria']","context":"","multiple":false}
&amp#27;[38;5;28m[db6b4107]&amp#27;[0m&amp#27;[38;5;-16m[AndroidUiautomator2Driver@bf67]&amp#27;[0m Got response with status 200: {"sessionId":"080a24b7-c65b-4ab5-aaaf-4f9bbb040926","value":{"ELEMENT":"00000000-0000-06d2-ffff-ffff0000002c","element-6066-11e4-a52e-4f735466cecf":"00000000-0000-06d2-ffff-ffff0000002c"}}
&amp#27;[38;5;28m[db6b4107]&amp#27;[0m&amp#27;[38;5;-16m[AndroidUiautomator2Driver@bf67]&amp#27;[0m Responding to client with driver.findElement() result: {"element-6066-11e4-a52e-4f735466cecf":"00000000-0000-06d2-ffff-ffff0000002c","ELEMENT":"00000000-0000-06d2-ffff-ffff0000002c"}
&amp#27;[38;5;28m[db6b4107]&amp#27;[0m&amp#27;[38;5;86m[HTTP]&amp#27;[0m &amp#27;[37m<-- POST /session/db6b4107-373a-43b2-abe9-cd38c401d159/element &amp#27;[39m&amp#27;[32m200&amp#27;[39m &amp#27;[90m89 ms - 137&amp#27;[39m &amp#27;[90m&amp#27;[39m
&amp#27;[38;5;28m[db6b4107]&amp#27;[0m&amp#27;[38;5;86m[HTTP]&amp#27;[0m &amp#27;[37m-->&amp#27;[39m &amp#27;[37mPOST&amp#27;[39m &amp#27;[37m/session/db6b4107-373a-43b2-abe9-cd38c401d159/element/00000000-0000-06d2-ffff-ffff0000002c/click&amp#27;[39m &amp#27;[90m{"id":"00000000-0000-06d2-ffff-ffff0000002c"}&amp#27;[39m
&amp#27;[38;5;28m[db6b4107]&amp#27;[0m&amp#27;[38;5;-16m[AndroidUiautomator2Driver@bf67]&amp#27;[0m Calling AppiumDriver.click() with args: ["00000000-0000-06d2-ffff-ffff0000002c","db6b4107-373a-43b2-abe9-cd38c401d159"]
&amp#27;[38;5;28m[db6b4107]&amp#27;[0m&amp#27;[38;5;-16m[AndroidUiautomator2Driver@bf67]&amp#27;[0m Matched '/element/00000000-0000-06d2-ffff-ffff0000002c/click' to command name 'click'
&amp#27;[38;5;28m[db6b4107]&amp#27;[0m&amp#27;[38;5;-16m[AndroidUiautomator2Driver@bf67]&amp#27;[0m Proxying [POST /element/00000000-0000-06d2-ffff-ffff0000002c/click] to [POST http://127.0.0.1:8201/session/080a24b7-c65b-4ab5-aaaf-4f9bbb040926/element/00000000-0000-06d2-ffff-ffff0000002c/click] with body: {"element":"00000000-0000-06d2-ffff-ffff0000002c"}
&amp#27;[38;5;28m[db6b4107]&amp#27;[0m&amp#27;[38;5;-16m[AndroidUiautomator2Driver@bf67]&amp#27;[0m Got response with status 200: {"sessionId":"080a24b7-c65b-4ab5-aaaf-4f9bbb040926","value":null}
&amp#27;[38;5;28m[db6b4107]&amp#27;[0m&amp#27;[38;5;-16m[AndroidUiautomator2Driver@bf67]&amp#27;[0m Responding to client with driver.click() result: null
&amp#27;[38;5;28m[db6b4107]&amp#27;[0m&amp#27;[38;5;86m[HTTP]&amp#27;[0m &amp#27;[37m<-- POST /session/db6b4107-373a-43b2-abe9-cd38c401d159/element/00000000-0000-06d2-ffff-ffff0000002c/click &amp#27;[39m&amp#27;[32m200&amp#27;[39m &amp#27;[90m804 ms - 14&amp#27;[39m &amp#27;[90m&amp#27;[39m
&amp#27;[38;5;28m[db6b4107]&amp#27;[0m&amp#27;[38;5;86m[HTTP]&amp#27;[0m &amp#27;[37m-->&amp#27;[39m &amp#27;[37mGET&amp#27;[39m &amp#27;[37m/session/db6b4107-373a-43b2-abe9-cd38c401d159/context&amp#27;[39m &amp#27;[90m{}&amp#27;[39m
&amp#27;[38;5;28m[db6b4107]&amp#27;[0m&amp#27;[38;5;-16m[AndroidUiautomator2Driver@bf67]&amp#27;[0m Calling AppiumDriver.getCurrentContext() with args: ["db6b4107-373a-43b2-abe9-cd38c401d159"]
&amp#27;[38;5;28m[db6b4107]&amp#27;[0m&amp#27;[38;5;-16m[AndroidUiautomator2Driver@bf67]&amp#27;[0m Responding to client with driver.getCurrentContext() result: "NATIVE_APP"
&amp#27;[38;5;28m[db6b4107]&amp#27;[0m&amp#27;[38;5;86m[HTTP]&amp#27;[0m &amp#27;[37m<-- GET /session/db6b4107-373a-43b2-abe9-cd38c401d159/context &amp#27;[39m&amp#27;[32m200&amp#27;[39m &amp#27;[90m2 ms - 22&amp#27;[39m &amp#27;[90m&amp#27;[39m
&amp#27;[38;5;28m[db6b4107]&amp#27;[0m&amp#27;[38;5;86m[HTTP]&amp#27;[0m &amp#27;[37m-->&amp#27;[39m &amp#27;[37mPOST&amp#27;[39m &amp#27;[37m/session/db6b4107-373a-43b2-abe9-cd38c401d159/element&amp#27;[39m &amp#27;[90m{"using":"id","value":"com.androidsample.generalstore:id/btnLetsShop"}&amp#27;[39m
&amp#27;[38;5;28m[db6b4107]&amp#27;[0m&amp#27;[38;5;-16m[AndroidUiautomator2Driver@bf67]&amp#27;[0m Calling AppiumDriver.findElement() with args: ["id","com.androidsample.generalstore:id/btnLetsShop","db6b4107-373a-43b2-abe9-cd38c401d159"]
&amp#27;[38;5;28m[db6b4107]&amp#27;[0m&amp#27;[38;5;-16m[AndroidUiautomator2Driver@bf67]&amp#27;[0m Valid locator strategies for this request: xpath, id, class name, accessibility id, css selector, -android uiautomator
&amp#27;[38;5;28m[db6b4107]&amp#27;[0m&amp#27;[38;5;-16m[AndroidUiautomator2Driver@bf67]&amp#27;[0m Waiting up to 0 ms for condition
&amp#27;[38;5;28m[db6b4107]&amp#27;[0m&amp#27;[38;5;-16m[AndroidUiautomator2Driver@bf67]&amp#27;[0m Matched '/element' to command name 'findElement'
&amp#27;[38;5;28m[db6b4107]&amp#27;[0m&amp#27;[38;5;-16m[AndroidUiautomator2Driver@bf67]&amp#27;[0m Proxying [POST /element] to [POST http://127.0.0.1:8201/session/080a24b7-c65b-4ab5-aaaf-4f9bbb040926/element] with body: {"strategy":"id","selector":"com.androidsample.generalstore:id/btnLetsShop","context":"","multiple":false}
&amp#27;[38;5;28m[db6b4107]&amp#27;[0m&amp#27;[38;5;-16m[AndroidUiautomator2Driver@bf67]&amp#27;[0m Got response with status 200: {"sessionId":"080a24b7-c65b-4ab5-aaaf-4f9bbb040926","value":{"ELEMENT":"00000000-0000-06d1-ffff-ffff00000021","element-6066-11e4-a52e-4f735466cecf":"00000000-0000-06d1-ffff-ffff00000021"}}
&amp#27;[38;5;28m[db6b4107]&amp#27;[0m&amp#27;[38;5;-16m[AndroidUiautomator2Driver@bf67]&amp#27;[0m Responding to client with driver.findElement() result: {"element-6066-11e4-a52e-4f735466cecf":"00000000-0000-06d1-ffff-ffff00000021","ELEMENT":"00000000-0000-06d1-ffff-ffff00000021"}
&amp#27;[38;5;28m[db6b4107]&amp#27;[0m&amp#27;[38;5;86m[HTTP]&amp#27;[0m &amp#27;[37m<-- POST /session/db6b4107-373a-43b2-abe9-cd38c401d159/element &amp#27;[39m&amp#27;[32m200&amp#27;[39m &amp#27;[90m47 ms - 137&amp#27;[39m &amp#27;[90m&amp#27;[39m
&amp#27;[38;5;28m[db6b4107]&amp#27;[0m&amp#27;[38;5;86m[HTTP]&amp#27;[0m &amp#27;[37m-->&amp#27;[39m &amp#27;[37mPOST&amp#27;[39m &amp#27;[37m/session/db6b4107-373a-43b2-abe9-cd38c401d159/element/00000000-0000-06d1-ffff-ffff00000021/click&amp#27;[39m &amp#27;[90m{"id":"00000000-0000-06d1-ffff-ffff00000021"}&amp#27;[39m
&amp#27;[38;5;28m[db6b4107]&amp#27;[0m&amp#27;[38;5;-16m[AndroidUiautomator2Driver@bf67]&amp#27;[0m Calling AppiumDriver.click() with args: ["00000000-0000-06d1-ffff-ffff00000021","db6b4107-373a-43b2-abe9-cd38c401d159"]
&amp#27;[38;5;28m[db6b4107]&amp#27;[0m&amp#27;[38;5;-16m[AndroidUiautomator2Driver@bf67]&amp#27;[0m Matched '/element/00000000-0000-06d1-ffff-ffff00000021/click' to command name 'click'
&amp#27;[38;5;28m[db6b4107]&amp#27;[0m&amp#27;[38;5;-16m[AndroidUiautomator2Driver@bf67]&amp#27;[0m Proxying [POST /element/00000000-0000-06d1-ffff-ffff00000021/click] to [POST http://127.0.0.1:8201/session/080a24b7-c65b-4ab5-aaaf-4f9bbb040926/element/00000000-0000-06d1-ffff-ffff00000021/click] with body: {"element":"00000000-0000-06d1-ffff-ffff00000021"}
&amp#27;[38;5;28m[db6b4107]&amp#27;[0m&amp#27;[38;5;-16m[AndroidUiautomator2Driver@bf67]&amp#27;[0m Got response with status 200: {"sessionId":"080a24b7-c65b-4ab5-aaaf-4f9bbb040926","value":null}
&amp#27;[38;5;28m[db6b4107]&amp#27;[0m&amp#27;[38;5;-16m[AndroidUiautomator2Driver@bf67]&amp#27;[0m Responding to client with driver.click() result: null
&amp#27;[38;5;28m[db6b4107]&amp#27;[0m&amp#27;[38;5;86m[HTTP]&amp#27;[0m &amp#27;[37m<-- POST /session/db6b4107-373a-43b2-abe9-cd38c401d159/element/00000000-0000-06d1-ffff-ffff00000021/click &amp#27;[39m&amp#27;[32m200&amp#27;[39m &amp#27;[90m84 ms - 14&amp#27;[39m &amp#27;[90m&amp#27;[39m
&amp#27;[38;5;28m[db6b4107]&amp#27;[0m&amp#27;[38;5;86m[HTTP]&amp#27;[0m &amp#27;[37m-->&amp#27;[39m &amp#27;[37mGET&amp#27;[39m &amp#27;[37m/session/db6b4107-373a-43b2-abe9-cd38c401d159/context&amp#27;[39m &amp#27;[90m{}&amp#27;[39m
&amp#27;[38;5;28m[db6b4107]&amp#27;[0m&amp#27;[38;5;-16m[AndroidUiautomator2Driver@bf67]&amp#27;[0m Calling AppiumDriver.getCurrentContext() with args: ["db6b4107-373a-43b2-abe9-cd38c401d159"]
&amp#27;[38;5;28m[db6b4107]&amp#27;[0m&amp#27;[38;5;-16m[AndroidUiautomator2Driver@bf67]&amp#27;[0m Responding to client with driver.getCurrentContext() result: "NATIVE_APP"
&amp#27;[38;5;28m[db6b4107]&amp#27;[0m&amp#27;[38;5;86m[HTTP]&amp#27;[0m &amp#27;[37m<-- GET /session/db6b4107-373a-43b2-abe9-cd38c401d159/context &amp#27;[39m&amp#27;[32m200&amp#27;[39m &amp#27;[90m1 ms - 22&amp#27;[39m &amp#27;[90m&amp#27;[39m
&amp#27;[38;5;28m[db6b4107]&amp#27;[0m&amp#27;[38;5;86m[HTTP]&amp#27;[0m &amp#27;[37m-->&amp#27;[39m &amp#27;[37mPOST&amp#27;[39m &amp#27;[37m/session/db6b4107-373a-43b2-abe9-cd38c401d159/elements&amp#27;[39m &amp#27;[90m{"using":"xpath","value":"//android.widget.TextView[@text='ADD TO CART']"}&amp#27;[39m
&amp#27;[38;5;28m[db6b4107]&amp#27;[0m&amp#27;[38;5;-16m[AndroidUiautomator2Driver@bf67]&amp#27;[0m Calling AppiumDriver.findElements() with args: ["xpath","//android.widget.TextView[@text='ADD TO CART']","db6b4107-373a-43b2-abe9-cd38c401d159"]
&amp#27;[38;5;28m[db6b4107]&amp#27;[0m&amp#27;[38;5;-16m[AndroidUiautomator2Driver@bf67]&amp#27;[0m Valid locator strategies for this request: xpath, id, class name, accessibility id, css selector, -android uiautomator
&amp#27;[38;5;28m[db6b4107]&amp#27;[0m&amp#27;[38;5;-16m[AndroidUiautomator2Driver@bf67]&amp#27;[0m Waiting up to 0 ms for condition
&amp#27;[38;5;28m[db6b4107]&amp#27;[0m&amp#27;[38;5;-16m[AndroidUiautomator2Driver@bf67]&amp#27;[0m Matched '/elements' to command name 'findElements'
&amp#27;[38;5;28m[db6b4107]&amp#27;[0m&amp#27;[38;5;-16m[AndroidUiautomator2Driver@bf67]&amp#27;[0m Proxying [POST /elements] to [POST http://127.0.0.1:8201/session/080a24b7-c65b-4ab5-aaaf-4f9bbb040926/elements] with body: {"strategy":"xpath","selector":"//android.widget.TextView[@text='ADD TO CART']","context":"","multiple":true}
&amp#27;[38;5;28m[db6b4107]&amp#27;[0m&amp#27;[38;5;-16m[AndroidUiautomator2Driver@bf67]&amp#27;[0m Got response with status 200: {"sessionId":"080a24b7-c65b-4ab5-aaaf-4f9bbb040926","value":[]}
&amp#27;[38;5;28m[db6b4107]&amp#27;[0m&amp#27;[38;5;-16m[AndroidUiautomator2Driver@bf67]&amp#27;[0m Responding to client with driver.findElements() result: []
&amp#27;[38;5;28m[db6b4107]&amp#27;[0m&amp#27;[38;5;86m[HTTP]&amp#27;[0m &amp#27;[37m<-- POST /session/db6b4107-373a-43b2-abe9-cd38c401d159/elements &amp#27;[39m&amp#27;[32m200&amp#27;[39m &amp#27;[90m773 ms - 12&amp#27;[39m &amp#27;[90m&amp#27;[39m
&amp#27;[38;5;28m[db6b4107]&amp#27;[0m&amp#27;[38;5;86m[HTTP]&amp#27;[0m &amp#27;[37m-->&amp#27;[39m &amp#27;[37mGET&amp#27;[39m &amp#27;[37m/session/db6b4107-373a-43b2-abe9-cd38c401d159/context&amp#27;[39m &amp#27;[90m{}&amp#27;[39m
&amp#27;[38;5;28m[db6b4107]&amp#27;[0m&amp#27;[38;5;-16m[AndroidUiautomator2Driver@bf67]&amp#27;[0m Calling AppiumDriver.getCurrentContext() with args: ["db6b4107-373a-43b2-abe9-cd38c401d159"]
&amp#27;[38;5;28m[db6b4107]&amp#27;[0m&amp#27;[38;5;-16m[AndroidUiautomator2Driver@bf67]&amp#27;[0m Responding to client with driver.getCurrentContext() result: "NATIVE_APP"
&amp#27;[38;5;28m[db6b4107]&amp#27;[0m&amp#27;[38;5;86m[HTTP]&amp#27;[0m &amp#27;[37m<-- GET /session/db6b4107-373a-43b2-abe9-cd38c401d159/context &amp#27;[39m&amp#27;[32m200&amp#27;[39m &amp#27;[90m2 ms - 22&amp#27;[39m &amp#27;[90m&amp#27;[39m
&amp#27;[38;5;28m[db6b4107]&amp#27;[0m&amp#27;[38;5;86m[HTTP]&amp#27;[0m &amp#27;[37m-->&amp#27;[39m &amp#27;[37mPOST&amp#27;[39m &amp#27;[37m/session/db6b4107-373a-43b2-abe9-cd38c401d159/elements&amp#27;[39m &amp#27;[90m{"using":"xpath","value":"//android.widget.TextView[@text='ADD TO CART']"}&amp#27;[39m
&amp#27;[38;5;28m[db6b4107]&amp#27;[0m&amp#27;[38;5;-16m[AndroidUiautomator2Driver@bf67]&amp#27;[0m Calling AppiumDriver.findElements() with args: ["xpath","//android.widget.TextView[@text='ADD TO CART']","db6b4107-373a-43b2-abe9-cd38c401d159"]
&amp#27;[38;5;28m[db6b4107]&amp#27;[0m&amp#27;[38;5;-16m[AndroidUiautomator2Driver@bf67]&amp#27;[0m Valid locator strategies for this request: xpath, id, class name, accessibility id, css selector, -android uiautomator
&amp#27;[38;5;28m[db6b4107]&amp#27;[0m&amp#27;[38;5;-16m[AndroidUiautomator2Driver@bf67]&amp#27;[0m Waiting up to 0 ms for condition
&amp#27;[38;5;28m[db6b4107]&amp#27;[0m&amp#27;[38;5;-16m[AndroidUiautomator2Driver@bf67]&amp#27;[0m Matched '/elements' to command name 'findElements'
&amp#27;[38;5;28m[db6b4107]&amp#27;[0m&amp#27;[38;5;-16m[AndroidUiautomator2Driver@bf67]&amp#27;[0m Proxying [POST /elements] to [POST http://127.0.0.1:8201/session/080a24b7-c65b-4ab5-aaaf-4f9bbb040926/elements] with body: {"strategy":"xpath","selector":"//android.widget.TextView[@text='ADD TO CART']","context":"","multiple":true}
&amp#27;[38;5;28m[db6b4107]&amp#27;[0m&amp#27;[38;5;-16m[AndroidUiautomator2Driver@bf67]&amp#27;[0m Got response with status 200: {"sessionId":"080a24b7-c65b-4ab5-aaaf-4f9bbb040926","value":[{"ELEMENT":"00000000-0000-06d3-ffff-ffff00000051","element-6066-11e4-a52e-4f735466cecf":"00000000-0000-06d3-ffff-ffff00000051"},{"ELEMENT":"00000000-0000-06d3-ffff-ffff00000059","element-6066-11e4-a52e-4f735466cecf":"00000000-0000-06d3-ffff-ffff00000059"}]}
&amp#27;[38;5;28m[db6b4107]&amp#27;[0m&amp#27;[38;5;-16m[AndroidUiautomator2Driver@bf67]&amp#27;[0m Responding to client with driver.findElements() result: [{"element-6066-11e4-a52e-4f735466cecf":"00000000-0000-06d3-ffff-ffff00000051","ELEMENT":"00000000-0000-06d3-ffff-ffff00000051"},{"element-6066-11e4-a52e-4f735466cecf":"00000000-0000-06d3-ffff-ffff00000059","ELEMENT":"00000000-0000-06d3-ffff-ffff00000059"}]
&amp#27;[38;5;28m[db6b4107]&amp#27;[0m&amp#27;[38;5;86m[HTTP]&amp#27;[0m &amp#27;[37m<-- POST /session/db6b4107-373a-43b2-abe9-cd38c401d159/elements &amp#27;[39m&amp#27;[32m200&amp#27;[39m &amp#27;[90m819 ms - 267&amp#27;[39m &amp#27;[90m&amp#27;[39m
&amp#27;[38;5;28m[db6b4107]&amp#27;[0m&amp#27;[38;5;86m[HTTP]&amp#27;[0m &amp#27;[37m-->&amp#27;[39m &amp#27;[37mGET&amp#27;[39m &amp#27;[37m/session/db6b4107-373a-43b2-abe9-cd38c401d159/context&amp#27;[39m &amp#27;[90m{}&amp#27;[39m
&amp#27;[38;5;28m[db6b4107]&amp#27;[0m&amp#27;[38;5;-16m[AndroidUiautomator2Driver@bf67]&amp#27;[0m Calling AppiumDriver.getCurrentContext() with args: ["db6b4107-373a-43b2-abe9-cd38c401d159"]
&amp#27;[38;5;28m[db6b4107]&amp#27;[0m&amp#27;[38;5;-16m[AndroidUiautomator2Driver@bf67]&amp#27;[0m Responding to client with driver.getCurrentContext() result: "NATIVE_APP"
&amp#27;[38;5;28m[db6b4107]&amp#27;[0m&amp#27;[38;5;86m[HTTP]&amp#27;[0m &amp#27;[37m<-- GET /session/db6b4107-373a-43b2-abe9-cd38c401d159/context &amp#27;[39m&amp#27;[32m200&amp#27;[39m &amp#27;[90m1 ms - 22&amp#27;[39m &amp#27;[90m&amp#27;[39m
&amp#27;[38;5;28m[db6b4107]&amp#27;[0m&amp#27;[38;5;86m[HTTP]&amp#27;[0m &amp#27;[37m-->&amp#27;[39m &amp#27;[37mPOST&amp#27;[39m &amp#27;[37m/session/db6b4107-373a-43b2-abe9-cd38c401d159/elements&amp#27;[39m &amp#27;[90m{"using":"xpath","value":"//android.widget.TextView[@text='ADD TO CART']"}&amp#27;[39m
&amp#27;[38;5;28m[db6b4107]&amp#27;[0m&amp#27;[38;5;-16m[AndroidUiautomator2Driver@bf67]&amp#27;[0m Calling AppiumDriver.findElements() with args: ["xpath","//android.widget.TextView[@text='ADD TO CART']","db6b4107-373a-43b2-abe9-cd38c401d159"]
&amp#27;[38;5;28m[db6b4107]&amp#27;[0m&amp#27;[38;5;-16m[AndroidUiautomator2Driver@bf67]&amp#27;[0m Valid locator strategies for this request: xpath, id, class name, accessibility id, css selector, -android uiautomator
&amp#27;[38;5;28m[db6b4107]&amp#27;[0m&amp#27;[38;5;-16m[AndroidUiautomator2Driver@bf67]&amp#27;[0m Waiting up to 0 ms for condition
&amp#27;[38;5;28m[db6b4107]&amp#27;[0m&amp#27;[38;5;-16m[AndroidUiautomator2Driver@bf67]&amp#27;[0m Matched '/elements' to command name 'findElements'
&amp#27;[38;5;28m[db6b4107]&amp#27;[0m&amp#27;[38;5;-16m[AndroidUiautomator2Driver@bf67]&amp#27;[0m Proxying [POST /elements] to [POST http://127.0.0.1:8201/session/080a24b7-c65b-4ab5-aaaf-4f9bbb040926/elements] with body: {"strategy":"xpath","selector":"//android.widget.TextView[@text='ADD TO CART']","context":"","multiple":true}
&amp#27;[38;5;28m[db6b4107]&amp#27;[0m&amp#27;[38;5;-16m[AndroidUiautomator2Driver@bf67]&amp#27;[0m Got response with status 200: {"sessionId":"080a24b7-c65b-4ab5-aaaf-4f9bbb040926","value":[{"ELEMENT":"00000000-0000-06d3-ffff-ffff00000051","element-6066-11e4-a52e-4f735466cecf":"00000000-0000-06d3-ffff-ffff00000051"},{"ELEMENT":"00000000-0000-06d3-ffff-ffff00000059","element-6066-11e4-a52e-4f735466cecf":"00000000-0000-06d3-ffff-ffff00000059"}]}
&amp#27;[38;5;28m[db6b4107]&amp#27;[0m&amp#27;[38;5;-16m[AndroidUiautomator2Driver@bf67]&amp#27;[0m Responding to client with driver.findElements() result: [{"element-6066-11e4-a52e-4f735466cecf":"00000000-0000-06d3-ffff-ffff00000051","ELEMENT":"00000000-0000-06d3-ffff-ffff00000051"},{"element-6066-11e4-a52e-4f735466cecf":"00000000-0000-06d3-ffff-ffff00000059","ELEMENT":"00000000-0000-06d3-ffff-ffff00000059"}]
&amp#27;[38;5;28m[db6b4107]&amp#27;[0m&amp#27;[38;5;86m[HTTP]&amp#27;[0m &amp#27;[37m<-- POST /session/db6b4107-373a-43b2-abe9-cd38c401d159/elements &amp#27;[39m&amp#27;[32m200&amp#27;[39m &amp#27;[90m94 ms - 267&amp#27;[39m &amp#27;[90m&amp#27;[39m
&amp#27;[38;5;28m[db6b4107]&amp#27;[0m&amp#27;[38;5;86m[HTTP]&amp#27;[0m &amp#27;[37m-->&amp#27;[39m &amp#27;[37mGET&amp#27;[39m &amp#27;[37m/session/db6b4107-373a-43b2-abe9-cd38c401d159/element/00000000-0000-06d3-ffff-ffff00000051/displayed&amp#27;[39m &amp#27;[90m{}&amp#27;[39m
&amp#27;[38;5;28m[db6b4107]&amp#27;[0m&amp#27;[38;5;-16m[AndroidUiautomator2Driver@bf67]&amp#27;[0m Calling AppiumDriver.elementDisplayed() with args: ["00000000-0000-06d3-ffff-ffff00000051","db6b4107-373a-43b2-abe9-cd38c401d159"]
&amp#27;[38;5;28m[db6b4107]&amp#27;[0m&amp#27;[38;5;-16m[AndroidUiautomator2Driver@bf67]&amp#27;[0m Matched '/element/00000000-0000-06d3-ffff-ffff00000051/attribute/displayed' to command name 'getAttribute'
&amp#27;[38;5;28m[db6b4107]&amp#27;[0m&amp#27;[38;5;-16m[AndroidUiautomator2Driver@bf67]&amp#27;[0m Proxying [GET /element/00000000-0000-06d3-ffff-ffff00000051/attribute/displayed] to [GET http://127.0.0.1:8201/session/080a24b7-c65b-4ab5-aaaf-4f9bbb040926/element/00000000-0000-06d3-ffff-ffff00000051/attribute/displayed] with no body
&amp#27;[38;5;28m[db6b4107]&amp#27;[0m&amp#27;[38;5;-16m[AndroidUiautomator2Driver@bf67]&amp#27;[0m Got response with status 200: {"sessionId":"080a24b7-c65b-4ab5-aaaf-4f9bbb040926","value":"true"}
&amp#27;[38;5;28m[db6b4107]&amp#27;[0m&amp#27;[38;5;-16m[AndroidUiautomator2Driver@bf67]&amp#27;[0m Responding to client with driver.elementDisplayed() result: true
&amp#27;[38;5;28m[db6b4107]&amp#27;[0m&amp#27;[38;5;86m[HTTP]&amp#27;[0m &amp#27;[37m<-- GET /session/db6b4107-373a-43b2-abe9-cd38c401d159/element/00000000-0000-06d3-ffff-ffff00000051/displayed &amp#27;[39m&amp#27;[32m200&amp#27;[39m &amp#27;[90m16 ms - 14&amp#27;[39m &amp#27;[90m&amp#27;[39m
&amp#27;[38;5;28m[db6b4107]&amp#27;[0m&amp#27;[38;5;86m[HTTP]&amp#27;[0m &amp#27;[37m-->&amp#27;[39m &amp#27;[37mPOST&amp#27;[39m &amp#27;[37m/session/db6b4107-373a-43b2-abe9-cd38c401d159/element/00000000-0000-06d3-ffff-ffff00000051/click&amp#27;[39m &amp#27;[90m{"id":"00000000-0000-06d3-ffff-ffff00000051"}&amp#27;[39m
&amp#27;[38;5;28m[db6b4107]&amp#27;[0m&amp#27;[38;5;-16m[AndroidUiautomator2Driver@bf67]&amp#27;[0m Calling AppiumDriver.click() with args: ["00000000-0000-06d3-ffff-ffff00000051","db6b4107-373a-43b2-abe9-cd38c401d159"]
&amp#27;[38;5;28m[db6b4107]&amp#27;[0m&amp#27;[38;5;-16m[AndroidUiautomator2Driver@bf67]&amp#27;[0m Matched '/element/00000000-0000-06d3-ffff-ffff00000051/click' to command name 'click'
&amp#27;[38;5;28m[db6b4107]&amp#27;[0m&amp#27;[38;5;-16m[AndroidUiautomator2Driver@bf67]&amp#27;[0m Proxying [POST /element/00000000-0000-06d3-ffff-ffff00000051/click] to [POST http://127.0.0.1:8201/session/080a24b7-c65b-4ab5-aaaf-4f9bbb040926/element/00000000-0000-06d3-ffff-ffff00000051/click] with body: {"element":"00000000-0000-06d3-ffff-ffff00000051"}
&amp#27;[38;5;28m[db6b4107]&amp#27;[0m&amp#27;[38;5;-16m[AndroidUiautomator2Driver@bf67]&amp#27;[0m Got response with status 200: {"sessionId":"080a24b7-c65b-4ab5-aaaf-4f9bbb040926","value":null}
&amp#27;[38;5;28m[db6b4107]&amp#27;[0m&amp#27;[38;5;-16m[AndroidUiautomator2Driver@bf67]&amp#27;[0m Responding to client with driver.click() result: null
&amp#27;[38;5;28m[db6b4107]&amp#27;[0m&amp#27;[38;5;86m[HTTP]&amp#27;[0m &amp#27;[37m<-- POST /session/db6b4107-373a-43b2-abe9-cd38c401d159/element/00000000-0000-06d3-ffff-ffff00000051/click &amp#27;[39m&amp#27;[32m200&amp#27;[39m &amp#27;[90m557 ms - 14&amp#27;[39m &amp#27;[90m&amp#27;[39m
&amp#27;[38;5;28m[db6b4107]&amp#27;[0m&amp#27;[38;5;86m[HTTP]&amp#27;[0m &amp#27;[37m-->&amp#27;[39m &amp#27;[37mGET&amp#27;[39m &amp#27;[37m/session/db6b4107-373a-43b2-abe9-cd38c401d159/context&amp#27;[39m &amp#27;[90m{}&amp#27;[39m
&amp#27;[38;5;28m[db6b4107]&amp#27;[0m&amp#27;[38;5;-16m[AndroidUiautomator2Driver@bf67]&amp#27;[0m Calling AppiumDriver.getCurrentContext() with args: ["db6b4107-373a-43b2-abe9-cd38c401d159"]
&amp#27;[38;5;28m[db6b4107]&amp#27;[0m&amp#27;[38;5;-16m[AndroidUiautomator2Driver@bf67]&amp#27;[0m Responding to client with driver.getCurrentContext() result: "NATIVE_APP"
&amp#27;[38;5;28m[db6b4107]&amp#27;[0m&amp#27;[38;5;86m[HTTP]&amp#27;[0m &amp#27;[37m<-- GET /session/db6b4107-373a-43b2-abe9-cd38c401d159/context &amp#27;[39m&amp#27;[32m200&amp#27;[39m &amp#27;[90m1 ms - 22&amp#27;[39m &amp#27;[90m&amp#27;[39m
&amp#27;[38;5;28m[db6b4107]&amp#27;[0m&amp#27;[38;5;86m[HTTP]&amp#27;[0m &amp#27;[37m-->&amp#27;[39m &amp#27;[37mPOST&amp#27;[39m &amp#27;[37m/session/db6b4107-373a-43b2-abe9-cd38c401d159/element&amp#27;[39m &amp#27;[90m{"using":"id","value":"com.androidsample.generalstore:id/appbar_btn_cart"}&amp#27;[39m
&amp#27;[38;5;28m[db6b4107]&amp#27;[0m&amp#27;[38;5;-16m[AndroidUiautomator2Driver@bf67]&amp#27;[0m Calling AppiumDriver.findElement() with args: ["id","com.androidsample.generalstore:id/appbar_btn_cart","db6b4107-373a-43b2-abe9-cd38c401d159"]
&amp#27;[38;5;28m[db6b4107]&amp#27;[0m&amp#27;[38;5;-16m[AndroidUiautomator2Driver@bf67]&amp#27;[0m Valid locator strategies for this request: xpath, id, class name, accessibility id, css selector, -android uiautomator
&amp#27;[38;5;28m[db6b4107]&amp#27;[0m&amp#27;[38;5;-16m[AndroidUiautomator2Driver@bf67]&amp#27;[0m Waiting up to 0 ms for condition
&amp#27;[38;5;28m[db6b4107]&amp#27;[0m&amp#27;[38;5;-16m[AndroidUiautomator2Driver@bf67]&amp#27;[0m Matched '/element' to command name 'findElement'
&amp#27;[38;5;28m[db6b4107]&amp#27;[0m&amp#27;[38;5;-16m[AndroidUiautomator2Driver@bf67]&amp#27;[0m Proxying [POST /element] to [POST http://127.0.0.1:8201/session/080a24b7-c65b-4ab5-aaaf-4f9bbb040926/element] with body: {"strategy":"id","selector":"com.androidsample.generalstore:id/appbar_btn_cart","context":"","multiple":false}
&amp#27;[38;5;28m[db6b4107]&amp#27;[0m&amp#27;[38;5;-16m[AndroidUiautomator2Driver@bf67]&amp#27;[0m Got response with status 200: {"sessionId":"080a24b7-c65b-4ab5-aaaf-4f9bbb040926","value":{"ELEMENT":"00000000-0000-06d3-ffff-ffff00000044","element-6066-11e4-a52e-4f735466cecf":"00000000-0000-06d3-ffff-ffff00000044"}}
&amp#27;[38;5;28m[db6b4107]&amp#27;[0m&amp#27;[38;5;-16m[AndroidUiautomator2Driver@bf67]&amp#27;[0m Responding to client with driver.findElement() result: {"element-6066-11e4-a52e-4f735466cecf":"00000000-0000-06d3-ffff-ffff00000044","ELEMENT":"00000000-0000-06d3-ffff-ffff00000044"}
&amp#27;[38;5;28m[db6b4107]&amp#27;[0m&amp#27;[38;5;86m[HTTP]&amp#27;[0m &amp#27;[37m<-- POST /session/db6b4107-373a-43b2-abe9-cd38c401d159/element &amp#27;[39m&amp#27;[32m200&amp#27;[39m &amp#27;[90m27 ms - 137&amp#27;[39m &amp#27;[90m&amp#27;[39m
&amp#27;[38;5;28m[db6b4107]&amp#27;[0m&amp#27;[38;5;86m[HTTP]&amp#27;[0m &amp#27;[37m-->&amp#27;[39m &amp#27;[37mGET&amp#27;[39m &amp#27;[37m/session/db6b4107-373a-43b2-abe9-cd38c401d159/element/00000000-0000-06d3-ffff-ffff00000044/displayed&amp#27;[39m &amp#27;[90m{}&amp#27;[39m
&amp#27;[38;5;28m[db6b4107]&amp#27;[0m&amp#27;[38;5;-16m[AndroidUiautomator2Driver@bf67]&amp#27;[0m Calling AppiumDriver.elementDisplayed() with args: ["00000000-0000-06d3-ffff-ffff00000044","db6b4107-373a-43b2-abe9-cd38c401d159"]
&amp#27;[38;5;28m[db6b4107]&amp#27;[0m&amp#27;[38;5;-16m[AndroidUiautomator2Driver@bf67]&amp#27;[0m Matched '/element/00000000-0000-06d3-ffff-ffff00000044/attribute/displayed' to command name 'getAttribute'
&amp#27;[38;5;28m[db6b4107]&amp#27;[0m&amp#27;[38;5;-16m[AndroidUiautomator2Driver@bf67]&amp#27;[0m Proxying [GET /element/00000000-0000-06d3-ffff-ffff00000044/attribute/displayed] to [GET http://127.0.0.1:8201/session/080a24b7-c65b-4ab5-aaaf-4f9bbb040926/element/00000000-0000-06d3-ffff-ffff00000044/attribute/displayed] with no body
&amp#27;[38;5;28m[db6b4107]&amp#27;[0m&amp#27;[38;5;-16m[AndroidUiautomator2Driver@bf67]&amp#27;[0m Got response with status 200: {"sessionId":"080a24b7-c65b-4ab5-aaaf-4f9bbb040926","value":"true"}
&amp#27;[38;5;28m[db6b4107]&amp#27;[0m&amp#27;[38;5;-16m[AndroidUiautomator2Driver@bf67]&amp#27;[0m Responding to client with driver.elementDisplayed() result: true
&amp#27;[38;5;28m[db6b4107]&amp#27;[0m&amp#27;[38;5;86m[HTTP]&amp#27;[0m &amp#27;[37m<-- GET /session/db6b4107-373a-43b2-abe9-cd38c401d159/element/00000000-0000-06d3-ffff-ffff00000044/displayed &amp#27;[39m&amp#27;[32m200&amp#27;[39m &amp#27;[90m14 ms - 14&amp#27;[39m &amp#27;[90m&amp#27;[39m
&amp#27;[38;5;28m[db6b4107]&amp#27;[0m&amp#27;[38;5;86m[HTTP]&amp#27;[0m &amp#27;[37m-->&amp#27;[39m &amp#27;[37mGET&amp#27;[39m &amp#27;[37m/session/db6b4107-373a-43b2-abe9-cd38c401d159/context&amp#27;[39m &amp#27;[90m{}&amp#27;[39m
&amp#27;[38;5;28m[db6b4107]&amp#27;[0m&amp#27;[38;5;-16m[AndroidUiautomator2Driver@bf67]&amp#27;[0m Calling AppiumDriver.getCurrentContext() with args: ["db6b4107-373a-43b2-abe9-cd38c401d159"]
&amp#27;[38;5;28m[db6b4107]&amp#27;[0m&amp#27;[38;5;-16m[AndroidUiautomator2Driver@bf67]&amp#27;[0m Responding to client with driver.getCurrentContext() result: "NATIVE_APP"
&amp#27;[38;5;28m[db6b4107]&amp#27;[0m&amp#27;[38;5;86m[HTTP]&amp#27;[0m &amp#27;[37m<-- GET /session/db6b4107-373a-43b2-abe9-cd38c401d159/context &amp#27;[39m&amp#27;[32m200&amp#27;[39m &amp#27;[90m1 ms - 22&amp#27;[39m &amp#27;[90m&amp#27;[39m
&amp#27;[38;5;28m[db6b4107]&amp#27;[0m&amp#27;[38;5;86m[HTTP]&amp#27;[0m &amp#27;[37m-->&amp#27;[39m &amp#27;[37mPOST&amp#27;[39m &amp#27;[37m/session/db6b4107-373a-43b2-abe9-cd38c401d159/element&amp#27;[39m &amp#27;[90m{"using":"id","value":"com.androidsample.generalstore:id/appbar_btn_cart"}&amp#27;[39m
&amp#27;[38;5;28m[db6b4107]&amp#27;[0m&amp#27;[38;5;-16m[AndroidUiautomator2Driver@bf67]&amp#27;[0m Calling AppiumDriver.findElement() with args: ["id","com.androidsample.generalstore:id/appbar_btn_cart","db6b4107-373a-43b2-abe9-cd38c401d159"]
&amp#27;[38;5;28m[db6b4107]&amp#27;[0m&amp#27;[38;5;-16m[AndroidUiautomator2Driver@bf67]&amp#27;[0m Valid locator strategies for this request: xpath, id, class name, accessibility id, css selector, -android uiautomator
&amp#27;[38;5;28m[db6b4107]&amp#27;[0m&amp#27;[38;5;-16m[AndroidUiautomator2Driver@bf67]&amp#27;[0m Waiting up to 0 ms for condition
&amp#27;[38;5;28m[db6b4107]&amp#27;[0m&amp#27;[38;5;-16m[AndroidUiautomator2Driver@bf67]&amp#27;[0m Matched '/element' to command name 'findElement'
&amp#27;[38;5;28m[db6b4107]&amp#27;[0m&amp#27;[38;5;-16m[AndroidUiautomator2Driver@bf67]&amp#27;[0m Proxying [POST /element] to [POST http://127.0.0.1:8201/session/080a24b7-c65b-4ab5-aaaf-4f9bbb040926/element] with body: {"strategy":"id","selector":"com.androidsample.generalstore:id/appbar_btn_cart","context":"","multiple":false}
&amp#27;[38;5;28m[db6b4107]&amp#27;[0m&amp#27;[38;5;-16m[AndroidUiautomator2Driver@bf67]&amp#27;[0m Got response with status 200: {"sessionId":"080a24b7-c65b-4ab5-aaaf-4f9bbb040926","value":{"ELEMENT":"00000000-0000-06d3-ffff-ffff00000044","element-6066-11e4-a52e-4f735466cecf":"00000000-0000-06d3-ffff-ffff00000044"}}
&amp#27;[38;5;28m[db6b4107]&amp#27;[0m&amp#27;[38;5;-16m[AndroidUiautomator2Driver@bf67]&amp#27;[0m Responding to client with driver.findElement() result: {"element-6066-11e4-a52e-4f735466cecf":"00000000-0000-06d3-ffff-ffff00000044","ELEMENT":"00000000-0000-06d3-ffff-ffff00000044"}
&amp#27;[38;5;28m[db6b4107]&amp#27;[0m&amp#27;[38;5;86m[HTTP]&amp#27;[0m &amp#27;[37m<-- POST /session/db6b4107-373a-43b2-abe9-cd38c401d159/element &amp#27;[39m&amp#27;[32m200&amp#27;[39m &amp#27;[90m23 ms - 137&amp#27;[39m &amp#27;[90m&amp#27;[39m
&amp#27;[38;5;28m[db6b4107]&amp#27;[0m&amp#27;[38;5;86m[HTTP]&amp#27;[0m &amp#27;[37m-->&amp#27;[39m &amp#27;[37mPOST&amp#27;[39m &amp#27;[37m/session/db6b4107-373a-43b2-abe9-cd38c401d159/element/00000000-0000-06d3-ffff-ffff00000044/click&amp#27;[39m &amp#27;[90m{"id":"00000000-0000-06d3-ffff-ffff00000044"}&amp#27;[39m
&amp#27;[38;5;28m[db6b4107]&amp#27;[0m&amp#27;[38;5;-16m[AndroidUiautomator2Driver@bf67]&amp#27;[0m Calling AppiumDriver.click() with args: ["00000000-0000-06d3-ffff-ffff00000044","db6b4107-373a-43b2-abe9-cd38c401d159"]
&amp#27;[38;5;28m[db6b4107]&amp#27;[0m&amp#27;[38;5;-16m[AndroidUiautomator2Driver@bf67]&amp#27;[0m Matched '/element/00000000-0000-06d3-ffff-ffff00000044/click' to command name 'click'
&amp#27;[38;5;28m[db6b4107]&amp#27;[0m&amp#27;[38;5;-16m[AndroidUiautomator2Driver@bf67]&amp#27;[0m Proxying [POST /element/00000000-0000-06d3-ffff-ffff00000044/click] to [POST http://127.0.0.1:8201/session/080a24b7-c65b-4ab5-aaaf-4f9bbb040926/element/00000000-0000-06d3-ffff-ffff00000044/click] with body: {"element":"00000000-0000-06d3-ffff-ffff00000044"}
&amp#27;[38;5;28m[db6b4107]&amp#27;[0m&amp#27;[38;5;-16m[AndroidUiautomator2Driver@bf67]&amp#27;[0m Got response with status 200: {"sessionId":"080a24b7-c65b-4ab5-aaaf-4f9bbb040926","value":null}
&amp#27;[38;5;28m[db6b4107]&amp#27;[0m&amp#27;[38;5;-16m[AndroidUiautomator2Driver@bf67]&amp#27;[0m Responding to client with driver.click() result: null
&amp#27;[38;5;28m[db6b4107]&amp#27;[0m&amp#27;[38;5;86m[HTTP]&amp#27;[0m &amp#27;[37m<-- POST /session/db6b4107-373a-43b2-abe9-cd38c401d159/element/00000000-0000-06d3-ffff-ffff00000044/click &amp#27;[39m&amp#27;[32m200&amp#27;[39m &amp#27;[90m562 ms - 14&amp#27;[39m &amp#27;[90m&amp#27;[39m
&amp#27;[38;5;28m[db6b4107]&amp#27;[0m&amp#27;[38;5;86m[HTTP]&amp#27;[0m &amp#27;[37m-->&amp#27;[39m &amp#27;[37mGET&amp#27;[39m &amp#27;[37m/session/db6b4107-373a-43b2-abe9-cd38c401d159/context&amp#27;[39m &amp#27;[90m{}&amp#27;[39m
&amp#27;[38;5;28m[db6b4107]&amp#27;[0m&amp#27;[38;5;-16m[AndroidUiautomator2Driver@bf67]&amp#27;[0m Calling AppiumDriver.getCurrentContext() with args: ["db6b4107-373a-43b2-abe9-cd38c401d159"]
&amp#27;[38;5;28m[db6b4107]&amp#27;[0m&amp#27;[38;5;-16m[AndroidUiautomator2Driver@bf67]&amp#27;[0m Responding to client with driver.getCurrentContext() result: "NATIVE_APP"
&amp#27;[38;5;28m[db6b4107]&amp#27;[0m&amp#27;[38;5;86m[HTTP]&amp#27;[0m &amp#27;[37m<-- GET /session/db6b4107-373a-43b2-abe9-cd38c401d159/context &amp#27;[39m&amp#27;[32m200&amp#27;[39m &amp#27;[90m1 ms - 22&amp#27;[39m &amp#27;[90m&amp#27;[39m
&amp#27;[38;5;28m[db6b4107]&amp#27;[0m&amp#27;[38;5;86m[HTTP]&amp#27;[0m &amp#27;[37m-->&amp#27;[39m &amp#27;[37mPOST&amp#27;[39m &amp#27;[37m/session/db6b4107-373a-43b2-abe9-cd38c401d159/element&amp#27;[39m &amp#27;[90m{"using":"id","value":"com.androidsample.generalstore:id/termsButton"}&amp#27;[39m
&amp#27;[38;5;28m[db6b4107]&amp#27;[0m&amp#27;[38;5;-16m[AndroidUiautomator2Driver@bf67]&amp#27;[0m Calling AppiumDriver.findElement() with args: ["id","com.androidsample.generalstore:id/termsButton","db6b4107-373a-43b2-abe9-cd38c401d159"]
&amp#27;[38;5;28m[db6b4107]&amp#27;[0m&amp#27;[38;5;-16m[AndroidUiautomator2Driver@bf67]&amp#27;[0m Valid locator strategies for this request: xpath, id, class name, accessibility id, css selector, -android uiautomator
&amp#27;[38;5;28m[db6b4107]&amp#27;[0m&amp#27;[38;5;-16m[AndroidUiautomator2Driver@bf67]&amp#27;[0m Waiting up to 0 ms for condition
&amp#27;[38;5;28m[db6b4107]&amp#27;[0m&amp#27;[38;5;-16m[AndroidUiautomator2Driver@bf67]&amp#27;[0m Matched '/element' to command name 'findElement'
&amp#27;[38;5;28m[db6b4107]&amp#27;[0m&amp#27;[38;5;-16m[AndroidUiautomator2Driver@bf67]&amp#27;[0m Proxying [POST /element] to [POST http://127.0.0.1:8201/session/080a24b7-c65b-4ab5-aaaf-4f9bbb040926/element] with body: {"strategy":"id","selector":"com.androidsample.generalstore:id/termsButton","context":"","multiple":false}
&amp#27;[38;5;28m[db6b4107]&amp#27;[0m&amp#27;[38;5;-16m[AndroidUiautomator2Driver@bf67]&amp#27;[0m Got response with status 200: {"sessionId":"080a24b7-c65b-4ab5-aaaf-4f9bbb040926","value":{"ELEMENT":"00000000-0000-06d4-ffff-ffff0000007d","element-6066-11e4-a52e-4f735466cecf":"00000000-0000-06d4-ffff-ffff0000007d"}}
&amp#27;[38;5;28m[db6b4107]&amp#27;[0m&amp#27;[38;5;-16m[AndroidUiautomator2Driver@bf67]&amp#27;[0m Responding to client with driver.findElement() result: {"element-6066-11e4-a52e-4f735466cecf":"00000000-0000-06d4-ffff-ffff0000007d","ELEMENT":"00000000-0000-06d4-ffff-ffff0000007d"}
&amp#27;[38;5;28m[db6b4107]&amp#27;[0m&amp#27;[38;5;86m[HTTP]&amp#27;[0m &amp#27;[37m<-- POST /session/db6b4107-373a-43b2-abe9-cd38c401d159/element &amp#27;[39m&amp#27;[32m200&amp#27;[39m &amp#27;[90m1319 ms - 137&amp#27;[39m &amp#27;[90m&amp#27;[39m
&amp#27;[38;5;28m[db6b4107]&amp#27;[0m&amp#27;[38;5;86m[HTTP]&amp#27;[0m &amp#27;[37m-->&amp#27;[39m &amp#27;[37mGET&amp#27;[39m &amp#27;[37m/session/db6b4107-373a-43b2-abe9-cd38c401d159/element/00000000-0000-06d4-ffff-ffff0000007d/displayed&amp#27;[39m &amp#27;[90m{}&amp#27;[39m
&amp#27;[38;5;28m[db6b4107]&amp#27;[0m&amp#27;[38;5;-16m[AndroidUiautomator2Driver@bf67]&amp#27;[0m Calling AppiumDriver.elementDisplayed() with args: ["00000000-0000-06d4-ffff-ffff0000007d","db6b4107-373a-43b2-abe9-cd38c401d159"]
&amp#27;[38;5;28m[db6b4107]&amp#27;[0m&amp#27;[38;5;-16m[AndroidUiautomator2Driver@bf67]&amp#27;[0m Matched '/element/00000000-0000-06d4-ffff-ffff0000007d/attribute/displayed' to command name 'getAttribute'
&amp#27;[38;5;28m[db6b4107]&amp#27;[0m&amp#27;[38;5;-16m[AndroidUiautomator2Driver@bf67]&amp#27;[0m Proxying [GET /element/00000000-0000-06d4-ffff-ffff0000007d/attribute/displayed] to [GET http://127.0.0.1:8201/session/080a24b7-c65b-4ab5-aaaf-4f9bbb040926/element/00000000-0000-06d4-ffff-ffff0000007d/attribute/displayed] with no body
&amp#27;[38;5;28m[db6b4107]&amp#27;[0m&amp#27;[38;5;-16m[AndroidUiautomator2Driver@bf67]&amp#27;[0m Got response with status 200: {"sessionId":"080a24b7-c65b-4ab5-aaaf-4f9bbb040926","value":"true"}
&amp#27;[38;5;28m[db6b4107]&amp#27;[0m&amp#27;[38;5;-16m[AndroidUiautomator2Driver@bf67]&amp#27;[0m Responding to client with driver.elementDisplayed() result: true
&amp#27;[38;5;28m[db6b4107]&amp#27;[0m&amp#27;[38;5;86m[HTTP]&amp#27;[0m &amp#27;[37m<-- GET /session/db6b4107-373a-43b2-abe9-cd38c401d159/element/00000000-0000-06d4-ffff-ffff0000007d/displayed &amp#27;[39m&amp#27;[32m200&amp#27;[39m &amp#27;[90m15 ms - 14&amp#27;[39m &amp#27;[90m&amp#27;[39m
&amp#27;[38;5;28m[db6b4107]&amp#27;[0m&amp#27;[38;5;86m[HTTP]&amp#27;[0m &amp#27;[37m-->&amp#27;[39m &amp#27;[37mGET&amp#27;[39m &amp#27;[37m/session/db6b4107-373a-43b2-abe9-cd38c401d159/context&amp#27;[39m &amp#27;[90m{}&amp#27;[39m
&amp#27;[38;5;28m[db6b4107]&amp#27;[0m&amp#27;[38;5;-16m[AndroidUiautomator2Driver@bf67]&amp#27;[0m Calling AppiumDriver.getCurrentContext() with args: ["db6b4107-373a-43b2-abe9-cd38c401d159"]
&amp#27;[38;5;28m[db6b4107]&amp#27;[0m&amp#27;[38;5;-16m[AndroidUiautomator2Driver@bf67]&amp#27;[0m Responding to client with driver.getCurrentContext() result: "NATIVE_APP"
&amp#27;[38;5;28m[db6b4107]&amp#27;[0m&amp#27;[38;5;86m[HTTP]&amp#27;[0m &amp#27;[37m<-- GET /session/db6b4107-373a-43b2-abe9-cd38c401d159/context &amp#27;[39m&amp#27;[32m200&amp#27;[39m &amp#27;[90m1 ms - 22&amp#27;[39m &amp#27;[90m&amp#27;[39m
&amp#27;[38;5;28m[db6b4107]&amp#27;[0m&amp#27;[38;5;86m[HTTP]&amp#27;[0m &amp#27;[37m-->&amp#27;[39m &amp#27;[37mPOST&amp#27;[39m &amp#27;[37m/session/db6b4107-373a-43b2-abe9-cd38c401d159/element&amp#27;[39m &amp#27;[90m{"using":"id","value":"com.androidsample.generalstore:id/termsButton"}&amp#27;[39m
&amp#27;[38;5;28m[db6b4107]&amp#27;[0m&amp#27;[38;5;-16m[AndroidUiautomator2Driver@bf67]&amp#27;[0m Calling AppiumDriver.findElement() with args: ["id","com.androidsample.generalstore:id/termsButton","db6b4107-373a-43b2-abe9-cd38c401d159"]
&amp#27;[38;5;28m[db6b4107]&amp#27;[0m&amp#27;[38;5;-16m[AndroidUiautomator2Driver@bf67]&amp#27;[0m Valid locator strategies for this request: xpath, id, class name, accessibility id, css selector, -android uiautomator
&amp#27;[38;5;28m[db6b4107]&amp#27;[0m&amp#27;[38;5;-16m[AndroidUiautomator2Driver@bf67]&amp#27;[0m Waiting up to 0 ms for condition
&amp#27;[38;5;28m[db6b4107]&amp#27;[0m&amp#27;[38;5;-16m[AndroidUiautomator2Driver@bf67]&amp#27;[0m Matched '/element' to command name 'findElement'
&amp#27;[38;5;28m[db6b4107]&amp#27;[0m&amp#27;[38;5;-16m[AndroidUiautomator2Driver@bf67]&amp#27;[0m Proxying [POST /element] to [POST http://127.0.0.1:8201/session/080a24b7-c65b-4ab5-aaaf-4f9bbb040926/element] with body: {"strategy":"id","selector":"com.androidsample.generalstore:id/termsButton","context":"","multiple":false}
&amp#27;[38;5;28m[db6b4107]&amp#27;[0m&amp#27;[38;5;-16m[AndroidUiautomator2Driver@bf67]&amp#27;[0m Got response with status 200: {"sessionId":"080a24b7-c65b-4ab5-aaaf-4f9bbb040926","value":{"ELEMENT":"00000000-0000-06d4-ffff-ffff0000007d","element-6066-11e4-a52e-4f735466cecf":"00000000-0000-06d4-ffff-ffff0000007d"}}
&amp#27;[38;5;28m[db6b4107]&amp#27;[0m&amp#27;[38;5;-16m[AndroidUiautomator2Driver@bf67]&amp#27;[0m Responding to client with driver.findElement() result: {"element-6066-11e4-a52e-4f735466cecf":"00000000-0000-06d4-ffff-ffff0000007d","ELEMENT":"00000000-0000-06d4-ffff-ffff0000007d"}
&amp#27;[38;5;28m[db6b4107]&amp#27;[0m&amp#27;[38;5;86m[HTTP]&amp#27;[0m &amp#27;[37m<-- POST /session/db6b4107-373a-43b2-abe9-cd38c401d159/element &amp#27;[39m&amp#27;[32m200&amp#27;[39m &amp#27;[90m31 ms - 137&amp#27;[39m &amp#27;[90m&amp#27;[39m
&amp#27;[38;5;28m[db6b4107]&amp#27;[0m&amp#27;[38;5;86m[HTTP]&amp#27;[0m &amp#27;[37m-->&amp#27;[39m &amp#27;[37mPOST&amp#27;[39m &amp#27;[37m/session/db6b4107-373a-43b2-abe9-cd38c401d159/execute/sync&amp#27;[39m &amp#27;[90m{"script":"mobile: longClickGesture","args":[{"elementId":"00000000-0000-06d4-ffff-ffff0000007d","duration":3000}]}&amp#27;[39m
&amp#27;[38;5;28m[db6b4107]&amp#27;[0m&amp#27;[38;5;-16m[AndroidUiautomator2Driver@bf67]&amp#27;[0m Calling AppiumDriver.execute() with args: ["mobile: longClickGesture",[{"elementId":"00000000-0000-06d4-ffff-ffff0000007d","duration":3000}],"db6b4107-373a-43b2-abe9-cd38c401d159"]
&amp#27;[38;5;28m[db6b4107]&amp#27;[0m&amp#27;[38;5;-16m[AndroidUiautomator2Driver@bf67]&amp#27;[0m Executing native command 'mobile: longClickGesture'
&amp#27;[38;5;28m[db6b4107]&amp#27;[0m&amp#27;[38;5;-16m[AndroidUiautomator2Driver@bf67]&amp#27;[0m Proxying [POST /appium/gestures/long_click] to [POST http://127.0.0.1:8201/session/080a24b7-c65b-4ab5-aaaf-4f9bbb040926/appium/gestures/long_click] with body: {"origin":{"ELEMENT":"00000000-0000-06d4-ffff-ffff0000007d","element-6066-11e4-a52e-4f735466cecf":"00000000-0000-06d4-ffff-ffff0000007d"},"duration":3000}
&amp#27;[38;5;28m[db6b4107]&amp#27;[0m&amp#27;[38;5;-16m[AndroidUiautomator2Driver@bf67]&amp#27;[0m Got response with status 200: {"sessionId":"080a24b7-c65b-4ab5-aaaf-4f9bbb040926","value":null}
&amp#27;[38;5;28m[db6b4107]&amp#27;[0m&amp#27;[38;5;-16m[AndroidUiautomator2Driver@bf67]&amp#27;[0m Responding to client with driver.execute() result: null
&amp#27;[38;5;28m[db6b4107]&amp#27;[0m&amp#27;[38;5;86m[HTTP]&amp#27;[0m &amp#27;[37m<-- POST /session/db6b4107-373a-43b2-abe9-cd38c401d159/execute/sync &amp#27;[39m&amp#27;[32m200&amp#27;[39m &amp#27;[90m4309 ms - 14&amp#27;[39m &amp#27;[90m&amp#27;[39m
&amp#27;[38;5;28m[db6b4107]&amp#27;[0m&amp#27;[38;5;86m[HTTP]&amp#27;[0m &amp#27;[37m-->&amp#27;[39m &amp#27;[37mGET&amp#27;[39m &amp#27;[37m/session/db6b4107-373a-43b2-abe9-cd38c401d159/context&amp#27;[39m &amp#27;[90m{}&amp#27;[39m
&amp#27;[38;5;28m[db6b4107]&amp#27;[0m&amp#27;[38;5;-16m[AndroidUiautomator2Driver@bf67]&amp#27;[0m Calling AppiumDriver.getCurrentContext() with args: ["db6b4107-373a-43b2-abe9-cd38c401d159"]
&amp#27;[38;5;28m[db6b4107]&amp#27;[0m&amp#27;[38;5;-16m[AndroidUiautomator2Driver@bf67]&amp#27;[0m Responding to client with driver.getCurrentContext() result: "NATIVE_APP"
&amp#27;[38;5;28m[db6b4107]&amp#27;[0m&amp#27;[38;5;86m[HTTP]&amp#27;[0m &amp#27;[37m<-- GET /session/db6b4107-373a-43b2-abe9-cd38c401d159/context &amp#27;[39m&amp#27;[32m200&amp#27;[39m &amp#27;[90m1 ms - 22&amp#27;[39m &amp#27;[90m&amp#27;[39m
&amp#27;[38;5;28m[db6b4107]&amp#27;[0m&amp#27;[38;5;86m[HTTP]&amp#27;[0m &amp#27;[37m-->&amp#27;[39m &amp#27;[37mPOST&amp#27;[39m &amp#27;[37m/session/db6b4107-373a-43b2-abe9-cd38c401d159/element&amp#27;[39m &amp#27;[90m{"using":"xpath","value":"//android.widget.TextView[@resource-id='com.androidsample.generalstore:id/alertTitle']"}&amp#27;[39m
&amp#27;[38;5;28m[db6b4107]&amp#27;[0m&amp#27;[38;5;-16m[AndroidUiautomator2Driver@bf67]&amp#27;[0m Calling AppiumDriver.findElement() with args: ["xpath","//android.widget.TextView[@resource-id='com.androidsample.generalstore:id/alertTitle']","db6b4107-373a-43b2-abe9-cd38c401d159"]
&amp#27;[38;5;28m[db6b4107]&amp#27;[0m&amp#27;[38;5;-16m[AndroidUiautomator2Driver@bf67]&amp#27;[0m Valid locator strategies for this request: xpath, id, class name, accessibility id, css selector, -android uiautomator
&amp#27;[38;5;28m[db6b4107]&amp#27;[0m&amp#27;[38;5;-16m[AndroidUiautomator2Driver@bf67]&amp#27;[0m Waiting up to 0 ms for condition
&amp#27;[38;5;28m[db6b4107]&amp#27;[0m&amp#27;[38;5;-16m[AndroidUiautomator2Driver@bf67]&amp#27;[0m Matched '/element' to command name 'findElement'
&amp#27;[38;5;28m[db6b4107]&amp#27;[0m&amp#27;[38;5;-16m[AndroidUiautomator2Driver@bf67]&amp#27;[0m Proxying [POST /element] to [POST http://127.0.0.1:8201/session/080a24b7-c65b-4ab5-aaaf-4f9bbb040926/element] with body: {"strategy":"xpath","selector":"//android.widget.TextView[@resource-id='com.androidsample.generalstore:id/alertTitle']","context":"","multiple":false}
&amp#27;[38;5;28m[db6b4107]&amp#27;[0m&amp#27;[38;5;-16m[AndroidUiautomator2Driver@bf67]&amp#27;[0m Got response with status 200: {"sessionId":"080a24b7-c65b-4ab5-aaaf-4f9bbb040926","value":{"ELEMENT":"00000000-0000-06d5-ffff-ffff00000092","element-6066-11e4-a52e-4f735466cecf":"00000000-0000-06d5-ffff-ffff00000092"}}
&amp#27;[38;5;28m[db6b4107]&amp#27;[0m&amp#27;[38;5;-16m[AndroidUiautomator2Driver@bf67]&amp#27;[0m Responding to client with driver.findElement() result: {"element-6066-11e4-a52e-4f735466cecf":"00000000-0000-06d5-ffff-ffff00000092","ELEMENT":"00000000-0000-06d5-ffff-ffff00000092"}
&amp#27;[38;5;28m[db6b4107]&amp#27;[0m&amp#27;[38;5;86m[HTTP]&amp#27;[0m &amp#27;[37m<-- POST /session/db6b4107-373a-43b2-abe9-cd38c401d159/element &amp#27;[39m&amp#27;[32m200&amp#27;[39m &amp#27;[90m57 ms - 137&amp#27;[39m &amp#27;[90m&amp#27;[39m
&amp#27;[38;5;28m[db6b4107]&amp#27;[0m&amp#27;[38;5;86m[HTTP]&amp#27;[0m &amp#27;[37m-->&amp#27;[39m &amp#27;[37mGET&amp#27;[39m &amp#27;[37m/session/db6b4107-373a-43b2-abe9-cd38c401d159/element/00000000-0000-06d5-ffff-ffff00000092/displayed&amp#27;[39m &amp#27;[90m{}&amp#27;[39m
&amp#27;[38;5;28m[db6b4107]&amp#27;[0m&amp#27;[38;5;-16m[AndroidUiautomator2Driver@bf67]&amp#27;[0m Calling AppiumDriver.elementDisplayed() with args: ["00000000-0000-06d5-ffff-ffff00000092","db6b4107-373a-43b2-abe9-cd38c401d159"]
&amp#27;[38;5;28m[db6b4107]&amp#27;[0m&amp#27;[38;5;-16m[AndroidUiautomator2Driver@bf67]&amp#27;[0m Matched '/element/00000000-0000-06d5-ffff-ffff00000092/attribute/displayed' to command name 'getAttribute'
&amp#27;[38;5;28m[db6b4107]&amp#27;[0m&amp#27;[38;5;-16m[AndroidUiautomator2Driver@bf67]&amp#27;[0m Proxying [GET /element/00000000-0000-06d5-ffff-ffff00000092/attribute/displayed] to [GET http://127.0.0.1:8201/session/080a24b7-c65b-4ab5-aaaf-4f9bbb040926/element/00000000-0000-06d5-ffff-ffff00000092/attribute/displayed] with no body
&amp#27;[38;5;28m[db6b4107]&amp#27;[0m&amp#27;[38;5;-16m[AndroidUiautomator2Driver@bf67]&amp#27;[0m Got response with status 200: {"sessionId":"080a24b7-c65b-4ab5-aaaf-4f9bbb040926","value":"true"}
&amp#27;[38;5;28m[db6b4107]&amp#27;[0m&amp#27;[38;5;-16m[AndroidUiautomator2Driver@bf67]&amp#27;[0m Responding to client with driver.elementDisplayed() result: true
&amp#27;[38;5;28m[db6b4107]&amp#27;[0m&amp#27;[38;5;86m[HTTP]&amp#27;[0m &amp#27;[37m<-- GET /session/db6b4107-373a-43b2-abe9-cd38c401d159/element/00000000-0000-06d5-ffff-ffff00000092/displayed &amp#27;[39m&amp#27;[32m200&amp#27;[39m &amp#27;[90m17 ms - 14&amp#27;[39m &amp#27;[90m&amp#27;[39m
&amp#27;[38;5;28m[db6b4107]&amp#27;[0m&amp#27;[38;5;86m[HTTP]&amp#27;[0m &amp#27;[37m-->&amp#27;[39m &amp#27;[37mGET&amp#27;[39m &amp#27;[37m/session/db6b4107-373a-43b2-abe9-cd38c401d159/context&amp#27;[39m &amp#27;[90m{}&amp#27;[39m
&amp#27;[38;5;28m[db6b4107]&amp#27;[0m&amp#27;[38;5;-16m[AndroidUiautomator2Driver@bf67]&amp#27;[0m Calling AppiumDriver.getCurrentContext() with args: ["db6b4107-373a-43b2-abe9-cd38c401d159"]
&amp#27;[38;5;28m[db6b4107]&amp#27;[0m&amp#27;[38;5;-16m[AndroidUiautomator2Driver@bf67]&amp#27;[0m Responding to client with driver.getCurrentContext() result: "NATIVE_APP"
&amp#27;[38;5;28m[db6b4107]&amp#27;[0m&amp#27;[38;5;86m[HTTP]&amp#27;[0m &amp#27;[37m<-- GET /session/db6b4107-373a-43b2-abe9-cd38c401d159/context &amp#27;[39m&amp#27;[32m200&amp#27;[39m &amp#27;[90m1 ms - 22&amp#27;[39m &amp#27;[90m&amp#27;[39m
&amp#27;[38;5;28m[db6b4107]&amp#27;[0m&amp#27;[38;5;86m[HTTP]&amp#27;[0m &amp#27;[37m-->&amp#27;[39m &amp#27;[37mPOST&amp#27;[39m &amp#27;[37m/session/db6b4107-373a-43b2-abe9-cd38c401d159/element&amp#27;[39m &amp#27;[90m{"using":"xpath","value":"//android.widget.TextView[@resource-id='com.androidsample.generalstore:id/alertTitle']"}&amp#27;[39m
&amp#27;[38;5;28m[db6b4107]&amp#27;[0m&amp#27;[38;5;-16m[AndroidUiautomator2Driver@bf67]&amp#27;[0m Calling AppiumDriver.findElement() with args: ["xpath","//android.widget.TextView[@resource-id='com.androidsample.generalstore:id/alertTitle']","db6b4107-373a-43b2-abe9-cd38c401d159"]
&amp#27;[38;5;28m[db6b4107]&amp#27;[0m&amp#27;[38;5;-16m[AndroidUiautomator2Driver@bf67]&amp#27;[0m Valid locator strategies for this request: xpath, id, class name, accessibility id, css selector, -android uiautomator
&amp#27;[38;5;28m[db6b4107]&amp#27;[0m&amp#27;[38;5;-16m[AndroidUiautomator2Driver@bf67]&amp#27;[0m Waiting up to 0 ms for condition
&amp#27;[38;5;28m[db6b4107]&amp#27;[0m&amp#27;[38;5;-16m[AndroidUiautomator2Driver@bf67]&amp#27;[0m Matched '/element' to command name 'findElement'
&amp#27;[38;5;28m[db6b4107]&amp#27;[0m&amp#27;[38;5;-16m[AndroidUiautomator2Driver@bf67]&amp#27;[0m Proxying [POST /element] to [POST http://127.0.0.1:8201/session/080a24b7-c65b-4ab5-aaaf-4f9bbb040926/element] with body: {"strategy":"xpath","selector":"//android.widget.TextView[@resource-id='com.androidsample.generalstore:id/alertTitle']","context":"","multiple":false}
&amp#27;[38;5;28m[db6b4107]&amp#27;[0m&amp#27;[38;5;-16m[AndroidUiautomator2Driver@bf67]&amp#27;[0m Got response with status 200: {"sessionId":"080a24b7-c65b-4ab5-aaaf-4f9bbb040926","value":{"ELEMENT":"00000000-0000-06d5-ffff-ffff00000092","element-6066-11e4-a52e-4f735466cecf":"00000000-0000-06d5-ffff-ffff00000092"}}
&amp#27;[38;5;28m[db6b4107]&amp#27;[0m&amp#27;[38;5;-16m[AndroidUiautomator2Driver@bf67]&amp#27;[0m Responding to client with driver.findElement() result: {"element-6066-11e4-a52e-4f735466cecf":"00000000-0000-06d5-ffff-ffff00000092","ELEMENT":"00000000-0000-06d5-ffff-ffff00000092"}
&amp#27;[38;5;28m[db6b4107]&amp#27;[0m&amp#27;[38;5;86m[HTTP]&amp#27;[0m &amp#27;[37m<-- POST /session/db6b4107-373a-43b2-abe9-cd38c401d159/element &amp#27;[39m&amp#27;[32m200&amp#27;[39m &amp#27;[90m69 ms - 137&amp#27;[39m &amp#27;[90m&amp#27;[39m
&amp#27;[38;5;28m[db6b4107]&amp#27;[0m&amp#27;[38;5;86m[HTTP]&amp#27;[0m &amp#27;[37m-->&amp#27;[39m &amp#27;[37mGET&amp#27;[39m &amp#27;[37m/session/db6b4107-373a-43b2-abe9-cd38c401d159/element/00000000-0000-06d5-ffff-ffff00000092/text&amp#27;[39m &amp#27;[90m{}&amp#27;[39m
&amp#27;[38;5;28m[db6b4107]&amp#27;[0m&amp#27;[38;5;-16m[AndroidUiautomator2Driver@bf67]&amp#27;[0m Driver proxy active, passing request on via HTTP proxy
&amp#27;[38;5;28m[db6b4107]&amp#27;[0m&amp#27;[38;5;-16m[AndroidUiautomator2Driver@bf67]&amp#27;[0m Matched '/session/db6b4107-373a-43b2-abe9-cd38c401d159/element/00000000-0000-06d5-ffff-ffff00000092/text' to command name 'getText'
&amp#27;[38;5;28m[db6b4107]&amp#27;[0m&amp#27;[38;5;-16m[AndroidUiautomator2Driver@bf67]&amp#27;[0m Proxying [GET /session/db6b4107-373a-43b2-abe9-cd38c401d159/element/00000000-0000-06d5-ffff-ffff00000092/text] to [GET http://127.0.0.1:8201/session/080a24b7-c65b-4ab5-aaaf-4f9bbb040926/element/00000000-0000-06d5-ffff-ffff00000092/text] with no body
&amp#27;[38;5;28m[db6b4107]&amp#27;[0m&amp#27;[38;5;-16m[AndroidUiautomator2Driver@bf67]&amp#27;[0m Got response with status 200: {"sessionId":"080a24b7-c65b-4ab5-aaaf-4f9bbb040926","value":"Terms Of Conditions"}
&amp#27;[38;5;28m[db6b4107]&amp#27;[0m&amp#27;[38;5;-16m[AndroidUiautomator2Driver@bf67]&amp#27;[0m Replacing sessionId 080a24b7-c65b-4ab5-aaaf-4f9bbb040926 with db6b4107-373a-43b2-abe9-cd38c401d159
&amp#27;[38;5;28m[db6b4107]&amp#27;[0m&amp#27;[38;5;86m[HTTP]&amp#27;[0m &amp#27;[37m<-- GET /session/db6b4107-373a-43b2-abe9-cd38c401d159/element/00000000-0000-06d5-ffff-ffff00000092/text &amp#27;[39m&amp#27;[32m200&amp#27;[39m &amp#27;[90m18 ms - 82&amp#27;[39m &amp#27;[90m&amp#27;[39m
Test Passed: termsAndConditions
]]></system-out>
  </testcase>
  <testcase name="webViewVerification[{name=Raj, country=Austria, product=Converse All Star, genderFemale=Female, genderMale=Male}](1)" classname="testCases.CartPageTest" time="22.112">
    <system-out><![CDATA[&amp#27;[38;5;28m[db6b4107]&amp#27;[0m&amp#27;[38;5;86m[HTTP]&amp#27;[0m &amp#27;[37m-->&amp#27;[39m &amp#27;[37mDELETE&amp#27;[39m &amp#27;[37m/session/db6b4107-373a-43b2-abe9-cd38c401d159&amp#27;[39m &amp#27;[90m{}&amp#27;[39m
&amp#27;[38;5;28m[db6b4107]&amp#27;[0m&amp#27;[38;5;-16m[AndroidUiautomator2Driver@bf67]&amp#27;[0m Calling AppiumDriver.deleteSession() with args: ["db6b4107-373a-43b2-abe9-cd38c401d159"]
&amp#27;[38;5;28m[db6b4107]&amp#27;[0m&amp#27;[38;5;223m[AppiumDriver@fb90]&amp#27;[0m Event 'quitSessionRequested' logged at 1744634840089 (18:17:20 GMT+0530 (India Standard Time))
&amp#27;[38;5;28m[db6b4107]&amp#27;[0m&amp#27;[38;5;223m[AppiumDriver@fb90]&amp#27;[0m Removing session db6b4107-373a-43b2-abe9-cd38c401d159 from our master session list
&amp#27;[38;5;28m[db6b4107]&amp#27;[0m&amp#27;[38;5;-16m[AndroidUiautomator2Driver@bf67]&amp#27;[0m Deleting UiAutomator2 session
&amp#27;[38;5;28m[db6b4107]&amp#27;[0m&amp#27;[38;5;-16m[AndroidUiautomator2Driver@bf67]&amp#27;[0m Deleting UiAutomator2 server session
&amp#27;[38;5;28m[db6b4107]&amp#27;[0m&amp#27;[38;5;-16m[AndroidUiautomator2Driver@bf67]&amp#27;[0m Matched '/' to command name 'deleteSession'
&amp#27;[38;5;28m[db6b4107]&amp#27;[0m&amp#27;[38;5;-16m[AndroidUiautomator2Driver@bf67]&amp#27;[0m Proxying [DELETE /] to [DELETE http://127.0.0.1:8201/session/080a24b7-c65b-4ab5-aaaf-4f9bbb040926] with no body
&amp#27;[38;5;28m[db6b4107]&amp#27;[0m&amp#27;[38;5;-16m[AndroidUiautomator2Driver@bf67]&amp#27;[0m Got response with status 200: {"sessionId":"080a24b7-c65b-4ab5-aaaf-4f9bbb040926","value":null}
&amp#27;[38;5;28m[db6b4107]&amp#27;[0m&amp#27;[38;5;-16m[AndroidUiautomator2Driver@bf67]&amp#27;[0m [Instrumentation] io.appium.uiautomator2.server.test.AppiumUiAutomator2Server:
&amp#27;[38;5;28m[db6b4107]&amp#27;[0m&amp#27;[38;5;-16m[AndroidUiautomator2Driver@bf67]&amp#27;[0m [Instrumentation] The process has exited with code null, signal SIGTERM
&amp#27;[38;5;28m[db6b4107]&amp#27;[0m&amp#27;[38;5;229m[ADB]&amp#27;[0m Running 'C:\Users\User1\AppData\Local\Android\Sdk\platform-tools\adb.exe -P 5037 -s emulator-5554 shell dumpsys activity services io.appium.settings/.recorder.RecorderService'
&amp#27;[38;5;28m[db6b4107]&amp#27;[0m&amp#27;[38;5;229m[ADB]&amp#27;[0m Running 'C:\Users\User1\AppData\Local\Android\Sdk\platform-tools\adb.exe -P 5037 -s emulator-5554 shell am force-stop com.androidsample.generalstore'
&amp#27;[38;5;28m[db6b4107]&amp#27;[0m&amp#27;[38;5;229m[ADB]&amp#27;[0m Removing forwarded port socket connection: 8201 
&amp#27;[38;5;28m[db6b4107]&amp#27;[0m&amp#27;[38;5;229m[ADB]&amp#27;[0m Running 'C:\Users\User1\AppData\Local\Android\Sdk\platform-tools\adb.exe -P 5037 -s emulator-5554 forward --remove tcp:8201'
&amp#27;[38;5;28m[db6b4107]&amp#27;[0m&amp#27;[38;5;-16m[AndroidUiautomator2Driver@bf67]&amp#27;[0m Restoring hidden api policy to the device default configuration
&amp#27;[38;5;28m[db6b4107]&amp#27;[0m&amp#27;[38;5;229m[ADB]&amp#27;[0m Running 'C:\Users\User1\AppData\Local\Android\Sdk\platform-tools\adb.exe -P 5037 -s emulator-5554 shell 'settings delete global hidden_api_policy_pre_p_apps;settings delete global hidden_api_policy_p_apps;settings delete global hidden_api_policy''
&amp#27;[38;5;28m[db6b4107]&amp#27;[0m&amp#27;[38;5;160m[Logcat]&amp#27;[0m Stopping logcat capture
&amp#27;[38;5;28m[db6b4107]&amp#27;[0m&amp#27;[38;5;223m[AppiumDriver@fb90]&amp#27;[0m Event 'quitSessionFinished' logged at 1744634840490 (18:17:20 GMT+0530 (India Standard Time))
&amp#27;[38;5;28m[db6b4107]&amp#27;[0m&amp#27;[38;5;223m[AppiumDriver@fb90]&amp#27;[0m Received response: null
&amp#27;[38;5;28m[db6b4107]&amp#27;[0m&amp#27;[38;5;223m[AppiumDriver@fb90]&amp#27;[0m But deleting session, so not returning
&amp#27;[38;5;28m[db6b4107]&amp#27;[0m&amp#27;[38;5;223m[AppiumDriver@fb90]&amp#27;[0m Responding to client with driver.deleteSession() result: null
&amp#27;[38;5;28m[db6b4107]&amp#27;[0m&amp#27;[38;5;86m[HTTP]&amp#27;[0m &amp#27;[37m<-- DELETE /session/db6b4107-373a-43b2-abe9-cd38c401d159 &amp#27;[39m&amp#27;[32m200&amp#27;[39m &amp#27;[90m404 ms - 14&amp#27;[39m &amp#27;[90m&amp#27;[39m
&amp#27;[38;5;112m[Appium]&amp#27;[0m Welcome to Appium v2.11.5
&amp#27;[38;5;112m[Appium]&amp#27;[0m The autodetected Appium home path: C:\Users\User1\.appium
&amp#27;[38;5;112m[Appium]&amp#27;[0m Attempting to load driver uiautomator2...
&amp#27;[38;5;112m[Appium]&amp#27;[0m Attempting to load driver xcuitest...
&amp#27;[38;5;112m[Appium]&amp#27;[0m Attempting to load driver espresso...
&amp#27;[38;5;112m[Appium]&amp#27;[0m Requiring driver at C:\Users\User1\.appium\node_modules\appium-uiautomator2-driver\build\index.js
&amp#27;[38;5;112m[Appium]&amp#27;[0m Requiring driver at C:\Users\User1\.appium\node_modules\appium-espresso-driver\build\index.js
&amp#27;[38;5;112m[Appium]&amp#27;[0m Requiring driver at C:\Users\User1\.appium\node_modules\appium-xcuitest-driver\build\index.js
&amp#27;[38;5;112m[Appium]&amp#27;[0m AndroidUiautomator2Driver has been successfully loaded in 2.465s
&amp#27;[38;5;112m[Appium]&amp#27;[0m EspressoDriver has been successfully loaded in 2.464s
&amp#27;[38;5;112m[Appium]&amp#27;[0m XCUITestDriver has been successfully loaded in 2.464s
&amp#27;[38;5;112m[Appium]&amp#27;[0m Attempting to load driver gecko...
&amp#27;[38;5;112m[Appium]&amp#27;[0m Requiring driver at C:\Users\User1\.appium\node_modules\appium-geckodriver\build\index.js
&amp#27;[38;5;112m[Appium]&amp#27;[0m GeckoDriver has been successfully loaded in 0.094s
&amp#27;[38;5;112m[Appium]&amp#27;[0m Appium REST http interface listener started on http://0.0.0.0:4723
&amp#27;[38;5;112m[Appium]&amp#27;[0m You can provide the following URLs in your client code to connect to this server:
	http://192.168.0.114:4723/
	http://127.0.0.1:4723/ (only accessible from the same host)
&amp#27;[38;5;112m[Appium]&amp#27;[0m Available drivers:
&amp#27;[38;5;112m[Appium]&amp#27;[0m   - uiautomator2@3.8.0 (automationName 'UiAutomator2')
&amp#27;[38;5;112m[Appium]&amp#27;[0m   - xcuitest@7.27.1 (automationName 'XCUITest')
&amp#27;[38;5;112m[Appium]&amp#27;[0m   - espresso@3.5.0 (automationName 'Espresso')
&amp#27;[38;5;112m[Appium]&amp#27;[0m   - gecko@1.4.0 (automationName 'Gecko')
&amp#27;[38;5;112m[Appium]&amp#27;[0m No plugins have been installed. Use the "appium plugin" command to install the one(s) you want to use.
&amp#27;[38;5;86m[HTTP]&amp#27;[0m &amp#27;[37m-->&amp#27;[39m &amp#27;[37mGET&amp#27;[39m &amp#27;[37m/status&amp#27;[39m &amp#27;[90m{}&amp#27;[39m
&amp#27;[38;5;25m[AppiumDriver@9d73]&amp#27;[0m Calling AppiumDriver.getStatus() with args: []
&amp#27;[38;5;25m[AppiumDriver@9d73]&amp#27;[0m Responding to client with driver.getStatus() result: {"ready":true,"message":"The server is ready to accept new connections","build":{"version":"2.11.5"}}
&amp#27;[38;5;86m[HTTP]&amp#27;[0m &amp#27;[37m<-- GET /status &amp#27;[39m&amp#27;[32m200&amp#27;[39m &amp#27;[90m6 ms - 111&amp#27;[39m &amp#27;[90m&amp#27;[39m
&amp#27;[38;5;86m[HTTP]&amp#27;[0m Request idempotency key: 6fbf52f5-96ed-4116-afa8-0f976fc9ef62
&amp#27;[38;5;86m[HTTP]&amp#27;[0m &amp#27;[37m-->&amp#27;[39m &amp#27;[37mPOST&amp#27;[39m &amp#27;[37m/session&amp#27;[39m &amp#27;[90m{"capabilities":{"firstMatch":[{"appium:chromedriverExecutable":"C://Users//User1//Downloads//chromedriver-win64//chromedriver-win64//chromedriver.exe","appium:deviceName":"Rajemulator","platformName":"ANDROID","appium:automationName":"UIAutomator2","appium:app":"C:\\Users\\User1\\eclipse-workspace\\eCommerceFramework//src//main//resources//General-Store.apk"}]}}&amp#27;[39m
&amp#27;[38;5;25m[AppiumDriver@9d73]&amp#27;[0m Calling AppiumDriver.createSession() with args: [null,null,{"firstMatch":[{"appium:chromedriverExecutable":"C://Users//User1//Downloads//chromedriver-win64//chromedriver-win64//chromedriver.exe","appium:deviceName":"Rajemulator","platformName":"ANDROID","appium:automationName":"UIAutomator2","appium:app":"C:\\Users\\User1\\eclipse-workspace\\eCommerceFramework//src//main//resources//General-Store.apk"}]}]
&amp#27;[38;5;25m[AppiumDriver@9d73]&amp#27;[0m Event 'newSessionRequested' logged at 1744634845233 (18:17:25 GMT+0530 (India Standard Time))
&amp#27;[38;5;112m[Appium]&amp#27;[0m Attempting to find matching driver for automationName 'UIAutomator2' and platformName 'ANDROID'
&amp#27;[38;5;112m[Appium]&amp#27;[0m The 'uiautomator2' driver was installed and matched caps.
&amp#27;[38;5;112m[Appium]&amp#27;[0m Will require it at C:\Users\User1\.appium\node_modules\appium-uiautomator2-driver
&amp#27;[38;5;112m[Appium]&amp#27;[0m Requiring driver at C:\Users\User1\.appium\node_modules\appium-uiautomator2-driver\build\index.js
&amp#27;[38;5;25m[AppiumDriver@9d73]&amp#27;[0m Appium v2.11.5 creating new AndroidUiautomator2Driver (v3.8.0) session
&amp#27;[38;5;25m[AppiumDriver@9d73]&amp#27;[0m Checking BaseDriver versions for Appium and AndroidUiautomator2Driver
&amp#27;[38;5;25m[AppiumDriver@9d73]&amp#27;[0m Appium's BaseDriver version is 9.11.5
&amp#27;[38;5;25m[AppiumDriver@9d73]&amp#27;[0m AndroidUiautomator2Driver's BaseDriver version is 9.11.5
&amp#27;[38;5;-71m[AndroidUiautomator2Driver@0c01]&amp#27;[0m 
&amp#27;[38;5;-71m[AndroidUiautomator2Driver@0c01]&amp#27;[0m Creating session with W3C capabilities: {
  "alwaysMatch": {
    "platformName": "ANDROID",
    "appium:chromedriverExecutable": "C://Users//User1//Downloads//chromedriver-win64//chromedriver-win64//chromedriver.exe",
    "appium:deviceName": "Rajemulator",
    "appium:automationName": "UIAutomator2",
    "appium:app": "C:\\Users\\User1\\eclipse-workspace\\eCommerceFramework//src//main//resources//General-Store.apk"
  },
  "firstMatch": [
    {}
  ]
}
&amp#27;[38;5;62m[b0ba2a62]&amp#27;[0m&amp#27;[38;5;-71m[AndroidUiautomator2Driver@0c01]&amp#27;[0m Session created with session id: b0ba2a62-81e9-4549-a86a-5c4087153a08
&amp#27;[38;5;62m[b0ba2a62]&amp#27;[0m&amp#27;[38;5;229m[ADB]&amp#27;[0m Found 3 'build-tools' folders under 'C:\Users\User1\AppData\Local\Android\Sdk' (newest first):
&amp#27;[38;5;62m[b0ba2a62]&amp#27;[0m&amp#27;[38;5;229m[ADB]&amp#27;[0m     C:\Users\User1\AppData\Local\Android\Sdk\build-tools\36.0.0-rc1
&amp#27;[38;5;62m[b0ba2a62]&amp#27;[0m&amp#27;[38;5;229m[ADB]&amp#27;[0m     C:\Users\User1\AppData\Local\Android\Sdk\build-tools\35.0.0
&amp#27;[38;5;62m[b0ba2a62]&amp#27;[0m&amp#27;[38;5;229m[ADB]&amp#27;[0m     C:\Users\User1\AppData\Local\Android\Sdk\build-tools\34.0.0
&amp#27;[38;5;62m[b0ba2a62]&amp#27;[0m&amp#27;[38;5;229m[ADB]&amp#27;[0m Using 'adb.exe' from 'C:\Users\User1\AppData\Local\Android\Sdk\platform-tools\adb.exe'
&amp#27;[38;5;62m[b0ba2a62]&amp#27;[0m&amp#27;[38;5;229m[ADB]&amp#27;[0m Running 'C:\Users\User1\AppData\Local\Android\Sdk\platform-tools\adb.exe -P 5037 start-server'
&amp#27;[38;5;62m[b0ba2a62]&amp#27;[0m&amp#27;[38;5;-71m[AndroidUiautomator2Driver@0c01]&amp#27;[0m Retrieving device list
&amp#27;[38;5;62m[b0ba2a62]&amp#27;[0m&amp#27;[38;5;229m[ADB]&amp#27;[0m Trying to find connected Android devices
&amp#27;[38;5;62m[b0ba2a62]&amp#27;[0m&amp#27;[38;5;229m[ADB]&amp#27;[0m Getting connected devices
&amp#27;[38;5;62m[b0ba2a62]&amp#27;[0m&amp#27;[38;5;229m[ADB]&amp#27;[0m Connected devices: [{"udid":"emulator-5554","state":"device"}]
&amp#27;[38;5;62m[b0ba2a62]&amp#27;[0m&amp#27;[38;5;-71m[AndroidUiautomator2Driver@0c01]&amp#27;[0m Using device: emulator-5554
&amp#27;[38;5;62m[b0ba2a62]&amp#27;[0m&amp#27;[38;5;229m[ADB]&amp#27;[0m Using 'adb.exe' from 'C:\Users\User1\AppData\Local\Android\Sdk\platform-tools\adb.exe'
&amp#27;[38;5;62m[b0ba2a62]&amp#27;[0m&amp#27;[38;5;229m[ADB]&amp#27;[0m Running 'C:\Users\User1\AppData\Local\Android\Sdk\platform-tools\adb.exe -P 5037 start-server'
&amp#27;[38;5;62m[b0ba2a62]&amp#27;[0m&amp#27;[38;5;229m[ADB]&amp#27;[0m Setting device id to emulator-5554
&amp#27;[38;5;62m[b0ba2a62]&amp#27;[0m&amp#27;[38;5;123m[BaseDriver]&amp#27;[0m Using local app 'C:\Users\User1\eclipse-workspace\eCommerceFramework//src//main//resources//General-Store.apk'
&amp#27;[38;5;62m[b0ba2a62]&amp#27;[0m&amp#27;[38;5;-71m[AndroidUiautomator2Driver@0c01]&amp#27;[0m Checking whether app is actually present
&amp#27;[38;5;62m[b0ba2a62]&amp#27;[0m&amp#27;[38;5;229m[ADB]&amp#27;[0m Running 'C:\Users\User1\AppData\Local\Android\Sdk\platform-tools\adb.exe -P 5037 -s emulator-5554 shell getprop ro.build.version.sdk'
&amp#27;[38;5;62m[b0ba2a62]&amp#27;[0m&amp#27;[38;5;229m[ADB]&amp#27;[0m Current device property 'ro.build.version.sdk': 35
&amp#27;[38;5;62m[b0ba2a62]&amp#27;[0m&amp#27;[38;5;229m[ADB]&amp#27;[0m Getting device platform version
&amp#27;[38;5;62m[b0ba2a62]&amp#27;[0m&amp#27;[38;5;229m[ADB]&amp#27;[0m Running 'C:\Users\User1\AppData\Local\Android\Sdk\platform-tools\adb.exe -P 5037 -s emulator-5554 shell getprop ro.build.version.release'
&amp#27;[38;5;62m[b0ba2a62]&amp#27;[0m&amp#27;[38;5;229m[ADB]&amp#27;[0m Current device property 'ro.build.version.release': 15
&amp#27;[38;5;62m[b0ba2a62]&amp#27;[0m&amp#27;[38;5;229m[ADB]&amp#27;[0m Device API level: 35
&amp#27;[38;5;62m[b0ba2a62]&amp#27;[0m&amp#27;[38;5;-71m[AndroidUiautomator2Driver@0c01]&amp#27;[0m Relaxing hidden api policy
&amp#27;[38;5;62m[b0ba2a62]&amp#27;[0m&amp#27;[38;5;229m[ADB]&amp#27;[0m Running 'C:\Users\User1\AppData\Local\Android\Sdk\platform-tools\adb.exe -P 5037 -s emulator-5554 shell 'settings put global hidden_api_policy_pre_p_apps 1;settings put global hidden_api_policy_p_apps 1;settings put global hidden_api_policy 1''
&amp#27;[38;5;62m[b0ba2a62]&amp#27;[0m&amp#27;[38;5;-71m[AndroidUiautomator2Driver@0c01]&amp#27;[0m Parsing package and activity from app manifest
&amp#27;[38;5;62m[b0ba2a62]&amp#27;[0m&amp#27;[38;5;229m[ADB]&amp#27;[0m Running 'C:\Users\User1\AppData\Local\Android\Sdk\platform-tools\adb.exe -P 5037 -s emulator-5554 wait-for-device'
&amp#27;[38;5;62m[b0ba2a62]&amp#27;[0m&amp#27;[38;5;229m[ADB]&amp#27;[0m Using 'aapt2.exe' from 'C:\Users\User1\AppData\Local\Android\Sdk\build-tools\36.0.0-rc1\aapt2.exe'
&amp#27;[38;5;62m[b0ba2a62]&amp#27;[0m&amp#27;[38;5;229m[ADB]&amp#27;[0m Reading package manifest: 'C:\\Users\\User1\\AppData\\Local\\Android\\Sdk\\build-tools\\36.0.0-rc1\\aapt2.exe dump badging C:\\Users\\User1\\eclipse-workspace\\eCommerceFramework//src//main//resources//General-Store.apk'
&amp#27;[38;5;62m[b0ba2a62]&amp#27;[0m&amp#27;[38;5;229m[ADB]&amp#27;[0m Running 'C:\Users\User1\AppData\Local\Android\Sdk\platform-tools\adb.exe -P 5037 -s emulator-5554 shell echo ping'
&amp#27;[38;5;62m[b0ba2a62]&amp#27;[0m&amp#27;[38;5;229m[ADB]&amp#27;[0m Package name: 'com.androidsample.generalstore'
&amp#27;[38;5;62m[b0ba2a62]&amp#27;[0m&amp#27;[38;5;229m[ADB]&amp#27;[0m Main activity name: 'com.androidsample.generalstore.SplashActivity'
&amp#27;[38;5;62m[b0ba2a62]&amp#27;[0m&amp#27;[38;5;-71m[AndroidUiautomator2Driver@0c01]&amp#27;[0m Parsed package and activity are: com.androidsample.generalstore/com.androidsample.generalstore.SplashActivity
&amp#27;[38;5;62m[b0ba2a62]&amp#27;[0m&amp#27;[38;5;-71m[AndroidUiautomator2Driver@0c01]&amp#27;[0m Pushing settings apk to the device...
&amp#27;[38;5;62m[b0ba2a62]&amp#27;[0m&amp#27;[38;5;229m[ADB]&amp#27;[0m Getting package info for 'io.appium.settings'
&amp#27;[38;5;62m[b0ba2a62]&amp#27;[0m&amp#27;[38;5;229m[ADB]&amp#27;[0m Running 'C:\Users\User1\AppData\Local\Android\Sdk\platform-tools\adb.exe -P 5037 -s emulator-5554 shell dumpsys package io.appium.settings'
&amp#27;[38;5;62m[b0ba2a62]&amp#27;[0m&amp#27;[38;5;229m[ADB]&amp#27;[0m Reading package manifest: 'C:\\Users\\User1\\AppData\\Local\\Android\\Sdk\\build-tools\\36.0.0-rc1\\aapt2.exe dump badging C:\\Users\\User1\\.appium\\node_modules\\appium-uiautomator2-driver\\node_modules\\io.appium.settings\\apks\\settings_apk-debug.apk'
&amp#27;[38;5;62m[b0ba2a62]&amp#27;[0m&amp#27;[38;5;229m[ADB]&amp#27;[0m The version name of the installed 'io.appium.settings' is greater or equal to the application version name ('5.12.13' >= '5.12.13')
&amp#27;[38;5;62m[b0ba2a62]&amp#27;[0m&amp#27;[38;5;229m[ADB]&amp#27;[0m There is no need to install/upgrade 'C:\Users\User1\.appium\node_modules\appium-uiautomator2-driver\node_modules\io.appium.settings\apks\settings_apk-debug.apk'
&amp#27;[38;5;62m[b0ba2a62]&amp#27;[0m&amp#27;[38;5;229m[ADB]&amp#27;[0m Running 'C:\Users\User1\AppData\Local\Android\Sdk\platform-tools\adb.exe -P 5037 -s emulator-5554 shell dumpsys activity services io.appium.settings'
&amp#27;[38;5;62m[b0ba2a62]&amp#27;[0m&amp#27;[38;5;-71m[AndroidUiautomator2Driver@0c01]&amp#27;[0m io.appium.settings is already running. There is no need to reset its permissions.
&amp#27;[38;5;62m[b0ba2a62]&amp#27;[0m&amp#27;[38;5;160m[Logcat]&amp#27;[0m Starting logs capture with command: C:\\Users\\User1\\AppData\\Local\\Android\\Sdk\\platform-tools\\adb.exe -P 5037 -s emulator-5554 logcat -v threadtime
&amp#27;[38;5;62m[b0ba2a62]&amp#27;[0m&amp#27;[38;5;-71m[AndroidUiautomator2Driver@0c01]&amp#27;[0m Forwarding UiAutomator2 Server port 6790 to local port 8201
&amp#27;[38;5;62m[b0ba2a62]&amp#27;[0m&amp#27;[38;5;229m[ADB]&amp#27;[0m Forwarding system: 8201 to device: 6790
&amp#27;[38;5;62m[b0ba2a62]&amp#27;[0m&amp#27;[38;5;229m[ADB]&amp#27;[0m Running 'C:\Users\User1\AppData\Local\Android\Sdk\platform-tools\adb.exe -P 5037 -s emulator-5554 forward tcp:8201 tcp:6790'
&amp#27;[38;5;62m[b0ba2a62]&amp#27;[0m&amp#27;[38;5;229m[ADB]&amp#27;[0m Getting package info for 'io.appium.uiautomator2.server'
&amp#27;[38;5;62m[b0ba2a62]&amp#27;[0m&amp#27;[38;5;229m[ADB]&amp#27;[0m Running 'C:\Users\User1\AppData\Local\Android\Sdk\platform-tools\adb.exe -P 5037 -s emulator-5554 shell dumpsys package io.appium.uiautomator2.server'
&amp#27;[38;5;62m[b0ba2a62]&amp#27;[0m&amp#27;[38;5;229m[ADB]&amp#27;[0m Getting install status for io.appium.uiautomator2.server.test
&amp#27;[38;5;62m[b0ba2a62]&amp#27;[0m&amp#27;[38;5;229m[ADB]&amp#27;[0m Checking app cert for C:\Users\User1\eclipse-workspace\eCommerceFramework//src//main//resources//General-Store.apk
&amp#27;[38;5;62m[b0ba2a62]&amp#27;[0m&amp#27;[38;5;229m[ADB]&amp#27;[0m Running 'C:\Users\User1\AppData\Local\Android\Sdk\platform-tools\adb.exe -P 5037 -s emulator-5554 shell cmd package list packages'
&amp#27;[38;5;62m[b0ba2a62]&amp#27;[0m&amp#27;[38;5;229m[ADB]&amp#27;[0m Using 'apksigner.jar' from 'C:\Users\User1\AppData\Local\Android\Sdk\build-tools\36.0.0-rc1\lib\apksigner.jar'
&amp#27;[38;5;62m[b0ba2a62]&amp#27;[0m&amp#27;[38;5;229m[ADB]&amp#27;[0m Starting apksigner: 'C:\\Program Files\\Java\\jdk-22\\bin\\java.exe' -Xmx1024M -Xss1m -jar C:\\Users\\User1\\AppData\\Local\\Android\\Sdk\\build-tools\\36.0.0-rc1\\lib\\apksigner.jar verify --print-certs C:\\Users\\User1\\eclipse-workspace\\eCommerceFramework//src//main//resources//General-Store.apk
&amp#27;[38;5;62m[b0ba2a62]&amp#27;[0m&amp#27;[38;5;229m[ADB]&amp#27;[0m Reading package manifest: 'C:\\Users\\User1\\AppData\\Local\\Android\\Sdk\\build-tools\\36.0.0-rc1\\aapt2.exe dump badging C:\\Users\\User1\\.appium\\node_modules\\appium-uiautomator2-driver\\node_modules\\appium-uiautomator2-server\\apks\\appium-uiautomator2-server-v7.0.25.apk'
&amp#27;[38;5;62m[b0ba2a62]&amp#27;[0m&amp#27;[38;5;229m[ADB]&amp#27;[0m 'io.appium.uiautomator2.server.test' is installed
&amp#27;[38;5;62m[b0ba2a62]&amp#27;[0m&amp#27;[38;5;229m[ADB]&amp#27;[0m The version name of the installed 'io.appium.uiautomator2.server' is greater or equal to the application version name ('7.0.25' >= '7.0.25')
&amp#27;[38;5;62m[b0ba2a62]&amp#27;[0m&amp#27;[38;5;-71m[AndroidUiautomator2Driver@0c01]&amp#27;[0m Server packages status: [{"installState":"sameVersionInstalled","appPath":"C:\\Users\\User1\\.appium\\node_modules\\appium-uiautomator2-driver\\node_modules\\appium-uiautomator2-server\\apks\\appium-uiautomator2-server-v7.0.25.apk","appId":"io.appium.uiautomator2.server"},{"installState":"sameVersionInstalled","appPath":"C:\\Users\\User1\\.appium\\node_modules\\appium-uiautomator2-driver\\node_modules\\appium-uiautomator2-server\\apks\\appium-uiautomator2-server-debug-androidTest.apk","appId":"io.appium.uiautomator2.server.test"}]
&amp#27;[38;5;62m[b0ba2a62]&amp#27;[0m&amp#27;[38;5;-71m[AndroidUiautomator2Driver@0c01]&amp#27;[0m Server packages are not going to be (re)installed
&amp#27;[38;5;62m[b0ba2a62]&amp#27;[0m&amp#27;[38;5;-71m[AndroidUiautomator2Driver@0c01]&amp#27;[0m Waiting up to 30000ms for services to be available
&amp#27;[38;5;62m[b0ba2a62]&amp#27;[0m&amp#27;[38;5;229m[ADB]&amp#27;[0m Running 'C:\Users\User1\AppData\Local\Android\Sdk\platform-tools\adb.exe -P 5037 -s emulator-5554 shell pm list instrumentation'
&amp#27;[38;5;62m[b0ba2a62]&amp#27;[0m&amp#27;[38;5;-71m[AndroidUiautomator2Driver@0c01]&amp#27;[0m Instrumentation target 'io.appium.uiautomator2.server.test/androidx.test.runner.AndroidJUnitRunner' is available
&amp#27;[38;5;62m[b0ba2a62]&amp#27;[0m&amp#27;[38;5;229m[ADB]&amp#27;[0m Adding packages ["io.appium.settings","io.appium.uiautomator2.server","io.appium.uiautomator2.server.test"] to Doze whitelist
&amp#27;[38;5;62m[b0ba2a62]&amp#27;[0m&amp#27;[38;5;229m[ADB]&amp#27;[0m Got the following command chunks to execute: [["dumpsys","deviceidle","whitelist","+io.appium.settings",";","dumpsys","deviceidle","whitelist","+io.appium.uiautomator2.server",";","dumpsys","deviceidle","whitelist","+io.appium.uiautomator2.server.test",";"]]
&amp#27;[38;5;62m[b0ba2a62]&amp#27;[0m&amp#27;[38;5;229m[ADB]&amp#27;[0m Running 'C:\Users\User1\AppData\Local\Android\Sdk\platform-tools\adb.exe -P 5037 -s emulator-5554 shell dumpsys deviceidle whitelist +io.appium.settings ; dumpsys deviceidle whitelist +io.appium.uiautomator2.server ; dumpsys deviceidle whitelist +io.appium.uiautomator2.server.test ;'
&amp#27;[38;5;62m[b0ba2a62]&amp#27;[0m&amp#27;[38;5;229m[ADB]&amp#27;[0m apksigner stdout: Signer #1 certificate DN: C=US, O=Android, CN=Android Debug
Signer #1 certificate SHA-256 digest: f5f5931c019be6bff8a26255f76ae9ef8a8e631d2a702ec10e91110231549eef
Signer #1 certificate SHA-1 digest: b250161db8b5d0a1bd39154c9fd749bdad79c1a3
Signer #1 certificate MD5 digest: 7a5550323d84472ca25a0861c63e0a6c

&amp#27;[38;5;62m[b0ba2a62]&amp#27;[0m&amp#27;[38;5;229m[ADB]&amp#27;[0m 'C:\Users\User1\eclipse-workspace\eCommerceFramework//src//main//resources//General-Store.apk' is signed with a non-default certificate
&amp#27;[38;5;62m[b0ba2a62]&amp#27;[0m&amp#27;[38;5;229m[ADB]&amp#27;[0m Getting package info for 'com.androidsample.generalstore'
&amp#27;[38;5;62m[b0ba2a62]&amp#27;[0m&amp#27;[38;5;229m[ADB]&amp#27;[0m Running 'C:\Users\User1\AppData\Local\Android\Sdk\platform-tools\adb.exe -P 5037 -s emulator-5554 shell dumpsys package com.androidsample.generalstore'
&amp#27;[38;5;62m[b0ba2a62]&amp#27;[0m&amp#27;[38;5;229m[ADB]&amp#27;[0m Reading package manifest: 'C:\\Users\\User1\\AppData\\Local\\Android\\Sdk\\build-tools\\36.0.0-rc1\\aapt2.exe dump badging C:\\Users\\User1\\eclipse-workspace\\eCommerceFramework//src//main//resources//General-Store.apk'
&amp#27;[38;5;62m[b0ba2a62]&amp#27;[0m&amp#27;[38;5;229m[ADB]&amp#27;[0m The version name of the installed 'com.androidsample.generalstore' is greater or equal to the application version name ('1.0.0' >= '1.0.0')
&amp#27;[38;5;62m[b0ba2a62]&amp#27;[0m&amp#27;[38;5;229m[ADB]&amp#27;[0m There is no need to install/upgrade 'C:\Users\User1\eclipse-workspace\eCommerceFramework//src//main//resources//General-Store.apk'
&amp#27;[38;5;62m[b0ba2a62]&amp#27;[0m&amp#27;[38;5;-71m[AndroidUiautomator2Driver@0c01]&amp#27;[0m Performing fast reset on 'com.androidsample.generalstore'
&amp#27;[38;5;62m[b0ba2a62]&amp#27;[0m&amp#27;[38;5;229m[ADB]&amp#27;[0m Getting install status for com.androidsample.generalstore
&amp#27;[38;5;62m[b0ba2a62]&amp#27;[0m&amp#27;[38;5;229m[ADB]&amp#27;[0m Running 'C:\Users\User1\AppData\Local\Android\Sdk\platform-tools\adb.exe -P 5037 -s emulator-5554 shell cmd package list packages'
&amp#27;[38;5;62m[b0ba2a62]&amp#27;[0m&amp#27;[38;5;229m[ADB]&amp#27;[0m 'com.androidsample.generalstore' is installed
&amp#27;[38;5;62m[b0ba2a62]&amp#27;[0m&amp#27;[38;5;229m[ADB]&amp#27;[0m Running 'C:\Users\User1\AppData\Local\Android\Sdk\platform-tools\adb.exe -P 5037 -s emulator-5554 shell am force-stop com.androidsample.generalstore'
&amp#27;[38;5;62m[b0ba2a62]&amp#27;[0m&amp#27;[38;5;229m[ADB]&amp#27;[0m Running 'C:\Users\User1\AppData\Local\Android\Sdk\platform-tools\adb.exe -P 5037 -s emulator-5554 shell pm clear com.androidsample.generalstore'
&amp#27;[38;5;62m[b0ba2a62]&amp#27;[0m&amp#27;[38;5;-71m[AndroidUiautomator2Driver@0c01]&amp#27;[0m Performed fast reset on the installed 'com.androidsample.generalstore' application (stop and clear)
&amp#27;[38;5;62m[b0ba2a62]&amp#27;[0m&amp#27;[38;5;-71m[AndroidUiautomator2Driver@0c01]&amp#27;[0m Performing shallow cleanup of automation leftovers
&amp#27;[38;5;62m[b0ba2a62]&amp#27;[0m&amp#27;[38;5;-71m[AndroidUiautomator2Driver@0c01]&amp#27;[0m No obsolete sessions have been detected (socket hang up)
&amp#27;[38;5;62m[b0ba2a62]&amp#27;[0m&amp#27;[38;5;229m[ADB]&amp#27;[0m Running 'C:\Users\User1\AppData\Local\Android\Sdk\platform-tools\adb.exe -P 5037 -s emulator-5554 shell am force-stop io.appium.uiautomator2.server'
&amp#27;[38;5;62m[b0ba2a62]&amp#27;[0m&amp#27;[38;5;229m[ADB]&amp#27;[0m Running 'C:\Users\User1\AppData\Local\Android\Sdk\platform-tools\adb.exe -P 5037 -s emulator-5554 shell am force-stop io.appium.uiautomator2.server.test'
&amp#27;[38;5;62m[b0ba2a62]&amp#27;[0m&amp#27;[38;5;-71m[AndroidUiautomator2Driver@0c01]&amp#27;[0m Starting UIAutomator2 server 7.0.25
&amp#27;[38;5;62m[b0ba2a62]&amp#27;[0m&amp#27;[38;5;-71m[AndroidUiautomator2Driver@0c01]&amp#27;[0m Using UIAutomator2 server from 'C:\Users\User1\.appium\node_modules\appium-uiautomator2-driver\node_modules\appium-uiautomator2-server\apks\appium-uiautomator2-server-v7.0.25.apk' and test from 'C:\Users\User1\.appium\node_modules\appium-uiautomator2-driver\node_modules\appium-uiautomator2-server\apks\appium-uiautomator2-server-debug-androidTest.apk'
&amp#27;[38;5;62m[b0ba2a62]&amp#27;[0m&amp#27;[38;5;-71m[AndroidUiautomator2Driver@0c01]&amp#27;[0m Waiting up to 30000ms for UiAutomator2 to be online...
&amp#27;[38;5;62m[b0ba2a62]&amp#27;[0m&amp#27;[38;5;229m[ADB]&amp#27;[0m Creating ADB subprocess with args: ["-P","5037","-s","emulator-5554","shell","am","instrument","-w","-e","disableAnalytics","true","io.appium.uiautomator2.server.test/androidx.test.runner.AndroidJUnitRunner"]
&amp#27;[38;5;62m[b0ba2a62]&amp#27;[0m&amp#27;[38;5;-71m[AndroidUiautomator2Driver@0c01]&amp#27;[0m Matched '/status' to command name 'getStatus'
&amp#27;[38;5;62m[b0ba2a62]&amp#27;[0m&amp#27;[38;5;-71m[AndroidUiautomator2Driver@0c01]&amp#27;[0m Proxying [GET /status] to [GET http://127.0.0.1:8201/status] with no body
&amp#27;[38;5;62m[b0ba2a62]&amp#27;[0m&amp#27;[38;5;-71m[AndroidUiautomator2Driver@0c01]&amp#27;[0m socket hang up
&amp#27;[38;5;62m[b0ba2a62]&amp#27;[0m&amp#27;[38;5;-71m[AndroidUiautomator2Driver@0c01]&amp#27;[0m Matched '/status' to command name 'getStatus'
&amp#27;[38;5;62m[b0ba2a62]&amp#27;[0m&amp#27;[38;5;-71m[AndroidUiautomator2Driver@0c01]&amp#27;[0m Proxying [GET /status] to [GET http://127.0.0.1:8201/status] with no body
&amp#27;[38;5;62m[b0ba2a62]&amp#27;[0m&amp#27;[38;5;-71m[AndroidUiautomator2Driver@0c01]&amp#27;[0m socket hang up
&amp#27;[38;5;62m[b0ba2a62]&amp#27;[0m&amp#27;[38;5;-71m[AndroidUiautomator2Driver@0c01]&amp#27;[0m [Instrumentation] 
&amp#27;[38;5;62m[b0ba2a62]&amp#27;[0m&amp#27;[38;5;-71m[AndroidUiautomator2Driver@0c01]&amp#27;[0m Matched '/status' to command name 'getStatus'
&amp#27;[38;5;62m[b0ba2a62]&amp#27;[0m&amp#27;[38;5;-71m[AndroidUiautomator2Driver@0c01]&amp#27;[0m Proxying [GET /status] to [GET http://127.0.0.1:8201/status] with no body
&amp#27;[38;5;62m[b0ba2a62]&amp#27;[0m&amp#27;[38;5;-71m[AndroidUiautomator2Driver@0c01]&amp#27;[0m socket hang up
&amp#27;[38;5;62m[b0ba2a62]&amp#27;[0m&amp#27;[38;5;-71m[AndroidUiautomator2Driver@0c01]&amp#27;[0m Matched '/status' to command name 'getStatus'
&amp#27;[38;5;62m[b0ba2a62]&amp#27;[0m&amp#27;[38;5;-71m[AndroidUiautomator2Driver@0c01]&amp#27;[0m Proxying [GET /status] to [GET http://127.0.0.1:8201/status] with no body
&amp#27;[38;5;62m[b0ba2a62]&amp#27;[0m&amp#27;[38;5;-71m[AndroidUiautomator2Driver@0c01]&amp#27;[0m socket hang up
&amp#27;[38;5;62m[b0ba2a62]&amp#27;[0m&amp#27;[38;5;-71m[AndroidUiautomator2Driver@0c01]&amp#27;[0m Matched '/status' to command name 'getStatus'
&amp#27;[38;5;62m[b0ba2a62]&amp#27;[0m&amp#27;[38;5;-71m[AndroidUiautomator2Driver@0c01]&amp#27;[0m Proxying [GET /status] to [GET http://127.0.0.1:8201/status] with no body
&amp#27;[38;5;62m[b0ba2a62]&amp#27;[0m&amp#27;[38;5;-71m[AndroidUiautomator2Driver@0c01]&amp#27;[0m Got response with status 200: {"sessionId":"None","value":{"message":"UiAutomator2 Server is ready to accept commands","ready":true}}
&amp#27;[38;5;62m[b0ba2a62]&amp#27;[0m&amp#27;[38;5;-71m[AndroidUiautomator2Driver@0c01]&amp#27;[0m The initialization of the instrumentation process took 4463ms
&amp#27;[38;5;62m[b0ba2a62]&amp#27;[0m&amp#27;[38;5;-71m[AndroidUiautomator2Driver@0c01]&amp#27;[0m Matched '/session' to command name 'createSession'
&amp#27;[38;5;62m[b0ba2a62]&amp#27;[0m&amp#27;[38;5;-71m[AndroidUiautomator2Driver@0c01]&amp#27;[0m Proxying [POST /session] to [POST http://127.0.0.1:8201/session] with body: {"capabilities":{"firstMatch":[{"platformName":"ANDROID","chromedriverExecutable":"C://Users//User1//Downloads//chromedriver-win64//chromedriver-win64//chromedriver.exe","deviceName":"emulator-5554","automationName":"UIAutomator2","app":"C:\\Users\\User1\\eclipse-workspace\\eCommerceFramework//src//main//resources//General-Store.apk","platform":"LINUX","webStorageEnabled":false,"takesScreenshot":true,"javascriptEnabled":true,"databaseEnabled":false,"networkConnectionEnabled":true,"locationContextEnabled":false,"warnings":{},"desired":{"platformName":"ANDROID","chromedriverExecutable":"C://Users//User1//Downloads//chromedriver-win64//chromedriver-win64//chromedriver.exe","deviceName":"Rajemulator","automationName":"UIAutomator2","app":"C:\\Users\\User1\\eclipse-workspace\\eCommerceFramework//src//main//resources//General-Store.apk"},"deviceUDID":"emulator-5554","appPackage":"com.androidsample.generalstore"}],"alwaysMatch":{}}}
&amp#27;[38;5;62m[b0ba2a62]&amp#27;[0m&amp#27;[38;5;-71m[AndroidUiautomator2Driver@0c01]&amp#27;[0m Got response with status 200: {"sessionId":"2a917301-f722-4fbf-96e3-1888e2e1bbbd","value":{"capabilities":{"firstMatch":[{"platformName":"ANDROID","chromedriverExecutable":"C://Users//User1//Downloads//chromedriver-win64//chromedriver-win64//chromedriver.exe","deviceName":"emulator-5554","automationName":"UIAutomator2","app":"C:\\Users\\User1\\eclipse-workspace\\eCommerceFramework//src//main//resources//General-Store.apk","platform":"LINUX","webStorageEnabled":false,"takesScreenshot":true,"javascriptEnabled":true,"databaseEnabled":false,"networkConnectionEnabled":true,"locationContextEnabled":false,"warnings":{},"desired":{"platformName":"ANDROID","chromedriverExecutable":"C://Users//User1//Downloads//chromedriver-win64//chromedriver-win64//chromedriver.exe","deviceName":"Rajemulator","automationName":"UIAutomator2","app":"C:\\Users\\User1\\eclipse-workspace\\eCommerceFramework//src//main//resources//General-Store.apk"},"deviceUDID":"emulator-5554","appPackage":"com.androidsample.generalstore"}],"alwaysMatch":{}},"sessionId":"2a917301-...
&amp#27;[38;5;62m[b0ba2a62]&amp#27;[0m&amp#27;[38;5;-71m[AndroidUiautomator2Driver@0c01]&amp#27;[0m Determined the downstream protocol as 'W3C'
&amp#27;[38;5;62m[b0ba2a62]&amp#27;[0m&amp#27;[38;5;-71m[AndroidUiautomator2Driver@0c01]&amp#27;[0m Proxying [GET /appium/device/pixel_ratio] to [GET http://127.0.0.1:8201/session/2a917301-f722-4fbf-96e3-1888e2e1bbbd/appium/device/pixel_ratio] with no body
&amp#27;[38;5;62m[b0ba2a62]&amp#27;[0m&amp#27;[38;5;-71m[AndroidUiautomator2Driver@0c01]&amp#27;[0m Matched '/appium/device/system_bars' to command name 'getSystemBars'
&amp#27;[38;5;62m[b0ba2a62]&amp#27;[0m&amp#27;[38;5;-71m[AndroidUiautomator2Driver@0c01]&amp#27;[0m Proxying [GET /appium/device/system_bars] to [GET http://127.0.0.1:8201/session/2a917301-f722-4fbf-96e3-1888e2e1bbbd/appium/device/system_bars] with no body
&amp#27;[38;5;62m[b0ba2a62]&amp#27;[0m&amp#27;[38;5;-71m[AndroidUiautomator2Driver@0c01]&amp#27;[0m Matched '/window/current/size' to command name 'getWindowSize'
&amp#27;[38;5;62m[b0ba2a62]&amp#27;[0m&amp#27;[38;5;-71m[AndroidUiautomator2Driver@0c01]&amp#27;[0m Proxying [GET /window/current/size] to [GET http://127.0.0.1:8201/session/2a917301-f722-4fbf-96e3-1888e2e1bbbd/window/current/size] with no body
&amp#27;[38;5;62m[b0ba2a62]&amp#27;[0m&amp#27;[38;5;-71m[AndroidUiautomator2Driver@0c01]&amp#27;[0m Proxying [GET /appium/device/info] to [GET http://127.0.0.1:8201/session/2a917301-f722-4fbf-96e3-1888e2e1bbbd/appium/device/info] with no body
&amp#27;[38;5;62m[b0ba2a62]&amp#27;[0m&amp#27;[38;5;229m[ADB]&amp#27;[0m Running 'C:\Users\User1\AppData\Local\Android\Sdk\platform-tools\adb.exe -P 5037 -s emulator-5554 shell dumpsys window'
&amp#27;[38;5;62m[b0ba2a62]&amp#27;[0m&amp#27;[38;5;229m[ADB]&amp#27;[0m Running 'C:\Users\User1\AppData\Local\Android\Sdk\platform-tools\adb.exe -P 5037 -s emulator-5554 shell dumpsys power'
&amp#27;[38;5;62m[b0ba2a62]&amp#27;[0m&amp#27;[38;5;-71m[AndroidUiautomator2Driver@0c01]&amp#27;[0m Got response with status 200: {"sessionId":"2a917301-f722-4fbf-96e3-1888e2e1bbbd","value":2.75}
&amp#27;[38;5;62m[b0ba2a62]&amp#27;[0m&amp#27;[38;5;-71m[AndroidUiautomator2Driver@0c01]&amp#27;[0m Got response with status 200: {"sessionId":"2a917301-f722-4fbf-96e3-1888e2e1bbbd","value":{"statusBar":66}}
&amp#27;[38;5;62m[b0ba2a62]&amp#27;[0m&amp#27;[38;5;-71m[AndroidUiautomator2Driver@0c01]&amp#27;[0m Got response with status 200: {"sessionId":"2a917301-f722-4fbf-96e3-1888e2e1bbbd","value":{"height":2220,"width":1080}}
&amp#27;[38;5;62m[b0ba2a62]&amp#27;[0m&amp#27;[38;5;-71m[AndroidUiautomator2Driver@0c01]&amp#27;[0m Got response with status 200: {"sessionId":"2a917301-f722-4fbf-96e3-1888e2e1bbbd","value":{"androidId":"ccd4b39f6a24ddc3","apiVersion":"35","bluetooth":{"state":"OFF"},"brand":"google","carrierName":"T-Mobile","displayDensity":440,"locale":"en_US","manufacturer":"Google","model":"sdk_gphone64_x86_64","networks":[{"capabilities":{"SSID":null,"linkDownBandwidthKbps":4300,"linkUpstreamBandwidthKbps":1800,"networkCapabilities":"NET_CAPABILITY_MMS,NET_CAPABILITY_SUPL,NET_CAPABILITY_IA,NET_CAPABILITY_XCAP,NET_CAPABILITY_INTERNET,NET_CAPABILITY_NOT_RESTRICTED,NET_CAPABILITY_TRUSTED,NET_CAPABILITY_NOT_VPN,NET_CAPABILITY_VALIDATED,NET_CAPABILITY_NOT_ROAMING,NET_CAPABILITY_NOT_CONGESTED,NET_CAPABILITY_NOT_SUSPENDED","signalStrength":-2147483648,"transportTypes":"TRANSPORT_CELLULAR"},"detailedState":"CONNECTED","extraInfo":"fast.t-mobile.com","isAvailable":true,"isConnected":true,"isFailover":false,"isRoaming":false,"state":"CONNECTED","subtype":10,"subtypeName":"HSPA","type":0,"typeName":"MOBILE"},{"capabilities":{"SSID":null,"linkDownBandwidthK...
&amp#27;[38;5;62m[b0ba2a62]&amp#27;[0m&amp#27;[38;5;-71m[AndroidUiautomator2Driver@0c01]&amp#27;[0m Screen already unlocked, doing nothing
&amp#27;[38;5;62m[b0ba2a62]&amp#27;[0m&amp#27;[38;5;-71m[AndroidUiautomator2Driver@0c01]&amp#27;[0m Starting 'com.androidsample.generalstore/com.androidsample.generalstore.SplashActivity and waiting for 'com.androidsample.generalstore/com.androidsample.generalstore.SplashActivity'
&amp#27;[38;5;62m[b0ba2a62]&amp#27;[0m&amp#27;[38;5;229m[ADB]&amp#27;[0m Running 'C:\Users\User1\AppData\Local\Android\Sdk\platform-tools\adb.exe -P 5037 -s emulator-5554 shell am start -W -n com.androidsample.generalstore/com.androidsample.generalstore.SplashActivity -S -a android.intent.action.MAIN -c android.intent.category.LAUNCHER -f 0x10200000'
&amp#27;[38;5;62m[b0ba2a62]&amp#27;[0m&amp#27;[38;5;229m[ADB]&amp#27;[0m Waiting up to 20000ms for activity matching pkg: 'com.androidsample.generalstore' and activity: 'com.androidsample.generalstore.SplashActivity' to be focused
&amp#27;[38;5;62m[b0ba2a62]&amp#27;[0m&amp#27;[38;5;229m[ADB]&amp#27;[0m Possible activities, to be checked: 'com.androidsample.generalstore.SplashActivity', 'com.androidsample.generalstore.com.androidsample.generalstore.SplashActivity'
&amp#27;[38;5;62m[b0ba2a62]&amp#27;[0m&amp#27;[38;5;229m[ADB]&amp#27;[0m Getting focused package and activity
&amp#27;[38;5;62m[b0ba2a62]&amp#27;[0m&amp#27;[38;5;229m[ADB]&amp#27;[0m Running 'C:\Users\User1\AppData\Local\Android\Sdk\platform-tools\adb.exe -P 5037 -s emulator-5554 shell dumpsys window displays'
&amp#27;[38;5;62m[b0ba2a62]&amp#27;[0m&amp#27;[38;5;229m[ADB]&amp#27;[0m Found package: 'com.androidsample.generalstore' and fully qualified activity name : 'com.androidsample.generalstore.SplashActivity'
&amp#27;[38;5;62m[b0ba2a62]&amp#27;[0m&amp#27;[38;5;25m[AppiumDriver@9d73]&amp#27;[0m New AndroidUiautomator2Driver session created successfully, session b0ba2a62-81e9-4549-a86a-5c4087153a08 added to master session list
&amp#27;[38;5;62m[b0ba2a62]&amp#27;[0m&amp#27;[38;5;25m[AppiumDriver@9d73]&amp#27;[0m Event 'newSessionStarted' logged at 1744634854262 (18:17:34 GMT+0530 (India Standard Time))
&amp#27;[38;5;62m[b0ba2a62]&amp#27;[0m&amp#27;[38;5;-71m[AndroidUiautomator2Driver@0c01]&amp#27;[0m Cached the protocol value 'W3C' for the new session b0ba2a62-81e9-4549-a86a-5c4087153a08
&amp#27;[38;5;62m[b0ba2a62]&amp#27;[0m&amp#27;[38;5;-71m[AndroidUiautomator2Driver@0c01]&amp#27;[0m Responding to client with driver.createSession() result: {"capabilities":{"platformName":"ANDROID","chromedriverExecutable":"C://Users//User1//Downloads//chromedriver-win64//chromedriver-win64//chromedriver.exe","deviceName":"emulator-5554","automationName":"UIAutomator2","app":"C:\\Users\\User1\\eclipse-workspace\\eCommerceFramework//src//main//resources//General-Store.apk","platform":"LINUX","webStorageEnabled":false,"takesScreenshot":true,"javascriptEnabled":true,"databaseEnabled":false,"networkConnectionEnabled":true,"locationContextEnabled":false,"warnings":{},"desired":{"platformName":"ANDROID","chromedriverExecutable":"C://Users//User1//Downloads//chromedriver-win64//chromedriver-win64//chromedriver.exe","deviceName":"Rajemulator","automationName":"UIAutomator2","app":"C:\\Users\\User1\\eclipse-workspace\\eCommerceFramework//src//main//resources//General-Store.apk"},"deviceUDID":"emulator-5554","appPackage":"com.androidsample.generalstore","pixelRatio":"2.75","statBarHeight":66,"viewportRect":{"left":0,"top":66,"width":1080,"height":2154},"deviceApiLevel"...
&amp#27;[38;5;62m[b0ba2a62]&amp#27;[0m&amp#27;[38;5;86m[HTTP]&amp#27;[0m &amp#27;[37m<-- POST /session &amp#27;[39m&amp#27;[32m200&amp#27;[39m &amp#27;[90m9031 ms - 1233&amp#27;[39m &amp#27;[90m&amp#27;[39m
Test Started: webViewVerification
&amp#27;[38;5;62m[b0ba2a62]&amp#27;[0m&amp#27;[38;5;86m[HTTP]&amp#27;[0m &amp#27;[37m-->&amp#27;[39m &amp#27;[37mGET&amp#27;[39m &amp#27;[37m/session/b0ba2a62-81e9-4549-a86a-5c4087153a08/context&amp#27;[39m &amp#27;[90m{}&amp#27;[39m
&amp#27;[38;5;62m[b0ba2a62]&amp#27;[0m&amp#27;[38;5;-71m[AndroidUiautomator2Driver@0c01]&amp#27;[0m Calling AppiumDriver.getCurrentContext() with args: ["b0ba2a62-81e9-4549-a86a-5c4087153a08"]
&amp#27;[38;5;62m[b0ba2a62]&amp#27;[0m&amp#27;[38;5;-71m[AndroidUiautomator2Driver@0c01]&amp#27;[0m Responding to client with driver.getCurrentContext() result: "NATIVE_APP"
&amp#27;[38;5;62m[b0ba2a62]&amp#27;[0m&amp#27;[38;5;86m[HTTP]&amp#27;[0m &amp#27;[37m<-- GET /session/b0ba2a62-81e9-4549-a86a-5c4087153a08/context &amp#27;[39m&amp#27;[32m200&amp#27;[39m &amp#27;[90m10 ms - 22&amp#27;[39m &amp#27;[90m&amp#27;[39m
&amp#27;[38;5;62m[b0ba2a62]&amp#27;[0m&amp#27;[38;5;86m[HTTP]&amp#27;[0m &amp#27;[37m-->&amp#27;[39m &amp#27;[37mPOST&amp#27;[39m &amp#27;[37m/session/b0ba2a62-81e9-4549-a86a-5c4087153a08/element&amp#27;[39m &amp#27;[90m{"using":"id","value":"com.androidsample.generalstore:id/nameField"}&amp#27;[39m
&amp#27;[38;5;62m[b0ba2a62]&amp#27;[0m&amp#27;[38;5;-71m[AndroidUiautomator2Driver@0c01]&amp#27;[0m Calling AppiumDriver.findElement() with args: ["id","com.androidsample.generalstore:id/nameField","b0ba2a62-81e9-4549-a86a-5c4087153a08"]
&amp#27;[38;5;62m[b0ba2a62]&amp#27;[0m&amp#27;[38;5;-71m[AndroidUiautomator2Driver@0c01]&amp#27;[0m Valid locator strategies for this request: xpath, id, class name, accessibility id, css selector, -android uiautomator
&amp#27;[38;5;62m[b0ba2a62]&amp#27;[0m&amp#27;[38;5;-71m[AndroidUiautomator2Driver@0c01]&amp#27;[0m Waiting up to 0 ms for condition
&amp#27;[38;5;62m[b0ba2a62]&amp#27;[0m&amp#27;[38;5;-71m[AndroidUiautomator2Driver@0c01]&amp#27;[0m Matched '/element' to command name 'findElement'
&amp#27;[38;5;62m[b0ba2a62]&amp#27;[0m&amp#27;[38;5;-71m[AndroidUiautomator2Driver@0c01]&amp#27;[0m Proxying [POST /element] to [POST http://127.0.0.1:8201/session/2a917301-f722-4fbf-96e3-1888e2e1bbbd/element] with body: {"strategy":"id","selector":"com.androidsample.generalstore:id/nameField","context":"","multiple":false}
&amp#27;[38;5;62m[b0ba2a62]&amp#27;[0m&amp#27;[38;5;-71m[AndroidUiautomator2Driver@0c01]&amp#27;[0m Got response with status 404: {"sessionId":"2a917301-f722-4fbf-96e3-1888e2e1bbbd","value":{"error":"no such element","message":"An element could not be located on the page using the given search parameters","stacktrace":"io.appium.uiautomator2.common.exceptions.ElementNotFoundException: An element could not be located on the page using the given search parameters\n\tat io.appium.uiautomator2.handler.FindElement.safeHandle(FindElement.java:63)\n\tat io.appium.uiautomator2.handler.request.SafeRequestHandler.handle(SafeRequestHandler.java:59)\n\tat io.appium.uiautomator2.server.AppiumServlet.handleRequest(AppiumServlet.java:259)\n\tat io.appium.uiautomator2.server.AppiumServlet.handleHttpRequest(AppiumServlet.java:253)\n\tat io.appium.uiautomator2.http.ServerHandler.channelRead(ServerHandler.java:77)\n\tat io.netty.channel.AbstractChannelHandlerContext.invokeChannelRead(AbstractChannelHandlerContext.java:366)\n\tat io.netty.channel.AbstractChannelHandlerContext.invokeChannelRead(AbstractChannelHandlerContext.java:352)\n\tat io.netty.chann...
&amp#27;[38;5;62m[b0ba2a62]&amp#27;[0m&amp#27;[38;5;123m[W3C]&amp#27;[0m Matched W3C error code 'no such element' to NoSuchElementError
&amp#27;[38;5;62m[b0ba2a62]&amp#27;[0m&amp#27;[38;5;-71m[AndroidUiautomator2Driver@0c01]&amp#27;[0m Encountered internal error running command: NoSuchElementError: An element could not be located on the page using the given search parameters.
    at AndroidUiautomator2Driver.findElOrEls (C:\Users\User1\.appium\node_modules\appium-uiautomator2-driver\node_modules\appium-android-driver\lib\commands\find.ts:86:11)
    at processTicksAndRejections (node:internal/process/task_queues:95:5)
    at AndroidUiautomator2Driver.findElOrElsWithProcessing (C:\Users\User1\AppData\Roaming\npm\node_modules\appium\node_modules\@appium\base-driver\lib\basedriver\commands\find.ts:60:12)
    at AndroidUiautomator2Driver.findElement (C:\Users\User1\AppData\Roaming\npm\node_modules\appium\node_modules\@appium\base-driver\lib\basedriver\commands\find.ts:75:12)
&amp#27;[38;5;62m[b0ba2a62]&amp#27;[0m&amp#27;[38;5;86m[HTTP]&amp#27;[0m &amp#27;[37m<-- POST /session/b0ba2a62-81e9-4549-a86a-5c4087153a08/element &amp#27;[39m&amp#27;[33m404&amp#27;[39m &amp#27;[90m492 ms - 890&amp#27;[39m &amp#27;[90m&amp#27;[39m
&amp#27;[38;5;62m[b0ba2a62]&amp#27;[0m&amp#27;[38;5;86m[HTTP]&amp#27;[0m &amp#27;[37m-->&amp#27;[39m &amp#27;[37mPOST&amp#27;[39m &amp#27;[37m/session/b0ba2a62-81e9-4549-a86a-5c4087153a08/element&amp#27;[39m &amp#27;[90m{"using":"id","value":"com.androidsample.generalstore:id/nameField"}&amp#27;[39m
&amp#27;[38;5;62m[b0ba2a62]&amp#27;[0m&amp#27;[38;5;-71m[AndroidUiautomator2Driver@0c01]&amp#27;[0m Calling AppiumDriver.findElement() with args: ["id","com.androidsample.generalstore:id/nameField","b0ba2a62-81e9-4549-a86a-5c4087153a08"]
&amp#27;[38;5;62m[b0ba2a62]&amp#27;[0m&amp#27;[38;5;-71m[AndroidUiautomator2Driver@0c01]&amp#27;[0m Valid locator strategies for this request: xpath, id, class name, accessibility id, css selector, -android uiautomator
&amp#27;[38;5;62m[b0ba2a62]&amp#27;[0m&amp#27;[38;5;-71m[AndroidUiautomator2Driver@0c01]&amp#27;[0m Waiting up to 0 ms for condition
&amp#27;[38;5;62m[b0ba2a62]&amp#27;[0m&amp#27;[38;5;-71m[AndroidUiautomator2Driver@0c01]&amp#27;[0m Matched '/element' to command name 'findElement'
&amp#27;[38;5;62m[b0ba2a62]&amp#27;[0m&amp#27;[38;5;-71m[AndroidUiautomator2Driver@0c01]&amp#27;[0m Proxying [POST /element] to [POST http://127.0.0.1:8201/session/2a917301-f722-4fbf-96e3-1888e2e1bbbd/element] with body: {"strategy":"id","selector":"com.androidsample.generalstore:id/nameField","context":"","multiple":false}
&amp#27;[38;5;62m[b0ba2a62]&amp#27;[0m&amp#27;[38;5;-71m[AndroidUiautomator2Driver@0c01]&amp#27;[0m Got response with status 404: {"sessionId":"2a917301-f722-4fbf-96e3-1888e2e1bbbd","value":{"error":"no such element","message":"An element could not be located on the page using the given search parameters","stacktrace":"io.appium.uiautomator2.common.exceptions.ElementNotFoundException: An element could not be located on the page using the given search parameters\n\tat io.appium.uiautomator2.handler.FindElement.safeHandle(FindElement.java:63)\n\tat io.appium.uiautomator2.handler.request.SafeRequestHandler.handle(SafeRequestHandler.java:59)\n\tat io.appium.uiautomator2.server.AppiumServlet.handleRequest(AppiumServlet.java:259)\n\tat io.appium.uiautomator2.server.AppiumServlet.handleHttpRequest(AppiumServlet.java:253)\n\tat io.appium.uiautomator2.http.ServerHandler.channelRead(ServerHandler.java:77)\n\tat io.netty.channel.AbstractChannelHandlerContext.invokeChannelRead(AbstractChannelHandlerContext.java:366)\n\tat io.netty.channel.AbstractChannelHandlerContext.invokeChannelRead(AbstractChannelHandlerContext.java:352)\n\tat io.netty.chann...
&amp#27;[38;5;62m[b0ba2a62]&amp#27;[0m&amp#27;[38;5;123m[W3C]&amp#27;[0m Matched W3C error code 'no such element' to NoSuchElementError
&amp#27;[38;5;62m[b0ba2a62]&amp#27;[0m&amp#27;[38;5;-71m[AndroidUiautomator2Driver@0c01]&amp#27;[0m Encountered internal error running command: NoSuchElementError: An element could not be located on the page using the given search parameters.
    at AndroidUiautomator2Driver.findElOrEls (C:\Users\User1\.appium\node_modules\appium-uiautomator2-driver\node_modules\appium-android-driver\lib\commands\find.ts:86:11)
    at processTicksAndRejections (node:internal/process/task_queues:95:5)
    at AndroidUiautomator2Driver.findElOrElsWithProcessing (C:\Users\User1\AppData\Roaming\npm\node_modules\appium\node_modules\@appium\base-driver\lib\basedriver\commands\find.ts:60:12)
    at AndroidUiautomator2Driver.findElement (C:\Users\User1\AppData\Roaming\npm\node_modules\appium\node_modules\@appium\base-driver\lib\basedriver\commands\find.ts:75:12)
&amp#27;[38;5;62m[b0ba2a62]&amp#27;[0m&amp#27;[38;5;86m[HTTP]&amp#27;[0m &amp#27;[37m<-- POST /session/b0ba2a62-81e9-4549-a86a-5c4087153a08/element &amp#27;[39m&amp#27;[33m404&amp#27;[39m &amp#27;[90m27 ms - 890&amp#27;[39m &amp#27;[90m&amp#27;[39m
&amp#27;[38;5;62m[b0ba2a62]&amp#27;[0m&amp#27;[38;5;86m[HTTP]&amp#27;[0m &amp#27;[37m-->&amp#27;[39m &amp#27;[37mGET&amp#27;[39m &amp#27;[37m/session/b0ba2a62-81e9-4549-a86a-5c4087153a08/context&amp#27;[39m &amp#27;[90m{}&amp#27;[39m
&amp#27;[38;5;62m[b0ba2a62]&amp#27;[0m&amp#27;[38;5;-71m[AndroidUiautomator2Driver@0c01]&amp#27;[0m Calling AppiumDriver.getCurrentContext() with args: ["b0ba2a62-81e9-4549-a86a-5c4087153a08"]
&amp#27;[38;5;62m[b0ba2a62]&amp#27;[0m&amp#27;[38;5;-71m[AndroidUiautomator2Driver@0c01]&amp#27;[0m Responding to client with driver.getCurrentContext() result: "NATIVE_APP"
&amp#27;[38;5;62m[b0ba2a62]&amp#27;[0m&amp#27;[38;5;86m[HTTP]&amp#27;[0m &amp#27;[37m<-- GET /session/b0ba2a62-81e9-4549-a86a-5c4087153a08/context &amp#27;[39m&amp#27;[32m200&amp#27;[39m &amp#27;[90m6 ms - 22&amp#27;[39m &amp#27;[90m&amp#27;[39m
&amp#27;[38;5;62m[b0ba2a62]&amp#27;[0m&amp#27;[38;5;86m[HTTP]&amp#27;[0m &amp#27;[37m-->&amp#27;[39m &amp#27;[37mPOST&amp#27;[39m &amp#27;[37m/session/b0ba2a62-81e9-4549-a86a-5c4087153a08/element&amp#27;[39m &amp#27;[90m{"using":"id","value":"com.androidsample.generalstore:id/nameField"}&amp#27;[39m
&amp#27;[38;5;62m[b0ba2a62]&amp#27;[0m&amp#27;[38;5;-71m[AndroidUiautomator2Driver@0c01]&amp#27;[0m Calling AppiumDriver.findElement() with args: ["id","com.androidsample.generalstore:id/nameField","b0ba2a62-81e9-4549-a86a-5c4087153a08"]
&amp#27;[38;5;62m[b0ba2a62]&amp#27;[0m&amp#27;[38;5;-71m[AndroidUiautomator2Driver@0c01]&amp#27;[0m Valid locator strategies for this request: xpath, id, class name, accessibility id, css selector, -android uiautomator
&amp#27;[38;5;62m[b0ba2a62]&amp#27;[0m&amp#27;[38;5;-71m[AndroidUiautomator2Driver@0c01]&amp#27;[0m Waiting up to 0 ms for condition
&amp#27;[38;5;62m[b0ba2a62]&amp#27;[0m&amp#27;[38;5;-71m[AndroidUiautomator2Driver@0c01]&amp#27;[0m Matched '/element' to command name 'findElement'
&amp#27;[38;5;62m[b0ba2a62]&amp#27;[0m&amp#27;[38;5;-71m[AndroidUiautomator2Driver@0c01]&amp#27;[0m Proxying [POST /element] to [POST http://127.0.0.1:8201/session/2a917301-f722-4fbf-96e3-1888e2e1bbbd/element] with body: {"strategy":"id","selector":"com.androidsample.generalstore:id/nameField","context":"","multiple":false}
&amp#27;[38;5;62m[b0ba2a62]&amp#27;[0m&amp#27;[38;5;-71m[AndroidUiautomator2Driver@0c01]&amp#27;[0m Got response with status 404: {"sessionId":"2a917301-f722-4fbf-96e3-1888e2e1bbbd","value":{"error":"no such element","message":"An element could not be located on the page using the given search parameters","stacktrace":"io.appium.uiautomator2.common.exceptions.ElementNotFoundException: An element could not be located on the page using the given search parameters\n\tat io.appium.uiautomator2.handler.FindElement.safeHandle(FindElement.java:63)\n\tat io.appium.uiautomator2.handler.request.SafeRequestHandler.handle(SafeRequestHandler.java:59)\n\tat io.appium.uiautomator2.server.AppiumServlet.handleRequest(AppiumServlet.java:259)\n\tat io.appium.uiautomator2.server.AppiumServlet.handleHttpRequest(AppiumServlet.java:253)\n\tat io.appium.uiautomator2.http.ServerHandler.channelRead(ServerHandler.java:77)\n\tat io.netty.channel.AbstractChannelHandlerContext.invokeChannelRead(AbstractChannelHandlerContext.java:366)\n\tat io.netty.channel.AbstractChannelHandlerContext.invokeChannelRead(AbstractChannelHandlerContext.java:352)\n\tat io.netty.chann...
&amp#27;[38;5;62m[b0ba2a62]&amp#27;[0m&amp#27;[38;5;123m[W3C]&amp#27;[0m Matched W3C error code 'no such element' to NoSuchElementError
&amp#27;[38;5;62m[b0ba2a62]&amp#27;[0m&amp#27;[38;5;-71m[AndroidUiautomator2Driver@0c01]&amp#27;[0m Encountered internal error running command: NoSuchElementError: An element could not be located on the page using the given search parameters.
    at AndroidUiautomator2Driver.findElOrEls (C:\Users\User1\.appium\node_modules\appium-uiautomator2-driver\node_modules\appium-android-driver\lib\commands\find.ts:86:11)
    at processTicksAndRejections (node:internal/process/task_queues:95:5)
    at AndroidUiautomator2Driver.findElOrElsWithProcessing (C:\Users\User1\AppData\Roaming\npm\node_modules\appium\node_modules\@appium\base-driver\lib\basedriver\commands\find.ts:60:12)
    at AndroidUiautomator2Driver.findElement (C:\Users\User1\AppData\Roaming\npm\node_modules\appium\node_modules\@appium\base-driver\lib\basedriver\commands\find.ts:75:12)
&amp#27;[38;5;62m[b0ba2a62]&amp#27;[0m&amp#27;[38;5;86m[HTTP]&amp#27;[0m &amp#27;[37m<-- POST /session/b0ba2a62-81e9-4549-a86a-5c4087153a08/element &amp#27;[39m&amp#27;[33m404&amp#27;[39m &amp#27;[90m35 ms - 890&amp#27;[39m &amp#27;[90m&amp#27;[39m
&amp#27;[38;5;62m[b0ba2a62]&amp#27;[0m&amp#27;[38;5;86m[HTTP]&amp#27;[0m &amp#27;[37m-->&amp#27;[39m &amp#27;[37mPOST&amp#27;[39m &amp#27;[37m/session/b0ba2a62-81e9-4549-a86a-5c4087153a08/element&amp#27;[39m &amp#27;[90m{"using":"id","value":"com.androidsample.generalstore:id/nameField"}&amp#27;[39m
&amp#27;[38;5;62m[b0ba2a62]&amp#27;[0m&amp#27;[38;5;-71m[AndroidUiautomator2Driver@0c01]&amp#27;[0m Calling AppiumDriver.findElement() with args: ["id","com.androidsample.generalstore:id/nameField","b0ba2a62-81e9-4549-a86a-5c4087153a08"]
&amp#27;[38;5;62m[b0ba2a62]&amp#27;[0m&amp#27;[38;5;-71m[AndroidUiautomator2Driver@0c01]&amp#27;[0m Valid locator strategies for this request: xpath, id, class name, accessibility id, css selector, -android uiautomator
&amp#27;[38;5;62m[b0ba2a62]&amp#27;[0m&amp#27;[38;5;-71m[AndroidUiautomator2Driver@0c01]&amp#27;[0m Waiting up to 0 ms for condition
&amp#27;[38;5;62m[b0ba2a62]&amp#27;[0m&amp#27;[38;5;-71m[AndroidUiautomator2Driver@0c01]&amp#27;[0m Matched '/element' to command name 'findElement'
&amp#27;[38;5;62m[b0ba2a62]&amp#27;[0m&amp#27;[38;5;-71m[AndroidUiautomator2Driver@0c01]&amp#27;[0m Proxying [POST /element] to [POST http://127.0.0.1:8201/session/2a917301-f722-4fbf-96e3-1888e2e1bbbd/element] with body: {"strategy":"id","selector":"com.androidsample.generalstore:id/nameField","context":"","multiple":false}
&amp#27;[38;5;62m[b0ba2a62]&amp#27;[0m&amp#27;[38;5;-71m[AndroidUiautomator2Driver@0c01]&amp#27;[0m Got response with status 404: {"sessionId":"2a917301-f722-4fbf-96e3-1888e2e1bbbd","value":{"error":"no such element","message":"An element could not be located on the page using the given search parameters","stacktrace":"io.appium.uiautomator2.common.exceptions.ElementNotFoundException: An element could not be located on the page using the given search parameters\n\tat io.appium.uiautomator2.handler.FindElement.safeHandle(FindElement.java:63)\n\tat io.appium.uiautomator2.handler.request.SafeRequestHandler.handle(SafeRequestHandler.java:59)\n\tat io.appium.uiautomator2.server.AppiumServlet.handleRequest(AppiumServlet.java:259)\n\tat io.appium.uiautomator2.server.AppiumServlet.handleHttpRequest(AppiumServlet.java:253)\n\tat io.appium.uiautomator2.http.ServerHandler.channelRead(ServerHandler.java:77)\n\tat io.netty.channel.AbstractChannelHandlerContext.invokeChannelRead(AbstractChannelHandlerContext.java:366)\n\tat io.netty.channel.AbstractChannelHandlerContext.invokeChannelRead(AbstractChannelHandlerContext.java:352)\n\tat io.netty.chann...
&amp#27;[38;5;62m[b0ba2a62]&amp#27;[0m&amp#27;[38;5;123m[W3C]&amp#27;[0m Matched W3C error code 'no such element' to NoSuchElementError
&amp#27;[38;5;62m[b0ba2a62]&amp#27;[0m&amp#27;[38;5;-71m[AndroidUiautomator2Driver@0c01]&amp#27;[0m Encountered internal error running command: NoSuchElementError: An element could not be located on the page using the given search parameters.
    at AndroidUiautomator2Driver.findElOrEls (C:\Users\User1\.appium\node_modules\appium-uiautomator2-driver\node_modules\appium-android-driver\lib\commands\find.ts:86:11)
    at processTicksAndRejections (node:internal/process/task_queues:95:5)
    at AndroidUiautomator2Driver.findElOrElsWithProcessing (C:\Users\User1\AppData\Roaming\npm\node_modules\appium\node_modules\@appium\base-driver\lib\basedriver\commands\find.ts:60:12)
    at AndroidUiautomator2Driver.findElement (C:\Users\User1\AppData\Roaming\npm\node_modules\appium\node_modules\@appium\base-driver\lib\basedriver\commands\find.ts:75:12)
&amp#27;[38;5;62m[b0ba2a62]&amp#27;[0m&amp#27;[38;5;86m[HTTP]&amp#27;[0m &amp#27;[37m<-- POST /session/b0ba2a62-81e9-4549-a86a-5c4087153a08/element &amp#27;[39m&amp#27;[33m404&amp#27;[39m &amp#27;[90m27 ms - 890&amp#27;[39m &amp#27;[90m&amp#27;[39m
&amp#27;[38;5;62m[b0ba2a62]&amp#27;[0m&amp#27;[38;5;86m[HTTP]&amp#27;[0m &amp#27;[37m-->&amp#27;[39m &amp#27;[37mPOST&amp#27;[39m &amp#27;[37m/session/b0ba2a62-81e9-4549-a86a-5c4087153a08/element&amp#27;[39m &amp#27;[90m{"using":"id","value":"com.androidsample.generalstore:id/nameField"}&amp#27;[39m
&amp#27;[38;5;62m[b0ba2a62]&amp#27;[0m&amp#27;[38;5;-71m[AndroidUiautomator2Driver@0c01]&amp#27;[0m Calling AppiumDriver.findElement() with args: ["id","com.androidsample.generalstore:id/nameField","b0ba2a62-81e9-4549-a86a-5c4087153a08"]
&amp#27;[38;5;62m[b0ba2a62]&amp#27;[0m&amp#27;[38;5;-71m[AndroidUiautomator2Driver@0c01]&amp#27;[0m Valid locator strategies for this request: xpath, id, class name, accessibility id, css selector, -android uiautomator
&amp#27;[38;5;62m[b0ba2a62]&amp#27;[0m&amp#27;[38;5;-71m[AndroidUiautomator2Driver@0c01]&amp#27;[0m Waiting up to 0 ms for condition
&amp#27;[38;5;62m[b0ba2a62]&amp#27;[0m&amp#27;[38;5;-71m[AndroidUiautomator2Driver@0c01]&amp#27;[0m Matched '/element' to command name 'findElement'
&amp#27;[38;5;62m[b0ba2a62]&amp#27;[0m&amp#27;[38;5;-71m[AndroidUiautomator2Driver@0c01]&amp#27;[0m Proxying [POST /element] to [POST http://127.0.0.1:8201/session/2a917301-f722-4fbf-96e3-1888e2e1bbbd/element] with body: {"strategy":"id","selector":"com.androidsample.generalstore:id/nameField","context":"","multiple":false}
&amp#27;[38;5;62m[b0ba2a62]&amp#27;[0m&amp#27;[38;5;-71m[AndroidUiautomator2Driver@0c01]&amp#27;[0m Got response with status 200: {"sessionId":"2a917301-f722-4fbf-96e3-1888e2e1bbbd","value":{"ELEMENT":"00000000-0000-06e0-ffff-ffff0000001c","element-6066-11e4-a52e-4f735466cecf":"00000000-0000-06e0-ffff-ffff0000001c"}}
&amp#27;[38;5;62m[b0ba2a62]&amp#27;[0m&amp#27;[38;5;-71m[AndroidUiautomator2Driver@0c01]&amp#27;[0m Responding to client with driver.findElement() result: {"element-6066-11e4-a52e-4f735466cecf":"00000000-0000-06e0-ffff-ffff0000001c","ELEMENT":"00000000-0000-06e0-ffff-ffff0000001c"}
&amp#27;[38;5;62m[b0ba2a62]&amp#27;[0m&amp#27;[38;5;86m[HTTP]&amp#27;[0m &amp#27;[37m<-- POST /session/b0ba2a62-81e9-4549-a86a-5c4087153a08/element &amp#27;[39m&amp#27;[32m200&amp#27;[39m &amp#27;[90m1388 ms - 137&amp#27;[39m &amp#27;[90m&amp#27;[39m
&amp#27;[38;5;62m[b0ba2a62]&amp#27;[0m&amp#27;[38;5;86m[HTTP]&amp#27;[0m &amp#27;[37m-->&amp#27;[39m &amp#27;[37mGET&amp#27;[39m &amp#27;[37m/session/b0ba2a62-81e9-4549-a86a-5c4087153a08/element/00000000-0000-06e0-ffff-ffff0000001c/displayed&amp#27;[39m &amp#27;[90m{}&amp#27;[39m
&amp#27;[38;5;62m[b0ba2a62]&amp#27;[0m&amp#27;[38;5;-71m[AndroidUiautomator2Driver@0c01]&amp#27;[0m Calling AppiumDriver.elementDisplayed() with args: ["00000000-0000-06e0-ffff-ffff0000001c","b0ba2a62-81e9-4549-a86a-5c4087153a08"]
&amp#27;[38;5;62m[b0ba2a62]&amp#27;[0m&amp#27;[38;5;-71m[AndroidUiautomator2Driver@0c01]&amp#27;[0m Matched '/element/00000000-0000-06e0-ffff-ffff0000001c/attribute/displayed' to command name 'getAttribute'
&amp#27;[38;5;62m[b0ba2a62]&amp#27;[0m&amp#27;[38;5;-71m[AndroidUiautomator2Driver@0c01]&amp#27;[0m Proxying [GET /element/00000000-0000-06e0-ffff-ffff0000001c/attribute/displayed] to [GET http://127.0.0.1:8201/session/2a917301-f722-4fbf-96e3-1888e2e1bbbd/element/00000000-0000-06e0-ffff-ffff0000001c/attribute/displayed] with no body
&amp#27;[38;5;62m[b0ba2a62]&amp#27;[0m&amp#27;[38;5;-71m[AndroidUiautomator2Driver@0c01]&amp#27;[0m Got response with status 200: {"sessionId":"2a917301-f722-4fbf-96e3-1888e2e1bbbd","value":"true"}
&amp#27;[38;5;62m[b0ba2a62]&amp#27;[0m&amp#27;[38;5;-71m[AndroidUiautomator2Driver@0c01]&amp#27;[0m Responding to client with driver.elementDisplayed() result: true
&amp#27;[38;5;62m[b0ba2a62]&amp#27;[0m&amp#27;[38;5;86m[HTTP]&amp#27;[0m &amp#27;[37m<-- GET /session/b0ba2a62-81e9-4549-a86a-5c4087153a08/element/00000000-0000-06e0-ffff-ffff0000001c/displayed &amp#27;[39m&amp#27;[32m200&amp#27;[39m &amp#27;[90m17 ms - 14&amp#27;[39m &amp#27;[90m&amp#27;[39m
&amp#27;[38;5;62m[b0ba2a62]&amp#27;[0m&amp#27;[38;5;86m[HTTP]&amp#27;[0m &amp#27;[37m-->&amp#27;[39m &amp#27;[37mGET&amp#27;[39m &amp#27;[37m/session/b0ba2a62-81e9-4549-a86a-5c4087153a08/context&amp#27;[39m &amp#27;[90m{}&amp#27;[39m
&amp#27;[38;5;62m[b0ba2a62]&amp#27;[0m&amp#27;[38;5;-71m[AndroidUiautomator2Driver@0c01]&amp#27;[0m Calling AppiumDriver.getCurrentContext() with args: ["b0ba2a62-81e9-4549-a86a-5c4087153a08"]
&amp#27;[38;5;62m[b0ba2a62]&amp#27;[0m&amp#27;[38;5;-71m[AndroidUiautomator2Driver@0c01]&amp#27;[0m Responding to client with driver.getCurrentContext() result: "NATIVE_APP"
&amp#27;[38;5;62m[b0ba2a62]&amp#27;[0m&amp#27;[38;5;86m[HTTP]&amp#27;[0m &amp#27;[37m<-- GET /session/b0ba2a62-81e9-4549-a86a-5c4087153a08/context &amp#27;[39m&amp#27;[32m200&amp#27;[39m &amp#27;[90m1 ms - 22&amp#27;[39m &amp#27;[90m&amp#27;[39m
&amp#27;[38;5;62m[b0ba2a62]&amp#27;[0m&amp#27;[38;5;86m[HTTP]&amp#27;[0m &amp#27;[37m-->&amp#27;[39m &amp#27;[37mPOST&amp#27;[39m &amp#27;[37m/session/b0ba2a62-81e9-4549-a86a-5c4087153a08/element&amp#27;[39m &amp#27;[90m{"using":"id","value":"com.androidsample.generalstore:id/nameField"}&amp#27;[39m
&amp#27;[38;5;62m[b0ba2a62]&amp#27;[0m&amp#27;[38;5;-71m[AndroidUiautomator2Driver@0c01]&amp#27;[0m Calling AppiumDriver.findElement() with args: ["id","com.androidsample.generalstore:id/nameField","b0ba2a62-81e9-4549-a86a-5c4087153a08"]
&amp#27;[38;5;62m[b0ba2a62]&amp#27;[0m&amp#27;[38;5;-71m[AndroidUiautomator2Driver@0c01]&amp#27;[0m Valid locator strategies for this request: xpath, id, class name, accessibility id, css selector, -android uiautomator
&amp#27;[38;5;62m[b0ba2a62]&amp#27;[0m&amp#27;[38;5;-71m[AndroidUiautomator2Driver@0c01]&amp#27;[0m Waiting up to 0 ms for condition
&amp#27;[38;5;62m[b0ba2a62]&amp#27;[0m&amp#27;[38;5;-71m[AndroidUiautomator2Driver@0c01]&amp#27;[0m Matched '/element' to command name 'findElement'
&amp#27;[38;5;62m[b0ba2a62]&amp#27;[0m&amp#27;[38;5;-71m[AndroidUiautomator2Driver@0c01]&amp#27;[0m Proxying [POST /element] to [POST http://127.0.0.1:8201/session/2a917301-f722-4fbf-96e3-1888e2e1bbbd/element] with body: {"strategy":"id","selector":"com.androidsample.generalstore:id/nameField","context":"","multiple":false}
&amp#27;[38;5;62m[b0ba2a62]&amp#27;[0m&amp#27;[38;5;-71m[AndroidUiautomator2Driver@0c01]&amp#27;[0m Got response with status 200: {"sessionId":"2a917301-f722-4fbf-96e3-1888e2e1bbbd","value":{"ELEMENT":"00000000-0000-06e0-ffff-ffff0000001c","element-6066-11e4-a52e-4f735466cecf":"00000000-0000-06e0-ffff-ffff0000001c"}}
&amp#27;[38;5;62m[b0ba2a62]&amp#27;[0m&amp#27;[38;5;-71m[AndroidUiautomator2Driver@0c01]&amp#27;[0m Responding to client with driver.findElement() result: {"element-6066-11e4-a52e-4f735466cecf":"00000000-0000-06e0-ffff-ffff0000001c","ELEMENT":"00000000-0000-06e0-ffff-ffff0000001c"}
&amp#27;[38;5;62m[b0ba2a62]&amp#27;[0m&amp#27;[38;5;86m[HTTP]&amp#27;[0m &amp#27;[37m<-- POST /session/b0ba2a62-81e9-4549-a86a-5c4087153a08/element &amp#27;[39m&amp#27;[32m200&amp#27;[39m &amp#27;[90m30 ms - 137&amp#27;[39m &amp#27;[90m&amp#27;[39m
&amp#27;[38;5;62m[b0ba2a62]&amp#27;[0m&amp#27;[38;5;86m[HTTP]&amp#27;[0m &amp#27;[37m-->&amp#27;[39m &amp#27;[37mPOST&amp#27;[39m &amp#27;[37m/session/b0ba2a62-81e9-4549-a86a-5c4087153a08/element/00000000-0000-06e0-ffff-ffff0000001c/value&amp#27;[39m &amp#27;[90m{"value":["R","a","j"],"text":"Raj","id":"00000000-0000-06e0-ffff-ffff0000001c"}&amp#27;[39m
&amp#27;[38;5;62m[b0ba2a62]&amp#27;[0m&amp#27;[38;5;-71m[AndroidUiautomator2Driver@0c01]&amp#27;[0m Calling AppiumDriver.setValue() with args: [["R","a","j"],"00000000-0000-06e0-ffff-ffff0000001c","b0ba2a62-81e9-4549-a86a-5c4087153a08"]
&amp#27;[38;5;62m[b0ba2a62]&amp#27;[0m&amp#27;[38;5;-71m[AndroidUiautomator2Driver@0c01]&amp#27;[0m Matched '/element/00000000-0000-06e0-ffff-ffff0000001c/value' to command name 'setValue'
&amp#27;[38;5;62m[b0ba2a62]&amp#27;[0m&amp#27;[38;5;-71m[AndroidUiautomator2Driver@0c01]&amp#27;[0m Added 'value' property ["R","a","j"] to 'setValue' request body
&amp#27;[38;5;62m[b0ba2a62]&amp#27;[0m&amp#27;[38;5;-71m[AndroidUiautomator2Driver@0c01]&amp#27;[0m Proxying [POST /element/00000000-0000-06e0-ffff-ffff0000001c/value] to [POST http://127.0.0.1:8201/session/2a917301-f722-4fbf-96e3-1888e2e1bbbd/element/00000000-0000-06e0-ffff-ffff0000001c/value] with body: {"elementId":"00000000-0000-06e0-ffff-ffff0000001c","text":"Raj","replace":false,"value":["R","a","j"]}
&amp#27;[38;5;62m[b0ba2a62]&amp#27;[0m&amp#27;[38;5;-71m[AndroidUiautomator2Driver@0c01]&amp#27;[0m Got response with status 200: {"sessionId":"2a917301-f722-4fbf-96e3-1888e2e1bbbd","value":null}
&amp#27;[38;5;62m[b0ba2a62]&amp#27;[0m&amp#27;[38;5;-71m[AndroidUiautomator2Driver@0c01]&amp#27;[0m Responding to client with driver.setValue() result: null
&amp#27;[38;5;62m[b0ba2a62]&amp#27;[0m&amp#27;[38;5;86m[HTTP]&amp#27;[0m &amp#27;[37m<-- POST /session/b0ba2a62-81e9-4549-a86a-5c4087153a08/element/00000000-0000-06e0-ffff-ffff0000001c/value &amp#27;[39m&amp#27;[32m200&amp#27;[39m &amp#27;[90m555 ms - 14&amp#27;[39m &amp#27;[90m&amp#27;[39m
&amp#27;[38;5;62m[b0ba2a62]&amp#27;[0m&amp#27;[38;5;86m[HTTP]&amp#27;[0m &amp#27;[37m-->&amp#27;[39m &amp#27;[37mPOST&amp#27;[39m &amp#27;[37m/session/b0ba2a62-81e9-4549-a86a-5c4087153a08/execute/sync&amp#27;[39m &amp#27;[90m{"script":"mobile: hideKeyboard","args":[]}&amp#27;[39m
&amp#27;[38;5;62m[b0ba2a62]&amp#27;[0m&amp#27;[38;5;-71m[AndroidUiautomator2Driver@0c01]&amp#27;[0m Calling AppiumDriver.execute() with args: ["mobile: hideKeyboard",[],"b0ba2a62-81e9-4549-a86a-5c4087153a08"]
&amp#27;[38;5;62m[b0ba2a62]&amp#27;[0m&amp#27;[38;5;-71m[AndroidUiautomator2Driver@0c01]&amp#27;[0m Executing native command 'mobile: hideKeyboard'
&amp#27;[38;5;62m[b0ba2a62]&amp#27;[0m&amp#27;[38;5;229m[ADB]&amp#27;[0m Running 'C:\Users\User1\AppData\Local\Android\Sdk\platform-tools\adb.exe -P 5037 -s emulator-5554 shell dumpsys input_method'
&amp#27;[38;5;62m[b0ba2a62]&amp#27;[0m&amp#27;[38;5;229m[ADB]&amp#27;[0m Keyboard has no UI; no closing necessary
&amp#27;[38;5;62m[b0ba2a62]&amp#27;[0m&amp#27;[38;5;-71m[AndroidUiautomator2Driver@0c01]&amp#27;[0m Responding to client with driver.execute() result: false
&amp#27;[38;5;62m[b0ba2a62]&amp#27;[0m&amp#27;[38;5;86m[HTTP]&amp#27;[0m &amp#27;[37m<-- POST /session/b0ba2a62-81e9-4549-a86a-5c4087153a08/execute/sync &amp#27;[39m&amp#27;[32m200&amp#27;[39m &amp#27;[90m358 ms - 15&amp#27;[39m &amp#27;[90m&amp#27;[39m
&amp#27;[38;5;62m[b0ba2a62]&amp#27;[0m&amp#27;[38;5;86m[HTTP]&amp#27;[0m &amp#27;[37m-->&amp#27;[39m &amp#27;[37mGET&amp#27;[39m &amp#27;[37m/session/b0ba2a62-81e9-4549-a86a-5c4087153a08/context&amp#27;[39m &amp#27;[90m{}&amp#27;[39m
&amp#27;[38;5;62m[b0ba2a62]&amp#27;[0m&amp#27;[38;5;-71m[AndroidUiautomator2Driver@0c01]&amp#27;[0m Calling AppiumDriver.getCurrentContext() with args: ["b0ba2a62-81e9-4549-a86a-5c4087153a08"]
&amp#27;[38;5;62m[b0ba2a62]&amp#27;[0m&amp#27;[38;5;-71m[AndroidUiautomator2Driver@0c01]&amp#27;[0m Responding to client with driver.getCurrentContext() result: "NATIVE_APP"
&amp#27;[38;5;62m[b0ba2a62]&amp#27;[0m&amp#27;[38;5;86m[HTTP]&amp#27;[0m &amp#27;[37m<-- GET /session/b0ba2a62-81e9-4549-a86a-5c4087153a08/context &amp#27;[39m&amp#27;[32m200&amp#27;[39m &amp#27;[90m1 ms - 22&amp#27;[39m &amp#27;[90m&amp#27;[39m
&amp#27;[38;5;62m[b0ba2a62]&amp#27;[0m&amp#27;[38;5;86m[HTTP]&amp#27;[0m &amp#27;[37m-->&amp#27;[39m &amp#27;[37mPOST&amp#27;[39m &amp#27;[37m/session/b0ba2a62-81e9-4549-a86a-5c4087153a08/element&amp#27;[39m &amp#27;[90m{"using":"xpath","value":"//android.widget.RadioButton[@text='Male']"}&amp#27;[39m
&amp#27;[38;5;62m[b0ba2a62]&amp#27;[0m&amp#27;[38;5;-71m[AndroidUiautomator2Driver@0c01]&amp#27;[0m Calling AppiumDriver.findElement() with args: ["xpath","//android.widget.RadioButton[@text='Male']","b0ba2a62-81e9-4549-a86a-5c4087153a08"]
&amp#27;[38;5;62m[b0ba2a62]&amp#27;[0m&amp#27;[38;5;-71m[AndroidUiautomator2Driver@0c01]&amp#27;[0m Valid locator strategies for this request: xpath, id, class name, accessibility id, css selector, -android uiautomator
&amp#27;[38;5;62m[b0ba2a62]&amp#27;[0m&amp#27;[38;5;-71m[AndroidUiautomator2Driver@0c01]&amp#27;[0m Waiting up to 0 ms for condition
&amp#27;[38;5;62m[b0ba2a62]&amp#27;[0m&amp#27;[38;5;-71m[AndroidUiautomator2Driver@0c01]&amp#27;[0m Matched '/element' to command name 'findElement'
&amp#27;[38;5;62m[b0ba2a62]&amp#27;[0m&amp#27;[38;5;-71m[AndroidUiautomator2Driver@0c01]&amp#27;[0m Proxying [POST /element] to [POST http://127.0.0.1:8201/session/2a917301-f722-4fbf-96e3-1888e2e1bbbd/element] with body: {"strategy":"xpath","selector":"//android.widget.RadioButton[@text='Male']","context":"","multiple":false}
&amp#27;[38;5;62m[b0ba2a62]&amp#27;[0m&amp#27;[38;5;-71m[AndroidUiautomator2Driver@0c01]&amp#27;[0m Got response with status 200: {"sessionId":"2a917301-f722-4fbf-96e3-1888e2e1bbbd","value":{"ELEMENT":"00000000-0000-06e0-ffff-ffff0000001f","element-6066-11e4-a52e-4f735466cecf":"00000000-0000-06e0-ffff-ffff0000001f"}}
&amp#27;[38;5;62m[b0ba2a62]&amp#27;[0m&amp#27;[38;5;-71m[AndroidUiautomator2Driver@0c01]&amp#27;[0m Responding to client with driver.findElement() result: {"element-6066-11e4-a52e-4f735466cecf":"00000000-0000-06e0-ffff-ffff0000001f","ELEMENT":"00000000-0000-06e0-ffff-ffff0000001f"}
&amp#27;[38;5;62m[b0ba2a62]&amp#27;[0m&amp#27;[38;5;86m[HTTP]&amp#27;[0m &amp#27;[37m<-- POST /session/b0ba2a62-81e9-4549-a86a-5c4087153a08/element &amp#27;[39m&amp#27;[32m200&amp#27;[39m &amp#27;[90m921 ms - 137&amp#27;[39m &amp#27;[90m&amp#27;[39m
&amp#27;[38;5;62m[b0ba2a62]&amp#27;[0m&amp#27;[38;5;86m[HTTP]&amp#27;[0m &amp#27;[37m-->&amp#27;[39m &amp#27;[37mPOST&amp#27;[39m &amp#27;[37m/session/b0ba2a62-81e9-4549-a86a-5c4087153a08/element/00000000-0000-06e0-ffff-ffff0000001f/click&amp#27;[39m &amp#27;[90m{"id":"00000000-0000-06e0-ffff-ffff0000001f"}&amp#27;[39m
&amp#27;[38;5;62m[b0ba2a62]&amp#27;[0m&amp#27;[38;5;-71m[AndroidUiautomator2Driver@0c01]&amp#27;[0m Calling AppiumDriver.click() with args: ["00000000-0000-06e0-ffff-ffff0000001f","b0ba2a62-81e9-4549-a86a-5c4087153a08"]
&amp#27;[38;5;62m[b0ba2a62]&amp#27;[0m&amp#27;[38;5;-71m[AndroidUiautomator2Driver@0c01]&amp#27;[0m Matched '/element/00000000-0000-06e0-ffff-ffff0000001f/click' to command name 'click'
&amp#27;[38;5;62m[b0ba2a62]&amp#27;[0m&amp#27;[38;5;-71m[AndroidUiautomator2Driver@0c01]&amp#27;[0m Proxying [POST /element/00000000-0000-06e0-ffff-ffff0000001f/click] to [POST http://127.0.0.1:8201/session/2a917301-f722-4fbf-96e3-1888e2e1bbbd/element/00000000-0000-06e0-ffff-ffff0000001f/click] with body: {"element":"00000000-0000-06e0-ffff-ffff0000001f"}
&amp#27;[38;5;62m[b0ba2a62]&amp#27;[0m&amp#27;[38;5;-71m[AndroidUiautomator2Driver@0c01]&amp#27;[0m Got response with status 200: {"sessionId":"2a917301-f722-4fbf-96e3-1888e2e1bbbd","value":null}
&amp#27;[38;5;62m[b0ba2a62]&amp#27;[0m&amp#27;[38;5;-71m[AndroidUiautomator2Driver@0c01]&amp#27;[0m Responding to client with driver.click() result: null
&amp#27;[38;5;62m[b0ba2a62]&amp#27;[0m&amp#27;[38;5;86m[HTTP]&amp#27;[0m &amp#27;[37m<-- POST /session/b0ba2a62-81e9-4549-a86a-5c4087153a08/element/00000000-0000-06e0-ffff-ffff0000001f/click &amp#27;[39m&amp#27;[32m200&amp#27;[39m &amp#27;[90m78 ms - 14&amp#27;[39m &amp#27;[90m&amp#27;[39m
&amp#27;[38;5;62m[b0ba2a62]&amp#27;[0m&amp#27;[38;5;86m[HTTP]&amp#27;[0m &amp#27;[37m-->&amp#27;[39m &amp#27;[37mGET&amp#27;[39m &amp#27;[37m/session/b0ba2a62-81e9-4549-a86a-5c4087153a08/context&amp#27;[39m &amp#27;[90m{}&amp#27;[39m
&amp#27;[38;5;62m[b0ba2a62]&amp#27;[0m&amp#27;[38;5;-71m[AndroidUiautomator2Driver@0c01]&amp#27;[0m Calling AppiumDriver.getCurrentContext() with args: ["b0ba2a62-81e9-4549-a86a-5c4087153a08"]
&amp#27;[38;5;62m[b0ba2a62]&amp#27;[0m&amp#27;[38;5;-71m[AndroidUiautomator2Driver@0c01]&amp#27;[0m Responding to client with driver.getCurrentContext() result: "NATIVE_APP"
&amp#27;[38;5;62m[b0ba2a62]&amp#27;[0m&amp#27;[38;5;86m[HTTP]&amp#27;[0m &amp#27;[37m<-- GET /session/b0ba2a62-81e9-4549-a86a-5c4087153a08/context &amp#27;[39m&amp#27;[32m200&amp#27;[39m &amp#27;[90m1 ms - 22&amp#27;[39m &amp#27;[90m&amp#27;[39m
&amp#27;[38;5;62m[b0ba2a62]&amp#27;[0m&amp#27;[38;5;86m[HTTP]&amp#27;[0m &amp#27;[37m-->&amp#27;[39m &amp#27;[37mPOST&amp#27;[39m &amp#27;[37m/session/b0ba2a62-81e9-4549-a86a-5c4087153a08/element&amp#27;[39m &amp#27;[90m{"using":"id","value":"android:id/text1"}&amp#27;[39m
&amp#27;[38;5;62m[b0ba2a62]&amp#27;[0m&amp#27;[38;5;-71m[AndroidUiautomator2Driver@0c01]&amp#27;[0m Calling AppiumDriver.findElement() with args: ["id","android:id/text1","b0ba2a62-81e9-4549-a86a-5c4087153a08"]
&amp#27;[38;5;62m[b0ba2a62]&amp#27;[0m&amp#27;[38;5;-71m[AndroidUiautomator2Driver@0c01]&amp#27;[0m Valid locator strategies for this request: xpath, id, class name, accessibility id, css selector, -android uiautomator
&amp#27;[38;5;62m[b0ba2a62]&amp#27;[0m&amp#27;[38;5;-71m[AndroidUiautomator2Driver@0c01]&amp#27;[0m Waiting up to 0 ms for condition
&amp#27;[38;5;62m[b0ba2a62]&amp#27;[0m&amp#27;[38;5;-71m[AndroidUiautomator2Driver@0c01]&amp#27;[0m Matched '/element' to command name 'findElement'
&amp#27;[38;5;62m[b0ba2a62]&amp#27;[0m&amp#27;[38;5;-71m[AndroidUiautomator2Driver@0c01]&amp#27;[0m Proxying [POST /element] to [POST http://127.0.0.1:8201/session/2a917301-f722-4fbf-96e3-1888e2e1bbbd/element] with body: {"strategy":"id","selector":"android:id/text1","context":"","multiple":false}
&amp#27;[38;5;62m[b0ba2a62]&amp#27;[0m&amp#27;[38;5;-71m[AndroidUiautomator2Driver@0c01]&amp#27;[0m Got response with status 200: {"sessionId":"2a917301-f722-4fbf-96e3-1888e2e1bbbd","value":{"ELEMENT":"00000000-0000-06e0-ffff-ffff00000024","element-6066-11e4-a52e-4f735466cecf":"00000000-0000-06e0-ffff-ffff00000024"}}
&amp#27;[38;5;62m[b0ba2a62]&amp#27;[0m&amp#27;[38;5;-71m[AndroidUiautomator2Driver@0c01]&amp#27;[0m Responding to client with driver.findElement() result: {"element-6066-11e4-a52e-4f735466cecf":"00000000-0000-06e0-ffff-ffff00000024","ELEMENT":"00000000-0000-06e0-ffff-ffff00000024"}
&amp#27;[38;5;62m[b0ba2a62]&amp#27;[0m&amp#27;[38;5;86m[HTTP]&amp#27;[0m &amp#27;[37m<-- POST /session/b0ba2a62-81e9-4549-a86a-5c4087153a08/element &amp#27;[39m&amp#27;[32m200&amp#27;[39m &amp#27;[90m85 ms - 137&amp#27;[39m &amp#27;[90m&amp#27;[39m
&amp#27;[38;5;62m[b0ba2a62]&amp#27;[0m&amp#27;[38;5;86m[HTTP]&amp#27;[0m &amp#27;[37m-->&amp#27;[39m &amp#27;[37mPOST&amp#27;[39m &amp#27;[37m/session/b0ba2a62-81e9-4549-a86a-5c4087153a08/element/00000000-0000-06e0-ffff-ffff00000024/click&amp#27;[39m &amp#27;[90m{"id":"00000000-0000-06e0-ffff-ffff00000024"}&amp#27;[39m
&amp#27;[38;5;62m[b0ba2a62]&amp#27;[0m&amp#27;[38;5;-71m[AndroidUiautomator2Driver@0c01]&amp#27;[0m Calling AppiumDriver.click() with args: ["00000000-0000-06e0-ffff-ffff00000024","b0ba2a62-81e9-4549-a86a-5c4087153a08"]
&amp#27;[38;5;62m[b0ba2a62]&amp#27;[0m&amp#27;[38;5;-71m[AndroidUiautomator2Driver@0c01]&amp#27;[0m Matched '/element/00000000-0000-06e0-ffff-ffff00000024/click' to command name 'click'
&amp#27;[38;5;62m[b0ba2a62]&amp#27;[0m&amp#27;[38;5;-71m[AndroidUiautomator2Driver@0c01]&amp#27;[0m Proxying [POST /element/00000000-0000-06e0-ffff-ffff00000024/click] to [POST http://127.0.0.1:8201/session/2a917301-f722-4fbf-96e3-1888e2e1bbbd/element/00000000-0000-06e0-ffff-ffff00000024/click] with body: {"element":"00000000-0000-06e0-ffff-ffff00000024"}
&amp#27;[38;5;62m[b0ba2a62]&amp#27;[0m&amp#27;[38;5;-71m[AndroidUiautomator2Driver@0c01]&amp#27;[0m Got response with status 200: {"sessionId":"2a917301-f722-4fbf-96e3-1888e2e1bbbd","value":null}
&amp#27;[38;5;62m[b0ba2a62]&amp#27;[0m&amp#27;[38;5;-71m[AndroidUiautomator2Driver@0c01]&amp#27;[0m Responding to client with driver.click() result: null
&amp#27;[38;5;62m[b0ba2a62]&amp#27;[0m&amp#27;[38;5;86m[HTTP]&amp#27;[0m &amp#27;[37m<-- POST /session/b0ba2a62-81e9-4549-a86a-5c4087153a08/element/00000000-0000-06e0-ffff-ffff00000024/click &amp#27;[39m&amp#27;[32m200&amp#27;[39m &amp#27;[90m458 ms - 14&amp#27;[39m &amp#27;[90m&amp#27;[39m
&amp#27;[38;5;62m[b0ba2a62]&amp#27;[0m&amp#27;[38;5;86m[HTTP]&amp#27;[0m &amp#27;[37m-->&amp#27;[39m &amp#27;[37mPOST&amp#27;[39m &amp#27;[37m/session/b0ba2a62-81e9-4549-a86a-5c4087153a08/element&amp#27;[39m &amp#27;[90m{"using":"-android uiautomator","value":"new UiScrollable(new UiSelector()).scrollIntoView(text(\"Austria\"));"}&amp#27;[39m
&amp#27;[38;5;62m[b0ba2a62]&amp#27;[0m&amp#27;[38;5;-71m[AndroidUiautomator2Driver@0c01]&amp#27;[0m Calling AppiumDriver.findElement() with args: ["-android uiautomator","new UiScrollable(new UiSelector()).scrollIntoView(text(\"Austria\"));","b0ba2a62-81e9-4549-a86a-5c4087153a08"]
&amp#27;[38;5;62m[b0ba2a62]&amp#27;[0m&amp#27;[38;5;-71m[AndroidUiautomator2Driver@0c01]&amp#27;[0m Valid locator strategies for this request: xpath, id, class name, accessibility id, css selector, -android uiautomator
&amp#27;[38;5;62m[b0ba2a62]&amp#27;[0m&amp#27;[38;5;-71m[AndroidUiautomator2Driver@0c01]&amp#27;[0m Waiting up to 0 ms for condition
&amp#27;[38;5;62m[b0ba2a62]&amp#27;[0m&amp#27;[38;5;-71m[AndroidUiautomator2Driver@0c01]&amp#27;[0m Matched '/element' to command name 'findElement'
&amp#27;[38;5;62m[b0ba2a62]&amp#27;[0m&amp#27;[38;5;-71m[AndroidUiautomator2Driver@0c01]&amp#27;[0m Proxying [POST /element] to [POST http://127.0.0.1:8201/session/2a917301-f722-4fbf-96e3-1888e2e1bbbd/element] with body: {"strategy":"-android uiautomator","selector":"new UiScrollable(new UiSelector()).scrollIntoView(text(\"Austria\"));","context":"","multiple":false}
&amp#27;[38;5;62m[b0ba2a62]&amp#27;[0m&amp#27;[38;5;-71m[AndroidUiautomator2Driver@0c01]&amp#27;[0m Got response with status 200: {"sessionId":"2a917301-f722-4fbf-96e3-1888e2e1bbbd","value":{"ELEMENT":"00000000-0000-06e1-ffff-ffff0000002c","element-6066-11e4-a52e-4f735466cecf":"00000000-0000-06e1-ffff-ffff0000002c"}}
&amp#27;[38;5;62m[b0ba2a62]&amp#27;[0m&amp#27;[38;5;-71m[AndroidUiautomator2Driver@0c01]&amp#27;[0m Responding to client with driver.findElement() result: {"element-6066-11e4-a52e-4f735466cecf":"00000000-0000-06e1-ffff-ffff0000002c","ELEMENT":"00000000-0000-06e1-ffff-ffff0000002c"}
&amp#27;[38;5;62m[b0ba2a62]&amp#27;[0m&amp#27;[38;5;86m[HTTP]&amp#27;[0m &amp#27;[37m<-- POST /session/b0ba2a62-81e9-4549-a86a-5c4087153a08/element &amp#27;[39m&amp#27;[32m200&amp#27;[39m &amp#27;[90m5575 ms - 137&amp#27;[39m &amp#27;[90m&amp#27;[39m
&amp#27;[38;5;62m[b0ba2a62]&amp#27;[0m&amp#27;[38;5;86m[HTTP]&amp#27;[0m &amp#27;[37m-->&amp#27;[39m &amp#27;[37mPOST&amp#27;[39m &amp#27;[37m/session/b0ba2a62-81e9-4549-a86a-5c4087153a08/element&amp#27;[39m &amp#27;[90m{"using":"xpath","value":"//android.widget.TextView[@text='Austria']"}&amp#27;[39m
&amp#27;[38;5;62m[b0ba2a62]&amp#27;[0m&amp#27;[38;5;-71m[AndroidUiautomator2Driver@0c01]&amp#27;[0m Calling AppiumDriver.findElement() with args: ["xpath","//android.widget.TextView[@text='Austria']","b0ba2a62-81e9-4549-a86a-5c4087153a08"]
&amp#27;[38;5;62m[b0ba2a62]&amp#27;[0m&amp#27;[38;5;-71m[AndroidUiautomator2Driver@0c01]&amp#27;[0m Valid locator strategies for this request: xpath, id, class name, accessibility id, css selector, -android uiautomator
&amp#27;[38;5;62m[b0ba2a62]&amp#27;[0m&amp#27;[38;5;-71m[AndroidUiautomator2Driver@0c01]&amp#27;[0m Waiting up to 0 ms for condition
&amp#27;[38;5;62m[b0ba2a62]&amp#27;[0m&amp#27;[38;5;-71m[AndroidUiautomator2Driver@0c01]&amp#27;[0m Matched '/element' to command name 'findElement'
&amp#27;[38;5;62m[b0ba2a62]&amp#27;[0m&amp#27;[38;5;-71m[AndroidUiautomator2Driver@0c01]&amp#27;[0m Proxying [POST /element] to [POST http://127.0.0.1:8201/session/2a917301-f722-4fbf-96e3-1888e2e1bbbd/element] with body: {"strategy":"xpath","selector":"//android.widget.TextView[@text='Austria']","context":"","multiple":false}
&amp#27;[38;5;62m[b0ba2a62]&amp#27;[0m&amp#27;[38;5;-71m[AndroidUiautomator2Driver@0c01]&amp#27;[0m Got response with status 200: {"sessionId":"2a917301-f722-4fbf-96e3-1888e2e1bbbd","value":{"ELEMENT":"00000000-0000-06e1-ffff-ffff0000002c","element-6066-11e4-a52e-4f735466cecf":"00000000-0000-06e1-ffff-ffff0000002c"}}
&amp#27;[38;5;62m[b0ba2a62]&amp#27;[0m&amp#27;[38;5;-71m[AndroidUiautomator2Driver@0c01]&amp#27;[0m Responding to client with driver.findElement() result: {"element-6066-11e4-a52e-4f735466cecf":"00000000-0000-06e1-ffff-ffff0000002c","ELEMENT":"00000000-0000-06e1-ffff-ffff0000002c"}
&amp#27;[38;5;62m[b0ba2a62]&amp#27;[0m&amp#27;[38;5;86m[HTTP]&amp#27;[0m &amp#27;[37m<-- POST /session/b0ba2a62-81e9-4549-a86a-5c4087153a08/element &amp#27;[39m&amp#27;[32m200&amp#27;[39m &amp#27;[90m57 ms - 137&amp#27;[39m &amp#27;[90m&amp#27;[39m
&amp#27;[38;5;62m[b0ba2a62]&amp#27;[0m&amp#27;[38;5;86m[HTTP]&amp#27;[0m &amp#27;[37m-->&amp#27;[39m &amp#27;[37mPOST&amp#27;[39m &amp#27;[37m/session/b0ba2a62-81e9-4549-a86a-5c4087153a08/element/00000000-0000-06e1-ffff-ffff0000002c/click&amp#27;[39m &amp#27;[90m{"id":"00000000-0000-06e1-ffff-ffff0000002c"}&amp#27;[39m
&amp#27;[38;5;62m[b0ba2a62]&amp#27;[0m&amp#27;[38;5;-71m[AndroidUiautomator2Driver@0c01]&amp#27;[0m Calling AppiumDriver.click() with args: ["00000000-0000-06e1-ffff-ffff0000002c","b0ba2a62-81e9-4549-a86a-5c4087153a08"]
&amp#27;[38;5;62m[b0ba2a62]&amp#27;[0m&amp#27;[38;5;-71m[AndroidUiautomator2Driver@0c01]&amp#27;[0m Matched '/element/00000000-0000-06e1-ffff-ffff0000002c/click' to command name 'click'
&amp#27;[38;5;62m[b0ba2a62]&amp#27;[0m&amp#27;[38;5;-71m[AndroidUiautomator2Driver@0c01]&amp#27;[0m Proxying [POST /element/00000000-0000-06e1-ffff-ffff0000002c/click] to [POST http://127.0.0.1:8201/session/2a917301-f722-4fbf-96e3-1888e2e1bbbd/element/00000000-0000-06e1-ffff-ffff0000002c/click] with body: {"element":"00000000-0000-06e1-ffff-ffff0000002c"}
&amp#27;[38;5;62m[b0ba2a62]&amp#27;[0m&amp#27;[38;5;-71m[AndroidUiautomator2Driver@0c01]&amp#27;[0m Got response with status 200: {"sessionId":"2a917301-f722-4fbf-96e3-1888e2e1bbbd","value":null}
&amp#27;[38;5;62m[b0ba2a62]&amp#27;[0m&amp#27;[38;5;-71m[AndroidUiautomator2Driver@0c01]&amp#27;[0m Responding to client with driver.click() result: null
&amp#27;[38;5;62m[b0ba2a62]&amp#27;[0m&amp#27;[38;5;86m[HTTP]&amp#27;[0m &amp#27;[37m<-- POST /session/b0ba2a62-81e9-4549-a86a-5c4087153a08/element/00000000-0000-06e1-ffff-ffff0000002c/click &amp#27;[39m&amp#27;[32m200&amp#27;[39m &amp#27;[90m731 ms - 14&amp#27;[39m &amp#27;[90m&amp#27;[39m
&amp#27;[38;5;62m[b0ba2a62]&amp#27;[0m&amp#27;[38;5;86m[HTTP]&amp#27;[0m &amp#27;[37m-->&amp#27;[39m &amp#27;[37mGET&amp#27;[39m &amp#27;[37m/session/b0ba2a62-81e9-4549-a86a-5c4087153a08/context&amp#27;[39m &amp#27;[90m{}&amp#27;[39m
&amp#27;[38;5;62m[b0ba2a62]&amp#27;[0m&amp#27;[38;5;-71m[AndroidUiautomator2Driver@0c01]&amp#27;[0m Calling AppiumDriver.getCurrentContext() with args: ["b0ba2a62-81e9-4549-a86a-5c4087153a08"]
&amp#27;[38;5;62m[b0ba2a62]&amp#27;[0m&amp#27;[38;5;-71m[AndroidUiautomator2Driver@0c01]&amp#27;[0m Responding to client with driver.getCurrentContext() result: "NATIVE_APP"
&amp#27;[38;5;62m[b0ba2a62]&amp#27;[0m&amp#27;[38;5;86m[HTTP]&amp#27;[0m &amp#27;[37m<-- GET /session/b0ba2a62-81e9-4549-a86a-5c4087153a08/context &amp#27;[39m&amp#27;[32m200&amp#27;[39m &amp#27;[90m2 ms - 22&amp#27;[39m &amp#27;[90m&amp#27;[39m
&amp#27;[38;5;62m[b0ba2a62]&amp#27;[0m&amp#27;[38;5;86m[HTTP]&amp#27;[0m &amp#27;[37m-->&amp#27;[39m &amp#27;[37mPOST&amp#27;[39m &amp#27;[37m/session/b0ba2a62-81e9-4549-a86a-5c4087153a08/element&amp#27;[39m &amp#27;[90m{"using":"id","value":"com.androidsample.generalstore:id/btnLetsShop"}&amp#27;[39m
&amp#27;[38;5;62m[b0ba2a62]&amp#27;[0m&amp#27;[38;5;-71m[AndroidUiautomator2Driver@0c01]&amp#27;[0m Calling AppiumDriver.findElement() with args: ["id","com.androidsample.generalstore:id/btnLetsShop","b0ba2a62-81e9-4549-a86a-5c4087153a08"]
&amp#27;[38;5;62m[b0ba2a62]&amp#27;[0m&amp#27;[38;5;-71m[AndroidUiautomator2Driver@0c01]&amp#27;[0m Valid locator strategies for this request: xpath, id, class name, accessibility id, css selector, -android uiautomator
&amp#27;[38;5;62m[b0ba2a62]&amp#27;[0m&amp#27;[38;5;-71m[AndroidUiautomator2Driver@0c01]&amp#27;[0m Waiting up to 0 ms for condition
&amp#27;[38;5;62m[b0ba2a62]&amp#27;[0m&amp#27;[38;5;-71m[AndroidUiautomator2Driver@0c01]&amp#27;[0m Matched '/element' to command name 'findElement'
&amp#27;[38;5;62m[b0ba2a62]&amp#27;[0m&amp#27;[38;5;-71m[AndroidUiautomator2Driver@0c01]&amp#27;[0m Proxying [POST /element] to [POST http://127.0.0.1:8201/session/2a917301-f722-4fbf-96e3-1888e2e1bbbd/element] with body: {"strategy":"id","selector":"com.androidsample.generalstore:id/btnLetsShop","context":"","multiple":false}
&amp#27;[38;5;62m[b0ba2a62]&amp#27;[0m&amp#27;[38;5;-71m[AndroidUiautomator2Driver@0c01]&amp#27;[0m Got response with status 200: {"sessionId":"2a917301-f722-4fbf-96e3-1888e2e1bbbd","value":{"ELEMENT":"00000000-0000-06e0-ffff-ffff00000021","element-6066-11e4-a52e-4f735466cecf":"00000000-0000-06e0-ffff-ffff00000021"}}
&amp#27;[38;5;62m[b0ba2a62]&amp#27;[0m&amp#27;[38;5;-71m[AndroidUiautomator2Driver@0c01]&amp#27;[0m Responding to client with driver.findElement() result: {"element-6066-11e4-a52e-4f735466cecf":"00000000-0000-06e0-ffff-ffff00000021","ELEMENT":"00000000-0000-06e0-ffff-ffff00000021"}
&amp#27;[38;5;62m[b0ba2a62]&amp#27;[0m&amp#27;[38;5;86m[HTTP]&amp#27;[0m &amp#27;[37m<-- POST /session/b0ba2a62-81e9-4549-a86a-5c4087153a08/element &amp#27;[39m&amp#27;[32m200&amp#27;[39m &amp#27;[90m44 ms - 137&amp#27;[39m &amp#27;[90m&amp#27;[39m
&amp#27;[38;5;62m[b0ba2a62]&amp#27;[0m&amp#27;[38;5;86m[HTTP]&amp#27;[0m &amp#27;[37m-->&amp#27;[39m &amp#27;[37mPOST&amp#27;[39m &amp#27;[37m/session/b0ba2a62-81e9-4549-a86a-5c4087153a08/element/00000000-0000-06e0-ffff-ffff00000021/click&amp#27;[39m &amp#27;[90m{"id":"00000000-0000-06e0-ffff-ffff00000021"}&amp#27;[39m
&amp#27;[38;5;62m[b0ba2a62]&amp#27;[0m&amp#27;[38;5;-71m[AndroidUiautomator2Driver@0c01]&amp#27;[0m Calling AppiumDriver.click() with args: ["00000000-0000-06e0-ffff-ffff00000021","b0ba2a62-81e9-4549-a86a-5c4087153a08"]
&amp#27;[38;5;62m[b0ba2a62]&amp#27;[0m&amp#27;[38;5;-71m[AndroidUiautomator2Driver@0c01]&amp#27;[0m Matched '/element/00000000-0000-06e0-ffff-ffff00000021/click' to command name 'click'
&amp#27;[38;5;62m[b0ba2a62]&amp#27;[0m&amp#27;[38;5;-71m[AndroidUiautomator2Driver@0c01]&amp#27;[0m Proxying [POST /element/00000000-0000-06e0-ffff-ffff00000021/click] to [POST http://127.0.0.1:8201/session/2a917301-f722-4fbf-96e3-1888e2e1bbbd/element/00000000-0000-06e0-ffff-ffff00000021/click] with body: {"element":"00000000-0000-06e0-ffff-ffff00000021"}
&amp#27;[38;5;62m[b0ba2a62]&amp#27;[0m&amp#27;[38;5;-71m[AndroidUiautomator2Driver@0c01]&amp#27;[0m Got response with status 200: {"sessionId":"2a917301-f722-4fbf-96e3-1888e2e1bbbd","value":null}
&amp#27;[38;5;62m[b0ba2a62]&amp#27;[0m&amp#27;[38;5;-71m[AndroidUiautomator2Driver@0c01]&amp#27;[0m Responding to client with driver.click() result: null
&amp#27;[38;5;62m[b0ba2a62]&amp#27;[0m&amp#27;[38;5;86m[HTTP]&amp#27;[0m &amp#27;[37m<-- POST /session/b0ba2a62-81e9-4549-a86a-5c4087153a08/element/00000000-0000-06e0-ffff-ffff00000021/click &amp#27;[39m&amp#27;[32m200&amp#27;[39m &amp#27;[90m88 ms - 14&amp#27;[39m &amp#27;[90m&amp#27;[39m
&amp#27;[38;5;62m[b0ba2a62]&amp#27;[0m&amp#27;[38;5;86m[HTTP]&amp#27;[0m &amp#27;[37m-->&amp#27;[39m &amp#27;[37mGET&amp#27;[39m &amp#27;[37m/session/b0ba2a62-81e9-4549-a86a-5c4087153a08/context&amp#27;[39m &amp#27;[90m{}&amp#27;[39m
&amp#27;[38;5;62m[b0ba2a62]&amp#27;[0m&amp#27;[38;5;-71m[AndroidUiautomator2Driver@0c01]&amp#27;[0m Calling AppiumDriver.getCurrentContext() with args: ["b0ba2a62-81e9-4549-a86a-5c4087153a08"]
&amp#27;[38;5;62m[b0ba2a62]&amp#27;[0m&amp#27;[38;5;-71m[AndroidUiautomator2Driver@0c01]&amp#27;[0m Responding to client with driver.getCurrentContext() result: "NATIVE_APP"
&amp#27;[38;5;62m[b0ba2a62]&amp#27;[0m&amp#27;[38;5;86m[HTTP]&amp#27;[0m &amp#27;[37m<-- GET /session/b0ba2a62-81e9-4549-a86a-5c4087153a08/context &amp#27;[39m&amp#27;[32m200&amp#27;[39m &amp#27;[90m1 ms - 22&amp#27;[39m &amp#27;[90m&amp#27;[39m
&amp#27;[38;5;62m[b0ba2a62]&amp#27;[0m&amp#27;[38;5;86m[HTTP]&amp#27;[0m &amp#27;[37m-->&amp#27;[39m &amp#27;[37mPOST&amp#27;[39m &amp#27;[37m/session/b0ba2a62-81e9-4549-a86a-5c4087153a08/elements&amp#27;[39m &amp#27;[90m{"using":"xpath","value":"//android.widget.TextView[@text='ADD TO CART']"}&amp#27;[39m
&amp#27;[38;5;62m[b0ba2a62]&amp#27;[0m&amp#27;[38;5;-71m[AndroidUiautomator2Driver@0c01]&amp#27;[0m Calling AppiumDriver.findElements() with args: ["xpath","//android.widget.TextView[@text='ADD TO CART']","b0ba2a62-81e9-4549-a86a-5c4087153a08"]
&amp#27;[38;5;62m[b0ba2a62]&amp#27;[0m&amp#27;[38;5;-71m[AndroidUiautomator2Driver@0c01]&amp#27;[0m Valid locator strategies for this request: xpath, id, class name, accessibility id, css selector, -android uiautomator
&amp#27;[38;5;62m[b0ba2a62]&amp#27;[0m&amp#27;[38;5;-71m[AndroidUiautomator2Driver@0c01]&amp#27;[0m Waiting up to 0 ms for condition
&amp#27;[38;5;62m[b0ba2a62]&amp#27;[0m&amp#27;[38;5;-71m[AndroidUiautomator2Driver@0c01]&amp#27;[0m Matched '/elements' to command name 'findElements'
&amp#27;[38;5;62m[b0ba2a62]&amp#27;[0m&amp#27;[38;5;-71m[AndroidUiautomator2Driver@0c01]&amp#27;[0m Proxying [POST /elements] to [POST http://127.0.0.1:8201/session/2a917301-f722-4fbf-96e3-1888e2e1bbbd/elements] with body: {"strategy":"xpath","selector":"//android.widget.TextView[@text='ADD TO CART']","context":"","multiple":true}
&amp#27;[38;5;62m[b0ba2a62]&amp#27;[0m&amp#27;[38;5;-71m[AndroidUiautomator2Driver@0c01]&amp#27;[0m Got response with status 200: {"sessionId":"2a917301-f722-4fbf-96e3-1888e2e1bbbd","value":[]}
&amp#27;[38;5;62m[b0ba2a62]&amp#27;[0m&amp#27;[38;5;-71m[AndroidUiautomator2Driver@0c01]&amp#27;[0m Responding to client with driver.findElements() result: []
&amp#27;[38;5;62m[b0ba2a62]&amp#27;[0m&amp#27;[38;5;86m[HTTP]&amp#27;[0m &amp#27;[37m<-- POST /session/b0ba2a62-81e9-4549-a86a-5c4087153a08/elements &amp#27;[39m&amp#27;[32m200&amp#27;[39m &amp#27;[90m486 ms - 12&amp#27;[39m &amp#27;[90m&amp#27;[39m
&amp#27;[38;5;62m[b0ba2a62]&amp#27;[0m&amp#27;[38;5;86m[HTTP]&amp#27;[0m &amp#27;[37m-->&amp#27;[39m &amp#27;[37mGET&amp#27;[39m &amp#27;[37m/session/b0ba2a62-81e9-4549-a86a-5c4087153a08/context&amp#27;[39m &amp#27;[90m{}&amp#27;[39m
&amp#27;[38;5;62m[b0ba2a62]&amp#27;[0m&amp#27;[38;5;-71m[AndroidUiautomator2Driver@0c01]&amp#27;[0m Calling AppiumDriver.getCurrentContext() with args: ["b0ba2a62-81e9-4549-a86a-5c4087153a08"]
&amp#27;[38;5;62m[b0ba2a62]&amp#27;[0m&amp#27;[38;5;-71m[AndroidUiautomator2Driver@0c01]&amp#27;[0m Responding to client with driver.getCurrentContext() result: "NATIVE_APP"
&amp#27;[38;5;62m[b0ba2a62]&amp#27;[0m&amp#27;[38;5;86m[HTTP]&amp#27;[0m &amp#27;[37m<-- GET /session/b0ba2a62-81e9-4549-a86a-5c4087153a08/context &amp#27;[39m&amp#27;[32m200&amp#27;[39m &amp#27;[90m3 ms - 22&amp#27;[39m &amp#27;[90m&amp#27;[39m
&amp#27;[38;5;62m[b0ba2a62]&amp#27;[0m&amp#27;[38;5;86m[HTTP]&amp#27;[0m &amp#27;[37m-->&amp#27;[39m &amp#27;[37mPOST&amp#27;[39m &amp#27;[37m/session/b0ba2a62-81e9-4549-a86a-5c4087153a08/elements&amp#27;[39m &amp#27;[90m{"using":"xpath","value":"//android.widget.TextView[@text='ADD TO CART']"}&amp#27;[39m
&amp#27;[38;5;62m[b0ba2a62]&amp#27;[0m&amp#27;[38;5;-71m[AndroidUiautomator2Driver@0c01]&amp#27;[0m Calling AppiumDriver.findElements() with args: ["xpath","//android.widget.TextView[@text='ADD TO CART']","b0ba2a62-81e9-4549-a86a-5c4087153a08"]
&amp#27;[38;5;62m[b0ba2a62]&amp#27;[0m&amp#27;[38;5;-71m[AndroidUiautomator2Driver@0c01]&amp#27;[0m Valid locator strategies for this request: xpath, id, class name, accessibility id, css selector, -android uiautomator
&amp#27;[38;5;62m[b0ba2a62]&amp#27;[0m&amp#27;[38;5;-71m[AndroidUiautomator2Driver@0c01]&amp#27;[0m Waiting up to 0 ms for condition
&amp#27;[38;5;62m[b0ba2a62]&amp#27;[0m&amp#27;[38;5;-71m[AndroidUiautomator2Driver@0c01]&amp#27;[0m Matched '/elements' to command name 'findElements'
&amp#27;[38;5;62m[b0ba2a62]&amp#27;[0m&amp#27;[38;5;-71m[AndroidUiautomator2Driver@0c01]&amp#27;[0m Proxying [POST /elements] to [POST http://127.0.0.1:8201/session/2a917301-f722-4fbf-96e3-1888e2e1bbbd/elements] with body: {"strategy":"xpath","selector":"//android.widget.TextView[@text='ADD TO CART']","context":"","multiple":true}
&amp#27;[38;5;62m[b0ba2a62]&amp#27;[0m&amp#27;[38;5;-71m[AndroidUiautomator2Driver@0c01]&amp#27;[0m Got response with status 200: {"sessionId":"2a917301-f722-4fbf-96e3-1888e2e1bbbd","value":[{"ELEMENT":"00000000-0000-06e2-ffff-ffff00000051","element-6066-11e4-a52e-4f735466cecf":"00000000-0000-06e2-ffff-ffff00000051"},{"ELEMENT":"00000000-0000-06e2-ffff-ffff00000059","element-6066-11e4-a52e-4f735466cecf":"00000000-0000-06e2-ffff-ffff00000059"}]}
&amp#27;[38;5;62m[b0ba2a62]&amp#27;[0m&amp#27;[38;5;-71m[AndroidUiautomator2Driver@0c01]&amp#27;[0m Responding to client with driver.findElements() result: [{"element-6066-11e4-a52e-4f735466cecf":"00000000-0000-06e2-ffff-ffff00000051","ELEMENT":"00000000-0000-06e2-ffff-ffff00000051"},{"element-6066-11e4-a52e-4f735466cecf":"00000000-0000-06e2-ffff-ffff00000059","ELEMENT":"00000000-0000-06e2-ffff-ffff00000059"}]
&amp#27;[38;5;62m[b0ba2a62]&amp#27;[0m&amp#27;[38;5;86m[HTTP]&amp#27;[0m &amp#27;[37m<-- POST /session/b0ba2a62-81e9-4549-a86a-5c4087153a08/elements &amp#27;[39m&amp#27;[32m200&amp#27;[39m &amp#27;[90m629 ms - 267&amp#27;[39m &amp#27;[90m&amp#27;[39m
&amp#27;[38;5;62m[b0ba2a62]&amp#27;[0m&amp#27;[38;5;86m[HTTP]&amp#27;[0m &amp#27;[37m-->&amp#27;[39m &amp#27;[37mGET&amp#27;[39m &amp#27;[37m/session/b0ba2a62-81e9-4549-a86a-5c4087153a08/context&amp#27;[39m &amp#27;[90m{}&amp#27;[39m
&amp#27;[38;5;62m[b0ba2a62]&amp#27;[0m&amp#27;[38;5;-71m[AndroidUiautomator2Driver@0c01]&amp#27;[0m Calling AppiumDriver.getCurrentContext() with args: ["b0ba2a62-81e9-4549-a86a-5c4087153a08"]
&amp#27;[38;5;62m[b0ba2a62]&amp#27;[0m&amp#27;[38;5;-71m[AndroidUiautomator2Driver@0c01]&amp#27;[0m Responding to client with driver.getCurrentContext() result: "NATIVE_APP"
&amp#27;[38;5;62m[b0ba2a62]&amp#27;[0m&amp#27;[38;5;86m[HTTP]&amp#27;[0m &amp#27;[37m<-- GET /session/b0ba2a62-81e9-4549-a86a-5c4087153a08/context &amp#27;[39m&amp#27;[32m200&amp#27;[39m &amp#27;[90m1 ms - 22&amp#27;[39m &amp#27;[90m&amp#27;[39m
&amp#27;[38;5;62m[b0ba2a62]&amp#27;[0m&amp#27;[38;5;86m[HTTP]&amp#27;[0m &amp#27;[37m-->&amp#27;[39m &amp#27;[37mPOST&amp#27;[39m &amp#27;[37m/session/b0ba2a62-81e9-4549-a86a-5c4087153a08/elements&amp#27;[39m &amp#27;[90m{"using":"xpath","value":"//android.widget.TextView[@text='ADD TO CART']"}&amp#27;[39m
&amp#27;[38;5;62m[b0ba2a62]&amp#27;[0m&amp#27;[38;5;-71m[AndroidUiautomator2Driver@0c01]&amp#27;[0m Calling AppiumDriver.findElements() with args: ["xpath","//android.widget.TextView[@text='ADD TO CART']","b0ba2a62-81e9-4549-a86a-5c4087153a08"]
&amp#27;[38;5;62m[b0ba2a62]&amp#27;[0m&amp#27;[38;5;-71m[AndroidUiautomator2Driver@0c01]&amp#27;[0m Valid locator strategies for this request: xpath, id, class name, accessibility id, css selector, -android uiautomator
&amp#27;[38;5;62m[b0ba2a62]&amp#27;[0m&amp#27;[38;5;-71m[AndroidUiautomator2Driver@0c01]&amp#27;[0m Waiting up to 0 ms for condition
&amp#27;[38;5;62m[b0ba2a62]&amp#27;[0m&amp#27;[38;5;-71m[AndroidUiautomator2Driver@0c01]&amp#27;[0m Matched '/elements' to command name 'findElements'
&amp#27;[38;5;62m[b0ba2a62]&amp#27;[0m&amp#27;[38;5;-71m[AndroidUiautomator2Driver@0c01]&amp#27;[0m Proxying [POST /elements] to [POST http://127.0.0.1:8201/session/2a917301-f722-4fbf-96e3-1888e2e1bbbd/elements] with body: {"strategy":"xpath","selector":"//android.widget.TextView[@text='ADD TO CART']","context":"","multiple":true}
&amp#27;[38;5;62m[b0ba2a62]&amp#27;[0m&amp#27;[38;5;-71m[AndroidUiautomator2Driver@0c01]&amp#27;[0m Got response with status 200: {"sessionId":"2a917301-f722-4fbf-96e3-1888e2e1bbbd","value":[{"ELEMENT":"00000000-0000-06e2-ffff-ffff00000051","element-6066-11e4-a52e-4f735466cecf":"00000000-0000-06e2-ffff-ffff00000051"},{"ELEMENT":"00000000-0000-06e2-ffff-ffff00000059","element-6066-11e4-a52e-4f735466cecf":"00000000-0000-06e2-ffff-ffff00000059"}]}
&amp#27;[38;5;62m[b0ba2a62]&amp#27;[0m&amp#27;[38;5;-71m[AndroidUiautomator2Driver@0c01]&amp#27;[0m Responding to client with driver.findElements() result: [{"element-6066-11e4-a52e-4f735466cecf":"00000000-0000-06e2-ffff-ffff00000051","ELEMENT":"00000000-0000-06e2-ffff-ffff00000051"},{"element-6066-11e4-a52e-4f735466cecf":"00000000-0000-06e2-ffff-ffff00000059","ELEMENT":"00000000-0000-06e2-ffff-ffff00000059"}]
&amp#27;[38;5;62m[b0ba2a62]&amp#27;[0m&amp#27;[38;5;86m[HTTP]&amp#27;[0m &amp#27;[37m<-- POST /session/b0ba2a62-81e9-4549-a86a-5c4087153a08/elements &amp#27;[39m&amp#27;[32m200&amp#27;[39m &amp#27;[90m93 ms - 267&amp#27;[39m &amp#27;[90m&amp#27;[39m
&amp#27;[38;5;62m[b0ba2a62]&amp#27;[0m&amp#27;[38;5;86m[HTTP]&amp#27;[0m &amp#27;[37m-->&amp#27;[39m &amp#27;[37mGET&amp#27;[39m &amp#27;[37m/session/b0ba2a62-81e9-4549-a86a-5c4087153a08/element/00000000-0000-06e2-ffff-ffff00000051/displayed&amp#27;[39m &amp#27;[90m{}&amp#27;[39m
&amp#27;[38;5;62m[b0ba2a62]&amp#27;[0m&amp#27;[38;5;-71m[AndroidUiautomator2Driver@0c01]&amp#27;[0m Calling AppiumDriver.elementDisplayed() with args: ["00000000-0000-06e2-ffff-ffff00000051","b0ba2a62-81e9-4549-a86a-5c4087153a08"]
&amp#27;[38;5;62m[b0ba2a62]&amp#27;[0m&amp#27;[38;5;-71m[AndroidUiautomator2Driver@0c01]&amp#27;[0m Matched '/element/00000000-0000-06e2-ffff-ffff00000051/attribute/displayed' to command name 'getAttribute'
&amp#27;[38;5;62m[b0ba2a62]&amp#27;[0m&amp#27;[38;5;-71m[AndroidUiautomator2Driver@0c01]&amp#27;[0m Proxying [GET /element/00000000-0000-06e2-ffff-ffff00000051/attribute/displayed] to [GET http://127.0.0.1:8201/session/2a917301-f722-4fbf-96e3-1888e2e1bbbd/element/00000000-0000-06e2-ffff-ffff00000051/attribute/displayed] with no body
&amp#27;[38;5;62m[b0ba2a62]&amp#27;[0m&amp#27;[38;5;-71m[AndroidUiautomator2Driver@0c01]&amp#27;[0m Got response with status 200: {"sessionId":"2a917301-f722-4fbf-96e3-1888e2e1bbbd","value":"true"}
&amp#27;[38;5;62m[b0ba2a62]&amp#27;[0m&amp#27;[38;5;-71m[AndroidUiautomator2Driver@0c01]&amp#27;[0m Responding to client with driver.elementDisplayed() result: true
&amp#27;[38;5;62m[b0ba2a62]&amp#27;[0m&amp#27;[38;5;86m[HTTP]&amp#27;[0m &amp#27;[37m<-- GET /session/b0ba2a62-81e9-4549-a86a-5c4087153a08/element/00000000-0000-06e2-ffff-ffff00000051/displayed &amp#27;[39m&amp#27;[32m200&amp#27;[39m &amp#27;[90m17 ms - 14&amp#27;[39m &amp#27;[90m&amp#27;[39m
&amp#27;[38;5;62m[b0ba2a62]&amp#27;[0m&amp#27;[38;5;86m[HTTP]&amp#27;[0m &amp#27;[37m-->&amp#27;[39m &amp#27;[37mPOST&amp#27;[39m &amp#27;[37m/session/b0ba2a62-81e9-4549-a86a-5c4087153a08/element/00000000-0000-06e2-ffff-ffff00000051/click&amp#27;[39m &amp#27;[90m{"id":"00000000-0000-06e2-ffff-ffff00000051"}&amp#27;[39m
&amp#27;[38;5;62m[b0ba2a62]&amp#27;[0m&amp#27;[38;5;-71m[AndroidUiautomator2Driver@0c01]&amp#27;[0m Calling AppiumDriver.click() with args: ["00000000-0000-06e2-ffff-ffff00000051","b0ba2a62-81e9-4549-a86a-5c4087153a08"]
&amp#27;[38;5;62m[b0ba2a62]&amp#27;[0m&amp#27;[38;5;-71m[AndroidUiautomator2Driver@0c01]&amp#27;[0m Matched '/element/00000000-0000-06e2-ffff-ffff00000051/click' to command name 'click'
&amp#27;[38;5;62m[b0ba2a62]&amp#27;[0m&amp#27;[38;5;-71m[AndroidUiautomator2Driver@0c01]&amp#27;[0m Proxying [POST /element/00000000-0000-06e2-ffff-ffff00000051/click] to [POST http://127.0.0.1:8201/session/2a917301-f722-4fbf-96e3-1888e2e1bbbd/element/00000000-0000-06e2-ffff-ffff00000051/click] with body: {"element":"00000000-0000-06e2-ffff-ffff00000051"}
&amp#27;[38;5;62m[b0ba2a62]&amp#27;[0m&amp#27;[38;5;-71m[AndroidUiautomator2Driver@0c01]&amp#27;[0m Got response with status 200: {"sessionId":"2a917301-f722-4fbf-96e3-1888e2e1bbbd","value":null}
&amp#27;[38;5;62m[b0ba2a62]&amp#27;[0m&amp#27;[38;5;-71m[AndroidUiautomator2Driver@0c01]&amp#27;[0m Responding to client with driver.click() result: null
&amp#27;[38;5;62m[b0ba2a62]&amp#27;[0m&amp#27;[38;5;86m[HTTP]&amp#27;[0m &amp#27;[37m<-- POST /session/b0ba2a62-81e9-4549-a86a-5c4087153a08/element/00000000-0000-06e2-ffff-ffff00000051/click &amp#27;[39m&amp#27;[32m200&amp#27;[39m &amp#27;[90m561 ms - 14&amp#27;[39m &amp#27;[90m&amp#27;[39m
&amp#27;[38;5;62m[b0ba2a62]&amp#27;[0m&amp#27;[38;5;86m[HTTP]&amp#27;[0m &amp#27;[37m-->&amp#27;[39m &amp#27;[37mGET&amp#27;[39m &amp#27;[37m/session/b0ba2a62-81e9-4549-a86a-5c4087153a08/context&amp#27;[39m &amp#27;[90m{}&amp#27;[39m
&amp#27;[38;5;62m[b0ba2a62]&amp#27;[0m&amp#27;[38;5;-71m[AndroidUiautomator2Driver@0c01]&amp#27;[0m Calling AppiumDriver.getCurrentContext() with args: ["b0ba2a62-81e9-4549-a86a-5c4087153a08"]
&amp#27;[38;5;62m[b0ba2a62]&amp#27;[0m&amp#27;[38;5;-71m[AndroidUiautomator2Driver@0c01]&amp#27;[0m Responding to client with driver.getCurrentContext() result: "NATIVE_APP"
&amp#27;[38;5;62m[b0ba2a62]&amp#27;[0m&amp#27;[38;5;86m[HTTP]&amp#27;[0m &amp#27;[37m<-- GET /session/b0ba2a62-81e9-4549-a86a-5c4087153a08/context &amp#27;[39m&amp#27;[32m200&amp#27;[39m &amp#27;[90m1 ms - 22&amp#27;[39m &amp#27;[90m&amp#27;[39m
&amp#27;[38;5;62m[b0ba2a62]&amp#27;[0m&amp#27;[38;5;86m[HTTP]&amp#27;[0m &amp#27;[37m-->&amp#27;[39m &amp#27;[37mPOST&amp#27;[39m &amp#27;[37m/session/b0ba2a62-81e9-4549-a86a-5c4087153a08/element&amp#27;[39m &amp#27;[90m{"using":"id","value":"com.androidsample.generalstore:id/appbar_btn_cart"}&amp#27;[39m
&amp#27;[38;5;62m[b0ba2a62]&amp#27;[0m&amp#27;[38;5;-71m[AndroidUiautomator2Driver@0c01]&amp#27;[0m Calling AppiumDriver.findElement() with args: ["id","com.androidsample.generalstore:id/appbar_btn_cart","b0ba2a62-81e9-4549-a86a-5c4087153a08"]
&amp#27;[38;5;62m[b0ba2a62]&amp#27;[0m&amp#27;[38;5;-71m[AndroidUiautomator2Driver@0c01]&amp#27;[0m Valid locator strategies for this request: xpath, id, class name, accessibility id, css selector, -android uiautomator
&amp#27;[38;5;62m[b0ba2a62]&amp#27;[0m&amp#27;[38;5;-71m[AndroidUiautomator2Driver@0c01]&amp#27;[0m Waiting up to 0 ms for condition
&amp#27;[38;5;62m[b0ba2a62]&amp#27;[0m&amp#27;[38;5;-71m[AndroidUiautomator2Driver@0c01]&amp#27;[0m Matched '/element' to command name 'findElement'
&amp#27;[38;5;62m[b0ba2a62]&amp#27;[0m&amp#27;[38;5;-71m[AndroidUiautomator2Driver@0c01]&amp#27;[0m Proxying [POST /element] to [POST http://127.0.0.1:8201/session/2a917301-f722-4fbf-96e3-1888e2e1bbbd/element] with body: {"strategy":"id","selector":"com.androidsample.generalstore:id/appbar_btn_cart","context":"","multiple":false}
&amp#27;[38;5;62m[b0ba2a62]&amp#27;[0m&amp#27;[38;5;-71m[AndroidUiautomator2Driver@0c01]&amp#27;[0m Got response with status 200: {"sessionId":"2a917301-f722-4fbf-96e3-1888e2e1bbbd","value":{"ELEMENT":"00000000-0000-06e2-ffff-ffff00000044","element-6066-11e4-a52e-4f735466cecf":"00000000-0000-06e2-ffff-ffff00000044"}}
&amp#27;[38;5;62m[b0ba2a62]&amp#27;[0m&amp#27;[38;5;-71m[AndroidUiautomator2Driver@0c01]&amp#27;[0m Responding to client with driver.findElement() result: {"element-6066-11e4-a52e-4f735466cecf":"00000000-0000-06e2-ffff-ffff00000044","ELEMENT":"00000000-0000-06e2-ffff-ffff00000044"}
&amp#27;[38;5;62m[b0ba2a62]&amp#27;[0m&amp#27;[38;5;86m[HTTP]&amp#27;[0m &amp#27;[37m<-- POST /session/b0ba2a62-81e9-4549-a86a-5c4087153a08/element &amp#27;[39m&amp#27;[32m200&amp#27;[39m &amp#27;[90m23 ms - 137&amp#27;[39m &amp#27;[90m&amp#27;[39m
&amp#27;[38;5;62m[b0ba2a62]&amp#27;[0m&amp#27;[38;5;86m[HTTP]&amp#27;[0m &amp#27;[37m-->&amp#27;[39m &amp#27;[37mGET&amp#27;[39m &amp#27;[37m/session/b0ba2a62-81e9-4549-a86a-5c4087153a08/element/00000000-0000-06e2-ffff-ffff00000044/displayed&amp#27;[39m &amp#27;[90m{}&amp#27;[39m
&amp#27;[38;5;62m[b0ba2a62]&amp#27;[0m&amp#27;[38;5;-71m[AndroidUiautomator2Driver@0c01]&amp#27;[0m Calling AppiumDriver.elementDisplayed() with args: ["00000000-0000-06e2-ffff-ffff00000044","b0ba2a62-81e9-4549-a86a-5c4087153a08"]
&amp#27;[38;5;62m[b0ba2a62]&amp#27;[0m&amp#27;[38;5;-71m[AndroidUiautomator2Driver@0c01]&amp#27;[0m Matched '/element/00000000-0000-06e2-ffff-ffff00000044/attribute/displayed' to command name 'getAttribute'
&amp#27;[38;5;62m[b0ba2a62]&amp#27;[0m&amp#27;[38;5;-71m[AndroidUiautomator2Driver@0c01]&amp#27;[0m Proxying [GET /element/00000000-0000-06e2-ffff-ffff00000044/attribute/displayed] to [GET http://127.0.0.1:8201/session/2a917301-f722-4fbf-96e3-1888e2e1bbbd/element/00000000-0000-06e2-ffff-ffff00000044/attribute/displayed] with no body
&amp#27;[38;5;62m[b0ba2a62]&amp#27;[0m&amp#27;[38;5;-71m[AndroidUiautomator2Driver@0c01]&amp#27;[0m Got response with status 200: {"sessionId":"2a917301-f722-4fbf-96e3-1888e2e1bbbd","value":"true"}
&amp#27;[38;5;62m[b0ba2a62]&amp#27;[0m&amp#27;[38;5;-71m[AndroidUiautomator2Driver@0c01]&amp#27;[0m Responding to client with driver.elementDisplayed() result: true
&amp#27;[38;5;62m[b0ba2a62]&amp#27;[0m&amp#27;[38;5;86m[HTTP]&amp#27;[0m &amp#27;[37m<-- GET /session/b0ba2a62-81e9-4549-a86a-5c4087153a08/element/00000000-0000-06e2-ffff-ffff00000044/displayed &amp#27;[39m&amp#27;[32m200&amp#27;[39m &amp#27;[90m15 ms - 14&amp#27;[39m &amp#27;[90m&amp#27;[39m
&amp#27;[38;5;62m[b0ba2a62]&amp#27;[0m&amp#27;[38;5;86m[HTTP]&amp#27;[0m &amp#27;[37m-->&amp#27;[39m &amp#27;[37mGET&amp#27;[39m &amp#27;[37m/session/b0ba2a62-81e9-4549-a86a-5c4087153a08/context&amp#27;[39m &amp#27;[90m{}&amp#27;[39m
&amp#27;[38;5;62m[b0ba2a62]&amp#27;[0m&amp#27;[38;5;-71m[AndroidUiautomator2Driver@0c01]&amp#27;[0m Calling AppiumDriver.getCurrentContext() with args: ["b0ba2a62-81e9-4549-a86a-5c4087153a08"]
&amp#27;[38;5;62m[b0ba2a62]&amp#27;[0m&amp#27;[38;5;-71m[AndroidUiautomator2Driver@0c01]&amp#27;[0m Responding to client with driver.getCurrentContext() result: "NATIVE_APP"
&amp#27;[38;5;62m[b0ba2a62]&amp#27;[0m&amp#27;[38;5;86m[HTTP]&amp#27;[0m &amp#27;[37m<-- GET /session/b0ba2a62-81e9-4549-a86a-5c4087153a08/context &amp#27;[39m&amp#27;[32m200&amp#27;[39m &amp#27;[90m1 ms - 22&amp#27;[39m &amp#27;[90m&amp#27;[39m
&amp#27;[38;5;62m[b0ba2a62]&amp#27;[0m&amp#27;[38;5;86m[HTTP]&amp#27;[0m &amp#27;[37m-->&amp#27;[39m &amp#27;[37mPOST&amp#27;[39m &amp#27;[37m/session/b0ba2a62-81e9-4549-a86a-5c4087153a08/element&amp#27;[39m &amp#27;[90m{"using":"id","value":"com.androidsample.generalstore:id/appbar_btn_cart"}&amp#27;[39m
&amp#27;[38;5;62m[b0ba2a62]&amp#27;[0m&amp#27;[38;5;-71m[AndroidUiautomator2Driver@0c01]&amp#27;[0m Calling AppiumDriver.findElement() with args: ["id","com.androidsample.generalstore:id/appbar_btn_cart","b0ba2a62-81e9-4549-a86a-5c4087153a08"]
&amp#27;[38;5;62m[b0ba2a62]&amp#27;[0m&amp#27;[38;5;-71m[AndroidUiautomator2Driver@0c01]&amp#27;[0m Valid locator strategies for this request: xpath, id, class name, accessibility id, css selector, -android uiautomator
&amp#27;[38;5;62m[b0ba2a62]&amp#27;[0m&amp#27;[38;5;-71m[AndroidUiautomator2Driver@0c01]&amp#27;[0m Waiting up to 0 ms for condition
&amp#27;[38;5;62m[b0ba2a62]&amp#27;[0m&amp#27;[38;5;-71m[AndroidUiautomator2Driver@0c01]&amp#27;[0m Matched '/element' to command name 'findElement'
&amp#27;[38;5;62m[b0ba2a62]&amp#27;[0m&amp#27;[38;5;-71m[AndroidUiautomator2Driver@0c01]&amp#27;[0m Proxying [POST /element] to [POST http://127.0.0.1:8201/session/2a917301-f722-4fbf-96e3-1888e2e1bbbd/element] with body: {"strategy":"id","selector":"com.androidsample.generalstore:id/appbar_btn_cart","context":"","multiple":false}
&amp#27;[38;5;62m[b0ba2a62]&amp#27;[0m&amp#27;[38;5;-71m[AndroidUiautomator2Driver@0c01]&amp#27;[0m Got response with status 200: {"sessionId":"2a917301-f722-4fbf-96e3-1888e2e1bbbd","value":{"ELEMENT":"00000000-0000-06e2-ffff-ffff00000044","element-6066-11e4-a52e-4f735466cecf":"00000000-0000-06e2-ffff-ffff00000044"}}
&amp#27;[38;5;62m[b0ba2a62]&amp#27;[0m&amp#27;[38;5;-71m[AndroidUiautomator2Driver@0c01]&amp#27;[0m Responding to client with driver.findElement() result: {"element-6066-11e4-a52e-4f735466cecf":"00000000-0000-06e2-ffff-ffff00000044","ELEMENT":"00000000-0000-06e2-ffff-ffff00000044"}
&amp#27;[38;5;62m[b0ba2a62]&amp#27;[0m&amp#27;[38;5;86m[HTTP]&amp#27;[0m &amp#27;[37m<-- POST /session/b0ba2a62-81e9-4549-a86a-5c4087153a08/element &amp#27;[39m&amp#27;[32m200&amp#27;[39m &amp#27;[90m21 ms - 137&amp#27;[39m &amp#27;[90m&amp#27;[39m
&amp#27;[38;5;62m[b0ba2a62]&amp#27;[0m&amp#27;[38;5;86m[HTTP]&amp#27;[0m &amp#27;[37m-->&amp#27;[39m &amp#27;[37mPOST&amp#27;[39m &amp#27;[37m/session/b0ba2a62-81e9-4549-a86a-5c4087153a08/element/00000000-0000-06e2-ffff-ffff00000044/click&amp#27;[39m &amp#27;[90m{"id":"00000000-0000-06e2-ffff-ffff00000044"}&amp#27;[39m
&amp#27;[38;5;62m[b0ba2a62]&amp#27;[0m&amp#27;[38;5;-71m[AndroidUiautomator2Driver@0c01]&amp#27;[0m Calling AppiumDriver.click() with args: ["00000000-0000-06e2-ffff-ffff00000044","b0ba2a62-81e9-4549-a86a-5c4087153a08"]
&amp#27;[38;5;62m[b0ba2a62]&amp#27;[0m&amp#27;[38;5;-71m[AndroidUiautomator2Driver@0c01]&amp#27;[0m Matched '/element/00000000-0000-06e2-ffff-ffff00000044/click' to command name 'click'
&amp#27;[38;5;62m[b0ba2a62]&amp#27;[0m&amp#27;[38;5;-71m[AndroidUiautomator2Driver@0c01]&amp#27;[0m Proxying [POST /element/00000000-0000-06e2-ffff-ffff00000044/click] to [POST http://127.0.0.1:8201/session/2a917301-f722-4fbf-96e3-1888e2e1bbbd/element/00000000-0000-06e2-ffff-ffff00000044/click] with body: {"element":"00000000-0000-06e2-ffff-ffff00000044"}
&amp#27;[38;5;62m[b0ba2a62]&amp#27;[0m&amp#27;[38;5;-71m[AndroidUiautomator2Driver@0c01]&amp#27;[0m Got response with status 200: {"sessionId":"2a917301-f722-4fbf-96e3-1888e2e1bbbd","value":null}
&amp#27;[38;5;62m[b0ba2a62]&amp#27;[0m&amp#27;[38;5;-71m[AndroidUiautomator2Driver@0c01]&amp#27;[0m Responding to client with driver.click() result: null
&amp#27;[38;5;62m[b0ba2a62]&amp#27;[0m&amp#27;[38;5;86m[HTTP]&amp#27;[0m &amp#27;[37m<-- POST /session/b0ba2a62-81e9-4549-a86a-5c4087153a08/element/00000000-0000-06e2-ffff-ffff00000044/click &amp#27;[39m&amp#27;[32m200&amp#27;[39m &amp#27;[90m1689 ms - 14&amp#27;[39m &amp#27;[90m&amp#27;[39m
&amp#27;[38;5;62m[b0ba2a62]&amp#27;[0m&amp#27;[38;5;86m[HTTP]&amp#27;[0m &amp#27;[37m-->&amp#27;[39m &amp#27;[37mGET&amp#27;[39m &amp#27;[37m/session/b0ba2a62-81e9-4549-a86a-5c4087153a08/context&amp#27;[39m &amp#27;[90m{}&amp#27;[39m
&amp#27;[38;5;62m[b0ba2a62]&amp#27;[0m&amp#27;[38;5;-71m[AndroidUiautomator2Driver@0c01]&amp#27;[0m Calling AppiumDriver.getCurrentContext() with args: ["b0ba2a62-81e9-4549-a86a-5c4087153a08"]
&amp#27;[38;5;62m[b0ba2a62]&amp#27;[0m&amp#27;[38;5;-71m[AndroidUiautomator2Driver@0c01]&amp#27;[0m Responding to client with driver.getCurrentContext() result: "NATIVE_APP"
&amp#27;[38;5;62m[b0ba2a62]&amp#27;[0m&amp#27;[38;5;86m[HTTP]&amp#27;[0m &amp#27;[37m<-- GET /session/b0ba2a62-81e9-4549-a86a-5c4087153a08/context &amp#27;[39m&amp#27;[32m200&amp#27;[39m &amp#27;[90m1 ms - 22&amp#27;[39m &amp#27;[90m&amp#27;[39m
&amp#27;[38;5;62m[b0ba2a62]&amp#27;[0m&amp#27;[38;5;86m[HTTP]&amp#27;[0m &amp#27;[37m-->&amp#27;[39m &amp#27;[37mPOST&amp#27;[39m &amp#27;[37m/session/b0ba2a62-81e9-4549-a86a-5c4087153a08/element&amp#27;[39m &amp#27;[90m{"using":"class name","value":"android.widget.CheckBox"}&amp#27;[39m
&amp#27;[38;5;62m[b0ba2a62]&amp#27;[0m&amp#27;[38;5;-71m[AndroidUiautomator2Driver@0c01]&amp#27;[0m Calling AppiumDriver.findElement() with args: ["class name","android.widget.CheckBox","b0ba2a62-81e9-4549-a86a-5c4087153a08"]
&amp#27;[38;5;62m[b0ba2a62]&amp#27;[0m&amp#27;[38;5;-71m[AndroidUiautomator2Driver@0c01]&amp#27;[0m Valid locator strategies for this request: xpath, id, class name, accessibility id, css selector, -android uiautomator
&amp#27;[38;5;62m[b0ba2a62]&amp#27;[0m&amp#27;[38;5;-71m[AndroidUiautomator2Driver@0c01]&amp#27;[0m Waiting up to 0 ms for condition
&amp#27;[38;5;62m[b0ba2a62]&amp#27;[0m&amp#27;[38;5;-71m[AndroidUiautomator2Driver@0c01]&amp#27;[0m Matched '/element' to command name 'findElement'
&amp#27;[38;5;62m[b0ba2a62]&amp#27;[0m&amp#27;[38;5;-71m[AndroidUiautomator2Driver@0c01]&amp#27;[0m Proxying [POST /element] to [POST http://127.0.0.1:8201/session/2a917301-f722-4fbf-96e3-1888e2e1bbbd/element] with body: {"strategy":"class name","selector":"android.widget.CheckBox","context":"","multiple":false}
&amp#27;[38;5;62m[b0ba2a62]&amp#27;[0m&amp#27;[38;5;-71m[AndroidUiautomator2Driver@0c01]&amp#27;[0m Got response with status 200: {"sessionId":"2a917301-f722-4fbf-96e3-1888e2e1bbbd","value":{"ELEMENT":"00000000-0000-06e3-ffff-ffff0000007b","element-6066-11e4-a52e-4f735466cecf":"00000000-0000-06e3-ffff-ffff0000007b"}}
&amp#27;[38;5;62m[b0ba2a62]&amp#27;[0m&amp#27;[38;5;-71m[AndroidUiautomator2Driver@0c01]&amp#27;[0m Responding to client with driver.findElement() result: {"element-6066-11e4-a52e-4f735466cecf":"00000000-0000-06e3-ffff-ffff0000007b","ELEMENT":"00000000-0000-06e3-ffff-ffff0000007b"}
&amp#27;[38;5;62m[b0ba2a62]&amp#27;[0m&amp#27;[38;5;86m[HTTP]&amp#27;[0m &amp#27;[37m<-- POST /session/b0ba2a62-81e9-4549-a86a-5c4087153a08/element &amp#27;[39m&amp#27;[32m200&amp#27;[39m &amp#27;[90m39 ms - 137&amp#27;[39m &amp#27;[90m&amp#27;[39m
&amp#27;[38;5;62m[b0ba2a62]&amp#27;[0m&amp#27;[38;5;86m[HTTP]&amp#27;[0m &amp#27;[37m-->&amp#27;[39m &amp#27;[37mGET&amp#27;[39m &amp#27;[37m/session/b0ba2a62-81e9-4549-a86a-5c4087153a08/element/00000000-0000-06e3-ffff-ffff0000007b/displayed&amp#27;[39m &amp#27;[90m{}&amp#27;[39m
&amp#27;[38;5;62m[b0ba2a62]&amp#27;[0m&amp#27;[38;5;-71m[AndroidUiautomator2Driver@0c01]&amp#27;[0m Calling AppiumDriver.elementDisplayed() with args: ["00000000-0000-06e3-ffff-ffff0000007b","b0ba2a62-81e9-4549-a86a-5c4087153a08"]
&amp#27;[38;5;62m[b0ba2a62]&amp#27;[0m&amp#27;[38;5;-71m[AndroidUiautomator2Driver@0c01]&amp#27;[0m Matched '/element/00000000-0000-06e3-ffff-ffff0000007b/attribute/displayed' to command name 'getAttribute'
&amp#27;[38;5;62m[b0ba2a62]&amp#27;[0m&amp#27;[38;5;-71m[AndroidUiautomator2Driver@0c01]&amp#27;[0m Proxying [GET /element/00000000-0000-06e3-ffff-ffff0000007b/attribute/displayed] to [GET http://127.0.0.1:8201/session/2a917301-f722-4fbf-96e3-1888e2e1bbbd/element/00000000-0000-06e3-ffff-ffff0000007b/attribute/displayed] with no body
&amp#27;[38;5;62m[b0ba2a62]&amp#27;[0m&amp#27;[38;5;-71m[AndroidUiautomator2Driver@0c01]&amp#27;[0m Got response with status 200: {"sessionId":"2a917301-f722-4fbf-96e3-1888e2e1bbbd","value":"true"}
&amp#27;[38;5;62m[b0ba2a62]&amp#27;[0m&amp#27;[38;5;-71m[AndroidUiautomator2Driver@0c01]&amp#27;[0m Responding to client with driver.elementDisplayed() result: true
&amp#27;[38;5;62m[b0ba2a62]&amp#27;[0m&amp#27;[38;5;86m[HTTP]&amp#27;[0m &amp#27;[37m<-- GET /session/b0ba2a62-81e9-4549-a86a-5c4087153a08/element/00000000-0000-06e3-ffff-ffff0000007b/displayed &amp#27;[39m&amp#27;[32m200&amp#27;[39m &amp#27;[90m21 ms - 14&amp#27;[39m &amp#27;[90m&amp#27;[39m
&amp#27;[38;5;62m[b0ba2a62]&amp#27;[0m&amp#27;[38;5;86m[HTTP]&amp#27;[0m &amp#27;[37m-->&amp#27;[39m &amp#27;[37mGET&amp#27;[39m &amp#27;[37m/session/b0ba2a62-81e9-4549-a86a-5c4087153a08/context&amp#27;[39m &amp#27;[90m{}&amp#27;[39m
&amp#27;[38;5;62m[b0ba2a62]&amp#27;[0m&amp#27;[38;5;-71m[AndroidUiautomator2Driver@0c01]&amp#27;[0m Calling AppiumDriver.getCurrentContext() with args: ["b0ba2a62-81e9-4549-a86a-5c4087153a08"]
&amp#27;[38;5;62m[b0ba2a62]&amp#27;[0m&amp#27;[38;5;-71m[AndroidUiautomator2Driver@0c01]&amp#27;[0m Responding to client with driver.getCurrentContext() result: "NATIVE_APP"
&amp#27;[38;5;62m[b0ba2a62]&amp#27;[0m&amp#27;[38;5;86m[HTTP]&amp#27;[0m &amp#27;[37m<-- GET /session/b0ba2a62-81e9-4549-a86a-5c4087153a08/context &amp#27;[39m&amp#27;[32m200&amp#27;[39m &amp#27;[90m1 ms - 22&amp#27;[39m &amp#27;[90m&amp#27;[39m
&amp#27;[38;5;62m[b0ba2a62]&amp#27;[0m&amp#27;[38;5;86m[HTTP]&amp#27;[0m &amp#27;[37m-->&amp#27;[39m &amp#27;[37mPOST&amp#27;[39m &amp#27;[37m/session/b0ba2a62-81e9-4549-a86a-5c4087153a08/element&amp#27;[39m &amp#27;[90m{"using":"class name","value":"android.widget.CheckBox"}&amp#27;[39m
&amp#27;[38;5;62m[b0ba2a62]&amp#27;[0m&amp#27;[38;5;-71m[AndroidUiautomator2Driver@0c01]&amp#27;[0m Calling AppiumDriver.findElement() with args: ["class name","android.widget.CheckBox","b0ba2a62-81e9-4549-a86a-5c4087153a08"]
&amp#27;[38;5;62m[b0ba2a62]&amp#27;[0m&amp#27;[38;5;-71m[AndroidUiautomator2Driver@0c01]&amp#27;[0m Valid locator strategies for this request: xpath, id, class name, accessibility id, css selector, -android uiautomator
&amp#27;[38;5;62m[b0ba2a62]&amp#27;[0m&amp#27;[38;5;-71m[AndroidUiautomator2Driver@0c01]&amp#27;[0m Waiting up to 0 ms for condition
&amp#27;[38;5;62m[b0ba2a62]&amp#27;[0m&amp#27;[38;5;-71m[AndroidUiautomator2Driver@0c01]&amp#27;[0m Matched '/element' to command name 'findElement'
&amp#27;[38;5;62m[b0ba2a62]&amp#27;[0m&amp#27;[38;5;-71m[AndroidUiautomator2Driver@0c01]&amp#27;[0m Proxying [POST /element] to [POST http://127.0.0.1:8201/session/2a917301-f722-4fbf-96e3-1888e2e1bbbd/element] with body: {"strategy":"class name","selector":"android.widget.CheckBox","context":"","multiple":false}
&amp#27;[38;5;62m[b0ba2a62]&amp#27;[0m&amp#27;[38;5;-71m[AndroidUiautomator2Driver@0c01]&amp#27;[0m Got response with status 200: {"sessionId":"2a917301-f722-4fbf-96e3-1888e2e1bbbd","value":{"ELEMENT":"00000000-0000-06e3-ffff-ffff0000007b","element-6066-11e4-a52e-4f735466cecf":"00000000-0000-06e3-ffff-ffff0000007b"}}
&amp#27;[38;5;62m[b0ba2a62]&amp#27;[0m&amp#27;[38;5;-71m[AndroidUiautomator2Driver@0c01]&amp#27;[0m Responding to client with driver.findElement() result: {"element-6066-11e4-a52e-4f735466cecf":"00000000-0000-06e3-ffff-ffff0000007b","ELEMENT":"00000000-0000-06e3-ffff-ffff0000007b"}
&amp#27;[38;5;62m[b0ba2a62]&amp#27;[0m&amp#27;[38;5;86m[HTTP]&amp#27;[0m &amp#27;[37m<-- POST /session/b0ba2a62-81e9-4549-a86a-5c4087153a08/element &amp#27;[39m&amp#27;[32m200&amp#27;[39m &amp#27;[90m29 ms - 137&amp#27;[39m &amp#27;[90m&amp#27;[39m
&amp#27;[38;5;62m[b0ba2a62]&amp#27;[0m&amp#27;[38;5;86m[HTTP]&amp#27;[0m &amp#27;[37m-->&amp#27;[39m &amp#27;[37mPOST&amp#27;[39m &amp#27;[37m/session/b0ba2a62-81e9-4549-a86a-5c4087153a08/element/00000000-0000-06e3-ffff-ffff0000007b/click&amp#27;[39m &amp#27;[90m{"id":"00000000-0000-06e3-ffff-ffff0000007b"}&amp#27;[39m
&amp#27;[38;5;62m[b0ba2a62]&amp#27;[0m&amp#27;[38;5;-71m[AndroidUiautomator2Driver@0c01]&amp#27;[0m Calling AppiumDriver.click() with args: ["00000000-0000-06e3-ffff-ffff0000007b","b0ba2a62-81e9-4549-a86a-5c4087153a08"]
&amp#27;[38;5;62m[b0ba2a62]&amp#27;[0m&amp#27;[38;5;-71m[AndroidUiautomator2Driver@0c01]&amp#27;[0m Matched '/element/00000000-0000-06e3-ffff-ffff0000007b/click' to command name 'click'
&amp#27;[38;5;62m[b0ba2a62]&amp#27;[0m&amp#27;[38;5;-71m[AndroidUiautomator2Driver@0c01]&amp#27;[0m Proxying [POST /element/00000000-0000-06e3-ffff-ffff0000007b/click] to [POST http://127.0.0.1:8201/session/2a917301-f722-4fbf-96e3-1888e2e1bbbd/element/00000000-0000-06e3-ffff-ffff0000007b/click] with body: {"element":"00000000-0000-06e3-ffff-ffff0000007b"}
&amp#27;[38;5;62m[b0ba2a62]&amp#27;[0m&amp#27;[38;5;-71m[AndroidUiautomator2Driver@0c01]&amp#27;[0m Got response with status 200: {"sessionId":"2a917301-f722-4fbf-96e3-1888e2e1bbbd","value":null}
&amp#27;[38;5;62m[b0ba2a62]&amp#27;[0m&amp#27;[38;5;-71m[AndroidUiautomator2Driver@0c01]&amp#27;[0m Responding to client with driver.click() result: null
&amp#27;[38;5;62m[b0ba2a62]&amp#27;[0m&amp#27;[38;5;86m[HTTP]&amp#27;[0m &amp#27;[37m<-- POST /session/b0ba2a62-81e9-4549-a86a-5c4087153a08/element/00000000-0000-06e3-ffff-ffff0000007b/click &amp#27;[39m&amp#27;[32m200&amp#27;[39m &amp#27;[90m282 ms - 14&amp#27;[39m &amp#27;[90m&amp#27;[39m
&amp#27;[38;5;62m[b0ba2a62]&amp#27;[0m&amp#27;[38;5;86m[HTTP]&amp#27;[0m &amp#27;[37m-->&amp#27;[39m &amp#27;[37mGET&amp#27;[39m &amp#27;[37m/session/b0ba2a62-81e9-4549-a86a-5c4087153a08/context&amp#27;[39m &amp#27;[90m{}&amp#27;[39m
&amp#27;[38;5;62m[b0ba2a62]&amp#27;[0m&amp#27;[38;5;-71m[AndroidUiautomator2Driver@0c01]&amp#27;[0m Calling AppiumDriver.getCurrentContext() with args: ["b0ba2a62-81e9-4549-a86a-5c4087153a08"]
&amp#27;[38;5;62m[b0ba2a62]&amp#27;[0m&amp#27;[38;5;-71m[AndroidUiautomator2Driver@0c01]&amp#27;[0m Responding to client with driver.getCurrentContext() result: "NATIVE_APP"
&amp#27;[38;5;62m[b0ba2a62]&amp#27;[0m&amp#27;[38;5;86m[HTTP]&amp#27;[0m &amp#27;[37m<-- GET /session/b0ba2a62-81e9-4549-a86a-5c4087153a08/context &amp#27;[39m&amp#27;[32m200&amp#27;[39m &amp#27;[90m1 ms - 22&amp#27;[39m &amp#27;[90m&amp#27;[39m
&amp#27;[38;5;62m[b0ba2a62]&amp#27;[0m&amp#27;[38;5;86m[HTTP]&amp#27;[0m &amp#27;[37m-->&amp#27;[39m &amp#27;[37mPOST&amp#27;[39m &amp#27;[37m/session/b0ba2a62-81e9-4549-a86a-5c4087153a08/element&amp#27;[39m &amp#27;[90m{"using":"id","value":"com.androidsample.generalstore:id/btnProceed"}&amp#27;[39m
&amp#27;[38;5;62m[b0ba2a62]&amp#27;[0m&amp#27;[38;5;-71m[AndroidUiautomator2Driver@0c01]&amp#27;[0m Calling AppiumDriver.findElement() with args: ["id","com.androidsample.generalstore:id/btnProceed","b0ba2a62-81e9-4549-a86a-5c4087153a08"]
&amp#27;[38;5;62m[b0ba2a62]&amp#27;[0m&amp#27;[38;5;-71m[AndroidUiautomator2Driver@0c01]&amp#27;[0m Valid locator strategies for this request: xpath, id, class name, accessibility id, css selector, -android uiautomator
&amp#27;[38;5;62m[b0ba2a62]&amp#27;[0m&amp#27;[38;5;-71m[AndroidUiautomator2Driver@0c01]&amp#27;[0m Waiting up to 0 ms for condition
&amp#27;[38;5;62m[b0ba2a62]&amp#27;[0m&amp#27;[38;5;-71m[AndroidUiautomator2Driver@0c01]&amp#27;[0m Matched '/element' to command name 'findElement'
&amp#27;[38;5;62m[b0ba2a62]&amp#27;[0m&amp#27;[38;5;-71m[AndroidUiautomator2Driver@0c01]&amp#27;[0m Proxying [POST /element] to [POST http://127.0.0.1:8201/session/2a917301-f722-4fbf-96e3-1888e2e1bbbd/element] with body: {"strategy":"id","selector":"com.androidsample.generalstore:id/btnProceed","context":"","multiple":false}
&amp#27;[38;5;62m[b0ba2a62]&amp#27;[0m&amp#27;[38;5;-71m[AndroidUiautomator2Driver@0c01]&amp#27;[0m Got response with status 200: {"sessionId":"2a917301-f722-4fbf-96e3-1888e2e1bbbd","value":{"ELEMENT":"00000000-0000-06e3-ffff-ffff0000007c","element-6066-11e4-a52e-4f735466cecf":"00000000-0000-06e3-ffff-ffff0000007c"}}
&amp#27;[38;5;62m[b0ba2a62]&amp#27;[0m&amp#27;[38;5;-71m[AndroidUiautomator2Driver@0c01]&amp#27;[0m Responding to client with driver.findElement() result: {"element-6066-11e4-a52e-4f735466cecf":"00000000-0000-06e3-ffff-ffff0000007c","ELEMENT":"00000000-0000-06e3-ffff-ffff0000007c"}
&amp#27;[38;5;62m[b0ba2a62]&amp#27;[0m&amp#27;[38;5;86m[HTTP]&amp#27;[0m &amp#27;[37m<-- POST /session/b0ba2a62-81e9-4549-a86a-5c4087153a08/element &amp#27;[39m&amp#27;[32m200&amp#27;[39m &amp#27;[90m522 ms - 137&amp#27;[39m &amp#27;[90m&amp#27;[39m
&amp#27;[38;5;62m[b0ba2a62]&amp#27;[0m&amp#27;[38;5;86m[HTTP]&amp#27;[0m &amp#27;[37m-->&amp#27;[39m &amp#27;[37mGET&amp#27;[39m &amp#27;[37m/session/b0ba2a62-81e9-4549-a86a-5c4087153a08/element/00000000-0000-06e3-ffff-ffff0000007c/displayed&amp#27;[39m &amp#27;[90m{}&amp#27;[39m
&amp#27;[38;5;62m[b0ba2a62]&amp#27;[0m&amp#27;[38;5;-71m[AndroidUiautomator2Driver@0c01]&amp#27;[0m Calling AppiumDriver.elementDisplayed() with args: ["00000000-0000-06e3-ffff-ffff0000007c","b0ba2a62-81e9-4549-a86a-5c4087153a08"]
&amp#27;[38;5;62m[b0ba2a62]&amp#27;[0m&amp#27;[38;5;-71m[AndroidUiautomator2Driver@0c01]&amp#27;[0m Matched '/element/00000000-0000-06e3-ffff-ffff0000007c/attribute/displayed' to command name 'getAttribute'
&amp#27;[38;5;62m[b0ba2a62]&amp#27;[0m&amp#27;[38;5;-71m[AndroidUiautomator2Driver@0c01]&amp#27;[0m Proxying [GET /element/00000000-0000-06e3-ffff-ffff0000007c/attribute/displayed] to [GET http://127.0.0.1:8201/session/2a917301-f722-4fbf-96e3-1888e2e1bbbd/element/00000000-0000-06e3-ffff-ffff0000007c/attribute/displayed] with no body
&amp#27;[38;5;62m[b0ba2a62]&amp#27;[0m&amp#27;[38;5;-71m[AndroidUiautomator2Driver@0c01]&amp#27;[0m Got response with status 200: {"sessionId":"2a917301-f722-4fbf-96e3-1888e2e1bbbd","value":"true"}
&amp#27;[38;5;62m[b0ba2a62]&amp#27;[0m&amp#27;[38;5;-71m[AndroidUiautomator2Driver@0c01]&amp#27;[0m Responding to client with driver.elementDisplayed() result: true
&amp#27;[38;5;62m[b0ba2a62]&amp#27;[0m&amp#27;[38;5;86m[HTTP]&amp#27;[0m &amp#27;[37m<-- GET /session/b0ba2a62-81e9-4549-a86a-5c4087153a08/element/00000000-0000-06e3-ffff-ffff0000007c/displayed &amp#27;[39m&amp#27;[32m200&amp#27;[39m &amp#27;[90m18 ms - 14&amp#27;[39m &amp#27;[90m&amp#27;[39m
&amp#27;[38;5;62m[b0ba2a62]&amp#27;[0m&amp#27;[38;5;86m[HTTP]&amp#27;[0m &amp#27;[37m-->&amp#27;[39m &amp#27;[37mGET&amp#27;[39m &amp#27;[37m/session/b0ba2a62-81e9-4549-a86a-5c4087153a08/context&amp#27;[39m &amp#27;[90m{}&amp#27;[39m
&amp#27;[38;5;62m[b0ba2a62]&amp#27;[0m&amp#27;[38;5;-71m[AndroidUiautomator2Driver@0c01]&amp#27;[0m Calling AppiumDriver.getCurrentContext() with args: ["b0ba2a62-81e9-4549-a86a-5c4087153a08"]
&amp#27;[38;5;62m[b0ba2a62]&amp#27;[0m&amp#27;[38;5;-71m[AndroidUiautomator2Driver@0c01]&amp#27;[0m Responding to client with driver.getCurrentContext() result: "NATIVE_APP"
&amp#27;[38;5;62m[b0ba2a62]&amp#27;[0m&amp#27;[38;5;86m[HTTP]&amp#27;[0m &amp#27;[37m<-- GET /session/b0ba2a62-81e9-4549-a86a-5c4087153a08/context &amp#27;[39m&amp#27;[32m200&amp#27;[39m &amp#27;[90m1 ms - 22&amp#27;[39m &amp#27;[90m&amp#27;[39m
&amp#27;[38;5;62m[b0ba2a62]&amp#27;[0m&amp#27;[38;5;86m[HTTP]&amp#27;[0m &amp#27;[37m-->&amp#27;[39m &amp#27;[37mPOST&amp#27;[39m &amp#27;[37m/session/b0ba2a62-81e9-4549-a86a-5c4087153a08/element&amp#27;[39m &amp#27;[90m{"using":"id","value":"com.androidsample.generalstore:id/btnProceed"}&amp#27;[39m
&amp#27;[38;5;62m[b0ba2a62]&amp#27;[0m&amp#27;[38;5;-71m[AndroidUiautomator2Driver@0c01]&amp#27;[0m Calling AppiumDriver.findElement() with args: ["id","com.androidsample.generalstore:id/btnProceed","b0ba2a62-81e9-4549-a86a-5c4087153a08"]
&amp#27;[38;5;62m[b0ba2a62]&amp#27;[0m&amp#27;[38;5;-71m[AndroidUiautomator2Driver@0c01]&amp#27;[0m Valid locator strategies for this request: xpath, id, class name, accessibility id, css selector, -android uiautomator
&amp#27;[38;5;62m[b0ba2a62]&amp#27;[0m&amp#27;[38;5;-71m[AndroidUiautomator2Driver@0c01]&amp#27;[0m Waiting up to 0 ms for condition
&amp#27;[38;5;62m[b0ba2a62]&amp#27;[0m&amp#27;[38;5;-71m[AndroidUiautomator2Driver@0c01]&amp#27;[0m Matched '/element' to command name 'findElement'
&amp#27;[38;5;62m[b0ba2a62]&amp#27;[0m&amp#27;[38;5;-71m[AndroidUiautomator2Driver@0c01]&amp#27;[0m Proxying [POST /element] to [POST http://127.0.0.1:8201/session/2a917301-f722-4fbf-96e3-1888e2e1bbbd/element] with body: {"strategy":"id","selector":"com.androidsample.generalstore:id/btnProceed","context":"","multiple":false}
&amp#27;[38;5;62m[b0ba2a62]&amp#27;[0m&amp#27;[38;5;-71m[AndroidUiautomator2Driver@0c01]&amp#27;[0m Got response with status 200: {"sessionId":"2a917301-f722-4fbf-96e3-1888e2e1bbbd","value":{"ELEMENT":"00000000-0000-06e3-ffff-ffff0000007c","element-6066-11e4-a52e-4f735466cecf":"00000000-0000-06e3-ffff-ffff0000007c"}}
&amp#27;[38;5;62m[b0ba2a62]&amp#27;[0m&amp#27;[38;5;-71m[AndroidUiautomator2Driver@0c01]&amp#27;[0m Responding to client with driver.findElement() result: {"element-6066-11e4-a52e-4f735466cecf":"00000000-0000-06e3-ffff-ffff0000007c","ELEMENT":"00000000-0000-06e3-ffff-ffff0000007c"}
&amp#27;[38;5;62m[b0ba2a62]&amp#27;[0m&amp#27;[38;5;86m[HTTP]&amp#27;[0m &amp#27;[37m<-- POST /session/b0ba2a62-81e9-4549-a86a-5c4087153a08/element &amp#27;[39m&amp#27;[32m200&amp#27;[39m &amp#27;[90m37 ms - 137&amp#27;[39m &amp#27;[90m&amp#27;[39m
&amp#27;[38;5;62m[b0ba2a62]&amp#27;[0m&amp#27;[38;5;86m[HTTP]&amp#27;[0m &amp#27;[37m-->&amp#27;[39m &amp#27;[37mPOST&amp#27;[39m &amp#27;[37m/session/b0ba2a62-81e9-4549-a86a-5c4087153a08/element/00000000-0000-06e3-ffff-ffff0000007c/click&amp#27;[39m &amp#27;[90m{"id":"00000000-0000-06e3-ffff-ffff0000007c"}&amp#27;[39m
&amp#27;[38;5;62m[b0ba2a62]&amp#27;[0m&amp#27;[38;5;-71m[AndroidUiautomator2Driver@0c01]&amp#27;[0m Calling AppiumDriver.click() with args: ["00000000-0000-06e3-ffff-ffff0000007c","b0ba2a62-81e9-4549-a86a-5c4087153a08"]
&amp#27;[38;5;62m[b0ba2a62]&amp#27;[0m&amp#27;[38;5;-71m[AndroidUiautomator2Driver@0c01]&amp#27;[0m Matched '/element/00000000-0000-06e3-ffff-ffff0000007c/click' to command name 'click'
&amp#27;[38;5;62m[b0ba2a62]&amp#27;[0m&amp#27;[38;5;-71m[AndroidUiautomator2Driver@0c01]&amp#27;[0m Proxying [POST /element/00000000-0000-06e3-ffff-ffff0000007c/click] to [POST http://127.0.0.1:8201/session/2a917301-f722-4fbf-96e3-1888e2e1bbbd/element/00000000-0000-06e3-ffff-ffff0000007c/click] with body: {"element":"00000000-0000-06e3-ffff-ffff0000007c"}
&amp#27;[38;5;62m[b0ba2a62]&amp#27;[0m&amp#27;[38;5;-71m[AndroidUiautomator2Driver@0c01]&amp#27;[0m Got response with status 200: {"sessionId":"2a917301-f722-4fbf-96e3-1888e2e1bbbd","value":null}
&amp#27;[38;5;62m[b0ba2a62]&amp#27;[0m&amp#27;[38;5;-71m[AndroidUiautomator2Driver@0c01]&amp#27;[0m Responding to client with driver.click() result: null
&amp#27;[38;5;62m[b0ba2a62]&amp#27;[0m&amp#27;[38;5;86m[HTTP]&amp#27;[0m &amp#27;[37m<-- POST /session/b0ba2a62-81e9-4549-a86a-5c4087153a08/element/00000000-0000-06e3-ffff-ffff0000007c/click &amp#27;[39m&amp#27;[32m200&amp#27;[39m &amp#27;[90m82 ms - 14&amp#27;[39m &amp#27;[90m&amp#27;[39m
&amp#27;[38;5;62m[b0ba2a62]&amp#27;[0m&amp#27;[38;5;86m[HTTP]&amp#27;[0m &amp#27;[37m-->&amp#27;[39m &amp#27;[37mGET&amp#27;[39m &amp#27;[37m/session/b0ba2a62-81e9-4549-a86a-5c4087153a08/context&amp#27;[39m &amp#27;[90m{}&amp#27;[39m
&amp#27;[38;5;62m[b0ba2a62]&amp#27;[0m&amp#27;[38;5;-71m[AndroidUiautomator2Driver@0c01]&amp#27;[0m Calling AppiumDriver.getCurrentContext() with args: ["b0ba2a62-81e9-4549-a86a-5c4087153a08"]
&amp#27;[38;5;62m[b0ba2a62]&amp#27;[0m&amp#27;[38;5;-71m[AndroidUiautomator2Driver@0c01]&amp#27;[0m Responding to client with driver.getCurrentContext() result: "NATIVE_APP"
&amp#27;[38;5;62m[b0ba2a62]&amp#27;[0m&amp#27;[38;5;86m[HTTP]&amp#27;[0m &amp#27;[37m<-- GET /session/b0ba2a62-81e9-4549-a86a-5c4087153a08/context &amp#27;[39m&amp#27;[32m200&amp#27;[39m &amp#27;[90m1 ms - 22&amp#27;[39m &amp#27;[90m&amp#27;[39m
&amp#27;[38;5;62m[b0ba2a62]&amp#27;[0m&amp#27;[38;5;86m[HTTP]&amp#27;[0m &amp#27;[37m-->&amp#27;[39m &amp#27;[37mPOST&amp#27;[39m &amp#27;[37m/session/b0ba2a62-81e9-4549-a86a-5c4087153a08/element&amp#27;[39m &amp#27;[90m{"using":"id","value":"com.androidsample.generalstore:id/webView"}&amp#27;[39m
&amp#27;[38;5;62m[b0ba2a62]&amp#27;[0m&amp#27;[38;5;-71m[AndroidUiautomator2Driver@0c01]&amp#27;[0m Calling AppiumDriver.findElement() with args: ["id","com.androidsample.generalstore:id/webView","b0ba2a62-81e9-4549-a86a-5c4087153a08"]
&amp#27;[38;5;62m[b0ba2a62]&amp#27;[0m&amp#27;[38;5;-71m[AndroidUiautomator2Driver@0c01]&amp#27;[0m Valid locator strategies for this request: xpath, id, class name, accessibility id, css selector, -android uiautomator
&amp#27;[38;5;62m[b0ba2a62]&amp#27;[0m&amp#27;[38;5;-71m[AndroidUiautomator2Driver@0c01]&amp#27;[0m Waiting up to 0 ms for condition
&amp#27;[38;5;62m[b0ba2a62]&amp#27;[0m&amp#27;[38;5;-71m[AndroidUiautomator2Driver@0c01]&amp#27;[0m Matched '/element' to command name 'findElement'
&amp#27;[38;5;62m[b0ba2a62]&amp#27;[0m&amp#27;[38;5;-71m[AndroidUiautomator2Driver@0c01]&amp#27;[0m Proxying [POST /element] to [POST http://127.0.0.1:8201/session/2a917301-f722-4fbf-96e3-1888e2e1bbbd/element] with body: {"strategy":"id","selector":"com.androidsample.generalstore:id/webView","context":"","multiple":false}
&amp#27;[38;5;62m[b0ba2a62]&amp#27;[0m&amp#27;[38;5;-71m[AndroidUiautomator2Driver@0c01]&amp#27;[0m Got response with status 404: {"sessionId":"2a917301-f722-4fbf-96e3-1888e2e1bbbd","value":{"error":"no such element","message":"An element could not be located on the page using the given search parameters","stacktrace":"io.appium.uiautomator2.common.exceptions.ElementNotFoundException: An element could not be located on the page using the given search parameters\n\tat io.appium.uiautomator2.handler.FindElement.safeHandle(FindElement.java:63)\n\tat io.appium.uiautomator2.handler.request.SafeRequestHandler.handle(SafeRequestHandler.java:59)\n\tat io.appium.uiautomator2.server.AppiumServlet.handleRequest(AppiumServlet.java:259)\n\tat io.appium.uiautomator2.server.AppiumServlet.handleHttpRequest(AppiumServlet.java:253)\n\tat io.appium.uiautomator2.http.ServerHandler.channelRead(ServerHandler.java:77)\n\tat io.netty.channel.AbstractChannelHandlerContext.invokeChannelRead(AbstractChannelHandlerContext.java:366)\n\tat io.netty.channel.AbstractChannelHandlerContext.invokeChannelRead(AbstractChannelHandlerContext.java:352)\n\tat io.netty.chann...
&amp#27;[38;5;62m[b0ba2a62]&amp#27;[0m&amp#27;[38;5;123m[W3C]&amp#27;[0m Matched W3C error code 'no such element' to NoSuchElementError
&amp#27;[38;5;62m[b0ba2a62]&amp#27;[0m&amp#27;[38;5;-71m[AndroidUiautomator2Driver@0c01]&amp#27;[0m Encountered internal error running command: NoSuchElementError: An element could not be located on the page using the given search parameters.
    at AndroidUiautomator2Driver.findElOrEls (C:\Users\User1\.appium\node_modules\appium-uiautomator2-driver\node_modules\appium-android-driver\lib\commands\find.ts:86:11)
    at processTicksAndRejections (node:internal/process/task_queues:95:5)
    at AndroidUiautomator2Driver.findElOrElsWithProcessing (C:\Users\User1\AppData\Roaming\npm\node_modules\appium\node_modules\@appium\base-driver\lib\basedriver\commands\find.ts:60:12)
    at AndroidUiautomator2Driver.findElement (C:\Users\User1\AppData\Roaming\npm\node_modules\appium\node_modules\@appium\base-driver\lib\basedriver\commands\find.ts:75:12)
&amp#27;[38;5;62m[b0ba2a62]&amp#27;[0m&amp#27;[38;5;86m[HTTP]&amp#27;[0m &amp#27;[37m<-- POST /session/b0ba2a62-81e9-4549-a86a-5c4087153a08/element &amp#27;[39m&amp#27;[33m404&amp#27;[39m &amp#27;[90m2654 ms - 890&amp#27;[39m &amp#27;[90m&amp#27;[39m
&amp#27;[38;5;62m[b0ba2a62]&amp#27;[0m&amp#27;[38;5;86m[HTTP]&amp#27;[0m &amp#27;[37m-->&amp#27;[39m &amp#27;[37mGET&amp#27;[39m &amp#27;[37m/session/b0ba2a62-81e9-4549-a86a-5c4087153a08/context&amp#27;[39m &amp#27;[90m{}&amp#27;[39m
&amp#27;[38;5;62m[b0ba2a62]&amp#27;[0m&amp#27;[38;5;-71m[AndroidUiautomator2Driver@0c01]&amp#27;[0m Calling AppiumDriver.getCurrentContext() with args: ["b0ba2a62-81e9-4549-a86a-5c4087153a08"]
&amp#27;[38;5;62m[b0ba2a62]&amp#27;[0m&amp#27;[38;5;-71m[AndroidUiautomator2Driver@0c01]&amp#27;[0m Responding to client with driver.getCurrentContext() result: "NATIVE_APP"
&amp#27;[38;5;62m[b0ba2a62]&amp#27;[0m&amp#27;[38;5;86m[HTTP]&amp#27;[0m &amp#27;[37m<-- GET /session/b0ba2a62-81e9-4549-a86a-5c4087153a08/context &amp#27;[39m&amp#27;[32m200&amp#27;[39m &amp#27;[90m1 ms - 22&amp#27;[39m &amp#27;[90m&amp#27;[39m
&amp#27;[38;5;62m[b0ba2a62]&amp#27;[0m&amp#27;[38;5;86m[HTTP]&amp#27;[0m &amp#27;[37m-->&amp#27;[39m &amp#27;[37mPOST&amp#27;[39m &amp#27;[37m/session/b0ba2a62-81e9-4549-a86a-5c4087153a08/element&amp#27;[39m &amp#27;[90m{"using":"id","value":"com.androidsample.generalstore:id/webView"}&amp#27;[39m
&amp#27;[38;5;62m[b0ba2a62]&amp#27;[0m&amp#27;[38;5;-71m[AndroidUiautomator2Driver@0c01]&amp#27;[0m Calling AppiumDriver.findElement() with args: ["id","com.androidsample.generalstore:id/webView","b0ba2a62-81e9-4549-a86a-5c4087153a08"]
&amp#27;[38;5;62m[b0ba2a62]&amp#27;[0m&amp#27;[38;5;-71m[AndroidUiautomator2Driver@0c01]&amp#27;[0m Valid locator strategies for this request: xpath, id, class name, accessibility id, css selector, -android uiautomator
&amp#27;[38;5;62m[b0ba2a62]&amp#27;[0m&amp#27;[38;5;-71m[AndroidUiautomator2Driver@0c01]&amp#27;[0m Waiting up to 0 ms for condition
&amp#27;[38;5;62m[b0ba2a62]&amp#27;[0m&amp#27;[38;5;-71m[AndroidUiautomator2Driver@0c01]&amp#27;[0m Matched '/element' to command name 'findElement'
&amp#27;[38;5;62m[b0ba2a62]&amp#27;[0m&amp#27;[38;5;-71m[AndroidUiautomator2Driver@0c01]&amp#27;[0m Proxying [POST /element] to [POST http://127.0.0.1:8201/session/2a917301-f722-4fbf-96e3-1888e2e1bbbd/element] with body: {"strategy":"id","selector":"com.androidsample.generalstore:id/webView","context":"","multiple":false}
&amp#27;[38;5;62m[b0ba2a62]&amp#27;[0m&amp#27;[38;5;-71m[AndroidUiautomator2Driver@0c01]&amp#27;[0m Got response with status 200: {"sessionId":"2a917301-f722-4fbf-96e3-1888e2e1bbbd","value":{"ELEMENT":"00000000-0000-06e4-ffff-ffff00000091","element-6066-11e4-a52e-4f735466cecf":"00000000-0000-06e4-ffff-ffff00000091"}}
&amp#27;[38;5;62m[b0ba2a62]&amp#27;[0m&amp#27;[38;5;-71m[AndroidUiautomator2Driver@0c01]&amp#27;[0m Responding to client with driver.findElement() result: {"element-6066-11e4-a52e-4f735466cecf":"00000000-0000-06e4-ffff-ffff00000091","ELEMENT":"00000000-0000-06e4-ffff-ffff00000091"}
&amp#27;[38;5;62m[b0ba2a62]&amp#27;[0m&amp#27;[38;5;86m[HTTP]&amp#27;[0m &amp#27;[37m<-- POST /session/b0ba2a62-81e9-4549-a86a-5c4087153a08/element &amp#27;[39m&amp#27;[32m200&amp#27;[39m &amp#27;[90m545 ms - 137&amp#27;[39m &amp#27;[90m&amp#27;[39m
&amp#27;[38;5;62m[b0ba2a62]&amp#27;[0m&amp#27;[38;5;86m[HTTP]&amp#27;[0m &amp#27;[37m-->&amp#27;[39m &amp#27;[37mGET&amp#27;[39m &amp#27;[37m/session/b0ba2a62-81e9-4549-a86a-5c4087153a08/element/00000000-0000-06e4-ffff-ffff00000091/displayed&amp#27;[39m &amp#27;[90m{}&amp#27;[39m
&amp#27;[38;5;62m[b0ba2a62]&amp#27;[0m&amp#27;[38;5;-71m[AndroidUiautomator2Driver@0c01]&amp#27;[0m Calling AppiumDriver.elementDisplayed() with args: ["00000000-0000-06e4-ffff-ffff00000091","b0ba2a62-81e9-4549-a86a-5c4087153a08"]
&amp#27;[38;5;62m[b0ba2a62]&amp#27;[0m&amp#27;[38;5;-71m[AndroidUiautomator2Driver@0c01]&amp#27;[0m Matched '/element/00000000-0000-06e4-ffff-ffff00000091/attribute/displayed' to command name 'getAttribute'
&amp#27;[38;5;62m[b0ba2a62]&amp#27;[0m&amp#27;[38;5;-71m[AndroidUiautomator2Driver@0c01]&amp#27;[0m Proxying [GET /element/00000000-0000-06e4-ffff-ffff00000091/attribute/displayed] to [GET http://127.0.0.1:8201/session/2a917301-f722-4fbf-96e3-1888e2e1bbbd/element/00000000-0000-06e4-ffff-ffff00000091/attribute/displayed] with no body
&amp#27;[38;5;62m[b0ba2a62]&amp#27;[0m&amp#27;[38;5;-71m[AndroidUiautomator2Driver@0c01]&amp#27;[0m Got response with status 200: {"sessionId":"2a917301-f722-4fbf-96e3-1888e2e1bbbd","value":"true"}
&amp#27;[38;5;62m[b0ba2a62]&amp#27;[0m&amp#27;[38;5;-71m[AndroidUiautomator2Driver@0c01]&amp#27;[0m Responding to client with driver.elementDisplayed() result: true
&amp#27;[38;5;62m[b0ba2a62]&amp#27;[0m&amp#27;[38;5;86m[HTTP]&amp#27;[0m &amp#27;[37m<-- GET /session/b0ba2a62-81e9-4549-a86a-5c4087153a08/element/00000000-0000-06e4-ffff-ffff00000091/displayed &amp#27;[39m&amp#27;[32m200&amp#27;[39m &amp#27;[90m27 ms - 14&amp#27;[39m &amp#27;[90m&amp#27;[39m
&amp#27;[38;5;62m[b0ba2a62]&amp#27;[0m&amp#27;[38;5;86m[HTTP]&amp#27;[0m &amp#27;[37m-->&amp#27;[39m &amp#27;[37mGET&amp#27;[39m &amp#27;[37m/session/b0ba2a62-81e9-4549-a86a-5c4087153a08/context&amp#27;[39m &amp#27;[90m{}&amp#27;[39m
&amp#27;[38;5;62m[b0ba2a62]&amp#27;[0m&amp#27;[38;5;-71m[AndroidUiautomator2Driver@0c01]&amp#27;[0m Calling AppiumDriver.getCurrentContext() with args: ["b0ba2a62-81e9-4549-a86a-5c4087153a08"]
&amp#27;[38;5;62m[b0ba2a62]&amp#27;[0m&amp#27;[38;5;-71m[AndroidUiautomator2Driver@0c01]&amp#27;[0m Responding to client with driver.getCurrentContext() result: "NATIVE_APP"
&amp#27;[38;5;62m[b0ba2a62]&amp#27;[0m&amp#27;[38;5;86m[HTTP]&amp#27;[0m &amp#27;[37m<-- GET /session/b0ba2a62-81e9-4549-a86a-5c4087153a08/context &amp#27;[39m&amp#27;[32m200&amp#27;[39m &amp#27;[90m1 ms - 22&amp#27;[39m &amp#27;[90m&amp#27;[39m
&amp#27;[38;5;62m[b0ba2a62]&amp#27;[0m&amp#27;[38;5;86m[HTTP]&amp#27;[0m &amp#27;[37m-->&amp#27;[39m &amp#27;[37mPOST&amp#27;[39m &amp#27;[37m/session/b0ba2a62-81e9-4549-a86a-5c4087153a08/element&amp#27;[39m &amp#27;[90m{"using":"id","value":"com.androidsample.generalstore:id/webView"}&amp#27;[39m
&amp#27;[38;5;62m[b0ba2a62]&amp#27;[0m&amp#27;[38;5;-71m[AndroidUiautomator2Driver@0c01]&amp#27;[0m Calling AppiumDriver.findElement() with args: ["id","com.androidsample.generalstore:id/webView","b0ba2a62-81e9-4549-a86a-5c4087153a08"]
&amp#27;[38;5;62m[b0ba2a62]&amp#27;[0m&amp#27;[38;5;-71m[AndroidUiautomator2Driver@0c01]&amp#27;[0m Valid locator strategies for this request: xpath, id, class name, accessibility id, css selector, -android uiautomator
&amp#27;[38;5;62m[b0ba2a62]&amp#27;[0m&amp#27;[38;5;-71m[AndroidUiautomator2Driver@0c01]&amp#27;[0m Waiting up to 0 ms for condition
&amp#27;[38;5;62m[b0ba2a62]&amp#27;[0m&amp#27;[38;5;-71m[AndroidUiautomator2Driver@0c01]&amp#27;[0m Matched '/element' to command name 'findElement'
&amp#27;[38;5;62m[b0ba2a62]&amp#27;[0m&amp#27;[38;5;-71m[AndroidUiautomator2Driver@0c01]&amp#27;[0m Proxying [POST /element] to [POST http://127.0.0.1:8201/session/2a917301-f722-4fbf-96e3-1888e2e1bbbd/element] with body: {"strategy":"id","selector":"com.androidsample.generalstore:id/webView","context":"","multiple":false}
&amp#27;[38;5;62m[b0ba2a62]&amp#27;[0m&amp#27;[38;5;-71m[AndroidUiautomator2Driver@0c01]&amp#27;[0m Got response with status 200: {"sessionId":"2a917301-f722-4fbf-96e3-1888e2e1bbbd","value":{"ELEMENT":"00000000-0000-06e4-ffff-ffff00000091","element-6066-11e4-a52e-4f735466cecf":"00000000-0000-06e4-ffff-ffff00000091"}}
&amp#27;[38;5;62m[b0ba2a62]&amp#27;[0m&amp#27;[38;5;-71m[AndroidUiautomator2Driver@0c01]&amp#27;[0m Responding to client with driver.findElement() result: {"element-6066-11e4-a52e-4f735466cecf":"00000000-0000-06e4-ffff-ffff00000091","ELEMENT":"00000000-0000-06e4-ffff-ffff00000091"}
&amp#27;[38;5;62m[b0ba2a62]&amp#27;[0m&amp#27;[38;5;86m[HTTP]&amp#27;[0m &amp#27;[37m<-- POST /session/b0ba2a62-81e9-4549-a86a-5c4087153a08/element &amp#27;[39m&amp#27;[32m200&amp#27;[39m &amp#27;[90m40 ms - 137&amp#27;[39m &amp#27;[90m&amp#27;[39m
&amp#27;[38;5;62m[b0ba2a62]&amp#27;[0m&amp#27;[38;5;86m[HTTP]&amp#27;[0m &amp#27;[37m-->&amp#27;[39m &amp#27;[37mGET&amp#27;[39m &amp#27;[37m/session/b0ba2a62-81e9-4549-a86a-5c4087153a08/element/00000000-0000-06e4-ffff-ffff00000091/displayed&amp#27;[39m &amp#27;[90m{}&amp#27;[39m
&amp#27;[38;5;62m[b0ba2a62]&amp#27;[0m&amp#27;[38;5;-71m[AndroidUiautomator2Driver@0c01]&amp#27;[0m Calling AppiumDriver.elementDisplayed() with args: ["00000000-0000-06e4-ffff-ffff00000091","b0ba2a62-81e9-4549-a86a-5c4087153a08"]
&amp#27;[38;5;62m[b0ba2a62]&amp#27;[0m&amp#27;[38;5;-71m[AndroidUiautomator2Driver@0c01]&amp#27;[0m Matched '/element/00000000-0000-06e4-ffff-ffff00000091/attribute/displayed' to command name 'getAttribute'
&amp#27;[38;5;62m[b0ba2a62]&amp#27;[0m&amp#27;[38;5;-71m[AndroidUiautomator2Driver@0c01]&amp#27;[0m Proxying [GET /element/00000000-0000-06e4-ffff-ffff00000091/attribute/displayed] to [GET http://127.0.0.1:8201/session/2a917301-f722-4fbf-96e3-1888e2e1bbbd/element/00000000-0000-06e4-ffff-ffff00000091/attribute/displayed] with no body
&amp#27;[38;5;62m[b0ba2a62]&amp#27;[0m&amp#27;[38;5;-71m[AndroidUiautomator2Driver@0c01]&amp#27;[0m Got response with status 200: {"sessionId":"2a917301-f722-4fbf-96e3-1888e2e1bbbd","value":"true"}
&amp#27;[38;5;62m[b0ba2a62]&amp#27;[0m&amp#27;[38;5;-71m[AndroidUiautomator2Driver@0c01]&amp#27;[0m Responding to client with driver.elementDisplayed() result: true
&amp#27;[38;5;62m[b0ba2a62]&amp#27;[0m&amp#27;[38;5;86m[HTTP]&amp#27;[0m &amp#27;[37m<-- GET /session/b0ba2a62-81e9-4549-a86a-5c4087153a08/element/00000000-0000-06e4-ffff-ffff00000091/displayed &amp#27;[39m&amp#27;[32m200&amp#27;[39m &amp#27;[90m40 ms - 14&amp#27;[39m &amp#27;[90m&amp#27;[39m
Test Passed: webViewVerification
]]></system-out>
  </testcase>
  <testcase name="FillForm[{name=Raj, country=Austria, product=Converse All Star, genderFemale=Female, genderMale=Male}](1)" classname="testCases.FormPageTest" time="35.3">
    <system-out><![CDATA[&amp#27;[38;5;62m[b0ba2a62]&amp#27;[0m&amp#27;[38;5;86m[HTTP]&amp#27;[0m &amp#27;[37m-->&amp#27;[39m &amp#27;[37mDELETE&amp#27;[39m &amp#27;[37m/session/b0ba2a62-81e9-4549-a86a-5c4087153a08&amp#27;[39m &amp#27;[90m{}&amp#27;[39m
&amp#27;[38;5;62m[b0ba2a62]&amp#27;[0m&amp#27;[38;5;-71m[AndroidUiautomator2Driver@0c01]&amp#27;[0m Calling AppiumDriver.deleteSession() with args: ["b0ba2a62-81e9-4549-a86a-5c4087153a08"]
&amp#27;[38;5;62m[b0ba2a62]&amp#27;[0m&amp#27;[38;5;25m[AppiumDriver@9d73]&amp#27;[0m Event 'quitSessionRequested' logged at 1744634876564 (18:17:56 GMT+0530 (India Standard Time))
&amp#27;[38;5;62m[b0ba2a62]&amp#27;[0m&amp#27;[38;5;25m[AppiumDriver@9d73]&amp#27;[0m Removing session b0ba2a62-81e9-4549-a86a-5c4087153a08 from our master session list
&amp#27;[38;5;62m[b0ba2a62]&amp#27;[0m&amp#27;[38;5;-71m[AndroidUiautomator2Driver@0c01]&amp#27;[0m Deleting UiAutomator2 session
&amp#27;[38;5;62m[b0ba2a62]&amp#27;[0m&amp#27;[38;5;-71m[AndroidUiautomator2Driver@0c01]&amp#27;[0m Deleting UiAutomator2 server session
&amp#27;[38;5;62m[b0ba2a62]&amp#27;[0m&amp#27;[38;5;-71m[AndroidUiautomator2Driver@0c01]&amp#27;[0m Matched '/' to command name 'deleteSession'
&amp#27;[38;5;62m[b0ba2a62]&amp#27;[0m&amp#27;[38;5;-71m[AndroidUiautomator2Driver@0c01]&amp#27;[0m Proxying [DELETE /] to [DELETE http://127.0.0.1:8201/session/2a917301-f722-4fbf-96e3-1888e2e1bbbd] with no body
&amp#27;[38;5;62m[b0ba2a62]&amp#27;[0m&amp#27;[38;5;-71m[AndroidUiautomator2Driver@0c01]&amp#27;[0m Got response with status 200: {"sessionId":"2a917301-f722-4fbf-96e3-1888e2e1bbbd","value":null}
&amp#27;[38;5;62m[b0ba2a62]&amp#27;[0m&amp#27;[38;5;-71m[AndroidUiautomator2Driver@0c01]&amp#27;[0m [Instrumentation] io.appium.uiautomator2.server.test.AppiumUiAutomator2Server:
&amp#27;[38;5;62m[b0ba2a62]&amp#27;[0m&amp#27;[38;5;-71m[AndroidUiautomator2Driver@0c01]&amp#27;[0m [Instrumentation] The process has exited with code null, signal SIGTERM
&amp#27;[38;5;62m[b0ba2a62]&amp#27;[0m&amp#27;[38;5;229m[ADB]&amp#27;[0m Running 'C:\Users\User1\AppData\Local\Android\Sdk\platform-tools\adb.exe -P 5037 -s emulator-5554 shell dumpsys activity services io.appium.settings/.recorder.RecorderService'
&amp#27;[38;5;62m[b0ba2a62]&amp#27;[0m&amp#27;[38;5;229m[ADB]&amp#27;[0m Running 'C:\Users\User1\AppData\Local\Android\Sdk\platform-tools\adb.exe -P 5037 -s emulator-5554 shell am force-stop com.androidsample.generalstore'
&amp#27;[38;5;62m[b0ba2a62]&amp#27;[0m&amp#27;[38;5;229m[ADB]&amp#27;[0m Removing forwarded port socket connection: 8201 
&amp#27;[38;5;62m[b0ba2a62]&amp#27;[0m&amp#27;[38;5;229m[ADB]&amp#27;[0m Running 'C:\Users\User1\AppData\Local\Android\Sdk\platform-tools\adb.exe -P 5037 -s emulator-5554 forward --remove tcp:8201'
&amp#27;[38;5;62m[b0ba2a62]&amp#27;[0m&amp#27;[38;5;-71m[AndroidUiautomator2Driver@0c01]&amp#27;[0m Restoring hidden api policy to the device default configuration
&amp#27;[38;5;62m[b0ba2a62]&amp#27;[0m&amp#27;[38;5;229m[ADB]&amp#27;[0m Running 'C:\Users\User1\AppData\Local\Android\Sdk\platform-tools\adb.exe -P 5037 -s emulator-5554 shell 'settings delete global hidden_api_policy_pre_p_apps;settings delete global hidden_api_policy_p_apps;settings delete global hidden_api_policy''
&amp#27;[38;5;62m[b0ba2a62]&amp#27;[0m&amp#27;[38;5;160m[Logcat]&amp#27;[0m Stopping logcat capture
&amp#27;[38;5;62m[b0ba2a62]&amp#27;[0m&amp#27;[38;5;25m[AppiumDriver@9d73]&amp#27;[0m Event 'quitSessionFinished' logged at 1744634877302 (18:17:57 GMT+0530 (India Standard Time))
&amp#27;[38;5;62m[b0ba2a62]&amp#27;[0m&amp#27;[38;5;25m[AppiumDriver@9d73]&amp#27;[0m Received response: null
&amp#27;[38;5;62m[b0ba2a62]&amp#27;[0m&amp#27;[38;5;25m[AppiumDriver@9d73]&amp#27;[0m But deleting session, so not returning
&amp#27;[38;5;62m[b0ba2a62]&amp#27;[0m&amp#27;[38;5;25m[AppiumDriver@9d73]&amp#27;[0m Responding to client with driver.deleteSession() result: null
&amp#27;[38;5;62m[b0ba2a62]&amp#27;[0m&amp#27;[38;5;86m[HTTP]&amp#27;[0m &amp#27;[37m<-- DELETE /session/b0ba2a62-81e9-4549-a86a-5c4087153a08 &amp#27;[39m&amp#27;[32m200&amp#27;[39m &amp#27;[90m740 ms - 14&amp#27;[39m &amp#27;[90m&amp#27;[39m
&amp#27;[38;5;112m[Appium]&amp#27;[0m Welcome to Appium v2.11.5
&amp#27;[38;5;112m[Appium]&amp#27;[0m The autodetected Appium home path: C:\Users\User1\.appium
&amp#27;[38;5;112m[Appium]&amp#27;[0m Attempting to load driver uiautomator2...
&amp#27;[38;5;112m[Appium]&amp#27;[0m Attempting to load driver xcuitest...
&amp#27;[38;5;112m[Appium]&amp#27;[0m Attempting to load driver espresso...
&amp#27;[38;5;112m[Appium]&amp#27;[0m Requiring driver at C:\Users\User1\.appium\node_modules\appium-uiautomator2-driver\build\index.js
&amp#27;[38;5;112m[Appium]&amp#27;[0m Requiring driver at C:\Users\User1\.appium\node_modules\appium-espresso-driver\build\index.js
&amp#27;[38;5;112m[Appium]&amp#27;[0m Requiring driver at C:\Users\User1\.appium\node_modules\appium-xcuitest-driver\build\index.js
&amp#27;[38;5;112m[Appium]&amp#27;[0m AndroidUiautomator2Driver has been successfully loaded in 3.445s
&amp#27;[38;5;112m[Appium]&amp#27;[0m EspressoDriver has been successfully loaded in 3.445s
&amp#27;[38;5;112m[Appium]&amp#27;[0m XCUITestDriver has been successfully loaded in 3.445s
&amp#27;[38;5;112m[Appium]&amp#27;[0m Attempting to load driver gecko...
&amp#27;[38;5;112m[Appium]&amp#27;[0m Requiring driver at C:\Users\User1\.appium\node_modules\appium-geckodriver\build\index.js
&amp#27;[38;5;112m[Appium]&amp#27;[0m GeckoDriver has been successfully loaded in 0.132s
&amp#27;[38;5;112m[Appium]&amp#27;[0m Appium REST http interface listener started on http://0.0.0.0:4723
&amp#27;[38;5;112m[Appium]&amp#27;[0m You can provide the following URLs in your client code to connect to this server:
	http://192.168.0.114:4723/
	http://127.0.0.1:4723/ (only accessible from the same host)
&amp#27;[38;5;112m[Appium]&amp#27;[0m Available drivers:
&amp#27;[38;5;112m[Appium]&amp#27;[0m   - uiautomator2@3.8.0 (automationName 'UiAutomator2')
&amp#27;[38;5;112m[Appium]&amp#27;[0m   - xcuitest@7.27.1 (automationName 'XCUITest')
&amp#27;[38;5;112m[Appium]&amp#27;[0m   - espresso@3.5.0 (automationName 'Espresso')
&amp#27;[38;5;112m[Appium]&amp#27;[0m   - gecko@1.4.0 (automationName 'Gecko')
&amp#27;[38;5;112m[Appium]&amp#27;[0m No plugins have been installed. Use the "appium plugin" command to install the one(s) you want to use.
&amp#27;[38;5;86m[HTTP]&amp#27;[0m &amp#27;[37m-->&amp#27;[39m &amp#27;[37mGET&amp#27;[39m &amp#27;[37m/status&amp#27;[39m &amp#27;[90m{}&amp#27;[39m
&amp#27;[38;5;183m[AppiumDriver@927a]&amp#27;[0m Calling AppiumDriver.getStatus() with args: []
&amp#27;[38;5;183m[AppiumDriver@927a]&amp#27;[0m Responding to client with driver.getStatus() result: {"ready":true,"message":"The server is ready to accept new connections","build":{"version":"2.11.5"}}
&amp#27;[38;5;86m[HTTP]&amp#27;[0m &amp#27;[37m<-- GET /status &amp#27;[39m&amp#27;[32m200&amp#27;[39m &amp#27;[90m6 ms - 111&amp#27;[39m &amp#27;[90m&amp#27;[39m
&amp#27;[38;5;86m[HTTP]&amp#27;[0m Request idempotency key: 46764bb2-7866-42e4-ae3f-f66dbdb96575
&amp#27;[38;5;86m[HTTP]&amp#27;[0m &amp#27;[37m-->&amp#27;[39m &amp#27;[37mPOST&amp#27;[39m &amp#27;[37m/session&amp#27;[39m &amp#27;[90m{"capabilities":{"firstMatch":[{"appium:chromedriverExecutable":"C://Users//User1//Downloads//chromedriver-win64//chromedriver-win64//chromedriver.exe","appium:deviceName":"Rajemulator","platformName":"ANDROID","appium:automationName":"UIAutomator2","appium:app":"C:\\Users\\User1\\eclipse-workspace\\eCommerceFramework//src//main//resources//General-Store.apk"}]}}&amp#27;[39m
&amp#27;[38;5;183m[AppiumDriver@927a]&amp#27;[0m Calling AppiumDriver.createSession() with args: [null,null,{"firstMatch":[{"appium:chromedriverExecutable":"C://Users//User1//Downloads//chromedriver-win64//chromedriver-win64//chromedriver.exe","appium:deviceName":"Rajemulator","platformName":"ANDROID","appium:automationName":"UIAutomator2","appium:app":"C:\\Users\\User1\\eclipse-workspace\\eCommerceFramework//src//main//resources//General-Store.apk"}]}]
&amp#27;[38;5;183m[AppiumDriver@927a]&amp#27;[0m Event 'newSessionRequested' logged at 1744634883018 (18:18:03 GMT+0530 (India Standard Time))
&amp#27;[38;5;112m[Appium]&amp#27;[0m Attempting to find matching driver for automationName 'UIAutomator2' and platformName 'ANDROID'
&amp#27;[38;5;112m[Appium]&amp#27;[0m The 'uiautomator2' driver was installed and matched caps.
&amp#27;[38;5;112m[Appium]&amp#27;[0m Will require it at C:\Users\User1\.appium\node_modules\appium-uiautomator2-driver
&amp#27;[38;5;112m[Appium]&amp#27;[0m Requiring driver at C:\Users\User1\.appium\node_modules\appium-uiautomator2-driver\build\index.js
&amp#27;[38;5;183m[AppiumDriver@927a]&amp#27;[0m Appium v2.11.5 creating new AndroidUiautomator2Driver (v3.8.0) session
&amp#27;[38;5;183m[AppiumDriver@927a]&amp#27;[0m Checking BaseDriver versions for Appium and AndroidUiautomator2Driver
&amp#27;[38;5;183m[AppiumDriver@927a]&amp#27;[0m Appium's BaseDriver version is 9.11.5
&amp#27;[38;5;183m[AppiumDriver@927a]&amp#27;[0m AndroidUiautomator2Driver's BaseDriver version is 9.11.5
&amp#27;[38;5;-104m[AndroidUiautomator2Driver@c8fd]&amp#27;[0m 
&amp#27;[38;5;-104m[AndroidUiautomator2Driver@c8fd]&amp#27;[0m Creating session with W3C capabilities: {
  "alwaysMatch": {
    "platformName": "ANDROID",
    "appium:chromedriverExecutable": "C://Users//User1//Downloads//chromedriver-win64//chromedriver-win64//chromedriver.exe",
    "appium:deviceName": "Rajemulator",
    "appium:automationName": "UIAutomator2",
    "appium:app": "C:\\Users\\User1\\eclipse-workspace\\eCommerceFramework//src//main//resources//General-Store.apk"
  },
  "firstMatch": [
    {}
  ]
}
&amp#27;[38;5;193m[eb903da1]&amp#27;[0m&amp#27;[38;5;-104m[AndroidUiautomator2Driver@c8fd]&amp#27;[0m Session created with session id: eb903da1-dca5-48b8-838c-e73da3f9036b
&amp#27;[38;5;193m[eb903da1]&amp#27;[0m&amp#27;[38;5;229m[ADB]&amp#27;[0m Found 3 'build-tools' folders under 'C:\Users\User1\AppData\Local\Android\Sdk' (newest first):
&amp#27;[38;5;193m[eb903da1]&amp#27;[0m&amp#27;[38;5;229m[ADB]&amp#27;[0m     C:\Users\User1\AppData\Local\Android\Sdk\build-tools\36.0.0-rc1
&amp#27;[38;5;193m[eb903da1]&amp#27;[0m&amp#27;[38;5;229m[ADB]&amp#27;[0m     C:\Users\User1\AppData\Local\Android\Sdk\build-tools\35.0.0
&amp#27;[38;5;193m[eb903da1]&amp#27;[0m&amp#27;[38;5;229m[ADB]&amp#27;[0m     C:\Users\User1\AppData\Local\Android\Sdk\build-tools\34.0.0
&amp#27;[38;5;193m[eb903da1]&amp#27;[0m&amp#27;[38;5;229m[ADB]&amp#27;[0m Using 'adb.exe' from 'C:\Users\User1\AppData\Local\Android\Sdk\platform-tools\adb.exe'
&amp#27;[38;5;193m[eb903da1]&amp#27;[0m&amp#27;[38;5;229m[ADB]&amp#27;[0m Running 'C:\Users\User1\AppData\Local\Android\Sdk\platform-tools\adb.exe -P 5037 start-server'
&amp#27;[38;5;193m[eb903da1]&amp#27;[0m&amp#27;[38;5;-104m[AndroidUiautomator2Driver@c8fd]&amp#27;[0m Retrieving device list
&amp#27;[38;5;193m[eb903da1]&amp#27;[0m&amp#27;[38;5;229m[ADB]&amp#27;[0m Trying to find connected Android devices
&amp#27;[38;5;193m[eb903da1]&amp#27;[0m&amp#27;[38;5;229m[ADB]&amp#27;[0m Getting connected devices
&amp#27;[38;5;193m[eb903da1]&amp#27;[0m&amp#27;[38;5;229m[ADB]&amp#27;[0m Connected devices: [{"udid":"emulator-5554","state":"device"}]
&amp#27;[38;5;193m[eb903da1]&amp#27;[0m&amp#27;[38;5;-104m[AndroidUiautomator2Driver@c8fd]&amp#27;[0m Using device: emulator-5554
&amp#27;[38;5;193m[eb903da1]&amp#27;[0m&amp#27;[38;5;229m[ADB]&amp#27;[0m Using 'adb.exe' from 'C:\Users\User1\AppData\Local\Android\Sdk\platform-tools\adb.exe'
&amp#27;[38;5;193m[eb903da1]&amp#27;[0m&amp#27;[38;5;229m[ADB]&amp#27;[0m Running 'C:\Users\User1\AppData\Local\Android\Sdk\platform-tools\adb.exe -P 5037 start-server'
&amp#27;[38;5;193m[eb903da1]&amp#27;[0m&amp#27;[38;5;229m[ADB]&amp#27;[0m Setting device id to emulator-5554
&amp#27;[38;5;193m[eb903da1]&amp#27;[0m&amp#27;[38;5;123m[BaseDriver]&amp#27;[0m Using local app 'C:\Users\User1\eclipse-workspace\eCommerceFramework//src//main//resources//General-Store.apk'
&amp#27;[38;5;193m[eb903da1]&amp#27;[0m&amp#27;[38;5;-104m[AndroidUiautomator2Driver@c8fd]&amp#27;[0m Checking whether app is actually present
&amp#27;[38;5;193m[eb903da1]&amp#27;[0m&amp#27;[38;5;229m[ADB]&amp#27;[0m Running 'C:\Users\User1\AppData\Local\Android\Sdk\platform-tools\adb.exe -P 5037 -s emulator-5554 shell getprop ro.build.version.sdk'
&amp#27;[38;5;193m[eb903da1]&amp#27;[0m&amp#27;[38;5;229m[ADB]&amp#27;[0m Current device property 'ro.build.version.sdk': 35
&amp#27;[38;5;193m[eb903da1]&amp#27;[0m&amp#27;[38;5;229m[ADB]&amp#27;[0m Getting device platform version
&amp#27;[38;5;193m[eb903da1]&amp#27;[0m&amp#27;[38;5;229m[ADB]&amp#27;[0m Running 'C:\Users\User1\AppData\Local\Android\Sdk\platform-tools\adb.exe -P 5037 -s emulator-5554 shell getprop ro.build.version.release'
&amp#27;[38;5;193m[eb903da1]&amp#27;[0m&amp#27;[38;5;229m[ADB]&amp#27;[0m Current device property 'ro.build.version.release': 15
&amp#27;[38;5;193m[eb903da1]&amp#27;[0m&amp#27;[38;5;229m[ADB]&amp#27;[0m Device API level: 35
&amp#27;[38;5;193m[eb903da1]&amp#27;[0m&amp#27;[38;5;-104m[AndroidUiautomator2Driver@c8fd]&amp#27;[0m Relaxing hidden api policy
&amp#27;[38;5;193m[eb903da1]&amp#27;[0m&amp#27;[38;5;229m[ADB]&amp#27;[0m Running 'C:\Users\User1\AppData\Local\Android\Sdk\platform-tools\adb.exe -P 5037 -s emulator-5554 shell 'settings put global hidden_api_policy_pre_p_apps 1;settings put global hidden_api_policy_p_apps 1;settings put global hidden_api_policy 1''
&amp#27;[38;5;193m[eb903da1]&amp#27;[0m&amp#27;[38;5;-104m[AndroidUiautomator2Driver@c8fd]&amp#27;[0m Parsing package and activity from app manifest
&amp#27;[38;5;193m[eb903da1]&amp#27;[0m&amp#27;[38;5;229m[ADB]&amp#27;[0m Running 'C:\Users\User1\AppData\Local\Android\Sdk\platform-tools\adb.exe -P 5037 -s emulator-5554 wait-for-device'
&amp#27;[38;5;193m[eb903da1]&amp#27;[0m&amp#27;[38;5;229m[ADB]&amp#27;[0m Using 'aapt2.exe' from 'C:\Users\User1\AppData\Local\Android\Sdk\build-tools\36.0.0-rc1\aapt2.exe'
&amp#27;[38;5;193m[eb903da1]&amp#27;[0m&amp#27;[38;5;229m[ADB]&amp#27;[0m Reading package manifest: 'C:\\Users\\User1\\AppData\\Local\\Android\\Sdk\\build-tools\\36.0.0-rc1\\aapt2.exe dump badging C:\\Users\\User1\\eclipse-workspace\\eCommerceFramework//src//main//resources//General-Store.apk'
&amp#27;[38;5;193m[eb903da1]&amp#27;[0m&amp#27;[38;5;229m[ADB]&amp#27;[0m Running 'C:\Users\User1\AppData\Local\Android\Sdk\platform-tools\adb.exe -P 5037 -s emulator-5554 shell echo ping'
&amp#27;[38;5;193m[eb903da1]&amp#27;[0m&amp#27;[38;5;229m[ADB]&amp#27;[0m Package name: 'com.androidsample.generalstore'
&amp#27;[38;5;193m[eb903da1]&amp#27;[0m&amp#27;[38;5;229m[ADB]&amp#27;[0m Main activity name: 'com.androidsample.generalstore.SplashActivity'
&amp#27;[38;5;193m[eb903da1]&amp#27;[0m&amp#27;[38;5;-104m[AndroidUiautomator2Driver@c8fd]&amp#27;[0m Parsed package and activity are: com.androidsample.generalstore/com.androidsample.generalstore.SplashActivity
&amp#27;[38;5;193m[eb903da1]&amp#27;[0m&amp#27;[38;5;-104m[AndroidUiautomator2Driver@c8fd]&amp#27;[0m Pushing settings apk to the device...
&amp#27;[38;5;193m[eb903da1]&amp#27;[0m&amp#27;[38;5;229m[ADB]&amp#27;[0m Getting package info for 'io.appium.settings'
&amp#27;[38;5;193m[eb903da1]&amp#27;[0m&amp#27;[38;5;229m[ADB]&amp#27;[0m Running 'C:\Users\User1\AppData\Local\Android\Sdk\platform-tools\adb.exe -P 5037 -s emulator-5554 shell dumpsys package io.appium.settings'
&amp#27;[38;5;193m[eb903da1]&amp#27;[0m&amp#27;[38;5;229m[ADB]&amp#27;[0m Reading package manifest: 'C:\\Users\\User1\\AppData\\Local\\Android\\Sdk\\build-tools\\36.0.0-rc1\\aapt2.exe dump badging C:\\Users\\User1\\.appium\\node_modules\\appium-uiautomator2-driver\\node_modules\\io.appium.settings\\apks\\settings_apk-debug.apk'
&amp#27;[38;5;193m[eb903da1]&amp#27;[0m&amp#27;[38;5;229m[ADB]&amp#27;[0m The version name of the installed 'io.appium.settings' is greater or equal to the application version name ('5.12.13' >= '5.12.13')
&amp#27;[38;5;193m[eb903da1]&amp#27;[0m&amp#27;[38;5;229m[ADB]&amp#27;[0m There is no need to install/upgrade 'C:\Users\User1\.appium\node_modules\appium-uiautomator2-driver\node_modules\io.appium.settings\apks\settings_apk-debug.apk'
&amp#27;[38;5;193m[eb903da1]&amp#27;[0m&amp#27;[38;5;229m[ADB]&amp#27;[0m Running 'C:\Users\User1\AppData\Local\Android\Sdk\platform-tools\adb.exe -P 5037 -s emulator-5554 shell dumpsys activity services io.appium.settings'
&amp#27;[38;5;193m[eb903da1]&amp#27;[0m&amp#27;[38;5;-104m[AndroidUiautomator2Driver@c8fd]&amp#27;[0m io.appium.settings is already running. There is no need to reset its permissions.
&amp#27;[38;5;193m[eb903da1]&amp#27;[0m&amp#27;[38;5;160m[Logcat]&amp#27;[0m Starting logs capture with command: C:\\Users\\User1\\AppData\\Local\\Android\\Sdk\\platform-tools\\adb.exe -P 5037 -s emulator-5554 logcat -v threadtime
&amp#27;[38;5;193m[eb903da1]&amp#27;[0m&amp#27;[38;5;-104m[AndroidUiautomator2Driver@c8fd]&amp#27;[0m Forwarding UiAutomator2 Server port 6790 to local port 8201
&amp#27;[38;5;193m[eb903da1]&amp#27;[0m&amp#27;[38;5;229m[ADB]&amp#27;[0m Forwarding system: 8201 to device: 6790
&amp#27;[38;5;193m[eb903da1]&amp#27;[0m&amp#27;[38;5;229m[ADB]&amp#27;[0m Running 'C:\Users\User1\AppData\Local\Android\Sdk\platform-tools\adb.exe -P 5037 -s emulator-5554 forward tcp:8201 tcp:6790'
&amp#27;[38;5;193m[eb903da1]&amp#27;[0m&amp#27;[38;5;229m[ADB]&amp#27;[0m Getting package info for 'io.appium.uiautomator2.server'
&amp#27;[38;5;193m[eb903da1]&amp#27;[0m&amp#27;[38;5;229m[ADB]&amp#27;[0m Running 'C:\Users\User1\AppData\Local\Android\Sdk\platform-tools\adb.exe -P 5037 -s emulator-5554 shell dumpsys package io.appium.uiautomator2.server'
&amp#27;[38;5;193m[eb903da1]&amp#27;[0m&amp#27;[38;5;229m[ADB]&amp#27;[0m Getting install status for io.appium.uiautomator2.server.test
&amp#27;[38;5;193m[eb903da1]&amp#27;[0m&amp#27;[38;5;229m[ADB]&amp#27;[0m Checking app cert for C:\Users\User1\eclipse-workspace\eCommerceFramework//src//main//resources//General-Store.apk
&amp#27;[38;5;193m[eb903da1]&amp#27;[0m&amp#27;[38;5;229m[ADB]&amp#27;[0m Running 'C:\Users\User1\AppData\Local\Android\Sdk\platform-tools\adb.exe -P 5037 -s emulator-5554 shell cmd package list packages'
&amp#27;[38;5;193m[eb903da1]&amp#27;[0m&amp#27;[38;5;229m[ADB]&amp#27;[0m Using 'apksigner.jar' from 'C:\Users\User1\AppData\Local\Android\Sdk\build-tools\36.0.0-rc1\lib\apksigner.jar'
&amp#27;[38;5;193m[eb903da1]&amp#27;[0m&amp#27;[38;5;229m[ADB]&amp#27;[0m Starting apksigner: 'C:\\Program Files\\Java\\jdk-22\\bin\\java.exe' -Xmx1024M -Xss1m -jar C:\\Users\\User1\\AppData\\Local\\Android\\Sdk\\build-tools\\36.0.0-rc1\\lib\\apksigner.jar verify --print-certs C:\\Users\\User1\\eclipse-workspace\\eCommerceFramework//src//main//resources//General-Store.apk
&amp#27;[38;5;193m[eb903da1]&amp#27;[0m&amp#27;[38;5;229m[ADB]&amp#27;[0m Reading package manifest: 'C:\\Users\\User1\\AppData\\Local\\Android\\Sdk\\build-tools\\36.0.0-rc1\\aapt2.exe dump badging C:\\Users\\User1\\.appium\\node_modules\\appium-uiautomator2-driver\\node_modules\\appium-uiautomator2-server\\apks\\appium-uiautomator2-server-v7.0.25.apk'
&amp#27;[38;5;193m[eb903da1]&amp#27;[0m&amp#27;[38;5;229m[ADB]&amp#27;[0m 'io.appium.uiautomator2.server.test' is installed
&amp#27;[38;5;193m[eb903da1]&amp#27;[0m&amp#27;[38;5;229m[ADB]&amp#27;[0m The version name of the installed 'io.appium.uiautomator2.server' is greater or equal to the application version name ('7.0.25' >= '7.0.25')
&amp#27;[38;5;193m[eb903da1]&amp#27;[0m&amp#27;[38;5;-104m[AndroidUiautomator2Driver@c8fd]&amp#27;[0m Server packages status: [{"installState":"sameVersionInstalled","appPath":"C:\\Users\\User1\\.appium\\node_modules\\appium-uiautomator2-driver\\node_modules\\appium-uiautomator2-server\\apks\\appium-uiautomator2-server-v7.0.25.apk","appId":"io.appium.uiautomator2.server"},{"installState":"sameVersionInstalled","appPath":"C:\\Users\\User1\\.appium\\node_modules\\appium-uiautomator2-driver\\node_modules\\appium-uiautomator2-server\\apks\\appium-uiautomator2-server-debug-androidTest.apk","appId":"io.appium.uiautomator2.server.test"}]
&amp#27;[38;5;193m[eb903da1]&amp#27;[0m&amp#27;[38;5;-104m[AndroidUiautomator2Driver@c8fd]&amp#27;[0m Server packages are not going to be (re)installed
&amp#27;[38;5;193m[eb903da1]&amp#27;[0m&amp#27;[38;5;-104m[AndroidUiautomator2Driver@c8fd]&amp#27;[0m Waiting up to 30000ms for services to be available
&amp#27;[38;5;193m[eb903da1]&amp#27;[0m&amp#27;[38;5;229m[ADB]&amp#27;[0m Running 'C:\Users\User1\AppData\Local\Android\Sdk\platform-tools\adb.exe -P 5037 -s emulator-5554 shell pm list instrumentation'
&amp#27;[38;5;193m[eb903da1]&amp#27;[0m&amp#27;[38;5;-104m[AndroidUiautomator2Driver@c8fd]&amp#27;[0m Instrumentation target 'io.appium.uiautomator2.server.test/androidx.test.runner.AndroidJUnitRunner' is available
&amp#27;[38;5;193m[eb903da1]&amp#27;[0m&amp#27;[38;5;229m[ADB]&amp#27;[0m Adding packages ["io.appium.settings","io.appium.uiautomator2.server","io.appium.uiautomator2.server.test"] to Doze whitelist
&amp#27;[38;5;193m[eb903da1]&amp#27;[0m&amp#27;[38;5;229m[ADB]&amp#27;[0m Got the following command chunks to execute: [["dumpsys","deviceidle","whitelist","+io.appium.settings",";","dumpsys","deviceidle","whitelist","+io.appium.uiautomator2.server",";","dumpsys","deviceidle","whitelist","+io.appium.uiautomator2.server.test",";"]]
&amp#27;[38;5;193m[eb903da1]&amp#27;[0m&amp#27;[38;5;229m[ADB]&amp#27;[0m Running 'C:\Users\User1\AppData\Local\Android\Sdk\platform-tools\adb.exe -P 5037 -s emulator-5554 shell dumpsys deviceidle whitelist +io.appium.settings ; dumpsys deviceidle whitelist +io.appium.uiautomator2.server ; dumpsys deviceidle whitelist +io.appium.uiautomator2.server.test ;'
&amp#27;[38;5;193m[eb903da1]&amp#27;[0m&amp#27;[38;5;229m[ADB]&amp#27;[0m apksigner stdout: Signer #1 certificate DN: C=US, O=Android, CN=Android Debug
Signer #1 certificate SHA-256 digest: f5f5931c019be6bff8a26255f76ae9ef8a8e631d2a702ec10e91110231549eef
Signer #1 certificate SHA-1 digest: b250161db8b5d0a1bd39154c9fd749bdad79c1a3
Signer #1 certificate MD5 digest: 7a5550323d84472ca25a0861c63e0a6c

&amp#27;[38;5;193m[eb903da1]&amp#27;[0m&amp#27;[38;5;229m[ADB]&amp#27;[0m 'C:\Users\User1\eclipse-workspace\eCommerceFramework//src//main//resources//General-Store.apk' is signed with a non-default certificate
&amp#27;[38;5;193m[eb903da1]&amp#27;[0m&amp#27;[38;5;229m[ADB]&amp#27;[0m Getting package info for 'com.androidsample.generalstore'
&amp#27;[38;5;193m[eb903da1]&amp#27;[0m&amp#27;[38;5;229m[ADB]&amp#27;[0m Running 'C:\Users\User1\AppData\Local\Android\Sdk\platform-tools\adb.exe -P 5037 -s emulator-5554 shell dumpsys package com.androidsample.generalstore'
&amp#27;[38;5;193m[eb903da1]&amp#27;[0m&amp#27;[38;5;229m[ADB]&amp#27;[0m Reading package manifest: 'C:\\Users\\User1\\AppData\\Local\\Android\\Sdk\\build-tools\\36.0.0-rc1\\aapt2.exe dump badging C:\\Users\\User1\\eclipse-workspace\\eCommerceFramework//src//main//resources//General-Store.apk'
&amp#27;[38;5;193m[eb903da1]&amp#27;[0m&amp#27;[38;5;229m[ADB]&amp#27;[0m The version name of the installed 'com.androidsample.generalstore' is greater or equal to the application version name ('1.0.0' >= '1.0.0')
&amp#27;[38;5;193m[eb903da1]&amp#27;[0m&amp#27;[38;5;229m[ADB]&amp#27;[0m There is no need to install/upgrade 'C:\Users\User1\eclipse-workspace\eCommerceFramework//src//main//resources//General-Store.apk'
&amp#27;[38;5;193m[eb903da1]&amp#27;[0m&amp#27;[38;5;-104m[AndroidUiautomator2Driver@c8fd]&amp#27;[0m Performing fast reset on 'com.androidsample.generalstore'
&amp#27;[38;5;193m[eb903da1]&amp#27;[0m&amp#27;[38;5;229m[ADB]&amp#27;[0m Getting install status for com.androidsample.generalstore
&amp#27;[38;5;193m[eb903da1]&amp#27;[0m&amp#27;[38;5;229m[ADB]&amp#27;[0m Running 'C:\Users\User1\AppData\Local\Android\Sdk\platform-tools\adb.exe -P 5037 -s emulator-5554 shell cmd package list packages'
&amp#27;[38;5;193m[eb903da1]&amp#27;[0m&amp#27;[38;5;229m[ADB]&amp#27;[0m 'com.androidsample.generalstore' is installed
&amp#27;[38;5;193m[eb903da1]&amp#27;[0m&amp#27;[38;5;229m[ADB]&amp#27;[0m Running 'C:\Users\User1\AppData\Local\Android\Sdk\platform-tools\adb.exe -P 5037 -s emulator-5554 shell am force-stop com.androidsample.generalstore'
&amp#27;[38;5;193m[eb903da1]&amp#27;[0m&amp#27;[38;5;229m[ADB]&amp#27;[0m Running 'C:\Users\User1\AppData\Local\Android\Sdk\platform-tools\adb.exe -P 5037 -s emulator-5554 shell pm clear com.androidsample.generalstore'
&amp#27;[38;5;193m[eb903da1]&amp#27;[0m&amp#27;[38;5;-104m[AndroidUiautomator2Driver@c8fd]&amp#27;[0m Performed fast reset on the installed 'com.androidsample.generalstore' application (stop and clear)
&amp#27;[38;5;193m[eb903da1]&amp#27;[0m&amp#27;[38;5;-104m[AndroidUiautomator2Driver@c8fd]&amp#27;[0m Performing shallow cleanup of automation leftovers
&amp#27;[38;5;193m[eb903da1]&amp#27;[0m&amp#27;[38;5;-104m[AndroidUiautomator2Driver@c8fd]&amp#27;[0m No obsolete sessions have been detected (socket hang up)
&amp#27;[38;5;193m[eb903da1]&amp#27;[0m&amp#27;[38;5;229m[ADB]&amp#27;[0m Running 'C:\Users\User1\AppData\Local\Android\Sdk\platform-tools\adb.exe -P 5037 -s emulator-5554 shell am force-stop io.appium.uiautomator2.server'
&amp#27;[38;5;193m[eb903da1]&amp#27;[0m&amp#27;[38;5;229m[ADB]&amp#27;[0m Running 'C:\Users\User1\AppData\Local\Android\Sdk\platform-tools\adb.exe -P 5037 -s emulator-5554 shell am force-stop io.appium.uiautomator2.server.test'
&amp#27;[38;5;193m[eb903da1]&amp#27;[0m&amp#27;[38;5;-104m[AndroidUiautomator2Driver@c8fd]&amp#27;[0m Starting UIAutomator2 server 7.0.25
&amp#27;[38;5;193m[eb903da1]&amp#27;[0m&amp#27;[38;5;-104m[AndroidUiautomator2Driver@c8fd]&amp#27;[0m Using UIAutomator2 server from 'C:\Users\User1\.appium\node_modules\appium-uiautomator2-driver\node_modules\appium-uiautomator2-server\apks\appium-uiautomator2-server-v7.0.25.apk' and test from 'C:\Users\User1\.appium\node_modules\appium-uiautomator2-driver\node_modules\appium-uiautomator2-server\apks\appium-uiautomator2-server-debug-androidTest.apk'
&amp#27;[38;5;193m[eb903da1]&amp#27;[0m&amp#27;[38;5;-104m[AndroidUiautomator2Driver@c8fd]&amp#27;[0m Waiting up to 30000ms for UiAutomator2 to be online...
&amp#27;[38;5;193m[eb903da1]&amp#27;[0m&amp#27;[38;5;229m[ADB]&amp#27;[0m Creating ADB subprocess with args: ["-P","5037","-s","emulator-5554","shell","am","instrument","-w","-e","disableAnalytics","true","io.appium.uiautomator2.server.test/androidx.test.runner.AndroidJUnitRunner"]
&amp#27;[38;5;193m[eb903da1]&amp#27;[0m&amp#27;[38;5;-104m[AndroidUiautomator2Driver@c8fd]&amp#27;[0m Matched '/status' to command name 'getStatus'
&amp#27;[38;5;193m[eb903da1]&amp#27;[0m&amp#27;[38;5;-104m[AndroidUiautomator2Driver@c8fd]&amp#27;[0m Proxying [GET /status] to [GET http://127.0.0.1:8201/status] with no body
&amp#27;[38;5;193m[eb903da1]&amp#27;[0m&amp#27;[38;5;-104m[AndroidUiautomator2Driver@c8fd]&amp#27;[0m socket hang up
&amp#27;[38;5;193m[eb903da1]&amp#27;[0m&amp#27;[38;5;-104m[AndroidUiautomator2Driver@c8fd]&amp#27;[0m Matched '/status' to command name 'getStatus'
&amp#27;[38;5;193m[eb903da1]&amp#27;[0m&amp#27;[38;5;-104m[AndroidUiautomator2Driver@c8fd]&amp#27;[0m Proxying [GET /status] to [GET http://127.0.0.1:8201/status] with no body
&amp#27;[38;5;193m[eb903da1]&amp#27;[0m&amp#27;[38;5;-104m[AndroidUiautomator2Driver@c8fd]&amp#27;[0m socket hang up
&amp#27;[38;5;193m[eb903da1]&amp#27;[0m&amp#27;[38;5;-104m[AndroidUiautomator2Driver@c8fd]&amp#27;[0m [Instrumentation] 
&amp#27;[38;5;193m[eb903da1]&amp#27;[0m&amp#27;[38;5;-104m[AndroidUiautomator2Driver@c8fd]&amp#27;[0m Matched '/status' to command name 'getStatus'
&amp#27;[38;5;193m[eb903da1]&amp#27;[0m&amp#27;[38;5;-104m[AndroidUiautomator2Driver@c8fd]&amp#27;[0m Proxying [GET /status] to [GET http://127.0.0.1:8201/status] with no body
&amp#27;[38;5;193m[eb903da1]&amp#27;[0m&amp#27;[38;5;-104m[AndroidUiautomator2Driver@c8fd]&amp#27;[0m socket hang up
&amp#27;[38;5;193m[eb903da1]&amp#27;[0m&amp#27;[38;5;-104m[AndroidUiautomator2Driver@c8fd]&amp#27;[0m Matched '/status' to command name 'getStatus'
&amp#27;[38;5;193m[eb903da1]&amp#27;[0m&amp#27;[38;5;-104m[AndroidUiautomator2Driver@c8fd]&amp#27;[0m Proxying [GET /status] to [GET http://127.0.0.1:8201/status] with no body
&amp#27;[38;5;193m[eb903da1]&amp#27;[0m&amp#27;[38;5;-104m[AndroidUiautomator2Driver@c8fd]&amp#27;[0m socket hang up
&amp#27;[38;5;193m[eb903da1]&amp#27;[0m&amp#27;[38;5;-104m[AndroidUiautomator2Driver@c8fd]&amp#27;[0m Matched '/status' to command name 'getStatus'
&amp#27;[38;5;193m[eb903da1]&amp#27;[0m&amp#27;[38;5;-104m[AndroidUiautomator2Driver@c8fd]&amp#27;[0m Proxying [GET /status] to [GET http://127.0.0.1:8201/status] with no body
&amp#27;[38;5;193m[eb903da1]&amp#27;[0m&amp#27;[38;5;-104m[AndroidUiautomator2Driver@c8fd]&amp#27;[0m Got response with status 200: {"sessionId":"None","value":{"message":"UiAutomator2 Server is ready to accept commands","ready":true}}
&amp#27;[38;5;193m[eb903da1]&amp#27;[0m&amp#27;[38;5;-104m[AndroidUiautomator2Driver@c8fd]&amp#27;[0m The initialization of the instrumentation process took 4371ms
&amp#27;[38;5;193m[eb903da1]&amp#27;[0m&amp#27;[38;5;-104m[AndroidUiautomator2Driver@c8fd]&amp#27;[0m Matched '/session' to command name 'createSession'
&amp#27;[38;5;193m[eb903da1]&amp#27;[0m&amp#27;[38;5;-104m[AndroidUiautomator2Driver@c8fd]&amp#27;[0m Proxying [POST /session] to [POST http://127.0.0.1:8201/session] with body: {"capabilities":{"firstMatch":[{"platformName":"ANDROID","chromedriverExecutable":"C://Users//User1//Downloads//chromedriver-win64//chromedriver-win64//chromedriver.exe","deviceName":"emulator-5554","automationName":"UIAutomator2","app":"C:\\Users\\User1\\eclipse-workspace\\eCommerceFramework//src//main//resources//General-Store.apk","platform":"LINUX","webStorageEnabled":false,"takesScreenshot":true,"javascriptEnabled":true,"databaseEnabled":false,"networkConnectionEnabled":true,"locationContextEnabled":false,"warnings":{},"desired":{"platformName":"ANDROID","chromedriverExecutable":"C://Users//User1//Downloads//chromedriver-win64//chromedriver-win64//chromedriver.exe","deviceName":"Rajemulator","automationName":"UIAutomator2","app":"C:\\Users\\User1\\eclipse-workspace\\eCommerceFramework//src//main//resources//General-Store.apk"},"deviceUDID":"emulator-5554","appPackage":"com.androidsample.generalstore"}],"alwaysMatch":{}}}
&amp#27;[38;5;193m[eb903da1]&amp#27;[0m&amp#27;[38;5;-104m[AndroidUiautomator2Driver@c8fd]&amp#27;[0m Got response with status 200: {"sessionId":"cc6b1fb1-42af-4a1d-a198-8e8465e29330","value":{"capabilities":{"firstMatch":[{"platformName":"ANDROID","chromedriverExecutable":"C://Users//User1//Downloads//chromedriver-win64//chromedriver-win64//chromedriver.exe","deviceName":"emulator-5554","automationName":"UIAutomator2","app":"C:\\Users\\User1\\eclipse-workspace\\eCommerceFramework//src//main//resources//General-Store.apk","platform":"LINUX","webStorageEnabled":false,"takesScreenshot":true,"javascriptEnabled":true,"databaseEnabled":false,"networkConnectionEnabled":true,"locationContextEnabled":false,"warnings":{},"desired":{"platformName":"ANDROID","chromedriverExecutable":"C://Users//User1//Downloads//chromedriver-win64//chromedriver-win64//chromedriver.exe","deviceName":"Rajemulator","automationName":"UIAutomator2","app":"C:\\Users\\User1\\eclipse-workspace\\eCommerceFramework//src//main//resources//General-Store.apk"},"deviceUDID":"emulator-5554","appPackage":"com.androidsample.generalstore"}],"alwaysMatch":{}},"sessionId":"cc6b1fb1-...
&amp#27;[38;5;193m[eb903da1]&amp#27;[0m&amp#27;[38;5;-104m[AndroidUiautomator2Driver@c8fd]&amp#27;[0m Determined the downstream protocol as 'W3C'
&amp#27;[38;5;193m[eb903da1]&amp#27;[0m&amp#27;[38;5;-104m[AndroidUiautomator2Driver@c8fd]&amp#27;[0m Proxying [GET /appium/device/pixel_ratio] to [GET http://127.0.0.1:8201/session/cc6b1fb1-42af-4a1d-a198-8e8465e29330/appium/device/pixel_ratio] with no body
&amp#27;[38;5;193m[eb903da1]&amp#27;[0m&amp#27;[38;5;-104m[AndroidUiautomator2Driver@c8fd]&amp#27;[0m Matched '/appium/device/system_bars' to command name 'getSystemBars'
&amp#27;[38;5;193m[eb903da1]&amp#27;[0m&amp#27;[38;5;-104m[AndroidUiautomator2Driver@c8fd]&amp#27;[0m Proxying [GET /appium/device/system_bars] to [GET http://127.0.0.1:8201/session/cc6b1fb1-42af-4a1d-a198-8e8465e29330/appium/device/system_bars] with no body
&amp#27;[38;5;193m[eb903da1]&amp#27;[0m&amp#27;[38;5;-104m[AndroidUiautomator2Driver@c8fd]&amp#27;[0m Matched '/window/current/size' to command name 'getWindowSize'
&amp#27;[38;5;193m[eb903da1]&amp#27;[0m&amp#27;[38;5;-104m[AndroidUiautomator2Driver@c8fd]&amp#27;[0m Proxying [GET /window/current/size] to [GET http://127.0.0.1:8201/session/cc6b1fb1-42af-4a1d-a198-8e8465e29330/window/current/size] with no body
&amp#27;[38;5;193m[eb903da1]&amp#27;[0m&amp#27;[38;5;-104m[AndroidUiautomator2Driver@c8fd]&amp#27;[0m Proxying [GET /appium/device/info] to [GET http://127.0.0.1:8201/session/cc6b1fb1-42af-4a1d-a198-8e8465e29330/appium/device/info] with no body
&amp#27;[38;5;193m[eb903da1]&amp#27;[0m&amp#27;[38;5;229m[ADB]&amp#27;[0m Running 'C:\Users\User1\AppData\Local\Android\Sdk\platform-tools\adb.exe -P 5037 -s emulator-5554 shell dumpsys window'
&amp#27;[38;5;193m[eb903da1]&amp#27;[0m&amp#27;[38;5;229m[ADB]&amp#27;[0m Running 'C:\Users\User1\AppData\Local\Android\Sdk\platform-tools\adb.exe -P 5037 -s emulator-5554 shell dumpsys power'
&amp#27;[38;5;193m[eb903da1]&amp#27;[0m&amp#27;[38;5;-104m[AndroidUiautomator2Driver@c8fd]&amp#27;[0m Got response with status 200: {"sessionId":"cc6b1fb1-42af-4a1d-a198-8e8465e29330","value":2.75}
&amp#27;[38;5;193m[eb903da1]&amp#27;[0m&amp#27;[38;5;-104m[AndroidUiautomator2Driver@c8fd]&amp#27;[0m Got response with status 200: {"sessionId":"cc6b1fb1-42af-4a1d-a198-8e8465e29330","value":{"statusBar":66}}
&amp#27;[38;5;193m[eb903da1]&amp#27;[0m&amp#27;[38;5;-104m[AndroidUiautomator2Driver@c8fd]&amp#27;[0m Got response with status 200: {"sessionId":"cc6b1fb1-42af-4a1d-a198-8e8465e29330","value":{"height":2220,"width":1080}}
&amp#27;[38;5;193m[eb903da1]&amp#27;[0m&amp#27;[38;5;-104m[AndroidUiautomator2Driver@c8fd]&amp#27;[0m Got response with status 200: {"sessionId":"cc6b1fb1-42af-4a1d-a198-8e8465e29330","value":{"androidId":"ccd4b39f6a24ddc3","apiVersion":"35","bluetooth":{"state":"OFF"},"brand":"google","carrierName":"T-Mobile","displayDensity":440,"locale":"en_US","manufacturer":"Google","model":"sdk_gphone64_x86_64","networks":[{"capabilities":{"SSID":null,"linkDownBandwidthKbps":4300,"linkUpstreamBandwidthKbps":1800,"networkCapabilities":"NET_CAPABILITY_MMS,NET_CAPABILITY_SUPL,NET_CAPABILITY_IA,NET_CAPABILITY_XCAP,NET_CAPABILITY_INTERNET,NET_CAPABILITY_NOT_RESTRICTED,NET_CAPABILITY_TRUSTED,NET_CAPABILITY_NOT_VPN,NET_CAPABILITY_VALIDATED,NET_CAPABILITY_NOT_ROAMING,NET_CAPABILITY_NOT_CONGESTED,NET_CAPABILITY_NOT_SUSPENDED","signalStrength":-2147483648,"transportTypes":"TRANSPORT_CELLULAR"},"detailedState":"CONNECTED","extraInfo":"fast.t-mobile.com","isAvailable":true,"isConnected":true,"isFailover":false,"isRoaming":false,"state":"CONNECTED","subtype":10,"subtypeName":"HSPA","type":0,"typeName":"MOBILE"},{"capabilities":{"SSID":null,"linkDownBandwidthK...
&amp#27;[38;5;193m[eb903da1]&amp#27;[0m&amp#27;[38;5;-104m[AndroidUiautomator2Driver@c8fd]&amp#27;[0m Screen already unlocked, doing nothing
&amp#27;[38;5;193m[eb903da1]&amp#27;[0m&amp#27;[38;5;-104m[AndroidUiautomator2Driver@c8fd]&amp#27;[0m Starting 'com.androidsample.generalstore/com.androidsample.generalstore.SplashActivity and waiting for 'com.androidsample.generalstore/com.androidsample.generalstore.SplashActivity'
&amp#27;[38;5;193m[eb903da1]&amp#27;[0m&amp#27;[38;5;229m[ADB]&amp#27;[0m Running 'C:\Users\User1\AppData\Local\Android\Sdk\platform-tools\adb.exe -P 5037 -s emulator-5554 shell am start -W -n com.androidsample.generalstore/com.androidsample.generalstore.SplashActivity -S -a android.intent.action.MAIN -c android.intent.category.LAUNCHER -f 0x10200000'
&amp#27;[38;5;193m[eb903da1]&amp#27;[0m&amp#27;[38;5;229m[ADB]&amp#27;[0m Waiting up to 20000ms for activity matching pkg: 'com.androidsample.generalstore' and activity: 'com.androidsample.generalstore.SplashActivity' to be focused
&amp#27;[38;5;193m[eb903da1]&amp#27;[0m&amp#27;[38;5;229m[ADB]&amp#27;[0m Possible activities, to be checked: 'com.androidsample.generalstore.SplashActivity', 'com.androidsample.generalstore.com.androidsample.generalstore.SplashActivity'
&amp#27;[38;5;193m[eb903da1]&amp#27;[0m&amp#27;[38;5;229m[ADB]&amp#27;[0m Getting focused package and activity
&amp#27;[38;5;193m[eb903da1]&amp#27;[0m&amp#27;[38;5;229m[ADB]&amp#27;[0m Running 'C:\Users\User1\AppData\Local\Android\Sdk\platform-tools\adb.exe -P 5037 -s emulator-5554 shell dumpsys window displays'
&amp#27;[38;5;193m[eb903da1]&amp#27;[0m&amp#27;[38;5;229m[ADB]&amp#27;[0m Found package: 'com.androidsample.generalstore' and fully qualified activity name : 'com.androidsample.generalstore.SplashActivity'
&amp#27;[38;5;193m[eb903da1]&amp#27;[0m&amp#27;[38;5;183m[AppiumDriver@927a]&amp#27;[0m New AndroidUiautomator2Driver session created successfully, session eb903da1-dca5-48b8-838c-e73da3f9036b added to master session list
&amp#27;[38;5;193m[eb903da1]&amp#27;[0m&amp#27;[38;5;183m[AppiumDriver@927a]&amp#27;[0m Event 'newSessionStarted' logged at 1744634892298 (18:18:12 GMT+0530 (India Standard Time))
&amp#27;[38;5;193m[eb903da1]&amp#27;[0m&amp#27;[38;5;-104m[AndroidUiautomator2Driver@c8fd]&amp#27;[0m Cached the protocol value 'W3C' for the new session eb903da1-dca5-48b8-838c-e73da3f9036b
&amp#27;[38;5;193m[eb903da1]&amp#27;[0m&amp#27;[38;5;-104m[AndroidUiautomator2Driver@c8fd]&amp#27;[0m Responding to client with driver.createSession() result: {"capabilities":{"platformName":"ANDROID","chromedriverExecutable":"C://Users//User1//Downloads//chromedriver-win64//chromedriver-win64//chromedriver.exe","deviceName":"emulator-5554","automationName":"UIAutomator2","app":"C:\\Users\\User1\\eclipse-workspace\\eCommerceFramework//src//main//resources//General-Store.apk","platform":"LINUX","webStorageEnabled":false,"takesScreenshot":true,"javascriptEnabled":true,"databaseEnabled":false,"networkConnectionEnabled":true,"locationContextEnabled":false,"warnings":{},"desired":{"platformName":"ANDROID","chromedriverExecutable":"C://Users//User1//Downloads//chromedriver-win64//chromedriver-win64//chromedriver.exe","deviceName":"Rajemulator","automationName":"UIAutomator2","app":"C:\\Users\\User1\\eclipse-workspace\\eCommerceFramework//src//main//resources//General-Store.apk"},"deviceUDID":"emulator-5554","appPackage":"com.androidsample.generalstore","pixelRatio":"2.75","statBarHeight":66,"viewportRect":{"left":0,"top":66,"width":1080,"height":2154},"deviceApiLevel"...
&amp#27;[38;5;193m[eb903da1]&amp#27;[0m&amp#27;[38;5;86m[HTTP]&amp#27;[0m &amp#27;[37m<-- POST /session &amp#27;[39m&amp#27;[32m200&amp#27;[39m &amp#27;[90m9283 ms - 1233&amp#27;[39m &amp#27;[90m&amp#27;[39m
Test Started: FillForm
&amp#27;[38;5;193m[eb903da1]&amp#27;[0m&amp#27;[38;5;86m[HTTP]&amp#27;[0m &amp#27;[37m-->&amp#27;[39m &amp#27;[37mGET&amp#27;[39m &amp#27;[37m/session/eb903da1-dca5-48b8-838c-e73da3f9036b/context&amp#27;[39m &amp#27;[90m{}&amp#27;[39m
&amp#27;[38;5;193m[eb903da1]&amp#27;[0m&amp#27;[38;5;-104m[AndroidUiautomator2Driver@c8fd]&amp#27;[0m Calling AppiumDriver.getCurrentContext() with args: ["eb903da1-dca5-48b8-838c-e73da3f9036b"]
&amp#27;[38;5;193m[eb903da1]&amp#27;[0m&amp#27;[38;5;-104m[AndroidUiautomator2Driver@c8fd]&amp#27;[0m Responding to client with driver.getCurrentContext() result: "NATIVE_APP"
&amp#27;[38;5;193m[eb903da1]&amp#27;[0m&amp#27;[38;5;86m[HTTP]&amp#27;[0m &amp#27;[37m<-- GET /session/eb903da1-dca5-48b8-838c-e73da3f9036b/context &amp#27;[39m&amp#27;[32m200&amp#27;[39m &amp#27;[90m11 ms - 22&amp#27;[39m &amp#27;[90m&amp#27;[39m
&amp#27;[38;5;193m[eb903da1]&amp#27;[0m&amp#27;[38;5;86m[HTTP]&amp#27;[0m &amp#27;[37m-->&amp#27;[39m &amp#27;[37mPOST&amp#27;[39m &amp#27;[37m/session/eb903da1-dca5-48b8-838c-e73da3f9036b/element&amp#27;[39m &amp#27;[90m{"using":"id","value":"com.androidsample.generalstore:id/nameField"}&amp#27;[39m
&amp#27;[38;5;193m[eb903da1]&amp#27;[0m&amp#27;[38;5;-104m[AndroidUiautomator2Driver@c8fd]&amp#27;[0m Calling AppiumDriver.findElement() with args: ["id","com.androidsample.generalstore:id/nameField","eb903da1-dca5-48b8-838c-e73da3f9036b"]
&amp#27;[38;5;193m[eb903da1]&amp#27;[0m&amp#27;[38;5;-104m[AndroidUiautomator2Driver@c8fd]&amp#27;[0m Valid locator strategies for this request: xpath, id, class name, accessibility id, css selector, -android uiautomator
&amp#27;[38;5;193m[eb903da1]&amp#27;[0m&amp#27;[38;5;-104m[AndroidUiautomator2Driver@c8fd]&amp#27;[0m Waiting up to 0 ms for condition
&amp#27;[38;5;193m[eb903da1]&amp#27;[0m&amp#27;[38;5;-104m[AndroidUiautomator2Driver@c8fd]&amp#27;[0m Matched '/element' to command name 'findElement'
&amp#27;[38;5;193m[eb903da1]&amp#27;[0m&amp#27;[38;5;-104m[AndroidUiautomator2Driver@c8fd]&amp#27;[0m Proxying [POST /element] to [POST http://127.0.0.1:8201/session/cc6b1fb1-42af-4a1d-a198-8e8465e29330/element] with body: {"strategy":"id","selector":"com.androidsample.generalstore:id/nameField","context":"","multiple":false}
&amp#27;[38;5;193m[eb903da1]&amp#27;[0m&amp#27;[38;5;-104m[AndroidUiautomator2Driver@c8fd]&amp#27;[0m Got response with status 404: {"sessionId":"cc6b1fb1-42af-4a1d-a198-8e8465e29330","value":{"error":"no such element","message":"An element could not be located on the page using the given search parameters","stacktrace":"io.appium.uiautomator2.common.exceptions.ElementNotFoundException: An element could not be located on the page using the given search parameters\n\tat io.appium.uiautomator2.handler.FindElement.safeHandle(FindElement.java:63)\n\tat io.appium.uiautomator2.handler.request.SafeRequestHandler.handle(SafeRequestHandler.java:59)\n\tat io.appium.uiautomator2.server.AppiumServlet.handleRequest(AppiumServlet.java:259)\n\tat io.appium.uiautomator2.server.AppiumServlet.handleHttpRequest(AppiumServlet.java:253)\n\tat io.appium.uiautomator2.http.ServerHandler.channelRead(ServerHandler.java:77)\n\tat io.netty.channel.AbstractChannelHandlerContext.invokeChannelRead(AbstractChannelHandlerContext.java:366)\n\tat io.netty.channel.AbstractChannelHandlerContext.invokeChannelRead(AbstractChannelHandlerContext.java:352)\n\tat io.netty.chann...
&amp#27;[38;5;193m[eb903da1]&amp#27;[0m&amp#27;[38;5;123m[W3C]&amp#27;[0m Matched W3C error code 'no such element' to NoSuchElementError
&amp#27;[38;5;193m[eb903da1]&amp#27;[0m&amp#27;[38;5;-104m[AndroidUiautomator2Driver@c8fd]&amp#27;[0m Encountered internal error running command: NoSuchElementError: An element could not be located on the page using the given search parameters.
    at AndroidUiautomator2Driver.findElOrEls (C:\Users\User1\.appium\node_modules\appium-uiautomator2-driver\node_modules\appium-android-driver\lib\commands\find.ts:86:11)
    at processTicksAndRejections (node:internal/process/task_queues:95:5)
    at AndroidUiautomator2Driver.findElOrElsWithProcessing (C:\Users\User1\AppData\Roaming\npm\node_modules\appium\node_modules\@appium\base-driver\lib\basedriver\commands\find.ts:60:12)
    at AndroidUiautomator2Driver.findElement (C:\Users\User1\AppData\Roaming\npm\node_modules\appium\node_modules\@appium\base-driver\lib\basedriver\commands\find.ts:75:12)
&amp#27;[38;5;193m[eb903da1]&amp#27;[0m&amp#27;[38;5;86m[HTTP]&amp#27;[0m &amp#27;[37m<-- POST /session/eb903da1-dca5-48b8-838c-e73da3f9036b/element &amp#27;[39m&amp#27;[33m404&amp#27;[39m &amp#27;[90m466 ms - 890&amp#27;[39m &amp#27;[90m&amp#27;[39m
&amp#27;[38;5;193m[eb903da1]&amp#27;[0m&amp#27;[38;5;86m[HTTP]&amp#27;[0m &amp#27;[37m-->&amp#27;[39m &amp#27;[37mPOST&amp#27;[39m &amp#27;[37m/session/eb903da1-dca5-48b8-838c-e73da3f9036b/element&amp#27;[39m &amp#27;[90m{"using":"id","value":"com.androidsample.generalstore:id/nameField"}&amp#27;[39m
&amp#27;[38;5;193m[eb903da1]&amp#27;[0m&amp#27;[38;5;-104m[AndroidUiautomator2Driver@c8fd]&amp#27;[0m Calling AppiumDriver.findElement() with args: ["id","com.androidsample.generalstore:id/nameField","eb903da1-dca5-48b8-838c-e73da3f9036b"]
&amp#27;[38;5;193m[eb903da1]&amp#27;[0m&amp#27;[38;5;-104m[AndroidUiautomator2Driver@c8fd]&amp#27;[0m Valid locator strategies for this request: xpath, id, class name, accessibility id, css selector, -android uiautomator
&amp#27;[38;5;193m[eb903da1]&amp#27;[0m&amp#27;[38;5;-104m[AndroidUiautomator2Driver@c8fd]&amp#27;[0m Waiting up to 0 ms for condition
&amp#27;[38;5;193m[eb903da1]&amp#27;[0m&amp#27;[38;5;-104m[AndroidUiautomator2Driver@c8fd]&amp#27;[0m Matched '/element' to command name 'findElement'
&amp#27;[38;5;193m[eb903da1]&amp#27;[0m&amp#27;[38;5;-104m[AndroidUiautomator2Driver@c8fd]&amp#27;[0m Proxying [POST /element] to [POST http://127.0.0.1:8201/session/cc6b1fb1-42af-4a1d-a198-8e8465e29330/element] with body: {"strategy":"id","selector":"com.androidsample.generalstore:id/nameField","context":"","multiple":false}
&amp#27;[38;5;193m[eb903da1]&amp#27;[0m&amp#27;[38;5;-104m[AndroidUiautomator2Driver@c8fd]&amp#27;[0m Got response with status 404: {"sessionId":"cc6b1fb1-42af-4a1d-a198-8e8465e29330","value":{"error":"no such element","message":"An element could not be located on the page using the given search parameters","stacktrace":"io.appium.uiautomator2.common.exceptions.ElementNotFoundException: An element could not be located on the page using the given search parameters\n\tat io.appium.uiautomator2.handler.FindElement.safeHandle(FindElement.java:63)\n\tat io.appium.uiautomator2.handler.request.SafeRequestHandler.handle(SafeRequestHandler.java:59)\n\tat io.appium.uiautomator2.server.AppiumServlet.handleRequest(AppiumServlet.java:259)\n\tat io.appium.uiautomator2.server.AppiumServlet.handleHttpRequest(AppiumServlet.java:253)\n\tat io.appium.uiautomator2.http.ServerHandler.channelRead(ServerHandler.java:77)\n\tat io.netty.channel.AbstractChannelHandlerContext.invokeChannelRead(AbstractChannelHandlerContext.java:366)\n\tat io.netty.channel.AbstractChannelHandlerContext.invokeChannelRead(AbstractChannelHandlerContext.java:352)\n\tat io.netty.chann...
&amp#27;[38;5;193m[eb903da1]&amp#27;[0m&amp#27;[38;5;123m[W3C]&amp#27;[0m Matched W3C error code 'no such element' to NoSuchElementError
&amp#27;[38;5;193m[eb903da1]&amp#27;[0m&amp#27;[38;5;-104m[AndroidUiautomator2Driver@c8fd]&amp#27;[0m Encountered internal error running command: NoSuchElementError: An element could not be located on the page using the given search parameters.
    at AndroidUiautomator2Driver.findElOrEls (C:\Users\User1\.appium\node_modules\appium-uiautomator2-driver\node_modules\appium-android-driver\lib\commands\find.ts:86:11)
    at processTicksAndRejections (node:internal/process/task_queues:95:5)
    at AndroidUiautomator2Driver.findElOrElsWithProcessing (C:\Users\User1\AppData\Roaming\npm\node_modules\appium\node_modules\@appium\base-driver\lib\basedriver\commands\find.ts:60:12)
    at AndroidUiautomator2Driver.findElement (C:\Users\User1\AppData\Roaming\npm\node_modules\appium\node_modules\@appium\base-driver\lib\basedriver\commands\find.ts:75:12)
&amp#27;[38;5;193m[eb903da1]&amp#27;[0m&amp#27;[38;5;86m[HTTP]&amp#27;[0m &amp#27;[37m<-- POST /session/eb903da1-dca5-48b8-838c-e73da3f9036b/element &amp#27;[39m&amp#27;[33m404&amp#27;[39m &amp#27;[90m30 ms - 890&amp#27;[39m &amp#27;[90m&amp#27;[39m
&amp#27;[38;5;193m[eb903da1]&amp#27;[0m&amp#27;[38;5;86m[HTTP]&amp#27;[0m &amp#27;[37m-->&amp#27;[39m &amp#27;[37mGET&amp#27;[39m &amp#27;[37m/session/eb903da1-dca5-48b8-838c-e73da3f9036b/context&amp#27;[39m &amp#27;[90m{}&amp#27;[39m
&amp#27;[38;5;193m[eb903da1]&amp#27;[0m&amp#27;[38;5;-104m[AndroidUiautomator2Driver@c8fd]&amp#27;[0m Calling AppiumDriver.getCurrentContext() with args: ["eb903da1-dca5-48b8-838c-e73da3f9036b"]
&amp#27;[38;5;193m[eb903da1]&amp#27;[0m&amp#27;[38;5;-104m[AndroidUiautomator2Driver@c8fd]&amp#27;[0m Responding to client with driver.getCurrentContext() result: "NATIVE_APP"
&amp#27;[38;5;193m[eb903da1]&amp#27;[0m&amp#27;[38;5;86m[HTTP]&amp#27;[0m &amp#27;[37m<-- GET /session/eb903da1-dca5-48b8-838c-e73da3f9036b/context &amp#27;[39m&amp#27;[32m200&amp#27;[39m &amp#27;[90m3 ms - 22&amp#27;[39m &amp#27;[90m&amp#27;[39m
&amp#27;[38;5;193m[eb903da1]&amp#27;[0m&amp#27;[38;5;86m[HTTP]&amp#27;[0m &amp#27;[37m-->&amp#27;[39m &amp#27;[37mPOST&amp#27;[39m &amp#27;[37m/session/eb903da1-dca5-48b8-838c-e73da3f9036b/element&amp#27;[39m &amp#27;[90m{"using":"id","value":"com.androidsample.generalstore:id/nameField"}&amp#27;[39m
&amp#27;[38;5;193m[eb903da1]&amp#27;[0m&amp#27;[38;5;-104m[AndroidUiautomator2Driver@c8fd]&amp#27;[0m Calling AppiumDriver.findElement() with args: ["id","com.androidsample.generalstore:id/nameField","eb903da1-dca5-48b8-838c-e73da3f9036b"]
&amp#27;[38;5;193m[eb903da1]&amp#27;[0m&amp#27;[38;5;-104m[AndroidUiautomator2Driver@c8fd]&amp#27;[0m Valid locator strategies for this request: xpath, id, class name, accessibility id, css selector, -android uiautomator
&amp#27;[38;5;193m[eb903da1]&amp#27;[0m&amp#27;[38;5;-104m[AndroidUiautomator2Driver@c8fd]&amp#27;[0m Waiting up to 0 ms for condition
&amp#27;[38;5;193m[eb903da1]&amp#27;[0m&amp#27;[38;5;-104m[AndroidUiautomator2Driver@c8fd]&amp#27;[0m Matched '/element' to command name 'findElement'
&amp#27;[38;5;193m[eb903da1]&amp#27;[0m&amp#27;[38;5;-104m[AndroidUiautomator2Driver@c8fd]&amp#27;[0m Proxying [POST /element] to [POST http://127.0.0.1:8201/session/cc6b1fb1-42af-4a1d-a198-8e8465e29330/element] with body: {"strategy":"id","selector":"com.androidsample.generalstore:id/nameField","context":"","multiple":false}
&amp#27;[38;5;193m[eb903da1]&amp#27;[0m&amp#27;[38;5;-104m[AndroidUiautomator2Driver@c8fd]&amp#27;[0m Got response with status 404: {"sessionId":"cc6b1fb1-42af-4a1d-a198-8e8465e29330","value":{"error":"no such element","message":"An element could not be located on the page using the given search parameters","stacktrace":"io.appium.uiautomator2.common.exceptions.ElementNotFoundException: An element could not be located on the page using the given search parameters\n\tat io.appium.uiautomator2.handler.FindElement.safeHandle(FindElement.java:63)\n\tat io.appium.uiautomator2.handler.request.SafeRequestHandler.handle(SafeRequestHandler.java:59)\n\tat io.appium.uiautomator2.server.AppiumServlet.handleRequest(AppiumServlet.java:259)\n\tat io.appium.uiautomator2.server.AppiumServlet.handleHttpRequest(AppiumServlet.java:253)\n\tat io.appium.uiautomator2.http.ServerHandler.channelRead(ServerHandler.java:77)\n\tat io.netty.channel.AbstractChannelHandlerContext.invokeChannelRead(AbstractChannelHandlerContext.java:366)\n\tat io.netty.channel.AbstractChannelHandlerContext.invokeChannelRead(AbstractChannelHandlerContext.java:352)\n\tat io.netty.chann...
&amp#27;[38;5;193m[eb903da1]&amp#27;[0m&amp#27;[38;5;123m[W3C]&amp#27;[0m Matched W3C error code 'no such element' to NoSuchElementError
&amp#27;[38;5;193m[eb903da1]&amp#27;[0m&amp#27;[38;5;-104m[AndroidUiautomator2Driver@c8fd]&amp#27;[0m Encountered internal error running command: NoSuchElementError: An element could not be located on the page using the given search parameters.
    at AndroidUiautomator2Driver.findElOrEls (C:\Users\User1\.appium\node_modules\appium-uiautomator2-driver\node_modules\appium-android-driver\lib\commands\find.ts:86:11)
    at processTicksAndRejections (node:internal/process/task_queues:95:5)
    at AndroidUiautomator2Driver.findElOrElsWithProcessing (C:\Users\User1\AppData\Roaming\npm\node_modules\appium\node_modules\@appium\base-driver\lib\basedriver\commands\find.ts:60:12)
    at AndroidUiautomator2Driver.findElement (C:\Users\User1\AppData\Roaming\npm\node_modules\appium\node_modules\@appium\base-driver\lib\basedriver\commands\find.ts:75:12)
&amp#27;[38;5;193m[eb903da1]&amp#27;[0m&amp#27;[38;5;86m[HTTP]&amp#27;[0m &amp#27;[37m<-- POST /session/eb903da1-dca5-48b8-838c-e73da3f9036b/element &amp#27;[39m&amp#27;[33m404&amp#27;[39m &amp#27;[90m37 ms - 890&amp#27;[39m &amp#27;[90m&amp#27;[39m
&amp#27;[38;5;193m[eb903da1]&amp#27;[0m&amp#27;[38;5;86m[HTTP]&amp#27;[0m &amp#27;[37m-->&amp#27;[39m &amp#27;[37mPOST&amp#27;[39m &amp#27;[37m/session/eb903da1-dca5-48b8-838c-e73da3f9036b/element&amp#27;[39m &amp#27;[90m{"using":"id","value":"com.androidsample.generalstore:id/nameField"}&amp#27;[39m
&amp#27;[38;5;193m[eb903da1]&amp#27;[0m&amp#27;[38;5;-104m[AndroidUiautomator2Driver@c8fd]&amp#27;[0m Calling AppiumDriver.findElement() with args: ["id","com.androidsample.generalstore:id/nameField","eb903da1-dca5-48b8-838c-e73da3f9036b"]
&amp#27;[38;5;193m[eb903da1]&amp#27;[0m&amp#27;[38;5;-104m[AndroidUiautomator2Driver@c8fd]&amp#27;[0m Valid locator strategies for this request: xpath, id, class name, accessibility id, css selector, -android uiautomator
&amp#27;[38;5;193m[eb903da1]&amp#27;[0m&amp#27;[38;5;-104m[AndroidUiautomator2Driver@c8fd]&amp#27;[0m Waiting up to 0 ms for condition
&amp#27;[38;5;193m[eb903da1]&amp#27;[0m&amp#27;[38;5;-104m[AndroidUiautomator2Driver@c8fd]&amp#27;[0m Matched '/element' to command name 'findElement'
&amp#27;[38;5;193m[eb903da1]&amp#27;[0m&amp#27;[38;5;-104m[AndroidUiautomator2Driver@c8fd]&amp#27;[0m Proxying [POST /element] to [POST http://127.0.0.1:8201/session/cc6b1fb1-42af-4a1d-a198-8e8465e29330/element] with body: {"strategy":"id","selector":"com.androidsample.generalstore:id/nameField","context":"","multiple":false}
&amp#27;[38;5;193m[eb903da1]&amp#27;[0m&amp#27;[38;5;-104m[AndroidUiautomator2Driver@c8fd]&amp#27;[0m Got response with status 404: {"sessionId":"cc6b1fb1-42af-4a1d-a198-8e8465e29330","value":{"error":"no such element","message":"An element could not be located on the page using the given search parameters","stacktrace":"io.appium.uiautomator2.common.exceptions.ElementNotFoundException: An element could not be located on the page using the given search parameters\n\tat io.appium.uiautomator2.handler.FindElement.safeHandle(FindElement.java:63)\n\tat io.appium.uiautomator2.handler.request.SafeRequestHandler.handle(SafeRequestHandler.java:59)\n\tat io.appium.uiautomator2.server.AppiumServlet.handleRequest(AppiumServlet.java:259)\n\tat io.appium.uiautomator2.server.AppiumServlet.handleHttpRequest(AppiumServlet.java:253)\n\tat io.appium.uiautomator2.http.ServerHandler.channelRead(ServerHandler.java:77)\n\tat io.netty.channel.AbstractChannelHandlerContext.invokeChannelRead(AbstractChannelHandlerContext.java:366)\n\tat io.netty.channel.AbstractChannelHandlerContext.invokeChannelRead(AbstractChannelHandlerContext.java:352)\n\tat io.netty.chann...
&amp#27;[38;5;193m[eb903da1]&amp#27;[0m&amp#27;[38;5;123m[W3C]&amp#27;[0m Matched W3C error code 'no such element' to NoSuchElementError
&amp#27;[38;5;193m[eb903da1]&amp#27;[0m&amp#27;[38;5;-104m[AndroidUiautomator2Driver@c8fd]&amp#27;[0m Encountered internal error running command: NoSuchElementError: An element could not be located on the page using the given search parameters.
    at AndroidUiautomator2Driver.findElOrEls (C:\Users\User1\.appium\node_modules\appium-uiautomator2-driver\node_modules\appium-android-driver\lib\commands\find.ts:86:11)
    at processTicksAndRejections (node:internal/process/task_queues:95:5)
    at AndroidUiautomator2Driver.findElOrElsWithProcessing (C:\Users\User1\AppData\Roaming\npm\node_modules\appium\node_modules\@appium\base-driver\lib\basedriver\commands\find.ts:60:12)
    at AndroidUiautomator2Driver.findElement (C:\Users\User1\AppData\Roaming\npm\node_modules\appium\node_modules\@appium\base-driver\lib\basedriver\commands\find.ts:75:12)
&amp#27;[38;5;193m[eb903da1]&amp#27;[0m&amp#27;[38;5;86m[HTTP]&amp#27;[0m &amp#27;[37m<-- POST /session/eb903da1-dca5-48b8-838c-e73da3f9036b/element &amp#27;[39m&amp#27;[33m404&amp#27;[39m &amp#27;[90m38 ms - 890&amp#27;[39m &amp#27;[90m&amp#27;[39m
&amp#27;[38;5;193m[eb903da1]&amp#27;[0m&amp#27;[38;5;86m[HTTP]&amp#27;[0m &amp#27;[37m-->&amp#27;[39m &amp#27;[37mPOST&amp#27;[39m &amp#27;[37m/session/eb903da1-dca5-48b8-838c-e73da3f9036b/element&amp#27;[39m &amp#27;[90m{"using":"id","value":"com.androidsample.generalstore:id/nameField"}&amp#27;[39m
&amp#27;[38;5;193m[eb903da1]&amp#27;[0m&amp#27;[38;5;-104m[AndroidUiautomator2Driver@c8fd]&amp#27;[0m Calling AppiumDriver.findElement() with args: ["id","com.androidsample.generalstore:id/nameField","eb903da1-dca5-48b8-838c-e73da3f9036b"]
&amp#27;[38;5;193m[eb903da1]&amp#27;[0m&amp#27;[38;5;-104m[AndroidUiautomator2Driver@c8fd]&amp#27;[0m Valid locator strategies for this request: xpath, id, class name, accessibility id, css selector, -android uiautomator
&amp#27;[38;5;193m[eb903da1]&amp#27;[0m&amp#27;[38;5;-104m[AndroidUiautomator2Driver@c8fd]&amp#27;[0m Waiting up to 0 ms for condition
&amp#27;[38;5;193m[eb903da1]&amp#27;[0m&amp#27;[38;5;-104m[AndroidUiautomator2Driver@c8fd]&amp#27;[0m Matched '/element' to command name 'findElement'
&amp#27;[38;5;193m[eb903da1]&amp#27;[0m&amp#27;[38;5;-104m[AndroidUiautomator2Driver@c8fd]&amp#27;[0m Proxying [POST /element] to [POST http://127.0.0.1:8201/session/cc6b1fb1-42af-4a1d-a198-8e8465e29330/element] with body: {"strategy":"id","selector":"com.androidsample.generalstore:id/nameField","context":"","multiple":false}
&amp#27;[38;5;193m[eb903da1]&amp#27;[0m&amp#27;[38;5;-104m[AndroidUiautomator2Driver@c8fd]&amp#27;[0m Got response with status 200: {"sessionId":"cc6b1fb1-42af-4a1d-a198-8e8465e29330","value":{"ELEMENT":"00000000-0000-06ef-ffff-ffff0000001c","element-6066-11e4-a52e-4f735466cecf":"00000000-0000-06ef-ffff-ffff0000001c"}}
&amp#27;[38;5;193m[eb903da1]&amp#27;[0m&amp#27;[38;5;-104m[AndroidUiautomator2Driver@c8fd]&amp#27;[0m Responding to client with driver.findElement() result: {"element-6066-11e4-a52e-4f735466cecf":"00000000-0000-06ef-ffff-ffff0000001c","ELEMENT":"00000000-0000-06ef-ffff-ffff0000001c"}
&amp#27;[38;5;193m[eb903da1]&amp#27;[0m&amp#27;[38;5;86m[HTTP]&amp#27;[0m &amp#27;[37m<-- POST /session/eb903da1-dca5-48b8-838c-e73da3f9036b/element &amp#27;[39m&amp#27;[32m200&amp#27;[39m &amp#27;[90m559 ms - 137&amp#27;[39m &amp#27;[90m&amp#27;[39m
&amp#27;[38;5;193m[eb903da1]&amp#27;[0m&amp#27;[38;5;86m[HTTP]&amp#27;[0m &amp#27;[37m-->&amp#27;[39m &amp#27;[37mGET&amp#27;[39m &amp#27;[37m/session/eb903da1-dca5-48b8-838c-e73da3f9036b/element/00000000-0000-06ef-ffff-ffff0000001c/displayed&amp#27;[39m &amp#27;[90m{}&amp#27;[39m
&amp#27;[38;5;193m[eb903da1]&amp#27;[0m&amp#27;[38;5;-104m[AndroidUiautomator2Driver@c8fd]&amp#27;[0m Calling AppiumDriver.elementDisplayed() with args: ["00000000-0000-06ef-ffff-ffff0000001c","eb903da1-dca5-48b8-838c-e73da3f9036b"]
&amp#27;[38;5;193m[eb903da1]&amp#27;[0m&amp#27;[38;5;-104m[AndroidUiautomator2Driver@c8fd]&amp#27;[0m Matched '/element/00000000-0000-06ef-ffff-ffff0000001c/attribute/displayed' to command name 'getAttribute'
&amp#27;[38;5;193m[eb903da1]&amp#27;[0m&amp#27;[38;5;-104m[AndroidUiautomator2Driver@c8fd]&amp#27;[0m Proxying [GET /element/00000000-0000-06ef-ffff-ffff0000001c/attribute/displayed] to [GET http://127.0.0.1:8201/session/cc6b1fb1-42af-4a1d-a198-8e8465e29330/element/00000000-0000-06ef-ffff-ffff0000001c/attribute/displayed] with no body
&amp#27;[38;5;193m[eb903da1]&amp#27;[0m&amp#27;[38;5;-104m[AndroidUiautomator2Driver@c8fd]&amp#27;[0m Got response with status 200: {"sessionId":"cc6b1fb1-42af-4a1d-a198-8e8465e29330","value":"true"}
&amp#27;[38;5;193m[eb903da1]&amp#27;[0m&amp#27;[38;5;-104m[AndroidUiautomator2Driver@c8fd]&amp#27;[0m Responding to client with driver.elementDisplayed() result: true
&amp#27;[38;5;193m[eb903da1]&amp#27;[0m&amp#27;[38;5;86m[HTTP]&amp#27;[0m &amp#27;[37m<-- GET /session/eb903da1-dca5-48b8-838c-e73da3f9036b/element/00000000-0000-06ef-ffff-ffff0000001c/displayed &amp#27;[39m&amp#27;[32m200&amp#27;[39m &amp#27;[90m1186 ms - 14&amp#27;[39m &amp#27;[90m&amp#27;[39m
&amp#27;[38;5;193m[eb903da1]&amp#27;[0m&amp#27;[38;5;86m[HTTP]&amp#27;[0m &amp#27;[37m-->&amp#27;[39m &amp#27;[37mGET&amp#27;[39m &amp#27;[37m/session/eb903da1-dca5-48b8-838c-e73da3f9036b/context&amp#27;[39m &amp#27;[90m{}&amp#27;[39m
&amp#27;[38;5;193m[eb903da1]&amp#27;[0m&amp#27;[38;5;-104m[AndroidUiautomator2Driver@c8fd]&amp#27;[0m Calling AppiumDriver.getCurrentContext() with args: ["eb903da1-dca5-48b8-838c-e73da3f9036b"]
&amp#27;[38;5;193m[eb903da1]&amp#27;[0m&amp#27;[38;5;-104m[AndroidUiautomator2Driver@c8fd]&amp#27;[0m Responding to client with driver.getCurrentContext() result: "NATIVE_APP"
&amp#27;[38;5;193m[eb903da1]&amp#27;[0m&amp#27;[38;5;86m[HTTP]&amp#27;[0m &amp#27;[37m<-- GET /session/eb903da1-dca5-48b8-838c-e73da3f9036b/context &amp#27;[39m&amp#27;[32m200&amp#27;[39m &amp#27;[90m1 ms - 22&amp#27;[39m &amp#27;[90m&amp#27;[39m
&amp#27;[38;5;193m[eb903da1]&amp#27;[0m&amp#27;[38;5;86m[HTTP]&amp#27;[0m &amp#27;[37m-->&amp#27;[39m &amp#27;[37mPOST&amp#27;[39m &amp#27;[37m/session/eb903da1-dca5-48b8-838c-e73da3f9036b/element&amp#27;[39m &amp#27;[90m{"using":"id","value":"com.androidsample.generalstore:id/nameField"}&amp#27;[39m
&amp#27;[38;5;193m[eb903da1]&amp#27;[0m&amp#27;[38;5;-104m[AndroidUiautomator2Driver@c8fd]&amp#27;[0m Calling AppiumDriver.findElement() with args: ["id","com.androidsample.generalstore:id/nameField","eb903da1-dca5-48b8-838c-e73da3f9036b"]
&amp#27;[38;5;193m[eb903da1]&amp#27;[0m&amp#27;[38;5;-104m[AndroidUiautomator2Driver@c8fd]&amp#27;[0m Valid locator strategies for this request: xpath, id, class name, accessibility id, css selector, -android uiautomator
&amp#27;[38;5;193m[eb903da1]&amp#27;[0m&amp#27;[38;5;-104m[AndroidUiautomator2Driver@c8fd]&amp#27;[0m Waiting up to 0 ms for condition
&amp#27;[38;5;193m[eb903da1]&amp#27;[0m&amp#27;[38;5;-104m[AndroidUiautomator2Driver@c8fd]&amp#27;[0m Matched '/element' to command name 'findElement'
&amp#27;[38;5;193m[eb903da1]&amp#27;[0m&amp#27;[38;5;-104m[AndroidUiautomator2Driver@c8fd]&amp#27;[0m Proxying [POST /element] to [POST http://127.0.0.1:8201/session/cc6b1fb1-42af-4a1d-a198-8e8465e29330/element] with body: {"strategy":"id","selector":"com.androidsample.generalstore:id/nameField","context":"","multiple":false}
&amp#27;[38;5;193m[eb903da1]&amp#27;[0m&amp#27;[38;5;-104m[AndroidUiautomator2Driver@c8fd]&amp#27;[0m Got response with status 200: {"sessionId":"cc6b1fb1-42af-4a1d-a198-8e8465e29330","value":{"ELEMENT":"00000000-0000-06ef-ffff-ffff0000001c","element-6066-11e4-a52e-4f735466cecf":"00000000-0000-06ef-ffff-ffff0000001c"}}
&amp#27;[38;5;193m[eb903da1]&amp#27;[0m&amp#27;[38;5;-104m[AndroidUiautomator2Driver@c8fd]&amp#27;[0m Responding to client with driver.findElement() result: {"element-6066-11e4-a52e-4f735466cecf":"00000000-0000-06ef-ffff-ffff0000001c","ELEMENT":"00000000-0000-06ef-ffff-ffff0000001c"}
&amp#27;[38;5;193m[eb903da1]&amp#27;[0m&amp#27;[38;5;86m[HTTP]&amp#27;[0m &amp#27;[37m<-- POST /session/eb903da1-dca5-48b8-838c-e73da3f9036b/element &amp#27;[39m&amp#27;[32m200&amp#27;[39m &amp#27;[90m38 ms - 137&amp#27;[39m &amp#27;[90m&amp#27;[39m
&amp#27;[38;5;193m[eb903da1]&amp#27;[0m&amp#27;[38;5;86m[HTTP]&amp#27;[0m &amp#27;[37m-->&amp#27;[39m &amp#27;[37mPOST&amp#27;[39m &amp#27;[37m/session/eb903da1-dca5-48b8-838c-e73da3f9036b/element/00000000-0000-06ef-ffff-ffff0000001c/value&amp#27;[39m &amp#27;[90m{"value":["R","a","j"],"text":"Raj","id":"00000000-0000-06ef-ffff-ffff0000001c"}&amp#27;[39m
&amp#27;[38;5;193m[eb903da1]&amp#27;[0m&amp#27;[38;5;-104m[AndroidUiautomator2Driver@c8fd]&amp#27;[0m Calling AppiumDriver.setValue() with args: [["R","a","j"],"00000000-0000-06ef-ffff-ffff0000001c","eb903da1-dca5-48b8-838c-e73da3f9036b"]
&amp#27;[38;5;193m[eb903da1]&amp#27;[0m&amp#27;[38;5;-104m[AndroidUiautomator2Driver@c8fd]&amp#27;[0m Matched '/element/00000000-0000-06ef-ffff-ffff0000001c/value' to command name 'setValue'
&amp#27;[38;5;193m[eb903da1]&amp#27;[0m&amp#27;[38;5;-104m[AndroidUiautomator2Driver@c8fd]&amp#27;[0m Added 'value' property ["R","a","j"] to 'setValue' request body
&amp#27;[38;5;193m[eb903da1]&amp#27;[0m&amp#27;[38;5;-104m[AndroidUiautomator2Driver@c8fd]&amp#27;[0m Proxying [POST /element/00000000-0000-06ef-ffff-ffff0000001c/value] to [POST http://127.0.0.1:8201/session/cc6b1fb1-42af-4a1d-a198-8e8465e29330/element/00000000-0000-06ef-ffff-ffff0000001c/value] with body: {"elementId":"00000000-0000-06ef-ffff-ffff0000001c","text":"Raj","replace":false,"value":["R","a","j"]}
&amp#27;[38;5;193m[eb903da1]&amp#27;[0m&amp#27;[38;5;-104m[AndroidUiautomator2Driver@c8fd]&amp#27;[0m Got response with status 200: {"sessionId":"cc6b1fb1-42af-4a1d-a198-8e8465e29330","value":null}
&amp#27;[38;5;193m[eb903da1]&amp#27;[0m&amp#27;[38;5;-104m[AndroidUiautomator2Driver@c8fd]&amp#27;[0m Responding to client with driver.setValue() result: null
&amp#27;[38;5;193m[eb903da1]&amp#27;[0m&amp#27;[38;5;86m[HTTP]&amp#27;[0m &amp#27;[37m<-- POST /session/eb903da1-dca5-48b8-838c-e73da3f9036b/element/00000000-0000-06ef-ffff-ffff0000001c/value &amp#27;[39m&amp#27;[32m200&amp#27;[39m &amp#27;[90m557 ms - 14&amp#27;[39m &amp#27;[90m&amp#27;[39m
&amp#27;[38;5;193m[eb903da1]&amp#27;[0m&amp#27;[38;5;86m[HTTP]&amp#27;[0m &amp#27;[37m-->&amp#27;[39m &amp#27;[37mPOST&amp#27;[39m &amp#27;[37m/session/eb903da1-dca5-48b8-838c-e73da3f9036b/execute/sync&amp#27;[39m &amp#27;[90m{"script":"mobile: hideKeyboard","args":[]}&amp#27;[39m
&amp#27;[38;5;193m[eb903da1]&amp#27;[0m&amp#27;[38;5;-104m[AndroidUiautomator2Driver@c8fd]&amp#27;[0m Calling AppiumDriver.execute() with args: ["mobile: hideKeyboard",[],"eb903da1-dca5-48b8-838c-e73da3f9036b"]
&amp#27;[38;5;193m[eb903da1]&amp#27;[0m&amp#27;[38;5;-104m[AndroidUiautomator2Driver@c8fd]&amp#27;[0m Executing native command 'mobile: hideKeyboard'
&amp#27;[38;5;193m[eb903da1]&amp#27;[0m&amp#27;[38;5;229m[ADB]&amp#27;[0m Running 'C:\Users\User1\AppData\Local\Android\Sdk\platform-tools\adb.exe -P 5037 -s emulator-5554 shell dumpsys input_method'
&amp#27;[38;5;193m[eb903da1]&amp#27;[0m&amp#27;[38;5;229m[ADB]&amp#27;[0m Keyboard has no UI; no closing necessary
&amp#27;[38;5;193m[eb903da1]&amp#27;[0m&amp#27;[38;5;-104m[AndroidUiautomator2Driver@c8fd]&amp#27;[0m Responding to client with driver.execute() result: false
&amp#27;[38;5;193m[eb903da1]&amp#27;[0m&amp#27;[38;5;86m[HTTP]&amp#27;[0m &amp#27;[37m<-- POST /session/eb903da1-dca5-48b8-838c-e73da3f9036b/execute/sync &amp#27;[39m&amp#27;[32m200&amp#27;[39m &amp#27;[90m375 ms - 15&amp#27;[39m &amp#27;[90m&amp#27;[39m
&amp#27;[38;5;193m[eb903da1]&amp#27;[0m&amp#27;[38;5;86m[HTTP]&amp#27;[0m &amp#27;[37m-->&amp#27;[39m &amp#27;[37mGET&amp#27;[39m &amp#27;[37m/session/eb903da1-dca5-48b8-838c-e73da3f9036b/context&amp#27;[39m &amp#27;[90m{}&amp#27;[39m
&amp#27;[38;5;193m[eb903da1]&amp#27;[0m&amp#27;[38;5;-104m[AndroidUiautomator2Driver@c8fd]&amp#27;[0m Calling AppiumDriver.getCurrentContext() with args: ["eb903da1-dca5-48b8-838c-e73da3f9036b"]
&amp#27;[38;5;193m[eb903da1]&amp#27;[0m&amp#27;[38;5;-104m[AndroidUiautomator2Driver@c8fd]&amp#27;[0m Responding to client with driver.getCurrentContext() result: "NATIVE_APP"
&amp#27;[38;5;193m[eb903da1]&amp#27;[0m&amp#27;[38;5;86m[HTTP]&amp#27;[0m &amp#27;[37m<-- GET /session/eb903da1-dca5-48b8-838c-e73da3f9036b/context &amp#27;[39m&amp#27;[32m200&amp#27;[39m &amp#27;[90m1 ms - 22&amp#27;[39m &amp#27;[90m&amp#27;[39m
&amp#27;[38;5;193m[eb903da1]&amp#27;[0m&amp#27;[38;5;86m[HTTP]&amp#27;[0m &amp#27;[37m-->&amp#27;[39m &amp#27;[37mPOST&amp#27;[39m &amp#27;[37m/session/eb903da1-dca5-48b8-838c-e73da3f9036b/element&amp#27;[39m &amp#27;[90m{"using":"xpath","value":"//android.widget.RadioButton[@text='Male']"}&amp#27;[39m
&amp#27;[38;5;193m[eb903da1]&amp#27;[0m&amp#27;[38;5;-104m[AndroidUiautomator2Driver@c8fd]&amp#27;[0m Calling AppiumDriver.findElement() with args: ["xpath","//android.widget.RadioButton[@text='Male']","eb903da1-dca5-48b8-838c-e73da3f9036b"]
&amp#27;[38;5;193m[eb903da1]&amp#27;[0m&amp#27;[38;5;-104m[AndroidUiautomator2Driver@c8fd]&amp#27;[0m Valid locator strategies for this request: xpath, id, class name, accessibility id, css selector, -android uiautomator
&amp#27;[38;5;193m[eb903da1]&amp#27;[0m&amp#27;[38;5;-104m[AndroidUiautomator2Driver@c8fd]&amp#27;[0m Waiting up to 0 ms for condition
&amp#27;[38;5;193m[eb903da1]&amp#27;[0m&amp#27;[38;5;-104m[AndroidUiautomator2Driver@c8fd]&amp#27;[0m Matched '/element' to command name 'findElement'
&amp#27;[38;5;193m[eb903da1]&amp#27;[0m&amp#27;[38;5;-104m[AndroidUiautomator2Driver@c8fd]&amp#27;[0m Proxying [POST /element] to [POST http://127.0.0.1:8201/session/cc6b1fb1-42af-4a1d-a198-8e8465e29330/element] with body: {"strategy":"xpath","selector":"//android.widget.RadioButton[@text='Male']","context":"","multiple":false}
&amp#27;[38;5;193m[eb903da1]&amp#27;[0m&amp#27;[38;5;-104m[AndroidUiautomator2Driver@c8fd]&amp#27;[0m Got response with status 200: {"sessionId":"cc6b1fb1-42af-4a1d-a198-8e8465e29330","value":{"ELEMENT":"00000000-0000-06ef-ffff-ffff0000001f","element-6066-11e4-a52e-4f735466cecf":"00000000-0000-06ef-ffff-ffff0000001f"}}
&amp#27;[38;5;193m[eb903da1]&amp#27;[0m&amp#27;[38;5;-104m[AndroidUiautomator2Driver@c8fd]&amp#27;[0m Responding to client with driver.findElement() result: {"element-6066-11e4-a52e-4f735466cecf":"00000000-0000-06ef-ffff-ffff0000001f","ELEMENT":"00000000-0000-06ef-ffff-ffff0000001f"}
&amp#27;[38;5;193m[eb903da1]&amp#27;[0m&amp#27;[38;5;86m[HTTP]&amp#27;[0m &amp#27;[37m<-- POST /session/eb903da1-dca5-48b8-838c-e73da3f9036b/element &amp#27;[39m&amp#27;[32m200&amp#27;[39m &amp#27;[90m862 ms - 137&amp#27;[39m &amp#27;[90m&amp#27;[39m
&amp#27;[38;5;193m[eb903da1]&amp#27;[0m&amp#27;[38;5;86m[HTTP]&amp#27;[0m &amp#27;[37m-->&amp#27;[39m &amp#27;[37mPOST&amp#27;[39m &amp#27;[37m/session/eb903da1-dca5-48b8-838c-e73da3f9036b/element/00000000-0000-06ef-ffff-ffff0000001f/click&amp#27;[39m &amp#27;[90m{"id":"00000000-0000-06ef-ffff-ffff0000001f"}&amp#27;[39m
&amp#27;[38;5;193m[eb903da1]&amp#27;[0m&amp#27;[38;5;-104m[AndroidUiautomator2Driver@c8fd]&amp#27;[0m Calling AppiumDriver.click() with args: ["00000000-0000-06ef-ffff-ffff0000001f","eb903da1-dca5-48b8-838c-e73da3f9036b"]
&amp#27;[38;5;193m[eb903da1]&amp#27;[0m&amp#27;[38;5;-104m[AndroidUiautomator2Driver@c8fd]&amp#27;[0m Matched '/element/00000000-0000-06ef-ffff-ffff0000001f/click' to command name 'click'
&amp#27;[38;5;193m[eb903da1]&amp#27;[0m&amp#27;[38;5;-104m[AndroidUiautomator2Driver@c8fd]&amp#27;[0m Proxying [POST /element/00000000-0000-06ef-ffff-ffff0000001f/click] to [POST http://127.0.0.1:8201/session/cc6b1fb1-42af-4a1d-a198-8e8465e29330/element/00000000-0000-06ef-ffff-ffff0000001f/click] with body: {"element":"00000000-0000-06ef-ffff-ffff0000001f"}
&amp#27;[38;5;193m[eb903da1]&amp#27;[0m&amp#27;[38;5;-104m[AndroidUiautomator2Driver@c8fd]&amp#27;[0m Got response with status 200: {"sessionId":"cc6b1fb1-42af-4a1d-a198-8e8465e29330","value":null}
&amp#27;[38;5;193m[eb903da1]&amp#27;[0m&amp#27;[38;5;-104m[AndroidUiautomator2Driver@c8fd]&amp#27;[0m Responding to client with driver.click() result: null
&amp#27;[38;5;193m[eb903da1]&amp#27;[0m&amp#27;[38;5;86m[HTTP]&amp#27;[0m &amp#27;[37m<-- POST /session/eb903da1-dca5-48b8-838c-e73da3f9036b/element/00000000-0000-06ef-ffff-ffff0000001f/click &amp#27;[39m&amp#27;[32m200&amp#27;[39m &amp#27;[90m84 ms - 14&amp#27;[39m &amp#27;[90m&amp#27;[39m
&amp#27;[38;5;193m[eb903da1]&amp#27;[0m&amp#27;[38;5;86m[HTTP]&amp#27;[0m &amp#27;[37m-->&amp#27;[39m &amp#27;[37mGET&amp#27;[39m &amp#27;[37m/session/eb903da1-dca5-48b8-838c-e73da3f9036b/context&amp#27;[39m &amp#27;[90m{}&amp#27;[39m
&amp#27;[38;5;193m[eb903da1]&amp#27;[0m&amp#27;[38;5;-104m[AndroidUiautomator2Driver@c8fd]&amp#27;[0m Calling AppiumDriver.getCurrentContext() with args: ["eb903da1-dca5-48b8-838c-e73da3f9036b"]
&amp#27;[38;5;193m[eb903da1]&amp#27;[0m&amp#27;[38;5;-104m[AndroidUiautomator2Driver@c8fd]&amp#27;[0m Responding to client with driver.getCurrentContext() result: "NATIVE_APP"
&amp#27;[38;5;193m[eb903da1]&amp#27;[0m&amp#27;[38;5;86m[HTTP]&amp#27;[0m &amp#27;[37m<-- GET /session/eb903da1-dca5-48b8-838c-e73da3f9036b/context &amp#27;[39m&amp#27;[32m200&amp#27;[39m &amp#27;[90m2 ms - 22&amp#27;[39m &amp#27;[90m&amp#27;[39m
&amp#27;[38;5;193m[eb903da1]&amp#27;[0m&amp#27;[38;5;86m[HTTP]&amp#27;[0m &amp#27;[37m-->&amp#27;[39m &amp#27;[37mPOST&amp#27;[39m &amp#27;[37m/session/eb903da1-dca5-48b8-838c-e73da3f9036b/element&amp#27;[39m &amp#27;[90m{"using":"id","value":"android:id/text1"}&amp#27;[39m
&amp#27;[38;5;193m[eb903da1]&amp#27;[0m&amp#27;[38;5;-104m[AndroidUiautomator2Driver@c8fd]&amp#27;[0m Calling AppiumDriver.findElement() with args: ["id","android:id/text1","eb903da1-dca5-48b8-838c-e73da3f9036b"]
&amp#27;[38;5;193m[eb903da1]&amp#27;[0m&amp#27;[38;5;-104m[AndroidUiautomator2Driver@c8fd]&amp#27;[0m Valid locator strategies for this request: xpath, id, class name, accessibility id, css selector, -android uiautomator
&amp#27;[38;5;193m[eb903da1]&amp#27;[0m&amp#27;[38;5;-104m[AndroidUiautomator2Driver@c8fd]&amp#27;[0m Waiting up to 0 ms for condition
&amp#27;[38;5;193m[eb903da1]&amp#27;[0m&amp#27;[38;5;-104m[AndroidUiautomator2Driver@c8fd]&amp#27;[0m Matched '/element' to command name 'findElement'
&amp#27;[38;5;193m[eb903da1]&amp#27;[0m&amp#27;[38;5;-104m[AndroidUiautomator2Driver@c8fd]&amp#27;[0m Proxying [POST /element] to [POST http://127.0.0.1:8201/session/cc6b1fb1-42af-4a1d-a198-8e8465e29330/element] with body: {"strategy":"id","selector":"android:id/text1","context":"","multiple":false}
&amp#27;[38;5;193m[eb903da1]&amp#27;[0m&amp#27;[38;5;-104m[AndroidUiautomator2Driver@c8fd]&amp#27;[0m Got response with status 200: {"sessionId":"cc6b1fb1-42af-4a1d-a198-8e8465e29330","value":{"ELEMENT":"00000000-0000-06ef-ffff-ffff00000024","element-6066-11e4-a52e-4f735466cecf":"00000000-0000-06ef-ffff-ffff00000024"}}
&amp#27;[38;5;193m[eb903da1]&amp#27;[0m&amp#27;[38;5;-104m[AndroidUiautomator2Driver@c8fd]&amp#27;[0m Responding to client with driver.findElement() result: {"element-6066-11e4-a52e-4f735466cecf":"00000000-0000-06ef-ffff-ffff00000024","ELEMENT":"00000000-0000-06ef-ffff-ffff00000024"}
&amp#27;[38;5;193m[eb903da1]&amp#27;[0m&amp#27;[38;5;86m[HTTP]&amp#27;[0m &amp#27;[37m<-- POST /session/eb903da1-dca5-48b8-838c-e73da3f9036b/element &amp#27;[39m&amp#27;[32m200&amp#27;[39m &amp#27;[90m86 ms - 137&amp#27;[39m &amp#27;[90m&amp#27;[39m
&amp#27;[38;5;193m[eb903da1]&amp#27;[0m&amp#27;[38;5;86m[HTTP]&amp#27;[0m &amp#27;[37m-->&amp#27;[39m &amp#27;[37mPOST&amp#27;[39m &amp#27;[37m/session/eb903da1-dca5-48b8-838c-e73da3f9036b/element/00000000-0000-06ef-ffff-ffff00000024/click&amp#27;[39m &amp#27;[90m{"id":"00000000-0000-06ef-ffff-ffff00000024"}&amp#27;[39m
&amp#27;[38;5;193m[eb903da1]&amp#27;[0m&amp#27;[38;5;-104m[AndroidUiautomator2Driver@c8fd]&amp#27;[0m Calling AppiumDriver.click() with args: ["00000000-0000-06ef-ffff-ffff00000024","eb903da1-dca5-48b8-838c-e73da3f9036b"]
&amp#27;[38;5;193m[eb903da1]&amp#27;[0m&amp#27;[38;5;-104m[AndroidUiautomator2Driver@c8fd]&amp#27;[0m Matched '/element/00000000-0000-06ef-ffff-ffff00000024/click' to command name 'click'
&amp#27;[38;5;193m[eb903da1]&amp#27;[0m&amp#27;[38;5;-104m[AndroidUiautomator2Driver@c8fd]&amp#27;[0m Proxying [POST /element/00000000-0000-06ef-ffff-ffff00000024/click] to [POST http://127.0.0.1:8201/session/cc6b1fb1-42af-4a1d-a198-8e8465e29330/element/00000000-0000-06ef-ffff-ffff00000024/click] with body: {"element":"00000000-0000-06ef-ffff-ffff00000024"}
&amp#27;[38;5;193m[eb903da1]&amp#27;[0m&amp#27;[38;5;-104m[AndroidUiautomator2Driver@c8fd]&amp#27;[0m Got response with status 200: {"sessionId":"cc6b1fb1-42af-4a1d-a198-8e8465e29330","value":null}
&amp#27;[38;5;193m[eb903da1]&amp#27;[0m&amp#27;[38;5;-104m[AndroidUiautomator2Driver@c8fd]&amp#27;[0m Responding to client with driver.click() result: null
&amp#27;[38;5;193m[eb903da1]&amp#27;[0m&amp#27;[38;5;86m[HTTP]&amp#27;[0m &amp#27;[37m<-- POST /session/eb903da1-dca5-48b8-838c-e73da3f9036b/element/00000000-0000-06ef-ffff-ffff00000024/click &amp#27;[39m&amp#27;[32m200&amp#27;[39m &amp#27;[90m455 ms - 14&amp#27;[39m &amp#27;[90m&amp#27;[39m
&amp#27;[38;5;193m[eb903da1]&amp#27;[0m&amp#27;[38;5;86m[HTTP]&amp#27;[0m &amp#27;[37m-->&amp#27;[39m &amp#27;[37mPOST&amp#27;[39m &amp#27;[37m/session/eb903da1-dca5-48b8-838c-e73da3f9036b/element&amp#27;[39m &amp#27;[90m{"using":"-android uiautomator","value":"new UiScrollable(new UiSelector()).scrollIntoView(text(\"Austria\"));"}&amp#27;[39m
&amp#27;[38;5;193m[eb903da1]&amp#27;[0m&amp#27;[38;5;-104m[AndroidUiautomator2Driver@c8fd]&amp#27;[0m Calling AppiumDriver.findElement() with args: ["-android uiautomator","new UiScrollable(new UiSelector()).scrollIntoView(text(\"Austria\"));","eb903da1-dca5-48b8-838c-e73da3f9036b"]
&amp#27;[38;5;193m[eb903da1]&amp#27;[0m&amp#27;[38;5;-104m[AndroidUiautomator2Driver@c8fd]&amp#27;[0m Valid locator strategies for this request: xpath, id, class name, accessibility id, css selector, -android uiautomator
&amp#27;[38;5;193m[eb903da1]&amp#27;[0m&amp#27;[38;5;-104m[AndroidUiautomator2Driver@c8fd]&amp#27;[0m Waiting up to 0 ms for condition
&amp#27;[38;5;193m[eb903da1]&amp#27;[0m&amp#27;[38;5;-104m[AndroidUiautomator2Driver@c8fd]&amp#27;[0m Matched '/element' to command name 'findElement'
&amp#27;[38;5;193m[eb903da1]&amp#27;[0m&amp#27;[38;5;-104m[AndroidUiautomator2Driver@c8fd]&amp#27;[0m Proxying [POST /element] to [POST http://127.0.0.1:8201/session/cc6b1fb1-42af-4a1d-a198-8e8465e29330/element] with body: {"strategy":"-android uiautomator","selector":"new UiScrollable(new UiSelector()).scrollIntoView(text(\"Austria\"));","context":"","multiple":false}
&amp#27;[38;5;193m[eb903da1]&amp#27;[0m&amp#27;[38;5;-104m[AndroidUiautomator2Driver@c8fd]&amp#27;[0m Got response with status 200: {"sessionId":"cc6b1fb1-42af-4a1d-a198-8e8465e29330","value":{"ELEMENT":"00000000-0000-06f0-ffff-ffff0000002c","element-6066-11e4-a52e-4f735466cecf":"00000000-0000-06f0-ffff-ffff0000002c"}}
&amp#27;[38;5;193m[eb903da1]&amp#27;[0m&amp#27;[38;5;-104m[AndroidUiautomator2Driver@c8fd]&amp#27;[0m Responding to client with driver.findElement() result: {"element-6066-11e4-a52e-4f735466cecf":"00000000-0000-06f0-ffff-ffff0000002c","ELEMENT":"00000000-0000-06f0-ffff-ffff0000002c"}
&amp#27;[38;5;193m[eb903da1]&amp#27;[0m&amp#27;[38;5;86m[HTTP]&amp#27;[0m &amp#27;[37m<-- POST /session/eb903da1-dca5-48b8-838c-e73da3f9036b/element &amp#27;[39m&amp#27;[32m200&amp#27;[39m &amp#27;[90m5279 ms - 137&amp#27;[39m &amp#27;[90m&amp#27;[39m
&amp#27;[38;5;193m[eb903da1]&amp#27;[0m&amp#27;[38;5;86m[HTTP]&amp#27;[0m &amp#27;[37m-->&amp#27;[39m &amp#27;[37mPOST&amp#27;[39m &amp#27;[37m/session/eb903da1-dca5-48b8-838c-e73da3f9036b/element&amp#27;[39m &amp#27;[90m{"using":"xpath","value":"//android.widget.TextView[@text='Austria']"}&amp#27;[39m
&amp#27;[38;5;193m[eb903da1]&amp#27;[0m&amp#27;[38;5;-104m[AndroidUiautomator2Driver@c8fd]&amp#27;[0m Calling AppiumDriver.findElement() with args: ["xpath","//android.widget.TextView[@text='Austria']","eb903da1-dca5-48b8-838c-e73da3f9036b"]
&amp#27;[38;5;193m[eb903da1]&amp#27;[0m&amp#27;[38;5;-104m[AndroidUiautomator2Driver@c8fd]&amp#27;[0m Valid locator strategies for this request: xpath, id, class name, accessibility id, css selector, -android uiautomator
&amp#27;[38;5;193m[eb903da1]&amp#27;[0m&amp#27;[38;5;-104m[AndroidUiautomator2Driver@c8fd]&amp#27;[0m Waiting up to 0 ms for condition
&amp#27;[38;5;193m[eb903da1]&amp#27;[0m&amp#27;[38;5;-104m[AndroidUiautomator2Driver@c8fd]&amp#27;[0m Matched '/element' to command name 'findElement'
&amp#27;[38;5;193m[eb903da1]&amp#27;[0m&amp#27;[38;5;-104m[AndroidUiautomator2Driver@c8fd]&amp#27;[0m Proxying [POST /element] to [POST http://127.0.0.1:8201/session/cc6b1fb1-42af-4a1d-a198-8e8465e29330/element] with body: {"strategy":"xpath","selector":"//android.widget.TextView[@text='Austria']","context":"","multiple":false}
&amp#27;[38;5;193m[eb903da1]&amp#27;[0m&amp#27;[38;5;-104m[AndroidUiautomator2Driver@c8fd]&amp#27;[0m Got response with status 200: {"sessionId":"cc6b1fb1-42af-4a1d-a198-8e8465e29330","value":{"ELEMENT":"00000000-0000-06f0-ffff-ffff0000002c","element-6066-11e4-a52e-4f735466cecf":"00000000-0000-06f0-ffff-ffff0000002c"}}
&amp#27;[38;5;193m[eb903da1]&amp#27;[0m&amp#27;[38;5;-104m[AndroidUiautomator2Driver@c8fd]&amp#27;[0m Responding to client with driver.findElement() result: {"element-6066-11e4-a52e-4f735466cecf":"00000000-0000-06f0-ffff-ffff0000002c","ELEMENT":"00000000-0000-06f0-ffff-ffff0000002c"}
&amp#27;[38;5;193m[eb903da1]&amp#27;[0m&amp#27;[38;5;86m[HTTP]&amp#27;[0m &amp#27;[37m<-- POST /session/eb903da1-dca5-48b8-838c-e73da3f9036b/element &amp#27;[39m&amp#27;[32m200&amp#27;[39m &amp#27;[90m61 ms - 137&amp#27;[39m &amp#27;[90m&amp#27;[39m
&amp#27;[38;5;193m[eb903da1]&amp#27;[0m&amp#27;[38;5;86m[HTTP]&amp#27;[0m &amp#27;[37m-->&amp#27;[39m &amp#27;[37mPOST&amp#27;[39m &amp#27;[37m/session/eb903da1-dca5-48b8-838c-e73da3f9036b/element/00000000-0000-06f0-ffff-ffff0000002c/click&amp#27;[39m &amp#27;[90m{"id":"00000000-0000-06f0-ffff-ffff0000002c"}&amp#27;[39m
&amp#27;[38;5;193m[eb903da1]&amp#27;[0m&amp#27;[38;5;-104m[AndroidUiautomator2Driver@c8fd]&amp#27;[0m Calling AppiumDriver.click() with args: ["00000000-0000-06f0-ffff-ffff0000002c","eb903da1-dca5-48b8-838c-e73da3f9036b"]
&amp#27;[38;5;193m[eb903da1]&amp#27;[0m&amp#27;[38;5;-104m[AndroidUiautomator2Driver@c8fd]&amp#27;[0m Matched '/element/00000000-0000-06f0-ffff-ffff0000002c/click' to command name 'click'
&amp#27;[38;5;193m[eb903da1]&amp#27;[0m&amp#27;[38;5;-104m[AndroidUiautomator2Driver@c8fd]&amp#27;[0m Proxying [POST /element/00000000-0000-06f0-ffff-ffff0000002c/click] to [POST http://127.0.0.1:8201/session/cc6b1fb1-42af-4a1d-a198-8e8465e29330/element/00000000-0000-06f0-ffff-ffff0000002c/click] with body: {"element":"00000000-0000-06f0-ffff-ffff0000002c"}
&amp#27;[38;5;193m[eb903da1]&amp#27;[0m&amp#27;[38;5;-104m[AndroidUiautomator2Driver@c8fd]&amp#27;[0m Got response with status 200: {"sessionId":"cc6b1fb1-42af-4a1d-a198-8e8465e29330","value":null}
&amp#27;[38;5;193m[eb903da1]&amp#27;[0m&amp#27;[38;5;-104m[AndroidUiautomator2Driver@c8fd]&amp#27;[0m Responding to client with driver.click() result: null
&amp#27;[38;5;193m[eb903da1]&amp#27;[0m&amp#27;[38;5;86m[HTTP]&amp#27;[0m &amp#27;[37m<-- POST /session/eb903da1-dca5-48b8-838c-e73da3f9036b/element/00000000-0000-06f0-ffff-ffff0000002c/click &amp#27;[39m&amp#27;[32m200&amp#27;[39m &amp#27;[90m771 ms - 14&amp#27;[39m &amp#27;[90m&amp#27;[39m
&amp#27;[38;5;193m[eb903da1]&amp#27;[0m&amp#27;[38;5;86m[HTTP]&amp#27;[0m &amp#27;[37m-->&amp#27;[39m &amp#27;[37mGET&amp#27;[39m &amp#27;[37m/session/eb903da1-dca5-48b8-838c-e73da3f9036b/context&amp#27;[39m &amp#27;[90m{}&amp#27;[39m
&amp#27;[38;5;193m[eb903da1]&amp#27;[0m&amp#27;[38;5;-104m[AndroidUiautomator2Driver@c8fd]&amp#27;[0m Calling AppiumDriver.getCurrentContext() with args: ["eb903da1-dca5-48b8-838c-e73da3f9036b"]
&amp#27;[38;5;193m[eb903da1]&amp#27;[0m&amp#27;[38;5;-104m[AndroidUiautomator2Driver@c8fd]&amp#27;[0m Responding to client with driver.getCurrentContext() result: "NATIVE_APP"
&amp#27;[38;5;193m[eb903da1]&amp#27;[0m&amp#27;[38;5;86m[HTTP]&amp#27;[0m &amp#27;[37m<-- GET /session/eb903da1-dca5-48b8-838c-e73da3f9036b/context &amp#27;[39m&amp#27;[32m200&amp#27;[39m &amp#27;[90m2 ms - 22&amp#27;[39m &amp#27;[90m&amp#27;[39m
&amp#27;[38;5;193m[eb903da1]&amp#27;[0m&amp#27;[38;5;86m[HTTP]&amp#27;[0m &amp#27;[37m-->&amp#27;[39m &amp#27;[37mPOST&amp#27;[39m &amp#27;[37m/session/eb903da1-dca5-48b8-838c-e73da3f9036b/element&amp#27;[39m &amp#27;[90m{"using":"id","value":"com.androidsample.generalstore:id/btnLetsShop"}&amp#27;[39m
&amp#27;[38;5;193m[eb903da1]&amp#27;[0m&amp#27;[38;5;-104m[AndroidUiautomator2Driver@c8fd]&amp#27;[0m Calling AppiumDriver.findElement() with args: ["id","com.androidsample.generalstore:id/btnLetsShop","eb903da1-dca5-48b8-838c-e73da3f9036b"]
&amp#27;[38;5;193m[eb903da1]&amp#27;[0m&amp#27;[38;5;-104m[AndroidUiautomator2Driver@c8fd]&amp#27;[0m Valid locator strategies for this request: xpath, id, class name, accessibility id, css selector, -android uiautomator
&amp#27;[38;5;193m[eb903da1]&amp#27;[0m&amp#27;[38;5;-104m[AndroidUiautomator2Driver@c8fd]&amp#27;[0m Waiting up to 0 ms for condition
&amp#27;[38;5;193m[eb903da1]&amp#27;[0m&amp#27;[38;5;-104m[AndroidUiautomator2Driver@c8fd]&amp#27;[0m Matched '/element' to command name 'findElement'
&amp#27;[38;5;193m[eb903da1]&amp#27;[0m&amp#27;[38;5;-104m[AndroidUiautomator2Driver@c8fd]&amp#27;[0m Proxying [POST /element] to [POST http://127.0.0.1:8201/session/cc6b1fb1-42af-4a1d-a198-8e8465e29330/element] with body: {"strategy":"id","selector":"com.androidsample.generalstore:id/btnLetsShop","context":"","multiple":false}
&amp#27;[38;5;193m[eb903da1]&amp#27;[0m&amp#27;[38;5;-104m[AndroidUiautomator2Driver@c8fd]&amp#27;[0m Got response with status 200: {"sessionId":"cc6b1fb1-42af-4a1d-a198-8e8465e29330","value":{"ELEMENT":"00000000-0000-06ef-ffff-ffff00000021","element-6066-11e4-a52e-4f735466cecf":"00000000-0000-06ef-ffff-ffff00000021"}}
&amp#27;[38;5;193m[eb903da1]&amp#27;[0m&amp#27;[38;5;-104m[AndroidUiautomator2Driver@c8fd]&amp#27;[0m Responding to client with driver.findElement() result: {"element-6066-11e4-a52e-4f735466cecf":"00000000-0000-06ef-ffff-ffff00000021","ELEMENT":"00000000-0000-06ef-ffff-ffff00000021"}
&amp#27;[38;5;193m[eb903da1]&amp#27;[0m&amp#27;[38;5;86m[HTTP]&amp#27;[0m &amp#27;[37m<-- POST /session/eb903da1-dca5-48b8-838c-e73da3f9036b/element &amp#27;[39m&amp#27;[32m200&amp#27;[39m &amp#27;[90m39 ms - 137&amp#27;[39m &amp#27;[90m&amp#27;[39m
&amp#27;[38;5;193m[eb903da1]&amp#27;[0m&amp#27;[38;5;86m[HTTP]&amp#27;[0m &amp#27;[37m-->&amp#27;[39m &amp#27;[37mPOST&amp#27;[39m &amp#27;[37m/session/eb903da1-dca5-48b8-838c-e73da3f9036b/element/00000000-0000-06ef-ffff-ffff00000021/click&amp#27;[39m &amp#27;[90m{"id":"00000000-0000-06ef-ffff-ffff00000021"}&amp#27;[39m
&amp#27;[38;5;193m[eb903da1]&amp#27;[0m&amp#27;[38;5;-104m[AndroidUiautomator2Driver@c8fd]&amp#27;[0m Calling AppiumDriver.click() with args: ["00000000-0000-06ef-ffff-ffff00000021","eb903da1-dca5-48b8-838c-e73da3f9036b"]
&amp#27;[38;5;193m[eb903da1]&amp#27;[0m&amp#27;[38;5;-104m[AndroidUiautomator2Driver@c8fd]&amp#27;[0m Matched '/element/00000000-0000-06ef-ffff-ffff00000021/click' to command name 'click'
&amp#27;[38;5;193m[eb903da1]&amp#27;[0m&amp#27;[38;5;-104m[AndroidUiautomator2Driver@c8fd]&amp#27;[0m Proxying [POST /element/00000000-0000-06ef-ffff-ffff00000021/click] to [POST http://127.0.0.1:8201/session/cc6b1fb1-42af-4a1d-a198-8e8465e29330/element/00000000-0000-06ef-ffff-ffff00000021/click] with body: {"element":"00000000-0000-06ef-ffff-ffff00000021"}
&amp#27;[38;5;193m[eb903da1]&amp#27;[0m&amp#27;[38;5;-104m[AndroidUiautomator2Driver@c8fd]&amp#27;[0m Got response with status 200: {"sessionId":"cc6b1fb1-42af-4a1d-a198-8e8465e29330","value":null}
&amp#27;[38;5;193m[eb903da1]&amp#27;[0m&amp#27;[38;5;-104m[AndroidUiautomator2Driver@c8fd]&amp#27;[0m Responding to client with driver.click() result: null
&amp#27;[38;5;193m[eb903da1]&amp#27;[0m&amp#27;[38;5;86m[HTTP]&amp#27;[0m &amp#27;[37m<-- POST /session/eb903da1-dca5-48b8-838c-e73da3f9036b/element/00000000-0000-06ef-ffff-ffff00000021/click &amp#27;[39m&amp#27;[32m200&amp#27;[39m &amp#27;[90m75 ms - 14&amp#27;[39m &amp#27;[90m&amp#27;[39m
&amp#27;[38;5;193m[eb903da1]&amp#27;[0m&amp#27;[38;5;86m[HTTP]&amp#27;[0m &amp#27;[37m-->&amp#27;[39m &amp#27;[37mGET&amp#27;[39m &amp#27;[37m/session/eb903da1-dca5-48b8-838c-e73da3f9036b/context&amp#27;[39m &amp#27;[90m{}&amp#27;[39m
&amp#27;[38;5;193m[eb903da1]&amp#27;[0m&amp#27;[38;5;-104m[AndroidUiautomator2Driver@c8fd]&amp#27;[0m Calling AppiumDriver.getCurrentContext() with args: ["eb903da1-dca5-48b8-838c-e73da3f9036b"]
&amp#27;[38;5;193m[eb903da1]&amp#27;[0m&amp#27;[38;5;-104m[AndroidUiautomator2Driver@c8fd]&amp#27;[0m Responding to client with driver.getCurrentContext() result: "NATIVE_APP"
&amp#27;[38;5;193m[eb903da1]&amp#27;[0m&amp#27;[38;5;86m[HTTP]&amp#27;[0m &amp#27;[37m<-- GET /session/eb903da1-dca5-48b8-838c-e73da3f9036b/context &amp#27;[39m&amp#27;[32m200&amp#27;[39m &amp#27;[90m1 ms - 22&amp#27;[39m &amp#27;[90m&amp#27;[39m
&amp#27;[38;5;193m[eb903da1]&amp#27;[0m&amp#27;[38;5;86m[HTTP]&amp#27;[0m &amp#27;[37m-->&amp#27;[39m &amp#27;[37mPOST&amp#27;[39m &amp#27;[37m/session/eb903da1-dca5-48b8-838c-e73da3f9036b/elements&amp#27;[39m &amp#27;[90m{"using":"xpath","value":"//android.widget.TextView[@text='ADD TO CART']"}&amp#27;[39m
&amp#27;[38;5;193m[eb903da1]&amp#27;[0m&amp#27;[38;5;-104m[AndroidUiautomator2Driver@c8fd]&amp#27;[0m Calling AppiumDriver.findElements() with args: ["xpath","//android.widget.TextView[@text='ADD TO CART']","eb903da1-dca5-48b8-838c-e73da3f9036b"]
&amp#27;[38;5;193m[eb903da1]&amp#27;[0m&amp#27;[38;5;-104m[AndroidUiautomator2Driver@c8fd]&amp#27;[0m Valid locator strategies for this request: xpath, id, class name, accessibility id, css selector, -android uiautomator
&amp#27;[38;5;193m[eb903da1]&amp#27;[0m&amp#27;[38;5;-104m[AndroidUiautomator2Driver@c8fd]&amp#27;[0m Waiting up to 0 ms for condition
&amp#27;[38;5;193m[eb903da1]&amp#27;[0m&amp#27;[38;5;-104m[AndroidUiautomator2Driver@c8fd]&amp#27;[0m Matched '/elements' to command name 'findElements'
&amp#27;[38;5;193m[eb903da1]&amp#27;[0m&amp#27;[38;5;-104m[AndroidUiautomator2Driver@c8fd]&amp#27;[0m Proxying [POST /elements] to [POST http://127.0.0.1:8201/session/cc6b1fb1-42af-4a1d-a198-8e8465e29330/elements] with body: {"strategy":"xpath","selector":"//android.widget.TextView[@text='ADD TO CART']","context":"","multiple":true}
&amp#27;[38;5;193m[eb903da1]&amp#27;[0m&amp#27;[38;5;-104m[AndroidUiautomator2Driver@c8fd]&amp#27;[0m Got response with status 200: {"sessionId":"cc6b1fb1-42af-4a1d-a198-8e8465e29330","value":[]}
&amp#27;[38;5;193m[eb903da1]&amp#27;[0m&amp#27;[38;5;-104m[AndroidUiautomator2Driver@c8fd]&amp#27;[0m Responding to client with driver.findElements() result: []
&amp#27;[38;5;193m[eb903da1]&amp#27;[0m&amp#27;[38;5;86m[HTTP]&amp#27;[0m &amp#27;[37m<-- POST /session/eb903da1-dca5-48b8-838c-e73da3f9036b/elements &amp#27;[39m&amp#27;[32m200&amp#27;[39m &amp#27;[90m876 ms - 12&amp#27;[39m &amp#27;[90m&amp#27;[39m
&amp#27;[38;5;193m[eb903da1]&amp#27;[0m&amp#27;[38;5;86m[HTTP]&amp#27;[0m &amp#27;[37m-->&amp#27;[39m &amp#27;[37mGET&amp#27;[39m &amp#27;[37m/session/eb903da1-dca5-48b8-838c-e73da3f9036b/context&amp#27;[39m &amp#27;[90m{}&amp#27;[39m
&amp#27;[38;5;193m[eb903da1]&amp#27;[0m&amp#27;[38;5;-104m[AndroidUiautomator2Driver@c8fd]&amp#27;[0m Calling AppiumDriver.getCurrentContext() with args: ["eb903da1-dca5-48b8-838c-e73da3f9036b"]
&amp#27;[38;5;193m[eb903da1]&amp#27;[0m&amp#27;[38;5;-104m[AndroidUiautomator2Driver@c8fd]&amp#27;[0m Responding to client with driver.getCurrentContext() result: "NATIVE_APP"
&amp#27;[38;5;193m[eb903da1]&amp#27;[0m&amp#27;[38;5;86m[HTTP]&amp#27;[0m &amp#27;[37m<-- GET /session/eb903da1-dca5-48b8-838c-e73da3f9036b/context &amp#27;[39m&amp#27;[32m200&amp#27;[39m &amp#27;[90m2 ms - 22&amp#27;[39m &amp#27;[90m&amp#27;[39m
&amp#27;[38;5;193m[eb903da1]&amp#27;[0m&amp#27;[38;5;86m[HTTP]&amp#27;[0m &amp#27;[37m-->&amp#27;[39m &amp#27;[37mPOST&amp#27;[39m &amp#27;[37m/session/eb903da1-dca5-48b8-838c-e73da3f9036b/elements&amp#27;[39m &amp#27;[90m{"using":"xpath","value":"//android.widget.TextView[@text='ADD TO CART']"}&amp#27;[39m
&amp#27;[38;5;193m[eb903da1]&amp#27;[0m&amp#27;[38;5;-104m[AndroidUiautomator2Driver@c8fd]&amp#27;[0m Calling AppiumDriver.findElements() with args: ["xpath","//android.widget.TextView[@text='ADD TO CART']","eb903da1-dca5-48b8-838c-e73da3f9036b"]
&amp#27;[38;5;193m[eb903da1]&amp#27;[0m&amp#27;[38;5;-104m[AndroidUiautomator2Driver@c8fd]&amp#27;[0m Valid locator strategies for this request: xpath, id, class name, accessibility id, css selector, -android uiautomator
&amp#27;[38;5;193m[eb903da1]&amp#27;[0m&amp#27;[38;5;-104m[AndroidUiautomator2Driver@c8fd]&amp#27;[0m Waiting up to 0 ms for condition
&amp#27;[38;5;193m[eb903da1]&amp#27;[0m&amp#27;[38;5;-104m[AndroidUiautomator2Driver@c8fd]&amp#27;[0m Matched '/elements' to command name 'findElements'
&amp#27;[38;5;193m[eb903da1]&amp#27;[0m&amp#27;[38;5;-104m[AndroidUiautomator2Driver@c8fd]&amp#27;[0m Proxying [POST /elements] to [POST http://127.0.0.1:8201/session/cc6b1fb1-42af-4a1d-a198-8e8465e29330/elements] with body: {"strategy":"xpath","selector":"//android.widget.TextView[@text='ADD TO CART']","context":"","multiple":true}
&amp#27;[38;5;193m[eb903da1]&amp#27;[0m&amp#27;[38;5;-104m[AndroidUiautomator2Driver@c8fd]&amp#27;[0m Got response with status 200: {"sessionId":"cc6b1fb1-42af-4a1d-a198-8e8465e29330","value":[{"ELEMENT":"00000000-0000-06f1-ffff-ffff00000051","element-6066-11e4-a52e-4f735466cecf":"00000000-0000-06f1-ffff-ffff00000051"},{"ELEMENT":"00000000-0000-06f1-ffff-ffff00000059","element-6066-11e4-a52e-4f735466cecf":"00000000-0000-06f1-ffff-ffff00000059"}]}
&amp#27;[38;5;193m[eb903da1]&amp#27;[0m&amp#27;[38;5;-104m[AndroidUiautomator2Driver@c8fd]&amp#27;[0m Responding to client with driver.findElements() result: [{"element-6066-11e4-a52e-4f735466cecf":"00000000-0000-06f1-ffff-ffff00000051","ELEMENT":"00000000-0000-06f1-ffff-ffff00000051"},{"element-6066-11e4-a52e-4f735466cecf":"00000000-0000-06f1-ffff-ffff00000059","ELEMENT":"00000000-0000-06f1-ffff-ffff00000059"}]
&amp#27;[38;5;193m[eb903da1]&amp#27;[0m&amp#27;[38;5;86m[HTTP]&amp#27;[0m &amp#27;[37m<-- POST /session/eb903da1-dca5-48b8-838c-e73da3f9036b/elements &amp#27;[39m&amp#27;[32m200&amp#27;[39m &amp#27;[90m713 ms - 267&amp#27;[39m &amp#27;[90m&amp#27;[39m
&amp#27;[38;5;193m[eb903da1]&amp#27;[0m&amp#27;[38;5;86m[HTTP]&amp#27;[0m &amp#27;[37m-->&amp#27;[39m &amp#27;[37mGET&amp#27;[39m &amp#27;[37m/session/eb903da1-dca5-48b8-838c-e73da3f9036b/context&amp#27;[39m &amp#27;[90m{}&amp#27;[39m
&amp#27;[38;5;193m[eb903da1]&amp#27;[0m&amp#27;[38;5;-104m[AndroidUiautomator2Driver@c8fd]&amp#27;[0m Calling AppiumDriver.getCurrentContext() with args: ["eb903da1-dca5-48b8-838c-e73da3f9036b"]
&amp#27;[38;5;193m[eb903da1]&amp#27;[0m&amp#27;[38;5;-104m[AndroidUiautomator2Driver@c8fd]&amp#27;[0m Responding to client with driver.getCurrentContext() result: "NATIVE_APP"
&amp#27;[38;5;193m[eb903da1]&amp#27;[0m&amp#27;[38;5;86m[HTTP]&amp#27;[0m &amp#27;[37m<-- GET /session/eb903da1-dca5-48b8-838c-e73da3f9036b/context &amp#27;[39m&amp#27;[32m200&amp#27;[39m &amp#27;[90m1 ms - 22&amp#27;[39m &amp#27;[90m&amp#27;[39m
&amp#27;[38;5;193m[eb903da1]&amp#27;[0m&amp#27;[38;5;86m[HTTP]&amp#27;[0m &amp#27;[37m-->&amp#27;[39m &amp#27;[37mPOST&amp#27;[39m &amp#27;[37m/session/eb903da1-dca5-48b8-838c-e73da3f9036b/elements&amp#27;[39m &amp#27;[90m{"using":"xpath","value":"//android.widget.TextView[@text='ADD TO CART']"}&amp#27;[39m
&amp#27;[38;5;193m[eb903da1]&amp#27;[0m&amp#27;[38;5;-104m[AndroidUiautomator2Driver@c8fd]&amp#27;[0m Calling AppiumDriver.findElements() with args: ["xpath","//android.widget.TextView[@text='ADD TO CART']","eb903da1-dca5-48b8-838c-e73da3f9036b"]
&amp#27;[38;5;193m[eb903da1]&amp#27;[0m&amp#27;[38;5;-104m[AndroidUiautomator2Driver@c8fd]&amp#27;[0m Valid locator strategies for this request: xpath, id, class name, accessibility id, css selector, -android uiautomator
&amp#27;[38;5;193m[eb903da1]&amp#27;[0m&amp#27;[38;5;-104m[AndroidUiautomator2Driver@c8fd]&amp#27;[0m Waiting up to 0 ms for condition
&amp#27;[38;5;193m[eb903da1]&amp#27;[0m&amp#27;[38;5;-104m[AndroidUiautomator2Driver@c8fd]&amp#27;[0m Matched '/elements' to command name 'findElements'
&amp#27;[38;5;193m[eb903da1]&amp#27;[0m&amp#27;[38;5;-104m[AndroidUiautomator2Driver@c8fd]&amp#27;[0m Proxying [POST /elements] to [POST http://127.0.0.1:8201/session/cc6b1fb1-42af-4a1d-a198-8e8465e29330/elements] with body: {"strategy":"xpath","selector":"//android.widget.TextView[@text='ADD TO CART']","context":"","multiple":true}
&amp#27;[38;5;193m[eb903da1]&amp#27;[0m&amp#27;[38;5;-104m[AndroidUiautomator2Driver@c8fd]&amp#27;[0m Got response with status 200: {"sessionId":"cc6b1fb1-42af-4a1d-a198-8e8465e29330","value":[{"ELEMENT":"00000000-0000-06f1-ffff-ffff00000051","element-6066-11e4-a52e-4f735466cecf":"00000000-0000-06f1-ffff-ffff00000051"},{"ELEMENT":"00000000-0000-06f1-ffff-ffff00000059","element-6066-11e4-a52e-4f735466cecf":"00000000-0000-06f1-ffff-ffff00000059"}]}
&amp#27;[38;5;193m[eb903da1]&amp#27;[0m&amp#27;[38;5;-104m[AndroidUiautomator2Driver@c8fd]&amp#27;[0m Responding to client with driver.findElements() result: [{"element-6066-11e4-a52e-4f735466cecf":"00000000-0000-06f1-ffff-ffff00000051","ELEMENT":"00000000-0000-06f1-ffff-ffff00000051"},{"element-6066-11e4-a52e-4f735466cecf":"00000000-0000-06f1-ffff-ffff00000059","ELEMENT":"00000000-0000-06f1-ffff-ffff00000059"}]
&amp#27;[38;5;193m[eb903da1]&amp#27;[0m&amp#27;[38;5;86m[HTTP]&amp#27;[0m &amp#27;[37m<-- POST /session/eb903da1-dca5-48b8-838c-e73da3f9036b/elements &amp#27;[39m&amp#27;[32m200&amp#27;[39m &amp#27;[90m88 ms - 267&amp#27;[39m &amp#27;[90m&amp#27;[39m
&amp#27;[38;5;193m[eb903da1]&amp#27;[0m&amp#27;[38;5;86m[HTTP]&amp#27;[0m &amp#27;[37m-->&amp#27;[39m &amp#27;[37mGET&amp#27;[39m &amp#27;[37m/session/eb903da1-dca5-48b8-838c-e73da3f9036b/element/00000000-0000-06f1-ffff-ffff00000051/displayed&amp#27;[39m &amp#27;[90m{}&amp#27;[39m
&amp#27;[38;5;193m[eb903da1]&amp#27;[0m&amp#27;[38;5;-104m[AndroidUiautomator2Driver@c8fd]&amp#27;[0m Calling AppiumDriver.elementDisplayed() with args: ["00000000-0000-06f1-ffff-ffff00000051","eb903da1-dca5-48b8-838c-e73da3f9036b"]
&amp#27;[38;5;193m[eb903da1]&amp#27;[0m&amp#27;[38;5;-104m[AndroidUiautomator2Driver@c8fd]&amp#27;[0m Matched '/element/00000000-0000-06f1-ffff-ffff00000051/attribute/displayed' to command name 'getAttribute'
&amp#27;[38;5;193m[eb903da1]&amp#27;[0m&amp#27;[38;5;-104m[AndroidUiautomator2Driver@c8fd]&amp#27;[0m Proxying [GET /element/00000000-0000-06f1-ffff-ffff00000051/attribute/displayed] to [GET http://127.0.0.1:8201/session/cc6b1fb1-42af-4a1d-a198-8e8465e29330/element/00000000-0000-06f1-ffff-ffff00000051/attribute/displayed] with no body
&amp#27;[38;5;193m[eb903da1]&amp#27;[0m&amp#27;[38;5;-104m[AndroidUiautomator2Driver@c8fd]&amp#27;[0m Got response with status 200: {"sessionId":"cc6b1fb1-42af-4a1d-a198-8e8465e29330","value":"true"}
&amp#27;[38;5;193m[eb903da1]&amp#27;[0m&amp#27;[38;5;-104m[AndroidUiautomator2Driver@c8fd]&amp#27;[0m Responding to client with driver.elementDisplayed() result: true
&amp#27;[38;5;193m[eb903da1]&amp#27;[0m&amp#27;[38;5;86m[HTTP]&amp#27;[0m &amp#27;[37m<-- GET /session/eb903da1-dca5-48b8-838c-e73da3f9036b/element/00000000-0000-06f1-ffff-ffff00000051/displayed &amp#27;[39m&amp#27;[32m200&amp#27;[39m &amp#27;[90m17 ms - 14&amp#27;[39m &amp#27;[90m&amp#27;[39m
&amp#27;[38;5;193m[eb903da1]&amp#27;[0m&amp#27;[38;5;86m[HTTP]&amp#27;[0m &amp#27;[37m-->&amp#27;[39m &amp#27;[37mPOST&amp#27;[39m &amp#27;[37m/session/eb903da1-dca5-48b8-838c-e73da3f9036b/element/00000000-0000-06f1-ffff-ffff00000051/click&amp#27;[39m &amp#27;[90m{"id":"00000000-0000-06f1-ffff-ffff00000051"}&amp#27;[39m
&amp#27;[38;5;193m[eb903da1]&amp#27;[0m&amp#27;[38;5;-104m[AndroidUiautomator2Driver@c8fd]&amp#27;[0m Calling AppiumDriver.click() with args: ["00000000-0000-06f1-ffff-ffff00000051","eb903da1-dca5-48b8-838c-e73da3f9036b"]
&amp#27;[38;5;193m[eb903da1]&amp#27;[0m&amp#27;[38;5;-104m[AndroidUiautomator2Driver@c8fd]&amp#27;[0m Matched '/element/00000000-0000-06f1-ffff-ffff00000051/click' to command name 'click'
&amp#27;[38;5;193m[eb903da1]&amp#27;[0m&amp#27;[38;5;-104m[AndroidUiautomator2Driver@c8fd]&amp#27;[0m Proxying [POST /element/00000000-0000-06f1-ffff-ffff00000051/click] to [POST http://127.0.0.1:8201/session/cc6b1fb1-42af-4a1d-a198-8e8465e29330/element/00000000-0000-06f1-ffff-ffff00000051/click] with body: {"element":"00000000-0000-06f1-ffff-ffff00000051"}
&amp#27;[38;5;193m[eb903da1]&amp#27;[0m&amp#27;[38;5;-104m[AndroidUiautomator2Driver@c8fd]&amp#27;[0m Got response with status 200: {"sessionId":"cc6b1fb1-42af-4a1d-a198-8e8465e29330","value":null}
&amp#27;[38;5;193m[eb903da1]&amp#27;[0m&amp#27;[38;5;-104m[AndroidUiautomator2Driver@c8fd]&amp#27;[0m Responding to client with driver.click() result: null
&amp#27;[38;5;193m[eb903da1]&amp#27;[0m&amp#27;[38;5;86m[HTTP]&amp#27;[0m &amp#27;[37m<-- POST /session/eb903da1-dca5-48b8-838c-e73da3f9036b/element/00000000-0000-06f1-ffff-ffff00000051/click &amp#27;[39m&amp#27;[32m200&amp#27;[39m &amp#27;[90m552 ms - 14&amp#27;[39m &amp#27;[90m&amp#27;[39m
&amp#27;[38;5;193m[eb903da1]&amp#27;[0m&amp#27;[38;5;86m[HTTP]&amp#27;[0m &amp#27;[37m-->&amp#27;[39m &amp#27;[37mGET&amp#27;[39m &amp#27;[37m/session/eb903da1-dca5-48b8-838c-e73da3f9036b/context&amp#27;[39m &amp#27;[90m{}&amp#27;[39m
&amp#27;[38;5;193m[eb903da1]&amp#27;[0m&amp#27;[38;5;-104m[AndroidUiautomator2Driver@c8fd]&amp#27;[0m Calling AppiumDriver.getCurrentContext() with args: ["eb903da1-dca5-48b8-838c-e73da3f9036b"]
&amp#27;[38;5;193m[eb903da1]&amp#27;[0m&amp#27;[38;5;-104m[AndroidUiautomator2Driver@c8fd]&amp#27;[0m Responding to client with driver.getCurrentContext() result: "NATIVE_APP"
&amp#27;[38;5;193m[eb903da1]&amp#27;[0m&amp#27;[38;5;86m[HTTP]&amp#27;[0m &amp#27;[37m<-- GET /session/eb903da1-dca5-48b8-838c-e73da3f9036b/context &amp#27;[39m&amp#27;[32m200&amp#27;[39m &amp#27;[90m1 ms - 22&amp#27;[39m &amp#27;[90m&amp#27;[39m
&amp#27;[38;5;193m[eb903da1]&amp#27;[0m&amp#27;[38;5;86m[HTTP]&amp#27;[0m &amp#27;[37m-->&amp#27;[39m &amp#27;[37mPOST&amp#27;[39m &amp#27;[37m/session/eb903da1-dca5-48b8-838c-e73da3f9036b/elements&amp#27;[39m &amp#27;[90m{"using":"xpath","value":"//android.widget.TextView[@text='ADD TO CART']"}&amp#27;[39m
&amp#27;[38;5;193m[eb903da1]&amp#27;[0m&amp#27;[38;5;-104m[AndroidUiautomator2Driver@c8fd]&amp#27;[0m Calling AppiumDriver.findElements() with args: ["xpath","//android.widget.TextView[@text='ADD TO CART']","eb903da1-dca5-48b8-838c-e73da3f9036b"]
&amp#27;[38;5;193m[eb903da1]&amp#27;[0m&amp#27;[38;5;-104m[AndroidUiautomator2Driver@c8fd]&amp#27;[0m Valid locator strategies for this request: xpath, id, class name, accessibility id, css selector, -android uiautomator
&amp#27;[38;5;193m[eb903da1]&amp#27;[0m&amp#27;[38;5;-104m[AndroidUiautomator2Driver@c8fd]&amp#27;[0m Waiting up to 0 ms for condition
&amp#27;[38;5;193m[eb903da1]&amp#27;[0m&amp#27;[38;5;-104m[AndroidUiautomator2Driver@c8fd]&amp#27;[0m Matched '/elements' to command name 'findElements'
&amp#27;[38;5;193m[eb903da1]&amp#27;[0m&amp#27;[38;5;-104m[AndroidUiautomator2Driver@c8fd]&amp#27;[0m Proxying [POST /elements] to [POST http://127.0.0.1:8201/session/cc6b1fb1-42af-4a1d-a198-8e8465e29330/elements] with body: {"strategy":"xpath","selector":"//android.widget.TextView[@text='ADD TO CART']","context":"","multiple":true}
&amp#27;[38;5;193m[eb903da1]&amp#27;[0m&amp#27;[38;5;-104m[AndroidUiautomator2Driver@c8fd]&amp#27;[0m Got response with status 200: {"sessionId":"cc6b1fb1-42af-4a1d-a198-8e8465e29330","value":[{"ELEMENT":"00000000-0000-06f1-ffff-ffff00000059","element-6066-11e4-a52e-4f735466cecf":"00000000-0000-06f1-ffff-ffff00000059"}]}
&amp#27;[38;5;193m[eb903da1]&amp#27;[0m&amp#27;[38;5;-104m[AndroidUiautomator2Driver@c8fd]&amp#27;[0m Responding to client with driver.findElements() result: [{"element-6066-11e4-a52e-4f735466cecf":"00000000-0000-06f1-ffff-ffff00000059","ELEMENT":"00000000-0000-06f1-ffff-ffff00000059"}]
&amp#27;[38;5;193m[eb903da1]&amp#27;[0m&amp#27;[38;5;86m[HTTP]&amp#27;[0m &amp#27;[37m<-- POST /session/eb903da1-dca5-48b8-838c-e73da3f9036b/elements &amp#27;[39m&amp#27;[32m200&amp#27;[39m &amp#27;[90m81 ms - 139&amp#27;[39m &amp#27;[90m&amp#27;[39m
&amp#27;[38;5;193m[eb903da1]&amp#27;[0m&amp#27;[38;5;86m[HTTP]&amp#27;[0m &amp#27;[37m-->&amp#27;[39m &amp#27;[37mGET&amp#27;[39m &amp#27;[37m/session/eb903da1-dca5-48b8-838c-e73da3f9036b/context&amp#27;[39m &amp#27;[90m{}&amp#27;[39m
&amp#27;[38;5;193m[eb903da1]&amp#27;[0m&amp#27;[38;5;-104m[AndroidUiautomator2Driver@c8fd]&amp#27;[0m Calling AppiumDriver.getCurrentContext() with args: ["eb903da1-dca5-48b8-838c-e73da3f9036b"]
&amp#27;[38;5;193m[eb903da1]&amp#27;[0m&amp#27;[38;5;-104m[AndroidUiautomator2Driver@c8fd]&amp#27;[0m Responding to client with driver.getCurrentContext() result: "NATIVE_APP"
&amp#27;[38;5;193m[eb903da1]&amp#27;[0m&amp#27;[38;5;86m[HTTP]&amp#27;[0m &amp#27;[37m<-- GET /session/eb903da1-dca5-48b8-838c-e73da3f9036b/context &amp#27;[39m&amp#27;[32m200&amp#27;[39m &amp#27;[90m1 ms - 22&amp#27;[39m &amp#27;[90m&amp#27;[39m
&amp#27;[38;5;193m[eb903da1]&amp#27;[0m&amp#27;[38;5;86m[HTTP]&amp#27;[0m &amp#27;[37m-->&amp#27;[39m &amp#27;[37mPOST&amp#27;[39m &amp#27;[37m/session/eb903da1-dca5-48b8-838c-e73da3f9036b/elements&amp#27;[39m &amp#27;[90m{"using":"xpath","value":"//android.widget.TextView[@text='ADD TO CART']"}&amp#27;[39m
&amp#27;[38;5;193m[eb903da1]&amp#27;[0m&amp#27;[38;5;-104m[AndroidUiautomator2Driver@c8fd]&amp#27;[0m Calling AppiumDriver.findElements() with args: ["xpath","//android.widget.TextView[@text='ADD TO CART']","eb903da1-dca5-48b8-838c-e73da3f9036b"]
&amp#27;[38;5;193m[eb903da1]&amp#27;[0m&amp#27;[38;5;-104m[AndroidUiautomator2Driver@c8fd]&amp#27;[0m Valid locator strategies for this request: xpath, id, class name, accessibility id, css selector, -android uiautomator
&amp#27;[38;5;193m[eb903da1]&amp#27;[0m&amp#27;[38;5;-104m[AndroidUiautomator2Driver@c8fd]&amp#27;[0m Waiting up to 0 ms for condition
&amp#27;[38;5;193m[eb903da1]&amp#27;[0m&amp#27;[38;5;-104m[AndroidUiautomator2Driver@c8fd]&amp#27;[0m Matched '/elements' to command name 'findElements'
&amp#27;[38;5;193m[eb903da1]&amp#27;[0m&amp#27;[38;5;-104m[AndroidUiautomator2Driver@c8fd]&amp#27;[0m Proxying [POST /elements] to [POST http://127.0.0.1:8201/session/cc6b1fb1-42af-4a1d-a198-8e8465e29330/elements] with body: {"strategy":"xpath","selector":"//android.widget.TextView[@text='ADD TO CART']","context":"","multiple":true}
&amp#27;[38;5;193m[eb903da1]&amp#27;[0m&amp#27;[38;5;-104m[AndroidUiautomator2Driver@c8fd]&amp#27;[0m Got response with status 200: {"sessionId":"cc6b1fb1-42af-4a1d-a198-8e8465e29330","value":[{"ELEMENT":"00000000-0000-06f1-ffff-ffff00000059","element-6066-11e4-a52e-4f735466cecf":"00000000-0000-06f1-ffff-ffff00000059"}]}
&amp#27;[38;5;193m[eb903da1]&amp#27;[0m&amp#27;[38;5;-104m[AndroidUiautomator2Driver@c8fd]&amp#27;[0m Responding to client with driver.findElements() result: [{"element-6066-11e4-a52e-4f735466cecf":"00000000-0000-06f1-ffff-ffff00000059","ELEMENT":"00000000-0000-06f1-ffff-ffff00000059"}]
&amp#27;[38;5;193m[eb903da1]&amp#27;[0m&amp#27;[38;5;86m[HTTP]&amp#27;[0m &amp#27;[37m<-- POST /session/eb903da1-dca5-48b8-838c-e73da3f9036b/elements &amp#27;[39m&amp#27;[32m200&amp#27;[39m &amp#27;[90m88 ms - 139&amp#27;[39m &amp#27;[90m&amp#27;[39m
&amp#27;[38;5;193m[eb903da1]&amp#27;[0m&amp#27;[38;5;86m[HTTP]&amp#27;[0m &amp#27;[37m-->&amp#27;[39m &amp#27;[37mGET&amp#27;[39m &amp#27;[37m/session/eb903da1-dca5-48b8-838c-e73da3f9036b/element/00000000-0000-06f1-ffff-ffff00000059/displayed&amp#27;[39m &amp#27;[90m{}&amp#27;[39m
&amp#27;[38;5;193m[eb903da1]&amp#27;[0m&amp#27;[38;5;-104m[AndroidUiautomator2Driver@c8fd]&amp#27;[0m Calling AppiumDriver.elementDisplayed() with args: ["00000000-0000-06f1-ffff-ffff00000059","eb903da1-dca5-48b8-838c-e73da3f9036b"]
&amp#27;[38;5;193m[eb903da1]&amp#27;[0m&amp#27;[38;5;-104m[AndroidUiautomator2Driver@c8fd]&amp#27;[0m Matched '/element/00000000-0000-06f1-ffff-ffff00000059/attribute/displayed' to command name 'getAttribute'
&amp#27;[38;5;193m[eb903da1]&amp#27;[0m&amp#27;[38;5;-104m[AndroidUiautomator2Driver@c8fd]&amp#27;[0m Proxying [GET /element/00000000-0000-06f1-ffff-ffff00000059/attribute/displayed] to [GET http://127.0.0.1:8201/session/cc6b1fb1-42af-4a1d-a198-8e8465e29330/element/00000000-0000-06f1-ffff-ffff00000059/attribute/displayed] with no body
&amp#27;[38;5;193m[eb903da1]&amp#27;[0m&amp#27;[38;5;-104m[AndroidUiautomator2Driver@c8fd]&amp#27;[0m Got response with status 200: {"sessionId":"cc6b1fb1-42af-4a1d-a198-8e8465e29330","value":"true"}
&amp#27;[38;5;193m[eb903da1]&amp#27;[0m&amp#27;[38;5;-104m[AndroidUiautomator2Driver@c8fd]&amp#27;[0m Responding to client with driver.elementDisplayed() result: true
&amp#27;[38;5;193m[eb903da1]&amp#27;[0m&amp#27;[38;5;86m[HTTP]&amp#27;[0m &amp#27;[37m<-- GET /session/eb903da1-dca5-48b8-838c-e73da3f9036b/element/00000000-0000-06f1-ffff-ffff00000059/displayed &amp#27;[39m&amp#27;[32m200&amp#27;[39m &amp#27;[90m15 ms - 14&amp#27;[39m &amp#27;[90m&amp#27;[39m
&amp#27;[38;5;193m[eb903da1]&amp#27;[0m&amp#27;[38;5;86m[HTTP]&amp#27;[0m &amp#27;[37m-->&amp#27;[39m &amp#27;[37mPOST&amp#27;[39m &amp#27;[37m/session/eb903da1-dca5-48b8-838c-e73da3f9036b/element/00000000-0000-06f1-ffff-ffff00000059/click&amp#27;[39m &amp#27;[90m{"id":"00000000-0000-06f1-ffff-ffff00000059"}&amp#27;[39m
&amp#27;[38;5;193m[eb903da1]&amp#27;[0m&amp#27;[38;5;-104m[AndroidUiautomator2Driver@c8fd]&amp#27;[0m Calling AppiumDriver.click() with args: ["00000000-0000-06f1-ffff-ffff00000059","eb903da1-dca5-48b8-838c-e73da3f9036b"]
&amp#27;[38;5;193m[eb903da1]&amp#27;[0m&amp#27;[38;5;-104m[AndroidUiautomator2Driver@c8fd]&amp#27;[0m Matched '/element/00000000-0000-06f1-ffff-ffff00000059/click' to command name 'click'
&amp#27;[38;5;193m[eb903da1]&amp#27;[0m&amp#27;[38;5;-104m[AndroidUiautomator2Driver@c8fd]&amp#27;[0m Proxying [POST /element/00000000-0000-06f1-ffff-ffff00000059/click] to [POST http://127.0.0.1:8201/session/cc6b1fb1-42af-4a1d-a198-8e8465e29330/element/00000000-0000-06f1-ffff-ffff00000059/click] with body: {"element":"00000000-0000-06f1-ffff-ffff00000059"}
&amp#27;[38;5;193m[eb903da1]&amp#27;[0m&amp#27;[38;5;-104m[AndroidUiautomator2Driver@c8fd]&amp#27;[0m Got response with status 200: {"sessionId":"cc6b1fb1-42af-4a1d-a198-8e8465e29330","value":null}
&amp#27;[38;5;193m[eb903da1]&amp#27;[0m&amp#27;[38;5;-104m[AndroidUiautomator2Driver@c8fd]&amp#27;[0m Responding to client with driver.click() result: null
&amp#27;[38;5;193m[eb903da1]&amp#27;[0m&amp#27;[38;5;86m[HTTP]&amp#27;[0m &amp#27;[37m<-- POST /session/eb903da1-dca5-48b8-838c-e73da3f9036b/element/00000000-0000-06f1-ffff-ffff00000059/click &amp#27;[39m&amp#27;[32m200&amp#27;[39m &amp#27;[90m539 ms - 14&amp#27;[39m &amp#27;[90m&amp#27;[39m
&amp#27;[38;5;193m[eb903da1]&amp#27;[0m&amp#27;[38;5;86m[HTTP]&amp#27;[0m &amp#27;[37m-->&amp#27;[39m &amp#27;[37mGET&amp#27;[39m &amp#27;[37m/session/eb903da1-dca5-48b8-838c-e73da3f9036b/context&amp#27;[39m &amp#27;[90m{}&amp#27;[39m
&amp#27;[38;5;193m[eb903da1]&amp#27;[0m&amp#27;[38;5;-104m[AndroidUiautomator2Driver@c8fd]&amp#27;[0m Calling AppiumDriver.getCurrentContext() with args: ["eb903da1-dca5-48b8-838c-e73da3f9036b"]
&amp#27;[38;5;193m[eb903da1]&amp#27;[0m&amp#27;[38;5;-104m[AndroidUiautomator2Driver@c8fd]&amp#27;[0m Responding to client with driver.getCurrentContext() result: "NATIVE_APP"
&amp#27;[38;5;193m[eb903da1]&amp#27;[0m&amp#27;[38;5;86m[HTTP]&amp#27;[0m &amp#27;[37m<-- GET /session/eb903da1-dca5-48b8-838c-e73da3f9036b/context &amp#27;[39m&amp#27;[32m200&amp#27;[39m &amp#27;[90m1 ms - 22&amp#27;[39m &amp#27;[90m&amp#27;[39m
&amp#27;[38;5;193m[eb903da1]&amp#27;[0m&amp#27;[38;5;86m[HTTP]&amp#27;[0m &amp#27;[37m-->&amp#27;[39m &amp#27;[37mPOST&amp#27;[39m &amp#27;[37m/session/eb903da1-dca5-48b8-838c-e73da3f9036b/element&amp#27;[39m &amp#27;[90m{"using":"id","value":"com.androidsample.generalstore:id/appbar_btn_cart"}&amp#27;[39m
&amp#27;[38;5;193m[eb903da1]&amp#27;[0m&amp#27;[38;5;-104m[AndroidUiautomator2Driver@c8fd]&amp#27;[0m Calling AppiumDriver.findElement() with args: ["id","com.androidsample.generalstore:id/appbar_btn_cart","eb903da1-dca5-48b8-838c-e73da3f9036b"]
&amp#27;[38;5;193m[eb903da1]&amp#27;[0m&amp#27;[38;5;-104m[AndroidUiautomator2Driver@c8fd]&amp#27;[0m Valid locator strategies for this request: xpath, id, class name, accessibility id, css selector, -android uiautomator
&amp#27;[38;5;193m[eb903da1]&amp#27;[0m&amp#27;[38;5;-104m[AndroidUiautomator2Driver@c8fd]&amp#27;[0m Waiting up to 0 ms for condition
&amp#27;[38;5;193m[eb903da1]&amp#27;[0m&amp#27;[38;5;-104m[AndroidUiautomator2Driver@c8fd]&amp#27;[0m Matched '/element' to command name 'findElement'
&amp#27;[38;5;193m[eb903da1]&amp#27;[0m&amp#27;[38;5;-104m[AndroidUiautomator2Driver@c8fd]&amp#27;[0m Proxying [POST /element] to [POST http://127.0.0.1:8201/session/cc6b1fb1-42af-4a1d-a198-8e8465e29330/element] with body: {"strategy":"id","selector":"com.androidsample.generalstore:id/appbar_btn_cart","context":"","multiple":false}
&amp#27;[38;5;193m[eb903da1]&amp#27;[0m&amp#27;[38;5;-104m[AndroidUiautomator2Driver@c8fd]&amp#27;[0m Got response with status 200: {"sessionId":"cc6b1fb1-42af-4a1d-a198-8e8465e29330","value":{"ELEMENT":"00000000-0000-06f1-ffff-ffff00000044","element-6066-11e4-a52e-4f735466cecf":"00000000-0000-06f1-ffff-ffff00000044"}}
&amp#27;[38;5;193m[eb903da1]&amp#27;[0m&amp#27;[38;5;-104m[AndroidUiautomator2Driver@c8fd]&amp#27;[0m Responding to client with driver.findElement() result: {"element-6066-11e4-a52e-4f735466cecf":"00000000-0000-06f1-ffff-ffff00000044","ELEMENT":"00000000-0000-06f1-ffff-ffff00000044"}
&amp#27;[38;5;193m[eb903da1]&amp#27;[0m&amp#27;[38;5;86m[HTTP]&amp#27;[0m &amp#27;[37m<-- POST /session/eb903da1-dca5-48b8-838c-e73da3f9036b/element &amp#27;[39m&amp#27;[32m200&amp#27;[39m &amp#27;[90m23 ms - 137&amp#27;[39m &amp#27;[90m&amp#27;[39m
&amp#27;[38;5;193m[eb903da1]&amp#27;[0m&amp#27;[38;5;86m[HTTP]&amp#27;[0m &amp#27;[37m-->&amp#27;[39m &amp#27;[37mGET&amp#27;[39m &amp#27;[37m/session/eb903da1-dca5-48b8-838c-e73da3f9036b/element/00000000-0000-06f1-ffff-ffff00000044/displayed&amp#27;[39m &amp#27;[90m{}&amp#27;[39m
&amp#27;[38;5;193m[eb903da1]&amp#27;[0m&amp#27;[38;5;-104m[AndroidUiautomator2Driver@c8fd]&amp#27;[0m Calling AppiumDriver.elementDisplayed() with args: ["00000000-0000-06f1-ffff-ffff00000044","eb903da1-dca5-48b8-838c-e73da3f9036b"]
&amp#27;[38;5;193m[eb903da1]&amp#27;[0m&amp#27;[38;5;-104m[AndroidUiautomator2Driver@c8fd]&amp#27;[0m Matched '/element/00000000-0000-06f1-ffff-ffff00000044/attribute/displayed' to command name 'getAttribute'
&amp#27;[38;5;193m[eb903da1]&amp#27;[0m&amp#27;[38;5;-104m[AndroidUiautomator2Driver@c8fd]&amp#27;[0m Proxying [GET /element/00000000-0000-06f1-ffff-ffff00000044/attribute/displayed] to [GET http://127.0.0.1:8201/session/cc6b1fb1-42af-4a1d-a198-8e8465e29330/element/00000000-0000-06f1-ffff-ffff00000044/attribute/displayed] with no body
&amp#27;[38;5;193m[eb903da1]&amp#27;[0m&amp#27;[38;5;-104m[AndroidUiautomator2Driver@c8fd]&amp#27;[0m Got response with status 200: {"sessionId":"cc6b1fb1-42af-4a1d-a198-8e8465e29330","value":"true"}
&amp#27;[38;5;193m[eb903da1]&amp#27;[0m&amp#27;[38;5;-104m[AndroidUiautomator2Driver@c8fd]&amp#27;[0m Responding to client with driver.elementDisplayed() result: true
&amp#27;[38;5;193m[eb903da1]&amp#27;[0m&amp#27;[38;5;86m[HTTP]&amp#27;[0m &amp#27;[37m<-- GET /session/eb903da1-dca5-48b8-838c-e73da3f9036b/element/00000000-0000-06f1-ffff-ffff00000044/displayed &amp#27;[39m&amp#27;[32m200&amp#27;[39m &amp#27;[90m18 ms - 14&amp#27;[39m &amp#27;[90m&amp#27;[39m
&amp#27;[38;5;193m[eb903da1]&amp#27;[0m&amp#27;[38;5;86m[HTTP]&amp#27;[0m &amp#27;[37m-->&amp#27;[39m &amp#27;[37mGET&amp#27;[39m &amp#27;[37m/session/eb903da1-dca5-48b8-838c-e73da3f9036b/context&amp#27;[39m &amp#27;[90m{}&amp#27;[39m
&amp#27;[38;5;193m[eb903da1]&amp#27;[0m&amp#27;[38;5;-104m[AndroidUiautomator2Driver@c8fd]&amp#27;[0m Calling AppiumDriver.getCurrentContext() with args: ["eb903da1-dca5-48b8-838c-e73da3f9036b"]
&amp#27;[38;5;193m[eb903da1]&amp#27;[0m&amp#27;[38;5;-104m[AndroidUiautomator2Driver@c8fd]&amp#27;[0m Responding to client with driver.getCurrentContext() result: "NATIVE_APP"
&amp#27;[38;5;193m[eb903da1]&amp#27;[0m&amp#27;[38;5;86m[HTTP]&amp#27;[0m &amp#27;[37m<-- GET /session/eb903da1-dca5-48b8-838c-e73da3f9036b/context &amp#27;[39m&amp#27;[32m200&amp#27;[39m &amp#27;[90m1 ms - 22&amp#27;[39m &amp#27;[90m&amp#27;[39m
&amp#27;[38;5;193m[eb903da1]&amp#27;[0m&amp#27;[38;5;86m[HTTP]&amp#27;[0m &amp#27;[37m-->&amp#27;[39m &amp#27;[37mPOST&amp#27;[39m &amp#27;[37m/session/eb903da1-dca5-48b8-838c-e73da3f9036b/element&amp#27;[39m &amp#27;[90m{"using":"id","value":"com.androidsample.generalstore:id/appbar_btn_cart"}&amp#27;[39m
&amp#27;[38;5;193m[eb903da1]&amp#27;[0m&amp#27;[38;5;-104m[AndroidUiautomator2Driver@c8fd]&amp#27;[0m Calling AppiumDriver.findElement() with args: ["id","com.androidsample.generalstore:id/appbar_btn_cart","eb903da1-dca5-48b8-838c-e73da3f9036b"]
&amp#27;[38;5;193m[eb903da1]&amp#27;[0m&amp#27;[38;5;-104m[AndroidUiautomator2Driver@c8fd]&amp#27;[0m Valid locator strategies for this request: xpath, id, class name, accessibility id, css selector, -android uiautomator
&amp#27;[38;5;193m[eb903da1]&amp#27;[0m&amp#27;[38;5;-104m[AndroidUiautomator2Driver@c8fd]&amp#27;[0m Waiting up to 0 ms for condition
&amp#27;[38;5;193m[eb903da1]&amp#27;[0m&amp#27;[38;5;-104m[AndroidUiautomator2Driver@c8fd]&amp#27;[0m Matched '/element' to command name 'findElement'
&amp#27;[38;5;193m[eb903da1]&amp#27;[0m&amp#27;[38;5;-104m[AndroidUiautomator2Driver@c8fd]&amp#27;[0m Proxying [POST /element] to [POST http://127.0.0.1:8201/session/cc6b1fb1-42af-4a1d-a198-8e8465e29330/element] with body: {"strategy":"id","selector":"com.androidsample.generalstore:id/appbar_btn_cart","context":"","multiple":false}
&amp#27;[38;5;193m[eb903da1]&amp#27;[0m&amp#27;[38;5;-104m[AndroidUiautomator2Driver@c8fd]&amp#27;[0m Got response with status 200: {"sessionId":"cc6b1fb1-42af-4a1d-a198-8e8465e29330","value":{"ELEMENT":"00000000-0000-06f1-ffff-ffff00000044","element-6066-11e4-a52e-4f735466cecf":"00000000-0000-06f1-ffff-ffff00000044"}}
&amp#27;[38;5;193m[eb903da1]&amp#27;[0m&amp#27;[38;5;-104m[AndroidUiautomator2Driver@c8fd]&amp#27;[0m Responding to client with driver.findElement() result: {"element-6066-11e4-a52e-4f735466cecf":"00000000-0000-06f1-ffff-ffff00000044","ELEMENT":"00000000-0000-06f1-ffff-ffff00000044"}
&amp#27;[38;5;193m[eb903da1]&amp#27;[0m&amp#27;[38;5;86m[HTTP]&amp#27;[0m &amp#27;[37m<-- POST /session/eb903da1-dca5-48b8-838c-e73da3f9036b/element &amp#27;[39m&amp#27;[32m200&amp#27;[39m &amp#27;[90m23 ms - 137&amp#27;[39m &amp#27;[90m&amp#27;[39m
&amp#27;[38;5;193m[eb903da1]&amp#27;[0m&amp#27;[38;5;86m[HTTP]&amp#27;[0m &amp#27;[37m-->&amp#27;[39m &amp#27;[37mPOST&amp#27;[39m &amp#27;[37m/session/eb903da1-dca5-48b8-838c-e73da3f9036b/element/00000000-0000-06f1-ffff-ffff00000044/click&amp#27;[39m &amp#27;[90m{"id":"00000000-0000-06f1-ffff-ffff00000044"}&amp#27;[39m
&amp#27;[38;5;193m[eb903da1]&amp#27;[0m&amp#27;[38;5;-104m[AndroidUiautomator2Driver@c8fd]&amp#27;[0m Calling AppiumDriver.click() with args: ["00000000-0000-06f1-ffff-ffff00000044","eb903da1-dca5-48b8-838c-e73da3f9036b"]
&amp#27;[38;5;193m[eb903da1]&amp#27;[0m&amp#27;[38;5;-104m[AndroidUiautomator2Driver@c8fd]&amp#27;[0m Matched '/element/00000000-0000-06f1-ffff-ffff00000044/click' to command name 'click'
&amp#27;[38;5;193m[eb903da1]&amp#27;[0m&amp#27;[38;5;-104m[AndroidUiautomator2Driver@c8fd]&amp#27;[0m Proxying [POST /element/00000000-0000-06f1-ffff-ffff00000044/click] to [POST http://127.0.0.1:8201/session/cc6b1fb1-42af-4a1d-a198-8e8465e29330/element/00000000-0000-06f1-ffff-ffff00000044/click] with body: {"element":"00000000-0000-06f1-ffff-ffff00000044"}
&amp#27;[38;5;193m[eb903da1]&amp#27;[0m&amp#27;[38;5;-104m[AndroidUiautomator2Driver@c8fd]&amp#27;[0m Got response with status 200: {"sessionId":"cc6b1fb1-42af-4a1d-a198-8e8465e29330","value":null}
&amp#27;[38;5;193m[eb903da1]&amp#27;[0m&amp#27;[38;5;-104m[AndroidUiautomator2Driver@c8fd]&amp#27;[0m Responding to client with driver.click() result: null
&amp#27;[38;5;193m[eb903da1]&amp#27;[0m&amp#27;[38;5;86m[HTTP]&amp#27;[0m &amp#27;[37m<-- POST /session/eb903da1-dca5-48b8-838c-e73da3f9036b/element/00000000-0000-06f1-ffff-ffff00000044/click &amp#27;[39m&amp#27;[32m200&amp#27;[39m &amp#27;[90m1365 ms - 14&amp#27;[39m &amp#27;[90m&amp#27;[39m
&amp#27;[38;5;193m[eb903da1]&amp#27;[0m&amp#27;[38;5;86m[HTTP]&amp#27;[0m &amp#27;[37m-->&amp#27;[39m &amp#27;[37mGET&amp#27;[39m &amp#27;[37m/session/eb903da1-dca5-48b8-838c-e73da3f9036b/context&amp#27;[39m &amp#27;[90m{}&amp#27;[39m
&amp#27;[38;5;193m[eb903da1]&amp#27;[0m&amp#27;[38;5;-104m[AndroidUiautomator2Driver@c8fd]&amp#27;[0m Calling AppiumDriver.getCurrentContext() with args: ["eb903da1-dca5-48b8-838c-e73da3f9036b"]
&amp#27;[38;5;193m[eb903da1]&amp#27;[0m&amp#27;[38;5;-104m[AndroidUiautomator2Driver@c8fd]&amp#27;[0m Responding to client with driver.getCurrentContext() result: "NATIVE_APP"
&amp#27;[38;5;193m[eb903da1]&amp#27;[0m&amp#27;[38;5;86m[HTTP]&amp#27;[0m &amp#27;[37m<-- GET /session/eb903da1-dca5-48b8-838c-e73da3f9036b/context &amp#27;[39m&amp#27;[32m200&amp#27;[39m &amp#27;[90m1 ms - 22&amp#27;[39m &amp#27;[90m&amp#27;[39m
&amp#27;[38;5;193m[eb903da1]&amp#27;[0m&amp#27;[38;5;86m[HTTP]&amp#27;[0m &amp#27;[37m-->&amp#27;[39m &amp#27;[37mPOST&amp#27;[39m &amp#27;[37m/session/eb903da1-dca5-48b8-838c-e73da3f9036b/element&amp#27;[39m &amp#27;[90m{"using":"id","value":"com.androidsample.generalstore:id/termsButton"}&amp#27;[39m
&amp#27;[38;5;193m[eb903da1]&amp#27;[0m&amp#27;[38;5;-104m[AndroidUiautomator2Driver@c8fd]&amp#27;[0m Calling AppiumDriver.findElement() with args: ["id","com.androidsample.generalstore:id/termsButton","eb903da1-dca5-48b8-838c-e73da3f9036b"]
&amp#27;[38;5;193m[eb903da1]&amp#27;[0m&amp#27;[38;5;-104m[AndroidUiautomator2Driver@c8fd]&amp#27;[0m Valid locator strategies for this request: xpath, id, class name, accessibility id, css selector, -android uiautomator
&amp#27;[38;5;193m[eb903da1]&amp#27;[0m&amp#27;[38;5;-104m[AndroidUiautomator2Driver@c8fd]&amp#27;[0m Waiting up to 0 ms for condition
&amp#27;[38;5;193m[eb903da1]&amp#27;[0m&amp#27;[38;5;-104m[AndroidUiautomator2Driver@c8fd]&amp#27;[0m Matched '/element' to command name 'findElement'
&amp#27;[38;5;193m[eb903da1]&amp#27;[0m&amp#27;[38;5;-104m[AndroidUiautomator2Driver@c8fd]&amp#27;[0m Proxying [POST /element] to [POST http://127.0.0.1:8201/session/cc6b1fb1-42af-4a1d-a198-8e8465e29330/element] with body: {"strategy":"id","selector":"com.androidsample.generalstore:id/termsButton","context":"","multiple":false}
&amp#27;[38;5;193m[eb903da1]&amp#27;[0m&amp#27;[38;5;-104m[AndroidUiautomator2Driver@c8fd]&amp#27;[0m Got response with status 200: {"sessionId":"cc6b1fb1-42af-4a1d-a198-8e8465e29330","value":{"ELEMENT":"00000000-0000-06f2-ffff-ffff0000007d","element-6066-11e4-a52e-4f735466cecf":"00000000-0000-06f2-ffff-ffff0000007d"}}
&amp#27;[38;5;193m[eb903da1]&amp#27;[0m&amp#27;[38;5;-104m[AndroidUiautomator2Driver@c8fd]&amp#27;[0m Responding to client with driver.findElement() result: {"element-6066-11e4-a52e-4f735466cecf":"00000000-0000-06f2-ffff-ffff0000007d","ELEMENT":"00000000-0000-06f2-ffff-ffff0000007d"}
&amp#27;[38;5;193m[eb903da1]&amp#27;[0m&amp#27;[38;5;86m[HTTP]&amp#27;[0m &amp#27;[37m<-- POST /session/eb903da1-dca5-48b8-838c-e73da3f9036b/element &amp#27;[39m&amp#27;[32m200&amp#27;[39m &amp#27;[90m32 ms - 137&amp#27;[39m &amp#27;[90m&amp#27;[39m
&amp#27;[38;5;193m[eb903da1]&amp#27;[0m&amp#27;[38;5;86m[HTTP]&amp#27;[0m &amp#27;[37m-->&amp#27;[39m &amp#27;[37mGET&amp#27;[39m &amp#27;[37m/session/eb903da1-dca5-48b8-838c-e73da3f9036b/element/00000000-0000-06f2-ffff-ffff0000007d/displayed&amp#27;[39m &amp#27;[90m{}&amp#27;[39m
&amp#27;[38;5;193m[eb903da1]&amp#27;[0m&amp#27;[38;5;-104m[AndroidUiautomator2Driver@c8fd]&amp#27;[0m Calling AppiumDriver.elementDisplayed() with args: ["00000000-0000-06f2-ffff-ffff0000007d","eb903da1-dca5-48b8-838c-e73da3f9036b"]
&amp#27;[38;5;193m[eb903da1]&amp#27;[0m&amp#27;[38;5;-104m[AndroidUiautomator2Driver@c8fd]&amp#27;[0m Matched '/element/00000000-0000-06f2-ffff-ffff0000007d/attribute/displayed' to command name 'getAttribute'
&amp#27;[38;5;193m[eb903da1]&amp#27;[0m&amp#27;[38;5;-104m[AndroidUiautomator2Driver@c8fd]&amp#27;[0m Proxying [GET /element/00000000-0000-06f2-ffff-ffff0000007d/attribute/displayed] to [GET http://127.0.0.1:8201/session/cc6b1fb1-42af-4a1d-a198-8e8465e29330/element/00000000-0000-06f2-ffff-ffff0000007d/attribute/displayed] with no body
&amp#27;[38;5;193m[eb903da1]&amp#27;[0m&amp#27;[38;5;-104m[AndroidUiautomator2Driver@c8fd]&amp#27;[0m Got response with status 200: {"sessionId":"cc6b1fb1-42af-4a1d-a198-8e8465e29330","value":"true"}
&amp#27;[38;5;193m[eb903da1]&amp#27;[0m&amp#27;[38;5;-104m[AndroidUiautomator2Driver@c8fd]&amp#27;[0m Responding to client with driver.elementDisplayed() result: true
&amp#27;[38;5;193m[eb903da1]&amp#27;[0m&amp#27;[38;5;86m[HTTP]&amp#27;[0m &amp#27;[37m<-- GET /session/eb903da1-dca5-48b8-838c-e73da3f9036b/element/00000000-0000-06f2-ffff-ffff0000007d/displayed &amp#27;[39m&amp#27;[32m200&amp#27;[39m &amp#27;[90m17 ms - 14&amp#27;[39m &amp#27;[90m&amp#27;[39m
&amp#27;[38;5;193m[eb903da1]&amp#27;[0m&amp#27;[38;5;86m[HTTP]&amp#27;[0m &amp#27;[37m-->&amp#27;[39m &amp#27;[37mGET&amp#27;[39m &amp#27;[37m/session/eb903da1-dca5-48b8-838c-e73da3f9036b/context&amp#27;[39m &amp#27;[90m{}&amp#27;[39m
&amp#27;[38;5;193m[eb903da1]&amp#27;[0m&amp#27;[38;5;-104m[AndroidUiautomator2Driver@c8fd]&amp#27;[0m Calling AppiumDriver.getCurrentContext() with args: ["eb903da1-dca5-48b8-838c-e73da3f9036b"]
&amp#27;[38;5;193m[eb903da1]&amp#27;[0m&amp#27;[38;5;-104m[AndroidUiautomator2Driver@c8fd]&amp#27;[0m Responding to client with driver.getCurrentContext() result: "NATIVE_APP"
&amp#27;[38;5;193m[eb903da1]&amp#27;[0m&amp#27;[38;5;86m[HTTP]&amp#27;[0m &amp#27;[37m<-- GET /session/eb903da1-dca5-48b8-838c-e73da3f9036b/context &amp#27;[39m&amp#27;[32m200&amp#27;[39m &amp#27;[90m1 ms - 22&amp#27;[39m &amp#27;[90m&amp#27;[39m
&amp#27;[38;5;193m[eb903da1]&amp#27;[0m&amp#27;[38;5;86m[HTTP]&amp#27;[0m &amp#27;[37m-->&amp#27;[39m &amp#27;[37mPOST&amp#27;[39m &amp#27;[37m/session/eb903da1-dca5-48b8-838c-e73da3f9036b/element&amp#27;[39m &amp#27;[90m{"using":"id","value":"com.androidsample.generalstore:id/termsButton"}&amp#27;[39m
&amp#27;[38;5;193m[eb903da1]&amp#27;[0m&amp#27;[38;5;-104m[AndroidUiautomator2Driver@c8fd]&amp#27;[0m Calling AppiumDriver.findElement() with args: ["id","com.androidsample.generalstore:id/termsButton","eb903da1-dca5-48b8-838c-e73da3f9036b"]
&amp#27;[38;5;193m[eb903da1]&amp#27;[0m&amp#27;[38;5;-104m[AndroidUiautomator2Driver@c8fd]&amp#27;[0m Valid locator strategies for this request: xpath, id, class name, accessibility id, css selector, -android uiautomator
&amp#27;[38;5;193m[eb903da1]&amp#27;[0m&amp#27;[38;5;-104m[AndroidUiautomator2Driver@c8fd]&amp#27;[0m Waiting up to 0 ms for condition
&amp#27;[38;5;193m[eb903da1]&amp#27;[0m&amp#27;[38;5;-104m[AndroidUiautomator2Driver@c8fd]&amp#27;[0m Matched '/element' to command name 'findElement'
&amp#27;[38;5;193m[eb903da1]&amp#27;[0m&amp#27;[38;5;-104m[AndroidUiautomator2Driver@c8fd]&amp#27;[0m Proxying [POST /element] to [POST http://127.0.0.1:8201/session/cc6b1fb1-42af-4a1d-a198-8e8465e29330/element] with body: {"strategy":"id","selector":"com.androidsample.generalstore:id/termsButton","context":"","multiple":false}
&amp#27;[38;5;193m[eb903da1]&amp#27;[0m&amp#27;[38;5;-104m[AndroidUiautomator2Driver@c8fd]&amp#27;[0m Got response with status 200: {"sessionId":"cc6b1fb1-42af-4a1d-a198-8e8465e29330","value":{"ELEMENT":"00000000-0000-06f2-ffff-ffff0000007d","element-6066-11e4-a52e-4f735466cecf":"00000000-0000-06f2-ffff-ffff0000007d"}}
&amp#27;[38;5;193m[eb903da1]&amp#27;[0m&amp#27;[38;5;-104m[AndroidUiautomator2Driver@c8fd]&amp#27;[0m Responding to client with driver.findElement() result: {"element-6066-11e4-a52e-4f735466cecf":"00000000-0000-06f2-ffff-ffff0000007d","ELEMENT":"00000000-0000-06f2-ffff-ffff0000007d"}
&amp#27;[38;5;193m[eb903da1]&amp#27;[0m&amp#27;[38;5;86m[HTTP]&amp#27;[0m &amp#27;[37m<-- POST /session/eb903da1-dca5-48b8-838c-e73da3f9036b/element &amp#27;[39m&amp#27;[32m200&amp#27;[39m &amp#27;[90m43 ms - 137&amp#27;[39m &amp#27;[90m&amp#27;[39m
&amp#27;[38;5;193m[eb903da1]&amp#27;[0m&amp#27;[38;5;86m[HTTP]&amp#27;[0m &amp#27;[37m-->&amp#27;[39m &amp#27;[37mPOST&amp#27;[39m &amp#27;[37m/session/eb903da1-dca5-48b8-838c-e73da3f9036b/execute/sync&amp#27;[39m &amp#27;[90m{"script":"mobile: longClickGesture","args":[{"elementId":"00000000-0000-06f2-ffff-ffff0000007d","duration":3000}]}&amp#27;[39m
&amp#27;[38;5;193m[eb903da1]&amp#27;[0m&amp#27;[38;5;-104m[AndroidUiautomator2Driver@c8fd]&amp#27;[0m Calling AppiumDriver.execute() with args: ["mobile: longClickGesture",[{"elementId":"00000000-0000-06f2-ffff-ffff0000007d","duration":3000}],"eb903da1-dca5-48b8-838c-e73da3f9036b"]
&amp#27;[38;5;193m[eb903da1]&amp#27;[0m&amp#27;[38;5;-104m[AndroidUiautomator2Driver@c8fd]&amp#27;[0m Executing native command 'mobile: longClickGesture'
&amp#27;[38;5;193m[eb903da1]&amp#27;[0m&amp#27;[38;5;-104m[AndroidUiautomator2Driver@c8fd]&amp#27;[0m Proxying [POST /appium/gestures/long_click] to [POST http://127.0.0.1:8201/session/cc6b1fb1-42af-4a1d-a198-8e8465e29330/appium/gestures/long_click] with body: {"origin":{"ELEMENT":"00000000-0000-06f2-ffff-ffff0000007d","element-6066-11e4-a52e-4f735466cecf":"00000000-0000-06f2-ffff-ffff0000007d"},"duration":3000}
&amp#27;[38;5;193m[eb903da1]&amp#27;[0m&amp#27;[38;5;-104m[AndroidUiautomator2Driver@c8fd]&amp#27;[0m Got response with status 200: {"sessionId":"cc6b1fb1-42af-4a1d-a198-8e8465e29330","value":null}
&amp#27;[38;5;193m[eb903da1]&amp#27;[0m&amp#27;[38;5;-104m[AndroidUiautomator2Driver@c8fd]&amp#27;[0m Responding to client with driver.execute() result: null
&amp#27;[38;5;193m[eb903da1]&amp#27;[0m&amp#27;[38;5;86m[HTTP]&amp#27;[0m &amp#27;[37m<-- POST /session/eb903da1-dca5-48b8-838c-e73da3f9036b/execute/sync &amp#27;[39m&amp#27;[32m200&amp#27;[39m &amp#27;[90m4179 ms - 14&amp#27;[39m &amp#27;[90m&amp#27;[39m
&amp#27;[38;5;193m[eb903da1]&amp#27;[0m&amp#27;[38;5;86m[HTTP]&amp#27;[0m &amp#27;[37m-->&amp#27;[39m &amp#27;[37mGET&amp#27;[39m &amp#27;[37m/session/eb903da1-dca5-48b8-838c-e73da3f9036b/context&amp#27;[39m &amp#27;[90m{}&amp#27;[39m
&amp#27;[38;5;193m[eb903da1]&amp#27;[0m&amp#27;[38;5;-104m[AndroidUiautomator2Driver@c8fd]&amp#27;[0m Calling AppiumDriver.getCurrentContext() with args: ["eb903da1-dca5-48b8-838c-e73da3f9036b"]
&amp#27;[38;5;193m[eb903da1]&amp#27;[0m&amp#27;[38;5;-104m[AndroidUiautomator2Driver@c8fd]&amp#27;[0m Responding to client with driver.getCurrentContext() result: "NATIVE_APP"
&amp#27;[38;5;193m[eb903da1]&amp#27;[0m&amp#27;[38;5;86m[HTTP]&amp#27;[0m &amp#27;[37m<-- GET /session/eb903da1-dca5-48b8-838c-e73da3f9036b/context &amp#27;[39m&amp#27;[32m200&amp#27;[39m &amp#27;[90m1 ms - 22&amp#27;[39m &amp#27;[90m&amp#27;[39m
&amp#27;[38;5;193m[eb903da1]&amp#27;[0m&amp#27;[38;5;86m[HTTP]&amp#27;[0m &amp#27;[37m-->&amp#27;[39m &amp#27;[37mPOST&amp#27;[39m &amp#27;[37m/session/eb903da1-dca5-48b8-838c-e73da3f9036b/element&amp#27;[39m &amp#27;[90m{"using":"id","value":"android:id/button1"}&amp#27;[39m
&amp#27;[38;5;193m[eb903da1]&amp#27;[0m&amp#27;[38;5;-104m[AndroidUiautomator2Driver@c8fd]&amp#27;[0m Calling AppiumDriver.findElement() with args: ["id","android:id/button1","eb903da1-dca5-48b8-838c-e73da3f9036b"]
&amp#27;[38;5;193m[eb903da1]&amp#27;[0m&amp#27;[38;5;-104m[AndroidUiautomator2Driver@c8fd]&amp#27;[0m Valid locator strategies for this request: xpath, id, class name, accessibility id, css selector, -android uiautomator
&amp#27;[38;5;193m[eb903da1]&amp#27;[0m&amp#27;[38;5;-104m[AndroidUiautomator2Driver@c8fd]&amp#27;[0m Waiting up to 0 ms for condition
&amp#27;[38;5;193m[eb903da1]&amp#27;[0m&amp#27;[38;5;-104m[AndroidUiautomator2Driver@c8fd]&amp#27;[0m Matched '/element' to command name 'findElement'
&amp#27;[38;5;193m[eb903da1]&amp#27;[0m&amp#27;[38;5;-104m[AndroidUiautomator2Driver@c8fd]&amp#27;[0m Proxying [POST /element] to [POST http://127.0.0.1:8201/session/cc6b1fb1-42af-4a1d-a198-8e8465e29330/element] with body: {"strategy":"id","selector":"android:id/button1","context":"","multiple":false}
&amp#27;[38;5;193m[eb903da1]&amp#27;[0m&amp#27;[38;5;-104m[AndroidUiautomator2Driver@c8fd]&amp#27;[0m Got response with status 200: {"sessionId":"cc6b1fb1-42af-4a1d-a198-8e8465e29330","value":{"ELEMENT":"00000000-0000-06f3-ffff-ffff000000a9","element-6066-11e4-a52e-4f735466cecf":"00000000-0000-06f3-ffff-ffff000000a9"}}
&amp#27;[38;5;193m[eb903da1]&amp#27;[0m&amp#27;[38;5;-104m[AndroidUiautomator2Driver@c8fd]&amp#27;[0m Responding to client with driver.findElement() result: {"element-6066-11e4-a52e-4f735466cecf":"00000000-0000-06f3-ffff-ffff000000a9","ELEMENT":"00000000-0000-06f3-ffff-ffff000000a9"}
&amp#27;[38;5;193m[eb903da1]&amp#27;[0m&amp#27;[38;5;86m[HTTP]&amp#27;[0m &amp#27;[37m<-- POST /session/eb903da1-dca5-48b8-838c-e73da3f9036b/element &amp#27;[39m&amp#27;[32m200&amp#27;[39m &amp#27;[90m24 ms - 137&amp#27;[39m &amp#27;[90m&amp#27;[39m
&amp#27;[38;5;193m[eb903da1]&amp#27;[0m&amp#27;[38;5;86m[HTTP]&amp#27;[0m &amp#27;[37m-->&amp#27;[39m &amp#27;[37mPOST&amp#27;[39m &amp#27;[37m/session/eb903da1-dca5-48b8-838c-e73da3f9036b/element/00000000-0000-06f3-ffff-ffff000000a9/click&amp#27;[39m &amp#27;[90m{"id":"00000000-0000-06f3-ffff-ffff000000a9"}&amp#27;[39m
&amp#27;[38;5;193m[eb903da1]&amp#27;[0m&amp#27;[38;5;-104m[AndroidUiautomator2Driver@c8fd]&amp#27;[0m Calling AppiumDriver.click() with args: ["00000000-0000-06f3-ffff-ffff000000a9","eb903da1-dca5-48b8-838c-e73da3f9036b"]
&amp#27;[38;5;193m[eb903da1]&amp#27;[0m&amp#27;[38;5;-104m[AndroidUiautomator2Driver@c8fd]&amp#27;[0m Matched '/element/00000000-0000-06f3-ffff-ffff000000a9/click' to command name 'click'
&amp#27;[38;5;193m[eb903da1]&amp#27;[0m&amp#27;[38;5;-104m[AndroidUiautomator2Driver@c8fd]&amp#27;[0m Proxying [POST /element/00000000-0000-06f3-ffff-ffff000000a9/click] to [POST http://127.0.0.1:8201/session/cc6b1fb1-42af-4a1d-a198-8e8465e29330/element/00000000-0000-06f3-ffff-ffff000000a9/click] with body: {"element":"00000000-0000-06f3-ffff-ffff000000a9"}
&amp#27;[38;5;193m[eb903da1]&amp#27;[0m&amp#27;[38;5;-104m[AndroidUiautomator2Driver@c8fd]&amp#27;[0m Got response with status 200: {"sessionId":"cc6b1fb1-42af-4a1d-a198-8e8465e29330","value":null}
&amp#27;[38;5;193m[eb903da1]&amp#27;[0m&amp#27;[38;5;-104m[AndroidUiautomator2Driver@c8fd]&amp#27;[0m Responding to client with driver.click() result: null
&amp#27;[38;5;193m[eb903da1]&amp#27;[0m&amp#27;[38;5;86m[HTTP]&amp#27;[0m &amp#27;[37m<-- POST /session/eb903da1-dca5-48b8-838c-e73da3f9036b/element/00000000-0000-06f3-ffff-ffff000000a9/click &amp#27;[39m&amp#27;[32m200&amp#27;[39m &amp#27;[90m79 ms - 14&amp#27;[39m &amp#27;[90m&amp#27;[39m
&amp#27;[38;5;193m[eb903da1]&amp#27;[0m&amp#27;[38;5;86m[HTTP]&amp#27;[0m &amp#27;[37m-->&amp#27;[39m &amp#27;[37mGET&amp#27;[39m &amp#27;[37m/session/eb903da1-dca5-48b8-838c-e73da3f9036b/context&amp#27;[39m &amp#27;[90m{}&amp#27;[39m
&amp#27;[38;5;193m[eb903da1]&amp#27;[0m&amp#27;[38;5;-104m[AndroidUiautomator2Driver@c8fd]&amp#27;[0m Calling AppiumDriver.getCurrentContext() with args: ["eb903da1-dca5-48b8-838c-e73da3f9036b"]
&amp#27;[38;5;193m[eb903da1]&amp#27;[0m&amp#27;[38;5;-104m[AndroidUiautomator2Driver@c8fd]&amp#27;[0m Responding to client with driver.getCurrentContext() result: "NATIVE_APP"
&amp#27;[38;5;193m[eb903da1]&amp#27;[0m&amp#27;[38;5;86m[HTTP]&amp#27;[0m &amp#27;[37m<-- GET /session/eb903da1-dca5-48b8-838c-e73da3f9036b/context &amp#27;[39m&amp#27;[32m200&amp#27;[39m &amp#27;[90m1 ms - 22&amp#27;[39m &amp#27;[90m&amp#27;[39m
&amp#27;[38;5;193m[eb903da1]&amp#27;[0m&amp#27;[38;5;86m[HTTP]&amp#27;[0m &amp#27;[37m-->&amp#27;[39m &amp#27;[37mPOST&amp#27;[39m &amp#27;[37m/session/eb903da1-dca5-48b8-838c-e73da3f9036b/element&amp#27;[39m &amp#27;[90m{"using":"class name","value":"android.widget.CheckBox"}&amp#27;[39m
&amp#27;[38;5;193m[eb903da1]&amp#27;[0m&amp#27;[38;5;-104m[AndroidUiautomator2Driver@c8fd]&amp#27;[0m Calling AppiumDriver.findElement() with args: ["class name","android.widget.CheckBox","eb903da1-dca5-48b8-838c-e73da3f9036b"]
&amp#27;[38;5;193m[eb903da1]&amp#27;[0m&amp#27;[38;5;-104m[AndroidUiautomator2Driver@c8fd]&amp#27;[0m Valid locator strategies for this request: xpath, id, class name, accessibility id, css selector, -android uiautomator
&amp#27;[38;5;193m[eb903da1]&amp#27;[0m&amp#27;[38;5;-104m[AndroidUiautomator2Driver@c8fd]&amp#27;[0m Waiting up to 0 ms for condition
&amp#27;[38;5;193m[eb903da1]&amp#27;[0m&amp#27;[38;5;-104m[AndroidUiautomator2Driver@c8fd]&amp#27;[0m Matched '/element' to command name 'findElement'
&amp#27;[38;5;193m[eb903da1]&amp#27;[0m&amp#27;[38;5;-104m[AndroidUiautomator2Driver@c8fd]&amp#27;[0m Proxying [POST /element] to [POST http://127.0.0.1:8201/session/cc6b1fb1-42af-4a1d-a198-8e8465e29330/element] with body: {"strategy":"class name","selector":"android.widget.CheckBox","context":"","multiple":false}
&amp#27;[38;5;193m[eb903da1]&amp#27;[0m&amp#27;[38;5;-104m[AndroidUiautomator2Driver@c8fd]&amp#27;[0m Got response with status 200: {"sessionId":"cc6b1fb1-42af-4a1d-a198-8e8465e29330","value":{"ELEMENT":"00000000-0000-06f2-ffff-ffff0000007b","element-6066-11e4-a52e-4f735466cecf":"00000000-0000-06f2-ffff-ffff0000007b"}}
&amp#27;[38;5;193m[eb903da1]&amp#27;[0m&amp#27;[38;5;-104m[AndroidUiautomator2Driver@c8fd]&amp#27;[0m Responding to client with driver.findElement() result: {"element-6066-11e4-a52e-4f735466cecf":"00000000-0000-06f2-ffff-ffff0000007b","ELEMENT":"00000000-0000-06f2-ffff-ffff0000007b"}
&amp#27;[38;5;193m[eb903da1]&amp#27;[0m&amp#27;[38;5;86m[HTTP]&amp#27;[0m &amp#27;[37m<-- POST /session/eb903da1-dca5-48b8-838c-e73da3f9036b/element &amp#27;[39m&amp#27;[32m200&amp#27;[39m &amp#27;[90m578 ms - 137&amp#27;[39m &amp#27;[90m&amp#27;[39m
&amp#27;[38;5;193m[eb903da1]&amp#27;[0m&amp#27;[38;5;86m[HTTP]&amp#27;[0m &amp#27;[37m-->&amp#27;[39m &amp#27;[37mGET&amp#27;[39m &amp#27;[37m/session/eb903da1-dca5-48b8-838c-e73da3f9036b/element/00000000-0000-06f2-ffff-ffff0000007b/displayed&amp#27;[39m &amp#27;[90m{}&amp#27;[39m
&amp#27;[38;5;193m[eb903da1]&amp#27;[0m&amp#27;[38;5;-104m[AndroidUiautomator2Driver@c8fd]&amp#27;[0m Calling AppiumDriver.elementDisplayed() with args: ["00000000-0000-06f2-ffff-ffff0000007b","eb903da1-dca5-48b8-838c-e73da3f9036b"]
&amp#27;[38;5;193m[eb903da1]&amp#27;[0m&amp#27;[38;5;-104m[AndroidUiautomator2Driver@c8fd]&amp#27;[0m Matched '/element/00000000-0000-06f2-ffff-ffff0000007b/attribute/displayed' to command name 'getAttribute'
&amp#27;[38;5;193m[eb903da1]&amp#27;[0m&amp#27;[38;5;-104m[AndroidUiautomator2Driver@c8fd]&amp#27;[0m Proxying [GET /element/00000000-0000-06f2-ffff-ffff0000007b/attribute/displayed] to [GET http://127.0.0.1:8201/session/cc6b1fb1-42af-4a1d-a198-8e8465e29330/element/00000000-0000-06f2-ffff-ffff0000007b/attribute/displayed] with no body
&amp#27;[38;5;193m[eb903da1]&amp#27;[0m&amp#27;[38;5;-104m[AndroidUiautomator2Driver@c8fd]&amp#27;[0m Got response with status 200: {"sessionId":"cc6b1fb1-42af-4a1d-a198-8e8465e29330","value":"true"}
&amp#27;[38;5;193m[eb903da1]&amp#27;[0m&amp#27;[38;5;-104m[AndroidUiautomator2Driver@c8fd]&amp#27;[0m Responding to client with driver.elementDisplayed() result: true
&amp#27;[38;5;193m[eb903da1]&amp#27;[0m&amp#27;[38;5;86m[HTTP]&amp#27;[0m &amp#27;[37m<-- GET /session/eb903da1-dca5-48b8-838c-e73da3f9036b/element/00000000-0000-06f2-ffff-ffff0000007b/displayed &amp#27;[39m&amp#27;[32m200&amp#27;[39m &amp#27;[90m15 ms - 14&amp#27;[39m &amp#27;[90m&amp#27;[39m
&amp#27;[38;5;193m[eb903da1]&amp#27;[0m&amp#27;[38;5;86m[HTTP]&amp#27;[0m &amp#27;[37m-->&amp#27;[39m &amp#27;[37mGET&amp#27;[39m &amp#27;[37m/session/eb903da1-dca5-48b8-838c-e73da3f9036b/context&amp#27;[39m &amp#27;[90m{}&amp#27;[39m
&amp#27;[38;5;193m[eb903da1]&amp#27;[0m&amp#27;[38;5;-104m[AndroidUiautomator2Driver@c8fd]&amp#27;[0m Calling AppiumDriver.getCurrentContext() with args: ["eb903da1-dca5-48b8-838c-e73da3f9036b"]
&amp#27;[38;5;193m[eb903da1]&amp#27;[0m&amp#27;[38;5;-104m[AndroidUiautomator2Driver@c8fd]&amp#27;[0m Responding to client with driver.getCurrentContext() result: "NATIVE_APP"
&amp#27;[38;5;193m[eb903da1]&amp#27;[0m&amp#27;[38;5;86m[HTTP]&amp#27;[0m &amp#27;[37m<-- GET /session/eb903da1-dca5-48b8-838c-e73da3f9036b/context &amp#27;[39m&amp#27;[32m200&amp#27;[39m &amp#27;[90m1 ms - 22&amp#27;[39m &amp#27;[90m&amp#27;[39m
&amp#27;[38;5;193m[eb903da1]&amp#27;[0m&amp#27;[38;5;86m[HTTP]&amp#27;[0m &amp#27;[37m-->&amp#27;[39m &amp#27;[37mPOST&amp#27;[39m &amp#27;[37m/session/eb903da1-dca5-48b8-838c-e73da3f9036b/element&amp#27;[39m &amp#27;[90m{"using":"class name","value":"android.widget.CheckBox"}&amp#27;[39m
&amp#27;[38;5;193m[eb903da1]&amp#27;[0m&amp#27;[38;5;-104m[AndroidUiautomator2Driver@c8fd]&amp#27;[0m Calling AppiumDriver.findElement() with args: ["class name","android.widget.CheckBox","eb903da1-dca5-48b8-838c-e73da3f9036b"]
&amp#27;[38;5;193m[eb903da1]&amp#27;[0m&amp#27;[38;5;-104m[AndroidUiautomator2Driver@c8fd]&amp#27;[0m Valid locator strategies for this request: xpath, id, class name, accessibility id, css selector, -android uiautomator
&amp#27;[38;5;193m[eb903da1]&amp#27;[0m&amp#27;[38;5;-104m[AndroidUiautomator2Driver@c8fd]&amp#27;[0m Waiting up to 0 ms for condition
&amp#27;[38;5;193m[eb903da1]&amp#27;[0m&amp#27;[38;5;-104m[AndroidUiautomator2Driver@c8fd]&amp#27;[0m Matched '/element' to command name 'findElement'
&amp#27;[38;5;193m[eb903da1]&amp#27;[0m&amp#27;[38;5;-104m[AndroidUiautomator2Driver@c8fd]&amp#27;[0m Proxying [POST /element] to [POST http://127.0.0.1:8201/session/cc6b1fb1-42af-4a1d-a198-8e8465e29330/element] with body: {"strategy":"class name","selector":"android.widget.CheckBox","context":"","multiple":false}
&amp#27;[38;5;193m[eb903da1]&amp#27;[0m&amp#27;[38;5;-104m[AndroidUiautomator2Driver@c8fd]&amp#27;[0m Got response with status 200: {"sessionId":"cc6b1fb1-42af-4a1d-a198-8e8465e29330","value":{"ELEMENT":"00000000-0000-06f2-ffff-ffff0000007b","element-6066-11e4-a52e-4f735466cecf":"00000000-0000-06f2-ffff-ffff0000007b"}}
&amp#27;[38;5;193m[eb903da1]&amp#27;[0m&amp#27;[38;5;-104m[AndroidUiautomator2Driver@c8fd]&amp#27;[0m Responding to client with driver.findElement() result: {"element-6066-11e4-a52e-4f735466cecf":"00000000-0000-06f2-ffff-ffff0000007b","ELEMENT":"00000000-0000-06f2-ffff-ffff0000007b"}
&amp#27;[38;5;193m[eb903da1]&amp#27;[0m&amp#27;[38;5;86m[HTTP]&amp#27;[0m &amp#27;[37m<-- POST /session/eb903da1-dca5-48b8-838c-e73da3f9036b/element &amp#27;[39m&amp#27;[32m200&amp#27;[39m &amp#27;[90m32 ms - 137&amp#27;[39m &amp#27;[90m&amp#27;[39m
&amp#27;[38;5;193m[eb903da1]&amp#27;[0m&amp#27;[38;5;86m[HTTP]&amp#27;[0m &amp#27;[37m-->&amp#27;[39m &amp#27;[37mPOST&amp#27;[39m &amp#27;[37m/session/eb903da1-dca5-48b8-838c-e73da3f9036b/element/00000000-0000-06f2-ffff-ffff0000007b/click&amp#27;[39m &amp#27;[90m{"id":"00000000-0000-06f2-ffff-ffff0000007b"}&amp#27;[39m
&amp#27;[38;5;193m[eb903da1]&amp#27;[0m&amp#27;[38;5;-104m[AndroidUiautomator2Driver@c8fd]&amp#27;[0m Calling AppiumDriver.click() with args: ["00000000-0000-06f2-ffff-ffff0000007b","eb903da1-dca5-48b8-838c-e73da3f9036b"]
&amp#27;[38;5;193m[eb903da1]&amp#27;[0m&amp#27;[38;5;-104m[AndroidUiautomator2Driver@c8fd]&amp#27;[0m Matched '/element/00000000-0000-06f2-ffff-ffff0000007b/click' to command name 'click'
&amp#27;[38;5;193m[eb903da1]&amp#27;[0m&amp#27;[38;5;-104m[AndroidUiautomator2Driver@c8fd]&amp#27;[0m Proxying [POST /element/00000000-0000-06f2-ffff-ffff0000007b/click] to [POST http://127.0.0.1:8201/session/cc6b1fb1-42af-4a1d-a198-8e8465e29330/element/00000000-0000-06f2-ffff-ffff0000007b/click] with body: {"element":"00000000-0000-06f2-ffff-ffff0000007b"}
&amp#27;[38;5;193m[eb903da1]&amp#27;[0m&amp#27;[38;5;-104m[AndroidUiautomator2Driver@c8fd]&amp#27;[0m Got response with status 200: {"sessionId":"cc6b1fb1-42af-4a1d-a198-8e8465e29330","value":null}
&amp#27;[38;5;193m[eb903da1]&amp#27;[0m&amp#27;[38;5;-104m[AndroidUiautomator2Driver@c8fd]&amp#27;[0m Responding to client with driver.click() result: null
&amp#27;[38;5;193m[eb903da1]&amp#27;[0m&amp#27;[38;5;86m[HTTP]&amp#27;[0m &amp#27;[37m<-- POST /session/eb903da1-dca5-48b8-838c-e73da3f9036b/element/00000000-0000-06f2-ffff-ffff0000007b/click &amp#27;[39m&amp#27;[32m200&amp#27;[39m &amp#27;[90m69 ms - 14&amp#27;[39m &amp#27;[90m&amp#27;[39m
&amp#27;[38;5;193m[eb903da1]&amp#27;[0m&amp#27;[38;5;86m[HTTP]&amp#27;[0m &amp#27;[37m-->&amp#27;[39m &amp#27;[37mGET&amp#27;[39m &amp#27;[37m/session/eb903da1-dca5-48b8-838c-e73da3f9036b/context&amp#27;[39m &amp#27;[90m{}&amp#27;[39m
&amp#27;[38;5;193m[eb903da1]&amp#27;[0m&amp#27;[38;5;-104m[AndroidUiautomator2Driver@c8fd]&amp#27;[0m Calling AppiumDriver.getCurrentContext() with args: ["eb903da1-dca5-48b8-838c-e73da3f9036b"]
&amp#27;[38;5;193m[eb903da1]&amp#27;[0m&amp#27;[38;5;-104m[AndroidUiautomator2Driver@c8fd]&amp#27;[0m Responding to client with driver.getCurrentContext() result: "NATIVE_APP"
&amp#27;[38;5;193m[eb903da1]&amp#27;[0m&amp#27;[38;5;86m[HTTP]&amp#27;[0m &amp#27;[37m<-- GET /session/eb903da1-dca5-48b8-838c-e73da3f9036b/context &amp#27;[39m&amp#27;[32m200&amp#27;[39m &amp#27;[90m1 ms - 22&amp#27;[39m &amp#27;[90m&amp#27;[39m
&amp#27;[38;5;193m[eb903da1]&amp#27;[0m&amp#27;[38;5;86m[HTTP]&amp#27;[0m &amp#27;[37m-->&amp#27;[39m &amp#27;[37mPOST&amp#27;[39m &amp#27;[37m/session/eb903da1-dca5-48b8-838c-e73da3f9036b/element&amp#27;[39m &amp#27;[90m{"using":"id","value":"com.androidsample.generalstore:id/btnProceed"}&amp#27;[39m
&amp#27;[38;5;193m[eb903da1]&amp#27;[0m&amp#27;[38;5;-104m[AndroidUiautomator2Driver@c8fd]&amp#27;[0m Calling AppiumDriver.findElement() with args: ["id","com.androidsample.generalstore:id/btnProceed","eb903da1-dca5-48b8-838c-e73da3f9036b"]
&amp#27;[38;5;193m[eb903da1]&amp#27;[0m&amp#27;[38;5;-104m[AndroidUiautomator2Driver@c8fd]&amp#27;[0m Valid locator strategies for this request: xpath, id, class name, accessibility id, css selector, -android uiautomator
&amp#27;[38;5;193m[eb903da1]&amp#27;[0m&amp#27;[38;5;-104m[AndroidUiautomator2Driver@c8fd]&amp#27;[0m Waiting up to 0 ms for condition
&amp#27;[38;5;193m[eb903da1]&amp#27;[0m&amp#27;[38;5;-104m[AndroidUiautomator2Driver@c8fd]&amp#27;[0m Matched '/element' to command name 'findElement'
&amp#27;[38;5;193m[eb903da1]&amp#27;[0m&amp#27;[38;5;-104m[AndroidUiautomator2Driver@c8fd]&amp#27;[0m Proxying [POST /element] to [POST http://127.0.0.1:8201/session/cc6b1fb1-42af-4a1d-a198-8e8465e29330/element] with body: {"strategy":"id","selector":"com.androidsample.generalstore:id/btnProceed","context":"","multiple":false}
&amp#27;[38;5;193m[eb903da1]&amp#27;[0m&amp#27;[38;5;-104m[AndroidUiautomator2Driver@c8fd]&amp#27;[0m Got response with status 200: {"sessionId":"cc6b1fb1-42af-4a1d-a198-8e8465e29330","value":{"ELEMENT":"00000000-0000-06f2-ffff-ffff0000007c","element-6066-11e4-a52e-4f735466cecf":"00000000-0000-06f2-ffff-ffff0000007c"}}
&amp#27;[38;5;193m[eb903da1]&amp#27;[0m&amp#27;[38;5;-104m[AndroidUiautomator2Driver@c8fd]&amp#27;[0m Responding to client with driver.findElement() result: {"element-6066-11e4-a52e-4f735466cecf":"00000000-0000-06f2-ffff-ffff0000007c","ELEMENT":"00000000-0000-06f2-ffff-ffff0000007c"}
&amp#27;[38;5;193m[eb903da1]&amp#27;[0m&amp#27;[38;5;86m[HTTP]&amp#27;[0m &amp#27;[37m<-- POST /session/eb903da1-dca5-48b8-838c-e73da3f9036b/element &amp#27;[39m&amp#27;[32m200&amp#27;[39m &amp#27;[90m609 ms - 137&amp#27;[39m &amp#27;[90m&amp#27;[39m
&amp#27;[38;5;193m[eb903da1]&amp#27;[0m&amp#27;[38;5;86m[HTTP]&amp#27;[0m &amp#27;[37m-->&amp#27;[39m &amp#27;[37mGET&amp#27;[39m &amp#27;[37m/session/eb903da1-dca5-48b8-838c-e73da3f9036b/element/00000000-0000-06f2-ffff-ffff0000007c/displayed&amp#27;[39m &amp#27;[90m{}&amp#27;[39m
&amp#27;[38;5;193m[eb903da1]&amp#27;[0m&amp#27;[38;5;-104m[AndroidUiautomator2Driver@c8fd]&amp#27;[0m Calling AppiumDriver.elementDisplayed() with args: ["00000000-0000-06f2-ffff-ffff0000007c","eb903da1-dca5-48b8-838c-e73da3f9036b"]
&amp#27;[38;5;193m[eb903da1]&amp#27;[0m&amp#27;[38;5;-104m[AndroidUiautomator2Driver@c8fd]&amp#27;[0m Matched '/element/00000000-0000-06f2-ffff-ffff0000007c/attribute/displayed' to command name 'getAttribute'
&amp#27;[38;5;193m[eb903da1]&amp#27;[0m&amp#27;[38;5;-104m[AndroidUiautomator2Driver@c8fd]&amp#27;[0m Proxying [GET /element/00000000-0000-06f2-ffff-ffff0000007c/attribute/displayed] to [GET http://127.0.0.1:8201/session/cc6b1fb1-42af-4a1d-a198-8e8465e29330/element/00000000-0000-06f2-ffff-ffff0000007c/attribute/displayed] with no body
&amp#27;[38;5;193m[eb903da1]&amp#27;[0m&amp#27;[38;5;-104m[AndroidUiautomator2Driver@c8fd]&amp#27;[0m Got response with status 200: {"sessionId":"cc6b1fb1-42af-4a1d-a198-8e8465e29330","value":"true"}
&amp#27;[38;5;193m[eb903da1]&amp#27;[0m&amp#27;[38;5;-104m[AndroidUiautomator2Driver@c8fd]&amp#27;[0m Responding to client with driver.elementDisplayed() result: true
&amp#27;[38;5;193m[eb903da1]&amp#27;[0m&amp#27;[38;5;86m[HTTP]&amp#27;[0m &amp#27;[37m<-- GET /session/eb903da1-dca5-48b8-838c-e73da3f9036b/element/00000000-0000-06f2-ffff-ffff0000007c/displayed &amp#27;[39m&amp#27;[32m200&amp#27;[39m &amp#27;[90m20 ms - 14&amp#27;[39m &amp#27;[90m&amp#27;[39m
&amp#27;[38;5;193m[eb903da1]&amp#27;[0m&amp#27;[38;5;86m[HTTP]&amp#27;[0m &amp#27;[37m-->&amp#27;[39m &amp#27;[37mGET&amp#27;[39m &amp#27;[37m/session/eb903da1-dca5-48b8-838c-e73da3f9036b/context&amp#27;[39m &amp#27;[90m{}&amp#27;[39m
&amp#27;[38;5;193m[eb903da1]&amp#27;[0m&amp#27;[38;5;-104m[AndroidUiautomator2Driver@c8fd]&amp#27;[0m Calling AppiumDriver.getCurrentContext() with args: ["eb903da1-dca5-48b8-838c-e73da3f9036b"]
&amp#27;[38;5;193m[eb903da1]&amp#27;[0m&amp#27;[38;5;-104m[AndroidUiautomator2Driver@c8fd]&amp#27;[0m Responding to client with driver.getCurrentContext() result: "NATIVE_APP"
&amp#27;[38;5;193m[eb903da1]&amp#27;[0m&amp#27;[38;5;86m[HTTP]&amp#27;[0m &amp#27;[37m<-- GET /session/eb903da1-dca5-48b8-838c-e73da3f9036b/context &amp#27;[39m&amp#27;[32m200&amp#27;[39m &amp#27;[90m1 ms - 22&amp#27;[39m &amp#27;[90m&amp#27;[39m
&amp#27;[38;5;193m[eb903da1]&amp#27;[0m&amp#27;[38;5;86m[HTTP]&amp#27;[0m &amp#27;[37m-->&amp#27;[39m &amp#27;[37mPOST&amp#27;[39m &amp#27;[37m/session/eb903da1-dca5-48b8-838c-e73da3f9036b/element&amp#27;[39m &amp#27;[90m{"using":"id","value":"com.androidsample.generalstore:id/btnProceed"}&amp#27;[39m
&amp#27;[38;5;193m[eb903da1]&amp#27;[0m&amp#27;[38;5;-104m[AndroidUiautomator2Driver@c8fd]&amp#27;[0m Calling AppiumDriver.findElement() with args: ["id","com.androidsample.generalstore:id/btnProceed","eb903da1-dca5-48b8-838c-e73da3f9036b"]
&amp#27;[38;5;193m[eb903da1]&amp#27;[0m&amp#27;[38;5;-104m[AndroidUiautomator2Driver@c8fd]&amp#27;[0m Valid locator strategies for this request: xpath, id, class name, accessibility id, css selector, -android uiautomator
&amp#27;[38;5;193m[eb903da1]&amp#27;[0m&amp#27;[38;5;-104m[AndroidUiautomator2Driver@c8fd]&amp#27;[0m Waiting up to 0 ms for condition
&amp#27;[38;5;193m[eb903da1]&amp#27;[0m&amp#27;[38;5;-104m[AndroidUiautomator2Driver@c8fd]&amp#27;[0m Matched '/element' to command name 'findElement'
&amp#27;[38;5;193m[eb903da1]&amp#27;[0m&amp#27;[38;5;-104m[AndroidUiautomator2Driver@c8fd]&amp#27;[0m Proxying [POST /element] to [POST http://127.0.0.1:8201/session/cc6b1fb1-42af-4a1d-a198-8e8465e29330/element] with body: {"strategy":"id","selector":"com.androidsample.generalstore:id/btnProceed","context":"","multiple":false}
&amp#27;[38;5;193m[eb903da1]&amp#27;[0m&amp#27;[38;5;-104m[AndroidUiautomator2Driver@c8fd]&amp#27;[0m Got response with status 200: {"sessionId":"cc6b1fb1-42af-4a1d-a198-8e8465e29330","value":{"ELEMENT":"00000000-0000-06f2-ffff-ffff0000007c","element-6066-11e4-a52e-4f735466cecf":"00000000-0000-06f2-ffff-ffff0000007c"}}
&amp#27;[38;5;193m[eb903da1]&amp#27;[0m&amp#27;[38;5;-104m[AndroidUiautomator2Driver@c8fd]&amp#27;[0m Responding to client with driver.findElement() result: {"element-6066-11e4-a52e-4f735466cecf":"00000000-0000-06f2-ffff-ffff0000007c","ELEMENT":"00000000-0000-06f2-ffff-ffff0000007c"}
&amp#27;[38;5;193m[eb903da1]&amp#27;[0m&amp#27;[38;5;86m[HTTP]&amp#27;[0m &amp#27;[37m<-- POST /session/eb903da1-dca5-48b8-838c-e73da3f9036b/element &amp#27;[39m&amp#27;[32m200&amp#27;[39m &amp#27;[90m49 ms - 137&amp#27;[39m &amp#27;[90m&amp#27;[39m
&amp#27;[38;5;193m[eb903da1]&amp#27;[0m&amp#27;[38;5;86m[HTTP]&amp#27;[0m &amp#27;[37m-->&amp#27;[39m &amp#27;[37mPOST&amp#27;[39m &amp#27;[37m/session/eb903da1-dca5-48b8-838c-e73da3f9036b/element/00000000-0000-06f2-ffff-ffff0000007c/click&amp#27;[39m &amp#27;[90m{"id":"00000000-0000-06f2-ffff-ffff0000007c"}&amp#27;[39m
&amp#27;[38;5;193m[eb903da1]&amp#27;[0m&amp#27;[38;5;-104m[AndroidUiautomator2Driver@c8fd]&amp#27;[0m Calling AppiumDriver.click() with args: ["00000000-0000-06f2-ffff-ffff0000007c","eb903da1-dca5-48b8-838c-e73da3f9036b"]
&amp#27;[38;5;193m[eb903da1]&amp#27;[0m&amp#27;[38;5;-104m[AndroidUiautomator2Driver@c8fd]&amp#27;[0m Matched '/element/00000000-0000-06f2-ffff-ffff0000007c/click' to command name 'click'
&amp#27;[38;5;193m[eb903da1]&amp#27;[0m&amp#27;[38;5;-104m[AndroidUiautomator2Driver@c8fd]&amp#27;[0m Proxying [POST /element/00000000-0000-06f2-ffff-ffff0000007c/click] to [POST http://127.0.0.1:8201/session/cc6b1fb1-42af-4a1d-a198-8e8465e29330/element/00000000-0000-06f2-ffff-ffff0000007c/click] with body: {"element":"00000000-0000-06f2-ffff-ffff0000007c"}
&amp#27;[38;5;193m[eb903da1]&amp#27;[0m&amp#27;[38;5;-104m[AndroidUiautomator2Driver@c8fd]&amp#27;[0m Got response with status 200: {"sessionId":"cc6b1fb1-42af-4a1d-a198-8e8465e29330","value":null}
&amp#27;[38;5;193m[eb903da1]&amp#27;[0m&amp#27;[38;5;-104m[AndroidUiautomator2Driver@c8fd]&amp#27;[0m Responding to client with driver.click() result: null
&amp#27;[38;5;193m[eb903da1]&amp#27;[0m&amp#27;[38;5;86m[HTTP]&amp#27;[0m &amp#27;[37m<-- POST /session/eb903da1-dca5-48b8-838c-e73da3f9036b/element/00000000-0000-06f2-ffff-ffff0000007c/click &amp#27;[39m&amp#27;[32m200&amp#27;[39m &amp#27;[90m83 ms - 14&amp#27;[39m &amp#27;[90m&amp#27;[39m
&amp#27;[38;5;193m[eb903da1]&amp#27;[0m&amp#27;[38;5;86m[HTTP]&amp#27;[0m &amp#27;[37m-->&amp#27;[39m &amp#27;[37mGET&amp#27;[39m &amp#27;[37m/session/eb903da1-dca5-48b8-838c-e73da3f9036b/contexts&amp#27;[39m &amp#27;[90m{}&amp#27;[39m
&amp#27;[38;5;193m[eb903da1]&amp#27;[0m&amp#27;[38;5;-104m[AndroidUiautomator2Driver@c8fd]&amp#27;[0m Calling AppiumDriver.getContexts() with args: ["eb903da1-dca5-48b8-838c-e73da3f9036b"]
&amp#27;[38;5;193m[eb903da1]&amp#27;[0m&amp#27;[38;5;-104m[AndroidUiautomator2Driver@c8fd]&amp#27;[0m Getting a list of available webviews
&amp#27;[38;5;193m[eb903da1]&amp#27;[0m&amp#27;[38;5;229m[ADB]&amp#27;[0m Running 'C:\Users\User1\AppData\Local\Android\Sdk\platform-tools\adb.exe -P 5037 -s emulator-5554 shell cat /proc/net/unix'
&amp#27;[38;5;193m[eb903da1]&amp#27;[0m&amp#27;[38;5;-104m[AndroidUiautomator2Driver@c8fd]&amp#27;[0m Parsed 1 active devtools socket: ["@stetho_com.google.android.apps.messaging_devtools_remote"]
&amp#27;[38;5;193m[eb903da1]&amp#27;[0m&amp#27;[38;5;-104m[AndroidUiautomator2Driver@c8fd]&amp#27;[0m Collecting CDP data of 1 webview
&amp#27;[38;5;193m[eb903da1]&amp#27;[0m&amp#27;[38;5;-104m[AndroidUiautomator2Driver@c8fd]&amp#27;[0m Forwarding remote port stetho_com.google.android.apps.messaging_devtools_remote to a local port in range 10900..11000
&amp#27;[38;5;193m[eb903da1]&amp#27;[0m&amp#27;[38;5;-104m[AndroidUiautomator2Driver@c8fd]&amp#27;[0m You could use the 'webviewDevtoolsPort' capability to customize the starting port number
&amp#27;[38;5;193m[eb903da1]&amp#27;[0m&amp#27;[38;5;229m[ADB]&amp#27;[0m Running 'C:\Users\User1\AppData\Local\Android\Sdk\platform-tools\adb.exe -P 5037 -s emulator-5554 forward tcp:10900 localabstract:stetho_com.google.android.apps.messaging_devtools_remote'
&amp#27;[38;5;193m[eb903da1]&amp#27;[0m&amp#27;[38;5;-104m[AndroidUiautomator2Driver@c8fd]&amp#27;[0m Error: socket hang up
    at Function.AxiosError.from (C:\Users\User1\.appium\node_modules\appium-uiautomator2-driver\node_modules\axios\lib\core\AxiosError.js:92:14)
    at RedirectableRequest.handleRequestError (C:\Users\User1\.appium\node_modules\appium-uiautomator2-driver\node_modules\axios\lib\adapters\http.js:620:25)
    at RedirectableRequest.emit (node:events:531:35)
    at ClientRequest.eventHandlers.<computed> (C:\Users\User1\.appium\node_modules\appium-uiautomator2-driver\node_modules\follow-redirects\index.js:49:24)
    at ClientRequest.emit (node:events:519:28)
    at emitErrorEvent (node:_http_client:108:11)
    at Socket.socketOnEnd (node:_http_client:535:5)
    at Socket.emit (node:events:531:35)
    at endReadableNT (node:internal/streams/readable:1696:12)
    at processTicksAndRejections (node:internal/process/task_queues:82:21)
    at Axios.request (C:\Users\User1\.appium\node_modules\appium-uiautomator2-driver\node_modules\axios\lib\core\Axios.js:45:41)
    at processTicksAndRejections (node:internal/process/task_queues:95:5)
    at cdpGetRequest (C:\Users\User1\.appium\node_modules\appium-uiautomator2-driver\node_modules\appium-android-driver\lib\commands\context\helpers.js:100:5)
    at C:\Users\User1\.appium\node_modules\appium-uiautomator2-driver\node_modules\appium-android-driver\lib\commands\context\helpers.js:388:25
 AxiosError: socket hang up
    at Function.AxiosError.from (C:\Users\User1\.appium\node_modules\appium-uiautomator2-driver\node_modules\axios\lib\core\AxiosError.js:92:14)
    at RedirectableRequest.handleRequestError (C:\Users\User1\.appium\node_modules\appium-uiautomator2-driver\node_modules\axios\lib\adapters\http.js:620:25)
    at RedirectableRequest.emit (node:events:531:35)
    at ClientRequest.eventHandlers.<computed> (C:\Users\User1\.appium\node_modules\appium-uiautomator2-driver\node_modules\follow-redirects\index.js:49:24)
    at ClientRequest.emit (node:events:519:28)
    at emitErrorEvent (node:_http_client:108:11)
    at Socket.socketOnEnd (node:_http_client:535:5)
    at Socket.emit (node:events:531:35)
    at endReadableNT (node:internal/streams/readable:1696:12)
    at processTicksAndRejections (node:internal/process/task_queues:82:21)
    at Axios.request (C:\Users\User1\.appium\node_modules\appium-uiautomator2-driver\node_modules\axios\lib\core\Axios.js:45:41)
    at processTicksAndRejections (node:internal/process/task_queues:95:5)
    at cdpGetRequest (C:\Users\User1\.appium\node_modules\appium-uiautomator2-driver\node_modules\appium-android-driver\lib\commands\context\helpers.js:100:5)
    at C:\Users\User1\.appium\node_modules\appium-uiautomator2-driver\node_modules\appium-android-driver\lib\commands\context\helpers.js:388:25 {
  code: 'ECONNRESET',
  config: {
    transitional: {
      silentJSONParsing: true,
      forcedJSONParsing: true,
      clarifyTimeoutError: false
    },
    adapter: [ 'xhr', 'http', 'fetch' ],
    transformRequest: [ [Function: transformRequest] ],
    transformResponse: [ [Function: transformResponse] ],
    timeout: 2000,
    xsrfCookieName: 'XSRF-TOKEN',
    xsrfHeaderName: 'X-XSRF-TOKEN',
    maxContentLength: -1,
    maxBodyLength: -1,
    env: { FormData: [Function], Blob: [class Blob] },
    validateStatus: [Function: validateStatus],
    headers: Object [AxiosHeaders] {
      Accept: 'application/json, text/plain, */*',
      'Content-Type': undefined,
      'User-Agent': 'axios/1.7.7',
      'Accept-Encoding': 'gzip, compress, deflate, br'
    },
    url: 'http://127.0.0.1:10900/json/version',
    httpAgent: Agent {
      _events: [Object: null prototype],
      _eventsCount: 2,
      _maxListeners: undefined,
      defaultPort: 80,
      protocol: 'http:',
      options: [Object: null prototype],
      requests: [Object: null prototype] {},
      sockets: [Object: null prototype],
      freeSockets: [Object: null prototype] {},
      keepAliveMsecs: 1000,
      keepAlive: false,
      maxSockets: Infinity,
      maxFreeSockets: 256,
      scheduling: 'lifo',
      maxTotalSockets: Infinity,
      totalSocketCount: 1,
      [Symbol(shapeMode)]: false,
      [Symbol(kCapture)]: false
    },
    method: 'get',
    data: undefined
  },
  request: <ref *1> Writable {
    _events: {
      close: undefined,
      error: [Function: handleRequestError],
      prefinish: undefined,
      finish: undefined,
      drain: undefined,
      response: [Function: handleResponse],
      socket: [Array],
      timeout: undefined,
      abort: undefined
    },
    _writableState: WritableState {
      highWaterMark: 16384,
      length: 0,
      corked: 0,
      onwrite: [Function: bound onwrite],
      writelen: 0,
      bufferedIndex: 0,
      pendingcb: 0,
      [Symbol(kState)]: 17580812,
      [Symbol(kBufferedValue)]: null
    },
    _maxListeners: undefined,
    _options: {
      maxRedirects: 21,
      maxBodyLength: Infinity,
      protocol: 'http:',
      path: '/json/version',
      method: 'GET',
      headers: [Object: null prototype],
      agents: [Object],
      auth: undefined,
      family: undefined,
      beforeRedirect: [Function: dispatchBeforeRedirect],
      beforeRedirects: [Object],
      hostname: '127.0.0.1',
      port: '10900',
      agent: [Agent],
      nativeProtocols: [Object],
      pathname: '/json/version'
    },
    _ended: true,
    _ending: true,
    _redirectCount: 0,
    _redirects: [],
    _requestBodyLength: 0,
    _requestBodyBuffers: [],
    _eventsCount: 3,
    _onNativeResponse: [Function (anonymous)],
    _currentRequest: ClientRequest {
      _events: [Object: null prototype],
      _eventsCount: 7,
      _maxListeners: undefined,
      outputData: [],
      outputSize: 0,
      writable: true,
      destroyed: false,
      _last: true,
      chunkedEncoding: false,
      shouldKeepAlive: false,
      maxRequestsOnConnectionReached: false,
      _defaultKeepAlive: true,
      useChunkedEncodingByDefault: false,
      sendDate: false,
      _removedConnection: false,
      _removedContLen: false,
      _removedTE: false,
      strictContentLength: false,
      _contentLength: 0,
      _hasBody: true,
      _trailer: '',
      finished: true,
      _headerSent: true,
      _closed: false,
      socket: [Socket],
      _header: 'GET /json/version HTTP/1.1\r\n' +
        'Accept: application/json, text/plain, */*\r\n' +
        'User-Agent: axios/1.7.7\r\n' +
        'Accept-Encoding: gzip, compress, deflate, br\r\n' +
        'Host: 127.0.0.1:10900\r\n' +
        'Connection: close\r\n' +
        '\r\n',
      _keepAliveTimeout: 0,
      _onPendingData: [Function: nop],
      agent: [Agent],
      socketPath: undefined,
      method: 'GET',
      maxHeaderSize: undefined,
      insecureHTTPParser: undefined,
      joinDuplicateHeaders: undefined,
      path: '/json/version',
      _ended: false,
      res: null,
      aborted: false,
      timeoutCb: null,
      upgradeOrConnect: false,
      parser: null,
      maxHeadersCount: null,
      reusedSocket: false,
      host: '127.0.0.1',
      protocol: 'http:',
      _redirectable: [Circular *1],
      [Symbol(shapeMode)]: false,
      [Symbol(kCapture)]: false,
      [Symbol(kBytesWritten)]: 0,
      [Symbol(kNeedDrain)]: false,
      [Symbol(corked)]: 0,
      [Symbol(kOutHeaders)]: [Object: null prototype],
      [Symbol(errored)]: null,
      [Symbol(kHighWaterMark)]: 16384,
      [Symbol(kRejectNonStandardBodyWrites)]: false,
      [Symbol(kUniqueHeaders)]: null
    },
    _currentUrl: 'http://127.0.0.1:10900/json/version',
    _timeout: null,
    [Symbol(shapeMode)]: true,
    [Symbol(kCapture)]: false
  },
  cause: Error: socket hang up
      at Socket.socketOnEnd (node:_http_client:535:25)
      at Socket.emit (node:events:531:35)
      at endReadableNT (node:internal/streams/readable:1696:12)
      at processTicksAndRejections (node:internal/process/task_queues:82:21) {
    code: 'ECONNRESET'
  }
}
&amp#27;[38;5;193m[eb903da1]&amp#27;[0m&amp#27;[38;5;229m[ADB]&amp#27;[0m Removing forwarded port socket connection: 10900 
&amp#27;[38;5;193m[eb903da1]&amp#27;[0m&amp#27;[38;5;229m[ADB]&amp#27;[0m Running 'C:\Users\User1\AppData\Local\Android\Sdk\platform-tools\adb.exe -P 5037 -s emulator-5554 forward --remove tcp:10900'
&amp#27;[38;5;193m[eb903da1]&amp#27;[0m&amp#27;[38;5;-104m[AndroidUiautomator2Driver@c8fd]&amp#27;[0m CDP data collection completed
&amp#27;[38;5;193m[eb903da1]&amp#27;[0m&amp#27;[38;5;-104m[AndroidUiautomator2Driver@c8fd]&amp#27;[0m Skipping the webview 'WEBVIEW_stetho_com.google.android.apps.messaging' at '@stetho_com.google.android.apps.messaging_devtools_remote' since it has reported having zero pages
&amp#27;[38;5;193m[eb903da1]&amp#27;[0m&amp#27;[38;5;-104m[AndroidUiautomator2Driver@c8fd]&amp#27;[0m Found 0 webviews: []
&amp#27;[38;5;193m[eb903da1]&amp#27;[0m&amp#27;[38;5;-104m[AndroidUiautomator2Driver@c8fd]&amp#27;[0m Available contexts: ["NATIVE_APP"]
&amp#27;[38;5;193m[eb903da1]&amp#27;[0m&amp#27;[38;5;-104m[AndroidUiautomator2Driver@c8fd]&amp#27;[0m Responding to client with driver.getContexts() result: ["NATIVE_APP"]
&amp#27;[38;5;193m[eb903da1]&amp#27;[0m&amp#27;[38;5;86m[HTTP]&amp#27;[0m &amp#27;[37m<-- GET /session/eb903da1-dca5-48b8-838c-e73da3f9036b/contexts &amp#27;[39m&amp#27;[32m200&amp#27;[39m &amp#27;[90m256 ms - 24&amp#27;[39m &amp#27;[90m&amp#27;[39m
NATIVE_APP
&amp#27;[38;5;193m[eb903da1]&amp#27;[0m&amp#27;[38;5;86m[HTTP]&amp#27;[0m &amp#27;[37m-->&amp#27;[39m &amp#27;[37mPOST&amp#27;[39m &amp#27;[37m/session/eb903da1-dca5-48b8-838c-e73da3f9036b/context&amp#27;[39m &amp#27;[90m{"name":"WEBVIEW_com.androidsample.generalstore"}&amp#27;[39m
&amp#27;[38;5;193m[eb903da1]&amp#27;[0m&amp#27;[38;5;-104m[AndroidUiautomator2Driver@c8fd]&amp#27;[0m Calling AppiumDriver.setContext() with args: ["WEBVIEW_com.androidsample.generalstore","eb903da1-dca5-48b8-838c-e73da3f9036b"]
&amp#27;[38;5;193m[eb903da1]&amp#27;[0m&amp#27;[38;5;-104m[AndroidUiautomator2Driver@c8fd]&amp#27;[0m Getting a list of available webviews
&amp#27;[38;5;193m[eb903da1]&amp#27;[0m&amp#27;[38;5;229m[ADB]&amp#27;[0m Running 'C:\Users\User1\AppData\Local\Android\Sdk\platform-tools\adb.exe -P 5037 -s emulator-5554 shell cat /proc/net/unix'
&amp#27;[38;5;193m[eb903da1]&amp#27;[0m&amp#27;[38;5;-104m[AndroidUiautomator2Driver@c8fd]&amp#27;[0m Parsed 2 active devtools sockets: ["@stetho_com.google.android.apps.messaging_devtools_remote","@webview_devtools_remote_30247"]
&amp#27;[38;5;193m[eb903da1]&amp#27;[0m&amp#27;[38;5;-104m[AndroidUiautomator2Driver@c8fd]&amp#27;[0m Collecting CDP data of 2 webviews
&amp#27;[38;5;193m[eb903da1]&amp#27;[0m&amp#27;[38;5;-104m[AndroidUiautomator2Driver@c8fd]&amp#27;[0m Forwarding remote port stetho_com.google.android.apps.messaging_devtools_remote to a local port in range 10900..11000
&amp#27;[38;5;193m[eb903da1]&amp#27;[0m&amp#27;[38;5;-104m[AndroidUiautomator2Driver@c8fd]&amp#27;[0m You could use the 'webviewDevtoolsPort' capability to customize the starting port number
&amp#27;[38;5;193m[eb903da1]&amp#27;[0m&amp#27;[38;5;-104m[AndroidUiautomator2Driver@c8fd]&amp#27;[0m Forwarding remote port webview_devtools_remote_30247 to a local port in range 10900..11000
&amp#27;[38;5;193m[eb903da1]&amp#27;[0m&amp#27;[38;5;-104m[AndroidUiautomator2Driver@c8fd]&amp#27;[0m You could use the 'webviewDevtoolsPort' capability to customize the starting port number
&amp#27;[38;5;193m[eb903da1]&amp#27;[0m&amp#27;[38;5;229m[ADB]&amp#27;[0m Running 'C:\Users\User1\AppData\Local\Android\Sdk\platform-tools\adb.exe -P 5037 -s emulator-5554 forward tcp:10900 localabstract:stetho_com.google.android.apps.messaging_devtools_remote'
&amp#27;[38;5;193m[eb903da1]&amp#27;[0m&amp#27;[38;5;-104m[AndroidUiautomator2Driver@c8fd]&amp#27;[0m Error: socket hang up
    at Function.AxiosError.from (C:\Users\User1\.appium\node_modules\appium-uiautomator2-driver\node_modules\axios\lib\core\AxiosError.js:92:14)
    at RedirectableRequest.handleRequestError (C:\Users\User1\.appium\node_modules\appium-uiautomator2-driver\node_modules\axios\lib\adapters\http.js:620:25)
    at RedirectableRequest.emit (node:events:531:35)
    at ClientRequest.eventHandlers.<computed> (C:\Users\User1\.appium\node_modules\appium-uiautomator2-driver\node_modules\follow-redirects\index.js:49:24)
    at ClientRequest.emit (node:events:519:28)
    at emitErrorEvent (node:_http_client:108:11)
    at Socket.socketOnEnd (node:_http_client:535:5)
    at Socket.emit (node:events:531:35)
    at endReadableNT (node:internal/streams/readable:1696:12)
    at processTicksAndRejections (node:internal/process/task_queues:82:21)
    at Axios.request (C:\Users\User1\.appium\node_modules\appium-uiautomator2-driver\node_modules\axios\lib\core\Axios.js:45:41)
    at processTicksAndRejections (node:internal/process/task_queues:95:5)
    at cdpGetRequest (C:\Users\User1\.appium\node_modules\appium-uiautomator2-driver\node_modules\appium-android-driver\lib\commands\context\helpers.js:100:5)
    at C:\Users\User1\.appium\node_modules\appium-uiautomator2-driver\node_modules\appium-android-driver\lib\commands\context\helpers.js:388:25
 AxiosError: socket hang up
    at Function.AxiosError.from (C:\Users\User1\.appium\node_modules\appium-uiautomator2-driver\node_modules\axios\lib\core\AxiosError.js:92:14)
    at RedirectableRequest.handleRequestError (C:\Users\User1\.appium\node_modules\appium-uiautomator2-driver\node_modules\axios\lib\adapters\http.js:620:25)
    at RedirectableRequest.emit (node:events:531:35)
    at ClientRequest.eventHandlers.<computed> (C:\Users\User1\.appium\node_modules\appium-uiautomator2-driver\node_modules\follow-redirects\index.js:49:24)
    at ClientRequest.emit (node:events:519:28)
    at emitErrorEvent (node:_http_client:108:11)
    at Socket.socketOnEnd (node:_http_client:535:5)
    at Socket.emit (node:events:531:35)
    at endReadableNT (node:internal/streams/readable:1696:12)
    at processTicksAndRejections (node:internal/process/task_queues:82:21)
    at Axios.request (C:\Users\User1\.appium\node_modules\appium-uiautomator2-driver\node_modules\axios\lib\core\Axios.js:45:41)
    at processTicksAndRejections (node:internal/process/task_queues:95:5)
    at cdpGetRequest (C:\Users\User1\.appium\node_modules\appium-uiautomator2-driver\node_modules\appium-android-driver\lib\commands\context\helpers.js:100:5)
    at C:\Users\User1\.appium\node_modules\appium-uiautomator2-driver\node_modules\appium-android-driver\lib\commands\context\helpers.js:388:25 {
  code: 'ECONNRESET',
  config: {
    transitional: {
      silentJSONParsing: true,
      forcedJSONParsing: true,
      clarifyTimeoutError: false
    },
    adapter: [ 'xhr', 'http', 'fetch' ],
    transformRequest: [ [Function: transformRequest] ],
    transformResponse: [ [Function: transformResponse] ],
    timeout: 2000,
    xsrfCookieName: 'XSRF-TOKEN',
    xsrfHeaderName: 'X-XSRF-TOKEN',
    maxContentLength: -1,
    maxBodyLength: -1,
    env: { FormData: [Function], Blob: [class Blob] },
    validateStatus: [Function: validateStatus],
    headers: Object [AxiosHeaders] {
      Accept: 'application/json, text/plain, */*',
      'Content-Type': undefined,
      'User-Agent': 'axios/1.7.7',
      'Accept-Encoding': 'gzip, compress, deflate, br'
    },
    url: 'http://127.0.0.1:10900/json/version',
    httpAgent: Agent {
      _events: [Object: null prototype],
      _eventsCount: 2,
      _maxListeners: undefined,
      defaultPort: 80,
      protocol: 'http:',
      options: [Object: null prototype],
      requests: [Object: null prototype] {},
      sockets: [Object: null prototype],
      freeSockets: [Object: null prototype] {},
      keepAliveMsecs: 1000,
      keepAlive: false,
      maxSockets: Infinity,
      maxFreeSockets: 256,
      scheduling: 'lifo',
      maxTotalSockets: Infinity,
      totalSocketCount: 1,
      [Symbol(shapeMode)]: false,
      [Symbol(kCapture)]: false
    },
    method: 'get',
    data: undefined
  },
  request: <ref *1> Writable {
    _events: {
      close: undefined,
      error: [Function: handleRequestError],
      prefinish: undefined,
      finish: undefined,
      drain: undefined,
      response: [Function: handleResponse],
      socket: [Array],
      timeout: undefined,
      abort: undefined
    },
    _writableState: WritableState {
      highWaterMark: 16384,
      length: 0,
      corked: 0,
      onwrite: [Function: bound onwrite],
      writelen: 0,
      bufferedIndex: 0,
      pendingcb: 0,
      [Symbol(kState)]: 17580812,
      [Symbol(kBufferedValue)]: null
    },
    _maxListeners: undefined,
    _options: {
      maxRedirects: 21,
      maxBodyLength: Infinity,
      protocol: 'http:',
      path: '/json/version',
      method: 'GET',
      headers: [Object: null prototype],
      agents: [Object],
      auth: undefined,
      family: undefined,
      beforeRedirect: [Function: dispatchBeforeRedirect],
      beforeRedirects: [Object],
      hostname: '127.0.0.1',
      port: '10900',
      agent: [Agent],
      nativeProtocols: [Object],
      pathname: '/json/version'
    },
    _ended: true,
    _ending: true,
    _redirectCount: 0,
    _redirects: [],
    _requestBodyLength: 0,
    _requestBodyBuffers: [],
    _eventsCount: 3,
    _onNativeResponse: [Function (anonymous)],
    _currentRequest: ClientRequest {
      _events: [Object: null prototype],
      _eventsCount: 7,
      _maxListeners: undefined,
      outputData: [],
      outputSize: 0,
      writable: true,
      destroyed: false,
      _last: true,
      chunkedEncoding: false,
      shouldKeepAlive: false,
      maxRequestsOnConnectionReached: false,
      _defaultKeepAlive: true,
      useChunkedEncodingByDefault: false,
      sendDate: false,
      _removedConnection: false,
      _removedContLen: false,
      _removedTE: false,
      strictContentLength: false,
      _contentLength: 0,
      _hasBody: true,
      _trailer: '',
      finished: true,
      _headerSent: true,
      _closed: false,
      socket: [Socket],
      _header: 'GET /json/version HTTP/1.1\r\n' +
        'Accept: application/json, text/plain, */*\r\n' +
        'User-Agent: axios/1.7.7\r\n' +
        'Accept-Encoding: gzip, compress, deflate, br\r\n' +
        'Host: 127.0.0.1:10900\r\n' +
        'Connection: close\r\n' +
        '\r\n',
      _keepAliveTimeout: 0,
      _onPendingData: [Function: nop],
      agent: [Agent],
      socketPath: undefined,
      method: 'GET',
      maxHeaderSize: undefined,
      insecureHTTPParser: undefined,
      joinDuplicateHeaders: undefined,
      path: '/json/version',
      _ended: false,
      res: null,
      aborted: false,
      timeoutCb: null,
      upgradeOrConnect: false,
      parser: null,
      maxHeadersCount: null,
      reusedSocket: false,
      host: '127.0.0.1',
      protocol: 'http:',
      _redirectable: [Circular *1],
      [Symbol(shapeMode)]: false,
      [Symbol(kCapture)]: false,
      [Symbol(kBytesWritten)]: 0,
      [Symbol(kNeedDrain)]: false,
      [Symbol(corked)]: 0,
      [Symbol(kOutHeaders)]: [Object: null prototype],
      [Symbol(errored)]: null,
      [Symbol(kHighWaterMark)]: 16384,
      [Symbol(kRejectNonStandardBodyWrites)]: false,
      [Symbol(kUniqueHeaders)]: null
    },
    _currentUrl: 'http://127.0.0.1:10900/json/version',
    _timeout: null,
    [Symbol(shapeMode)]: true,
    [Symbol(kCapture)]: false
  },
  cause: Error: socket hang up
      at Socket.socketOnEnd (node:_http_client:535:25)
      at Socket.emit (node:events:531:35)
      at endReadableNT (node:internal/streams/readable:1696:12)
      at processTicksAndRejections (node:internal/process/task_queues:82:21) {
    code: 'ECONNRESET'
  }
}
&amp#27;[38;5;193m[eb903da1]&amp#27;[0m&amp#27;[38;5;229m[ADB]&amp#27;[0m Removing forwarded port socket connection: 10900 
&amp#27;[38;5;193m[eb903da1]&amp#27;[0m&amp#27;[38;5;229m[ADB]&amp#27;[0m Running 'C:\Users\User1\AppData\Local\Android\Sdk\platform-tools\adb.exe -P 5037 -s emulator-5554 forward --remove tcp:10900'
&amp#27;[38;5;193m[eb903da1]&amp#27;[0m&amp#27;[38;5;229m[ADB]&amp#27;[0m Running 'C:\Users\User1\AppData\Local\Android\Sdk\platform-tools\adb.exe -P 5037 -s emulator-5554 forward tcp:10900 localabstract:webview_devtools_remote_30247'
&amp#27;[38;5;193m[eb903da1]&amp#27;[0m&amp#27;[38;5;229m[ADB]&amp#27;[0m Removing forwarded port socket connection: 10900 
&amp#27;[38;5;193m[eb903da1]&amp#27;[0m&amp#27;[38;5;229m[ADB]&amp#27;[0m Running 'C:\Users\User1\AppData\Local\Android\Sdk\platform-tools\adb.exe -P 5037 -s emulator-5554 forward --remove tcp:10900'
&amp#27;[38;5;193m[eb903da1]&amp#27;[0m&amp#27;[38;5;-104m[AndroidUiautomator2Driver@c8fd]&amp#27;[0m CDP data collection completed
&amp#27;[38;5;193m[eb903da1]&amp#27;[0m&amp#27;[38;5;-104m[AndroidUiautomator2Driver@c8fd]&amp#27;[0m WEBVIEW_30247 mapped to pid 30247
&amp#27;[38;5;193m[eb903da1]&amp#27;[0m&amp#27;[38;5;-104m[AndroidUiautomator2Driver@c8fd]&amp#27;[0m Getting process name for webview 'WEBVIEW_30247'
&amp#27;[38;5;193m[eb903da1]&amp#27;[0m&amp#27;[38;5;229m[ADB]&amp#27;[0m Running 'C:\Users\User1\AppData\Local\Android\Sdk\platform-tools\adb.exe -P 5037 -s emulator-5554 shell ps --help'
&amp#27;[38;5;193m[eb903da1]&amp#27;[0m&amp#27;[38;5;229m[ADB]&amp#27;[0m Running 'C:\Users\User1\AppData\Local\Android\Sdk\platform-tools\adb.exe -P 5037 -s emulator-5554 shell ps -A'
&amp#27;[38;5;193m[eb903da1]&amp#27;[0m&amp#27;[38;5;-104m[AndroidUiautomator2Driver@c8fd]&amp#27;[0m Got process name: 'com.androidsample.generalstore'
&amp#27;[38;5;193m[eb903da1]&amp#27;[0m&amp#27;[38;5;-104m[AndroidUiautomator2Driver@c8fd]&amp#27;[0m Skipping the webview 'WEBVIEW_stetho_com.google.android.apps.messaging' at '@stetho_com.google.android.apps.messaging_devtools_remote' since it has reported having zero pages
&amp#27;[38;5;193m[eb903da1]&amp#27;[0m&amp#27;[38;5;-104m[AndroidUiautomator2Driver@c8fd]&amp#27;[0m Found 1 webview: ["WEBVIEW_com.androidsample.generalstore"]
&amp#27;[38;5;193m[eb903da1]&amp#27;[0m&amp#27;[38;5;-104m[AndroidUiautomator2Driver@c8fd]&amp#27;[0m Available contexts: ["NATIVE_APP","WEBVIEW_com.androidsample.generalstore"]
&amp#27;[38;5;193m[eb903da1]&amp#27;[0m&amp#27;[38;5;-104m[AndroidUiautomator2Driver@c8fd]&amp#27;[0m Connecting to chrome-backed webview context 'WEBVIEW_com.androidsample.generalstore'
&amp#27;[38;5;193m[eb903da1]&amp#27;[0m&amp#27;[38;5;-104m[AndroidUiautomator2Driver@c8fd]&amp#27;[0m A port was not given, using random free port: 59946
&amp#27;[38;5;193m[eb903da1]&amp#27;[0m&amp#27;[38;5;-104m[AndroidUiautomator2Driver@c8fd]&amp#27;[0m Passing web view details to the Chromedriver constructor: {
  "info": {
    "Android-Package": "com.androidsample.generalstore",
    "Browser": "Chrome/133.0.6943.137",
    "Protocol-Version": "1.3",
    "User-Agent": "Mozilla/5.0 (Linux; Android 15; sdk_gphone64_x86_64 Build/AE3A.240806.036; wv) AppleWebKit/537.36 (KHTML, like Gecko) Version/4.0 Chrome/133.0.6943.137 Mobile Safari/537.36",
    "V8-Version": "13.3.415.23",
    "WebKit-Version": "537.36 (@49ec12cc413ffec766028509968b31d7d65fa0b7)",
    "webSocketDebuggerUrl": "ws://127.0.0.1:10900/devtools/browser"
  },
  "process": {
    "name": "com.androidsample.generalstore",
    "id": "30247"
  }
}
&amp#27;[38;5;193m[eb903da1]&amp#27;[0m&amp#27;[38;5;-104m[AndroidUiautomator2Driver@c8fd]&amp#27;[0m Automated Chromedriver download is disabled. Use 'chromedriver_autodownload' server feature to enable it
&amp#27;[38;5;193m[eb903da1]&amp#27;[0m&amp#27;[38;5;-104m[AndroidUiautomator2Driver@c8fd]&amp#27;[0m Precalculated Chromedriver capabilities: {
  "androidPackage": "com.androidsample.generalstore",
  "androidUseRunningApp": true,
  "androidProcess": "com.androidsample.generalstore",
  "androidDeviceSerial": "emulator-5554"
}
&amp#27;[38;5;193m[eb903da1]&amp#27;[0m&amp#27;[38;5;-104m[AndroidUiautomator2Driver@c8fd]&amp#27;[0m Before starting chromedriver, androidPackage is 'com.androidsample.generalstore'
&amp#27;[38;5;193m[eb903da1]&amp#27;[0m&amp#27;[38;5;116m[Chromedriver@94fa]&amp#27;[0m Changed state to 'starting'
&amp#27;[38;5;193m[eb903da1]&amp#27;[0m&amp#27;[38;5;116m[Chromedriver@94fa]&amp#27;[0m Set chromedriver binary as: C://Users//User1//Downloads//chromedriver-win64//chromedriver-win64//chromedriver.exe
&amp#27;[38;5;193m[eb903da1]&amp#27;[0m&amp#27;[38;5;116m[Chromedriver@94fa]&amp#27;[0m Killing any old chromedrivers, running: wmic process where "commandline like '%chromedriver.exe%--port=59946%'" delete
&amp#27;[38;5;193m[eb903da1]&amp#27;[0m&amp#27;[38;5;116m[Chromedriver@94fa]&amp#27;[0m Successfully cleaned up old chromedrivers
&amp#27;[38;5;193m[eb903da1]&amp#27;[0m&amp#27;[38;5;116m[Chromedriver@94fa]&amp#27;[0m Cleaning this device's adb forwarded port socket connections: emulator-5554
&amp#27;[38;5;193m[eb903da1]&amp#27;[0m&amp#27;[38;5;229m[ADB]&amp#27;[0m List forwarding ports
&amp#27;[38;5;193m[eb903da1]&amp#27;[0m&amp#27;[38;5;229m[ADB]&amp#27;[0m Running 'C:\Users\User1\AppData\Local\Android\Sdk\platform-tools\adb.exe -P 5037 -s emulator-5554 forward --list'
&amp#27;[38;5;193m[eb903da1]&amp#27;[0m&amp#27;[38;5;116m[Chromedriver@94fa]&amp#27;[0m Spawning chromedriver with: C://Users//User1//Downloads//chromedriver-win64//chromedriver-win64//chromedriver.exe --port=59946 --adb-port=5037 --verbose
&amp#27;[38;5;193m[eb903da1]&amp#27;[0m&amp#27;[38;5;116m[Chromedriver@94fa]&amp#27;[0m ChromeDriver version: '133.0.6943.141'
&amp#27;[38;5;193m[eb903da1]&amp#27;[0m&amp#27;[38;5;116m[Chromedriver@94fa]&amp#27;[0m Set ChromeDriver communication protocol to W3C
&amp#27;[38;5;193m[eb903da1]&amp#27;[0m&amp#27;[38;5;116m[Chromedriver@94fa]&amp#27;[0m Matched '/status' to command name 'getStatus'
&amp#27;[38;5;193m[eb903da1]&amp#27;[0m&amp#27;[38;5;116m[Chromedriver@94fa]&amp#27;[0m Proxying [GET /status] to [GET http://127.0.0.1:59946/status] with no body
&amp#27;[38;5;193m[eb903da1]&amp#27;[0m&amp#27;[38;5;116m[Chromedriver@94fa]&amp#27;[0m connect ECONNREFUSED 127.0.0.1:59946
&amp#27;[38;5;193m[eb903da1]&amp#27;[0m&amp#27;[38;5;116m[Chromedriver@94fa]&amp#27;[0m Matched '/status' to command name 'getStatus'
&amp#27;[38;5;193m[eb903da1]&amp#27;[0m&amp#27;[38;5;116m[Chromedriver@94fa]&amp#27;[0m Proxying [GET /status] to [GET http://127.0.0.1:59946/status] with no body
&amp#27;[38;5;193m[eb903da1]&amp#27;[0m&amp#27;[38;5;116m[Chromedriver@94fa]&amp#27;[0m Got response with status 200: {"value":{"build":{"version":"133.0.6943.141 (2a5d6da0d6165d7b107502095a937fe7704fcef6-refs/branch-heads/6943@{#1912})"},"message":"ChromeDriver ready for new sessions.","os":{"arch":"x86_64","name":"Windows NT","version":"10.0.26100"},"ready":true}}
&amp#27;[38;5;193m[eb903da1]&amp#27;[0m&amp#27;[38;5;116m[Chromedriver@94fa]&amp#27;[0m Starting W3C Chromedriver session with capabilities: {
  "capabilities": {
    "alwaysMatch": {
      "goog:chromeOptions": {
        "androidPackage": "com.androidsample.generalstore",
        "androidUseRunningApp": true,
        "androidProcess": "com.androidsample.generalstore",
        "androidDeviceSerial": "emulator-5554"
      },
      "goog:loggingPrefs": {
        "browser": "ALL"
      }
    }
  }
}
&amp#27;[38;5;193m[eb903da1]&amp#27;[0m&amp#27;[38;5;116m[Chromedriver@94fa]&amp#27;[0m Matched '/session' to command name 'createSession'
&amp#27;[38;5;193m[eb903da1]&amp#27;[0m&amp#27;[38;5;116m[Chromedriver@94fa]&amp#27;[0m Proxying [POST /session] to [POST http://127.0.0.1:59946/session] with body: {"capabilities":{"alwaysMatch":{"goog:chromeOptions":{"androidPackage":"com.androidsample.generalstore","androidUseRunningApp":true,"androidProcess":"com.androidsample.generalstore","androidDeviceSerial":"emulator-5554"},"goog:loggingPrefs":{"browser":"ALL"}}}}
&amp#27;[38;5;193m[eb903da1]&amp#27;[0m&amp#27;[38;5;116m[Chromedriver@94fa]&amp#27;[0m Webview version: 'Chrome/133.0.6943.137'
&amp#27;[38;5;193m[eb903da1]&amp#27;[0m&amp#27;[38;5;116m[Chromedriver@94fa]&amp#27;[0m Got response with status 200: {"value":{"capabilities":{"acceptInsecureCerts":false,"browserName":"chrome","browserVersion":"133.0.6943.137","chrome":{"chromedriverVersion":"133.0.6943.141 (2a5d6da0d6165d7b107502095a937fe7704fcef6-refs/branch-heads/6943@{#1912})"},"fedcm:accounts":true,"goog:chromeOptions":{"debuggerAddress":"localhost:59962"},"pageLoadStrategy":"normal","platformName":"android","proxy":{},"setWindowRect":false,"strictFileInteractability":false,"timeouts":{"implicit":0,"pageLoad":300000,"script":30000},"unhandledPromptBehavior":"dismiss and notify","webauthn:extension:credBlob":false,"webauthn:extension:largeBlob":false,"webauthn:extension:minPinLength":false,"webauthn:extension:prf":false,"webauthn:virtualAuthenticators":false},"sessionId":"65bfcb81da9e9ab2ea2a2cc9236816c3"}}
&amp#27;[38;5;193m[eb903da1]&amp#27;[0m&amp#27;[38;5;116m[Chromedriver@94fa]&amp#27;[0m Determined the downstream protocol as 'W3C'
&amp#27;[38;5;193m[eb903da1]&amp#27;[0m&amp#27;[38;5;116m[Chromedriver@94fa]&amp#27;[0m Changed state to 'online'
&amp#27;[38;5;193m[eb903da1]&amp#27;[0m&amp#27;[38;5;-104m[AndroidUiautomator2Driver@c8fd]&amp#27;[0m Responding to client with driver.setContext() result: null
&amp#27;[38;5;193m[eb903da1]&amp#27;[0m&amp#27;[38;5;86m[HTTP]&amp#27;[0m &amp#27;[37m<-- POST /session/eb903da1-dca5-48b8-838c-e73da3f9036b/context &amp#27;[39m&amp#27;[32m200&amp#27;[39m &amp#27;[90m2222 ms - 14&amp#27;[39m &amp#27;[90m&amp#27;[39m
&amp#27;[38;5;193m[eb903da1]&amp#27;[0m&amp#27;[38;5;86m[HTTP]&amp#27;[0m &amp#27;[37m-->&amp#27;[39m &amp#27;[37mPOST&amp#27;[39m &amp#27;[37m/session/eb903da1-dca5-48b8-838c-e73da3f9036b/element&amp#27;[39m &amp#27;[90m{"using":"name","value":"q"}&amp#27;[39m
&amp#27;[38;5;193m[eb903da1]&amp#27;[0m&amp#27;[38;5;-104m[AndroidUiautomator2Driver@c8fd]&amp#27;[0m Driver proxy active, passing request on via HTTP proxy
&amp#27;[38;5;193m[eb903da1]&amp#27;[0m&amp#27;[38;5;116m[Chromedriver@94fa]&amp#27;[0m Matched '/session/eb903da1-dca5-48b8-838c-e73da3f9036b/element' to command name 'findElement'
&amp#27;[38;5;193m[eb903da1]&amp#27;[0m&amp#27;[38;5;116m[Chromedriver@94fa]&amp#27;[0m Proxying [POST /session/eb903da1-dca5-48b8-838c-e73da3f9036b/element] to [POST http://127.0.0.1:59946/session/65bfcb81da9e9ab2ea2a2cc9236816c3/element] with body: {"using":"name","value":"q"}
&amp#27;[38;5;193m[eb903da1]&amp#27;[0m&amp#27;[38;5;116m[Chromedriver@94fa]&amp#27;[0m Got response with status 400: {"value":{"error":"invalid argument","message":"invalid argument: invalid locator\n  (Session info: chrome=133.0.6943.137)","stacktrace":"\tGetHandleVerifier [0x00007FF66E53C6A5+28789]\n\t(No symbol) [0x00007FF66E4A5B20]\n\t(No symbol) [0x00007FF66E338F9A]\n\t(No symbol) [0x00007FF66E38F11A]\n\t(No symbol) [0x00007FF66E38F57C]\n\t(No symbol) [0x00007FF66E3E2B17]\n\t(No symbol) [0x00007FF66E3B736F]\n\t(No symbol) [0x00007FF66E3DF7E3]\n\t(No symbol) [0x00007FF66E3B7103]\n\t(No symbol) [0x00007FF66E37FFC0]\n\t(No symbol) [0x00007FF66E381273]\n\tGetHandleVerifier [0x00007FF66E881AED+3458237]\n\tGetHandleVerifier [0x00007FF66E89829C+3550316]\n\tGetHandleVerifier [0x00007FF66E88DB9D+3507565]\n\tGetHandleVerifier [0x00007FF66E602C6A+841274]\n\t(No symbol) [0x00007FF66E4B09EF]\n\t(No symbol) [0x00007FF66E4ACB34]\n\t(No symbol) [0x00007FF66E4ACCD6]\n\t(No symbol) [0x00007FF66E49C119]\n\tBaseThreadInitThunk [0x00007FF956D2E8D7+23]\n\tRtlUserThreadStart [0x00007FF9578D14FC+44]\n"}}
&amp#27;[38;5;193m[eb903da1]&amp#27;[0m&amp#27;[38;5;123m[W3C]&amp#27;[0m Matched W3C error code 'invalid argument' to InvalidArgumentError
&amp#27;[38;5;193m[eb903da1]&amp#27;[0m&amp#27;[38;5;86m[HTTP]&amp#27;[0m &amp#27;[37m<-- POST /session/eb903da1-dca5-48b8-838c-e73da3f9036b/element &amp#27;[39m&amp#27;[33m400&amp#27;[39m &amp#27;[90m136 ms - 985&amp#27;[39m &amp#27;[90m&amp#27;[39m
&amp#27;[38;5;193m[eb903da1]&amp#27;[0m&amp#27;[38;5;86m[HTTP]&amp#27;[0m &amp#27;[37m-->&amp#27;[39m &amp#27;[37mPOST&amp#27;[39m &amp#27;[37m/session/eb903da1-dca5-48b8-838c-e73da3f9036b/element&amp#27;[39m &amp#27;[90m{"using":"css selector","value":"*[name='q']"}&amp#27;[39m
&amp#27;[38;5;193m[eb903da1]&amp#27;[0m&amp#27;[38;5;-104m[AndroidUiautomator2Driver@c8fd]&amp#27;[0m Driver proxy active, passing request on via HTTP proxy
&amp#27;[38;5;193m[eb903da1]&amp#27;[0m&amp#27;[38;5;116m[Chromedriver@94fa]&amp#27;[0m Matched '/session/eb903da1-dca5-48b8-838c-e73da3f9036b/element' to command name 'findElement'
&amp#27;[38;5;193m[eb903da1]&amp#27;[0m&amp#27;[38;5;116m[Chromedriver@94fa]&amp#27;[0m Proxying [POST /session/eb903da1-dca5-48b8-838c-e73da3f9036b/element] to [POST http://127.0.0.1:59946/session/65bfcb81da9e9ab2ea2a2cc9236816c3/element] with body: {"using":"css selector","value":"*[name='q']"}
&amp#27;[38;5;193m[eb903da1]&amp#27;[0m&amp#27;[38;5;116m[Chromedriver@94fa]&amp#27;[0m Got response with status 200: {"value":{"element-6066-11e4-a52e-4f735466cecf":"f.E67F5B2839142716A57B3EA69C4BE7FE.d.306ACCFBA1EFDC7D661545CA15BFB7BF.e.4"}}
&amp#27;[38;5;193m[eb903da1]&amp#27;[0m&amp#27;[38;5;86m[HTTP]&amp#27;[0m &amp#27;[37m<-- POST /session/eb903da1-dca5-48b8-838c-e73da3f9036b/element &amp#27;[39m&amp#27;[32m200&amp#27;[39m &amp#27;[90m74 ms - 211&amp#27;[39m &amp#27;[90m&amp#27;[39m
&amp#27;[38;5;193m[eb903da1]&amp#27;[0m&amp#27;[38;5;86m[HTTP]&amp#27;[0m &amp#27;[37m-->&amp#27;[39m &amp#27;[37mPOST&amp#27;[39m &amp#27;[37m/session/eb903da1-dca5-48b8-838c-e73da3f9036b/element/f.E67F5B2839142716A57B3EA69C4BE7FE.d.306ACCFBA1EFDC7D661545CA15BFB7BF.e.4/value&amp#27;[39m &amp#27;[90m{"value":["D","e","v","s","t","r","i","n","g","x"],"text":"Devstringx","id":"f.E67F5B2839142716A57B3EA69C4BE7FE.d.306ACCFBA1EFDC7D661545CA15BFB7BF.e.4"}&amp#27;[39m
&amp#27;[38;5;193m[eb903da1]&amp#27;[0m&amp#27;[38;5;-104m[AndroidUiautomator2Driver@c8fd]&amp#27;[0m Driver proxy active, passing request on via HTTP proxy
&amp#27;[38;5;193m[eb903da1]&amp#27;[0m&amp#27;[38;5;116m[Chromedriver@94fa]&amp#27;[0m Matched '/session/eb903da1-dca5-48b8-838c-e73da3f9036b/element/f.E67F5B2839142716A57B3EA69C4BE7FE.d.306ACCFBA1EFDC7D661545CA15BFB7BF.e.4/value' to command name 'setValue'
&amp#27;[38;5;193m[eb903da1]&amp#27;[0m&amp#27;[38;5;116m[Chromedriver@94fa]&amp#27;[0m Proxying [POST /session/eb903da1-dca5-48b8-838c-e73da3f9036b/element/f.E67F5B2839142716A57B3EA69C4BE7FE.d.306ACCFBA1EFDC7D661545CA15BFB7BF.e.4/value] to [POST http://127.0.0.1:59946/session/65bfcb81da9e9ab2ea2a2cc9236816c3/element/f.E67F5B2839142716A57B3EA69C4BE7FE.d.306ACCFBA1EFDC7D661545CA15BFB7BF.e.4/value] with body: {"value":["D","e","v","s","t","r","i","n","g","x"],"text":"Devstringx","id":"f.E67F5B2839142716A57B3EA69C4BE7FE.d.306ACCFBA1EFDC7D661545CA15BFB7BF.e.4"}
&amp#27;[38;5;193m[eb903da1]&amp#27;[0m&amp#27;[38;5;116m[Chromedriver@94fa]&amp#27;[0m Got response with status 200: {"value":null}
&amp#27;[38;5;193m[eb903da1]&amp#27;[0m&amp#27;[38;5;86m[HTTP]&amp#27;[0m &amp#27;[37m<-- POST /session/eb903da1-dca5-48b8-838c-e73da3f9036b/element/f.E67F5B2839142716A57B3EA69C4BE7FE.d.306ACCFBA1EFDC7D661545CA15BFB7BF.e.4/value &amp#27;[39m&amp#27;[32m200&amp#27;[39m &amp#27;[90m759 ms - 14&amp#27;[39m &amp#27;[90m&amp#27;[39m
&amp#27;[38;5;193m[eb903da1]&amp#27;[0m&amp#27;[38;5;86m[HTTP]&amp#27;[0m &amp#27;[37m-->&amp#27;[39m &amp#27;[37mPOST&amp#27;[39m &amp#27;[37m/session/eb903da1-dca5-48b8-838c-e73da3f9036b/element&amp#27;[39m &amp#27;[90m{"using":"css selector","value":"*[name='q']"}&amp#27;[39m
&amp#27;[38;5;193m[eb903da1]&amp#27;[0m&amp#27;[38;5;-104m[AndroidUiautomator2Driver@c8fd]&amp#27;[0m Driver proxy active, passing request on via HTTP proxy
&amp#27;[38;5;193m[eb903da1]&amp#27;[0m&amp#27;[38;5;116m[Chromedriver@94fa]&amp#27;[0m Matched '/session/eb903da1-dca5-48b8-838c-e73da3f9036b/element' to command name 'findElement'
&amp#27;[38;5;193m[eb903da1]&amp#27;[0m&amp#27;[38;5;116m[Chromedriver@94fa]&amp#27;[0m Proxying [POST /session/eb903da1-dca5-48b8-838c-e73da3f9036b/element] to [POST http://127.0.0.1:59946/session/65bfcb81da9e9ab2ea2a2cc9236816c3/element] with body: {"using":"css selector","value":"*[name='q']"}
&amp#27;[38;5;193m[eb903da1]&amp#27;[0m&amp#27;[38;5;116m[Chromedriver@94fa]&amp#27;[0m Got response with status 200: {"value":{"element-6066-11e4-a52e-4f735466cecf":"f.E67F5B2839142716A57B3EA69C4BE7FE.d.306ACCFBA1EFDC7D661545CA15BFB7BF.e.4"}}
&amp#27;[38;5;193m[eb903da1]&amp#27;[0m&amp#27;[38;5;86m[HTTP]&amp#27;[0m &amp#27;[37m<-- POST /session/eb903da1-dca5-48b8-838c-e73da3f9036b/element &amp#27;[39m&amp#27;[32m200&amp#27;[39m &amp#27;[90m288 ms - 211&amp#27;[39m &amp#27;[90m&amp#27;[39m
&amp#27;[38;5;193m[eb903da1]&amp#27;[0m&amp#27;[38;5;86m[HTTP]&amp#27;[0m &amp#27;[37m-->&amp#27;[39m &amp#27;[37mPOST&amp#27;[39m &amp#27;[37m/session/eb903da1-dca5-48b8-838c-e73da3f9036b/element/f.E67F5B2839142716A57B3EA69C4BE7FE.d.306ACCFBA1EFDC7D661545CA15BFB7BF.e.4/value&amp#27;[39m &amp#27;[90m{"value":[""],"text":"","id":"f.E67F5B2839142716A57B3EA69C4BE7FE.d.306ACCFBA1EFDC7D661545CA15BFB7BF.e.4"}&amp#27;[39m
&amp#27;[38;5;193m[eb903da1]&amp#27;[0m&amp#27;[38;5;-104m[AndroidUiautomator2Driver@c8fd]&amp#27;[0m Driver proxy active, passing request on via HTTP proxy
&amp#27;[38;5;193m[eb903da1]&amp#27;[0m&amp#27;[38;5;116m[Chromedriver@94fa]&amp#27;[0m Matched '/session/eb903da1-dca5-48b8-838c-e73da3f9036b/element/f.E67F5B2839142716A57B3EA69C4BE7FE.d.306ACCFBA1EFDC7D661545CA15BFB7BF.e.4/value' to command name 'setValue'
&amp#27;[38;5;193m[eb903da1]&amp#27;[0m&amp#27;[38;5;116m[Chromedriver@94fa]&amp#27;[0m Proxying [POST /session/eb903da1-dca5-48b8-838c-e73da3f9036b/element/f.E67F5B2839142716A57B3EA69C4BE7FE.d.306ACCFBA1EFDC7D661545CA15BFB7BF.e.4/value] to [POST http://127.0.0.1:59946/session/65bfcb81da9e9ab2ea2a2cc9236816c3/element/f.E67F5B2839142716A57B3EA69C4BE7FE.d.306ACCFBA1EFDC7D661545CA15BFB7BF.e.4/value] with body: {"value":[""],"text":"","id":"f.E67F5B2839142716A57B3EA69C4BE7FE.d.306ACCFBA1EFDC7D661545CA15BFB7BF.e.4"}
&amp#27;[38;5;193m[eb903da1]&amp#27;[0m&amp#27;[38;5;116m[Chromedriver@94fa]&amp#27;[0m Got response with status 200: {"value":null}
&amp#27;[38;5;193m[eb903da1]&amp#27;[0m&amp#27;[38;5;86m[HTTP]&amp#27;[0m &amp#27;[37m<-- POST /session/eb903da1-dca5-48b8-838c-e73da3f9036b/element/f.E67F5B2839142716A57B3EA69C4BE7FE.d.306ACCFBA1EFDC7D661545CA15BFB7BF.e.4/value &amp#27;[39m&amp#27;[32m200&amp#27;[39m &amp#27;[90m368 ms - 14&amp#27;[39m &amp#27;[90m&amp#27;[39m
&amp#27;[38;5;193m[eb903da1]&amp#27;[0m&amp#27;[38;5;86m[HTTP]&amp#27;[0m &amp#27;[37m-->&amp#27;[39m &amp#27;[37mPOST&amp#27;[39m &amp#27;[37m/session/eb903da1-dca5-48b8-838c-e73da3f9036b/execute/sync&amp#27;[39m &amp#27;[90m{"script":"mobile: pressKey","args":[{"keycode":4}]}&amp#27;[39m
&amp#27;[38;5;193m[eb903da1]&amp#27;[0m&amp#27;[38;5;-104m[AndroidUiautomator2Driver@c8fd]&amp#27;[0m Calling AppiumDriver.execute() with args: ["mobile: pressKey",[{"keycode":4}],"eb903da1-dca5-48b8-838c-e73da3f9036b"]
&amp#27;[38;5;193m[eb903da1]&amp#27;[0m&amp#27;[38;5;-104m[AndroidUiautomator2Driver@c8fd]&amp#27;[0m Executing native command 'mobile: pressKey'
&amp#27;[38;5;193m[eb903da1]&amp#27;[0m&amp#27;[38;5;-104m[AndroidUiautomator2Driver@c8fd]&amp#27;[0m Matched '/appium/device/press_keycode' to command name 'pressKeyCode'
&amp#27;[38;5;193m[eb903da1]&amp#27;[0m&amp#27;[38;5;-104m[AndroidUiautomator2Driver@c8fd]&amp#27;[0m Proxying [POST /appium/device/press_keycode] to [POST http://127.0.0.1:8201/session/cc6b1fb1-42af-4a1d-a198-8e8465e29330/appium/device/press_keycode] with body: {"keycode":4}
&amp#27;[38;5;193m[eb903da1]&amp#27;[0m&amp#27;[38;5;-104m[AndroidUiautomator2Driver@c8fd]&amp#27;[0m Got response with status 200: {"sessionId":"cc6b1fb1-42af-4a1d-a198-8e8465e29330","value":null}
&amp#27;[38;5;193m[eb903da1]&amp#27;[0m&amp#27;[38;5;-104m[AndroidUiautomator2Driver@c8fd]&amp#27;[0m Responding to client with driver.execute() result: null
&amp#27;[38;5;193m[eb903da1]&amp#27;[0m&amp#27;[38;5;86m[HTTP]&amp#27;[0m &amp#27;[37m<-- POST /session/eb903da1-dca5-48b8-838c-e73da3f9036b/execute/sync &amp#27;[39m&amp#27;[32m200&amp#27;[39m &amp#27;[90m1537 ms - 14&amp#27;[39m &amp#27;[90m&amp#27;[39m
&amp#27;[38;5;193m[eb903da1]&amp#27;[0m&amp#27;[38;5;86m[HTTP]&amp#27;[0m &amp#27;[37m-->&amp#27;[39m &amp#27;[37mPOST&amp#27;[39m &amp#27;[37m/session/eb903da1-dca5-48b8-838c-e73da3f9036b/context&amp#27;[39m &amp#27;[90m{"name":"NATIVE_APP"}&amp#27;[39m
&amp#27;[38;5;193m[eb903da1]&amp#27;[0m&amp#27;[38;5;-104m[AndroidUiautomator2Driver@c8fd]&amp#27;[0m Calling AppiumDriver.setContext() with args: ["NATIVE_APP","eb903da1-dca5-48b8-838c-e73da3f9036b"]
&amp#27;[38;5;193m[eb903da1]&amp#27;[0m&amp#27;[38;5;-104m[AndroidUiautomator2Driver@c8fd]&amp#27;[0m Getting a list of available webviews
&amp#27;[38;5;193m[eb903da1]&amp#27;[0m&amp#27;[38;5;229m[ADB]&amp#27;[0m Running 'C:\Users\User1\AppData\Local\Android\Sdk\platform-tools\adb.exe -P 5037 -s emulator-5554 shell cat /proc/net/unix'
&amp#27;[38;5;193m[eb903da1]&amp#27;[0m&amp#27;[38;5;-104m[AndroidUiautomator2Driver@c8fd]&amp#27;[0m Parsed 2 active devtools sockets: ["@stetho_com.google.android.apps.messaging_devtools_remote","@webview_devtools_remote_30247"]
&amp#27;[38;5;193m[eb903da1]&amp#27;[0m&amp#27;[38;5;-104m[AndroidUiautomator2Driver@c8fd]&amp#27;[0m Collecting CDP data of 2 webviews
&amp#27;[38;5;193m[eb903da1]&amp#27;[0m&amp#27;[38;5;-104m[AndroidUiautomator2Driver@c8fd]&amp#27;[0m Forwarding remote port stetho_com.google.android.apps.messaging_devtools_remote to a local port in range 10900..11000
&amp#27;[38;5;193m[eb903da1]&amp#27;[0m&amp#27;[38;5;-104m[AndroidUiautomator2Driver@c8fd]&amp#27;[0m You could use the 'webviewDevtoolsPort' capability to customize the starting port number
&amp#27;[38;5;193m[eb903da1]&amp#27;[0m&amp#27;[38;5;-104m[AndroidUiautomator2Driver@c8fd]&amp#27;[0m Forwarding remote port webview_devtools_remote_30247 to a local port in range 10900..11000
&amp#27;[38;5;193m[eb903da1]&amp#27;[0m&amp#27;[38;5;-104m[AndroidUiautomator2Driver@c8fd]&amp#27;[0m You could use the 'webviewDevtoolsPort' capability to customize the starting port number
&amp#27;[38;5;193m[eb903da1]&amp#27;[0m&amp#27;[38;5;229m[ADB]&amp#27;[0m Running 'C:\Users\User1\AppData\Local\Android\Sdk\platform-tools\adb.exe -P 5037 -s emulator-5554 forward tcp:10900 localabstract:stetho_com.google.android.apps.messaging_devtools_remote'
&amp#27;[38;5;193m[eb903da1]&amp#27;[0m&amp#27;[38;5;-104m[AndroidUiautomator2Driver@c8fd]&amp#27;[0m Error: socket hang up
    at Function.AxiosError.from (C:\Users\User1\.appium\node_modules\appium-uiautomator2-driver\node_modules\axios\lib\core\AxiosError.js:92:14)
    at RedirectableRequest.handleRequestError (C:\Users\User1\.appium\node_modules\appium-uiautomator2-driver\node_modules\axios\lib\adapters\http.js:620:25)
    at RedirectableRequest.emit (node:events:531:35)
    at ClientRequest.eventHandlers.<computed> (C:\Users\User1\.appium\node_modules\appium-uiautomator2-driver\node_modules\follow-redirects\index.js:49:24)
    at ClientRequest.emit (node:events:519:28)
    at emitErrorEvent (node:_http_client:108:11)
    at Socket.socketOnEnd (node:_http_client:535:5)
    at Socket.emit (node:events:531:35)
    at endReadableNT (node:internal/streams/readable:1696:12)
    at processTicksAndRejections (node:internal/process/task_queues:82:21)
    at Axios.request (C:\Users\User1\.appium\node_modules\appium-uiautomator2-driver\node_modules\axios\lib\core\Axios.js:45:41)
    at processTicksAndRejections (node:internal/process/task_queues:95:5)
    at cdpGetRequest (C:\Users\User1\.appium\node_modules\appium-uiautomator2-driver\node_modules\appium-android-driver\lib\commands\context\helpers.js:100:5)
    at C:\Users\User1\.appium\node_modules\appium-uiautomator2-driver\node_modules\appium-android-driver\lib\commands\context\helpers.js:388:25
 AxiosError: socket hang up
    at Function.AxiosError.from (C:\Users\User1\.appium\node_modules\appium-uiautomator2-driver\node_modules\axios\lib\core\AxiosError.js:92:14)
    at RedirectableRequest.handleRequestError (C:\Users\User1\.appium\node_modules\appium-uiautomator2-driver\node_modules\axios\lib\adapters\http.js:620:25)
    at RedirectableRequest.emit (node:events:531:35)
    at ClientRequest.eventHandlers.<computed> (C:\Users\User1\.appium\node_modules\appium-uiautomator2-driver\node_modules\follow-redirects\index.js:49:24)
    at ClientRequest.emit (node:events:519:28)
    at emitErrorEvent (node:_http_client:108:11)
    at Socket.socketOnEnd (node:_http_client:535:5)
    at Socket.emit (node:events:531:35)
    at endReadableNT (node:internal/streams/readable:1696:12)
    at processTicksAndRejections (node:internal/process/task_queues:82:21)
    at Axios.request (C:\Users\User1\.appium\node_modules\appium-uiautomator2-driver\node_modules\axios\lib\core\Axios.js:45:41)
    at processTicksAndRejections (node:internal/process/task_queues:95:5)
    at cdpGetRequest (C:\Users\User1\.appium\node_modules\appium-uiautomator2-driver\node_modules\appium-android-driver\lib\commands\context\helpers.js:100:5)
    at C:\Users\User1\.appium\node_modules\appium-uiautomator2-driver\node_modules\appium-android-driver\lib\commands\context\helpers.js:388:25 {
  code: 'ECONNRESET',
  config: {
    transitional: {
      silentJSONParsing: true,
      forcedJSONParsing: true,
      clarifyTimeoutError: false
    },
    adapter: [ 'xhr', 'http', 'fetch' ],
    transformRequest: [ [Function: transformRequest] ],
    transformResponse: [ [Function: transformResponse] ],
    timeout: 2000,
    xsrfCookieName: 'XSRF-TOKEN',
    xsrfHeaderName: 'X-XSRF-TOKEN',
    maxContentLength: -1,
    maxBodyLength: -1,
    env: { FormData: [Function], Blob: [class Blob] },
    validateStatus: [Function: validateStatus],
    headers: Object [AxiosHeaders] {
      Accept: 'application/json, text/plain, */*',
      'Content-Type': undefined,
      'User-Agent': 'axios/1.7.7',
      'Accept-Encoding': 'gzip, compress, deflate, br'
    },
    url: 'http://127.0.0.1:10900/json/version',
    httpAgent: Agent {
      _events: [Object: null prototype],
      _eventsCount: 2,
      _maxListeners: undefined,
      defaultPort: 80,
      protocol: 'http:',
      options: [Object: null prototype],
      requests: [Object: null prototype] {},
      sockets: [Object: null prototype],
      freeSockets: [Object: null prototype] {},
      keepAliveMsecs: 1000,
      keepAlive: false,
      maxSockets: Infinity,
      maxFreeSockets: 256,
      scheduling: 'lifo',
      maxTotalSockets: Infinity,
      totalSocketCount: 1,
      [Symbol(shapeMode)]: false,
      [Symbol(kCapture)]: false
    },
    method: 'get',
    data: undefined
  },
  request: <ref *1> Writable {
    _events: {
      close: undefined,
      error: [Function: handleRequestError],
      prefinish: undefined,
      finish: undefined,
      drain: undefined,
      response: [Function: handleResponse],
      socket: [Array],
      timeout: undefined,
      abort: undefined
    },
    _writableState: WritableState {
      highWaterMark: 16384,
      length: 0,
      corked: 0,
      onwrite: [Function: bound onwrite],
      writelen: 0,
      bufferedIndex: 0,
      pendingcb: 0,
      [Symbol(kState)]: 17580812,
      [Symbol(kBufferedValue)]: null
    },
    _maxListeners: undefined,
    _options: {
      maxRedirects: 21,
      maxBodyLength: Infinity,
      protocol: 'http:',
      path: '/json/version',
      method: 'GET',
      headers: [Object: null prototype],
      agents: [Object],
      auth: undefined,
      family: undefined,
      beforeRedirect: [Function: dispatchBeforeRedirect],
      beforeRedirects: [Object],
      hostname: '127.0.0.1',
      port: '10900',
      agent: [Agent],
      nativeProtocols: [Object],
      pathname: '/json/version'
    },
    _ended: true,
    _ending: true,
    _redirectCount: 0,
    _redirects: [],
    _requestBodyLength: 0,
    _requestBodyBuffers: [],
    _eventsCount: 3,
    _onNativeResponse: [Function (anonymous)],
    _currentRequest: ClientRequest {
      _events: [Object: null prototype],
      _eventsCount: 7,
      _maxListeners: undefined,
      outputData: [],
      outputSize: 0,
      writable: true,
      destroyed: false,
      _last: true,
      chunkedEncoding: false,
      shouldKeepAlive: false,
      maxRequestsOnConnectionReached: false,
      _defaultKeepAlive: true,
      useChunkedEncodingByDefault: false,
      sendDate: false,
      _removedConnection: false,
      _removedContLen: false,
      _removedTE: false,
      strictContentLength: false,
      _contentLength: 0,
      _hasBody: true,
      _trailer: '',
      finished: true,
      _headerSent: true,
      _closed: false,
      socket: [Socket],
      _header: 'GET /json/version HTTP/1.1\r\n' +
        'Accept: application/json, text/plain, */*\r\n' +
        'User-Agent: axios/1.7.7\r\n' +
        'Accept-Encoding: gzip, compress, deflate, br\r\n' +
        'Host: 127.0.0.1:10900\r\n' +
        'Connection: close\r\n' +
        '\r\n',
      _keepAliveTimeout: 0,
      _onPendingData: [Function: nop],
      agent: [Agent],
      socketPath: undefined,
      method: 'GET',
      maxHeaderSize: undefined,
      insecureHTTPParser: undefined,
      joinDuplicateHeaders: undefined,
      path: '/json/version',
      _ended: false,
      res: null,
      aborted: false,
      timeoutCb: null,
      upgradeOrConnect: false,
      parser: null,
      maxHeadersCount: null,
      reusedSocket: false,
      host: '127.0.0.1',
      protocol: 'http:',
      _redirectable: [Circular *1],
      [Symbol(shapeMode)]: false,
      [Symbol(kCapture)]: false,
      [Symbol(kBytesWritten)]: 0,
      [Symbol(kNeedDrain)]: false,
      [Symbol(corked)]: 0,
      [Symbol(kOutHeaders)]: [Object: null prototype],
      [Symbol(errored)]: null,
      [Symbol(kHighWaterMark)]: 16384,
      [Symbol(kRejectNonStandardBodyWrites)]: false,
      [Symbol(kUniqueHeaders)]: null
    },
    _currentUrl: 'http://127.0.0.1:10900/json/version',
    _timeout: null,
    [Symbol(shapeMode)]: true,
    [Symbol(kCapture)]: false
  },
  cause: Error: socket hang up
      at Socket.socketOnEnd (node:_http_client:535:25)
      at Socket.emit (node:events:531:35)
      at endReadableNT (node:internal/streams/readable:1696:12)
      at processTicksAndRejections (node:internal/process/task_queues:82:21) {
    code: 'ECONNRESET'
  }
}
&amp#27;[38;5;193m[eb903da1]&amp#27;[0m&amp#27;[38;5;229m[ADB]&amp#27;[0m Removing forwarded port socket connection: 10900 
&amp#27;[38;5;193m[eb903da1]&amp#27;[0m&amp#27;[38;5;229m[ADB]&amp#27;[0m Running 'C:\Users\User1\AppData\Local\Android\Sdk\platform-tools\adb.exe -P 5037 -s emulator-5554 forward --remove tcp:10900'
&amp#27;[38;5;193m[eb903da1]&amp#27;[0m&amp#27;[38;5;229m[ADB]&amp#27;[0m Running 'C:\Users\User1\AppData\Local\Android\Sdk\platform-tools\adb.exe -P 5037 -s emulator-5554 forward tcp:10900 localabstract:webview_devtools_remote_30247'
&amp#27;[38;5;193m[eb903da1]&amp#27;[0m&amp#27;[38;5;229m[ADB]&amp#27;[0m Removing forwarded port socket connection: 10900 
&amp#27;[38;5;193m[eb903da1]&amp#27;[0m&amp#27;[38;5;229m[ADB]&amp#27;[0m Running 'C:\Users\User1\AppData\Local\Android\Sdk\platform-tools\adb.exe -P 5037 -s emulator-5554 forward --remove tcp:10900'
&amp#27;[38;5;193m[eb903da1]&amp#27;[0m&amp#27;[38;5;-104m[AndroidUiautomator2Driver@c8fd]&amp#27;[0m CDP data collection completed
&amp#27;[38;5;193m[eb903da1]&amp#27;[0m&amp#27;[38;5;-104m[AndroidUiautomator2Driver@c8fd]&amp#27;[0m WEBVIEW_30247 mapped to pid 30247
&amp#27;[38;5;193m[eb903da1]&amp#27;[0m&amp#27;[38;5;-104m[AndroidUiautomator2Driver@c8fd]&amp#27;[0m Getting process name for webview 'WEBVIEW_30247'
&amp#27;[38;5;193m[eb903da1]&amp#27;[0m&amp#27;[38;5;229m[ADB]&amp#27;[0m Running 'C:\Users\User1\AppData\Local\Android\Sdk\platform-tools\adb.exe -P 5037 -s emulator-5554 shell ps -A'
&amp#27;[38;5;193m[eb903da1]&amp#27;[0m&amp#27;[38;5;-104m[AndroidUiautomator2Driver@c8fd]&amp#27;[0m Got process name: 'com.androidsample.generalstore'
&amp#27;[38;5;193m[eb903da1]&amp#27;[0m&amp#27;[38;5;-104m[AndroidUiautomator2Driver@c8fd]&amp#27;[0m Skipping the webview 'WEBVIEW_stetho_com.google.android.apps.messaging' at '@stetho_com.google.android.apps.messaging_devtools_remote' since it has reported having zero pages
&amp#27;[38;5;193m[eb903da1]&amp#27;[0m&amp#27;[38;5;-104m[AndroidUiautomator2Driver@c8fd]&amp#27;[0m Found 1 webview: ["WEBVIEW_com.androidsample.generalstore"]
&amp#27;[38;5;193m[eb903da1]&amp#27;[0m&amp#27;[38;5;-104m[AndroidUiautomator2Driver@c8fd]&amp#27;[0m Available contexts: ["NATIVE_APP","WEBVIEW_com.androidsample.generalstore"]
&amp#27;[38;5;193m[eb903da1]&amp#27;[0m&amp#27;[38;5;-104m[AndroidUiautomator2Driver@c8fd]&amp#27;[0m Responding to client with driver.setContext() result: null
&amp#27;[38;5;193m[eb903da1]&amp#27;[0m&amp#27;[38;5;86m[HTTP]&amp#27;[0m &amp#27;[37m<-- POST /session/eb903da1-dca5-48b8-838c-e73da3f9036b/context &amp#27;[39m&amp#27;[32m200&amp#27;[39m &amp#27;[90m517 ms - 14&amp#27;[39m &amp#27;[90m&amp#27;[39m
&amp#27;[38;5;193m[eb903da1]&amp#27;[0m&amp#27;[38;5;86m[HTTP]&amp#27;[0m &amp#27;[37m-->&amp#27;[39m &amp#27;[37mGET&amp#27;[39m &amp#27;[37m/session/eb903da1-dca5-48b8-838c-e73da3f9036b/context&amp#27;[39m &amp#27;[90m{}&amp#27;[39m
&amp#27;[38;5;193m[eb903da1]&amp#27;[0m&amp#27;[38;5;-104m[AndroidUiautomator2Driver@c8fd]&amp#27;[0m Calling AppiumDriver.getCurrentContext() with args: ["eb903da1-dca5-48b8-838c-e73da3f9036b"]
&amp#27;[38;5;193m[eb903da1]&amp#27;[0m&amp#27;[38;5;-104m[AndroidUiautomator2Driver@c8fd]&amp#27;[0m Responding to client with driver.getCurrentContext() result: "NATIVE_APP"
&amp#27;[38;5;193m[eb903da1]&amp#27;[0m&amp#27;[38;5;86m[HTTP]&amp#27;[0m &amp#27;[37m<-- GET /session/eb903da1-dca5-48b8-838c-e73da3f9036b/context &amp#27;[39m&amp#27;[32m200&amp#27;[39m &amp#27;[90m2 ms - 22&amp#27;[39m &amp#27;[90m&amp#27;[39m
&amp#27;[38;5;193m[eb903da1]&amp#27;[0m&amp#27;[38;5;86m[HTTP]&amp#27;[0m &amp#27;[37m-->&amp#27;[39m &amp#27;[37mPOST&amp#27;[39m &amp#27;[37m/session/eb903da1-dca5-48b8-838c-e73da3f9036b/element&amp#27;[39m &amp#27;[90m{"using":"id","value":"com.androidsample.generalstore:id/toolbar_title"}&amp#27;[39m
&amp#27;[38;5;193m[eb903da1]&amp#27;[0m&amp#27;[38;5;-104m[AndroidUiautomator2Driver@c8fd]&amp#27;[0m Calling AppiumDriver.findElement() with args: ["id","com.androidsample.generalstore:id/toolbar_title","eb903da1-dca5-48b8-838c-e73da3f9036b"]
&amp#27;[38;5;193m[eb903da1]&amp#27;[0m&amp#27;[38;5;-104m[AndroidUiautomator2Driver@c8fd]&amp#27;[0m Valid locator strategies for this request: xpath, id, class name, accessibility id, css selector, -android uiautomator
&amp#27;[38;5;193m[eb903da1]&amp#27;[0m&amp#27;[38;5;-104m[AndroidUiautomator2Driver@c8fd]&amp#27;[0m Waiting up to 0 ms for condition
&amp#27;[38;5;193m[eb903da1]&amp#27;[0m&amp#27;[38;5;-104m[AndroidUiautomator2Driver@c8fd]&amp#27;[0m Matched '/element' to command name 'findElement'
&amp#27;[38;5;193m[eb903da1]&amp#27;[0m&amp#27;[38;5;-104m[AndroidUiautomator2Driver@c8fd]&amp#27;[0m Proxying [POST /element] to [POST http://127.0.0.1:8201/session/cc6b1fb1-42af-4a1d-a198-8e8465e29330/element] with body: {"strategy":"id","selector":"com.androidsample.generalstore:id/toolbar_title","context":"","multiple":false}
&amp#27;[38;5;193m[eb903da1]&amp#27;[0m&amp#27;[38;5;-104m[AndroidUiautomator2Driver@c8fd]&amp#27;[0m Got response with status 200: {"sessionId":"cc6b1fb1-42af-4a1d-a198-8e8465e29330","value":{"ELEMENT":"00000000-0000-06f6-ffff-ffff000000c1","element-6066-11e4-a52e-4f735466cecf":"00000000-0000-06f6-ffff-ffff000000c1"}}
&amp#27;[38;5;193m[eb903da1]&amp#27;[0m&amp#27;[38;5;-104m[AndroidUiautomator2Driver@c8fd]&amp#27;[0m Responding to client with driver.findElement() result: {"element-6066-11e4-a52e-4f735466cecf":"00000000-0000-06f6-ffff-ffff000000c1","ELEMENT":"00000000-0000-06f6-ffff-ffff000000c1"}
&amp#27;[38;5;193m[eb903da1]&amp#27;[0m&amp#27;[38;5;86m[HTTP]&amp#27;[0m &amp#27;[37m<-- POST /session/eb903da1-dca5-48b8-838c-e73da3f9036b/element &amp#27;[39m&amp#27;[32m200&amp#27;[39m &amp#27;[90m42 ms - 137&amp#27;[39m &amp#27;[90m&amp#27;[39m
&amp#27;[38;5;193m[eb903da1]&amp#27;[0m&amp#27;[38;5;86m[HTTP]&amp#27;[0m &amp#27;[37m-->&amp#27;[39m &amp#27;[37mGET&amp#27;[39m &amp#27;[37m/session/eb903da1-dca5-48b8-838c-e73da3f9036b/element/00000000-0000-06f6-ffff-ffff000000c1/text&amp#27;[39m &amp#27;[90m{}&amp#27;[39m
&amp#27;[38;5;193m[eb903da1]&amp#27;[0m&amp#27;[38;5;-104m[AndroidUiautomator2Driver@c8fd]&amp#27;[0m Driver proxy active, passing request on via HTTP proxy
&amp#27;[38;5;193m[eb903da1]&amp#27;[0m&amp#27;[38;5;-104m[AndroidUiautomator2Driver@c8fd]&amp#27;[0m Matched '/session/eb903da1-dca5-48b8-838c-e73da3f9036b/element/00000000-0000-06f6-ffff-ffff000000c1/text' to command name 'getText'
&amp#27;[38;5;193m[eb903da1]&amp#27;[0m&amp#27;[38;5;-104m[AndroidUiautomator2Driver@c8fd]&amp#27;[0m Proxying [GET /session/eb903da1-dca5-48b8-838c-e73da3f9036b/element/00000000-0000-06f6-ffff-ffff000000c1/text] to [GET http://127.0.0.1:8201/session/cc6b1fb1-42af-4a1d-a198-8e8465e29330/element/00000000-0000-06f6-ffff-ffff000000c1/text] with no body
&amp#27;[38;5;193m[eb903da1]&amp#27;[0m&amp#27;[38;5;-104m[AndroidUiautomator2Driver@c8fd]&amp#27;[0m Got response with status 200: {"sessionId":"cc6b1fb1-42af-4a1d-a198-8e8465e29330","value":"General Store"}
&amp#27;[38;5;193m[eb903da1]&amp#27;[0m&amp#27;[38;5;-104m[AndroidUiautomator2Driver@c8fd]&amp#27;[0m Replacing sessionId cc6b1fb1-42af-4a1d-a198-8e8465e29330 with eb903da1-dca5-48b8-838c-e73da3f9036b
&amp#27;[38;5;193m[eb903da1]&amp#27;[0m&amp#27;[38;5;86m[HTTP]&amp#27;[0m &amp#27;[37m<-- GET /session/eb903da1-dca5-48b8-838c-e73da3f9036b/element/00000000-0000-06f6-ffff-ffff000000c1/text &amp#27;[39m&amp#27;[32m200&amp#27;[39m &amp#27;[90m27 ms - 76&amp#27;[39m &amp#27;[90m&amp#27;[39m
Test Passed: FillForm
]]></system-out>
  </testcase>
  <testcase name="emptyNameFillForm[{name=Raj, country=Austria, product=Converse All Star, genderFemale=Female, genderMale=Male}](1)" classname="testCases.FormPageTest" time="12.243">
    <system-out><![CDATA[&amp#27;[38;5;193m[eb903da1]&amp#27;[0m&amp#27;[38;5;86m[HTTP]&amp#27;[0m &amp#27;[37m-->&amp#27;[39m &amp#27;[37mDELETE&amp#27;[39m &amp#27;[37m/session/eb903da1-dca5-48b8-838c-e73da3f9036b&amp#27;[39m &amp#27;[90m{}&amp#27;[39m
&amp#27;[38;5;193m[eb903da1]&amp#27;[0m&amp#27;[38;5;-104m[AndroidUiautomator2Driver@c8fd]&amp#27;[0m Calling AppiumDriver.deleteSession() with args: ["eb903da1-dca5-48b8-838c-e73da3f9036b"]
&amp#27;[38;5;193m[eb903da1]&amp#27;[0m&amp#27;[38;5;183m[AppiumDriver@927a]&amp#27;[0m Event 'quitSessionRequested' logged at 1744634927810 (18:18:47 GMT+0530 (India Standard Time))
&amp#27;[38;5;193m[eb903da1]&amp#27;[0m&amp#27;[38;5;183m[AppiumDriver@927a]&amp#27;[0m Removing session eb903da1-dca5-48b8-838c-e73da3f9036b from our master session list
&amp#27;[38;5;193m[eb903da1]&amp#27;[0m&amp#27;[38;5;-104m[AndroidUiautomator2Driver@c8fd]&amp#27;[0m Deleting UiAutomator2 session
&amp#27;[38;5;193m[eb903da1]&amp#27;[0m&amp#27;[38;5;-104m[AndroidUiautomator2Driver@c8fd]&amp#27;[0m Stopping chromedriver for context WEBVIEW_com.androidsample.generalstore
&amp#27;[38;5;193m[eb903da1]&amp#27;[0m&amp#27;[38;5;116m[Chromedriver@94fa]&amp#27;[0m Changed state to 'stopping'
&amp#27;[38;5;193m[eb903da1]&amp#27;[0m&amp#27;[38;5;116m[Chromedriver@94fa]&amp#27;[0m Matched '' to command name 'deleteSession'
&amp#27;[38;5;193m[eb903da1]&amp#27;[0m&amp#27;[38;5;116m[Chromedriver@94fa]&amp#27;[0m Proxying [DELETE /] to [DELETE http://127.0.0.1:59946/session/65bfcb81da9e9ab2ea2a2cc9236816c3] with no body
&amp#27;[38;5;193m[eb903da1]&amp#27;[0m&amp#27;[38;5;116m[Chromedriver@94fa]&amp#27;[0m Got response with status 200: {"value":null}
&amp#27;[38;5;193m[eb903da1]&amp#27;[0m&amp#27;[38;5;116m[Chromedriver@94fa]&amp#27;[0m Changed state to 'stopped'
&amp#27;[38;5;193m[eb903da1]&amp#27;[0m&amp#27;[38;5;-104m[AndroidUiautomator2Driver@c8fd]&amp#27;[0m Deleting UiAutomator2 server session
&amp#27;[38;5;193m[eb903da1]&amp#27;[0m&amp#27;[38;5;-104m[AndroidUiautomator2Driver@c8fd]&amp#27;[0m Matched '/' to command name 'deleteSession'
&amp#27;[38;5;193m[eb903da1]&amp#27;[0m&amp#27;[38;5;-104m[AndroidUiautomator2Driver@c8fd]&amp#27;[0m Proxying [DELETE /] to [DELETE http://127.0.0.1:8201/session/cc6b1fb1-42af-4a1d-a198-8e8465e29330] with no body
&amp#27;[38;5;193m[eb903da1]&amp#27;[0m&amp#27;[38;5;-104m[AndroidUiautomator2Driver@c8fd]&amp#27;[0m Got response with status 200: {"sessionId":"cc6b1fb1-42af-4a1d-a198-8e8465e29330","value":null}
&amp#27;[38;5;193m[eb903da1]&amp#27;[0m&amp#27;[38;5;-104m[AndroidUiautomator2Driver@c8fd]&amp#27;[0m [Instrumentation] io.appium.uiautomator2.server.test.AppiumUiAutomator2Server:
&amp#27;[38;5;193m[eb903da1]&amp#27;[0m&amp#27;[38;5;-104m[AndroidUiautomator2Driver@c8fd]&amp#27;[0m [Instrumentation] The process has exited with code null, signal SIGTERM
&amp#27;[38;5;193m[eb903da1]&amp#27;[0m&amp#27;[38;5;229m[ADB]&amp#27;[0m Running 'C:\Users\User1\AppData\Local\Android\Sdk\platform-tools\adb.exe -P 5037 -s emulator-5554 shell dumpsys activity services io.appium.settings/.recorder.RecorderService'
&amp#27;[38;5;193m[eb903da1]&amp#27;[0m&amp#27;[38;5;229m[ADB]&amp#27;[0m Running 'C:\Users\User1\AppData\Local\Android\Sdk\platform-tools\adb.exe -P 5037 -s emulator-5554 shell am force-stop com.androidsample.generalstore'
&amp#27;[38;5;193m[eb903da1]&amp#27;[0m&amp#27;[38;5;229m[ADB]&amp#27;[0m Removing forwarded port socket connection: 8201 
&amp#27;[38;5;193m[eb903da1]&amp#27;[0m&amp#27;[38;5;229m[ADB]&amp#27;[0m Running 'C:\Users\User1\AppData\Local\Android\Sdk\platform-tools\adb.exe -P 5037 -s emulator-5554 forward --remove tcp:8201'
&amp#27;[38;5;193m[eb903da1]&amp#27;[0m&amp#27;[38;5;-104m[AndroidUiautomator2Driver@c8fd]&amp#27;[0m Restoring hidden api policy to the device default configuration
&amp#27;[38;5;193m[eb903da1]&amp#27;[0m&amp#27;[38;5;229m[ADB]&amp#27;[0m Running 'C:\Users\User1\AppData\Local\Android\Sdk\platform-tools\adb.exe -P 5037 -s emulator-5554 shell 'settings delete global hidden_api_policy_pre_p_apps;settings delete global hidden_api_policy_p_apps;settings delete global hidden_api_policy''
&amp#27;[38;5;193m[eb903da1]&amp#27;[0m&amp#27;[38;5;160m[Logcat]&amp#27;[0m Stopping logcat capture
&amp#27;[38;5;193m[eb903da1]&amp#27;[0m&amp#27;[38;5;183m[AppiumDriver@927a]&amp#27;[0m Event 'quitSessionFinished' logged at 1744634928593 (18:18:48 GMT+0530 (India Standard Time))
&amp#27;[38;5;193m[eb903da1]&amp#27;[0m&amp#27;[38;5;183m[AppiumDriver@927a]&amp#27;[0m Received response: null
&amp#27;[38;5;193m[eb903da1]&amp#27;[0m&amp#27;[38;5;183m[AppiumDriver@927a]&amp#27;[0m But deleting session, so not returning
&amp#27;[38;5;193m[eb903da1]&amp#27;[0m&amp#27;[38;5;183m[AppiumDriver@927a]&amp#27;[0m Responding to client with driver.deleteSession() result: null
&amp#27;[38;5;193m[eb903da1]&amp#27;[0m&amp#27;[38;5;86m[HTTP]&amp#27;[0m &amp#27;[37m<-- DELETE /session/eb903da1-dca5-48b8-838c-e73da3f9036b &amp#27;[39m&amp#27;[32m200&amp#27;[39m &amp#27;[90m787 ms - 14&amp#27;[39m &amp#27;[90m&amp#27;[39m
&amp#27;[38;5;112m[Appium]&amp#27;[0m Welcome to Appium v2.11.5
&amp#27;[38;5;112m[Appium]&amp#27;[0m The autodetected Appium home path: C:\Users\User1\.appium
&amp#27;[38;5;112m[Appium]&amp#27;[0m Attempting to load driver uiautomator2...
&amp#27;[38;5;112m[Appium]&amp#27;[0m Attempting to load driver xcuitest...
&amp#27;[38;5;112m[Appium]&amp#27;[0m Attempting to load driver espresso...
&amp#27;[38;5;112m[Appium]&amp#27;[0m Requiring driver at C:\Users\User1\.appium\node_modules\appium-xcuitest-driver\build\index.js
&amp#27;[38;5;112m[Appium]&amp#27;[0m Requiring driver at C:\Users\User1\.appium\node_modules\appium-uiautomator2-driver\build\index.js
&amp#27;[38;5;112m[Appium]&amp#27;[0m Requiring driver at C:\Users\User1\.appium\node_modules\appium-espresso-driver\build\index.js
&amp#27;[38;5;112m[Appium]&amp#27;[0m XCUITestDriver has been successfully loaded in 2.603s
&amp#27;[38;5;112m[Appium]&amp#27;[0m AndroidUiautomator2Driver has been successfully loaded in 2.605s
&amp#27;[38;5;112m[Appium]&amp#27;[0m EspressoDriver has been successfully loaded in 2.604s
&amp#27;[38;5;112m[Appium]&amp#27;[0m Attempting to load driver gecko...
&amp#27;[38;5;112m[Appium]&amp#27;[0m Requiring driver at C:\Users\User1\.appium\node_modules\appium-geckodriver\build\index.js
&amp#27;[38;5;112m[Appium]&amp#27;[0m GeckoDriver has been successfully loaded in 0.117s
&amp#27;[38;5;112m[Appium]&amp#27;[0m Appium REST http interface listener started on http://0.0.0.0:4723
&amp#27;[38;5;112m[Appium]&amp#27;[0m You can provide the following URLs in your client code to connect to this server:
	http://192.168.0.114:4723/
	http://127.0.0.1:4723/ (only accessible from the same host)
&amp#27;[38;5;112m[Appium]&amp#27;[0m Available drivers:
&amp#27;[38;5;112m[Appium]&amp#27;[0m   - uiautomator2@3.8.0 (automationName 'UiAutomator2')
&amp#27;[38;5;112m[Appium]&amp#27;[0m   - xcuitest@7.27.1 (automationName 'XCUITest')
&amp#27;[38;5;112m[Appium]&amp#27;[0m   - espresso@3.5.0 (automationName 'Espresso')
&amp#27;[38;5;112m[Appium]&amp#27;[0m   - gecko@1.4.0 (automationName 'Gecko')
&amp#27;[38;5;112m[Appium]&amp#27;[0m No plugins have been installed. Use the "appium plugin" command to install the one(s) you want to use.
&amp#27;[38;5;86m[HTTP]&amp#27;[0m &amp#27;[37m-->&amp#27;[39m &amp#27;[37mGET&amp#27;[39m &amp#27;[37m/status&amp#27;[39m &amp#27;[90m{}&amp#27;[39m
&amp#27;[38;5;60m[AppiumDriver@a821]&amp#27;[0m Calling AppiumDriver.getStatus() with args: []
&amp#27;[38;5;60m[AppiumDriver@a821]&amp#27;[0m Responding to client with driver.getStatus() result: {"ready":true,"message":"The server is ready to accept new connections","build":{"version":"2.11.5"}}
&amp#27;[38;5;86m[HTTP]&amp#27;[0m &amp#27;[37m<-- GET /status &amp#27;[39m&amp#27;[32m200&amp#27;[39m &amp#27;[90m6 ms - 111&amp#27;[39m &amp#27;[90m&amp#27;[39m
&amp#27;[38;5;86m[HTTP]&amp#27;[0m Request idempotency key: 67f8b903-adde-41f6-9ba2-a1656b0b66f5
&amp#27;[38;5;86m[HTTP]&amp#27;[0m &amp#27;[37m-->&amp#27;[39m &amp#27;[37mPOST&amp#27;[39m &amp#27;[37m/session&amp#27;[39m &amp#27;[90m{"capabilities":{"firstMatch":[{"appium:chromedriverExecutable":"C://Users//User1//Downloads//chromedriver-win64//chromedriver-win64//chromedriver.exe","appium:deviceName":"Rajemulator","platformName":"ANDROID","appium:automationName":"UIAutomator2","appium:app":"C:\\Users\\User1\\eclipse-workspace\\eCommerceFramework//src//main//resources//General-Store.apk"}]}}&amp#27;[39m
&amp#27;[38;5;60m[AppiumDriver@a821]&amp#27;[0m Calling AppiumDriver.createSession() with args: [null,null,{"firstMatch":[{"appium:chromedriverExecutable":"C://Users//User1//Downloads//chromedriver-win64//chromedriver-win64//chromedriver.exe","appium:deviceName":"Rajemulator","platformName":"ANDROID","appium:automationName":"UIAutomator2","appium:app":"C:\\Users\\User1\\eclipse-workspace\\eCommerceFramework//src//main//resources//General-Store.apk"}]}]
&amp#27;[38;5;60m[AppiumDriver@a821]&amp#27;[0m Event 'newSessionRequested' logged at 1744634933483 (18:18:53 GMT+0530 (India Standard Time))
&amp#27;[38;5;112m[Appium]&amp#27;[0m Attempting to find matching driver for automationName 'UIAutomator2' and platformName 'ANDROID'
&amp#27;[38;5;112m[Appium]&amp#27;[0m The 'uiautomator2' driver was installed and matched caps.
&amp#27;[38;5;112m[Appium]&amp#27;[0m Will require it at C:\Users\User1\.appium\node_modules\appium-uiautomator2-driver
&amp#27;[38;5;112m[Appium]&amp#27;[0m Requiring driver at C:\Users\User1\.appium\node_modules\appium-uiautomator2-driver\build\index.js
&amp#27;[38;5;60m[AppiumDriver@a821]&amp#27;[0m Appium v2.11.5 creating new AndroidUiautomator2Driver (v3.8.0) session
&amp#27;[38;5;60m[AppiumDriver@a821]&amp#27;[0m Checking BaseDriver versions for Appium and AndroidUiautomator2Driver
&amp#27;[38;5;60m[AppiumDriver@a821]&amp#27;[0m Appium's BaseDriver version is 9.11.5
&amp#27;[38;5;60m[AppiumDriver@a821]&amp#27;[0m AndroidUiautomator2Driver's BaseDriver version is 9.11.5
&amp#27;[38;5;-170m[AndroidUiautomator2Driver@4a57]&amp#27;[0m 
&amp#27;[38;5;-170m[AndroidUiautomator2Driver@4a57]&amp#27;[0m Creating session with W3C capabilities: {
  "alwaysMatch": {
    "platformName": "ANDROID",
    "appium:chromedriverExecutable": "C://Users//User1//Downloads//chromedriver-win64//chromedriver-win64//chromedriver.exe",
    "appium:deviceName": "Rajemulator",
    "appium:automationName": "UIAutomator2",
    "appium:app": "C:\\Users\\User1\\eclipse-workspace\\eCommerceFramework//src//main//resources//General-Store.apk"
  },
  "firstMatch": [
    {}
  ]
}
&amp#27;[38;5;22m[9a94f11a]&amp#27;[0m&amp#27;[38;5;-170m[AndroidUiautomator2Driver@4a57]&amp#27;[0m Session created with session id: 9a94f11a-b9cc-448d-b350-612d4c0be0af
&amp#27;[38;5;22m[9a94f11a]&amp#27;[0m&amp#27;[38;5;229m[ADB]&amp#27;[0m Found 3 'build-tools' folders under 'C:\Users\User1\AppData\Local\Android\Sdk' (newest first):
&amp#27;[38;5;22m[9a94f11a]&amp#27;[0m&amp#27;[38;5;229m[ADB]&amp#27;[0m     C:\Users\User1\AppData\Local\Android\Sdk\build-tools\36.0.0-rc1
&amp#27;[38;5;22m[9a94f11a]&amp#27;[0m&amp#27;[38;5;229m[ADB]&amp#27;[0m     C:\Users\User1\AppData\Local\Android\Sdk\build-tools\35.0.0
&amp#27;[38;5;22m[9a94f11a]&amp#27;[0m&amp#27;[38;5;229m[ADB]&amp#27;[0m     C:\Users\User1\AppData\Local\Android\Sdk\build-tools\34.0.0
&amp#27;[38;5;22m[9a94f11a]&amp#27;[0m&amp#27;[38;5;229m[ADB]&amp#27;[0m Using 'adb.exe' from 'C:\Users\User1\AppData\Local\Android\Sdk\platform-tools\adb.exe'
&amp#27;[38;5;22m[9a94f11a]&amp#27;[0m&amp#27;[38;5;229m[ADB]&amp#27;[0m Running 'C:\Users\User1\AppData\Local\Android\Sdk\platform-tools\adb.exe -P 5037 start-server'
&amp#27;[38;5;22m[9a94f11a]&amp#27;[0m&amp#27;[38;5;-170m[AndroidUiautomator2Driver@4a57]&amp#27;[0m Retrieving device list
&amp#27;[38;5;22m[9a94f11a]&amp#27;[0m&amp#27;[38;5;229m[ADB]&amp#27;[0m Trying to find connected Android devices
&amp#27;[38;5;22m[9a94f11a]&amp#27;[0m&amp#27;[38;5;229m[ADB]&amp#27;[0m Getting connected devices
&amp#27;[38;5;22m[9a94f11a]&amp#27;[0m&amp#27;[38;5;229m[ADB]&amp#27;[0m Connected devices: [{"udid":"emulator-5554","state":"device"}]
&amp#27;[38;5;22m[9a94f11a]&amp#27;[0m&amp#27;[38;5;-170m[AndroidUiautomator2Driver@4a57]&amp#27;[0m Using device: emulator-5554
&amp#27;[38;5;22m[9a94f11a]&amp#27;[0m&amp#27;[38;5;229m[ADB]&amp#27;[0m Using 'adb.exe' from 'C:\Users\User1\AppData\Local\Android\Sdk\platform-tools\adb.exe'
&amp#27;[38;5;22m[9a94f11a]&amp#27;[0m&amp#27;[38;5;229m[ADB]&amp#27;[0m Running 'C:\Users\User1\AppData\Local\Android\Sdk\platform-tools\adb.exe -P 5037 start-server'
&amp#27;[38;5;22m[9a94f11a]&amp#27;[0m&amp#27;[38;5;229m[ADB]&amp#27;[0m Setting device id to emulator-5554
&amp#27;[38;5;22m[9a94f11a]&amp#27;[0m&amp#27;[38;5;123m[BaseDriver]&amp#27;[0m Using local app 'C:\Users\User1\eclipse-workspace\eCommerceFramework//src//main//resources//General-Store.apk'
&amp#27;[38;5;22m[9a94f11a]&amp#27;[0m&amp#27;[38;5;-170m[AndroidUiautomator2Driver@4a57]&amp#27;[0m Checking whether app is actually present
&amp#27;[38;5;22m[9a94f11a]&amp#27;[0m&amp#27;[38;5;229m[ADB]&amp#27;[0m Running 'C:\Users\User1\AppData\Local\Android\Sdk\platform-tools\adb.exe -P 5037 -s emulator-5554 shell getprop ro.build.version.sdk'
&amp#27;[38;5;22m[9a94f11a]&amp#27;[0m&amp#27;[38;5;229m[ADB]&amp#27;[0m Current device property 'ro.build.version.sdk': 35
&amp#27;[38;5;22m[9a94f11a]&amp#27;[0m&amp#27;[38;5;229m[ADB]&amp#27;[0m Getting device platform version
&amp#27;[38;5;22m[9a94f11a]&amp#27;[0m&amp#27;[38;5;229m[ADB]&amp#27;[0m Running 'C:\Users\User1\AppData\Local\Android\Sdk\platform-tools\adb.exe -P 5037 -s emulator-5554 shell getprop ro.build.version.release'
&amp#27;[38;5;22m[9a94f11a]&amp#27;[0m&amp#27;[38;5;229m[ADB]&amp#27;[0m Current device property 'ro.build.version.release': 15
&amp#27;[38;5;22m[9a94f11a]&amp#27;[0m&amp#27;[38;5;229m[ADB]&amp#27;[0m Device API level: 35
&amp#27;[38;5;22m[9a94f11a]&amp#27;[0m&amp#27;[38;5;-170m[AndroidUiautomator2Driver@4a57]&amp#27;[0m Relaxing hidden api policy
&amp#27;[38;5;22m[9a94f11a]&amp#27;[0m&amp#27;[38;5;229m[ADB]&amp#27;[0m Running 'C:\Users\User1\AppData\Local\Android\Sdk\platform-tools\adb.exe -P 5037 -s emulator-5554 shell 'settings put global hidden_api_policy_pre_p_apps 1;settings put global hidden_api_policy_p_apps 1;settings put global hidden_api_policy 1''
&amp#27;[38;5;22m[9a94f11a]&amp#27;[0m&amp#27;[38;5;-170m[AndroidUiautomator2Driver@4a57]&amp#27;[0m Parsing package and activity from app manifest
&amp#27;[38;5;22m[9a94f11a]&amp#27;[0m&amp#27;[38;5;229m[ADB]&amp#27;[0m Running 'C:\Users\User1\AppData\Local\Android\Sdk\platform-tools\adb.exe -P 5037 -s emulator-5554 wait-for-device'
&amp#27;[38;5;22m[9a94f11a]&amp#27;[0m&amp#27;[38;5;229m[ADB]&amp#27;[0m Using 'aapt2.exe' from 'C:\Users\User1\AppData\Local\Android\Sdk\build-tools\36.0.0-rc1\aapt2.exe'
&amp#27;[38;5;22m[9a94f11a]&amp#27;[0m&amp#27;[38;5;229m[ADB]&amp#27;[0m Reading package manifest: 'C:\\Users\\User1\\AppData\\Local\\Android\\Sdk\\build-tools\\36.0.0-rc1\\aapt2.exe dump badging C:\\Users\\User1\\eclipse-workspace\\eCommerceFramework//src//main//resources//General-Store.apk'
&amp#27;[38;5;22m[9a94f11a]&amp#27;[0m&amp#27;[38;5;229m[ADB]&amp#27;[0m Running 'C:\Users\User1\AppData\Local\Android\Sdk\platform-tools\adb.exe -P 5037 -s emulator-5554 shell echo ping'
&amp#27;[38;5;22m[9a94f11a]&amp#27;[0m&amp#27;[38;5;229m[ADB]&amp#27;[0m Package name: 'com.androidsample.generalstore'
&amp#27;[38;5;22m[9a94f11a]&amp#27;[0m&amp#27;[38;5;229m[ADB]&amp#27;[0m Main activity name: 'com.androidsample.generalstore.SplashActivity'
&amp#27;[38;5;22m[9a94f11a]&amp#27;[0m&amp#27;[38;5;-170m[AndroidUiautomator2Driver@4a57]&amp#27;[0m Parsed package and activity are: com.androidsample.generalstore/com.androidsample.generalstore.SplashActivity
&amp#27;[38;5;22m[9a94f11a]&amp#27;[0m&amp#27;[38;5;-170m[AndroidUiautomator2Driver@4a57]&amp#27;[0m Pushing settings apk to the device...
&amp#27;[38;5;22m[9a94f11a]&amp#27;[0m&amp#27;[38;5;229m[ADB]&amp#27;[0m Getting package info for 'io.appium.settings'
&amp#27;[38;5;22m[9a94f11a]&amp#27;[0m&amp#27;[38;5;229m[ADB]&amp#27;[0m Running 'C:\Users\User1\AppData\Local\Android\Sdk\platform-tools\adb.exe -P 5037 -s emulator-5554 shell dumpsys package io.appium.settings'
&amp#27;[38;5;22m[9a94f11a]&amp#27;[0m&amp#27;[38;5;229m[ADB]&amp#27;[0m Reading package manifest: 'C:\\Users\\User1\\AppData\\Local\\Android\\Sdk\\build-tools\\36.0.0-rc1\\aapt2.exe dump badging C:\\Users\\User1\\.appium\\node_modules\\appium-uiautomator2-driver\\node_modules\\io.appium.settings\\apks\\settings_apk-debug.apk'
&amp#27;[38;5;22m[9a94f11a]&amp#27;[0m&amp#27;[38;5;229m[ADB]&amp#27;[0m The version name of the installed 'io.appium.settings' is greater or equal to the application version name ('5.12.13' >= '5.12.13')
&amp#27;[38;5;22m[9a94f11a]&amp#27;[0m&amp#27;[38;5;229m[ADB]&amp#27;[0m There is no need to install/upgrade 'C:\Users\User1\.appium\node_modules\appium-uiautomator2-driver\node_modules\io.appium.settings\apks\settings_apk-debug.apk'
&amp#27;[38;5;22m[9a94f11a]&amp#27;[0m&amp#27;[38;5;229m[ADB]&amp#27;[0m Running 'C:\Users\User1\AppData\Local\Android\Sdk\platform-tools\adb.exe -P 5037 -s emulator-5554 shell dumpsys activity services io.appium.settings'
&amp#27;[38;5;22m[9a94f11a]&amp#27;[0m&amp#27;[38;5;-170m[AndroidUiautomator2Driver@4a57]&amp#27;[0m io.appium.settings is already running. There is no need to reset its permissions.
&amp#27;[38;5;22m[9a94f11a]&amp#27;[0m&amp#27;[38;5;160m[Logcat]&amp#27;[0m Starting logs capture with command: C:\\Users\\User1\\AppData\\Local\\Android\\Sdk\\platform-tools\\adb.exe -P 5037 -s emulator-5554 logcat -v threadtime
&amp#27;[38;5;22m[9a94f11a]&amp#27;[0m&amp#27;[38;5;-170m[AndroidUiautomator2Driver@4a57]&amp#27;[0m Forwarding UiAutomator2 Server port 6790 to local port 8201
&amp#27;[38;5;22m[9a94f11a]&amp#27;[0m&amp#27;[38;5;229m[ADB]&amp#27;[0m Forwarding system: 8201 to device: 6790
&amp#27;[38;5;22m[9a94f11a]&amp#27;[0m&amp#27;[38;5;229m[ADB]&amp#27;[0m Running 'C:\Users\User1\AppData\Local\Android\Sdk\platform-tools\adb.exe -P 5037 -s emulator-5554 forward tcp:8201 tcp:6790'
&amp#27;[38;5;22m[9a94f11a]&amp#27;[0m&amp#27;[38;5;229m[ADB]&amp#27;[0m Getting package info for 'io.appium.uiautomator2.server'
&amp#27;[38;5;22m[9a94f11a]&amp#27;[0m&amp#27;[38;5;229m[ADB]&amp#27;[0m Running 'C:\Users\User1\AppData\Local\Android\Sdk\platform-tools\adb.exe -P 5037 -s emulator-5554 shell dumpsys package io.appium.uiautomator2.server'
&amp#27;[38;5;22m[9a94f11a]&amp#27;[0m&amp#27;[38;5;229m[ADB]&amp#27;[0m Getting install status for io.appium.uiautomator2.server.test
&amp#27;[38;5;22m[9a94f11a]&amp#27;[0m&amp#27;[38;5;229m[ADB]&amp#27;[0m Checking app cert for C:\Users\User1\eclipse-workspace\eCommerceFramework//src//main//resources//General-Store.apk
&amp#27;[38;5;22m[9a94f11a]&amp#27;[0m&amp#27;[38;5;229m[ADB]&amp#27;[0m Running 'C:\Users\User1\AppData\Local\Android\Sdk\platform-tools\adb.exe -P 5037 -s emulator-5554 shell cmd package list packages'
&amp#27;[38;5;22m[9a94f11a]&amp#27;[0m&amp#27;[38;5;229m[ADB]&amp#27;[0m Using 'apksigner.jar' from 'C:\Users\User1\AppData\Local\Android\Sdk\build-tools\36.0.0-rc1\lib\apksigner.jar'
&amp#27;[38;5;22m[9a94f11a]&amp#27;[0m&amp#27;[38;5;229m[ADB]&amp#27;[0m Starting apksigner: 'C:\\Program Files\\Java\\jdk-22\\bin\\java.exe' -Xmx1024M -Xss1m -jar C:\\Users\\User1\\AppData\\Local\\Android\\Sdk\\build-tools\\36.0.0-rc1\\lib\\apksigner.jar verify --print-certs C:\\Users\\User1\\eclipse-workspace\\eCommerceFramework//src//main//resources//General-Store.apk
&amp#27;[38;5;22m[9a94f11a]&amp#27;[0m&amp#27;[38;5;229m[ADB]&amp#27;[0m Reading package manifest: 'C:\\Users\\User1\\AppData\\Local\\Android\\Sdk\\build-tools\\36.0.0-rc1\\aapt2.exe dump badging C:\\Users\\User1\\.appium\\node_modules\\appium-uiautomator2-driver\\node_modules\\appium-uiautomator2-server\\apks\\appium-uiautomator2-server-v7.0.25.apk'
&amp#27;[38;5;22m[9a94f11a]&amp#27;[0m&amp#27;[38;5;229m[ADB]&amp#27;[0m 'io.appium.uiautomator2.server.test' is installed
&amp#27;[38;5;22m[9a94f11a]&amp#27;[0m&amp#27;[38;5;229m[ADB]&amp#27;[0m The version name of the installed 'io.appium.uiautomator2.server' is greater or equal to the application version name ('7.0.25' >= '7.0.25')
&amp#27;[38;5;22m[9a94f11a]&amp#27;[0m&amp#27;[38;5;-170m[AndroidUiautomator2Driver@4a57]&amp#27;[0m Server packages status: [{"installState":"sameVersionInstalled","appPath":"C:\\Users\\User1\\.appium\\node_modules\\appium-uiautomator2-driver\\node_modules\\appium-uiautomator2-server\\apks\\appium-uiautomator2-server-v7.0.25.apk","appId":"io.appium.uiautomator2.server"},{"installState":"sameVersionInstalled","appPath":"C:\\Users\\User1\\.appium\\node_modules\\appium-uiautomator2-driver\\node_modules\\appium-uiautomator2-server\\apks\\appium-uiautomator2-server-debug-androidTest.apk","appId":"io.appium.uiautomator2.server.test"}]
&amp#27;[38;5;22m[9a94f11a]&amp#27;[0m&amp#27;[38;5;-170m[AndroidUiautomator2Driver@4a57]&amp#27;[0m Server packages are not going to be (re)installed
&amp#27;[38;5;22m[9a94f11a]&amp#27;[0m&amp#27;[38;5;-170m[AndroidUiautomator2Driver@4a57]&amp#27;[0m Waiting up to 30000ms for services to be available
&amp#27;[38;5;22m[9a94f11a]&amp#27;[0m&amp#27;[38;5;229m[ADB]&amp#27;[0m Running 'C:\Users\User1\AppData\Local\Android\Sdk\platform-tools\adb.exe -P 5037 -s emulator-5554 shell pm list instrumentation'
&amp#27;[38;5;22m[9a94f11a]&amp#27;[0m&amp#27;[38;5;-170m[AndroidUiautomator2Driver@4a57]&amp#27;[0m Instrumentation target 'io.appium.uiautomator2.server.test/androidx.test.runner.AndroidJUnitRunner' is available
&amp#27;[38;5;22m[9a94f11a]&amp#27;[0m&amp#27;[38;5;229m[ADB]&amp#27;[0m Adding packages ["io.appium.settings","io.appium.uiautomator2.server","io.appium.uiautomator2.server.test"] to Doze whitelist
&amp#27;[38;5;22m[9a94f11a]&amp#27;[0m&amp#27;[38;5;229m[ADB]&amp#27;[0m Got the following command chunks to execute: [["dumpsys","deviceidle","whitelist","+io.appium.settings",";","dumpsys","deviceidle","whitelist","+io.appium.uiautomator2.server",";","dumpsys","deviceidle","whitelist","+io.appium.uiautomator2.server.test",";"]]
&amp#27;[38;5;22m[9a94f11a]&amp#27;[0m&amp#27;[38;5;229m[ADB]&amp#27;[0m Running 'C:\Users\User1\AppData\Local\Android\Sdk\platform-tools\adb.exe -P 5037 -s emulator-5554 shell dumpsys deviceidle whitelist +io.appium.settings ; dumpsys deviceidle whitelist +io.appium.uiautomator2.server ; dumpsys deviceidle whitelist +io.appium.uiautomator2.server.test ;'
&amp#27;[38;5;22m[9a94f11a]&amp#27;[0m&amp#27;[38;5;229m[ADB]&amp#27;[0m apksigner stdout: Signer #1 certificate DN: C=US, O=Android, CN=Android Debug
Signer #1 certificate SHA-256 digest: f5f5931c019be6bff8a26255f76ae9ef8a8e631d2a702ec10e91110231549eef
Signer #1 certificate SHA-1 digest: b250161db8b5d0a1bd39154c9fd749bdad79c1a3
Signer #1 certificate MD5 digest: 7a5550323d84472ca25a0861c63e0a6c

&amp#27;[38;5;22m[9a94f11a]&amp#27;[0m&amp#27;[38;5;229m[ADB]&amp#27;[0m 'C:\Users\User1\eclipse-workspace\eCommerceFramework//src//main//resources//General-Store.apk' is signed with a non-default certificate
&amp#27;[38;5;22m[9a94f11a]&amp#27;[0m&amp#27;[38;5;229m[ADB]&amp#27;[0m Getting package info for 'com.androidsample.generalstore'
&amp#27;[38;5;22m[9a94f11a]&amp#27;[0m&amp#27;[38;5;229m[ADB]&amp#27;[0m Running 'C:\Users\User1\AppData\Local\Android\Sdk\platform-tools\adb.exe -P 5037 -s emulator-5554 shell dumpsys package com.androidsample.generalstore'
&amp#27;[38;5;22m[9a94f11a]&amp#27;[0m&amp#27;[38;5;229m[ADB]&amp#27;[0m Reading package manifest: 'C:\\Users\\User1\\AppData\\Local\\Android\\Sdk\\build-tools\\36.0.0-rc1\\aapt2.exe dump badging C:\\Users\\User1\\eclipse-workspace\\eCommerceFramework//src//main//resources//General-Store.apk'
&amp#27;[38;5;22m[9a94f11a]&amp#27;[0m&amp#27;[38;5;229m[ADB]&amp#27;[0m The version name of the installed 'com.androidsample.generalstore' is greater or equal to the application version name ('1.0.0' >= '1.0.0')
&amp#27;[38;5;22m[9a94f11a]&amp#27;[0m&amp#27;[38;5;229m[ADB]&amp#27;[0m There is no need to install/upgrade 'C:\Users\User1\eclipse-workspace\eCommerceFramework//src//main//resources//General-Store.apk'
&amp#27;[38;5;22m[9a94f11a]&amp#27;[0m&amp#27;[38;5;-170m[AndroidUiautomator2Driver@4a57]&amp#27;[0m Performing fast reset on 'com.androidsample.generalstore'
&amp#27;[38;5;22m[9a94f11a]&amp#27;[0m&amp#27;[38;5;229m[ADB]&amp#27;[0m Getting install status for com.androidsample.generalstore
&amp#27;[38;5;22m[9a94f11a]&amp#27;[0m&amp#27;[38;5;229m[ADB]&amp#27;[0m Running 'C:\Users\User1\AppData\Local\Android\Sdk\platform-tools\adb.exe -P 5037 -s emulator-5554 shell cmd package list packages'
&amp#27;[38;5;22m[9a94f11a]&amp#27;[0m&amp#27;[38;5;229m[ADB]&amp#27;[0m 'com.androidsample.generalstore' is installed
&amp#27;[38;5;22m[9a94f11a]&amp#27;[0m&amp#27;[38;5;229m[ADB]&amp#27;[0m Running 'C:\Users\User1\AppData\Local\Android\Sdk\platform-tools\adb.exe -P 5037 -s emulator-5554 shell am force-stop com.androidsample.generalstore'
&amp#27;[38;5;22m[9a94f11a]&amp#27;[0m&amp#27;[38;5;229m[ADB]&amp#27;[0m Running 'C:\Users\User1\AppData\Local\Android\Sdk\platform-tools\adb.exe -P 5037 -s emulator-5554 shell pm clear com.androidsample.generalstore'
&amp#27;[38;5;22m[9a94f11a]&amp#27;[0m&amp#27;[38;5;-170m[AndroidUiautomator2Driver@4a57]&amp#27;[0m Performed fast reset on the installed 'com.androidsample.generalstore' application (stop and clear)
&amp#27;[38;5;22m[9a94f11a]&amp#27;[0m&amp#27;[38;5;-170m[AndroidUiautomator2Driver@4a57]&amp#27;[0m Performing shallow cleanup of automation leftovers
&amp#27;[38;5;22m[9a94f11a]&amp#27;[0m&amp#27;[38;5;-170m[AndroidUiautomator2Driver@4a57]&amp#27;[0m No obsolete sessions have been detected (socket hang up)
&amp#27;[38;5;22m[9a94f11a]&amp#27;[0m&amp#27;[38;5;229m[ADB]&amp#27;[0m Running 'C:\Users\User1\AppData\Local\Android\Sdk\platform-tools\adb.exe -P 5037 -s emulator-5554 shell am force-stop io.appium.uiautomator2.server'
&amp#27;[38;5;22m[9a94f11a]&amp#27;[0m&amp#27;[38;5;229m[ADB]&amp#27;[0m Running 'C:\Users\User1\AppData\Local\Android\Sdk\platform-tools\adb.exe -P 5037 -s emulator-5554 shell am force-stop io.appium.uiautomator2.server.test'
&amp#27;[38;5;22m[9a94f11a]&amp#27;[0m&amp#27;[38;5;-170m[AndroidUiautomator2Driver@4a57]&amp#27;[0m Starting UIAutomator2 server 7.0.25
&amp#27;[38;5;22m[9a94f11a]&amp#27;[0m&amp#27;[38;5;-170m[AndroidUiautomator2Driver@4a57]&amp#27;[0m Using UIAutomator2 server from 'C:\Users\User1\.appium\node_modules\appium-uiautomator2-driver\node_modules\appium-uiautomator2-server\apks\appium-uiautomator2-server-v7.0.25.apk' and test from 'C:\Users\User1\.appium\node_modules\appium-uiautomator2-driver\node_modules\appium-uiautomator2-server\apks\appium-uiautomator2-server-debug-androidTest.apk'
&amp#27;[38;5;22m[9a94f11a]&amp#27;[0m&amp#27;[38;5;-170m[AndroidUiautomator2Driver@4a57]&amp#27;[0m Waiting up to 30000ms for UiAutomator2 to be online...
&amp#27;[38;5;22m[9a94f11a]&amp#27;[0m&amp#27;[38;5;229m[ADB]&amp#27;[0m Creating ADB subprocess with args: ["-P","5037","-s","emulator-5554","shell","am","instrument","-w","-e","disableAnalytics","true","io.appium.uiautomator2.server.test/androidx.test.runner.AndroidJUnitRunner"]
&amp#27;[38;5;22m[9a94f11a]&amp#27;[0m&amp#27;[38;5;-170m[AndroidUiautomator2Driver@4a57]&amp#27;[0m Matched '/status' to command name 'getStatus'
&amp#27;[38;5;22m[9a94f11a]&amp#27;[0m&amp#27;[38;5;-170m[AndroidUiautomator2Driver@4a57]&amp#27;[0m Proxying [GET /status] to [GET http://127.0.0.1:8201/status] with no body
&amp#27;[38;5;22m[9a94f11a]&amp#27;[0m&amp#27;[38;5;-170m[AndroidUiautomator2Driver@4a57]&amp#27;[0m socket hang up
&amp#27;[38;5;22m[9a94f11a]&amp#27;[0m&amp#27;[38;5;-170m[AndroidUiautomator2Driver@4a57]&amp#27;[0m Matched '/status' to command name 'getStatus'
&amp#27;[38;5;22m[9a94f11a]&amp#27;[0m&amp#27;[38;5;-170m[AndroidUiautomator2Driver@4a57]&amp#27;[0m Proxying [GET /status] to [GET http://127.0.0.1:8201/status] with no body
&amp#27;[38;5;22m[9a94f11a]&amp#27;[0m&amp#27;[38;5;-170m[AndroidUiautomator2Driver@4a57]&amp#27;[0m socket hang up
&amp#27;[38;5;22m[9a94f11a]&amp#27;[0m&amp#27;[38;5;-170m[AndroidUiautomator2Driver@4a57]&amp#27;[0m Matched '/status' to command name 'getStatus'
&amp#27;[38;5;22m[9a94f11a]&amp#27;[0m&amp#27;[38;5;-170m[AndroidUiautomator2Driver@4a57]&amp#27;[0m Proxying [GET /status] to [GET http://127.0.0.1:8201/status] with no body
&amp#27;[38;5;22m[9a94f11a]&amp#27;[0m&amp#27;[38;5;-170m[AndroidUiautomator2Driver@4a57]&amp#27;[0m socket hang up
&amp#27;[38;5;22m[9a94f11a]&amp#27;[0m&amp#27;[38;5;-170m[AndroidUiautomator2Driver@4a57]&amp#27;[0m [Instrumentation] 
&amp#27;[38;5;22m[9a94f11a]&amp#27;[0m&amp#27;[38;5;-170m[AndroidUiautomator2Driver@4a57]&amp#27;[0m Matched '/status' to command name 'getStatus'
&amp#27;[38;5;22m[9a94f11a]&amp#27;[0m&amp#27;[38;5;-170m[AndroidUiautomator2Driver@4a57]&amp#27;[0m Proxying [GET /status] to [GET http://127.0.0.1:8201/status] with no body
&amp#27;[38;5;22m[9a94f11a]&amp#27;[0m&amp#27;[38;5;-170m[AndroidUiautomator2Driver@4a57]&amp#27;[0m socket hang up
&amp#27;[38;5;22m[9a94f11a]&amp#27;[0m&amp#27;[38;5;-170m[AndroidUiautomator2Driver@4a57]&amp#27;[0m Matched '/status' to command name 'getStatus'
&amp#27;[38;5;22m[9a94f11a]&amp#27;[0m&amp#27;[38;5;-170m[AndroidUiautomator2Driver@4a57]&amp#27;[0m Proxying [GET /status] to [GET http://127.0.0.1:8201/status] with no body
&amp#27;[38;5;22m[9a94f11a]&amp#27;[0m&amp#27;[38;5;-170m[AndroidUiautomator2Driver@4a57]&amp#27;[0m Got response with status 200: {"sessionId":"None","value":{"message":"UiAutomator2 Server is ready to accept commands","ready":true}}
&amp#27;[38;5;22m[9a94f11a]&amp#27;[0m&amp#27;[38;5;-170m[AndroidUiautomator2Driver@4a57]&amp#27;[0m The initialization of the instrumentation process took 4348ms
&amp#27;[38;5;22m[9a94f11a]&amp#27;[0m&amp#27;[38;5;-170m[AndroidUiautomator2Driver@4a57]&amp#27;[0m Matched '/session' to command name 'createSession'
&amp#27;[38;5;22m[9a94f11a]&amp#27;[0m&amp#27;[38;5;-170m[AndroidUiautomator2Driver@4a57]&amp#27;[0m Proxying [POST /session] to [POST http://127.0.0.1:8201/session] with body: {"capabilities":{"firstMatch":[{"platformName":"ANDROID","chromedriverExecutable":"C://Users//User1//Downloads//chromedriver-win64//chromedriver-win64//chromedriver.exe","deviceName":"emulator-5554","automationName":"UIAutomator2","app":"C:\\Users\\User1\\eclipse-workspace\\eCommerceFramework//src//main//resources//General-Store.apk","platform":"LINUX","webStorageEnabled":false,"takesScreenshot":true,"javascriptEnabled":true,"databaseEnabled":false,"networkConnectionEnabled":true,"locationContextEnabled":false,"warnings":{},"desired":{"platformName":"ANDROID","chromedriverExecutable":"C://Users//User1//Downloads//chromedriver-win64//chromedriver-win64//chromedriver.exe","deviceName":"Rajemulator","automationName":"UIAutomator2","app":"C:\\Users\\User1\\eclipse-workspace\\eCommerceFramework//src//main//resources//General-Store.apk"},"deviceUDID":"emulator-5554","appPackage":"com.androidsample.generalstore"}],"alwaysMatch":{}}}
&amp#27;[38;5;22m[9a94f11a]&amp#27;[0m&amp#27;[38;5;-170m[AndroidUiautomator2Driver@4a57]&amp#27;[0m Got response with status 200: {"sessionId":"512e2c02-1084-42cc-9e33-08bbca14af91","value":{"capabilities":{"firstMatch":[{"platformName":"ANDROID","chromedriverExecutable":"C://Users//User1//Downloads//chromedriver-win64//chromedriver-win64//chromedriver.exe","deviceName":"emulator-5554","automationName":"UIAutomator2","app":"C:\\Users\\User1\\eclipse-workspace\\eCommerceFramework//src//main//resources//General-Store.apk","platform":"LINUX","webStorageEnabled":false,"takesScreenshot":true,"javascriptEnabled":true,"databaseEnabled":false,"networkConnectionEnabled":true,"locationContextEnabled":false,"warnings":{},"desired":{"platformName":"ANDROID","chromedriverExecutable":"C://Users//User1//Downloads//chromedriver-win64//chromedriver-win64//chromedriver.exe","deviceName":"Rajemulator","automationName":"UIAutomator2","app":"C:\\Users\\User1\\eclipse-workspace\\eCommerceFramework//src//main//resources//General-Store.apk"},"deviceUDID":"emulator-5554","appPackage":"com.androidsample.generalstore"}],"alwaysMatch":{}},"sessionId":"512e2c02-...
&amp#27;[38;5;22m[9a94f11a]&amp#27;[0m&amp#27;[38;5;-170m[AndroidUiautomator2Driver@4a57]&amp#27;[0m Determined the downstream protocol as 'W3C'
&amp#27;[38;5;22m[9a94f11a]&amp#27;[0m&amp#27;[38;5;-170m[AndroidUiautomator2Driver@4a57]&amp#27;[0m Proxying [GET /appium/device/pixel_ratio] to [GET http://127.0.0.1:8201/session/512e2c02-1084-42cc-9e33-08bbca14af91/appium/device/pixel_ratio] with no body
&amp#27;[38;5;22m[9a94f11a]&amp#27;[0m&amp#27;[38;5;-170m[AndroidUiautomator2Driver@4a57]&amp#27;[0m Matched '/appium/device/system_bars' to command name 'getSystemBars'
&amp#27;[38;5;22m[9a94f11a]&amp#27;[0m&amp#27;[38;5;-170m[AndroidUiautomator2Driver@4a57]&amp#27;[0m Proxying [GET /appium/device/system_bars] to [GET http://127.0.0.1:8201/session/512e2c02-1084-42cc-9e33-08bbca14af91/appium/device/system_bars] with no body
&amp#27;[38;5;22m[9a94f11a]&amp#27;[0m&amp#27;[38;5;-170m[AndroidUiautomator2Driver@4a57]&amp#27;[0m Matched '/window/current/size' to command name 'getWindowSize'
&amp#27;[38;5;22m[9a94f11a]&amp#27;[0m&amp#27;[38;5;-170m[AndroidUiautomator2Driver@4a57]&amp#27;[0m Proxying [GET /window/current/size] to [GET http://127.0.0.1:8201/session/512e2c02-1084-42cc-9e33-08bbca14af91/window/current/size] with no body
&amp#27;[38;5;22m[9a94f11a]&amp#27;[0m&amp#27;[38;5;-170m[AndroidUiautomator2Driver@4a57]&amp#27;[0m Proxying [GET /appium/device/info] to [GET http://127.0.0.1:8201/session/512e2c02-1084-42cc-9e33-08bbca14af91/appium/device/info] with no body
&amp#27;[38;5;22m[9a94f11a]&amp#27;[0m&amp#27;[38;5;229m[ADB]&amp#27;[0m Running 'C:\Users\User1\AppData\Local\Android\Sdk\platform-tools\adb.exe -P 5037 -s emulator-5554 shell dumpsys window'
&amp#27;[38;5;22m[9a94f11a]&amp#27;[0m&amp#27;[38;5;229m[ADB]&amp#27;[0m Running 'C:\Users\User1\AppData\Local\Android\Sdk\platform-tools\adb.exe -P 5037 -s emulator-5554 shell dumpsys power'
&amp#27;[38;5;22m[9a94f11a]&amp#27;[0m&amp#27;[38;5;-170m[AndroidUiautomator2Driver@4a57]&amp#27;[0m Got response with status 200: {"sessionId":"512e2c02-1084-42cc-9e33-08bbca14af91","value":2.75}
&amp#27;[38;5;22m[9a94f11a]&amp#27;[0m&amp#27;[38;5;-170m[AndroidUiautomator2Driver@4a57]&amp#27;[0m Got response with status 200: {"sessionId":"512e2c02-1084-42cc-9e33-08bbca14af91","value":{"height":2220,"width":1080}}
&amp#27;[38;5;22m[9a94f11a]&amp#27;[0m&amp#27;[38;5;-170m[AndroidUiautomator2Driver@4a57]&amp#27;[0m Got response with status 200: {"sessionId":"512e2c02-1084-42cc-9e33-08bbca14af91","value":{"statusBar":66}}
&amp#27;[38;5;22m[9a94f11a]&amp#27;[0m&amp#27;[38;5;-170m[AndroidUiautomator2Driver@4a57]&amp#27;[0m Got response with status 200: {"sessionId":"512e2c02-1084-42cc-9e33-08bbca14af91","value":{"androidId":"ccd4b39f6a24ddc3","apiVersion":"35","bluetooth":{"state":"OFF"},"brand":"google","carrierName":"T-Mobile","displayDensity":440,"locale":"en_US","manufacturer":"Google","model":"sdk_gphone64_x86_64","networks":[{"capabilities":{"SSID":null,"linkDownBandwidthKbps":4300,"linkUpstreamBandwidthKbps":1800,"networkCapabilities":"NET_CAPABILITY_MMS,NET_CAPABILITY_SUPL,NET_CAPABILITY_IA,NET_CAPABILITY_XCAP,NET_CAPABILITY_INTERNET,NET_CAPABILITY_NOT_RESTRICTED,NET_CAPABILITY_TRUSTED,NET_CAPABILITY_NOT_VPN,NET_CAPABILITY_VALIDATED,NET_CAPABILITY_NOT_ROAMING,NET_CAPABILITY_NOT_CONGESTED,NET_CAPABILITY_NOT_SUSPENDED","signalStrength":-2147483648,"transportTypes":"TRANSPORT_CELLULAR"},"detailedState":"CONNECTED","extraInfo":"fast.t-mobile.com","isAvailable":true,"isConnected":true,"isFailover":false,"isRoaming":false,"state":"CONNECTED","subtype":10,"subtypeName":"HSPA","type":0,"typeName":"MOBILE"},{"capabilities":{"SSID":null,"linkDownBandwidthK...
&amp#27;[38;5;22m[9a94f11a]&amp#27;[0m&amp#27;[38;5;-170m[AndroidUiautomator2Driver@4a57]&amp#27;[0m Screen already unlocked, doing nothing
&amp#27;[38;5;22m[9a94f11a]&amp#27;[0m&amp#27;[38;5;-170m[AndroidUiautomator2Driver@4a57]&amp#27;[0m Starting 'com.androidsample.generalstore/com.androidsample.generalstore.SplashActivity and waiting for 'com.androidsample.generalstore/com.androidsample.generalstore.SplashActivity'
&amp#27;[38;5;22m[9a94f11a]&amp#27;[0m&amp#27;[38;5;229m[ADB]&amp#27;[0m Running 'C:\Users\User1\AppData\Local\Android\Sdk\platform-tools\adb.exe -P 5037 -s emulator-5554 shell am start -W -n com.androidsample.generalstore/com.androidsample.generalstore.SplashActivity -S -a android.intent.action.MAIN -c android.intent.category.LAUNCHER -f 0x10200000'
&amp#27;[38;5;22m[9a94f11a]&amp#27;[0m&amp#27;[38;5;229m[ADB]&amp#27;[0m Waiting up to 20000ms for activity matching pkg: 'com.androidsample.generalstore' and activity: 'com.androidsample.generalstore.SplashActivity' to be focused
&amp#27;[38;5;22m[9a94f11a]&amp#27;[0m&amp#27;[38;5;229m[ADB]&amp#27;[0m Possible activities, to be checked: 'com.androidsample.generalstore.SplashActivity', 'com.androidsample.generalstore.com.androidsample.generalstore.SplashActivity'
&amp#27;[38;5;22m[9a94f11a]&amp#27;[0m&amp#27;[38;5;229m[ADB]&amp#27;[0m Getting focused package and activity
&amp#27;[38;5;22m[9a94f11a]&amp#27;[0m&amp#27;[38;5;229m[ADB]&amp#27;[0m Running 'C:\Users\User1\AppData\Local\Android\Sdk\platform-tools\adb.exe -P 5037 -s emulator-5554 shell dumpsys window displays'
&amp#27;[38;5;22m[9a94f11a]&amp#27;[0m&amp#27;[38;5;229m[ADB]&amp#27;[0m Found package: 'com.androidsample.generalstore' and fully qualified activity name : 'com.androidsample.generalstore.SplashActivity'
&amp#27;[38;5;22m[9a94f11a]&amp#27;[0m&amp#27;[38;5;60m[AppiumDriver@a821]&amp#27;[0m New AndroidUiautomator2Driver session created successfully, session 9a94f11a-b9cc-448d-b350-612d4c0be0af added to master session list
&amp#27;[38;5;22m[9a94f11a]&amp#27;[0m&amp#27;[38;5;60m[AppiumDriver@a821]&amp#27;[0m Event 'newSessionStarted' logged at 1744634943087 (18:19:03 GMT+0530 (India Standard Time))
&amp#27;[38;5;22m[9a94f11a]&amp#27;[0m&amp#27;[38;5;-170m[AndroidUiautomator2Driver@4a57]&amp#27;[0m Cached the protocol value 'W3C' for the new session 9a94f11a-b9cc-448d-b350-612d4c0be0af
&amp#27;[38;5;22m[9a94f11a]&amp#27;[0m&amp#27;[38;5;-170m[AndroidUiautomator2Driver@4a57]&amp#27;[0m Responding to client with driver.createSession() result: {"capabilities":{"platformName":"ANDROID","chromedriverExecutable":"C://Users//User1//Downloads//chromedriver-win64//chromedriver-win64//chromedriver.exe","deviceName":"emulator-5554","automationName":"UIAutomator2","app":"C:\\Users\\User1\\eclipse-workspace\\eCommerceFramework//src//main//resources//General-Store.apk","platform":"LINUX","webStorageEnabled":false,"takesScreenshot":true,"javascriptEnabled":true,"databaseEnabled":false,"networkConnectionEnabled":true,"locationContextEnabled":false,"warnings":{},"desired":{"platformName":"ANDROID","chromedriverExecutable":"C://Users//User1//Downloads//chromedriver-win64//chromedriver-win64//chromedriver.exe","deviceName":"Rajemulator","automationName":"UIAutomator2","app":"C:\\Users\\User1\\eclipse-workspace\\eCommerceFramework//src//main//resources//General-Store.apk"},"deviceUDID":"emulator-5554","appPackage":"com.androidsample.generalstore","pixelRatio":"2.75","statBarHeight":66,"viewportRect":{"left":0,"top":66,"width":1080,"height":2154},"deviceApiLevel"...
&amp#27;[38;5;22m[9a94f11a]&amp#27;[0m&amp#27;[38;5;86m[HTTP]&amp#27;[0m &amp#27;[37m<-- POST /session &amp#27;[39m&amp#27;[32m200&amp#27;[39m &amp#27;[90m9606 ms - 1233&amp#27;[39m &amp#27;[90m&amp#27;[39m
Test Started: emptyNameFillForm
&amp#27;[38;5;22m[9a94f11a]&amp#27;[0m&amp#27;[38;5;86m[HTTP]&amp#27;[0m &amp#27;[37m-->&amp#27;[39m &amp#27;[37mGET&amp#27;[39m &amp#27;[37m/session/9a94f11a-b9cc-448d-b350-612d4c0be0af/context&amp#27;[39m &amp#27;[90m{}&amp#27;[39m
&amp#27;[38;5;22m[9a94f11a]&amp#27;[0m&amp#27;[38;5;-170m[AndroidUiautomator2Driver@4a57]&amp#27;[0m Calling AppiumDriver.getCurrentContext() with args: ["9a94f11a-b9cc-448d-b350-612d4c0be0af"]
&amp#27;[38;5;22m[9a94f11a]&amp#27;[0m&amp#27;[38;5;-170m[AndroidUiautomator2Driver@4a57]&amp#27;[0m Responding to client with driver.getCurrentContext() result: "NATIVE_APP"
&amp#27;[38;5;22m[9a94f11a]&amp#27;[0m&amp#27;[38;5;86m[HTTP]&amp#27;[0m &amp#27;[37m<-- GET /session/9a94f11a-b9cc-448d-b350-612d4c0be0af/context &amp#27;[39m&amp#27;[32m200&amp#27;[39m &amp#27;[90m12 ms - 22&amp#27;[39m &amp#27;[90m&amp#27;[39m
&amp#27;[38;5;22m[9a94f11a]&amp#27;[0m&amp#27;[38;5;86m[HTTP]&amp#27;[0m &amp#27;[37m-->&amp#27;[39m &amp#27;[37mPOST&amp#27;[39m &amp#27;[37m/session/9a94f11a-b9cc-448d-b350-612d4c0be0af/element&amp#27;[39m &amp#27;[90m{"using":"id","value":"com.androidsample.generalstore:id/nameField"}&amp#27;[39m
&amp#27;[38;5;22m[9a94f11a]&amp#27;[0m&amp#27;[38;5;-170m[AndroidUiautomator2Driver@4a57]&amp#27;[0m Calling AppiumDriver.findElement() with args: ["id","com.androidsample.generalstore:id/nameField","9a94f11a-b9cc-448d-b350-612d4c0be0af"]
&amp#27;[38;5;22m[9a94f11a]&amp#27;[0m&amp#27;[38;5;-170m[AndroidUiautomator2Driver@4a57]&amp#27;[0m Valid locator strategies for this request: xpath, id, class name, accessibility id, css selector, -android uiautomator
&amp#27;[38;5;22m[9a94f11a]&amp#27;[0m&amp#27;[38;5;-170m[AndroidUiautomator2Driver@4a57]&amp#27;[0m Waiting up to 0 ms for condition
&amp#27;[38;5;22m[9a94f11a]&amp#27;[0m&amp#27;[38;5;-170m[AndroidUiautomator2Driver@4a57]&amp#27;[0m Matched '/element' to command name 'findElement'
&amp#27;[38;5;22m[9a94f11a]&amp#27;[0m&amp#27;[38;5;-170m[AndroidUiautomator2Driver@4a57]&amp#27;[0m Proxying [POST /element] to [POST http://127.0.0.1:8201/session/512e2c02-1084-42cc-9e33-08bbca14af91/element] with body: {"strategy":"id","selector":"com.androidsample.generalstore:id/nameField","context":"","multiple":false}
&amp#27;[38;5;22m[9a94f11a]&amp#27;[0m&amp#27;[38;5;-170m[AndroidUiautomator2Driver@4a57]&amp#27;[0m Got response with status 404: {"sessionId":"512e2c02-1084-42cc-9e33-08bbca14af91","value":{"error":"no such element","message":"An element could not be located on the page using the given search parameters","stacktrace":"io.appium.uiautomator2.common.exceptions.ElementNotFoundException: An element could not be located on the page using the given search parameters\n\tat io.appium.uiautomator2.handler.FindElement.safeHandle(FindElement.java:63)\n\tat io.appium.uiautomator2.handler.request.SafeRequestHandler.handle(SafeRequestHandler.java:59)\n\tat io.appium.uiautomator2.server.AppiumServlet.handleRequest(AppiumServlet.java:259)\n\tat io.appium.uiautomator2.server.AppiumServlet.handleHttpRequest(AppiumServlet.java:253)\n\tat io.appium.uiautomator2.http.ServerHandler.channelRead(ServerHandler.java:77)\n\tat io.netty.channel.AbstractChannelHandlerContext.invokeChannelRead(AbstractChannelHandlerContext.java:366)\n\tat io.netty.channel.AbstractChannelHandlerContext.invokeChannelRead(AbstractChannelHandlerContext.java:352)\n\tat io.netty.chann...
&amp#27;[38;5;22m[9a94f11a]&amp#27;[0m&amp#27;[38;5;123m[W3C]&amp#27;[0m Matched W3C error code 'no such element' to NoSuchElementError
&amp#27;[38;5;22m[9a94f11a]&amp#27;[0m&amp#27;[38;5;-170m[AndroidUiautomator2Driver@4a57]&amp#27;[0m Encountered internal error running command: NoSuchElementError: An element could not be located on the page using the given search parameters.
    at AndroidUiautomator2Driver.findElOrEls (C:\Users\User1\.appium\node_modules\appium-uiautomator2-driver\node_modules\appium-android-driver\lib\commands\find.ts:86:11)
    at processTicksAndRejections (node:internal/process/task_queues:95:5)
    at AndroidUiautomator2Driver.findElOrElsWithProcessing (C:\Users\User1\AppData\Roaming\npm\node_modules\appium\node_modules\@appium\base-driver\lib\basedriver\commands\find.ts:60:12)
    at AndroidUiautomator2Driver.findElement (C:\Users\User1\AppData\Roaming\npm\node_modules\appium\node_modules\@appium\base-driver\lib\basedriver\commands\find.ts:75:12)
&amp#27;[38;5;22m[9a94f11a]&amp#27;[0m&amp#27;[38;5;86m[HTTP]&amp#27;[0m &amp#27;[37m<-- POST /session/9a94f11a-b9cc-448d-b350-612d4c0be0af/element &amp#27;[39m&amp#27;[33m404&amp#27;[39m &amp#27;[90m643 ms - 890&amp#27;[39m &amp#27;[90m&amp#27;[39m
&amp#27;[38;5;22m[9a94f11a]&amp#27;[0m&amp#27;[38;5;86m[HTTP]&amp#27;[0m &amp#27;[37m-->&amp#27;[39m &amp#27;[37mPOST&amp#27;[39m &amp#27;[37m/session/9a94f11a-b9cc-448d-b350-612d4c0be0af/element&amp#27;[39m &amp#27;[90m{"using":"id","value":"com.androidsample.generalstore:id/nameField"}&amp#27;[39m
&amp#27;[38;5;22m[9a94f11a]&amp#27;[0m&amp#27;[38;5;-170m[AndroidUiautomator2Driver@4a57]&amp#27;[0m Calling AppiumDriver.findElement() with args: ["id","com.androidsample.generalstore:id/nameField","9a94f11a-b9cc-448d-b350-612d4c0be0af"]
&amp#27;[38;5;22m[9a94f11a]&amp#27;[0m&amp#27;[38;5;-170m[AndroidUiautomator2Driver@4a57]&amp#27;[0m Valid locator strategies for this request: xpath, id, class name, accessibility id, css selector, -android uiautomator
&amp#27;[38;5;22m[9a94f11a]&amp#27;[0m&amp#27;[38;5;-170m[AndroidUiautomator2Driver@4a57]&amp#27;[0m Waiting up to 0 ms for condition
&amp#27;[38;5;22m[9a94f11a]&amp#27;[0m&amp#27;[38;5;-170m[AndroidUiautomator2Driver@4a57]&amp#27;[0m Matched '/element' to command name 'findElement'
&amp#27;[38;5;22m[9a94f11a]&amp#27;[0m&amp#27;[38;5;-170m[AndroidUiautomator2Driver@4a57]&amp#27;[0m Proxying [POST /element] to [POST http://127.0.0.1:8201/session/512e2c02-1084-42cc-9e33-08bbca14af91/element] with body: {"strategy":"id","selector":"com.androidsample.generalstore:id/nameField","context":"","multiple":false}
&amp#27;[38;5;22m[9a94f11a]&amp#27;[0m&amp#27;[38;5;-170m[AndroidUiautomator2Driver@4a57]&amp#27;[0m Got response with status 404: {"sessionId":"512e2c02-1084-42cc-9e33-08bbca14af91","value":{"error":"no such element","message":"An element could not be located on the page using the given search parameters","stacktrace":"io.appium.uiautomator2.common.exceptions.ElementNotFoundException: An element could not be located on the page using the given search parameters\n\tat io.appium.uiautomator2.handler.FindElement.safeHandle(FindElement.java:63)\n\tat io.appium.uiautomator2.handler.request.SafeRequestHandler.handle(SafeRequestHandler.java:59)\n\tat io.appium.uiautomator2.server.AppiumServlet.handleRequest(AppiumServlet.java:259)\n\tat io.appium.uiautomator2.server.AppiumServlet.handleHttpRequest(AppiumServlet.java:253)\n\tat io.appium.uiautomator2.http.ServerHandler.channelRead(ServerHandler.java:77)\n\tat io.netty.channel.AbstractChannelHandlerContext.invokeChannelRead(AbstractChannelHandlerContext.java:366)\n\tat io.netty.channel.AbstractChannelHandlerContext.invokeChannelRead(AbstractChannelHandlerContext.java:352)\n\tat io.netty.chann...
&amp#27;[38;5;22m[9a94f11a]&amp#27;[0m&amp#27;[38;5;123m[W3C]&amp#27;[0m Matched W3C error code 'no such element' to NoSuchElementError
&amp#27;[38;5;22m[9a94f11a]&amp#27;[0m&amp#27;[38;5;-170m[AndroidUiautomator2Driver@4a57]&amp#27;[0m Encountered internal error running command: NoSuchElementError: An element could not be located on the page using the given search parameters.
    at AndroidUiautomator2Driver.findElOrEls (C:\Users\User1\.appium\node_modules\appium-uiautomator2-driver\node_modules\appium-android-driver\lib\commands\find.ts:86:11)
    at processTicksAndRejections (node:internal/process/task_queues:95:5)
    at AndroidUiautomator2Driver.findElOrElsWithProcessing (C:\Users\User1\AppData\Roaming\npm\node_modules\appium\node_modules\@appium\base-driver\lib\basedriver\commands\find.ts:60:12)
    at AndroidUiautomator2Driver.findElement (C:\Users\User1\AppData\Roaming\npm\node_modules\appium\node_modules\@appium\base-driver\lib\basedriver\commands\find.ts:75:12)
&amp#27;[38;5;22m[9a94f11a]&amp#27;[0m&amp#27;[38;5;86m[HTTP]&amp#27;[0m &amp#27;[37m<-- POST /session/9a94f11a-b9cc-448d-b350-612d4c0be0af/element &amp#27;[39m&amp#27;[33m404&amp#27;[39m &amp#27;[90m26 ms - 890&amp#27;[39m &amp#27;[90m&amp#27;[39m
&amp#27;[38;5;22m[9a94f11a]&amp#27;[0m&amp#27;[38;5;86m[HTTP]&amp#27;[0m &amp#27;[37m-->&amp#27;[39m &amp#27;[37mPOST&amp#27;[39m &amp#27;[37m/session/9a94f11a-b9cc-448d-b350-612d4c0be0af/element&amp#27;[39m &amp#27;[90m{"using":"id","value":"com.androidsample.generalstore:id/nameField"}&amp#27;[39m
&amp#27;[38;5;22m[9a94f11a]&amp#27;[0m&amp#27;[38;5;-170m[AndroidUiautomator2Driver@4a57]&amp#27;[0m Calling AppiumDriver.findElement() with args: ["id","com.androidsample.generalstore:id/nameField","9a94f11a-b9cc-448d-b350-612d4c0be0af"]
&amp#27;[38;5;22m[9a94f11a]&amp#27;[0m&amp#27;[38;5;-170m[AndroidUiautomator2Driver@4a57]&amp#27;[0m Valid locator strategies for this request: xpath, id, class name, accessibility id, css selector, -android uiautomator
&amp#27;[38;5;22m[9a94f11a]&amp#27;[0m&amp#27;[38;5;-170m[AndroidUiautomator2Driver@4a57]&amp#27;[0m Waiting up to 0 ms for condition
&amp#27;[38;5;22m[9a94f11a]&amp#27;[0m&amp#27;[38;5;-170m[AndroidUiautomator2Driver@4a57]&amp#27;[0m Matched '/element' to command name 'findElement'
&amp#27;[38;5;22m[9a94f11a]&amp#27;[0m&amp#27;[38;5;-170m[AndroidUiautomator2Driver@4a57]&amp#27;[0m Proxying [POST /element] to [POST http://127.0.0.1:8201/session/512e2c02-1084-42cc-9e33-08bbca14af91/element] with body: {"strategy":"id","selector":"com.androidsample.generalstore:id/nameField","context":"","multiple":false}
&amp#27;[38;5;22m[9a94f11a]&amp#27;[0m&amp#27;[38;5;-170m[AndroidUiautomator2Driver@4a57]&amp#27;[0m Got response with status 404: {"sessionId":"512e2c02-1084-42cc-9e33-08bbca14af91","value":{"error":"no such element","message":"An element could not be located on the page using the given search parameters","stacktrace":"io.appium.uiautomator2.common.exceptions.ElementNotFoundException: An element could not be located on the page using the given search parameters\n\tat io.appium.uiautomator2.handler.FindElement.safeHandle(FindElement.java:63)\n\tat io.appium.uiautomator2.handler.request.SafeRequestHandler.handle(SafeRequestHandler.java:59)\n\tat io.appium.uiautomator2.server.AppiumServlet.handleRequest(AppiumServlet.java:259)\n\tat io.appium.uiautomator2.server.AppiumServlet.handleHttpRequest(AppiumServlet.java:253)\n\tat io.appium.uiautomator2.http.ServerHandler.channelRead(ServerHandler.java:77)\n\tat io.netty.channel.AbstractChannelHandlerContext.invokeChannelRead(AbstractChannelHandlerContext.java:366)\n\tat io.netty.channel.AbstractChannelHandlerContext.invokeChannelRead(AbstractChannelHandlerContext.java:352)\n\tat io.netty.chann...
&amp#27;[38;5;22m[9a94f11a]&amp#27;[0m&amp#27;[38;5;123m[W3C]&amp#27;[0m Matched W3C error code 'no such element' to NoSuchElementError
&amp#27;[38;5;22m[9a94f11a]&amp#27;[0m&amp#27;[38;5;-170m[AndroidUiautomator2Driver@4a57]&amp#27;[0m Encountered internal error running command: NoSuchElementError: An element could not be located on the page using the given search parameters.
    at AndroidUiautomator2Driver.findElOrEls (C:\Users\User1\.appium\node_modules\appium-uiautomator2-driver\node_modules\appium-android-driver\lib\commands\find.ts:86:11)
    at processTicksAndRejections (node:internal/process/task_queues:95:5)
    at AndroidUiautomator2Driver.findElOrElsWithProcessing (C:\Users\User1\AppData\Roaming\npm\node_modules\appium\node_modules\@appium\base-driver\lib\basedriver\commands\find.ts:60:12)
    at AndroidUiautomator2Driver.findElement (C:\Users\User1\AppData\Roaming\npm\node_modules\appium\node_modules\@appium\base-driver\lib\basedriver\commands\find.ts:75:12)
&amp#27;[38;5;22m[9a94f11a]&amp#27;[0m&amp#27;[38;5;86m[HTTP]&amp#27;[0m &amp#27;[37m<-- POST /session/9a94f11a-b9cc-448d-b350-612d4c0be0af/element &amp#27;[39m&amp#27;[33m404&amp#27;[39m &amp#27;[90m28 ms - 890&amp#27;[39m &amp#27;[90m&amp#27;[39m
&amp#27;[38;5;22m[9a94f11a]&amp#27;[0m&amp#27;[38;5;86m[HTTP]&amp#27;[0m &amp#27;[37m-->&amp#27;[39m &amp#27;[37mGET&amp#27;[39m &amp#27;[37m/session/9a94f11a-b9cc-448d-b350-612d4c0be0af/context&amp#27;[39m &amp#27;[90m{}&amp#27;[39m
&amp#27;[38;5;22m[9a94f11a]&amp#27;[0m&amp#27;[38;5;-170m[AndroidUiautomator2Driver@4a57]&amp#27;[0m Calling AppiumDriver.getCurrentContext() with args: ["9a94f11a-b9cc-448d-b350-612d4c0be0af"]
&amp#27;[38;5;22m[9a94f11a]&amp#27;[0m&amp#27;[38;5;-170m[AndroidUiautomator2Driver@4a57]&amp#27;[0m Responding to client with driver.getCurrentContext() result: "NATIVE_APP"
&amp#27;[38;5;22m[9a94f11a]&amp#27;[0m&amp#27;[38;5;86m[HTTP]&amp#27;[0m &amp#27;[37m<-- GET /session/9a94f11a-b9cc-448d-b350-612d4c0be0af/context &amp#27;[39m&amp#27;[32m200&amp#27;[39m &amp#27;[90m5 ms - 22&amp#27;[39m &amp#27;[90m&amp#27;[39m
&amp#27;[38;5;22m[9a94f11a]&amp#27;[0m&amp#27;[38;5;86m[HTTP]&amp#27;[0m &amp#27;[37m-->&amp#27;[39m &amp#27;[37mPOST&amp#27;[39m &amp#27;[37m/session/9a94f11a-b9cc-448d-b350-612d4c0be0af/element&amp#27;[39m &amp#27;[90m{"using":"id","value":"com.androidsample.generalstore:id/nameField"}&amp#27;[39m
&amp#27;[38;5;22m[9a94f11a]&amp#27;[0m&amp#27;[38;5;-170m[AndroidUiautomator2Driver@4a57]&amp#27;[0m Calling AppiumDriver.findElement() with args: ["id","com.androidsample.generalstore:id/nameField","9a94f11a-b9cc-448d-b350-612d4c0be0af"]
&amp#27;[38;5;22m[9a94f11a]&amp#27;[0m&amp#27;[38;5;-170m[AndroidUiautomator2Driver@4a57]&amp#27;[0m Valid locator strategies for this request: xpath, id, class name, accessibility id, css selector, -android uiautomator
&amp#27;[38;5;22m[9a94f11a]&amp#27;[0m&amp#27;[38;5;-170m[AndroidUiautomator2Driver@4a57]&amp#27;[0m Waiting up to 0 ms for condition
&amp#27;[38;5;22m[9a94f11a]&amp#27;[0m&amp#27;[38;5;-170m[AndroidUiautomator2Driver@4a57]&amp#27;[0m Matched '/element' to command name 'findElement'
&amp#27;[38;5;22m[9a94f11a]&amp#27;[0m&amp#27;[38;5;-170m[AndroidUiautomator2Driver@4a57]&amp#27;[0m Proxying [POST /element] to [POST http://127.0.0.1:8201/session/512e2c02-1084-42cc-9e33-08bbca14af91/element] with body: {"strategy":"id","selector":"com.androidsample.generalstore:id/nameField","context":"","multiple":false}
&amp#27;[38;5;22m[9a94f11a]&amp#27;[0m&amp#27;[38;5;-170m[AndroidUiautomator2Driver@4a57]&amp#27;[0m Got response with status 200: {"sessionId":"512e2c02-1084-42cc-9e33-08bbca14af91","value":{"ELEMENT":"00000000-0000-0701-ffff-ffff0000001c","element-6066-11e4-a52e-4f735466cecf":"00000000-0000-0701-ffff-ffff0000001c"}}
&amp#27;[38;5;22m[9a94f11a]&amp#27;[0m&amp#27;[38;5;-170m[AndroidUiautomator2Driver@4a57]&amp#27;[0m Responding to client with driver.findElement() result: {"element-6066-11e4-a52e-4f735466cecf":"00000000-0000-0701-ffff-ffff0000001c","ELEMENT":"00000000-0000-0701-ffff-ffff0000001c"}
&amp#27;[38;5;22m[9a94f11a]&amp#27;[0m&amp#27;[38;5;86m[HTTP]&amp#27;[0m &amp#27;[37m<-- POST /session/9a94f11a-b9cc-448d-b350-612d4c0be0af/element &amp#27;[39m&amp#27;[32m200&amp#27;[39m &amp#27;[90m1411 ms - 137&amp#27;[39m &amp#27;[90m&amp#27;[39m
&amp#27;[38;5;22m[9a94f11a]&amp#27;[0m&amp#27;[38;5;86m[HTTP]&amp#27;[0m &amp#27;[37m-->&amp#27;[39m &amp#27;[37mGET&amp#27;[39m &amp#27;[37m/session/9a94f11a-b9cc-448d-b350-612d4c0be0af/element/00000000-0000-0701-ffff-ffff0000001c/displayed&amp#27;[39m &amp#27;[90m{}&amp#27;[39m
&amp#27;[38;5;22m[9a94f11a]&amp#27;[0m&amp#27;[38;5;-170m[AndroidUiautomator2Driver@4a57]&amp#27;[0m Calling AppiumDriver.elementDisplayed() with args: ["00000000-0000-0701-ffff-ffff0000001c","9a94f11a-b9cc-448d-b350-612d4c0be0af"]
&amp#27;[38;5;22m[9a94f11a]&amp#27;[0m&amp#27;[38;5;-170m[AndroidUiautomator2Driver@4a57]&amp#27;[0m Matched '/element/00000000-0000-0701-ffff-ffff0000001c/attribute/displayed' to command name 'getAttribute'
&amp#27;[38;5;22m[9a94f11a]&amp#27;[0m&amp#27;[38;5;-170m[AndroidUiautomator2Driver@4a57]&amp#27;[0m Proxying [GET /element/00000000-0000-0701-ffff-ffff0000001c/attribute/displayed] to [GET http://127.0.0.1:8201/session/512e2c02-1084-42cc-9e33-08bbca14af91/element/00000000-0000-0701-ffff-ffff0000001c/attribute/displayed] with no body
&amp#27;[38;5;22m[9a94f11a]&amp#27;[0m&amp#27;[38;5;-170m[AndroidUiautomator2Driver@4a57]&amp#27;[0m Got response with status 200: {"sessionId":"512e2c02-1084-42cc-9e33-08bbca14af91","value":"true"}
&amp#27;[38;5;22m[9a94f11a]&amp#27;[0m&amp#27;[38;5;-170m[AndroidUiautomator2Driver@4a57]&amp#27;[0m Responding to client with driver.elementDisplayed() result: true
&amp#27;[38;5;22m[9a94f11a]&amp#27;[0m&amp#27;[38;5;86m[HTTP]&amp#27;[0m &amp#27;[37m<-- GET /session/9a94f11a-b9cc-448d-b350-612d4c0be0af/element/00000000-0000-0701-ffff-ffff0000001c/displayed &amp#27;[39m&amp#27;[32m200&amp#27;[39m &amp#27;[90m19 ms - 14&amp#27;[39m &amp#27;[90m&amp#27;[39m
&amp#27;[38;5;22m[9a94f11a]&amp#27;[0m&amp#27;[38;5;86m[HTTP]&amp#27;[0m &amp#27;[37m-->&amp#27;[39m &amp#27;[37mGET&amp#27;[39m &amp#27;[37m/session/9a94f11a-b9cc-448d-b350-612d4c0be0af/context&amp#27;[39m &amp#27;[90m{}&amp#27;[39m
&amp#27;[38;5;22m[9a94f11a]&amp#27;[0m&amp#27;[38;5;-170m[AndroidUiautomator2Driver@4a57]&amp#27;[0m Calling AppiumDriver.getCurrentContext() with args: ["9a94f11a-b9cc-448d-b350-612d4c0be0af"]
&amp#27;[38;5;22m[9a94f11a]&amp#27;[0m&amp#27;[38;5;-170m[AndroidUiautomator2Driver@4a57]&amp#27;[0m Responding to client with driver.getCurrentContext() result: "NATIVE_APP"
&amp#27;[38;5;22m[9a94f11a]&amp#27;[0m&amp#27;[38;5;86m[HTTP]&amp#27;[0m &amp#27;[37m<-- GET /session/9a94f11a-b9cc-448d-b350-612d4c0be0af/context &amp#27;[39m&amp#27;[32m200&amp#27;[39m &amp#27;[90m1 ms - 22&amp#27;[39m &amp#27;[90m&amp#27;[39m
&amp#27;[38;5;22m[9a94f11a]&amp#27;[0m&amp#27;[38;5;86m[HTTP]&amp#27;[0m &amp#27;[37m-->&amp#27;[39m &amp#27;[37mPOST&amp#27;[39m &amp#27;[37m/session/9a94f11a-b9cc-448d-b350-612d4c0be0af/element&amp#27;[39m &amp#27;[90m{"using":"id","value":"com.androidsample.generalstore:id/nameField"}&amp#27;[39m
&amp#27;[38;5;22m[9a94f11a]&amp#27;[0m&amp#27;[38;5;-170m[AndroidUiautomator2Driver@4a57]&amp#27;[0m Calling AppiumDriver.findElement() with args: ["id","com.androidsample.generalstore:id/nameField","9a94f11a-b9cc-448d-b350-612d4c0be0af"]
&amp#27;[38;5;22m[9a94f11a]&amp#27;[0m&amp#27;[38;5;-170m[AndroidUiautomator2Driver@4a57]&amp#27;[0m Valid locator strategies for this request: xpath, id, class name, accessibility id, css selector, -android uiautomator
&amp#27;[38;5;22m[9a94f11a]&amp#27;[0m&amp#27;[38;5;-170m[AndroidUiautomator2Driver@4a57]&amp#27;[0m Waiting up to 0 ms for condition
&amp#27;[38;5;22m[9a94f11a]&amp#27;[0m&amp#27;[38;5;-170m[AndroidUiautomator2Driver@4a57]&amp#27;[0m Matched '/element' to command name 'findElement'
&amp#27;[38;5;22m[9a94f11a]&amp#27;[0m&amp#27;[38;5;-170m[AndroidUiautomator2Driver@4a57]&amp#27;[0m Proxying [POST /element] to [POST http://127.0.0.1:8201/session/512e2c02-1084-42cc-9e33-08bbca14af91/element] with body: {"strategy":"id","selector":"com.androidsample.generalstore:id/nameField","context":"","multiple":false}
&amp#27;[38;5;22m[9a94f11a]&amp#27;[0m&amp#27;[38;5;-170m[AndroidUiautomator2Driver@4a57]&amp#27;[0m Got response with status 200: {"sessionId":"512e2c02-1084-42cc-9e33-08bbca14af91","value":{"ELEMENT":"00000000-0000-0701-ffff-ffff0000001c","element-6066-11e4-a52e-4f735466cecf":"00000000-0000-0701-ffff-ffff0000001c"}}
&amp#27;[38;5;22m[9a94f11a]&amp#27;[0m&amp#27;[38;5;-170m[AndroidUiautomator2Driver@4a57]&amp#27;[0m Responding to client with driver.findElement() result: {"element-6066-11e4-a52e-4f735466cecf":"00000000-0000-0701-ffff-ffff0000001c","ELEMENT":"00000000-0000-0701-ffff-ffff0000001c"}
&amp#27;[38;5;22m[9a94f11a]&amp#27;[0m&amp#27;[38;5;86m[HTTP]&amp#27;[0m &amp#27;[37m<-- POST /session/9a94f11a-b9cc-448d-b350-612d4c0be0af/element &amp#27;[39m&amp#27;[32m200&amp#27;[39m &amp#27;[90m33 ms - 137&amp#27;[39m &amp#27;[90m&amp#27;[39m
&amp#27;[38;5;22m[9a94f11a]&amp#27;[0m&amp#27;[38;5;86m[HTTP]&amp#27;[0m &amp#27;[37m-->&amp#27;[39m &amp#27;[37mPOST&amp#27;[39m &amp#27;[37m/session/9a94f11a-b9cc-448d-b350-612d4c0be0af/element/00000000-0000-0701-ffff-ffff0000001c/value&amp#27;[39m &amp#27;[90m{"value":[],"text":"","id":"00000000-0000-0701-ffff-ffff0000001c"}&amp#27;[39m
&amp#27;[38;5;22m[9a94f11a]&amp#27;[0m&amp#27;[38;5;-170m[AndroidUiautomator2Driver@4a57]&amp#27;[0m Calling AppiumDriver.setValue() with args: [[],"00000000-0000-0701-ffff-ffff0000001c","9a94f11a-b9cc-448d-b350-612d4c0be0af"]
&amp#27;[38;5;22m[9a94f11a]&amp#27;[0m&amp#27;[38;5;-170m[AndroidUiautomator2Driver@4a57]&amp#27;[0m Matched '/element/00000000-0000-0701-ffff-ffff0000001c/value' to command name 'setValue'
&amp#27;[38;5;22m[9a94f11a]&amp#27;[0m&amp#27;[38;5;-170m[AndroidUiautomator2Driver@4a57]&amp#27;[0m Added 'value' property [] to 'setValue' request body
&amp#27;[38;5;22m[9a94f11a]&amp#27;[0m&amp#27;[38;5;-170m[AndroidUiautomator2Driver@4a57]&amp#27;[0m Proxying [POST /element/00000000-0000-0701-ffff-ffff0000001c/value] to [POST http://127.0.0.1:8201/session/512e2c02-1084-42cc-9e33-08bbca14af91/element/00000000-0000-0701-ffff-ffff0000001c/value] with body: {"elementId":"00000000-0000-0701-ffff-ffff0000001c","text":"","replace":false,"value":[]}
&amp#27;[38;5;22m[9a94f11a]&amp#27;[0m&amp#27;[38;5;-170m[AndroidUiautomator2Driver@4a57]&amp#27;[0m Got response with status 200: {"sessionId":"512e2c02-1084-42cc-9e33-08bbca14af91","value":null}
&amp#27;[38;5;22m[9a94f11a]&amp#27;[0m&amp#27;[38;5;-170m[AndroidUiautomator2Driver@4a57]&amp#27;[0m Responding to client with driver.setValue() result: null
&amp#27;[38;5;22m[9a94f11a]&amp#27;[0m&amp#27;[38;5;86m[HTTP]&amp#27;[0m &amp#27;[37m<-- POST /session/9a94f11a-b9cc-448d-b350-612d4c0be0af/element/00000000-0000-0701-ffff-ffff0000001c/value &amp#27;[39m&amp#27;[32m200&amp#27;[39m &amp#27;[90m534 ms - 14&amp#27;[39m &amp#27;[90m&amp#27;[39m
&amp#27;[38;5;22m[9a94f11a]&amp#27;[0m&amp#27;[38;5;86m[HTTP]&amp#27;[0m &amp#27;[37m-->&amp#27;[39m &amp#27;[37mPOST&amp#27;[39m &amp#27;[37m/session/9a94f11a-b9cc-448d-b350-612d4c0be0af/execute/sync&amp#27;[39m &amp#27;[90m{"script":"mobile: hideKeyboard","args":[]}&amp#27;[39m
&amp#27;[38;5;22m[9a94f11a]&amp#27;[0m&amp#27;[38;5;-170m[AndroidUiautomator2Driver@4a57]&amp#27;[0m Calling AppiumDriver.execute() with args: ["mobile: hideKeyboard",[],"9a94f11a-b9cc-448d-b350-612d4c0be0af"]
&amp#27;[38;5;22m[9a94f11a]&amp#27;[0m&amp#27;[38;5;-170m[AndroidUiautomator2Driver@4a57]&amp#27;[0m Executing native command 'mobile: hideKeyboard'
&amp#27;[38;5;22m[9a94f11a]&amp#27;[0m&amp#27;[38;5;229m[ADB]&amp#27;[0m Running 'C:\Users\User1\AppData\Local\Android\Sdk\platform-tools\adb.exe -P 5037 -s emulator-5554 shell dumpsys input_method'
&amp#27;[38;5;22m[9a94f11a]&amp#27;[0m&amp#27;[38;5;229m[ADB]&amp#27;[0m Keyboard has no UI; no closing necessary
&amp#27;[38;5;22m[9a94f11a]&amp#27;[0m&amp#27;[38;5;-170m[AndroidUiautomator2Driver@4a57]&amp#27;[0m Responding to client with driver.execute() result: false
&amp#27;[38;5;22m[9a94f11a]&amp#27;[0m&amp#27;[38;5;86m[HTTP]&amp#27;[0m &amp#27;[37m<-- POST /session/9a94f11a-b9cc-448d-b350-612d4c0be0af/execute/sync &amp#27;[39m&amp#27;[32m200&amp#27;[39m &amp#27;[90m656 ms - 15&amp#27;[39m &amp#27;[90m&amp#27;[39m
&amp#27;[38;5;22m[9a94f11a]&amp#27;[0m&amp#27;[38;5;86m[HTTP]&amp#27;[0m &amp#27;[37m-->&amp#27;[39m &amp#27;[37mGET&amp#27;[39m &amp#27;[37m/session/9a94f11a-b9cc-448d-b350-612d4c0be0af/context&amp#27;[39m &amp#27;[90m{}&amp#27;[39m
&amp#27;[38;5;22m[9a94f11a]&amp#27;[0m&amp#27;[38;5;-170m[AndroidUiautomator2Driver@4a57]&amp#27;[0m Calling AppiumDriver.getCurrentContext() with args: ["9a94f11a-b9cc-448d-b350-612d4c0be0af"]
&amp#27;[38;5;22m[9a94f11a]&amp#27;[0m&amp#27;[38;5;-170m[AndroidUiautomator2Driver@4a57]&amp#27;[0m Responding to client with driver.getCurrentContext() result: "NATIVE_APP"
&amp#27;[38;5;22m[9a94f11a]&amp#27;[0m&amp#27;[38;5;86m[HTTP]&amp#27;[0m &amp#27;[37m<-- GET /session/9a94f11a-b9cc-448d-b350-612d4c0be0af/context &amp#27;[39m&amp#27;[32m200&amp#27;[39m &amp#27;[90m1 ms - 22&amp#27;[39m &amp#27;[90m&amp#27;[39m
&amp#27;[38;5;22m[9a94f11a]&amp#27;[0m&amp#27;[38;5;86m[HTTP]&amp#27;[0m &amp#27;[37m-->&amp#27;[39m &amp#27;[37mPOST&amp#27;[39m &amp#27;[37m/session/9a94f11a-b9cc-448d-b350-612d4c0be0af/element&amp#27;[39m &amp#27;[90m{"using":"xpath","value":"//android.widget.RadioButton[@text='Male']"}&amp#27;[39m
&amp#27;[38;5;22m[9a94f11a]&amp#27;[0m&amp#27;[38;5;-170m[AndroidUiautomator2Driver@4a57]&amp#27;[0m Calling AppiumDriver.findElement() with args: ["xpath","//android.widget.RadioButton[@text='Male']","9a94f11a-b9cc-448d-b350-612d4c0be0af"]
&amp#27;[38;5;22m[9a94f11a]&amp#27;[0m&amp#27;[38;5;-170m[AndroidUiautomator2Driver@4a57]&amp#27;[0m Valid locator strategies for this request: xpath, id, class name, accessibility id, css selector, -android uiautomator
&amp#27;[38;5;22m[9a94f11a]&amp#27;[0m&amp#27;[38;5;-170m[AndroidUiautomator2Driver@4a57]&amp#27;[0m Waiting up to 0 ms for condition
&amp#27;[38;5;22m[9a94f11a]&amp#27;[0m&amp#27;[38;5;-170m[AndroidUiautomator2Driver@4a57]&amp#27;[0m Matched '/element' to command name 'findElement'
&amp#27;[38;5;22m[9a94f11a]&amp#27;[0m&amp#27;[38;5;-170m[AndroidUiautomator2Driver@4a57]&amp#27;[0m Proxying [POST /element] to [POST http://127.0.0.1:8201/session/512e2c02-1084-42cc-9e33-08bbca14af91/element] with body: {"strategy":"xpath","selector":"//android.widget.RadioButton[@text='Male']","context":"","multiple":false}
&amp#27;[38;5;22m[9a94f11a]&amp#27;[0m&amp#27;[38;5;-170m[AndroidUiautomator2Driver@4a57]&amp#27;[0m Got response with status 200: {"sessionId":"512e2c02-1084-42cc-9e33-08bbca14af91","value":{"ELEMENT":"00000000-0000-0701-ffff-ffff0000001f","element-6066-11e4-a52e-4f735466cecf":"00000000-0000-0701-ffff-ffff0000001f"}}
&amp#27;[38;5;22m[9a94f11a]&amp#27;[0m&amp#27;[38;5;-170m[AndroidUiautomator2Driver@4a57]&amp#27;[0m Responding to client with driver.findElement() result: {"element-6066-11e4-a52e-4f735466cecf":"00000000-0000-0701-ffff-ffff0000001f","ELEMENT":"00000000-0000-0701-ffff-ffff0000001f"}
&amp#27;[38;5;22m[9a94f11a]&amp#27;[0m&amp#27;[38;5;86m[HTTP]&amp#27;[0m &amp#27;[37m<-- POST /session/9a94f11a-b9cc-448d-b350-612d4c0be0af/element &amp#27;[39m&amp#27;[32m200&amp#27;[39m &amp#27;[90m914 ms - 137&amp#27;[39m &amp#27;[90m&amp#27;[39m
&amp#27;[38;5;22m[9a94f11a]&amp#27;[0m&amp#27;[38;5;86m[HTTP]&amp#27;[0m &amp#27;[37m-->&amp#27;[39m &amp#27;[37mPOST&amp#27;[39m &amp#27;[37m/session/9a94f11a-b9cc-448d-b350-612d4c0be0af/element/00000000-0000-0701-ffff-ffff0000001f/click&amp#27;[39m &amp#27;[90m{"id":"00000000-0000-0701-ffff-ffff0000001f"}&amp#27;[39m
&amp#27;[38;5;22m[9a94f11a]&amp#27;[0m&amp#27;[38;5;-170m[AndroidUiautomator2Driver@4a57]&amp#27;[0m Calling AppiumDriver.click() with args: ["00000000-0000-0701-ffff-ffff0000001f","9a94f11a-b9cc-448d-b350-612d4c0be0af"]
&amp#27;[38;5;22m[9a94f11a]&amp#27;[0m&amp#27;[38;5;-170m[AndroidUiautomator2Driver@4a57]&amp#27;[0m Matched '/element/00000000-0000-0701-ffff-ffff0000001f/click' to command name 'click'
&amp#27;[38;5;22m[9a94f11a]&amp#27;[0m&amp#27;[38;5;-170m[AndroidUiautomator2Driver@4a57]&amp#27;[0m Proxying [POST /element/00000000-0000-0701-ffff-ffff0000001f/click] to [POST http://127.0.0.1:8201/session/512e2c02-1084-42cc-9e33-08bbca14af91/element/00000000-0000-0701-ffff-ffff0000001f/click] with body: {"element":"00000000-0000-0701-ffff-ffff0000001f"}
&amp#27;[38;5;22m[9a94f11a]&amp#27;[0m&amp#27;[38;5;-170m[AndroidUiautomator2Driver@4a57]&amp#27;[0m Got response with status 200: {"sessionId":"512e2c02-1084-42cc-9e33-08bbca14af91","value":null}
&amp#27;[38;5;22m[9a94f11a]&amp#27;[0m&amp#27;[38;5;-170m[AndroidUiautomator2Driver@4a57]&amp#27;[0m Responding to client with driver.click() result: null
&amp#27;[38;5;22m[9a94f11a]&amp#27;[0m&amp#27;[38;5;86m[HTTP]&amp#27;[0m &amp#27;[37m<-- POST /session/9a94f11a-b9cc-448d-b350-612d4c0be0af/element/00000000-0000-0701-ffff-ffff0000001f/click &amp#27;[39m&amp#27;[32m200&amp#27;[39m &amp#27;[90m82 ms - 14&amp#27;[39m &amp#27;[90m&amp#27;[39m
&amp#27;[38;5;22m[9a94f11a]&amp#27;[0m&amp#27;[38;5;86m[HTTP]&amp#27;[0m &amp#27;[37m-->&amp#27;[39m &amp#27;[37mGET&amp#27;[39m &amp#27;[37m/session/9a94f11a-b9cc-448d-b350-612d4c0be0af/context&amp#27;[39m &amp#27;[90m{}&amp#27;[39m
&amp#27;[38;5;22m[9a94f11a]&amp#27;[0m&amp#27;[38;5;-170m[AndroidUiautomator2Driver@4a57]&amp#27;[0m Calling AppiumDriver.getCurrentContext() with args: ["9a94f11a-b9cc-448d-b350-612d4c0be0af"]
&amp#27;[38;5;22m[9a94f11a]&amp#27;[0m&amp#27;[38;5;-170m[AndroidUiautomator2Driver@4a57]&amp#27;[0m Responding to client with driver.getCurrentContext() result: "NATIVE_APP"
&amp#27;[38;5;22m[9a94f11a]&amp#27;[0m&amp#27;[38;5;86m[HTTP]&amp#27;[0m &amp#27;[37m<-- GET /session/9a94f11a-b9cc-448d-b350-612d4c0be0af/context &amp#27;[39m&amp#27;[32m200&amp#27;[39m &amp#27;[90m2 ms - 22&amp#27;[39m &amp#27;[90m&amp#27;[39m
&amp#27;[38;5;22m[9a94f11a]&amp#27;[0m&amp#27;[38;5;86m[HTTP]&amp#27;[0m &amp#27;[37m-->&amp#27;[39m &amp#27;[37mPOST&amp#27;[39m &amp#27;[37m/session/9a94f11a-b9cc-448d-b350-612d4c0be0af/element&amp#27;[39m &amp#27;[90m{"using":"id","value":"android:id/text1"}&amp#27;[39m
&amp#27;[38;5;22m[9a94f11a]&amp#27;[0m&amp#27;[38;5;-170m[AndroidUiautomator2Driver@4a57]&amp#27;[0m Calling AppiumDriver.findElement() with args: ["id","android:id/text1","9a94f11a-b9cc-448d-b350-612d4c0be0af"]
&amp#27;[38;5;22m[9a94f11a]&amp#27;[0m&amp#27;[38;5;-170m[AndroidUiautomator2Driver@4a57]&amp#27;[0m Valid locator strategies for this request: xpath, id, class name, accessibility id, css selector, -android uiautomator
&amp#27;[38;5;22m[9a94f11a]&amp#27;[0m&amp#27;[38;5;-170m[AndroidUiautomator2Driver@4a57]&amp#27;[0m Waiting up to 0 ms for condition
&amp#27;[38;5;22m[9a94f11a]&amp#27;[0m&amp#27;[38;5;-170m[AndroidUiautomator2Driver@4a57]&amp#27;[0m Matched '/element' to command name 'findElement'
&amp#27;[38;5;22m[9a94f11a]&amp#27;[0m&amp#27;[38;5;-170m[AndroidUiautomator2Driver@4a57]&amp#27;[0m Proxying [POST /element] to [POST http://127.0.0.1:8201/session/512e2c02-1084-42cc-9e33-08bbca14af91/element] with body: {"strategy":"id","selector":"android:id/text1","context":"","multiple":false}
&amp#27;[38;5;22m[9a94f11a]&amp#27;[0m&amp#27;[38;5;-170m[AndroidUiautomator2Driver@4a57]&amp#27;[0m Got response with status 200: {"sessionId":"512e2c02-1084-42cc-9e33-08bbca14af91","value":{"ELEMENT":"00000000-0000-0701-ffff-ffff00000024","element-6066-11e4-a52e-4f735466cecf":"00000000-0000-0701-ffff-ffff00000024"}}
&amp#27;[38;5;22m[9a94f11a]&amp#27;[0m&amp#27;[38;5;-170m[AndroidUiautomator2Driver@4a57]&amp#27;[0m Responding to client with driver.findElement() result: {"element-6066-11e4-a52e-4f735466cecf":"00000000-0000-0701-ffff-ffff00000024","ELEMENT":"00000000-0000-0701-ffff-ffff00000024"}
&amp#27;[38;5;22m[9a94f11a]&amp#27;[0m&amp#27;[38;5;86m[HTTP]&amp#27;[0m &amp#27;[37m<-- POST /session/9a94f11a-b9cc-448d-b350-612d4c0be0af/element &amp#27;[39m&amp#27;[32m200&amp#27;[39m &amp#27;[90m134 ms - 137&amp#27;[39m &amp#27;[90m&amp#27;[39m
&amp#27;[38;5;22m[9a94f11a]&amp#27;[0m&amp#27;[38;5;86m[HTTP]&amp#27;[0m &amp#27;[37m-->&amp#27;[39m &amp#27;[37mPOST&amp#27;[39m &amp#27;[37m/session/9a94f11a-b9cc-448d-b350-612d4c0be0af/element/00000000-0000-0701-ffff-ffff00000024/click&amp#27;[39m &amp#27;[90m{"id":"00000000-0000-0701-ffff-ffff00000024"}&amp#27;[39m
&amp#27;[38;5;22m[9a94f11a]&amp#27;[0m&amp#27;[38;5;-170m[AndroidUiautomator2Driver@4a57]&amp#27;[0m Calling AppiumDriver.click() with args: ["00000000-0000-0701-ffff-ffff00000024","9a94f11a-b9cc-448d-b350-612d4c0be0af"]
&amp#27;[38;5;22m[9a94f11a]&amp#27;[0m&amp#27;[38;5;-170m[AndroidUiautomator2Driver@4a57]&amp#27;[0m Matched '/element/00000000-0000-0701-ffff-ffff00000024/click' to command name 'click'
&amp#27;[38;5;22m[9a94f11a]&amp#27;[0m&amp#27;[38;5;-170m[AndroidUiautomator2Driver@4a57]&amp#27;[0m Proxying [POST /element/00000000-0000-0701-ffff-ffff00000024/click] to [POST http://127.0.0.1:8201/session/512e2c02-1084-42cc-9e33-08bbca14af91/element/00000000-0000-0701-ffff-ffff00000024/click] with body: {"element":"00000000-0000-0701-ffff-ffff00000024"}
&amp#27;[38;5;22m[9a94f11a]&amp#27;[0m&amp#27;[38;5;-170m[AndroidUiautomator2Driver@4a57]&amp#27;[0m Got response with status 200: {"sessionId":"512e2c02-1084-42cc-9e33-08bbca14af91","value":null}
&amp#27;[38;5;22m[9a94f11a]&amp#27;[0m&amp#27;[38;5;-170m[AndroidUiautomator2Driver@4a57]&amp#27;[0m Responding to client with driver.click() result: null
&amp#27;[38;5;22m[9a94f11a]&amp#27;[0m&amp#27;[38;5;86m[HTTP]&amp#27;[0m &amp#27;[37m<-- POST /session/9a94f11a-b9cc-448d-b350-612d4c0be0af/element/00000000-0000-0701-ffff-ffff00000024/click &amp#27;[39m&amp#27;[32m200&amp#27;[39m &amp#27;[90m427 ms - 14&amp#27;[39m &amp#27;[90m&amp#27;[39m
&amp#27;[38;5;22m[9a94f11a]&amp#27;[0m&amp#27;[38;5;86m[HTTP]&amp#27;[0m &amp#27;[37m-->&amp#27;[39m &amp#27;[37mPOST&amp#27;[39m &amp#27;[37m/session/9a94f11a-b9cc-448d-b350-612d4c0be0af/element&amp#27;[39m &amp#27;[90m{"using":"-android uiautomator","value":"new UiScrollable(new UiSelector()).scrollIntoView(text(\"Austria\"));"}&amp#27;[39m
&amp#27;[38;5;22m[9a94f11a]&amp#27;[0m&amp#27;[38;5;-170m[AndroidUiautomator2Driver@4a57]&amp#27;[0m Calling AppiumDriver.findElement() with args: ["-android uiautomator","new UiScrollable(new UiSelector()).scrollIntoView(text(\"Austria\"));","9a94f11a-b9cc-448d-b350-612d4c0be0af"]
&amp#27;[38;5;22m[9a94f11a]&amp#27;[0m&amp#27;[38;5;-170m[AndroidUiautomator2Driver@4a57]&amp#27;[0m Valid locator strategies for this request: xpath, id, class name, accessibility id, css selector, -android uiautomator
&amp#27;[38;5;22m[9a94f11a]&amp#27;[0m&amp#27;[38;5;-170m[AndroidUiautomator2Driver@4a57]&amp#27;[0m Waiting up to 0 ms for condition
&amp#27;[38;5;22m[9a94f11a]&amp#27;[0m&amp#27;[38;5;-170m[AndroidUiautomator2Driver@4a57]&amp#27;[0m Matched '/element' to command name 'findElement'
&amp#27;[38;5;22m[9a94f11a]&amp#27;[0m&amp#27;[38;5;-170m[AndroidUiautomator2Driver@4a57]&amp#27;[0m Proxying [POST /element] to [POST http://127.0.0.1:8201/session/512e2c02-1084-42cc-9e33-08bbca14af91/element] with body: {"strategy":"-android uiautomator","selector":"new UiScrollable(new UiSelector()).scrollIntoView(text(\"Austria\"));","context":"","multiple":false}
&amp#27;[38;5;22m[9a94f11a]&amp#27;[0m&amp#27;[38;5;-170m[AndroidUiautomator2Driver@4a57]&amp#27;[0m Got response with status 200: {"sessionId":"512e2c02-1084-42cc-9e33-08bbca14af91","value":{"ELEMENT":"00000000-0000-0702-ffff-ffff0000002c","element-6066-11e4-a52e-4f735466cecf":"00000000-0000-0702-ffff-ffff0000002c"}}
&amp#27;[38;5;22m[9a94f11a]&amp#27;[0m&amp#27;[38;5;-170m[AndroidUiautomator2Driver@4a57]&amp#27;[0m Responding to client with driver.findElement() result: {"element-6066-11e4-a52e-4f735466cecf":"00000000-0000-0702-ffff-ffff0000002c","ELEMENT":"00000000-0000-0702-ffff-ffff0000002c"}
&amp#27;[38;5;22m[9a94f11a]&amp#27;[0m&amp#27;[38;5;86m[HTTP]&amp#27;[0m &amp#27;[37m<-- POST /session/9a94f11a-b9cc-448d-b350-612d4c0be0af/element &amp#27;[39m&amp#27;[32m200&amp#27;[39m &amp#27;[90m4082 ms - 137&amp#27;[39m &amp#27;[90m&amp#27;[39m
&amp#27;[38;5;22m[9a94f11a]&amp#27;[0m&amp#27;[38;5;86m[HTTP]&amp#27;[0m &amp#27;[37m-->&amp#27;[39m &amp#27;[37mPOST&amp#27;[39m &amp#27;[37m/session/9a94f11a-b9cc-448d-b350-612d4c0be0af/element&amp#27;[39m &amp#27;[90m{"using":"xpath","value":"//android.widget.TextView[@text='Austria']"}&amp#27;[39m
&amp#27;[38;5;22m[9a94f11a]&amp#27;[0m&amp#27;[38;5;-170m[AndroidUiautomator2Driver@4a57]&amp#27;[0m Calling AppiumDriver.findElement() with args: ["xpath","//android.widget.TextView[@text='Austria']","9a94f11a-b9cc-448d-b350-612d4c0be0af"]
&amp#27;[38;5;22m[9a94f11a]&amp#27;[0m&amp#27;[38;5;-170m[AndroidUiautomator2Driver@4a57]&amp#27;[0m Valid locator strategies for this request: xpath, id, class name, accessibility id, css selector, -android uiautomator
&amp#27;[38;5;22m[9a94f11a]&amp#27;[0m&amp#27;[38;5;-170m[AndroidUiautomator2Driver@4a57]&amp#27;[0m Waiting up to 0 ms for condition
&amp#27;[38;5;22m[9a94f11a]&amp#27;[0m&amp#27;[38;5;-170m[AndroidUiautomator2Driver@4a57]&amp#27;[0m Matched '/element' to command name 'findElement'
&amp#27;[38;5;22m[9a94f11a]&amp#27;[0m&amp#27;[38;5;-170m[AndroidUiautomator2Driver@4a57]&amp#27;[0m Proxying [POST /element] to [POST http://127.0.0.1:8201/session/512e2c02-1084-42cc-9e33-08bbca14af91/element] with body: {"strategy":"xpath","selector":"//android.widget.TextView[@text='Austria']","context":"","multiple":false}
&amp#27;[38;5;22m[9a94f11a]&amp#27;[0m&amp#27;[38;5;-170m[AndroidUiautomator2Driver@4a57]&amp#27;[0m Got response with status 200: {"sessionId":"512e2c02-1084-42cc-9e33-08bbca14af91","value":{"ELEMENT":"00000000-0000-0702-ffff-ffff0000002c","element-6066-11e4-a52e-4f735466cecf":"00000000-0000-0702-ffff-ffff0000002c"}}
&amp#27;[38;5;22m[9a94f11a]&amp#27;[0m&amp#27;[38;5;-170m[AndroidUiautomator2Driver@4a57]&amp#27;[0m Responding to client with driver.findElement() result: {"element-6066-11e4-a52e-4f735466cecf":"00000000-0000-0702-ffff-ffff0000002c","ELEMENT":"00000000-0000-0702-ffff-ffff0000002c"}
&amp#27;[38;5;22m[9a94f11a]&amp#27;[0m&amp#27;[38;5;86m[HTTP]&amp#27;[0m &amp#27;[37m<-- POST /session/9a94f11a-b9cc-448d-b350-612d4c0be0af/element &amp#27;[39m&amp#27;[32m200&amp#27;[39m &amp#27;[90m82 ms - 137&amp#27;[39m &amp#27;[90m&amp#27;[39m
&amp#27;[38;5;22m[9a94f11a]&amp#27;[0m&amp#27;[38;5;86m[HTTP]&amp#27;[0m &amp#27;[37m-->&amp#27;[39m &amp#27;[37mPOST&amp#27;[39m &amp#27;[37m/session/9a94f11a-b9cc-448d-b350-612d4c0be0af/element/00000000-0000-0702-ffff-ffff0000002c/click&amp#27;[39m &amp#27;[90m{"id":"00000000-0000-0702-ffff-ffff0000002c"}&amp#27;[39m
&amp#27;[38;5;22m[9a94f11a]&amp#27;[0m&amp#27;[38;5;-170m[AndroidUiautomator2Driver@4a57]&amp#27;[0m Calling AppiumDriver.click() with args: ["00000000-0000-0702-ffff-ffff0000002c","9a94f11a-b9cc-448d-b350-612d4c0be0af"]
&amp#27;[38;5;22m[9a94f11a]&amp#27;[0m&amp#27;[38;5;-170m[AndroidUiautomator2Driver@4a57]&amp#27;[0m Matched '/element/00000000-0000-0702-ffff-ffff0000002c/click' to command name 'click'
&amp#27;[38;5;22m[9a94f11a]&amp#27;[0m&amp#27;[38;5;-170m[AndroidUiautomator2Driver@4a57]&amp#27;[0m Proxying [POST /element/00000000-0000-0702-ffff-ffff0000002c/click] to [POST http://127.0.0.1:8201/session/512e2c02-1084-42cc-9e33-08bbca14af91/element/00000000-0000-0702-ffff-ffff0000002c/click] with body: {"element":"00000000-0000-0702-ffff-ffff0000002c"}
&amp#27;[38;5;22m[9a94f11a]&amp#27;[0m&amp#27;[38;5;-170m[AndroidUiautomator2Driver@4a57]&amp#27;[0m Got response with status 200: {"sessionId":"512e2c02-1084-42cc-9e33-08bbca14af91","value":null}
&amp#27;[38;5;22m[9a94f11a]&amp#27;[0m&amp#27;[38;5;-170m[AndroidUiautomator2Driver@4a57]&amp#27;[0m Responding to client with driver.click() result: null
&amp#27;[38;5;22m[9a94f11a]&amp#27;[0m&amp#27;[38;5;86m[HTTP]&amp#27;[0m &amp#27;[37m<-- POST /session/9a94f11a-b9cc-448d-b350-612d4c0be0af/element/00000000-0000-0702-ffff-ffff0000002c/click &amp#27;[39m&amp#27;[32m200&amp#27;[39m &amp#27;[90m733 ms - 14&amp#27;[39m &amp#27;[90m&amp#27;[39m
&amp#27;[38;5;22m[9a94f11a]&amp#27;[0m&amp#27;[38;5;86m[HTTP]&amp#27;[0m &amp#27;[37m-->&amp#27;[39m &amp#27;[37mGET&amp#27;[39m &amp#27;[37m/session/9a94f11a-b9cc-448d-b350-612d4c0be0af/context&amp#27;[39m &amp#27;[90m{}&amp#27;[39m
&amp#27;[38;5;22m[9a94f11a]&amp#27;[0m&amp#27;[38;5;-170m[AndroidUiautomator2Driver@4a57]&amp#27;[0m Calling AppiumDriver.getCurrentContext() with args: ["9a94f11a-b9cc-448d-b350-612d4c0be0af"]
&amp#27;[38;5;22m[9a94f11a]&amp#27;[0m&amp#27;[38;5;-170m[AndroidUiautomator2Driver@4a57]&amp#27;[0m Responding to client with driver.getCurrentContext() result: "NATIVE_APP"
&amp#27;[38;5;22m[9a94f11a]&amp#27;[0m&amp#27;[38;5;86m[HTTP]&amp#27;[0m &amp#27;[37m<-- GET /session/9a94f11a-b9cc-448d-b350-612d4c0be0af/context &amp#27;[39m&amp#27;[32m200&amp#27;[39m &amp#27;[90m2 ms - 22&amp#27;[39m &amp#27;[90m&amp#27;[39m
&amp#27;[38;5;22m[9a94f11a]&amp#27;[0m&amp#27;[38;5;86m[HTTP]&amp#27;[0m &amp#27;[37m-->&amp#27;[39m &amp#27;[37mPOST&amp#27;[39m &amp#27;[37m/session/9a94f11a-b9cc-448d-b350-612d4c0be0af/element&amp#27;[39m &amp#27;[90m{"using":"id","value":"com.androidsample.generalstore:id/btnLetsShop"}&amp#27;[39m
&amp#27;[38;5;22m[9a94f11a]&amp#27;[0m&amp#27;[38;5;-170m[AndroidUiautomator2Driver@4a57]&amp#27;[0m Calling AppiumDriver.findElement() with args: ["id","com.androidsample.generalstore:id/btnLetsShop","9a94f11a-b9cc-448d-b350-612d4c0be0af"]
&amp#27;[38;5;22m[9a94f11a]&amp#27;[0m&amp#27;[38;5;-170m[AndroidUiautomator2Driver@4a57]&amp#27;[0m Valid locator strategies for this request: xpath, id, class name, accessibility id, css selector, -android uiautomator
&amp#27;[38;5;22m[9a94f11a]&amp#27;[0m&amp#27;[38;5;-170m[AndroidUiautomator2Driver@4a57]&amp#27;[0m Waiting up to 0 ms for condition
&amp#27;[38;5;22m[9a94f11a]&amp#27;[0m&amp#27;[38;5;-170m[AndroidUiautomator2Driver@4a57]&amp#27;[0m Matched '/element' to command name 'findElement'
&amp#27;[38;5;22m[9a94f11a]&amp#27;[0m&amp#27;[38;5;-170m[AndroidUiautomator2Driver@4a57]&amp#27;[0m Proxying [POST /element] to [POST http://127.0.0.1:8201/session/512e2c02-1084-42cc-9e33-08bbca14af91/element] with body: {"strategy":"id","selector":"com.androidsample.generalstore:id/btnLetsShop","context":"","multiple":false}
&amp#27;[38;5;22m[9a94f11a]&amp#27;[0m&amp#27;[38;5;-170m[AndroidUiautomator2Driver@4a57]&amp#27;[0m Got response with status 200: {"sessionId":"512e2c02-1084-42cc-9e33-08bbca14af91","value":{"ELEMENT":"00000000-0000-0701-ffff-ffff00000021","element-6066-11e4-a52e-4f735466cecf":"00000000-0000-0701-ffff-ffff00000021"}}
&amp#27;[38;5;22m[9a94f11a]&amp#27;[0m&amp#27;[38;5;-170m[AndroidUiautomator2Driver@4a57]&amp#27;[0m Responding to client with driver.findElement() result: {"element-6066-11e4-a52e-4f735466cecf":"00000000-0000-0701-ffff-ffff00000021","ELEMENT":"00000000-0000-0701-ffff-ffff00000021"}
&amp#27;[38;5;22m[9a94f11a]&amp#27;[0m&amp#27;[38;5;86m[HTTP]&amp#27;[0m &amp#27;[37m<-- POST /session/9a94f11a-b9cc-448d-b350-612d4c0be0af/element &amp#27;[39m&amp#27;[32m200&amp#27;[39m &amp#27;[90m37 ms - 137&amp#27;[39m &amp#27;[90m&amp#27;[39m
&amp#27;[38;5;22m[9a94f11a]&amp#27;[0m&amp#27;[38;5;86m[HTTP]&amp#27;[0m &amp#27;[37m-->&amp#27;[39m &amp#27;[37mPOST&amp#27;[39m &amp#27;[37m/session/9a94f11a-b9cc-448d-b350-612d4c0be0af/element/00000000-0000-0701-ffff-ffff00000021/click&amp#27;[39m &amp#27;[90m{"id":"00000000-0000-0701-ffff-ffff00000021"}&amp#27;[39m
&amp#27;[38;5;22m[9a94f11a]&amp#27;[0m&amp#27;[38;5;-170m[AndroidUiautomator2Driver@4a57]&amp#27;[0m Calling AppiumDriver.click() with args: ["00000000-0000-0701-ffff-ffff00000021","9a94f11a-b9cc-448d-b350-612d4c0be0af"]
&amp#27;[38;5;22m[9a94f11a]&amp#27;[0m&amp#27;[38;5;-170m[AndroidUiautomator2Driver@4a57]&amp#27;[0m Matched '/element/00000000-0000-0701-ffff-ffff00000021/click' to command name 'click'
&amp#27;[38;5;22m[9a94f11a]&amp#27;[0m&amp#27;[38;5;-170m[AndroidUiautomator2Driver@4a57]&amp#27;[0m Proxying [POST /element/00000000-0000-0701-ffff-ffff00000021/click] to [POST http://127.0.0.1:8201/session/512e2c02-1084-42cc-9e33-08bbca14af91/element/00000000-0000-0701-ffff-ffff00000021/click] with body: {"element":"00000000-0000-0701-ffff-ffff00000021"}
&amp#27;[38;5;22m[9a94f11a]&amp#27;[0m&amp#27;[38;5;-170m[AndroidUiautomator2Driver@4a57]&amp#27;[0m Got response with status 200: {"sessionId":"512e2c02-1084-42cc-9e33-08bbca14af91","value":null}
&amp#27;[38;5;22m[9a94f11a]&amp#27;[0m&amp#27;[38;5;-170m[AndroidUiautomator2Driver@4a57]&amp#27;[0m Responding to client with driver.click() result: null
&amp#27;[38;5;22m[9a94f11a]&amp#27;[0m&amp#27;[38;5;86m[HTTP]&amp#27;[0m &amp#27;[37m<-- POST /session/9a94f11a-b9cc-448d-b350-612d4c0be0af/element/00000000-0000-0701-ffff-ffff00000021/click &amp#27;[39m&amp#27;[32m200&amp#27;[39m &amp#27;[90m76 ms - 14&amp#27;[39m &amp#27;[90m&amp#27;[39m
&amp#27;[38;5;22m[9a94f11a]&amp#27;[0m&amp#27;[38;5;86m[HTTP]&amp#27;[0m &amp#27;[37m-->&amp#27;[39m &amp#27;[37mGET&amp#27;[39m &amp#27;[37m/session/9a94f11a-b9cc-448d-b350-612d4c0be0af/context&amp#27;[39m &amp#27;[90m{}&amp#27;[39m
&amp#27;[38;5;22m[9a94f11a]&amp#27;[0m&amp#27;[38;5;-170m[AndroidUiautomator2Driver@4a57]&amp#27;[0m Calling AppiumDriver.getCurrentContext() with args: ["9a94f11a-b9cc-448d-b350-612d4c0be0af"]
&amp#27;[38;5;22m[9a94f11a]&amp#27;[0m&amp#27;[38;5;-170m[AndroidUiautomator2Driver@4a57]&amp#27;[0m Responding to client with driver.getCurrentContext() result: "NATIVE_APP"
&amp#27;[38;5;22m[9a94f11a]&amp#27;[0m&amp#27;[38;5;86m[HTTP]&amp#27;[0m &amp#27;[37m<-- GET /session/9a94f11a-b9cc-448d-b350-612d4c0be0af/context &amp#27;[39m&amp#27;[32m200&amp#27;[39m &amp#27;[90m2 ms - 22&amp#27;[39m &amp#27;[90m&amp#27;[39m
&amp#27;[38;5;22m[9a94f11a]&amp#27;[0m&amp#27;[38;5;86m[HTTP]&amp#27;[0m &amp#27;[37m-->&amp#27;[39m &amp#27;[37mPOST&amp#27;[39m &amp#27;[37m/session/9a94f11a-b9cc-448d-b350-612d4c0be0af/element&amp#27;[39m &amp#27;[90m{"using":"xpath","value":"(//android.widget.Toast)[1]"}&amp#27;[39m
&amp#27;[38;5;22m[9a94f11a]&amp#27;[0m&amp#27;[38;5;-170m[AndroidUiautomator2Driver@4a57]&amp#27;[0m Calling AppiumDriver.findElement() with args: ["xpath","(//android.widget.Toast)[1]","9a94f11a-b9cc-448d-b350-612d4c0be0af"]
&amp#27;[38;5;22m[9a94f11a]&amp#27;[0m&amp#27;[38;5;-170m[AndroidUiautomator2Driver@4a57]&amp#27;[0m Valid locator strategies for this request: xpath, id, class name, accessibility id, css selector, -android uiautomator
&amp#27;[38;5;22m[9a94f11a]&amp#27;[0m&amp#27;[38;5;-170m[AndroidUiautomator2Driver@4a57]&amp#27;[0m Waiting up to 0 ms for condition
&amp#27;[38;5;22m[9a94f11a]&amp#27;[0m&amp#27;[38;5;-170m[AndroidUiautomator2Driver@4a57]&amp#27;[0m Matched '/element' to command name 'findElement'
&amp#27;[38;5;22m[9a94f11a]&amp#27;[0m&amp#27;[38;5;-170m[AndroidUiautomator2Driver@4a57]&amp#27;[0m Proxying [POST /element] to [POST http://127.0.0.1:8201/session/512e2c02-1084-42cc-9e33-08bbca14af91/element] with body: {"strategy":"xpath","selector":"(//android.widget.Toast)[1]","context":"","multiple":false}
&amp#27;[38;5;22m[9a94f11a]&amp#27;[0m&amp#27;[38;5;-170m[AndroidUiautomator2Driver@4a57]&amp#27;[0m Got response with status 200: {"sessionId":"512e2c02-1084-42cc-9e33-08bbca14af91","value":{"ELEMENT":"9c69740e-47b3-452e-8c63-517663925652","element-6066-11e4-a52e-4f735466cecf":"9c69740e-47b3-452e-8c63-517663925652"}}
&amp#27;[38;5;22m[9a94f11a]&amp#27;[0m&amp#27;[38;5;-170m[AndroidUiautomator2Driver@4a57]&amp#27;[0m Responding to client with driver.findElement() result: {"element-6066-11e4-a52e-4f735466cecf":"9c69740e-47b3-452e-8c63-517663925652","ELEMENT":"9c69740e-47b3-452e-8c63-517663925652"}
&amp#27;[38;5;22m[9a94f11a]&amp#27;[0m&amp#27;[38;5;86m[HTTP]&amp#27;[0m &amp#27;[37m<-- POST /session/9a94f11a-b9cc-448d-b350-612d4c0be0af/element &amp#27;[39m&amp#27;[32m200&amp#27;[39m &amp#27;[90m254 ms - 137&amp#27;[39m &amp#27;[90m&amp#27;[39m
&amp#27;[38;5;22m[9a94f11a]&amp#27;[0m&amp#27;[38;5;86m[HTTP]&amp#27;[0m &amp#27;[37m-->&amp#27;[39m &amp#27;[37mGET&amp#27;[39m &amp#27;[37m/session/9a94f11a-b9cc-448d-b350-612d4c0be0af/element/9c69740e-47b3-452e-8c63-517663925652/text&amp#27;[39m &amp#27;[90m{}&amp#27;[39m
&amp#27;[38;5;22m[9a94f11a]&amp#27;[0m&amp#27;[38;5;-170m[AndroidUiautomator2Driver@4a57]&amp#27;[0m Driver proxy active, passing request on via HTTP proxy
&amp#27;[38;5;22m[9a94f11a]&amp#27;[0m&amp#27;[38;5;-170m[AndroidUiautomator2Driver@4a57]&amp#27;[0m Matched '/session/9a94f11a-b9cc-448d-b350-612d4c0be0af/element/9c69740e-47b3-452e-8c63-517663925652/text' to command name 'getText'
&amp#27;[38;5;22m[9a94f11a]&amp#27;[0m&amp#27;[38;5;-170m[AndroidUiautomator2Driver@4a57]&amp#27;[0m Proxying [GET /session/9a94f11a-b9cc-448d-b350-612d4c0be0af/element/9c69740e-47b3-452e-8c63-517663925652/text] to [GET http://127.0.0.1:8201/session/512e2c02-1084-42cc-9e33-08bbca14af91/element/9c69740e-47b3-452e-8c63-517663925652/text] with no body
&amp#27;[38;5;22m[9a94f11a]&amp#27;[0m&amp#27;[38;5;-170m[AndroidUiautomator2Driver@4a57]&amp#27;[0m Got response with status 200: {"sessionId":"512e2c02-1084-42cc-9e33-08bbca14af91","value":"Please enter your name"}
&amp#27;[38;5;22m[9a94f11a]&amp#27;[0m&amp#27;[38;5;-170m[AndroidUiautomator2Driver@4a57]&amp#27;[0m Replacing sessionId 512e2c02-1084-42cc-9e33-08bbca14af91 with 9a94f11a-b9cc-448d-b350-612d4c0be0af
&amp#27;[38;5;22m[9a94f11a]&amp#27;[0m&amp#27;[38;5;86m[HTTP]&amp#27;[0m &amp#27;[37m<-- GET /session/9a94f11a-b9cc-448d-b350-612d4c0be0af/element/9c69740e-47b3-452e-8c63-517663925652/text &amp#27;[39m&amp#27;[32m200&amp#27;[39m &amp#27;[90m427 ms - 85&amp#27;[39m &amp#27;[90m&amp#27;[39m
Test Passed: emptyNameFillForm
]]></system-out>
  </testcase>
  <testcase name="femaleGenderTest[{name=Raj, country=Austria, product=Converse All Star, genderFemale=Female, genderMale=Male}](1)" classname="testCases.FormPageTest" time="4.405">
    <failure message="Keys to send should be a not null CharSequence" type="java.lang.IllegalArgumentException"><![CDATA[java.lang.IllegalArgumentException: Keys to send should be a not null CharSequence
	at org.openqa.selenium.remote.RemoteWebElement.sendKeys(RemoteWebElement.java:96)
	at java.base/jdk.internal.reflect.DirectMethodHandleAccessor.invoke(DirectMethodHandleAccessor.java:103)
	at java.base/java.lang.reflect.Method.invoke(Method.java:580)
	at io.appium.java_client.pagefactory.ElementInterceptor.getObject(ElementInterceptor.java:42)
	at io.appium.java_client.pagefactory.interceptors.InterceptorOfASingleElement.call(InterceptorOfASingleElement.java:79)
	at io.appium.java_client.proxy.Interceptor.intercept(Interceptor.java:78)
	at org.openqa.selenium.remote.RemoteWebElement$ByteBuddy$7qSzMuHk.sendKeys(Unknown Source)
	at AppiumFramework.pageObjects.android.FormPage.setNameField(FormPage.java:46)
	at testCases.FormPageTest.femaleGenderTest(FormPageTest.java:48)
	at java.base/jdk.internal.reflect.DirectMethodHandleAccessor.invoke(DirectMethodHandleAccessor.java:103)
	at java.base/java.lang.reflect.Method.invoke(Method.java:580)
	at org.testng.internal.invokers.MethodInvocationHelper.invokeMethod(MethodInvocationHelper.java:141)
	at org.testng.internal.invokers.TestInvoker.invokeMethod(TestInvoker.java:686)
	at org.testng.internal.invokers.TestInvoker.invokeTestMethod(TestInvoker.java:230)
	at org.testng.internal.invokers.MethodRunner.runInSequence(MethodRunner.java:63)
	at org.testng.internal.invokers.TestInvoker$MethodInvocationAgent.invoke(TestInvoker.java:992)
	at org.testng.internal.invokers.TestInvoker.invokeTestMethods(TestInvoker.java:203)
	at org.testng.internal.invokers.TestMethodWorker.invokeTestMethods(TestMethodWorker.java:154)
	at org.testng.internal.invokers.TestMethodWorker.run(TestMethodWorker.java:134)
	at java.base/java.util.ArrayList.forEach(ArrayList.java:1597)
	at org.testng.TestRunner.privateRun(TestRunner.java:739)
	at org.testng.TestRunner.run(TestRunner.java:614)
	at org.testng.SuiteRunner.runTest(SuiteRunner.java:421)
	at org.testng.SuiteRunner.runSequentially(SuiteRunner.java:413)
	at org.testng.SuiteRunner.privateRun(SuiteRunner.java:373)
	at org.testng.SuiteRunner.run(SuiteRunner.java:312)
	at org.testng.SuiteRunnerWorker.runSuite(SuiteRunnerWorker.java:52)
	at org.testng.SuiteRunnerWorker.run(SuiteRunnerWorker.java:95)
	at org.testng.TestNG.runSuitesSequentially(TestNG.java:1274)
	at org.testng.TestNG.runSuitesLocally(TestNG.java:1208)
	at org.testng.TestNG.runSuites(TestNG.java:1112)
	at org.testng.TestNG.run(TestNG.java:1079)
	at org.apache.maven.surefire.testng.TestNGExecutor.run(TestNGExecutor.java:308)
	at org.apache.maven.surefire.testng.TestNGXmlTestSuite.execute(TestNGXmlTestSuite.java:71)
	at org.apache.maven.surefire.testng.TestNGProvider.invoke(TestNGProvider.java:113)
	at org.apache.maven.surefire.booter.ForkedBooter.runSuitesInProcess(ForkedBooter.java:385)
	at org.apache.maven.surefire.booter.ForkedBooter.execute(ForkedBooter.java:162)
	at org.apache.maven.surefire.booter.ForkedBooter.run(ForkedBooter.java:507)
	at org.apache.maven.surefire.booter.ForkedBooter.main(ForkedBooter.java:495)
]]></failure>
    <system-out><![CDATA[&amp#27;[38;5;22m[9a94f11a]&amp#27;[0m&amp#27;[38;5;86m[HTTP]&amp#27;[0m &amp#27;[37m-->&amp#27;[39m &amp#27;[37mDELETE&amp#27;[39m &amp#27;[37m/session/9a94f11a-b9cc-448d-b350-612d4c0be0af&amp#27;[39m &amp#27;[90m{}&amp#27;[39m
&amp#27;[38;5;22m[9a94f11a]&amp#27;[0m&amp#27;[38;5;-170m[AndroidUiautomator2Driver@4a57]&amp#27;[0m Calling AppiumDriver.deleteSession() with args: ["9a94f11a-b9cc-448d-b350-612d4c0be0af"]
&amp#27;[38;5;22m[9a94f11a]&amp#27;[0m&amp#27;[38;5;60m[AppiumDriver@a821]&amp#27;[0m Event 'quitSessionRequested' logged at 1744634955500 (18:19:15 GMT+0530 (India Standard Time))
&amp#27;[38;5;22m[9a94f11a]&amp#27;[0m&amp#27;[38;5;60m[AppiumDriver@a821]&amp#27;[0m Removing session 9a94f11a-b9cc-448d-b350-612d4c0be0af from our master session list
&amp#27;[38;5;22m[9a94f11a]&amp#27;[0m&amp#27;[38;5;-170m[AndroidUiautomator2Driver@4a57]&amp#27;[0m Deleting UiAutomator2 session
&amp#27;[38;5;22m[9a94f11a]&amp#27;[0m&amp#27;[38;5;-170m[AndroidUiautomator2Driver@4a57]&amp#27;[0m Deleting UiAutomator2 server session
&amp#27;[38;5;22m[9a94f11a]&amp#27;[0m&amp#27;[38;5;-170m[AndroidUiautomator2Driver@4a57]&amp#27;[0m Matched '/' to command name 'deleteSession'
&amp#27;[38;5;22m[9a94f11a]&amp#27;[0m&amp#27;[38;5;-170m[AndroidUiautomator2Driver@4a57]&amp#27;[0m Proxying [DELETE /] to [DELETE http://127.0.0.1:8201/session/512e2c02-1084-42cc-9e33-08bbca14af91] with no body
&amp#27;[38;5;22m[9a94f11a]&amp#27;[0m&amp#27;[38;5;-170m[AndroidUiautomator2Driver@4a57]&amp#27;[0m Got response with status 200: {"sessionId":"512e2c02-1084-42cc-9e33-08bbca14af91","value":null}
&amp#27;[38;5;22m[9a94f11a]&amp#27;[0m&amp#27;[38;5;-170m[AndroidUiautomator2Driver@4a57]&amp#27;[0m [Instrumentation] io.appium.uiautomator2.server.test.AppiumUiAutomator2Server:
&amp#27;[38;5;22m[9a94f11a]&amp#27;[0m&amp#27;[38;5;-170m[AndroidUiautomator2Driver@4a57]&amp#27;[0m [Instrumentation] The process has exited with code null, signal SIGTERM
&amp#27;[38;5;22m[9a94f11a]&amp#27;[0m&amp#27;[38;5;229m[ADB]&amp#27;[0m Running 'C:\Users\User1\AppData\Local\Android\Sdk\platform-tools\adb.exe -P 5037 -s emulator-5554 shell dumpsys activity services io.appium.settings/.recorder.RecorderService'
&amp#27;[38;5;22m[9a94f11a]&amp#27;[0m&amp#27;[38;5;229m[ADB]&amp#27;[0m Running 'C:\Users\User1\AppData\Local\Android\Sdk\platform-tools\adb.exe -P 5037 -s emulator-5554 shell am force-stop com.androidsample.generalstore'
&amp#27;[38;5;22m[9a94f11a]&amp#27;[0m&amp#27;[38;5;229m[ADB]&amp#27;[0m Removing forwarded port socket connection: 8201 
&amp#27;[38;5;22m[9a94f11a]&amp#27;[0m&amp#27;[38;5;229m[ADB]&amp#27;[0m Running 'C:\Users\User1\AppData\Local\Android\Sdk\platform-tools\adb.exe -P 5037 -s emulator-5554 forward --remove tcp:8201'
&amp#27;[38;5;22m[9a94f11a]&amp#27;[0m&amp#27;[38;5;-170m[AndroidUiautomator2Driver@4a57]&amp#27;[0m Restoring hidden api policy to the device default configuration
&amp#27;[38;5;22m[9a94f11a]&amp#27;[0m&amp#27;[38;5;229m[ADB]&amp#27;[0m Running 'C:\Users\User1\AppData\Local\Android\Sdk\platform-tools\adb.exe -P 5037 -s emulator-5554 shell 'settings delete global hidden_api_policy_pre_p_apps;settings delete global hidden_api_policy_p_apps;settings delete global hidden_api_policy''
&amp#27;[38;5;22m[9a94f11a]&amp#27;[0m&amp#27;[38;5;160m[Logcat]&amp#27;[0m Stopping logcat capture
&amp#27;[38;5;22m[9a94f11a]&amp#27;[0m&amp#27;[38;5;60m[AppiumDriver@a821]&amp#27;[0m Event 'quitSessionFinished' logged at 1744634956034 (18:19:16 GMT+0530 (India Standard Time))
&amp#27;[38;5;22m[9a94f11a]&amp#27;[0m&amp#27;[38;5;60m[AppiumDriver@a821]&amp#27;[0m Received response: null
&amp#27;[38;5;22m[9a94f11a]&amp#27;[0m&amp#27;[38;5;60m[AppiumDriver@a821]&amp#27;[0m But deleting session, so not returning
&amp#27;[38;5;22m[9a94f11a]&amp#27;[0m&amp#27;[38;5;60m[AppiumDriver@a821]&amp#27;[0m Responding to client with driver.deleteSession() result: null
&amp#27;[38;5;22m[9a94f11a]&amp#27;[0m&amp#27;[38;5;86m[HTTP]&amp#27;[0m &amp#27;[37m<-- DELETE /session/9a94f11a-b9cc-448d-b350-612d4c0be0af &amp#27;[39m&amp#27;[32m200&amp#27;[39m &amp#27;[90m536 ms - 14&amp#27;[39m &amp#27;[90m&amp#27;[39m
&amp#27;[38;5;112m[Appium]&amp#27;[0m Welcome to Appium v2.11.5
&amp#27;[38;5;112m[Appium]&amp#27;[0m The autodetected Appium home path: C:\Users\User1\.appium
&amp#27;[38;5;112m[Appium]&amp#27;[0m Attempting to load driver uiautomator2...
&amp#27;[38;5;112m[Appium]&amp#27;[0m Attempting to load driver xcuitest...
&amp#27;[38;5;112m[Appium]&amp#27;[0m Attempting to load driver espresso...
&amp#27;[38;5;112m[Appium]&amp#27;[0m Requiring driver at C:\Users\User1\.appium\node_modules\appium-uiautomator2-driver\build\index.js
&amp#27;[38;5;112m[Appium]&amp#27;[0m Requiring driver at C:\Users\User1\.appium\node_modules\appium-xcuitest-driver\build\index.js
&amp#27;[38;5;112m[Appium]&amp#27;[0m Requiring driver at C:\Users\User1\.appium\node_modules\appium-espresso-driver\build\index.js
&amp#27;[38;5;112m[Appium]&amp#27;[0m AndroidUiautomator2Driver has been successfully loaded in 2.546s
&amp#27;[38;5;112m[Appium]&amp#27;[0m XCUITestDriver has been successfully loaded in 2.546s
&amp#27;[38;5;112m[Appium]&amp#27;[0m EspressoDriver has been successfully loaded in 2.546s
&amp#27;[38;5;112m[Appium]&amp#27;[0m Attempting to load driver gecko...
&amp#27;[38;5;112m[Appium]&amp#27;[0m Requiring driver at C:\Users\User1\.appium\node_modules\appium-geckodriver\build\index.js
&amp#27;[38;5;112m[Appium]&amp#27;[0m GeckoDriver has been successfully loaded in 0.097s
&amp#27;[38;5;112m[Appium]&amp#27;[0m Appium REST http interface listener started on http://0.0.0.0:4723
&amp#27;[38;5;112m[Appium]&amp#27;[0m You can provide the following URLs in your client code to connect to this server:
	http://192.168.0.114:4723/
	http://127.0.0.1:4723/ (only accessible from the same host)
&amp#27;[38;5;112m[Appium]&amp#27;[0m Available drivers:
&amp#27;[38;5;112m[Appium]&amp#27;[0m   - uiautomator2@3.8.0 (automationName 'UiAutomator2')
&amp#27;[38;5;112m[Appium]&amp#27;[0m   - xcuitest@7.27.1 (automationName 'XCUITest')
&amp#27;[38;5;112m[Appium]&amp#27;[0m   - espresso@3.5.0 (automationName 'Espresso')
&amp#27;[38;5;112m[Appium]&amp#27;[0m   - gecko@1.4.0 (automationName 'Gecko')
&amp#27;[38;5;112m[Appium]&amp#27;[0m No plugins have been installed. Use the "appium plugin" command to install the one(s) you want to use.
&amp#27;[38;5;86m[HTTP]&amp#27;[0m &amp#27;[37m-->&amp#27;[39m &amp#27;[37mGET&amp#27;[39m &amp#27;[37m/status&amp#27;[39m &amp#27;[90m{}&amp#27;[39m
&amp#27;[38;5;91m[AppiumDriver@9f2f]&amp#27;[0m Calling AppiumDriver.getStatus() with args: []
&amp#27;[38;5;91m[AppiumDriver@9f2f]&amp#27;[0m Responding to client with driver.getStatus() result: {"ready":true,"message":"The server is ready to accept new connections","build":{"version":"2.11.5"}}
&amp#27;[38;5;86m[HTTP]&amp#27;[0m &amp#27;[37m<-- GET /status &amp#27;[39m&amp#27;[32m200&amp#27;[39m &amp#27;[90m5 ms - 111&amp#27;[39m &amp#27;[90m&amp#27;[39m
&amp#27;[38;5;86m[HTTP]&amp#27;[0m Request idempotency key: 168abddb-5bfa-4873-84f3-f9e1ccbdd89c
&amp#27;[38;5;86m[HTTP]&amp#27;[0m &amp#27;[37m-->&amp#27;[39m &amp#27;[37mPOST&amp#27;[39m &amp#27;[37m/session&amp#27;[39m &amp#27;[90m{"capabilities":{"firstMatch":[{"appium:chromedriverExecutable":"C://Users//User1//Downloads//chromedriver-win64//chromedriver-win64//chromedriver.exe","appium:deviceName":"Rajemulator","platformName":"ANDROID","appium:automationName":"UIAutomator2","appium:app":"C:\\Users\\User1\\eclipse-workspace\\eCommerceFramework//src//main//resources//General-Store.apk"}]}}&amp#27;[39m
&amp#27;[38;5;91m[AppiumDriver@9f2f]&amp#27;[0m Calling AppiumDriver.createSession() with args: [null,null,{"firstMatch":[{"appium:chromedriverExecutable":"C://Users//User1//Downloads//chromedriver-win64//chromedriver-win64//chromedriver.exe","appium:deviceName":"Rajemulator","platformName":"ANDROID","appium:automationName":"UIAutomator2","appium:app":"C:\\Users\\User1\\eclipse-workspace\\eCommerceFramework//src//main//resources//General-Store.apk"}]}]
&amp#27;[38;5;91m[AppiumDriver@9f2f]&amp#27;[0m Event 'newSessionRequested' logged at 1744634960796 (18:19:20 GMT+0530 (India Standard Time))
&amp#27;[38;5;112m[Appium]&amp#27;[0m Attempting to find matching driver for automationName 'UIAutomator2' and platformName 'ANDROID'
&amp#27;[38;5;112m[Appium]&amp#27;[0m The 'uiautomator2' driver was installed and matched caps.
&amp#27;[38;5;112m[Appium]&amp#27;[0m Will require it at C:\Users\User1\.appium\node_modules\appium-uiautomator2-driver
&amp#27;[38;5;112m[Appium]&amp#27;[0m Requiring driver at C:\Users\User1\.appium\node_modules\appium-uiautomator2-driver\build\index.js
&amp#27;[38;5;91m[AppiumDriver@9f2f]&amp#27;[0m Appium v2.11.5 creating new AndroidUiautomator2Driver (v3.8.0) session
&amp#27;[38;5;91m[AppiumDriver@9f2f]&amp#27;[0m Checking BaseDriver versions for Appium and AndroidUiautomator2Driver
&amp#27;[38;5;91m[AppiumDriver@9f2f]&amp#27;[0m Appium's BaseDriver version is 9.11.5
&amp#27;[38;5;91m[AppiumDriver@9f2f]&amp#27;[0m AndroidUiautomator2Driver's BaseDriver version is 9.11.5
&amp#27;[38;5;-127m[AndroidUiautomator2Driver@4ec2]&amp#27;[0m 
&amp#27;[38;5;-127m[AndroidUiautomator2Driver@4ec2]&amp#27;[0m Creating session with W3C capabilities: {
  "alwaysMatch": {
    "platformName": "ANDROID",
    "appium:chromedriverExecutable": "C://Users//User1//Downloads//chromedriver-win64//chromedriver-win64//chromedriver.exe",
    "appium:deviceName": "Rajemulator",
    "appium:automationName": "UIAutomator2",
    "appium:app": "C:\\Users\\User1\\eclipse-workspace\\eCommerceFramework//src//main//resources//General-Store.apk"
  },
  "firstMatch": [
    {}
  ]
}
&amp#27;[38;5;168m[e58da0c8]&amp#27;[0m&amp#27;[38;5;-127m[AndroidUiautomator2Driver@4ec2]&amp#27;[0m Session created with session id: e58da0c8-2b2d-4d9d-b8b0-c6a88f52614c
&amp#27;[38;5;168m[e58da0c8]&amp#27;[0m&amp#27;[38;5;229m[ADB]&amp#27;[0m Found 3 'build-tools' folders under 'C:\Users\User1\AppData\Local\Android\Sdk' (newest first):
&amp#27;[38;5;168m[e58da0c8]&amp#27;[0m&amp#27;[38;5;229m[ADB]&amp#27;[0m     C:\Users\User1\AppData\Local\Android\Sdk\build-tools\36.0.0-rc1
&amp#27;[38;5;168m[e58da0c8]&amp#27;[0m&amp#27;[38;5;229m[ADB]&amp#27;[0m     C:\Users\User1\AppData\Local\Android\Sdk\build-tools\35.0.0
&amp#27;[38;5;168m[e58da0c8]&amp#27;[0m&amp#27;[38;5;229m[ADB]&amp#27;[0m     C:\Users\User1\AppData\Local\Android\Sdk\build-tools\34.0.0
&amp#27;[38;5;168m[e58da0c8]&amp#27;[0m&amp#27;[38;5;229m[ADB]&amp#27;[0m Using 'adb.exe' from 'C:\Users\User1\AppData\Local\Android\Sdk\platform-tools\adb.exe'
&amp#27;[38;5;168m[e58da0c8]&amp#27;[0m&amp#27;[38;5;229m[ADB]&amp#27;[0m Running 'C:\Users\User1\AppData\Local\Android\Sdk\platform-tools\adb.exe -P 5037 start-server'
&amp#27;[38;5;168m[e58da0c8]&amp#27;[0m&amp#27;[38;5;-127m[AndroidUiautomator2Driver@4ec2]&amp#27;[0m Retrieving device list
&amp#27;[38;5;168m[e58da0c8]&amp#27;[0m&amp#27;[38;5;229m[ADB]&amp#27;[0m Trying to find connected Android devices
&amp#27;[38;5;168m[e58da0c8]&amp#27;[0m&amp#27;[38;5;229m[ADB]&amp#27;[0m Getting connected devices
&amp#27;[38;5;168m[e58da0c8]&amp#27;[0m&amp#27;[38;5;229m[ADB]&amp#27;[0m Connected devices: [{"udid":"emulator-5554","state":"device"}]
&amp#27;[38;5;168m[e58da0c8]&amp#27;[0m&amp#27;[38;5;-127m[AndroidUiautomator2Driver@4ec2]&amp#27;[0m Using device: emulator-5554
&amp#27;[38;5;168m[e58da0c8]&amp#27;[0m&amp#27;[38;5;229m[ADB]&amp#27;[0m Using 'adb.exe' from 'C:\Users\User1\AppData\Local\Android\Sdk\platform-tools\adb.exe'
&amp#27;[38;5;168m[e58da0c8]&amp#27;[0m&amp#27;[38;5;229m[ADB]&amp#27;[0m Running 'C:\Users\User1\AppData\Local\Android\Sdk\platform-tools\adb.exe -P 5037 start-server'
&amp#27;[38;5;168m[e58da0c8]&amp#27;[0m&amp#27;[38;5;229m[ADB]&amp#27;[0m Setting device id to emulator-5554
&amp#27;[38;5;168m[e58da0c8]&amp#27;[0m&amp#27;[38;5;123m[BaseDriver]&amp#27;[0m Using local app 'C:\Users\User1\eclipse-workspace\eCommerceFramework//src//main//resources//General-Store.apk'
&amp#27;[38;5;168m[e58da0c8]&amp#27;[0m&amp#27;[38;5;-127m[AndroidUiautomator2Driver@4ec2]&amp#27;[0m Checking whether app is actually present
&amp#27;[38;5;168m[e58da0c8]&amp#27;[0m&amp#27;[38;5;229m[ADB]&amp#27;[0m Running 'C:\Users\User1\AppData\Local\Android\Sdk\platform-tools\adb.exe -P 5037 -s emulator-5554 shell getprop ro.build.version.sdk'
&amp#27;[38;5;168m[e58da0c8]&amp#27;[0m&amp#27;[38;5;229m[ADB]&amp#27;[0m Current device property 'ro.build.version.sdk': 35
&amp#27;[38;5;168m[e58da0c8]&amp#27;[0m&amp#27;[38;5;229m[ADB]&amp#27;[0m Getting device platform version
&amp#27;[38;5;168m[e58da0c8]&amp#27;[0m&amp#27;[38;5;229m[ADB]&amp#27;[0m Running 'C:\Users\User1\AppData\Local\Android\Sdk\platform-tools\adb.exe -P 5037 -s emulator-5554 shell getprop ro.build.version.release'
&amp#27;[38;5;168m[e58da0c8]&amp#27;[0m&amp#27;[38;5;229m[ADB]&amp#27;[0m Current device property 'ro.build.version.release': 15
&amp#27;[38;5;168m[e58da0c8]&amp#27;[0m&amp#27;[38;5;229m[ADB]&amp#27;[0m Device API level: 35
&amp#27;[38;5;168m[e58da0c8]&amp#27;[0m&amp#27;[38;5;-127m[AndroidUiautomator2Driver@4ec2]&amp#27;[0m Relaxing hidden api policy
&amp#27;[38;5;168m[e58da0c8]&amp#27;[0m&amp#27;[38;5;229m[ADB]&amp#27;[0m Running 'C:\Users\User1\AppData\Local\Android\Sdk\platform-tools\adb.exe -P 5037 -s emulator-5554 shell 'settings put global hidden_api_policy_pre_p_apps 1;settings put global hidden_api_policy_p_apps 1;settings put global hidden_api_policy 1''
&amp#27;[38;5;168m[e58da0c8]&amp#27;[0m&amp#27;[38;5;-127m[AndroidUiautomator2Driver@4ec2]&amp#27;[0m Parsing package and activity from app manifest
&amp#27;[38;5;168m[e58da0c8]&amp#27;[0m&amp#27;[38;5;229m[ADB]&amp#27;[0m Running 'C:\Users\User1\AppData\Local\Android\Sdk\platform-tools\adb.exe -P 5037 -s emulator-5554 wait-for-device'
&amp#27;[38;5;168m[e58da0c8]&amp#27;[0m&amp#27;[38;5;229m[ADB]&amp#27;[0m Using 'aapt2.exe' from 'C:\Users\User1\AppData\Local\Android\Sdk\build-tools\36.0.0-rc1\aapt2.exe'
&amp#27;[38;5;168m[e58da0c8]&amp#27;[0m&amp#27;[38;5;229m[ADB]&amp#27;[0m Reading package manifest: 'C:\\Users\\User1\\AppData\\Local\\Android\\Sdk\\build-tools\\36.0.0-rc1\\aapt2.exe dump badging C:\\Users\\User1\\eclipse-workspace\\eCommerceFramework//src//main//resources//General-Store.apk'
&amp#27;[38;5;168m[e58da0c8]&amp#27;[0m&amp#27;[38;5;229m[ADB]&amp#27;[0m Running 'C:\Users\User1\AppData\Local\Android\Sdk\platform-tools\adb.exe -P 5037 -s emulator-5554 shell echo ping'
&amp#27;[38;5;168m[e58da0c8]&amp#27;[0m&amp#27;[38;5;229m[ADB]&amp#27;[0m Package name: 'com.androidsample.generalstore'
&amp#27;[38;5;168m[e58da0c8]&amp#27;[0m&amp#27;[38;5;229m[ADB]&amp#27;[0m Main activity name: 'com.androidsample.generalstore.SplashActivity'
&amp#27;[38;5;168m[e58da0c8]&amp#27;[0m&amp#27;[38;5;-127m[AndroidUiautomator2Driver@4ec2]&amp#27;[0m Parsed package and activity are: com.androidsample.generalstore/com.androidsample.generalstore.SplashActivity
&amp#27;[38;5;168m[e58da0c8]&amp#27;[0m&amp#27;[38;5;-127m[AndroidUiautomator2Driver@4ec2]&amp#27;[0m Pushing settings apk to the device...
&amp#27;[38;5;168m[e58da0c8]&amp#27;[0m&amp#27;[38;5;229m[ADB]&amp#27;[0m Getting package info for 'io.appium.settings'
&amp#27;[38;5;168m[e58da0c8]&amp#27;[0m&amp#27;[38;5;229m[ADB]&amp#27;[0m Running 'C:\Users\User1\AppData\Local\Android\Sdk\platform-tools\adb.exe -P 5037 -s emulator-5554 shell dumpsys package io.appium.settings'
&amp#27;[38;5;168m[e58da0c8]&amp#27;[0m&amp#27;[38;5;229m[ADB]&amp#27;[0m Reading package manifest: 'C:\\Users\\User1\\AppData\\Local\\Android\\Sdk\\build-tools\\36.0.0-rc1\\aapt2.exe dump badging C:\\Users\\User1\\.appium\\node_modules\\appium-uiautomator2-driver\\node_modules\\io.appium.settings\\apks\\settings_apk-debug.apk'
&amp#27;[38;5;168m[e58da0c8]&amp#27;[0m&amp#27;[38;5;229m[ADB]&amp#27;[0m The version name of the installed 'io.appium.settings' is greater or equal to the application version name ('5.12.13' >= '5.12.13')
&amp#27;[38;5;168m[e58da0c8]&amp#27;[0m&amp#27;[38;5;229m[ADB]&amp#27;[0m There is no need to install/upgrade 'C:\Users\User1\.appium\node_modules\appium-uiautomator2-driver\node_modules\io.appium.settings\apks\settings_apk-debug.apk'
&amp#27;[38;5;168m[e58da0c8]&amp#27;[0m&amp#27;[38;5;229m[ADB]&amp#27;[0m Running 'C:\Users\User1\AppData\Local\Android\Sdk\platform-tools\adb.exe -P 5037 -s emulator-5554 shell dumpsys activity services io.appium.settings'
&amp#27;[38;5;168m[e58da0c8]&amp#27;[0m&amp#27;[38;5;-127m[AndroidUiautomator2Driver@4ec2]&amp#27;[0m io.appium.settings is already running. There is no need to reset its permissions.
&amp#27;[38;5;168m[e58da0c8]&amp#27;[0m&amp#27;[38;5;160m[Logcat]&amp#27;[0m Starting logs capture with command: C:\\Users\\User1\\AppData\\Local\\Android\\Sdk\\platform-tools\\adb.exe -P 5037 -s emulator-5554 logcat -v threadtime
&amp#27;[38;5;168m[e58da0c8]&amp#27;[0m&amp#27;[38;5;-127m[AndroidUiautomator2Driver@4ec2]&amp#27;[0m Forwarding UiAutomator2 Server port 6790 to local port 8201
&amp#27;[38;5;168m[e58da0c8]&amp#27;[0m&amp#27;[38;5;229m[ADB]&amp#27;[0m Forwarding system: 8201 to device: 6790
&amp#27;[38;5;168m[e58da0c8]&amp#27;[0m&amp#27;[38;5;229m[ADB]&amp#27;[0m Running 'C:\Users\User1\AppData\Local\Android\Sdk\platform-tools\adb.exe -P 5037 -s emulator-5554 forward tcp:8201 tcp:6790'
&amp#27;[38;5;168m[e58da0c8]&amp#27;[0m&amp#27;[38;5;229m[ADB]&amp#27;[0m Getting package info for 'io.appium.uiautomator2.server'
&amp#27;[38;5;168m[e58da0c8]&amp#27;[0m&amp#27;[38;5;229m[ADB]&amp#27;[0m Running 'C:\Users\User1\AppData\Local\Android\Sdk\platform-tools\adb.exe -P 5037 -s emulator-5554 shell dumpsys package io.appium.uiautomator2.server'
&amp#27;[38;5;168m[e58da0c8]&amp#27;[0m&amp#27;[38;5;229m[ADB]&amp#27;[0m Getting install status for io.appium.uiautomator2.server.test
&amp#27;[38;5;168m[e58da0c8]&amp#27;[0m&amp#27;[38;5;229m[ADB]&amp#27;[0m Checking app cert for C:\Users\User1\eclipse-workspace\eCommerceFramework//src//main//resources//General-Store.apk
&amp#27;[38;5;168m[e58da0c8]&amp#27;[0m&amp#27;[38;5;229m[ADB]&amp#27;[0m Running 'C:\Users\User1\AppData\Local\Android\Sdk\platform-tools\adb.exe -P 5037 -s emulator-5554 shell cmd package list packages'
&amp#27;[38;5;168m[e58da0c8]&amp#27;[0m&amp#27;[38;5;229m[ADB]&amp#27;[0m Using 'apksigner.jar' from 'C:\Users\User1\AppData\Local\Android\Sdk\build-tools\36.0.0-rc1\lib\apksigner.jar'
&amp#27;[38;5;168m[e58da0c8]&amp#27;[0m&amp#27;[38;5;229m[ADB]&amp#27;[0m Starting apksigner: 'C:\\Program Files\\Java\\jdk-22\\bin\\java.exe' -Xmx1024M -Xss1m -jar C:\\Users\\User1\\AppData\\Local\\Android\\Sdk\\build-tools\\36.0.0-rc1\\lib\\apksigner.jar verify --print-certs C:\\Users\\User1\\eclipse-workspace\\eCommerceFramework//src//main//resources//General-Store.apk
&amp#27;[38;5;168m[e58da0c8]&amp#27;[0m&amp#27;[38;5;229m[ADB]&amp#27;[0m Reading package manifest: 'C:\\Users\\User1\\AppData\\Local\\Android\\Sdk\\build-tools\\36.0.0-rc1\\aapt2.exe dump badging C:\\Users\\User1\\.appium\\node_modules\\appium-uiautomator2-driver\\node_modules\\appium-uiautomator2-server\\apks\\appium-uiautomator2-server-v7.0.25.apk'
&amp#27;[38;5;168m[e58da0c8]&amp#27;[0m&amp#27;[38;5;229m[ADB]&amp#27;[0m 'io.appium.uiautomator2.server.test' is installed
&amp#27;[38;5;168m[e58da0c8]&amp#27;[0m&amp#27;[38;5;229m[ADB]&amp#27;[0m The version name of the installed 'io.appium.uiautomator2.server' is greater or equal to the application version name ('7.0.25' >= '7.0.25')
&amp#27;[38;5;168m[e58da0c8]&amp#27;[0m&amp#27;[38;5;-127m[AndroidUiautomator2Driver@4ec2]&amp#27;[0m Server packages status: [{"installState":"sameVersionInstalled","appPath":"C:\\Users\\User1\\.appium\\node_modules\\appium-uiautomator2-driver\\node_modules\\appium-uiautomator2-server\\apks\\appium-uiautomator2-server-v7.0.25.apk","appId":"io.appium.uiautomator2.server"},{"installState":"sameVersionInstalled","appPath":"C:\\Users\\User1\\.appium\\node_modules\\appium-uiautomator2-driver\\node_modules\\appium-uiautomator2-server\\apks\\appium-uiautomator2-server-debug-androidTest.apk","appId":"io.appium.uiautomator2.server.test"}]
&amp#27;[38;5;168m[e58da0c8]&amp#27;[0m&amp#27;[38;5;-127m[AndroidUiautomator2Driver@4ec2]&amp#27;[0m Server packages are not going to be (re)installed
&amp#27;[38;5;168m[e58da0c8]&amp#27;[0m&amp#27;[38;5;-127m[AndroidUiautomator2Driver@4ec2]&amp#27;[0m Waiting up to 30000ms for services to be available
&amp#27;[38;5;168m[e58da0c8]&amp#27;[0m&amp#27;[38;5;229m[ADB]&amp#27;[0m Running 'C:\Users\User1\AppData\Local\Android\Sdk\platform-tools\adb.exe -P 5037 -s emulator-5554 shell pm list instrumentation'
&amp#27;[38;5;168m[e58da0c8]&amp#27;[0m&amp#27;[38;5;-127m[AndroidUiautomator2Driver@4ec2]&amp#27;[0m Instrumentation target 'io.appium.uiautomator2.server.test/androidx.test.runner.AndroidJUnitRunner' is available
&amp#27;[38;5;168m[e58da0c8]&amp#27;[0m&amp#27;[38;5;229m[ADB]&amp#27;[0m Adding packages ["io.appium.settings","io.appium.uiautomator2.server","io.appium.uiautomator2.server.test"] to Doze whitelist
&amp#27;[38;5;168m[e58da0c8]&amp#27;[0m&amp#27;[38;5;229m[ADB]&amp#27;[0m Got the following command chunks to execute: [["dumpsys","deviceidle","whitelist","+io.appium.settings",";","dumpsys","deviceidle","whitelist","+io.appium.uiautomator2.server",";","dumpsys","deviceidle","whitelist","+io.appium.uiautomator2.server.test",";"]]
&amp#27;[38;5;168m[e58da0c8]&amp#27;[0m&amp#27;[38;5;229m[ADB]&amp#27;[0m Running 'C:\Users\User1\AppData\Local\Android\Sdk\platform-tools\adb.exe -P 5037 -s emulator-5554 shell dumpsys deviceidle whitelist +io.appium.settings ; dumpsys deviceidle whitelist +io.appium.uiautomator2.server ; dumpsys deviceidle whitelist +io.appium.uiautomator2.server.test ;'
&amp#27;[38;5;168m[e58da0c8]&amp#27;[0m&amp#27;[38;5;229m[ADB]&amp#27;[0m apksigner stdout: Signer #1 certificate DN: C=US, O=Android, CN=Android Debug
Signer #1 certificate SHA-256 digest: f5f5931c019be6bff8a26255f76ae9ef8a8e631d2a702ec10e91110231549eef
Signer #1 certificate SHA-1 digest: b250161db8b5d0a1bd39154c9fd749bdad79c1a3
Signer #1 certificate MD5 digest: 7a5550323d84472ca25a0861c63e0a6c

&amp#27;[38;5;168m[e58da0c8]&amp#27;[0m&amp#27;[38;5;229m[ADB]&amp#27;[0m 'C:\Users\User1\eclipse-workspace\eCommerceFramework//src//main//resources//General-Store.apk' is signed with a non-default certificate
&amp#27;[38;5;168m[e58da0c8]&amp#27;[0m&amp#27;[38;5;229m[ADB]&amp#27;[0m Getting package info for 'com.androidsample.generalstore'
&amp#27;[38;5;168m[e58da0c8]&amp#27;[0m&amp#27;[38;5;229m[ADB]&amp#27;[0m Running 'C:\Users\User1\AppData\Local\Android\Sdk\platform-tools\adb.exe -P 5037 -s emulator-5554 shell dumpsys package com.androidsample.generalstore'
&amp#27;[38;5;168m[e58da0c8]&amp#27;[0m&amp#27;[38;5;229m[ADB]&amp#27;[0m Reading package manifest: 'C:\\Users\\User1\\AppData\\Local\\Android\\Sdk\\build-tools\\36.0.0-rc1\\aapt2.exe dump badging C:\\Users\\User1\\eclipse-workspace\\eCommerceFramework//src//main//resources//General-Store.apk'
&amp#27;[38;5;168m[e58da0c8]&amp#27;[0m&amp#27;[38;5;229m[ADB]&amp#27;[0m The version name of the installed 'com.androidsample.generalstore' is greater or equal to the application version name ('1.0.0' >= '1.0.0')
&amp#27;[38;5;168m[e58da0c8]&amp#27;[0m&amp#27;[38;5;229m[ADB]&amp#27;[0m There is no need to install/upgrade 'C:\Users\User1\eclipse-workspace\eCommerceFramework//src//main//resources//General-Store.apk'
&amp#27;[38;5;168m[e58da0c8]&amp#27;[0m&amp#27;[38;5;-127m[AndroidUiautomator2Driver@4ec2]&amp#27;[0m Performing fast reset on 'com.androidsample.generalstore'
&amp#27;[38;5;168m[e58da0c8]&amp#27;[0m&amp#27;[38;5;229m[ADB]&amp#27;[0m Getting install status for com.androidsample.generalstore
&amp#27;[38;5;168m[e58da0c8]&amp#27;[0m&amp#27;[38;5;229m[ADB]&amp#27;[0m Running 'C:\Users\User1\AppData\Local\Android\Sdk\platform-tools\adb.exe -P 5037 -s emulator-5554 shell cmd package list packages'
&amp#27;[38;5;168m[e58da0c8]&amp#27;[0m&amp#27;[38;5;229m[ADB]&amp#27;[0m 'com.androidsample.generalstore' is installed
&amp#27;[38;5;168m[e58da0c8]&amp#27;[0m&amp#27;[38;5;229m[ADB]&amp#27;[0m Running 'C:\Users\User1\AppData\Local\Android\Sdk\platform-tools\adb.exe -P 5037 -s emulator-5554 shell am force-stop com.androidsample.generalstore'
&amp#27;[38;5;168m[e58da0c8]&amp#27;[0m&amp#27;[38;5;229m[ADB]&amp#27;[0m Running 'C:\Users\User1\AppData\Local\Android\Sdk\platform-tools\adb.exe -P 5037 -s emulator-5554 shell pm clear com.androidsample.generalstore'
&amp#27;[38;5;168m[e58da0c8]&amp#27;[0m&amp#27;[38;5;-127m[AndroidUiautomator2Driver@4ec2]&amp#27;[0m Performed fast reset on the installed 'com.androidsample.generalstore' application (stop and clear)
&amp#27;[38;5;168m[e58da0c8]&amp#27;[0m&amp#27;[38;5;-127m[AndroidUiautomator2Driver@4ec2]&amp#27;[0m Performing shallow cleanup of automation leftovers
&amp#27;[38;5;168m[e58da0c8]&amp#27;[0m&amp#27;[38;5;-127m[AndroidUiautomator2Driver@4ec2]&amp#27;[0m No obsolete sessions have been detected (socket hang up)
&amp#27;[38;5;168m[e58da0c8]&amp#27;[0m&amp#27;[38;5;229m[ADB]&amp#27;[0m Running 'C:\Users\User1\AppData\Local\Android\Sdk\platform-tools\adb.exe -P 5037 -s emulator-5554 shell am force-stop io.appium.uiautomator2.server'
&amp#27;[38;5;168m[e58da0c8]&amp#27;[0m&amp#27;[38;5;229m[ADB]&amp#27;[0m Running 'C:\Users\User1\AppData\Local\Android\Sdk\platform-tools\adb.exe -P 5037 -s emulator-5554 shell am force-stop io.appium.uiautomator2.server.test'
&amp#27;[38;5;168m[e58da0c8]&amp#27;[0m&amp#27;[38;5;-127m[AndroidUiautomator2Driver@4ec2]&amp#27;[0m Starting UIAutomator2 server 7.0.25
&amp#27;[38;5;168m[e58da0c8]&amp#27;[0m&amp#27;[38;5;-127m[AndroidUiautomator2Driver@4ec2]&amp#27;[0m Using UIAutomator2 server from 'C:\Users\User1\.appium\node_modules\appium-uiautomator2-driver\node_modules\appium-uiautomator2-server\apks\appium-uiautomator2-server-v7.0.25.apk' and test from 'C:\Users\User1\.appium\node_modules\appium-uiautomator2-driver\node_modules\appium-uiautomator2-server\apks\appium-uiautomator2-server-debug-androidTest.apk'
&amp#27;[38;5;168m[e58da0c8]&amp#27;[0m&amp#27;[38;5;-127m[AndroidUiautomator2Driver@4ec2]&amp#27;[0m Waiting up to 30000ms for UiAutomator2 to be online...
&amp#27;[38;5;168m[e58da0c8]&amp#27;[0m&amp#27;[38;5;229m[ADB]&amp#27;[0m Creating ADB subprocess with args: ["-P","5037","-s","emulator-5554","shell","am","instrument","-w","-e","disableAnalytics","true","io.appium.uiautomator2.server.test/androidx.test.runner.AndroidJUnitRunner"]
&amp#27;[38;5;168m[e58da0c8]&amp#27;[0m&amp#27;[38;5;-127m[AndroidUiautomator2Driver@4ec2]&amp#27;[0m Matched '/status' to command name 'getStatus'
&amp#27;[38;5;168m[e58da0c8]&amp#27;[0m&amp#27;[38;5;-127m[AndroidUiautomator2Driver@4ec2]&amp#27;[0m Proxying [GET /status] to [GET http://127.0.0.1:8201/status] with no body
&amp#27;[38;5;168m[e58da0c8]&amp#27;[0m&amp#27;[38;5;-127m[AndroidUiautomator2Driver@4ec2]&amp#27;[0m socket hang up
&amp#27;[38;5;168m[e58da0c8]&amp#27;[0m&amp#27;[38;5;-127m[AndroidUiautomator2Driver@4ec2]&amp#27;[0m Matched '/status' to command name 'getStatus'
&amp#27;[38;5;168m[e58da0c8]&amp#27;[0m&amp#27;[38;5;-127m[AndroidUiautomator2Driver@4ec2]&amp#27;[0m Proxying [GET /status] to [GET http://127.0.0.1:8201/status] with no body
&amp#27;[38;5;168m[e58da0c8]&amp#27;[0m&amp#27;[38;5;-127m[AndroidUiautomator2Driver@4ec2]&amp#27;[0m socket hang up
&amp#27;[38;5;168m[e58da0c8]&amp#27;[0m&amp#27;[38;5;-127m[AndroidUiautomator2Driver@4ec2]&amp#27;[0m [Instrumentation] 
&amp#27;[38;5;168m[e58da0c8]&amp#27;[0m&amp#27;[38;5;-127m[AndroidUiautomator2Driver@4ec2]&amp#27;[0m Matched '/status' to command name 'getStatus'
&amp#27;[38;5;168m[e58da0c8]&amp#27;[0m&amp#27;[38;5;-127m[AndroidUiautomator2Driver@4ec2]&amp#27;[0m Proxying [GET /status] to [GET http://127.0.0.1:8201/status] with no body
&amp#27;[38;5;168m[e58da0c8]&amp#27;[0m&amp#27;[38;5;-127m[AndroidUiautomator2Driver@4ec2]&amp#27;[0m socket hang up
&amp#27;[38;5;168m[e58da0c8]&amp#27;[0m&amp#27;[38;5;-127m[AndroidUiautomator2Driver@4ec2]&amp#27;[0m Matched '/status' to command name 'getStatus'
&amp#27;[38;5;168m[e58da0c8]&amp#27;[0m&amp#27;[38;5;-127m[AndroidUiautomator2Driver@4ec2]&amp#27;[0m Proxying [GET /status] to [GET http://127.0.0.1:8201/status] with no body
&amp#27;[38;5;168m[e58da0c8]&amp#27;[0m&amp#27;[38;5;-127m[AndroidUiautomator2Driver@4ec2]&amp#27;[0m socket hang up
&amp#27;[38;5;168m[e58da0c8]&amp#27;[0m&amp#27;[38;5;-127m[AndroidUiautomator2Driver@4ec2]&amp#27;[0m Matched '/status' to command name 'getStatus'
&amp#27;[38;5;168m[e58da0c8]&amp#27;[0m&amp#27;[38;5;-127m[AndroidUiautomator2Driver@4ec2]&amp#27;[0m Proxying [GET /status] to [GET http://127.0.0.1:8201/status] with no body
&amp#27;[38;5;168m[e58da0c8]&amp#27;[0m&amp#27;[38;5;-127m[AndroidUiautomator2Driver@4ec2]&amp#27;[0m Got response with status 200: {"sessionId":"None","value":{"message":"UiAutomator2 Server is ready to accept commands","ready":true}}
&amp#27;[38;5;168m[e58da0c8]&amp#27;[0m&amp#27;[38;5;-127m[AndroidUiautomator2Driver@4ec2]&amp#27;[0m The initialization of the instrumentation process took 4346ms
&amp#27;[38;5;168m[e58da0c8]&amp#27;[0m&amp#27;[38;5;-127m[AndroidUiautomator2Driver@4ec2]&amp#27;[0m Matched '/session' to command name 'createSession'
&amp#27;[38;5;168m[e58da0c8]&amp#27;[0m&amp#27;[38;5;-127m[AndroidUiautomator2Driver@4ec2]&amp#27;[0m Proxying [POST /session] to [POST http://127.0.0.1:8201/session] with body: {"capabilities":{"firstMatch":[{"platformName":"ANDROID","chromedriverExecutable":"C://Users//User1//Downloads//chromedriver-win64//chromedriver-win64//chromedriver.exe","deviceName":"emulator-5554","automationName":"UIAutomator2","app":"C:\\Users\\User1\\eclipse-workspace\\eCommerceFramework//src//main//resources//General-Store.apk","platform":"LINUX","webStorageEnabled":false,"takesScreenshot":true,"javascriptEnabled":true,"databaseEnabled":false,"networkConnectionEnabled":true,"locationContextEnabled":false,"warnings":{},"desired":{"platformName":"ANDROID","chromedriverExecutable":"C://Users//User1//Downloads//chromedriver-win64//chromedriver-win64//chromedriver.exe","deviceName":"Rajemulator","automationName":"UIAutomator2","app":"C:\\Users\\User1\\eclipse-workspace\\eCommerceFramework//src//main//resources//General-Store.apk"},"deviceUDID":"emulator-5554","appPackage":"com.androidsample.generalstore"}],"alwaysMatch":{}}}
&amp#27;[38;5;168m[e58da0c8]&amp#27;[0m&amp#27;[38;5;-127m[AndroidUiautomator2Driver@4ec2]&amp#27;[0m Got response with status 200: {"sessionId":"6fd8f7e4-cf35-45a8-8109-396fc4407b01","value":{"capabilities":{"firstMatch":[{"platformName":"ANDROID","chromedriverExecutable":"C://Users//User1//Downloads//chromedriver-win64//chromedriver-win64//chromedriver.exe","deviceName":"emulator-5554","automationName":"UIAutomator2","app":"C:\\Users\\User1\\eclipse-workspace\\eCommerceFramework//src//main//resources//General-Store.apk","platform":"LINUX","webStorageEnabled":false,"takesScreenshot":true,"javascriptEnabled":true,"databaseEnabled":false,"networkConnectionEnabled":true,"locationContextEnabled":false,"warnings":{},"desired":{"platformName":"ANDROID","chromedriverExecutable":"C://Users//User1//Downloads//chromedriver-win64//chromedriver-win64//chromedriver.exe","deviceName":"Rajemulator","automationName":"UIAutomator2","app":"C:\\Users\\User1\\eclipse-workspace\\eCommerceFramework//src//main//resources//General-Store.apk"},"deviceUDID":"emulator-5554","appPackage":"com.androidsample.generalstore"}],"alwaysMatch":{}},"sessionId":"6fd8f7e4-...
&amp#27;[38;5;168m[e58da0c8]&amp#27;[0m&amp#27;[38;5;-127m[AndroidUiautomator2Driver@4ec2]&amp#27;[0m Determined the downstream protocol as 'W3C'
&amp#27;[38;5;168m[e58da0c8]&amp#27;[0m&amp#27;[38;5;-127m[AndroidUiautomator2Driver@4ec2]&amp#27;[0m Proxying [GET /appium/device/pixel_ratio] to [GET http://127.0.0.1:8201/session/6fd8f7e4-cf35-45a8-8109-396fc4407b01/appium/device/pixel_ratio] with no body
&amp#27;[38;5;168m[e58da0c8]&amp#27;[0m&amp#27;[38;5;-127m[AndroidUiautomator2Driver@4ec2]&amp#27;[0m Matched '/appium/device/system_bars' to command name 'getSystemBars'
&amp#27;[38;5;168m[e58da0c8]&amp#27;[0m&amp#27;[38;5;-127m[AndroidUiautomator2Driver@4ec2]&amp#27;[0m Proxying [GET /appium/device/system_bars] to [GET http://127.0.0.1:8201/session/6fd8f7e4-cf35-45a8-8109-396fc4407b01/appium/device/system_bars] with no body
&amp#27;[38;5;168m[e58da0c8]&amp#27;[0m&amp#27;[38;5;-127m[AndroidUiautomator2Driver@4ec2]&amp#27;[0m Matched '/window/current/size' to command name 'getWindowSize'
&amp#27;[38;5;168m[e58da0c8]&amp#27;[0m&amp#27;[38;5;-127m[AndroidUiautomator2Driver@4ec2]&amp#27;[0m Proxying [GET /window/current/size] to [GET http://127.0.0.1:8201/session/6fd8f7e4-cf35-45a8-8109-396fc4407b01/window/current/size] with no body
&amp#27;[38;5;168m[e58da0c8]&amp#27;[0m&amp#27;[38;5;-127m[AndroidUiautomator2Driver@4ec2]&amp#27;[0m Proxying [GET /appium/device/info] to [GET http://127.0.0.1:8201/session/6fd8f7e4-cf35-45a8-8109-396fc4407b01/appium/device/info] with no body
&amp#27;[38;5;168m[e58da0c8]&amp#27;[0m&amp#27;[38;5;229m[ADB]&amp#27;[0m Running 'C:\Users\User1\AppData\Local\Android\Sdk\platform-tools\adb.exe -P 5037 -s emulator-5554 shell dumpsys window'
&amp#27;[38;5;168m[e58da0c8]&amp#27;[0m&amp#27;[38;5;229m[ADB]&amp#27;[0m Running 'C:\Users\User1\AppData\Local\Android\Sdk\platform-tools\adb.exe -P 5037 -s emulator-5554 shell dumpsys power'
&amp#27;[38;5;168m[e58da0c8]&amp#27;[0m&amp#27;[38;5;-127m[AndroidUiautomator2Driver@4ec2]&amp#27;[0m Got response with status 200: {"sessionId":"6fd8f7e4-cf35-45a8-8109-396fc4407b01","value":2.75}
&amp#27;[38;5;168m[e58da0c8]&amp#27;[0m&amp#27;[38;5;-127m[AndroidUiautomator2Driver@4ec2]&amp#27;[0m Got response with status 200: {"sessionId":"6fd8f7e4-cf35-45a8-8109-396fc4407b01","value":{"statusBar":66}}
&amp#27;[38;5;168m[e58da0c8]&amp#27;[0m&amp#27;[38;5;-127m[AndroidUiautomator2Driver@4ec2]&amp#27;[0m Got response with status 200: {"sessionId":"6fd8f7e4-cf35-45a8-8109-396fc4407b01","value":{"height":2220,"width":1080}}
&amp#27;[38;5;168m[e58da0c8]&amp#27;[0m&amp#27;[38;5;-127m[AndroidUiautomator2Driver@4ec2]&amp#27;[0m Got response with status 200: {"sessionId":"6fd8f7e4-cf35-45a8-8109-396fc4407b01","value":{"androidId":"ccd4b39f6a24ddc3","apiVersion":"35","bluetooth":{"state":"OFF"},"brand":"google","carrierName":"T-Mobile","displayDensity":440,"locale":"en_US","manufacturer":"Google","model":"sdk_gphone64_x86_64","networks":[{"capabilities":{"SSID":null,"linkDownBandwidthKbps":4300,"linkUpstreamBandwidthKbps":1800,"networkCapabilities":"NET_CAPABILITY_MMS,NET_CAPABILITY_SUPL,NET_CAPABILITY_IA,NET_CAPABILITY_XCAP,NET_CAPABILITY_INTERNET,NET_CAPABILITY_NOT_RESTRICTED,NET_CAPABILITY_TRUSTED,NET_CAPABILITY_NOT_VPN,NET_CAPABILITY_VALIDATED,NET_CAPABILITY_NOT_ROAMING,NET_CAPABILITY_NOT_CONGESTED,NET_CAPABILITY_NOT_SUSPENDED","signalStrength":-2147483648,"transportTypes":"TRANSPORT_CELLULAR"},"detailedState":"CONNECTED","extraInfo":"fast.t-mobile.com","isAvailable":true,"isConnected":true,"isFailover":false,"isRoaming":false,"state":"CONNECTED","subtype":10,"subtypeName":"HSPA","type":0,"typeName":"MOBILE"},{"capabilities":{"SSID":null,"linkDownBandwidthK...
&amp#27;[38;5;168m[e58da0c8]&amp#27;[0m&amp#27;[38;5;-127m[AndroidUiautomator2Driver@4ec2]&amp#27;[0m Screen already unlocked, doing nothing
&amp#27;[38;5;168m[e58da0c8]&amp#27;[0m&amp#27;[38;5;-127m[AndroidUiautomator2Driver@4ec2]&amp#27;[0m Starting 'com.androidsample.generalstore/com.androidsample.generalstore.SplashActivity and waiting for 'com.androidsample.generalstore/com.androidsample.generalstore.SplashActivity'
&amp#27;[38;5;168m[e58da0c8]&amp#27;[0m&amp#27;[38;5;229m[ADB]&amp#27;[0m Running 'C:\Users\User1\AppData\Local\Android\Sdk\platform-tools\adb.exe -P 5037 -s emulator-5554 shell am start -W -n com.androidsample.generalstore/com.androidsample.generalstore.SplashActivity -S -a android.intent.action.MAIN -c android.intent.category.LAUNCHER -f 0x10200000'
&amp#27;[38;5;168m[e58da0c8]&amp#27;[0m&amp#27;[38;5;229m[ADB]&amp#27;[0m Waiting up to 20000ms for activity matching pkg: 'com.androidsample.generalstore' and activity: 'com.androidsample.generalstore.SplashActivity' to be focused
&amp#27;[38;5;168m[e58da0c8]&amp#27;[0m&amp#27;[38;5;229m[ADB]&amp#27;[0m Possible activities, to be checked: 'com.androidsample.generalstore.SplashActivity', 'com.androidsample.generalstore.com.androidsample.generalstore.SplashActivity'
&amp#27;[38;5;168m[e58da0c8]&amp#27;[0m&amp#27;[38;5;229m[ADB]&amp#27;[0m Getting focused package and activity
&amp#27;[38;5;168m[e58da0c8]&amp#27;[0m&amp#27;[38;5;229m[ADB]&amp#27;[0m Running 'C:\Users\User1\AppData\Local\Android\Sdk\platform-tools\adb.exe -P 5037 -s emulator-5554 shell dumpsys window displays'
&amp#27;[38;5;168m[e58da0c8]&amp#27;[0m&amp#27;[38;5;229m[ADB]&amp#27;[0m Found package: 'com.androidsample.generalstore' and fully qualified activity name : 'com.androidsample.generalstore.SplashActivity'
&amp#27;[38;5;168m[e58da0c8]&amp#27;[0m&amp#27;[38;5;91m[AppiumDriver@9f2f]&amp#27;[0m New AndroidUiautomator2Driver session created successfully, session e58da0c8-2b2d-4d9d-b8b0-c6a88f52614c added to master session list
&amp#27;[38;5;168m[e58da0c8]&amp#27;[0m&amp#27;[38;5;91m[AppiumDriver@9f2f]&amp#27;[0m Event 'newSessionStarted' logged at 1744634969861 (18:19:29 GMT+0530 (India Standard Time))
&amp#27;[38;5;168m[e58da0c8]&amp#27;[0m&amp#27;[38;5;-127m[AndroidUiautomator2Driver@4ec2]&amp#27;[0m Cached the protocol value 'W3C' for the new session e58da0c8-2b2d-4d9d-b8b0-c6a88f52614c
&amp#27;[38;5;168m[e58da0c8]&amp#27;[0m&amp#27;[38;5;-127m[AndroidUiautomator2Driver@4ec2]&amp#27;[0m Responding to client with driver.createSession() result: {"capabilities":{"platformName":"ANDROID","chromedriverExecutable":"C://Users//User1//Downloads//chromedriver-win64//chromedriver-win64//chromedriver.exe","deviceName":"emulator-5554","automationName":"UIAutomator2","app":"C:\\Users\\User1\\eclipse-workspace\\eCommerceFramework//src//main//resources//General-Store.apk","platform":"LINUX","webStorageEnabled":false,"takesScreenshot":true,"javascriptEnabled":true,"databaseEnabled":false,"networkConnectionEnabled":true,"locationContextEnabled":false,"warnings":{},"desired":{"platformName":"ANDROID","chromedriverExecutable":"C://Users//User1//Downloads//chromedriver-win64//chromedriver-win64//chromedriver.exe","deviceName":"Rajemulator","automationName":"UIAutomator2","app":"C:\\Users\\User1\\eclipse-workspace\\eCommerceFramework//src//main//resources//General-Store.apk"},"deviceUDID":"emulator-5554","appPackage":"com.androidsample.generalstore","pixelRatio":"2.75","statBarHeight":66,"viewportRect":{"left":0,"top":66,"width":1080,"height":2154},"deviceApiLevel"...
&amp#27;[38;5;168m[e58da0c8]&amp#27;[0m&amp#27;[38;5;86m[HTTP]&amp#27;[0m &amp#27;[37m<-- POST /session &amp#27;[39m&amp#27;[32m200&amp#27;[39m &amp#27;[90m9067 ms - 1233&amp#27;[39m &amp#27;[90m&amp#27;[39m
Test Started: femaleGenderTest
&amp#27;[38;5;168m[e58da0c8]&amp#27;[0m&amp#27;[38;5;86m[HTTP]&amp#27;[0m &amp#27;[37m-->&amp#27;[39m &amp#27;[37mGET&amp#27;[39m &amp#27;[37m/session/e58da0c8-2b2d-4d9d-b8b0-c6a88f52614c/context&amp#27;[39m &amp#27;[90m{}&amp#27;[39m
&amp#27;[38;5;168m[e58da0c8]&amp#27;[0m&amp#27;[38;5;-127m[AndroidUiautomator2Driver@4ec2]&amp#27;[0m Calling AppiumDriver.getCurrentContext() with args: ["e58da0c8-2b2d-4d9d-b8b0-c6a88f52614c"]
&amp#27;[38;5;168m[e58da0c8]&amp#27;[0m&amp#27;[38;5;-127m[AndroidUiautomator2Driver@4ec2]&amp#27;[0m Responding to client with driver.getCurrentContext() result: "NATIVE_APP"
&amp#27;[38;5;168m[e58da0c8]&amp#27;[0m&amp#27;[38;5;86m[HTTP]&amp#27;[0m &amp#27;[37m<-- GET /session/e58da0c8-2b2d-4d9d-b8b0-c6a88f52614c/context &amp#27;[39m&amp#27;[32m200&amp#27;[39m &amp#27;[90m13 ms - 22&amp#27;[39m &amp#27;[90m&amp#27;[39m
&amp#27;[38;5;168m[e58da0c8]&amp#27;[0m&amp#27;[38;5;86m[HTTP]&amp#27;[0m &amp#27;[37m-->&amp#27;[39m &amp#27;[37mPOST&amp#27;[39m &amp#27;[37m/session/e58da0c8-2b2d-4d9d-b8b0-c6a88f52614c/element&amp#27;[39m &amp#27;[90m{"using":"id","value":"com.androidsample.generalstore:id/nameField"}&amp#27;[39m
&amp#27;[38;5;168m[e58da0c8]&amp#27;[0m&amp#27;[38;5;-127m[AndroidUiautomator2Driver@4ec2]&amp#27;[0m Calling AppiumDriver.findElement() with args: ["id","com.androidsample.generalstore:id/nameField","e58da0c8-2b2d-4d9d-b8b0-c6a88f52614c"]
&amp#27;[38;5;168m[e58da0c8]&amp#27;[0m&amp#27;[38;5;-127m[AndroidUiautomator2Driver@4ec2]&amp#27;[0m Valid locator strategies for this request: xpath, id, class name, accessibility id, css selector, -android uiautomator
&amp#27;[38;5;168m[e58da0c8]&amp#27;[0m&amp#27;[38;5;-127m[AndroidUiautomator2Driver@4ec2]&amp#27;[0m Waiting up to 0 ms for condition
&amp#27;[38;5;168m[e58da0c8]&amp#27;[0m&amp#27;[38;5;-127m[AndroidUiautomator2Driver@4ec2]&amp#27;[0m Matched '/element' to command name 'findElement'
&amp#27;[38;5;168m[e58da0c8]&amp#27;[0m&amp#27;[38;5;-127m[AndroidUiautomator2Driver@4ec2]&amp#27;[0m Proxying [POST /element] to [POST http://127.0.0.1:8201/session/6fd8f7e4-cf35-45a8-8109-396fc4407b01/element] with body: {"strategy":"id","selector":"com.androidsample.generalstore:id/nameField","context":"","multiple":false}
&amp#27;[38;5;168m[e58da0c8]&amp#27;[0m&amp#27;[38;5;-127m[AndroidUiautomator2Driver@4ec2]&amp#27;[0m Got response with status 404: {"sessionId":"6fd8f7e4-cf35-45a8-8109-396fc4407b01","value":{"error":"no such element","message":"An element could not be located on the page using the given search parameters","stacktrace":"io.appium.uiautomator2.common.exceptions.ElementNotFoundException: An element could not be located on the page using the given search parameters\n\tat io.appium.uiautomator2.handler.FindElement.safeHandle(FindElement.java:63)\n\tat io.appium.uiautomator2.handler.request.SafeRequestHandler.handle(SafeRequestHandler.java:59)\n\tat io.appium.uiautomator2.server.AppiumServlet.handleRequest(AppiumServlet.java:259)\n\tat io.appium.uiautomator2.server.AppiumServlet.handleHttpRequest(AppiumServlet.java:253)\n\tat io.appium.uiautomator2.http.ServerHandler.channelRead(ServerHandler.java:77)\n\tat io.netty.channel.AbstractChannelHandlerContext.invokeChannelRead(AbstractChannelHandlerContext.java:366)\n\tat io.netty.channel.AbstractChannelHandlerContext.invokeChannelRead(AbstractChannelHandlerContext.java:352)\n\tat io.netty.chann...
&amp#27;[38;5;168m[e58da0c8]&amp#27;[0m&amp#27;[38;5;123m[W3C]&amp#27;[0m Matched W3C error code 'no such element' to NoSuchElementError
&amp#27;[38;5;168m[e58da0c8]&amp#27;[0m&amp#27;[38;5;-127m[AndroidUiautomator2Driver@4ec2]&amp#27;[0m Encountered internal error running command: NoSuchElementError: An element could not be located on the page using the given search parameters.
    at AndroidUiautomator2Driver.findElOrEls (C:\Users\User1\.appium\node_modules\appium-uiautomator2-driver\node_modules\appium-android-driver\lib\commands\find.ts:86:11)
    at processTicksAndRejections (node:internal/process/task_queues:95:5)
    at AndroidUiautomator2Driver.findElOrElsWithProcessing (C:\Users\User1\AppData\Roaming\npm\node_modules\appium\node_modules\@appium\base-driver\lib\basedriver\commands\find.ts:60:12)
    at AndroidUiautomator2Driver.findElement (C:\Users\User1\AppData\Roaming\npm\node_modules\appium\node_modules\@appium\base-driver\lib\basedriver\commands\find.ts:75:12)
&amp#27;[38;5;168m[e58da0c8]&amp#27;[0m&amp#27;[38;5;86m[HTTP]&amp#27;[0m &amp#27;[37m<-- POST /session/e58da0c8-2b2d-4d9d-b8b0-c6a88f52614c/element &amp#27;[39m&amp#27;[33m404&amp#27;[39m &amp#27;[90m575 ms - 890&amp#27;[39m &amp#27;[90m&amp#27;[39m
&amp#27;[38;5;168m[e58da0c8]&amp#27;[0m&amp#27;[38;5;86m[HTTP]&amp#27;[0m &amp#27;[37m-->&amp#27;[39m &amp#27;[37mPOST&amp#27;[39m &amp#27;[37m/session/e58da0c8-2b2d-4d9d-b8b0-c6a88f52614c/element&amp#27;[39m &amp#27;[90m{"using":"id","value":"com.androidsample.generalstore:id/nameField"}&amp#27;[39m
&amp#27;[38;5;168m[e58da0c8]&amp#27;[0m&amp#27;[38;5;-127m[AndroidUiautomator2Driver@4ec2]&amp#27;[0m Calling AppiumDriver.findElement() with args: ["id","com.androidsample.generalstore:id/nameField","e58da0c8-2b2d-4d9d-b8b0-c6a88f52614c"]
&amp#27;[38;5;168m[e58da0c8]&amp#27;[0m&amp#27;[38;5;-127m[AndroidUiautomator2Driver@4ec2]&amp#27;[0m Valid locator strategies for this request: xpath, id, class name, accessibility id, css selector, -android uiautomator
&amp#27;[38;5;168m[e58da0c8]&amp#27;[0m&amp#27;[38;5;-127m[AndroidUiautomator2Driver@4ec2]&amp#27;[0m Waiting up to 0 ms for condition
&amp#27;[38;5;168m[e58da0c8]&amp#27;[0m&amp#27;[38;5;-127m[AndroidUiautomator2Driver@4ec2]&amp#27;[0m Matched '/element' to command name 'findElement'
&amp#27;[38;5;168m[e58da0c8]&amp#27;[0m&amp#27;[38;5;-127m[AndroidUiautomator2Driver@4ec2]&amp#27;[0m Proxying [POST /element] to [POST http://127.0.0.1:8201/session/6fd8f7e4-cf35-45a8-8109-396fc4407b01/element] with body: {"strategy":"id","selector":"com.androidsample.generalstore:id/nameField","context":"","multiple":false}
&amp#27;[38;5;168m[e58da0c8]&amp#27;[0m&amp#27;[38;5;-127m[AndroidUiautomator2Driver@4ec2]&amp#27;[0m Got response with status 404: {"sessionId":"6fd8f7e4-cf35-45a8-8109-396fc4407b01","value":{"error":"no such element","message":"An element could not be located on the page using the given search parameters","stacktrace":"io.appium.uiautomator2.common.exceptions.ElementNotFoundException: An element could not be located on the page using the given search parameters\n\tat io.appium.uiautomator2.handler.FindElement.safeHandle(FindElement.java:63)\n\tat io.appium.uiautomator2.handler.request.SafeRequestHandler.handle(SafeRequestHandler.java:59)\n\tat io.appium.uiautomator2.server.AppiumServlet.handleRequest(AppiumServlet.java:259)\n\tat io.appium.uiautomator2.server.AppiumServlet.handleHttpRequest(AppiumServlet.java:253)\n\tat io.appium.uiautomator2.http.ServerHandler.channelRead(ServerHandler.java:77)\n\tat io.netty.channel.AbstractChannelHandlerContext.invokeChannelRead(AbstractChannelHandlerContext.java:366)\n\tat io.netty.channel.AbstractChannelHandlerContext.invokeChannelRead(AbstractChannelHandlerContext.java:352)\n\tat io.netty.chann...
&amp#27;[38;5;168m[e58da0c8]&amp#27;[0m&amp#27;[38;5;123m[W3C]&amp#27;[0m Matched W3C error code 'no such element' to NoSuchElementError
&amp#27;[38;5;168m[e58da0c8]&amp#27;[0m&amp#27;[38;5;-127m[AndroidUiautomator2Driver@4ec2]&amp#27;[0m Encountered internal error running command: NoSuchElementError: An element could not be located on the page using the given search parameters.
    at AndroidUiautomator2Driver.findElOrEls (C:\Users\User1\.appium\node_modules\appium-uiautomator2-driver\node_modules\appium-android-driver\lib\commands\find.ts:86:11)
    at processTicksAndRejections (node:internal/process/task_queues:95:5)
    at AndroidUiautomator2Driver.findElOrElsWithProcessing (C:\Users\User1\AppData\Roaming\npm\node_modules\appium\node_modules\@appium\base-driver\lib\basedriver\commands\find.ts:60:12)
    at AndroidUiautomator2Driver.findElement (C:\Users\User1\AppData\Roaming\npm\node_modules\appium\node_modules\@appium\base-driver\lib\basedriver\commands\find.ts:75:12)
&amp#27;[38;5;168m[e58da0c8]&amp#27;[0m&amp#27;[38;5;86m[HTTP]&amp#27;[0m &amp#27;[37m<-- POST /session/e58da0c8-2b2d-4d9d-b8b0-c6a88f52614c/element &amp#27;[39m&amp#27;[33m404&amp#27;[39m &amp#27;[90m36 ms - 890&amp#27;[39m &amp#27;[90m&amp#27;[39m
&amp#27;[38;5;168m[e58da0c8]&amp#27;[0m&amp#27;[38;5;86m[HTTP]&amp#27;[0m &amp#27;[37m-->&amp#27;[39m &amp#27;[37mPOST&amp#27;[39m &amp#27;[37m/session/e58da0c8-2b2d-4d9d-b8b0-c6a88f52614c/element&amp#27;[39m &amp#27;[90m{"using":"id","value":"com.androidsample.generalstore:id/nameField"}&amp#27;[39m
&amp#27;[38;5;168m[e58da0c8]&amp#27;[0m&amp#27;[38;5;-127m[AndroidUiautomator2Driver@4ec2]&amp#27;[0m Calling AppiumDriver.findElement() with args: ["id","com.androidsample.generalstore:id/nameField","e58da0c8-2b2d-4d9d-b8b0-c6a88f52614c"]
&amp#27;[38;5;168m[e58da0c8]&amp#27;[0m&amp#27;[38;5;-127m[AndroidUiautomator2Driver@4ec2]&amp#27;[0m Valid locator strategies for this request: xpath, id, class name, accessibility id, css selector, -android uiautomator
&amp#27;[38;5;168m[e58da0c8]&amp#27;[0m&amp#27;[38;5;-127m[AndroidUiautomator2Driver@4ec2]&amp#27;[0m Waiting up to 0 ms for condition
&amp#27;[38;5;168m[e58da0c8]&amp#27;[0m&amp#27;[38;5;-127m[AndroidUiautomator2Driver@4ec2]&amp#27;[0m Matched '/element' to command name 'findElement'
&amp#27;[38;5;168m[e58da0c8]&amp#27;[0m&amp#27;[38;5;-127m[AndroidUiautomator2Driver@4ec2]&amp#27;[0m Proxying [POST /element] to [POST http://127.0.0.1:8201/session/6fd8f7e4-cf35-45a8-8109-396fc4407b01/element] with body: {"strategy":"id","selector":"com.androidsample.generalstore:id/nameField","context":"","multiple":false}
&amp#27;[38;5;168m[e58da0c8]&amp#27;[0m&amp#27;[38;5;-127m[AndroidUiautomator2Driver@4ec2]&amp#27;[0m Got response with status 404: {"sessionId":"6fd8f7e4-cf35-45a8-8109-396fc4407b01","value":{"error":"no such element","message":"An element could not be located on the page using the given search parameters","stacktrace":"io.appium.uiautomator2.common.exceptions.ElementNotFoundException: An element could not be located on the page using the given search parameters\n\tat io.appium.uiautomator2.handler.FindElement.safeHandle(FindElement.java:63)\n\tat io.appium.uiautomator2.handler.request.SafeRequestHandler.handle(SafeRequestHandler.java:59)\n\tat io.appium.uiautomator2.server.AppiumServlet.handleRequest(AppiumServlet.java:259)\n\tat io.appium.uiautomator2.server.AppiumServlet.handleHttpRequest(AppiumServlet.java:253)\n\tat io.appium.uiautomator2.http.ServerHandler.channelRead(ServerHandler.java:77)\n\tat io.netty.channel.AbstractChannelHandlerContext.invokeChannelRead(AbstractChannelHandlerContext.java:366)\n\tat io.netty.channel.AbstractChannelHandlerContext.invokeChannelRead(AbstractChannelHandlerContext.java:352)\n\tat io.netty.chann...
&amp#27;[38;5;168m[e58da0c8]&amp#27;[0m&amp#27;[38;5;123m[W3C]&amp#27;[0m Matched W3C error code 'no such element' to NoSuchElementError
&amp#27;[38;5;168m[e58da0c8]&amp#27;[0m&amp#27;[38;5;-127m[AndroidUiautomator2Driver@4ec2]&amp#27;[0m Encountered internal error running command: NoSuchElementError: An element could not be located on the page using the given search parameters.
    at AndroidUiautomator2Driver.findElOrEls (C:\Users\User1\.appium\node_modules\appium-uiautomator2-driver\node_modules\appium-android-driver\lib\commands\find.ts:86:11)
    at processTicksAndRejections (node:internal/process/task_queues:95:5)
    at AndroidUiautomator2Driver.findElOrElsWithProcessing (C:\Users\User1\AppData\Roaming\npm\node_modules\appium\node_modules\@appium\base-driver\lib\basedriver\commands\find.ts:60:12)
    at AndroidUiautomator2Driver.findElement (C:\Users\User1\AppData\Roaming\npm\node_modules\appium\node_modules\@appium\base-driver\lib\basedriver\commands\find.ts:75:12)
&amp#27;[38;5;168m[e58da0c8]&amp#27;[0m&amp#27;[38;5;86m[HTTP]&amp#27;[0m &amp#27;[37m<-- POST /session/e58da0c8-2b2d-4d9d-b8b0-c6a88f52614c/element &amp#27;[39m&amp#27;[33m404&amp#27;[39m &amp#27;[90m29 ms - 890&amp#27;[39m &amp#27;[90m&amp#27;[39m
&amp#27;[38;5;168m[e58da0c8]&amp#27;[0m&amp#27;[38;5;86m[HTTP]&amp#27;[0m &amp#27;[37m-->&amp#27;[39m &amp#27;[37mGET&amp#27;[39m &amp#27;[37m/session/e58da0c8-2b2d-4d9d-b8b0-c6a88f52614c/context&amp#27;[39m &amp#27;[90m{}&amp#27;[39m
&amp#27;[38;5;168m[e58da0c8]&amp#27;[0m&amp#27;[38;5;-127m[AndroidUiautomator2Driver@4ec2]&amp#27;[0m Calling AppiumDriver.getCurrentContext() with args: ["e58da0c8-2b2d-4d9d-b8b0-c6a88f52614c"]
&amp#27;[38;5;168m[e58da0c8]&amp#27;[0m&amp#27;[38;5;-127m[AndroidUiautomator2Driver@4ec2]&amp#27;[0m Responding to client with driver.getCurrentContext() result: "NATIVE_APP"
&amp#27;[38;5;168m[e58da0c8]&amp#27;[0m&amp#27;[38;5;86m[HTTP]&amp#27;[0m &amp#27;[37m<-- GET /session/e58da0c8-2b2d-4d9d-b8b0-c6a88f52614c/context &amp#27;[39m&amp#27;[32m200&amp#27;[39m &amp#27;[90m6 ms - 22&amp#27;[39m &amp#27;[90m&amp#27;[39m
&amp#27;[38;5;168m[e58da0c8]&amp#27;[0m&amp#27;[38;5;86m[HTTP]&amp#27;[0m &amp#27;[37m-->&amp#27;[39m &amp#27;[37mPOST&amp#27;[39m &amp#27;[37m/session/e58da0c8-2b2d-4d9d-b8b0-c6a88f52614c/element&amp#27;[39m &amp#27;[90m{"using":"id","value":"com.androidsample.generalstore:id/nameField"}&amp#27;[39m
&amp#27;[38;5;168m[e58da0c8]&amp#27;[0m&amp#27;[38;5;-127m[AndroidUiautomator2Driver@4ec2]&amp#27;[0m Calling AppiumDriver.findElement() with args: ["id","com.androidsample.generalstore:id/nameField","e58da0c8-2b2d-4d9d-b8b0-c6a88f52614c"]
&amp#27;[38;5;168m[e58da0c8]&amp#27;[0m&amp#27;[38;5;-127m[AndroidUiautomator2Driver@4ec2]&amp#27;[0m Valid locator strategies for this request: xpath, id, class name, accessibility id, css selector, -android uiautomator
&amp#27;[38;5;168m[e58da0c8]&amp#27;[0m&amp#27;[38;5;-127m[AndroidUiautomator2Driver@4ec2]&amp#27;[0m Waiting up to 0 ms for condition
&amp#27;[38;5;168m[e58da0c8]&amp#27;[0m&amp#27;[38;5;-127m[AndroidUiautomator2Driver@4ec2]&amp#27;[0m Matched '/element' to command name 'findElement'
&amp#27;[38;5;168m[e58da0c8]&amp#27;[0m&amp#27;[38;5;-127m[AndroidUiautomator2Driver@4ec2]&amp#27;[0m Proxying [POST /element] to [POST http://127.0.0.1:8201/session/6fd8f7e4-cf35-45a8-8109-396fc4407b01/element] with body: {"strategy":"id","selector":"com.androidsample.generalstore:id/nameField","context":"","multiple":false}
&amp#27;[38;5;168m[e58da0c8]&amp#27;[0m&amp#27;[38;5;-127m[AndroidUiautomator2Driver@4ec2]&amp#27;[0m Got response with status 404: {"sessionId":"6fd8f7e4-cf35-45a8-8109-396fc4407b01","value":{"error":"no such element","message":"An element could not be located on the page using the given search parameters","stacktrace":"io.appium.uiautomator2.common.exceptions.ElementNotFoundException: An element could not be located on the page using the given search parameters\n\tat io.appium.uiautomator2.handler.FindElement.safeHandle(FindElement.java:63)\n\tat io.appium.uiautomator2.handler.request.SafeRequestHandler.handle(SafeRequestHandler.java:59)\n\tat io.appium.uiautomator2.server.AppiumServlet.handleRequest(AppiumServlet.java:259)\n\tat io.appium.uiautomator2.server.AppiumServlet.handleHttpRequest(AppiumServlet.java:253)\n\tat io.appium.uiautomator2.http.ServerHandler.channelRead(ServerHandler.java:77)\n\tat io.netty.channel.AbstractChannelHandlerContext.invokeChannelRead(AbstractChannelHandlerContext.java:366)\n\tat io.netty.channel.AbstractChannelHandlerContext.invokeChannelRead(AbstractChannelHandlerContext.java:352)\n\tat io.netty.chann...
&amp#27;[38;5;168m[e58da0c8]&amp#27;[0m&amp#27;[38;5;123m[W3C]&amp#27;[0m Matched W3C error code 'no such element' to NoSuchElementError
&amp#27;[38;5;168m[e58da0c8]&amp#27;[0m&amp#27;[38;5;-127m[AndroidUiautomator2Driver@4ec2]&amp#27;[0m Encountered internal error running command: NoSuchElementError: An element could not be located on the page using the given search parameters.
    at AndroidUiautomator2Driver.findElOrEls (C:\Users\User1\.appium\node_modules\appium-uiautomator2-driver\node_modules\appium-android-driver\lib\commands\find.ts:86:11)
    at processTicksAndRejections (node:internal/process/task_queues:95:5)
    at AndroidUiautomator2Driver.findElOrElsWithProcessing (C:\Users\User1\AppData\Roaming\npm\node_modules\appium\node_modules\@appium\base-driver\lib\basedriver\commands\find.ts:60:12)
    at AndroidUiautomator2Driver.findElement (C:\Users\User1\AppData\Roaming\npm\node_modules\appium\node_modules\@appium\base-driver\lib\basedriver\commands\find.ts:75:12)
&amp#27;[38;5;168m[e58da0c8]&amp#27;[0m&amp#27;[38;5;86m[HTTP]&amp#27;[0m &amp#27;[37m<-- POST /session/e58da0c8-2b2d-4d9d-b8b0-c6a88f52614c/element &amp#27;[39m&amp#27;[33m404&amp#27;[39m &amp#27;[90m31 ms - 890&amp#27;[39m &amp#27;[90m&amp#27;[39m
&amp#27;[38;5;168m[e58da0c8]&amp#27;[0m&amp#27;[38;5;86m[HTTP]&amp#27;[0m &amp#27;[37m-->&amp#27;[39m &amp#27;[37mPOST&amp#27;[39m &amp#27;[37m/session/e58da0c8-2b2d-4d9d-b8b0-c6a88f52614c/element&amp#27;[39m &amp#27;[90m{"using":"id","value":"com.androidsample.generalstore:id/nameField"}&amp#27;[39m
&amp#27;[38;5;168m[e58da0c8]&amp#27;[0m&amp#27;[38;5;-127m[AndroidUiautomator2Driver@4ec2]&amp#27;[0m Calling AppiumDriver.findElement() with args: ["id","com.androidsample.generalstore:id/nameField","e58da0c8-2b2d-4d9d-b8b0-c6a88f52614c"]
&amp#27;[38;5;168m[e58da0c8]&amp#27;[0m&amp#27;[38;5;-127m[AndroidUiautomator2Driver@4ec2]&amp#27;[0m Valid locator strategies for this request: xpath, id, class name, accessibility id, css selector, -android uiautomator
&amp#27;[38;5;168m[e58da0c8]&amp#27;[0m&amp#27;[38;5;-127m[AndroidUiautomator2Driver@4ec2]&amp#27;[0m Waiting up to 0 ms for condition
&amp#27;[38;5;168m[e58da0c8]&amp#27;[0m&amp#27;[38;5;-127m[AndroidUiautomator2Driver@4ec2]&amp#27;[0m Matched '/element' to command name 'findElement'
&amp#27;[38;5;168m[e58da0c8]&amp#27;[0m&amp#27;[38;5;-127m[AndroidUiautomator2Driver@4ec2]&amp#27;[0m Proxying [POST /element] to [POST http://127.0.0.1:8201/session/6fd8f7e4-cf35-45a8-8109-396fc4407b01/element] with body: {"strategy":"id","selector":"com.androidsample.generalstore:id/nameField","context":"","multiple":false}
&amp#27;[38;5;168m[e58da0c8]&amp#27;[0m&amp#27;[38;5;-127m[AndroidUiautomator2Driver@4ec2]&amp#27;[0m Got response with status 200: {"sessionId":"6fd8f7e4-cf35-45a8-8109-396fc4407b01","value":{"ELEMENT":"00000000-0000-070e-ffff-ffff0000001c","element-6066-11e4-a52e-4f735466cecf":"00000000-0000-070e-ffff-ffff0000001c"}}
&amp#27;[38;5;168m[e58da0c8]&amp#27;[0m&amp#27;[38;5;-127m[AndroidUiautomator2Driver@4ec2]&amp#27;[0m Responding to client with driver.findElement() result: {"element-6066-11e4-a52e-4f735466cecf":"00000000-0000-070e-ffff-ffff0000001c","ELEMENT":"00000000-0000-070e-ffff-ffff0000001c"}
&amp#27;[38;5;168m[e58da0c8]&amp#27;[0m&amp#27;[38;5;86m[HTTP]&amp#27;[0m &amp#27;[37m<-- POST /session/e58da0c8-2b2d-4d9d-b8b0-c6a88f52614c/element &amp#27;[39m&amp#27;[32m200&amp#27;[39m &amp#27;[90m1577 ms - 137&amp#27;[39m &amp#27;[90m&amp#27;[39m
&amp#27;[38;5;168m[e58da0c8]&amp#27;[0m&amp#27;[38;5;86m[HTTP]&amp#27;[0m &amp#27;[37m-->&amp#27;[39m &amp#27;[37mGET&amp#27;[39m &amp#27;[37m/session/e58da0c8-2b2d-4d9d-b8b0-c6a88f52614c/element/00000000-0000-070e-ffff-ffff0000001c/displayed&amp#27;[39m &amp#27;[90m{}&amp#27;[39m
&amp#27;[38;5;168m[e58da0c8]&amp#27;[0m&amp#27;[38;5;-127m[AndroidUiautomator2Driver@4ec2]&amp#27;[0m Calling AppiumDriver.elementDisplayed() with args: ["00000000-0000-070e-ffff-ffff0000001c","e58da0c8-2b2d-4d9d-b8b0-c6a88f52614c"]
&amp#27;[38;5;168m[e58da0c8]&amp#27;[0m&amp#27;[38;5;-127m[AndroidUiautomator2Driver@4ec2]&amp#27;[0m Matched '/element/00000000-0000-070e-ffff-ffff0000001c/attribute/displayed' to command name 'getAttribute'
&amp#27;[38;5;168m[e58da0c8]&amp#27;[0m&amp#27;[38;5;-127m[AndroidUiautomator2Driver@4ec2]&amp#27;[0m Proxying [GET /element/00000000-0000-070e-ffff-ffff0000001c/attribute/displayed] to [GET http://127.0.0.1:8201/session/6fd8f7e4-cf35-45a8-8109-396fc4407b01/element/00000000-0000-070e-ffff-ffff0000001c/attribute/displayed] with no body
&amp#27;[38;5;168m[e58da0c8]&amp#27;[0m&amp#27;[38;5;-127m[AndroidUiautomator2Driver@4ec2]&amp#27;[0m Got response with status 200: {"sessionId":"6fd8f7e4-cf35-45a8-8109-396fc4407b01","value":"true"}
&amp#27;[38;5;168m[e58da0c8]&amp#27;[0m&amp#27;[38;5;-127m[AndroidUiautomator2Driver@4ec2]&amp#27;[0m Responding to client with driver.elementDisplayed() result: true
&amp#27;[38;5;168m[e58da0c8]&amp#27;[0m&amp#27;[38;5;86m[HTTP]&amp#27;[0m &amp#27;[37m<-- GET /session/e58da0c8-2b2d-4d9d-b8b0-c6a88f52614c/element/00000000-0000-070e-ffff-ffff0000001c/displayed &amp#27;[39m&amp#27;[32m200&amp#27;[39m &amp#27;[90m20 ms - 14&amp#27;[39m &amp#27;[90m&amp#27;[39m
&amp#27;[38;5;168m[e58da0c8]&amp#27;[0m&amp#27;[38;5;86m[HTTP]&amp#27;[0m &amp#27;[37m-->&amp#27;[39m &amp#27;[37mGET&amp#27;[39m &amp#27;[37m/session/e58da0c8-2b2d-4d9d-b8b0-c6a88f52614c/context&amp#27;[39m &amp#27;[90m{}&amp#27;[39m
&amp#27;[38;5;168m[e58da0c8]&amp#27;[0m&amp#27;[38;5;-127m[AndroidUiautomator2Driver@4ec2]&amp#27;[0m Calling AppiumDriver.getCurrentContext() with args: ["e58da0c8-2b2d-4d9d-b8b0-c6a88f52614c"]
&amp#27;[38;5;168m[e58da0c8]&amp#27;[0m&amp#27;[38;5;-127m[AndroidUiautomator2Driver@4ec2]&amp#27;[0m Responding to client with driver.getCurrentContext() result: "NATIVE_APP"
&amp#27;[38;5;168m[e58da0c8]&amp#27;[0m&amp#27;[38;5;86m[HTTP]&amp#27;[0m &amp#27;[37m<-- GET /session/e58da0c8-2b2d-4d9d-b8b0-c6a88f52614c/context &amp#27;[39m&amp#27;[32m200&amp#27;[39m &amp#27;[90m1 ms - 22&amp#27;[39m &amp#27;[90m&amp#27;[39m
&amp#27;[38;5;168m[e58da0c8]&amp#27;[0m&amp#27;[38;5;86m[HTTP]&amp#27;[0m &amp#27;[37m-->&amp#27;[39m &amp#27;[37mPOST&amp#27;[39m &amp#27;[37m/session/e58da0c8-2b2d-4d9d-b8b0-c6a88f52614c/element&amp#27;[39m &amp#27;[90m{"using":"id","value":"com.androidsample.generalstore:id/nameField"}&amp#27;[39m
&amp#27;[38;5;168m[e58da0c8]&amp#27;[0m&amp#27;[38;5;-127m[AndroidUiautomator2Driver@4ec2]&amp#27;[0m Calling AppiumDriver.findElement() with args: ["id","com.androidsample.generalstore:id/nameField","e58da0c8-2b2d-4d9d-b8b0-c6a88f52614c"]
&amp#27;[38;5;168m[e58da0c8]&amp#27;[0m&amp#27;[38;5;-127m[AndroidUiautomator2Driver@4ec2]&amp#27;[0m Valid locator strategies for this request: xpath, id, class name, accessibility id, css selector, -android uiautomator
&amp#27;[38;5;168m[e58da0c8]&amp#27;[0m&amp#27;[38;5;-127m[AndroidUiautomator2Driver@4ec2]&amp#27;[0m Waiting up to 0 ms for condition
&amp#27;[38;5;168m[e58da0c8]&amp#27;[0m&amp#27;[38;5;-127m[AndroidUiautomator2Driver@4ec2]&amp#27;[0m Matched '/element' to command name 'findElement'
&amp#27;[38;5;168m[e58da0c8]&amp#27;[0m&amp#27;[38;5;-127m[AndroidUiautomator2Driver@4ec2]&amp#27;[0m Proxying [POST /element] to [POST http://127.0.0.1:8201/session/6fd8f7e4-cf35-45a8-8109-396fc4407b01/element] with body: {"strategy":"id","selector":"com.androidsample.generalstore:id/nameField","context":"","multiple":false}
&amp#27;[38;5;168m[e58da0c8]&amp#27;[0m&amp#27;[38;5;-127m[AndroidUiautomator2Driver@4ec2]&amp#27;[0m Got response with status 200: {"sessionId":"6fd8f7e4-cf35-45a8-8109-396fc4407b01","value":{"ELEMENT":"00000000-0000-070e-ffff-ffff0000001c","element-6066-11e4-a52e-4f735466cecf":"00000000-0000-070e-ffff-ffff0000001c"}}
&amp#27;[38;5;168m[e58da0c8]&amp#27;[0m&amp#27;[38;5;-127m[AndroidUiautomator2Driver@4ec2]&amp#27;[0m Responding to client with driver.findElement() result: {"element-6066-11e4-a52e-4f735466cecf":"00000000-0000-070e-ffff-ffff0000001c","ELEMENT":"00000000-0000-070e-ffff-ffff0000001c"}
&amp#27;[38;5;168m[e58da0c8]&amp#27;[0m&amp#27;[38;5;86m[HTTP]&amp#27;[0m &amp#27;[37m<-- POST /session/e58da0c8-2b2d-4d9d-b8b0-c6a88f52614c/element &amp#27;[39m&amp#27;[32m200&amp#27;[39m &amp#27;[90m37 ms - 137&amp#27;[39m &amp#27;[90m&amp#27;[39m
Test Failed: femaleGenderTest
Error retrieving driver instance: driver
Driver is null, screenshot not captured
]]></system-out>
    <system-err><![CDATA[java.lang.NoSuchFieldException: driver
	at java.base/java.lang.Class.getDeclaredField(Class.java:2792)
	at utils.TestListener.onTestFailure(TestListener.java:32)
	at org.testng.internal.TestListenerHelper.runTestListeners(TestListenerHelper.java:115)
	at org.testng.internal.invokers.TestInvoker.runTestResultListener(TestInvoker.java:285)
	at org.testng.internal.invokers.TestInvoker.invokeMethod(TestInvoker.java:774)
	at org.testng.internal.invokers.TestInvoker.invokeTestMethod(TestInvoker.java:230)
	at org.testng.internal.invokers.MethodRunner.runInSequence(MethodRunner.java:63)
	at org.testng.internal.invokers.TestInvoker$MethodInvocationAgent.invoke(TestInvoker.java:992)
	at org.testng.internal.invokers.TestInvoker.invokeTestMethods(TestInvoker.java:203)
	at org.testng.internal.invokers.TestMethodWorker.invokeTestMethods(TestMethodWorker.java:154)
	at org.testng.internal.invokers.TestMethodWorker.run(TestMethodWorker.java:134)
	at java.base/java.util.ArrayList.forEach(ArrayList.java:1597)
	at org.testng.TestRunner.privateRun(TestRunner.java:739)
	at org.testng.TestRunner.run(TestRunner.java:614)
	at org.testng.SuiteRunner.runTest(SuiteRunner.java:421)
	at org.testng.SuiteRunner.runSequentially(SuiteRunner.java:413)
	at org.testng.SuiteRunner.privateRun(SuiteRunner.java:373)
	at org.testng.SuiteRunner.run(SuiteRunner.java:312)
	at org.testng.SuiteRunnerWorker.runSuite(SuiteRunnerWorker.java:52)
	at org.testng.SuiteRunnerWorker.run(SuiteRunnerWorker.java:95)
	at org.testng.TestNG.runSuitesSequentially(TestNG.java:1274)
	at org.testng.TestNG.runSuitesLocally(TestNG.java:1208)
	at org.testng.TestNG.runSuites(TestNG.java:1112)
	at org.testng.TestNG.run(TestNG.java:1079)
	at org.apache.maven.surefire.testng.TestNGExecutor.run(TestNGExecutor.java:308)
	at org.apache.maven.surefire.testng.TestNGXmlTestSuite.execute(TestNGXmlTestSuite.java:71)
	at org.apache.maven.surefire.testng.TestNGProvider.invoke(TestNGProvider.java:113)
	at org.apache.maven.surefire.booter.ForkedBooter.runSuitesInProcess(ForkedBooter.java:385)
	at org.apache.maven.surefire.booter.ForkedBooter.execute(ForkedBooter.java:162)
	at org.apache.maven.surefire.booter.ForkedBooter.run(ForkedBooter.java:507)
	at org.apache.maven.surefire.booter.ForkedBooter.main(ForkedBooter.java:495)
]]></system-err>
  </testcase>
  <testcase name="verifyAppTitle" classname="testCases.FormPageTest" time="1.79">
    <failure message="Can&apos;t locate an element by this strategy: By.chained({AppiumBy.id: com.androidsample.generalstore:id/toolbar_title})" type="org.openqa.selenium.NoSuchElementException"><![CDATA[org.openqa.selenium.NoSuchElementException: Can't locate an element by this strategy: By.chained({AppiumBy.id: com.androidsample.generalstore:id/toolbar_title})
	at io.appium.java_client.pagefactory.AppiumElementLocator.findElement(AppiumElementLocator.java:166)
	at io.appium.java_client.pagefactory.interceptors.InterceptorOfASingleElement.call(InterceptorOfASingleElement.java:75)
	at io.appium.java_client.proxy.Interceptor.intercept(Interceptor.java:78)
	at org.openqa.selenium.remote.RemoteWebElement$ByteBuddy$7qSzMuHk.getText(Unknown Source)
	at AppiumFramework.pageObjects.android.FormPage.getAppTitle(FormPage.java:75)
	at testCases.FormPageTest.verifyAppTitle(FormPageTest.java:58)
	at java.base/jdk.internal.reflect.DirectMethodHandleAccessor.invoke(DirectMethodHandleAccessor.java:103)
	at java.base/java.lang.reflect.Method.invoke(Method.java:580)
	at org.testng.internal.invokers.MethodInvocationHelper.invokeMethod(MethodInvocationHelper.java:141)
	at org.testng.internal.invokers.TestInvoker.invokeMethod(TestInvoker.java:686)
	at org.testng.internal.invokers.TestInvoker.invokeTestMethod(TestInvoker.java:230)
	at org.testng.internal.invokers.MethodRunner.runInSequence(MethodRunner.java:63)
	at org.testng.internal.invokers.TestInvoker$MethodInvocationAgent.invoke(TestInvoker.java:992)
	at org.testng.internal.invokers.TestInvoker.invokeTestMethods(TestInvoker.java:203)
	at org.testng.internal.invokers.TestMethodWorker.invokeTestMethods(TestMethodWorker.java:154)
	at org.testng.internal.invokers.TestMethodWorker.run(TestMethodWorker.java:134)
	at java.base/java.util.ArrayList.forEach(ArrayList.java:1597)
	at org.testng.TestRunner.privateRun(TestRunner.java:739)
	at org.testng.TestRunner.run(TestRunner.java:614)
	at org.testng.SuiteRunner.runTest(SuiteRunner.java:421)
	at org.testng.SuiteRunner.runSequentially(SuiteRunner.java:413)
	at org.testng.SuiteRunner.privateRun(SuiteRunner.java:373)
	at org.testng.SuiteRunner.run(SuiteRunner.java:312)
	at org.testng.SuiteRunnerWorker.runSuite(SuiteRunnerWorker.java:52)
	at org.testng.SuiteRunnerWorker.run(SuiteRunnerWorker.java:95)
	at org.testng.TestNG.runSuitesSequentially(TestNG.java:1274)
	at org.testng.TestNG.runSuitesLocally(TestNG.java:1208)
	at org.testng.TestNG.runSuites(TestNG.java:1112)
	at org.testng.TestNG.run(TestNG.java:1079)
	at org.apache.maven.surefire.testng.TestNGExecutor.run(TestNGExecutor.java:308)
	at org.apache.maven.surefire.testng.TestNGXmlTestSuite.execute(TestNGXmlTestSuite.java:71)
	at org.apache.maven.surefire.testng.TestNGProvider.invoke(TestNGProvider.java:113)
	at org.apache.maven.surefire.booter.ForkedBooter.runSuitesInProcess(ForkedBooter.java:385)
	at org.apache.maven.surefire.booter.ForkedBooter.execute(ForkedBooter.java:162)
	at org.apache.maven.surefire.booter.ForkedBooter.run(ForkedBooter.java:507)
	at org.apache.maven.surefire.booter.ForkedBooter.main(ForkedBooter.java:495)
Caused by: org.openqa.selenium.TimeoutException: Expected condition failed: waiting for io.appium.java_client.pagefactory.AppiumElementLocator$WaitingFunction@3ea9a091 (tried for 1 second(s) with 500 milliseconds interval)
	at org.openqa.selenium.support.ui.FluentWait.timeoutException(FluentWait.java:265)
	at org.openqa.selenium.support.ui.FluentWait.until(FluentWait.java:228)
	at io.appium.java_client.pagefactory.AppiumElementLocator.waitFor(AppiumElementLocator.java:135)
	at io.appium.java_client.pagefactory.AppiumElementLocator.findElement(AppiumElementLocator.java:160)
	... 35 more
Caused by: org.openqa.selenium.NoSuchElementException: Cannot locate an element using By.chained({AppiumBy.id: com.androidsample.generalstore:id/toolbar_title})
For documentation on this error, please visit: https://www.selenium.dev/documentation/webdriver/troubleshooting/errors#no-such-element-exception
Build info: version: '4.31.0', revision: '1ef9f18787*'
System info: os.name: 'Windows 11', os.arch: 'amd64', os.version: '10.0', java.version: '22.0.2'
Driver info: driver.version: RemoteWebDriver
	at io.appium.java_client.pagefactory.bys.builder.ByChained.findElement(ByChained.java:74)
	at org.openqa.selenium.remote.ElementLocation$ElementFinder$1.findElement(ElementLocation.java:139)
	at org.openqa.selenium.remote.ElementLocation.findElement(ElementLocation.java:59)
	at org.openqa.selenium.remote.RemoteWebDriver.findElement(RemoteWebDriver.java:368)
	at org.openqa.selenium.remote.RemoteWebDriver.findElement(RemoteWebDriver.java:362)
	at io.appium.java_client.pagefactory.bys.ContentMappedBy.findElement(ContentMappedBy.java:54)
	at org.openqa.selenium.remote.ElementLocation$ElementFinder$1.findElement(ElementLocation.java:139)
	at org.openqa.selenium.remote.ElementLocation.findElement(ElementLocation.java:59)
	at org.openqa.selenium.remote.RemoteWebDriver.findElement(RemoteWebDriver.java:368)
	at org.openqa.selenium.remote.RemoteWebDriver.findElement(RemoteWebDriver.java:362)
	at io.appium.java_client.pagefactory.AppiumElementLocator.lambda$findElement$1(AppiumElementLocator.java:160)
	at io.appium.java_client.pagefactory.AppiumElementLocator$WaitingFunction.apply(AppiumElementLocator.java:217)
	at io.appium.java_client.pagefactory.AppiumElementLocator$WaitingFunction.apply(AppiumElementLocator.java:210)
	at org.openqa.selenium.support.ui.FluentWait.until(FluentWait.java:203)
	... 37 more
]]></failure>
    <system-out><![CDATA[&amp#27;[38;5;168m[e58da0c8]&amp#27;[0m&amp#27;[38;5;86m[HTTP]&amp#27;[0m &amp#27;[37m-->&amp#27;[39m &amp#27;[37mDELETE&amp#27;[39m &amp#27;[37m/session/e58da0c8-2b2d-4d9d-b8b0-c6a88f52614c&amp#27;[39m &amp#27;[90m{}&amp#27;[39m
&amp#27;[38;5;168m[e58da0c8]&amp#27;[0m&amp#27;[38;5;-127m[AndroidUiautomator2Driver@4ec2]&amp#27;[0m Calling AppiumDriver.deleteSession() with args: ["e58da0c8-2b2d-4d9d-b8b0-c6a88f52614c"]
&amp#27;[38;5;168m[e58da0c8]&amp#27;[0m&amp#27;[38;5;91m[AppiumDriver@9f2f]&amp#27;[0m Event 'quitSessionRequested' logged at 1744634974295 (18:19:34 GMT+0530 (India Standard Time))
&amp#27;[38;5;168m[e58da0c8]&amp#27;[0m&amp#27;[38;5;91m[AppiumDriver@9f2f]&amp#27;[0m Removing session e58da0c8-2b2d-4d9d-b8b0-c6a88f52614c from our master session list
&amp#27;[38;5;168m[e58da0c8]&amp#27;[0m&amp#27;[38;5;-127m[AndroidUiautomator2Driver@4ec2]&amp#27;[0m Deleting UiAutomator2 session
&amp#27;[38;5;168m[e58da0c8]&amp#27;[0m&amp#27;[38;5;-127m[AndroidUiautomator2Driver@4ec2]&amp#27;[0m Deleting UiAutomator2 server session
&amp#27;[38;5;168m[e58da0c8]&amp#27;[0m&amp#27;[38;5;-127m[AndroidUiautomator2Driver@4ec2]&amp#27;[0m Matched '/' to command name 'deleteSession'
&amp#27;[38;5;168m[e58da0c8]&amp#27;[0m&amp#27;[38;5;-127m[AndroidUiautomator2Driver@4ec2]&amp#27;[0m Proxying [DELETE /] to [DELETE http://127.0.0.1:8201/session/6fd8f7e4-cf35-45a8-8109-396fc4407b01] with no body
&amp#27;[38;5;168m[e58da0c8]&amp#27;[0m&amp#27;[38;5;-127m[AndroidUiautomator2Driver@4ec2]&amp#27;[0m Got response with status 200: {"sessionId":"6fd8f7e4-cf35-45a8-8109-396fc4407b01","value":null}
&amp#27;[38;5;168m[e58da0c8]&amp#27;[0m&amp#27;[38;5;-127m[AndroidUiautomator2Driver@4ec2]&amp#27;[0m [Instrumentation] io.appium.uiautomator2.server.test.AppiumUiAutomator2Server:
&amp#27;[38;5;168m[e58da0c8]&amp#27;[0m&amp#27;[38;5;-127m[AndroidUiautomator2Driver@4ec2]&amp#27;[0m [Instrumentation] The process has exited with code null, signal SIGTERM
&amp#27;[38;5;168m[e58da0c8]&amp#27;[0m&amp#27;[38;5;229m[ADB]&amp#27;[0m Running 'C:\Users\User1\AppData\Local\Android\Sdk\platform-tools\adb.exe -P 5037 -s emulator-5554 shell dumpsys activity services io.appium.settings/.recorder.RecorderService'
&amp#27;[38;5;168m[e58da0c8]&amp#27;[0m&amp#27;[38;5;229m[ADB]&amp#27;[0m Running 'C:\Users\User1\AppData\Local\Android\Sdk\platform-tools\adb.exe -P 5037 -s emulator-5554 shell am force-stop com.androidsample.generalstore'
&amp#27;[38;5;168m[e58da0c8]&amp#27;[0m&amp#27;[38;5;229m[ADB]&amp#27;[0m Removing forwarded port socket connection: 8201 
&amp#27;[38;5;168m[e58da0c8]&amp#27;[0m&amp#27;[38;5;229m[ADB]&amp#27;[0m Running 'C:\Users\User1\AppData\Local\Android\Sdk\platform-tools\adb.exe -P 5037 -s emulator-5554 forward --remove tcp:8201'
&amp#27;[38;5;168m[e58da0c8]&amp#27;[0m&amp#27;[38;5;-127m[AndroidUiautomator2Driver@4ec2]&amp#27;[0m Restoring hidden api policy to the device default configuration
&amp#27;[38;5;168m[e58da0c8]&amp#27;[0m&amp#27;[38;5;229m[ADB]&amp#27;[0m Running 'C:\Users\User1\AppData\Local\Android\Sdk\platform-tools\adb.exe -P 5037 -s emulator-5554 shell 'settings delete global hidden_api_policy_pre_p_apps;settings delete global hidden_api_policy_p_apps;settings delete global hidden_api_policy''
&amp#27;[38;5;168m[e58da0c8]&amp#27;[0m&amp#27;[38;5;160m[Logcat]&amp#27;[0m Stopping logcat capture
&amp#27;[38;5;168m[e58da0c8]&amp#27;[0m&amp#27;[38;5;91m[AppiumDriver@9f2f]&amp#27;[0m Event 'quitSessionFinished' logged at 1744634974728 (18:19:34 GMT+0530 (India Standard Time))
&amp#27;[38;5;168m[e58da0c8]&amp#27;[0m&amp#27;[38;5;91m[AppiumDriver@9f2f]&amp#27;[0m Received response: null
&amp#27;[38;5;168m[e58da0c8]&amp#27;[0m&amp#27;[38;5;91m[AppiumDriver@9f2f]&amp#27;[0m But deleting session, so not returning
&amp#27;[38;5;168m[e58da0c8]&amp#27;[0m&amp#27;[38;5;91m[AppiumDriver@9f2f]&amp#27;[0m Responding to client with driver.deleteSession() result: null
&amp#27;[38;5;168m[e58da0c8]&amp#27;[0m&amp#27;[38;5;86m[HTTP]&amp#27;[0m &amp#27;[37m<-- DELETE /session/e58da0c8-2b2d-4d9d-b8b0-c6a88f52614c &amp#27;[39m&amp#27;[32m200&amp#27;[39m &amp#27;[90m435 ms - 14&amp#27;[39m &amp#27;[90m&amp#27;[39m
&amp#27;[38;5;112m[Appium]&amp#27;[0m Welcome to Appium v2.11.5
&amp#27;[38;5;112m[Appium]&amp#27;[0m The autodetected Appium home path: C:\Users\User1\.appium
&amp#27;[38;5;112m[Appium]&amp#27;[0m Attempting to load driver uiautomator2...
&amp#27;[38;5;112m[Appium]&amp#27;[0m Attempting to load driver xcuitest...
&amp#27;[38;5;112m[Appium]&amp#27;[0m Attempting to load driver espresso...
&amp#27;[38;5;112m[Appium]&amp#27;[0m Requiring driver at C:\Users\User1\.appium\node_modules\appium-uiautomator2-driver\build\index.js
&amp#27;[38;5;112m[Appium]&amp#27;[0m Requiring driver at C:\Users\User1\.appium\node_modules\appium-xcuitest-driver\build\index.js
&amp#27;[38;5;112m[Appium]&amp#27;[0m Requiring driver at C:\Users\User1\.appium\node_modules\appium-espresso-driver\build\index.js
&amp#27;[38;5;112m[Appium]&amp#27;[0m AndroidUiautomator2Driver has been successfully loaded in 2.585s
&amp#27;[38;5;112m[Appium]&amp#27;[0m XCUITestDriver has been successfully loaded in 2.585s
&amp#27;[38;5;112m[Appium]&amp#27;[0m EspressoDriver has been successfully loaded in 2.585s
&amp#27;[38;5;112m[Appium]&amp#27;[0m Attempting to load driver gecko...
&amp#27;[38;5;112m[Appium]&amp#27;[0m Requiring driver at C:\Users\User1\.appium\node_modules\appium-geckodriver\build\index.js
&amp#27;[38;5;112m[Appium]&amp#27;[0m GeckoDriver has been successfully loaded in 0.099s
&amp#27;[38;5;112m[Appium]&amp#27;[0m Appium REST http interface listener started on http://0.0.0.0:4723
&amp#27;[38;5;112m[Appium]&amp#27;[0m You can provide the following URLs in your client code to connect to this server:
	http://192.168.0.114:4723/
	http://127.0.0.1:4723/ (only accessible from the same host)
&amp#27;[38;5;112m[Appium]&amp#27;[0m Available drivers:
&amp#27;[38;5;112m[Appium]&amp#27;[0m   - uiautomator2@3.8.0 (automationName 'UiAutomator2')
&amp#27;[38;5;112m[Appium]&amp#27;[0m   - xcuitest@7.27.1 (automationName 'XCUITest')
&amp#27;[38;5;112m[Appium]&amp#27;[0m   - espresso@3.5.0 (automationName 'Espresso')
&amp#27;[38;5;112m[Appium]&amp#27;[0m   - gecko@1.4.0 (automationName 'Gecko')
&amp#27;[38;5;112m[Appium]&amp#27;[0m No plugins have been installed. Use the "appium plugin" command to install the one(s) you want to use.
&amp#27;[38;5;86m[HTTP]&amp#27;[0m &amp#27;[37m-->&amp#27;[39m &amp#27;[37mGET&amp#27;[39m &amp#27;[37m/status&amp#27;[39m &amp#27;[90m{}&amp#27;[39m
&amp#27;[38;5;166m[AppiumDriver@23fa]&amp#27;[0m Calling AppiumDriver.getStatus() with args: []
&amp#27;[38;5;166m[AppiumDriver@23fa]&amp#27;[0m Responding to client with driver.getStatus() result: {"ready":true,"message":"The server is ready to accept new connections","build":{"version":"2.11.5"}}
&amp#27;[38;5;86m[HTTP]&amp#27;[0m &amp#27;[37m<-- GET /status &amp#27;[39m&amp#27;[32m200&amp#27;[39m &amp#27;[90m6 ms - 111&amp#27;[39m &amp#27;[90m&amp#27;[39m
&amp#27;[38;5;86m[HTTP]&amp#27;[0m Request idempotency key: c4bff09d-ddeb-4d47-9c8c-ab521e2e4d4f
&amp#27;[38;5;86m[HTTP]&amp#27;[0m &amp#27;[37m-->&amp#27;[39m &amp#27;[37mPOST&amp#27;[39m &amp#27;[37m/session&amp#27;[39m &amp#27;[90m{"capabilities":{"firstMatch":[{"appium:chromedriverExecutable":"C://Users//User1//Downloads//chromedriver-win64//chromedriver-win64//chromedriver.exe","appium:deviceName":"Rajemulator","platformName":"ANDROID","appium:automationName":"UIAutomator2","appium:app":"C:\\Users\\User1\\eclipse-workspace\\eCommerceFramework//src//main//resources//General-Store.apk"}]}}&amp#27;[39m
&amp#27;[38;5;166m[AppiumDriver@23fa]&amp#27;[0m Calling AppiumDriver.createSession() with args: [null,null,{"firstMatch":[{"appium:chromedriverExecutable":"C://Users//User1//Downloads//chromedriver-win64//chromedriver-win64//chromedriver.exe","appium:deviceName":"Rajemulator","platformName":"ANDROID","appium:automationName":"UIAutomator2","appium:app":"C:\\Users\\User1\\eclipse-workspace\\eCommerceFramework//src//main//resources//General-Store.apk"}]}]
&amp#27;[38;5;166m[AppiumDriver@23fa]&amp#27;[0m Event 'newSessionRequested' logged at 1744634979378 (18:19:39 GMT+0530 (India Standard Time))
&amp#27;[38;5;112m[Appium]&amp#27;[0m Attempting to find matching driver for automationName 'UIAutomator2' and platformName 'ANDROID'
&amp#27;[38;5;112m[Appium]&amp#27;[0m The 'uiautomator2' driver was installed and matched caps.
&amp#27;[38;5;112m[Appium]&amp#27;[0m Will require it at C:\Users\User1\.appium\node_modules\appium-uiautomator2-driver
&amp#27;[38;5;112m[Appium]&amp#27;[0m Requiring driver at C:\Users\User1\.appium\node_modules\appium-uiautomator2-driver\build\index.js
&amp#27;[38;5;166m[AppiumDriver@23fa]&amp#27;[0m Appium v2.11.5 creating new AndroidUiautomator2Driver (v3.8.0) session
&amp#27;[38;5;166m[AppiumDriver@23fa]&amp#27;[0m Checking BaseDriver versions for Appium and AndroidUiautomator2Driver
&amp#27;[38;5;166m[AppiumDriver@23fa]&amp#27;[0m Appium's BaseDriver version is 9.11.5
&amp#27;[38;5;166m[AppiumDriver@23fa]&amp#27;[0m AndroidUiautomator2Driver's BaseDriver version is 9.11.5
&amp#27;[38;5;-184m[AndroidUiautomator2Driver@5929]&amp#27;[0m 
&amp#27;[38;5;-184m[AndroidUiautomator2Driver@5929]&amp#27;[0m Creating session with W3C capabilities: {
  "alwaysMatch": {
    "platformName": "ANDROID",
    "appium:chromedriverExecutable": "C://Users//User1//Downloads//chromedriver-win64//chromedriver-win64//chromedriver.exe",
    "appium:deviceName": "Rajemulator",
    "appium:automationName": "UIAutomator2",
    "appium:app": "C:\\Users\\User1\\eclipse-workspace\\eCommerceFramework//src//main//resources//General-Store.apk"
  },
  "firstMatch": [
    {}
  ]
}
&amp#27;[38;5;186m[aaacded9]&amp#27;[0m&amp#27;[38;5;-184m[AndroidUiautomator2Driver@5929]&amp#27;[0m Session created with session id: aaacded9-ed67-4952-8fbe-f01ca5eb417b
&amp#27;[38;5;186m[aaacded9]&amp#27;[0m&amp#27;[38;5;229m[ADB]&amp#27;[0m Found 3 'build-tools' folders under 'C:\Users\User1\AppData\Local\Android\Sdk' (newest first):
&amp#27;[38;5;186m[aaacded9]&amp#27;[0m&amp#27;[38;5;229m[ADB]&amp#27;[0m     C:\Users\User1\AppData\Local\Android\Sdk\build-tools\36.0.0-rc1
&amp#27;[38;5;186m[aaacded9]&amp#27;[0m&amp#27;[38;5;229m[ADB]&amp#27;[0m     C:\Users\User1\AppData\Local\Android\Sdk\build-tools\35.0.0
&amp#27;[38;5;186m[aaacded9]&amp#27;[0m&amp#27;[38;5;229m[ADB]&amp#27;[0m     C:\Users\User1\AppData\Local\Android\Sdk\build-tools\34.0.0
&amp#27;[38;5;186m[aaacded9]&amp#27;[0m&amp#27;[38;5;229m[ADB]&amp#27;[0m Using 'adb.exe' from 'C:\Users\User1\AppData\Local\Android\Sdk\platform-tools\adb.exe'
&amp#27;[38;5;186m[aaacded9]&amp#27;[0m&amp#27;[38;5;229m[ADB]&amp#27;[0m Running 'C:\Users\User1\AppData\Local\Android\Sdk\platform-tools\adb.exe -P 5037 start-server'
&amp#27;[38;5;186m[aaacded9]&amp#27;[0m&amp#27;[38;5;-184m[AndroidUiautomator2Driver@5929]&amp#27;[0m Retrieving device list
&amp#27;[38;5;186m[aaacded9]&amp#27;[0m&amp#27;[38;5;229m[ADB]&amp#27;[0m Trying to find connected Android devices
&amp#27;[38;5;186m[aaacded9]&amp#27;[0m&amp#27;[38;5;229m[ADB]&amp#27;[0m Getting connected devices
&amp#27;[38;5;186m[aaacded9]&amp#27;[0m&amp#27;[38;5;229m[ADB]&amp#27;[0m Connected devices: [{"udid":"emulator-5554","state":"device"}]
&amp#27;[38;5;186m[aaacded9]&amp#27;[0m&amp#27;[38;5;-184m[AndroidUiautomator2Driver@5929]&amp#27;[0m Using device: emulator-5554
&amp#27;[38;5;186m[aaacded9]&amp#27;[0m&amp#27;[38;5;229m[ADB]&amp#27;[0m Using 'adb.exe' from 'C:\Users\User1\AppData\Local\Android\Sdk\platform-tools\adb.exe'
&amp#27;[38;5;186m[aaacded9]&amp#27;[0m&amp#27;[38;5;229m[ADB]&amp#27;[0m Running 'C:\Users\User1\AppData\Local\Android\Sdk\platform-tools\adb.exe -P 5037 start-server'
&amp#27;[38;5;186m[aaacded9]&amp#27;[0m&amp#27;[38;5;229m[ADB]&amp#27;[0m Setting device id to emulator-5554
&amp#27;[38;5;186m[aaacded9]&amp#27;[0m&amp#27;[38;5;123m[BaseDriver]&amp#27;[0m Using local app 'C:\Users\User1\eclipse-workspace\eCommerceFramework//src//main//resources//General-Store.apk'
&amp#27;[38;5;186m[aaacded9]&amp#27;[0m&amp#27;[38;5;-184m[AndroidUiautomator2Driver@5929]&amp#27;[0m Checking whether app is actually present
&amp#27;[38;5;186m[aaacded9]&amp#27;[0m&amp#27;[38;5;229m[ADB]&amp#27;[0m Running 'C:\Users\User1\AppData\Local\Android\Sdk\platform-tools\adb.exe -P 5037 -s emulator-5554 shell getprop ro.build.version.sdk'
&amp#27;[38;5;186m[aaacded9]&amp#27;[0m&amp#27;[38;5;229m[ADB]&amp#27;[0m Current device property 'ro.build.version.sdk': 35
&amp#27;[38;5;186m[aaacded9]&amp#27;[0m&amp#27;[38;5;229m[ADB]&amp#27;[0m Getting device platform version
&amp#27;[38;5;186m[aaacded9]&amp#27;[0m&amp#27;[38;5;229m[ADB]&amp#27;[0m Running 'C:\Users\User1\AppData\Local\Android\Sdk\platform-tools\adb.exe -P 5037 -s emulator-5554 shell getprop ro.build.version.release'
&amp#27;[38;5;186m[aaacded9]&amp#27;[0m&amp#27;[38;5;229m[ADB]&amp#27;[0m Current device property 'ro.build.version.release': 15
&amp#27;[38;5;186m[aaacded9]&amp#27;[0m&amp#27;[38;5;229m[ADB]&amp#27;[0m Device API level: 35
&amp#27;[38;5;186m[aaacded9]&amp#27;[0m&amp#27;[38;5;-184m[AndroidUiautomator2Driver@5929]&amp#27;[0m Relaxing hidden api policy
&amp#27;[38;5;186m[aaacded9]&amp#27;[0m&amp#27;[38;5;229m[ADB]&amp#27;[0m Running 'C:\Users\User1\AppData\Local\Android\Sdk\platform-tools\adb.exe -P 5037 -s emulator-5554 shell 'settings put global hidden_api_policy_pre_p_apps 1;settings put global hidden_api_policy_p_apps 1;settings put global hidden_api_policy 1''
&amp#27;[38;5;186m[aaacded9]&amp#27;[0m&amp#27;[38;5;-184m[AndroidUiautomator2Driver@5929]&amp#27;[0m Parsing package and activity from app manifest
&amp#27;[38;5;186m[aaacded9]&amp#27;[0m&amp#27;[38;5;229m[ADB]&amp#27;[0m Running 'C:\Users\User1\AppData\Local\Android\Sdk\platform-tools\adb.exe -P 5037 -s emulator-5554 wait-for-device'
&amp#27;[38;5;186m[aaacded9]&amp#27;[0m&amp#27;[38;5;229m[ADB]&amp#27;[0m Using 'aapt2.exe' from 'C:\Users\User1\AppData\Local\Android\Sdk\build-tools\36.0.0-rc1\aapt2.exe'
&amp#27;[38;5;186m[aaacded9]&amp#27;[0m&amp#27;[38;5;229m[ADB]&amp#27;[0m Reading package manifest: 'C:\\Users\\User1\\AppData\\Local\\Android\\Sdk\\build-tools\\36.0.0-rc1\\aapt2.exe dump badging C:\\Users\\User1\\eclipse-workspace\\eCommerceFramework//src//main//resources//General-Store.apk'
&amp#27;[38;5;186m[aaacded9]&amp#27;[0m&amp#27;[38;5;229m[ADB]&amp#27;[0m Running 'C:\Users\User1\AppData\Local\Android\Sdk\platform-tools\adb.exe -P 5037 -s emulator-5554 shell echo ping'
&amp#27;[38;5;186m[aaacded9]&amp#27;[0m&amp#27;[38;5;229m[ADB]&amp#27;[0m Package name: 'com.androidsample.generalstore'
&amp#27;[38;5;186m[aaacded9]&amp#27;[0m&amp#27;[38;5;229m[ADB]&amp#27;[0m Main activity name: 'com.androidsample.generalstore.SplashActivity'
&amp#27;[38;5;186m[aaacded9]&amp#27;[0m&amp#27;[38;5;-184m[AndroidUiautomator2Driver@5929]&amp#27;[0m Parsed package and activity are: com.androidsample.generalstore/com.androidsample.generalstore.SplashActivity
&amp#27;[38;5;186m[aaacded9]&amp#27;[0m&amp#27;[38;5;-184m[AndroidUiautomator2Driver@5929]&amp#27;[0m Pushing settings apk to the device...
&amp#27;[38;5;186m[aaacded9]&amp#27;[0m&amp#27;[38;5;229m[ADB]&amp#27;[0m Getting package info for 'io.appium.settings'
&amp#27;[38;5;186m[aaacded9]&amp#27;[0m&amp#27;[38;5;229m[ADB]&amp#27;[0m Running 'C:\Users\User1\AppData\Local\Android\Sdk\platform-tools\adb.exe -P 5037 -s emulator-5554 shell dumpsys package io.appium.settings'
&amp#27;[38;5;186m[aaacded9]&amp#27;[0m&amp#27;[38;5;229m[ADB]&amp#27;[0m Reading package manifest: 'C:\\Users\\User1\\AppData\\Local\\Android\\Sdk\\build-tools\\36.0.0-rc1\\aapt2.exe dump badging C:\\Users\\User1\\.appium\\node_modules\\appium-uiautomator2-driver\\node_modules\\io.appium.settings\\apks\\settings_apk-debug.apk'
&amp#27;[38;5;186m[aaacded9]&amp#27;[0m&amp#27;[38;5;229m[ADB]&amp#27;[0m The version name of the installed 'io.appium.settings' is greater or equal to the application version name ('5.12.13' >= '5.12.13')
&amp#27;[38;5;186m[aaacded9]&amp#27;[0m&amp#27;[38;5;229m[ADB]&amp#27;[0m There is no need to install/upgrade 'C:\Users\User1\.appium\node_modules\appium-uiautomator2-driver\node_modules\io.appium.settings\apks\settings_apk-debug.apk'
&amp#27;[38;5;186m[aaacded9]&amp#27;[0m&amp#27;[38;5;229m[ADB]&amp#27;[0m Running 'C:\Users\User1\AppData\Local\Android\Sdk\platform-tools\adb.exe -P 5037 -s emulator-5554 shell dumpsys activity services io.appium.settings'
&amp#27;[38;5;186m[aaacded9]&amp#27;[0m&amp#27;[38;5;-184m[AndroidUiautomator2Driver@5929]&amp#27;[0m io.appium.settings is already running. There is no need to reset its permissions.
&amp#27;[38;5;186m[aaacded9]&amp#27;[0m&amp#27;[38;5;160m[Logcat]&amp#27;[0m Starting logs capture with command: C:\\Users\\User1\\AppData\\Local\\Android\\Sdk\\platform-tools\\adb.exe -P 5037 -s emulator-5554 logcat -v threadtime
&amp#27;[38;5;186m[aaacded9]&amp#27;[0m&amp#27;[38;5;-184m[AndroidUiautomator2Driver@5929]&amp#27;[0m Forwarding UiAutomator2 Server port 6790 to local port 8201
&amp#27;[38;5;186m[aaacded9]&amp#27;[0m&amp#27;[38;5;229m[ADB]&amp#27;[0m Forwarding system: 8201 to device: 6790
&amp#27;[38;5;186m[aaacded9]&amp#27;[0m&amp#27;[38;5;229m[ADB]&amp#27;[0m Running 'C:\Users\User1\AppData\Local\Android\Sdk\platform-tools\adb.exe -P 5037 -s emulator-5554 forward tcp:8201 tcp:6790'
&amp#27;[38;5;186m[aaacded9]&amp#27;[0m&amp#27;[38;5;229m[ADB]&amp#27;[0m Getting package info for 'io.appium.uiautomator2.server'
&amp#27;[38;5;186m[aaacded9]&amp#27;[0m&amp#27;[38;5;229m[ADB]&amp#27;[0m Running 'C:\Users\User1\AppData\Local\Android\Sdk\platform-tools\adb.exe -P 5037 -s emulator-5554 shell dumpsys package io.appium.uiautomator2.server'
&amp#27;[38;5;186m[aaacded9]&amp#27;[0m&amp#27;[38;5;229m[ADB]&amp#27;[0m Getting install status for io.appium.uiautomator2.server.test
&amp#27;[38;5;186m[aaacded9]&amp#27;[0m&amp#27;[38;5;229m[ADB]&amp#27;[0m Checking app cert for C:\Users\User1\eclipse-workspace\eCommerceFramework//src//main//resources//General-Store.apk
&amp#27;[38;5;186m[aaacded9]&amp#27;[0m&amp#27;[38;5;229m[ADB]&amp#27;[0m Running 'C:\Users\User1\AppData\Local\Android\Sdk\platform-tools\adb.exe -P 5037 -s emulator-5554 shell cmd package list packages'
&amp#27;[38;5;186m[aaacded9]&amp#27;[0m&amp#27;[38;5;229m[ADB]&amp#27;[0m Using 'apksigner.jar' from 'C:\Users\User1\AppData\Local\Android\Sdk\build-tools\36.0.0-rc1\lib\apksigner.jar'
&amp#27;[38;5;186m[aaacded9]&amp#27;[0m&amp#27;[38;5;229m[ADB]&amp#27;[0m Starting apksigner: 'C:\\Program Files\\Java\\jdk-22\\bin\\java.exe' -Xmx1024M -Xss1m -jar C:\\Users\\User1\\AppData\\Local\\Android\\Sdk\\build-tools\\36.0.0-rc1\\lib\\apksigner.jar verify --print-certs C:\\Users\\User1\\eclipse-workspace\\eCommerceFramework//src//main//resources//General-Store.apk
&amp#27;[38;5;186m[aaacded9]&amp#27;[0m&amp#27;[38;5;229m[ADB]&amp#27;[0m Reading package manifest: 'C:\\Users\\User1\\AppData\\Local\\Android\\Sdk\\build-tools\\36.0.0-rc1\\aapt2.exe dump badging C:\\Users\\User1\\.appium\\node_modules\\appium-uiautomator2-driver\\node_modules\\appium-uiautomator2-server\\apks\\appium-uiautomator2-server-v7.0.25.apk'
&amp#27;[38;5;186m[aaacded9]&amp#27;[0m&amp#27;[38;5;229m[ADB]&amp#27;[0m 'io.appium.uiautomator2.server.test' is installed
&amp#27;[38;5;186m[aaacded9]&amp#27;[0m&amp#27;[38;5;229m[ADB]&amp#27;[0m The version name of the installed 'io.appium.uiautomator2.server' is greater or equal to the application version name ('7.0.25' >= '7.0.25')
&amp#27;[38;5;186m[aaacded9]&amp#27;[0m&amp#27;[38;5;-184m[AndroidUiautomator2Driver@5929]&amp#27;[0m Server packages status: [{"installState":"sameVersionInstalled","appPath":"C:\\Users\\User1\\.appium\\node_modules\\appium-uiautomator2-driver\\node_modules\\appium-uiautomator2-server\\apks\\appium-uiautomator2-server-v7.0.25.apk","appId":"io.appium.uiautomator2.server"},{"installState":"sameVersionInstalled","appPath":"C:\\Users\\User1\\.appium\\node_modules\\appium-uiautomator2-driver\\node_modules\\appium-uiautomator2-server\\apks\\appium-uiautomator2-server-debug-androidTest.apk","appId":"io.appium.uiautomator2.server.test"}]
&amp#27;[38;5;186m[aaacded9]&amp#27;[0m&amp#27;[38;5;-184m[AndroidUiautomator2Driver@5929]&amp#27;[0m Server packages are not going to be (re)installed
&amp#27;[38;5;186m[aaacded9]&amp#27;[0m&amp#27;[38;5;-184m[AndroidUiautomator2Driver@5929]&amp#27;[0m Waiting up to 30000ms for services to be available
&amp#27;[38;5;186m[aaacded9]&amp#27;[0m&amp#27;[38;5;229m[ADB]&amp#27;[0m Running 'C:\Users\User1\AppData\Local\Android\Sdk\platform-tools\adb.exe -P 5037 -s emulator-5554 shell pm list instrumentation'
&amp#27;[38;5;186m[aaacded9]&amp#27;[0m&amp#27;[38;5;-184m[AndroidUiautomator2Driver@5929]&amp#27;[0m Instrumentation target 'io.appium.uiautomator2.server.test/androidx.test.runner.AndroidJUnitRunner' is available
&amp#27;[38;5;186m[aaacded9]&amp#27;[0m&amp#27;[38;5;229m[ADB]&amp#27;[0m Adding packages ["io.appium.settings","io.appium.uiautomator2.server","io.appium.uiautomator2.server.test"] to Doze whitelist
&amp#27;[38;5;186m[aaacded9]&amp#27;[0m&amp#27;[38;5;229m[ADB]&amp#27;[0m Got the following command chunks to execute: [["dumpsys","deviceidle","whitelist","+io.appium.settings",";","dumpsys","deviceidle","whitelist","+io.appium.uiautomator2.server",";","dumpsys","deviceidle","whitelist","+io.appium.uiautomator2.server.test",";"]]
&amp#27;[38;5;186m[aaacded9]&amp#27;[0m&amp#27;[38;5;229m[ADB]&amp#27;[0m Running 'C:\Users\User1\AppData\Local\Android\Sdk\platform-tools\adb.exe -P 5037 -s emulator-5554 shell dumpsys deviceidle whitelist +io.appium.settings ; dumpsys deviceidle whitelist +io.appium.uiautomator2.server ; dumpsys deviceidle whitelist +io.appium.uiautomator2.server.test ;'
&amp#27;[38;5;186m[aaacded9]&amp#27;[0m&amp#27;[38;5;229m[ADB]&amp#27;[0m apksigner stdout: Signer #1 certificate DN: C=US, O=Android, CN=Android Debug
Signer #1 certificate SHA-256 digest: f5f5931c019be6bff8a26255f76ae9ef8a8e631d2a702ec10e91110231549eef
Signer #1 certificate SHA-1 digest: b250161db8b5d0a1bd39154c9fd749bdad79c1a3
Signer #1 certificate MD5 digest: 7a5550323d84472ca25a0861c63e0a6c

&amp#27;[38;5;186m[aaacded9]&amp#27;[0m&amp#27;[38;5;229m[ADB]&amp#27;[0m 'C:\Users\User1\eclipse-workspace\eCommerceFramework//src//main//resources//General-Store.apk' is signed with a non-default certificate
&amp#27;[38;5;186m[aaacded9]&amp#27;[0m&amp#27;[38;5;229m[ADB]&amp#27;[0m Getting package info for 'com.androidsample.generalstore'
&amp#27;[38;5;186m[aaacded9]&amp#27;[0m&amp#27;[38;5;229m[ADB]&amp#27;[0m Running 'C:\Users\User1\AppData\Local\Android\Sdk\platform-tools\adb.exe -P 5037 -s emulator-5554 shell dumpsys package com.androidsample.generalstore'
&amp#27;[38;5;186m[aaacded9]&amp#27;[0m&amp#27;[38;5;229m[ADB]&amp#27;[0m Reading package manifest: 'C:\\Users\\User1\\AppData\\Local\\Android\\Sdk\\build-tools\\36.0.0-rc1\\aapt2.exe dump badging C:\\Users\\User1\\eclipse-workspace\\eCommerceFramework//src//main//resources//General-Store.apk'
&amp#27;[38;5;186m[aaacded9]&amp#27;[0m&amp#27;[38;5;229m[ADB]&amp#27;[0m The version name of the installed 'com.androidsample.generalstore' is greater or equal to the application version name ('1.0.0' >= '1.0.0')
&amp#27;[38;5;186m[aaacded9]&amp#27;[0m&amp#27;[38;5;229m[ADB]&amp#27;[0m There is no need to install/upgrade 'C:\Users\User1\eclipse-workspace\eCommerceFramework//src//main//resources//General-Store.apk'
&amp#27;[38;5;186m[aaacded9]&amp#27;[0m&amp#27;[38;5;-184m[AndroidUiautomator2Driver@5929]&amp#27;[0m Performing fast reset on 'com.androidsample.generalstore'
&amp#27;[38;5;186m[aaacded9]&amp#27;[0m&amp#27;[38;5;229m[ADB]&amp#27;[0m Getting install status for com.androidsample.generalstore
&amp#27;[38;5;186m[aaacded9]&amp#27;[0m&amp#27;[38;5;229m[ADB]&amp#27;[0m Running 'C:\Users\User1\AppData\Local\Android\Sdk\platform-tools\adb.exe -P 5037 -s emulator-5554 shell cmd package list packages'
&amp#27;[38;5;186m[aaacded9]&amp#27;[0m&amp#27;[38;5;229m[ADB]&amp#27;[0m 'com.androidsample.generalstore' is installed
&amp#27;[38;5;186m[aaacded9]&amp#27;[0m&amp#27;[38;5;229m[ADB]&amp#27;[0m Running 'C:\Users\User1\AppData\Local\Android\Sdk\platform-tools\adb.exe -P 5037 -s emulator-5554 shell am force-stop com.androidsample.generalstore'
&amp#27;[38;5;186m[aaacded9]&amp#27;[0m&amp#27;[38;5;229m[ADB]&amp#27;[0m Running 'C:\Users\User1\AppData\Local\Android\Sdk\platform-tools\adb.exe -P 5037 -s emulator-5554 shell pm clear com.androidsample.generalstore'
&amp#27;[38;5;186m[aaacded9]&amp#27;[0m&amp#27;[38;5;-184m[AndroidUiautomator2Driver@5929]&amp#27;[0m Performed fast reset on the installed 'com.androidsample.generalstore' application (stop and clear)
&amp#27;[38;5;186m[aaacded9]&amp#27;[0m&amp#27;[38;5;-184m[AndroidUiautomator2Driver@5929]&amp#27;[0m Performing shallow cleanup of automation leftovers
&amp#27;[38;5;186m[aaacded9]&amp#27;[0m&amp#27;[38;5;-184m[AndroidUiautomator2Driver@5929]&amp#27;[0m No obsolete sessions have been detected (socket hang up)
&amp#27;[38;5;186m[aaacded9]&amp#27;[0m&amp#27;[38;5;229m[ADB]&amp#27;[0m Running 'C:\Users\User1\AppData\Local\Android\Sdk\platform-tools\adb.exe -P 5037 -s emulator-5554 shell am force-stop io.appium.uiautomator2.server'
&amp#27;[38;5;186m[aaacded9]&amp#27;[0m&amp#27;[38;5;229m[ADB]&amp#27;[0m Running 'C:\Users\User1\AppData\Local\Android\Sdk\platform-tools\adb.exe -P 5037 -s emulator-5554 shell am force-stop io.appium.uiautomator2.server.test'
&amp#27;[38;5;186m[aaacded9]&amp#27;[0m&amp#27;[38;5;-184m[AndroidUiautomator2Driver@5929]&amp#27;[0m Starting UIAutomator2 server 7.0.25
&amp#27;[38;5;186m[aaacded9]&amp#27;[0m&amp#27;[38;5;-184m[AndroidUiautomator2Driver@5929]&amp#27;[0m Using UIAutomator2 server from 'C:\Users\User1\.appium\node_modules\appium-uiautomator2-driver\node_modules\appium-uiautomator2-server\apks\appium-uiautomator2-server-v7.0.25.apk' and test from 'C:\Users\User1\.appium\node_modules\appium-uiautomator2-driver\node_modules\appium-uiautomator2-server\apks\appium-uiautomator2-server-debug-androidTest.apk'
&amp#27;[38;5;186m[aaacded9]&amp#27;[0m&amp#27;[38;5;-184m[AndroidUiautomator2Driver@5929]&amp#27;[0m Waiting up to 30000ms for UiAutomator2 to be online...
&amp#27;[38;5;186m[aaacded9]&amp#27;[0m&amp#27;[38;5;229m[ADB]&amp#27;[0m Creating ADB subprocess with args: ["-P","5037","-s","emulator-5554","shell","am","instrument","-w","-e","disableAnalytics","true","io.appium.uiautomator2.server.test/androidx.test.runner.AndroidJUnitRunner"]
&amp#27;[38;5;186m[aaacded9]&amp#27;[0m&amp#27;[38;5;-184m[AndroidUiautomator2Driver@5929]&amp#27;[0m Matched '/status' to command name 'getStatus'
&amp#27;[38;5;186m[aaacded9]&amp#27;[0m&amp#27;[38;5;-184m[AndroidUiautomator2Driver@5929]&amp#27;[0m Proxying [GET /status] to [GET http://127.0.0.1:8201/status] with no body
&amp#27;[38;5;186m[aaacded9]&amp#27;[0m&amp#27;[38;5;-184m[AndroidUiautomator2Driver@5929]&amp#27;[0m socket hang up
&amp#27;[38;5;186m[aaacded9]&amp#27;[0m&amp#27;[38;5;-184m[AndroidUiautomator2Driver@5929]&amp#27;[0m Matched '/status' to command name 'getStatus'
&amp#27;[38;5;186m[aaacded9]&amp#27;[0m&amp#27;[38;5;-184m[AndroidUiautomator2Driver@5929]&amp#27;[0m Proxying [GET /status] to [GET http://127.0.0.1:8201/status] with no body
&amp#27;[38;5;186m[aaacded9]&amp#27;[0m&amp#27;[38;5;-184m[AndroidUiautomator2Driver@5929]&amp#27;[0m socket hang up
&amp#27;[38;5;186m[aaacded9]&amp#27;[0m&amp#27;[38;5;-184m[AndroidUiautomator2Driver@5929]&amp#27;[0m [Instrumentation] 
&amp#27;[38;5;186m[aaacded9]&amp#27;[0m&amp#27;[38;5;-184m[AndroidUiautomator2Driver@5929]&amp#27;[0m Matched '/status' to command name 'getStatus'
&amp#27;[38;5;186m[aaacded9]&amp#27;[0m&amp#27;[38;5;-184m[AndroidUiautomator2Driver@5929]&amp#27;[0m Proxying [GET /status] to [GET http://127.0.0.1:8201/status] with no body
&amp#27;[38;5;186m[aaacded9]&amp#27;[0m&amp#27;[38;5;-184m[AndroidUiautomator2Driver@5929]&amp#27;[0m socket hang up
&amp#27;[38;5;186m[aaacded9]&amp#27;[0m&amp#27;[38;5;-184m[AndroidUiautomator2Driver@5929]&amp#27;[0m Matched '/status' to command name 'getStatus'
&amp#27;[38;5;186m[aaacded9]&amp#27;[0m&amp#27;[38;5;-184m[AndroidUiautomator2Driver@5929]&amp#27;[0m Proxying [GET /status] to [GET http://127.0.0.1:8201/status] with no body
&amp#27;[38;5;186m[aaacded9]&amp#27;[0m&amp#27;[38;5;-184m[AndroidUiautomator2Driver@5929]&amp#27;[0m Got response with status 200: {"sessionId":"None","value":{"message":"UiAutomator2 Server is ready to accept commands","ready":true}}
&amp#27;[38;5;186m[aaacded9]&amp#27;[0m&amp#27;[38;5;-184m[AndroidUiautomator2Driver@5929]&amp#27;[0m The initialization of the instrumentation process took 3338ms
&amp#27;[38;5;186m[aaacded9]&amp#27;[0m&amp#27;[38;5;-184m[AndroidUiautomator2Driver@5929]&amp#27;[0m Matched '/session' to command name 'createSession'
&amp#27;[38;5;186m[aaacded9]&amp#27;[0m&amp#27;[38;5;-184m[AndroidUiautomator2Driver@5929]&amp#27;[0m Proxying [POST /session] to [POST http://127.0.0.1:8201/session] with body: {"capabilities":{"firstMatch":[{"platformName":"ANDROID","chromedriverExecutable":"C://Users//User1//Downloads//chromedriver-win64//chromedriver-win64//chromedriver.exe","deviceName":"emulator-5554","automationName":"UIAutomator2","app":"C:\\Users\\User1\\eclipse-workspace\\eCommerceFramework//src//main//resources//General-Store.apk","platform":"LINUX","webStorageEnabled":false,"takesScreenshot":true,"javascriptEnabled":true,"databaseEnabled":false,"networkConnectionEnabled":true,"locationContextEnabled":false,"warnings":{},"desired":{"platformName":"ANDROID","chromedriverExecutable":"C://Users//User1//Downloads//chromedriver-win64//chromedriver-win64//chromedriver.exe","deviceName":"Rajemulator","automationName":"UIAutomator2","app":"C:\\Users\\User1\\eclipse-workspace\\eCommerceFramework//src//main//resources//General-Store.apk"},"deviceUDID":"emulator-5554","appPackage":"com.androidsample.generalstore"}],"alwaysMatch":{}}}
&amp#27;[38;5;186m[aaacded9]&amp#27;[0m&amp#27;[38;5;-184m[AndroidUiautomator2Driver@5929]&amp#27;[0m Got response with status 200: {"sessionId":"e09975f1-5abd-458f-8fb8-dd1797dffa05","value":{"capabilities":{"firstMatch":[{"platformName":"ANDROID","chromedriverExecutable":"C://Users//User1//Downloads//chromedriver-win64//chromedriver-win64//chromedriver.exe","deviceName":"emulator-5554","automationName":"UIAutomator2","app":"C:\\Users\\User1\\eclipse-workspace\\eCommerceFramework//src//main//resources//General-Store.apk","platform":"LINUX","webStorageEnabled":false,"takesScreenshot":true,"javascriptEnabled":true,"databaseEnabled":false,"networkConnectionEnabled":true,"locationContextEnabled":false,"warnings":{},"desired":{"platformName":"ANDROID","chromedriverExecutable":"C://Users//User1//Downloads//chromedriver-win64//chromedriver-win64//chromedriver.exe","deviceName":"Rajemulator","automationName":"UIAutomator2","app":"C:\\Users\\User1\\eclipse-workspace\\eCommerceFramework//src//main//resources//General-Store.apk"},"deviceUDID":"emulator-5554","appPackage":"com.androidsample.generalstore"}],"alwaysMatch":{}},"sessionId":"e09975f1-...
&amp#27;[38;5;186m[aaacded9]&amp#27;[0m&amp#27;[38;5;-184m[AndroidUiautomator2Driver@5929]&amp#27;[0m Determined the downstream protocol as 'W3C'
&amp#27;[38;5;186m[aaacded9]&amp#27;[0m&amp#27;[38;5;-184m[AndroidUiautomator2Driver@5929]&amp#27;[0m Proxying [GET /appium/device/pixel_ratio] to [GET http://127.0.0.1:8201/session/e09975f1-5abd-458f-8fb8-dd1797dffa05/appium/device/pixel_ratio] with no body
&amp#27;[38;5;186m[aaacded9]&amp#27;[0m&amp#27;[38;5;-184m[AndroidUiautomator2Driver@5929]&amp#27;[0m Matched '/appium/device/system_bars' to command name 'getSystemBars'
&amp#27;[38;5;186m[aaacded9]&amp#27;[0m&amp#27;[38;5;-184m[AndroidUiautomator2Driver@5929]&amp#27;[0m Proxying [GET /appium/device/system_bars] to [GET http://127.0.0.1:8201/session/e09975f1-5abd-458f-8fb8-dd1797dffa05/appium/device/system_bars] with no body
&amp#27;[38;5;186m[aaacded9]&amp#27;[0m&amp#27;[38;5;-184m[AndroidUiautomator2Driver@5929]&amp#27;[0m Matched '/window/current/size' to command name 'getWindowSize'
&amp#27;[38;5;186m[aaacded9]&amp#27;[0m&amp#27;[38;5;-184m[AndroidUiautomator2Driver@5929]&amp#27;[0m Proxying [GET /window/current/size] to [GET http://127.0.0.1:8201/session/e09975f1-5abd-458f-8fb8-dd1797dffa05/window/current/size] with no body
&amp#27;[38;5;186m[aaacded9]&amp#27;[0m&amp#27;[38;5;-184m[AndroidUiautomator2Driver@5929]&amp#27;[0m Proxying [GET /appium/device/info] to [GET http://127.0.0.1:8201/session/e09975f1-5abd-458f-8fb8-dd1797dffa05/appium/device/info] with no body
&amp#27;[38;5;186m[aaacded9]&amp#27;[0m&amp#27;[38;5;229m[ADB]&amp#27;[0m Running 'C:\Users\User1\AppData\Local\Android\Sdk\platform-tools\adb.exe -P 5037 -s emulator-5554 shell dumpsys window'
&amp#27;[38;5;186m[aaacded9]&amp#27;[0m&amp#27;[38;5;229m[ADB]&amp#27;[0m Running 'C:\Users\User1\AppData\Local\Android\Sdk\platform-tools\adb.exe -P 5037 -s emulator-5554 shell dumpsys power'
&amp#27;[38;5;186m[aaacded9]&amp#27;[0m&amp#27;[38;5;-184m[AndroidUiautomator2Driver@5929]&amp#27;[0m Got response with status 200: {"sessionId":"e09975f1-5abd-458f-8fb8-dd1797dffa05","value":2.75}
&amp#27;[38;5;186m[aaacded9]&amp#27;[0m&amp#27;[38;5;-184m[AndroidUiautomator2Driver@5929]&amp#27;[0m Got response with status 200: {"sessionId":"e09975f1-5abd-458f-8fb8-dd1797dffa05","value":{"statusBar":66}}
&amp#27;[38;5;186m[aaacded9]&amp#27;[0m&amp#27;[38;5;-184m[AndroidUiautomator2Driver@5929]&amp#27;[0m Got response with status 200: {"sessionId":"e09975f1-5abd-458f-8fb8-dd1797dffa05","value":{"height":2220,"width":1080}}
&amp#27;[38;5;186m[aaacded9]&amp#27;[0m&amp#27;[38;5;-184m[AndroidUiautomator2Driver@5929]&amp#27;[0m Got response with status 200: {"sessionId":"e09975f1-5abd-458f-8fb8-dd1797dffa05","value":{"androidId":"ccd4b39f6a24ddc3","apiVersion":"35","bluetooth":{"state":"OFF"},"brand":"google","carrierName":"T-Mobile","displayDensity":440,"locale":"en_US","manufacturer":"Google","model":"sdk_gphone64_x86_64","networks":[{"capabilities":{"SSID":null,"linkDownBandwidthKbps":4300,"linkUpstreamBandwidthKbps":1800,"networkCapabilities":"NET_CAPABILITY_MMS,NET_CAPABILITY_SUPL,NET_CAPABILITY_IA,NET_CAPABILITY_XCAP,NET_CAPABILITY_INTERNET,NET_CAPABILITY_NOT_RESTRICTED,NET_CAPABILITY_TRUSTED,NET_CAPABILITY_NOT_VPN,NET_CAPABILITY_VALIDATED,NET_CAPABILITY_NOT_ROAMING,NET_CAPABILITY_NOT_CONGESTED,NET_CAPABILITY_NOT_SUSPENDED","signalStrength":-2147483648,"transportTypes":"TRANSPORT_CELLULAR"},"detailedState":"CONNECTED","extraInfo":"fast.t-mobile.com","isAvailable":true,"isConnected":true,"isFailover":false,"isRoaming":false,"state":"CONNECTED","subtype":10,"subtypeName":"HSPA","type":0,"typeName":"MOBILE"},{"capabilities":{"SSID":null,"linkDownBandwidthK...
&amp#27;[38;5;186m[aaacded9]&amp#27;[0m&amp#27;[38;5;-184m[AndroidUiautomator2Driver@5929]&amp#27;[0m Screen already unlocked, doing nothing
&amp#27;[38;5;186m[aaacded9]&amp#27;[0m&amp#27;[38;5;-184m[AndroidUiautomator2Driver@5929]&amp#27;[0m Starting 'com.androidsample.generalstore/com.androidsample.generalstore.SplashActivity and waiting for 'com.androidsample.generalstore/com.androidsample.generalstore.SplashActivity'
&amp#27;[38;5;186m[aaacded9]&amp#27;[0m&amp#27;[38;5;229m[ADB]&amp#27;[0m Running 'C:\Users\User1\AppData\Local\Android\Sdk\platform-tools\adb.exe -P 5037 -s emulator-5554 shell am start -W -n com.androidsample.generalstore/com.androidsample.generalstore.SplashActivity -S -a android.intent.action.MAIN -c android.intent.category.LAUNCHER -f 0x10200000'
&amp#27;[38;5;186m[aaacded9]&amp#27;[0m&amp#27;[38;5;229m[ADB]&amp#27;[0m Waiting up to 20000ms for activity matching pkg: 'com.androidsample.generalstore' and activity: 'com.androidsample.generalstore.SplashActivity' to be focused
&amp#27;[38;5;186m[aaacded9]&amp#27;[0m&amp#27;[38;5;229m[ADB]&amp#27;[0m Possible activities, to be checked: 'com.androidsample.generalstore.SplashActivity', 'com.androidsample.generalstore.com.androidsample.generalstore.SplashActivity'
&amp#27;[38;5;186m[aaacded9]&amp#27;[0m&amp#27;[38;5;229m[ADB]&amp#27;[0m Getting focused package and activity
&amp#27;[38;5;186m[aaacded9]&amp#27;[0m&amp#27;[38;5;229m[ADB]&amp#27;[0m Running 'C:\Users\User1\AppData\Local\Android\Sdk\platform-tools\adb.exe -P 5037 -s emulator-5554 shell dumpsys window displays'
&amp#27;[38;5;186m[aaacded9]&amp#27;[0m&amp#27;[38;5;229m[ADB]&amp#27;[0m Found package: 'com.androidsample.generalstore' and fully qualified activity name : 'com.androidsample.generalstore.SplashActivity'
&amp#27;[38;5;186m[aaacded9]&amp#27;[0m&amp#27;[38;5;166m[AppiumDriver@23fa]&amp#27;[0m New AndroidUiautomator2Driver session created successfully, session aaacded9-ed67-4952-8fbe-f01ca5eb417b added to master session list
&amp#27;[38;5;186m[aaacded9]&amp#27;[0m&amp#27;[38;5;166m[AppiumDriver@23fa]&amp#27;[0m Event 'newSessionStarted' logged at 1744634987493 (18:19:47 GMT+0530 (India Standard Time))
&amp#27;[38;5;186m[aaacded9]&amp#27;[0m&amp#27;[38;5;-184m[AndroidUiautomator2Driver@5929]&amp#27;[0m Cached the protocol value 'W3C' for the new session aaacded9-ed67-4952-8fbe-f01ca5eb417b
&amp#27;[38;5;186m[aaacded9]&amp#27;[0m&amp#27;[38;5;-184m[AndroidUiautomator2Driver@5929]&amp#27;[0m Responding to client with driver.createSession() result: {"capabilities":{"platformName":"ANDROID","chromedriverExecutable":"C://Users//User1//Downloads//chromedriver-win64//chromedriver-win64//chromedriver.exe","deviceName":"emulator-5554","automationName":"UIAutomator2","app":"C:\\Users\\User1\\eclipse-workspace\\eCommerceFramework//src//main//resources//General-Store.apk","platform":"LINUX","webStorageEnabled":false,"takesScreenshot":true,"javascriptEnabled":true,"databaseEnabled":false,"networkConnectionEnabled":true,"locationContextEnabled":false,"warnings":{},"desired":{"platformName":"ANDROID","chromedriverExecutable":"C://Users//User1//Downloads//chromedriver-win64//chromedriver-win64//chromedriver.exe","deviceName":"Rajemulator","automationName":"UIAutomator2","app":"C:\\Users\\User1\\eclipse-workspace\\eCommerceFramework//src//main//resources//General-Store.apk"},"deviceUDID":"emulator-5554","appPackage":"com.androidsample.generalstore","pixelRatio":"2.75","statBarHeight":66,"viewportRect":{"left":0,"top":66,"width":1080,"height":2154},"deviceApiLevel"...
&amp#27;[38;5;186m[aaacded9]&amp#27;[0m&amp#27;[38;5;86m[HTTP]&amp#27;[0m &amp#27;[37m<-- POST /session &amp#27;[39m&amp#27;[32m200&amp#27;[39m &amp#27;[90m8120 ms - 1233&amp#27;[39m &amp#27;[90m&amp#27;[39m
Test Started: verifyAppTitle
&amp#27;[38;5;186m[aaacded9]&amp#27;[0m&amp#27;[38;5;86m[HTTP]&amp#27;[0m &amp#27;[37m-->&amp#27;[39m &amp#27;[37mGET&amp#27;[39m &amp#27;[37m/session/aaacded9-ed67-4952-8fbe-f01ca5eb417b/context&amp#27;[39m &amp#27;[90m{}&amp#27;[39m
&amp#27;[38;5;186m[aaacded9]&amp#27;[0m&amp#27;[38;5;-184m[AndroidUiautomator2Driver@5929]&amp#27;[0m Calling AppiumDriver.getCurrentContext() with args: ["aaacded9-ed67-4952-8fbe-f01ca5eb417b"]
&amp#27;[38;5;186m[aaacded9]&amp#27;[0m&amp#27;[38;5;-184m[AndroidUiautomator2Driver@5929]&amp#27;[0m Responding to client with driver.getCurrentContext() result: "NATIVE_APP"
&amp#27;[38;5;186m[aaacded9]&amp#27;[0m&amp#27;[38;5;86m[HTTP]&amp#27;[0m &amp#27;[37m<-- GET /session/aaacded9-ed67-4952-8fbe-f01ca5eb417b/context &amp#27;[39m&amp#27;[32m200&amp#27;[39m &amp#27;[90m12 ms - 22&amp#27;[39m &amp#27;[90m&amp#27;[39m
&amp#27;[38;5;186m[aaacded9]&amp#27;[0m&amp#27;[38;5;86m[HTTP]&amp#27;[0m &amp#27;[37m-->&amp#27;[39m &amp#27;[37mPOST&amp#27;[39m &amp#27;[37m/session/aaacded9-ed67-4952-8fbe-f01ca5eb417b/element&amp#27;[39m &amp#27;[90m{"using":"id","value":"com.androidsample.generalstore:id/toolbar_title"}&amp#27;[39m
&amp#27;[38;5;186m[aaacded9]&amp#27;[0m&amp#27;[38;5;-184m[AndroidUiautomator2Driver@5929]&amp#27;[0m Calling AppiumDriver.findElement() with args: ["id","com.androidsample.generalstore:id/toolbar_title","aaacded9-ed67-4952-8fbe-f01ca5eb417b"]
&amp#27;[38;5;186m[aaacded9]&amp#27;[0m&amp#27;[38;5;-184m[AndroidUiautomator2Driver@5929]&amp#27;[0m Valid locator strategies for this request: xpath, id, class name, accessibility id, css selector, -android uiautomator
&amp#27;[38;5;186m[aaacded9]&amp#27;[0m&amp#27;[38;5;-184m[AndroidUiautomator2Driver@5929]&amp#27;[0m Waiting up to 0 ms for condition
&amp#27;[38;5;186m[aaacded9]&amp#27;[0m&amp#27;[38;5;-184m[AndroidUiautomator2Driver@5929]&amp#27;[0m Matched '/element' to command name 'findElement'
&amp#27;[38;5;186m[aaacded9]&amp#27;[0m&amp#27;[38;5;-184m[AndroidUiautomator2Driver@5929]&amp#27;[0m Proxying [POST /element] to [POST http://127.0.0.1:8201/session/e09975f1-5abd-458f-8fb8-dd1797dffa05/element] with body: {"strategy":"id","selector":"com.androidsample.generalstore:id/toolbar_title","context":"","multiple":false}
&amp#27;[38;5;186m[aaacded9]&amp#27;[0m&amp#27;[38;5;-184m[AndroidUiautomator2Driver@5929]&amp#27;[0m Got response with status 404: {"sessionId":"e09975f1-5abd-458f-8fb8-dd1797dffa05","value":{"error":"no such element","message":"An element could not be located on the page using the given search parameters","stacktrace":"io.appium.uiautomator2.common.exceptions.ElementNotFoundException: An element could not be located on the page using the given search parameters\n\tat io.appium.uiautomator2.handler.FindElement.safeHandle(FindElement.java:63)\n\tat io.appium.uiautomator2.handler.request.SafeRequestHandler.handle(SafeRequestHandler.java:59)\n\tat io.appium.uiautomator2.server.AppiumServlet.handleRequest(AppiumServlet.java:259)\n\tat io.appium.uiautomator2.server.AppiumServlet.handleHttpRequest(AppiumServlet.java:253)\n\tat io.appium.uiautomator2.http.ServerHandler.channelRead(ServerHandler.java:77)\n\tat io.netty.channel.AbstractChannelHandlerContext.invokeChannelRead(AbstractChannelHandlerContext.java:366)\n\tat io.netty.channel.AbstractChannelHandlerContext.invokeChannelRead(AbstractChannelHandlerContext.java:352)\n\tat io.netty.chann...
&amp#27;[38;5;186m[aaacded9]&amp#27;[0m&amp#27;[38;5;123m[W3C]&amp#27;[0m Matched W3C error code 'no such element' to NoSuchElementError
&amp#27;[38;5;186m[aaacded9]&amp#27;[0m&amp#27;[38;5;-184m[AndroidUiautomator2Driver@5929]&amp#27;[0m Encountered internal error running command: NoSuchElementError: An element could not be located on the page using the given search parameters.
    at AndroidUiautomator2Driver.findElOrEls (C:\Users\User1\.appium\node_modules\appium-uiautomator2-driver\node_modules\appium-android-driver\lib\commands\find.ts:86:11)
    at processTicksAndRejections (node:internal/process/task_queues:95:5)
    at AndroidUiautomator2Driver.findElOrElsWithProcessing (C:\Users\User1\AppData\Roaming\npm\node_modules\appium\node_modules\@appium\base-driver\lib\basedriver\commands\find.ts:60:12)
    at AndroidUiautomator2Driver.findElement (C:\Users\User1\AppData\Roaming\npm\node_modules\appium\node_modules\@appium\base-driver\lib\basedriver\commands\find.ts:75:12)
&amp#27;[38;5;186m[aaacded9]&amp#27;[0m&amp#27;[38;5;86m[HTTP]&amp#27;[0m &amp#27;[37m<-- POST /session/aaacded9-ed67-4952-8fbe-f01ca5eb417b/element &amp#27;[39m&amp#27;[33m404&amp#27;[39m &amp#27;[90m667 ms - 890&amp#27;[39m &amp#27;[90m&amp#27;[39m
&amp#27;[38;5;186m[aaacded9]&amp#27;[0m&amp#27;[38;5;86m[HTTP]&amp#27;[0m &amp#27;[37m-->&amp#27;[39m &amp#27;[37mPOST&amp#27;[39m &amp#27;[37m/session/aaacded9-ed67-4952-8fbe-f01ca5eb417b/element&amp#27;[39m &amp#27;[90m{"using":"id","value":"com.androidsample.generalstore:id/toolbar_title"}&amp#27;[39m
&amp#27;[38;5;186m[aaacded9]&amp#27;[0m&amp#27;[38;5;-184m[AndroidUiautomator2Driver@5929]&amp#27;[0m Calling AppiumDriver.findElement() with args: ["id","com.androidsample.generalstore:id/toolbar_title","aaacded9-ed67-4952-8fbe-f01ca5eb417b"]
&amp#27;[38;5;186m[aaacded9]&amp#27;[0m&amp#27;[38;5;-184m[AndroidUiautomator2Driver@5929]&amp#27;[0m Valid locator strategies for this request: xpath, id, class name, accessibility id, css selector, -android uiautomator
&amp#27;[38;5;186m[aaacded9]&amp#27;[0m&amp#27;[38;5;-184m[AndroidUiautomator2Driver@5929]&amp#27;[0m Waiting up to 0 ms for condition
&amp#27;[38;5;186m[aaacded9]&amp#27;[0m&amp#27;[38;5;-184m[AndroidUiautomator2Driver@5929]&amp#27;[0m Matched '/element' to command name 'findElement'
&amp#27;[38;5;186m[aaacded9]&amp#27;[0m&amp#27;[38;5;-184m[AndroidUiautomator2Driver@5929]&amp#27;[0m Proxying [POST /element] to [POST http://127.0.0.1:8201/session/e09975f1-5abd-458f-8fb8-dd1797dffa05/element] with body: {"strategy":"id","selector":"com.androidsample.generalstore:id/toolbar_title","context":"","multiple":false}
&amp#27;[38;5;186m[aaacded9]&amp#27;[0m&amp#27;[38;5;-184m[AndroidUiautomator2Driver@5929]&amp#27;[0m Got response with status 404: {"sessionId":"e09975f1-5abd-458f-8fb8-dd1797dffa05","value":{"error":"no such element","message":"An element could not be located on the page using the given search parameters","stacktrace":"io.appium.uiautomator2.common.exceptions.ElementNotFoundException: An element could not be located on the page using the given search parameters\n\tat io.appium.uiautomator2.handler.FindElement.safeHandle(FindElement.java:63)\n\tat io.appium.uiautomator2.handler.request.SafeRequestHandler.handle(SafeRequestHandler.java:59)\n\tat io.appium.uiautomator2.server.AppiumServlet.handleRequest(AppiumServlet.java:259)\n\tat io.appium.uiautomator2.server.AppiumServlet.handleHttpRequest(AppiumServlet.java:253)\n\tat io.appium.uiautomator2.http.ServerHandler.channelRead(ServerHandler.java:77)\n\tat io.netty.channel.AbstractChannelHandlerContext.invokeChannelRead(AbstractChannelHandlerContext.java:366)\n\tat io.netty.channel.AbstractChannelHandlerContext.invokeChannelRead(AbstractChannelHandlerContext.java:352)\n\tat io.netty.chann...
&amp#27;[38;5;186m[aaacded9]&amp#27;[0m&amp#27;[38;5;123m[W3C]&amp#27;[0m Matched W3C error code 'no such element' to NoSuchElementError
&amp#27;[38;5;186m[aaacded9]&amp#27;[0m&amp#27;[38;5;-184m[AndroidUiautomator2Driver@5929]&amp#27;[0m Encountered internal error running command: NoSuchElementError: An element could not be located on the page using the given search parameters.
    at AndroidUiautomator2Driver.findElOrEls (C:\Users\User1\.appium\node_modules\appium-uiautomator2-driver\node_modules\appium-android-driver\lib\commands\find.ts:86:11)
    at processTicksAndRejections (node:internal/process/task_queues:95:5)
    at AndroidUiautomator2Driver.findElOrElsWithProcessing (C:\Users\User1\AppData\Roaming\npm\node_modules\appium\node_modules\@appium\base-driver\lib\basedriver\commands\find.ts:60:12)
    at AndroidUiautomator2Driver.findElement (C:\Users\User1\AppData\Roaming\npm\node_modules\appium\node_modules\@appium\base-driver\lib\basedriver\commands\find.ts:75:12)
&amp#27;[38;5;186m[aaacded9]&amp#27;[0m&amp#27;[38;5;86m[HTTP]&amp#27;[0m &amp#27;[37m<-- POST /session/aaacded9-ed67-4952-8fbe-f01ca5eb417b/element &amp#27;[39m&amp#27;[33m404&amp#27;[39m &amp#27;[90m40 ms - 890&amp#27;[39m &amp#27;[90m&amp#27;[39m
&amp#27;[38;5;186m[aaacded9]&amp#27;[0m&amp#27;[38;5;86m[HTTP]&amp#27;[0m &amp#27;[37m-->&amp#27;[39m &amp#27;[37mPOST&amp#27;[39m &amp#27;[37m/session/aaacded9-ed67-4952-8fbe-f01ca5eb417b/element&amp#27;[39m &amp#27;[90m{"using":"id","value":"com.androidsample.generalstore:id/toolbar_title"}&amp#27;[39m
&amp#27;[38;5;186m[aaacded9]&amp#27;[0m&amp#27;[38;5;-184m[AndroidUiautomator2Driver@5929]&amp#27;[0m Calling AppiumDriver.findElement() with args: ["id","com.androidsample.generalstore:id/toolbar_title","aaacded9-ed67-4952-8fbe-f01ca5eb417b"]
&amp#27;[38;5;186m[aaacded9]&amp#27;[0m&amp#27;[38;5;-184m[AndroidUiautomator2Driver@5929]&amp#27;[0m Valid locator strategies for this request: xpath, id, class name, accessibility id, css selector, -android uiautomator
&amp#27;[38;5;186m[aaacded9]&amp#27;[0m&amp#27;[38;5;-184m[AndroidUiautomator2Driver@5929]&amp#27;[0m Waiting up to 0 ms for condition
&amp#27;[38;5;186m[aaacded9]&amp#27;[0m&amp#27;[38;5;-184m[AndroidUiautomator2Driver@5929]&amp#27;[0m Matched '/element' to command name 'findElement'
&amp#27;[38;5;186m[aaacded9]&amp#27;[0m&amp#27;[38;5;-184m[AndroidUiautomator2Driver@5929]&amp#27;[0m Proxying [POST /element] to [POST http://127.0.0.1:8201/session/e09975f1-5abd-458f-8fb8-dd1797dffa05/element] with body: {"strategy":"id","selector":"com.androidsample.generalstore:id/toolbar_title","context":"","multiple":false}
&amp#27;[38;5;186m[aaacded9]&amp#27;[0m&amp#27;[38;5;-184m[AndroidUiautomator2Driver@5929]&amp#27;[0m Got response with status 404: {"sessionId":"e09975f1-5abd-458f-8fb8-dd1797dffa05","value":{"error":"no such element","message":"An element could not be located on the page using the given search parameters","stacktrace":"io.appium.uiautomator2.common.exceptions.ElementNotFoundException: An element could not be located on the page using the given search parameters\n\tat io.appium.uiautomator2.handler.FindElement.safeHandle(FindElement.java:63)\n\tat io.appium.uiautomator2.handler.request.SafeRequestHandler.handle(SafeRequestHandler.java:59)\n\tat io.appium.uiautomator2.server.AppiumServlet.handleRequest(AppiumServlet.java:259)\n\tat io.appium.uiautomator2.server.AppiumServlet.handleHttpRequest(AppiumServlet.java:253)\n\tat io.appium.uiautomator2.http.ServerHandler.channelRead(ServerHandler.java:77)\n\tat io.netty.channel.AbstractChannelHandlerContext.invokeChannelRead(AbstractChannelHandlerContext.java:366)\n\tat io.netty.channel.AbstractChannelHandlerContext.invokeChannelRead(AbstractChannelHandlerContext.java:352)\n\tat io.netty.chann...
&amp#27;[38;5;186m[aaacded9]&amp#27;[0m&amp#27;[38;5;123m[W3C]&amp#27;[0m Matched W3C error code 'no such element' to NoSuchElementError
&amp#27;[38;5;186m[aaacded9]&amp#27;[0m&amp#27;[38;5;-184m[AndroidUiautomator2Driver@5929]&amp#27;[0m Encountered internal error running command: NoSuchElementError: An element could not be located on the page using the given search parameters.
    at AndroidUiautomator2Driver.findElOrEls (C:\Users\User1\.appium\node_modules\appium-uiautomator2-driver\node_modules\appium-android-driver\lib\commands\find.ts:86:11)
    at processTicksAndRejections (node:internal/process/task_queues:95:5)
    at AndroidUiautomator2Driver.findElOrElsWithProcessing (C:\Users\User1\AppData\Roaming\npm\node_modules\appium\node_modules\@appium\base-driver\lib\basedriver\commands\find.ts:60:12)
    at AndroidUiautomator2Driver.findElement (C:\Users\User1\AppData\Roaming\npm\node_modules\appium\node_modules\@appium\base-driver\lib\basedriver\commands\find.ts:75:12)
&amp#27;[38;5;186m[aaacded9]&amp#27;[0m&amp#27;[38;5;86m[HTTP]&amp#27;[0m &amp#27;[37m<-- POST /session/aaacded9-ed67-4952-8fbe-f01ca5eb417b/element &amp#27;[39m&amp#27;[33m404&amp#27;[39m &amp#27;[90m26 ms - 890&amp#27;[39m &amp#27;[90m&amp#27;[39m
Test Failed: verifyAppTitle
Error retrieving driver instance: driver
Driver is null, screenshot not captured
]]></system-out>
    <system-err><![CDATA[java.lang.NoSuchFieldException: driver
	at java.base/java.lang.Class.getDeclaredField(Class.java:2792)
	at utils.TestListener.onTestFailure(TestListener.java:32)
	at org.testng.internal.TestListenerHelper.runTestListeners(TestListenerHelper.java:115)
	at org.testng.internal.invokers.TestInvoker.runTestResultListener(TestInvoker.java:285)
	at org.testng.internal.invokers.TestInvoker.invokeMethod(TestInvoker.java:774)
	at org.testng.internal.invokers.TestInvoker.invokeTestMethod(TestInvoker.java:230)
	at org.testng.internal.invokers.MethodRunner.runInSequence(MethodRunner.java:63)
	at org.testng.internal.invokers.TestInvoker$MethodInvocationAgent.invoke(TestInvoker.java:992)
	at org.testng.internal.invokers.TestInvoker.invokeTestMethods(TestInvoker.java:203)
	at org.testng.internal.invokers.TestMethodWorker.invokeTestMethods(TestMethodWorker.java:154)
	at org.testng.internal.invokers.TestMethodWorker.run(TestMethodWorker.java:134)
	at java.base/java.util.ArrayList.forEach(ArrayList.java:1597)
	at org.testng.TestRunner.privateRun(TestRunner.java:739)
	at org.testng.TestRunner.run(TestRunner.java:614)
	at org.testng.SuiteRunner.runTest(SuiteRunner.java:421)
	at org.testng.SuiteRunner.runSequentially(SuiteRunner.java:413)
	at org.testng.SuiteRunner.privateRun(SuiteRunner.java:373)
	at org.testng.SuiteRunner.run(SuiteRunner.java:312)
	at org.testng.SuiteRunnerWorker.runSuite(SuiteRunnerWorker.java:52)
	at org.testng.SuiteRunnerWorker.run(SuiteRunnerWorker.java:95)
	at org.testng.TestNG.runSuitesSequentially(TestNG.java:1274)
	at org.testng.TestNG.runSuitesLocally(TestNG.java:1208)
	at org.testng.TestNG.runSuites(TestNG.java:1112)
	at org.testng.TestNG.run(TestNG.java:1079)
	at org.apache.maven.surefire.testng.TestNGExecutor.run(TestNGExecutor.java:308)
	at org.apache.maven.surefire.testng.TestNGXmlTestSuite.execute(TestNGXmlTestSuite.java:71)
	at org.apache.maven.surefire.testng.TestNGProvider.invoke(TestNGProvider.java:113)
	at org.apache.maven.surefire.booter.ForkedBooter.runSuitesInProcess(ForkedBooter.java:385)
	at org.apache.maven.surefire.booter.ForkedBooter.execute(ForkedBooter.java:162)
	at org.apache.maven.surefire.booter.ForkedBooter.run(ForkedBooter.java:507)
	at org.apache.maven.surefire.booter.ForkedBooter.main(ForkedBooter.java:495)
]]></system-err>
  </testcase>
  <testcase name="verifySubmitButtonEnable" classname="testCases.FormPageTest" time="4.472">
    <system-out><![CDATA[&amp#27;[38;5;186m[aaacded9]&amp#27;[0m&amp#27;[38;5;86m[HTTP]&amp#27;[0m &amp#27;[37m-->&amp#27;[39m &amp#27;[37mDELETE&amp#27;[39m &amp#27;[37m/session/aaacded9-ed67-4952-8fbe-f01ca5eb417b&amp#27;[39m &amp#27;[90m{}&amp#27;[39m
&amp#27;[38;5;186m[aaacded9]&amp#27;[0m&amp#27;[38;5;-184m[AndroidUiautomator2Driver@5929]&amp#27;[0m Calling AppiumDriver.deleteSession() with args: ["aaacded9-ed67-4952-8fbe-f01ca5eb417b"]
&amp#27;[38;5;186m[aaacded9]&amp#27;[0m&amp#27;[38;5;166m[AppiumDriver@23fa]&amp#27;[0m Event 'quitSessionRequested' logged at 1744634989308 (18:19:49 GMT+0530 (India Standard Time))
&amp#27;[38;5;186m[aaacded9]&amp#27;[0m&amp#27;[38;5;166m[AppiumDriver@23fa]&amp#27;[0m Removing session aaacded9-ed67-4952-8fbe-f01ca5eb417b from our master session list
&amp#27;[38;5;186m[aaacded9]&amp#27;[0m&amp#27;[38;5;-184m[AndroidUiautomator2Driver@5929]&amp#27;[0m Deleting UiAutomator2 session
&amp#27;[38;5;186m[aaacded9]&amp#27;[0m&amp#27;[38;5;-184m[AndroidUiautomator2Driver@5929]&amp#27;[0m Deleting UiAutomator2 server session
&amp#27;[38;5;186m[aaacded9]&amp#27;[0m&amp#27;[38;5;-184m[AndroidUiautomator2Driver@5929]&amp#27;[0m Matched '/' to command name 'deleteSession'
&amp#27;[38;5;186m[aaacded9]&amp#27;[0m&amp#27;[38;5;-184m[AndroidUiautomator2Driver@5929]&amp#27;[0m Proxying [DELETE /] to [DELETE http://127.0.0.1:8201/session/e09975f1-5abd-458f-8fb8-dd1797dffa05] with no body
&amp#27;[38;5;186m[aaacded9]&amp#27;[0m&amp#27;[38;5;-184m[AndroidUiautomator2Driver@5929]&amp#27;[0m Got response with status 200: {"sessionId":"e09975f1-5abd-458f-8fb8-dd1797dffa05","value":null}
&amp#27;[38;5;186m[aaacded9]&amp#27;[0m&amp#27;[38;5;-184m[AndroidUiautomator2Driver@5929]&amp#27;[0m [Instrumentation] io.appium.uiautomator2.server.test.AppiumUiAutomator2Server:
&amp#27;[38;5;186m[aaacded9]&amp#27;[0m&amp#27;[38;5;-184m[AndroidUiautomator2Driver@5929]&amp#27;[0m [Instrumentation] The process has exited with code null, signal SIGTERM
&amp#27;[38;5;186m[aaacded9]&amp#27;[0m&amp#27;[38;5;229m[ADB]&amp#27;[0m Running 'C:\Users\User1\AppData\Local\Android\Sdk\platform-tools\adb.exe -P 5037 -s emulator-5554 shell dumpsys activity services io.appium.settings/.recorder.RecorderService'
&amp#27;[38;5;186m[aaacded9]&amp#27;[0m&amp#27;[38;5;229m[ADB]&amp#27;[0m Running 'C:\Users\User1\AppData\Local\Android\Sdk\platform-tools\adb.exe -P 5037 -s emulator-5554 shell am force-stop com.androidsample.generalstore'
&amp#27;[38;5;186m[aaacded9]&amp#27;[0m&amp#27;[38;5;229m[ADB]&amp#27;[0m Removing forwarded port socket connection: 8201 
&amp#27;[38;5;186m[aaacded9]&amp#27;[0m&amp#27;[38;5;229m[ADB]&amp#27;[0m Running 'C:\Users\User1\AppData\Local\Android\Sdk\platform-tools\adb.exe -P 5037 -s emulator-5554 forward --remove tcp:8201'
&amp#27;[38;5;186m[aaacded9]&amp#27;[0m&amp#27;[38;5;-184m[AndroidUiautomator2Driver@5929]&amp#27;[0m Restoring hidden api policy to the device default configuration
&amp#27;[38;5;186m[aaacded9]&amp#27;[0m&amp#27;[38;5;229m[ADB]&amp#27;[0m Running 'C:\Users\User1\AppData\Local\Android\Sdk\platform-tools\adb.exe -P 5037 -s emulator-5554 shell 'settings delete global hidden_api_policy_pre_p_apps;settings delete global hidden_api_policy_p_apps;settings delete global hidden_api_policy''
&amp#27;[38;5;186m[aaacded9]&amp#27;[0m&amp#27;[38;5;160m[Logcat]&amp#27;[0m Stopping logcat capture
&amp#27;[38;5;186m[aaacded9]&amp#27;[0m&amp#27;[38;5;166m[AppiumDriver@23fa]&amp#27;[0m Event 'quitSessionFinished' logged at 1744634989838 (18:19:49 GMT+0530 (India Standard Time))
&amp#27;[38;5;186m[aaacded9]&amp#27;[0m&amp#27;[38;5;166m[AppiumDriver@23fa]&amp#27;[0m Received response: null
&amp#27;[38;5;186m[aaacded9]&amp#27;[0m&amp#27;[38;5;166m[AppiumDriver@23fa]&amp#27;[0m But deleting session, so not returning
&amp#27;[38;5;186m[aaacded9]&amp#27;[0m&amp#27;[38;5;166m[AppiumDriver@23fa]&amp#27;[0m Responding to client with driver.deleteSession() result: null
&amp#27;[38;5;186m[aaacded9]&amp#27;[0m&amp#27;[38;5;86m[HTTP]&amp#27;[0m &amp#27;[37m<-- DELETE /session/aaacded9-ed67-4952-8fbe-f01ca5eb417b &amp#27;[39m&amp#27;[32m200&amp#27;[39m &amp#27;[90m532 ms - 14&amp#27;[39m &amp#27;[90m&amp#27;[39m
&amp#27;[38;5;112m[Appium]&amp#27;[0m Welcome to Appium v2.11.5
&amp#27;[38;5;112m[Appium]&amp#27;[0m The autodetected Appium home path: C:\Users\User1\.appium
&amp#27;[38;5;112m[Appium]&amp#27;[0m Attempting to load driver uiautomator2...
&amp#27;[38;5;112m[Appium]&amp#27;[0m Attempting to load driver xcuitest...
&amp#27;[38;5;112m[Appium]&amp#27;[0m Attempting to load driver espresso...
&amp#27;[38;5;112m[Appium]&amp#27;[0m Requiring driver at C:\Users\User1\.appium\node_modules\appium-uiautomator2-driver\build\index.js
&amp#27;[38;5;112m[Appium]&amp#27;[0m Requiring driver at C:\Users\User1\.appium\node_modules\appium-xcuitest-driver\build\index.js
&amp#27;[38;5;112m[Appium]&amp#27;[0m Requiring driver at C:\Users\User1\.appium\node_modules\appium-espresso-driver\build\index.js
&amp#27;[38;5;112m[Appium]&amp#27;[0m AndroidUiautomator2Driver has been successfully loaded in 2.587s
&amp#27;[38;5;112m[Appium]&amp#27;[0m XCUITestDriver has been successfully loaded in 2.588s
&amp#27;[38;5;112m[Appium]&amp#27;[0m EspressoDriver has been successfully loaded in 2.588s
&amp#27;[38;5;112m[Appium]&amp#27;[0m Attempting to load driver gecko...
&amp#27;[38;5;112m[Appium]&amp#27;[0m Requiring driver at C:\Users\User1\.appium\node_modules\appium-geckodriver\build\index.js
&amp#27;[38;5;112m[Appium]&amp#27;[0m GeckoDriver has been successfully loaded in 0.119s
&amp#27;[38;5;112m[Appium]&amp#27;[0m Appium REST http interface listener started on http://0.0.0.0:4723
&amp#27;[38;5;112m[Appium]&amp#27;[0m You can provide the following URLs in your client code to connect to this server:
	http://192.168.0.114:4723/
	http://127.0.0.1:4723/ (only accessible from the same host)
&amp#27;[38;5;112m[Appium]&amp#27;[0m Available drivers:
&amp#27;[38;5;112m[Appium]&amp#27;[0m   - uiautomator2@3.8.0 (automationName 'UiAutomator2')
&amp#27;[38;5;112m[Appium]&amp#27;[0m   - xcuitest@7.27.1 (automationName 'XCUITest')
&amp#27;[38;5;112m[Appium]&amp#27;[0m   - espresso@3.5.0 (automationName 'Espresso')
&amp#27;[38;5;112m[Appium]&amp#27;[0m   - gecko@1.4.0 (automationName 'Gecko')
&amp#27;[38;5;112m[Appium]&amp#27;[0m No plugins have been installed. Use the "appium plugin" command to install the one(s) you want to use.
&amp#27;[38;5;86m[HTTP]&amp#27;[0m &amp#27;[37m-->&amp#27;[39m &amp#27;[37mGET&amp#27;[39m &amp#27;[37m/status&amp#27;[39m &amp#27;[90m{}&amp#27;[39m
&amp#27;[38;5;153m[AppiumDriver@f61d]&amp#27;[0m Calling AppiumDriver.getStatus() with args: []
&amp#27;[38;5;153m[AppiumDriver@f61d]&amp#27;[0m Responding to client with driver.getStatus() result: {"ready":true,"message":"The server is ready to accept new connections","build":{"version":"2.11.5"}}
&amp#27;[38;5;86m[HTTP]&amp#27;[0m &amp#27;[37m<-- GET /status &amp#27;[39m&amp#27;[32m200&amp#27;[39m &amp#27;[90m9 ms - 111&amp#27;[39m &amp#27;[90m&amp#27;[39m
&amp#27;[38;5;86m[HTTP]&amp#27;[0m Request idempotency key: c55ba0a7-db33-453c-84c3-6bde1a21887a
&amp#27;[38;5;86m[HTTP]&amp#27;[0m &amp#27;[37m-->&amp#27;[39m &amp#27;[37mPOST&amp#27;[39m &amp#27;[37m/session&amp#27;[39m &amp#27;[90m{"capabilities":{"firstMatch":[{"appium:chromedriverExecutable":"C://Users//User1//Downloads//chromedriver-win64//chromedriver-win64//chromedriver.exe","appium:deviceName":"Rajemulator","platformName":"ANDROID","appium:automationName":"UIAutomator2","appium:app":"C:\\Users\\User1\\eclipse-workspace\\eCommerceFramework//src//main//resources//General-Store.apk"}]}}&amp#27;[39m
&amp#27;[38;5;153m[AppiumDriver@f61d]&amp#27;[0m Calling AppiumDriver.createSession() with args: [null,null,{"firstMatch":[{"appium:chromedriverExecutable":"C://Users//User1//Downloads//chromedriver-win64//chromedriver-win64//chromedriver.exe","appium:deviceName":"Rajemulator","platformName":"ANDROID","appium:automationName":"UIAutomator2","appium:app":"C:\\Users\\User1\\eclipse-workspace\\eCommerceFramework//src//main//resources//General-Store.apk"}]}]
&amp#27;[38;5;153m[AppiumDriver@f61d]&amp#27;[0m Event 'newSessionRequested' logged at 1744634995097 (18:19:55 GMT+0530 (India Standard Time))
&amp#27;[38;5;112m[Appium]&amp#27;[0m Attempting to find matching driver for automationName 'UIAutomator2' and platformName 'ANDROID'
&amp#27;[38;5;112m[Appium]&amp#27;[0m The 'uiautomator2' driver was installed and matched caps.
&amp#27;[38;5;112m[Appium]&amp#27;[0m Will require it at C:\Users\User1\.appium\node_modules\appium-uiautomator2-driver
&amp#27;[38;5;112m[Appium]&amp#27;[0m Requiring driver at C:\Users\User1\.appium\node_modules\appium-uiautomator2-driver\build\index.js
&amp#27;[38;5;153m[AppiumDriver@f61d]&amp#27;[0m Appium v2.11.5 creating new AndroidUiautomator2Driver (v3.8.0) session
&amp#27;[38;5;153m[AppiumDriver@f61d]&amp#27;[0m Checking BaseDriver versions for Appium and AndroidUiautomator2Driver
&amp#27;[38;5;153m[AppiumDriver@f61d]&amp#27;[0m Appium's BaseDriver version is 9.11.5
&amp#27;[38;5;153m[AppiumDriver@f61d]&amp#27;[0m AndroidUiautomator2Driver's BaseDriver version is 9.11.5
&amp#27;[38;5;-128m[AndroidUiautomator2Driver@f98d]&amp#27;[0m 
&amp#27;[38;5;-128m[AndroidUiautomator2Driver@f98d]&amp#27;[0m Creating session with W3C capabilities: {
  "alwaysMatch": {
    "platformName": "ANDROID",
    "appium:chromedriverExecutable": "C://Users//User1//Downloads//chromedriver-win64//chromedriver-win64//chromedriver.exe",
    "appium:deviceName": "Rajemulator",
    "appium:automationName": "UIAutomator2",
    "appium:app": "C:\\Users\\User1\\eclipse-workspace\\eCommerceFramework//src//main//resources//General-Store.apk"
  },
  "firstMatch": [
    {}
  ]
}
&amp#27;[38;5;159m[26b99ea5]&amp#27;[0m&amp#27;[38;5;-128m[AndroidUiautomator2Driver@f98d]&amp#27;[0m Session created with session id: 26b99ea5-0d8e-4ad3-9316-268b926276e8
&amp#27;[38;5;159m[26b99ea5]&amp#27;[0m&amp#27;[38;5;229m[ADB]&amp#27;[0m Found 3 'build-tools' folders under 'C:\Users\User1\AppData\Local\Android\Sdk' (newest first):
&amp#27;[38;5;159m[26b99ea5]&amp#27;[0m&amp#27;[38;5;229m[ADB]&amp#27;[0m     C:\Users\User1\AppData\Local\Android\Sdk\build-tools\36.0.0-rc1
&amp#27;[38;5;159m[26b99ea5]&amp#27;[0m&amp#27;[38;5;229m[ADB]&amp#27;[0m     C:\Users\User1\AppData\Local\Android\Sdk\build-tools\35.0.0
&amp#27;[38;5;159m[26b99ea5]&amp#27;[0m&amp#27;[38;5;229m[ADB]&amp#27;[0m     C:\Users\User1\AppData\Local\Android\Sdk\build-tools\34.0.0
&amp#27;[38;5;159m[26b99ea5]&amp#27;[0m&amp#27;[38;5;229m[ADB]&amp#27;[0m Using 'adb.exe' from 'C:\Users\User1\AppData\Local\Android\Sdk\platform-tools\adb.exe'
&amp#27;[38;5;159m[26b99ea5]&amp#27;[0m&amp#27;[38;5;229m[ADB]&amp#27;[0m Running 'C:\Users\User1\AppData\Local\Android\Sdk\platform-tools\adb.exe -P 5037 start-server'
&amp#27;[38;5;159m[26b99ea5]&amp#27;[0m&amp#27;[38;5;-128m[AndroidUiautomator2Driver@f98d]&amp#27;[0m Retrieving device list
&amp#27;[38;5;159m[26b99ea5]&amp#27;[0m&amp#27;[38;5;229m[ADB]&amp#27;[0m Trying to find connected Android devices
&amp#27;[38;5;159m[26b99ea5]&amp#27;[0m&amp#27;[38;5;229m[ADB]&amp#27;[0m Getting connected devices
&amp#27;[38;5;159m[26b99ea5]&amp#27;[0m&amp#27;[38;5;229m[ADB]&amp#27;[0m Connected devices: [{"udid":"emulator-5554","state":"device"}]
&amp#27;[38;5;159m[26b99ea5]&amp#27;[0m&amp#27;[38;5;-128m[AndroidUiautomator2Driver@f98d]&amp#27;[0m Using device: emulator-5554
&amp#27;[38;5;159m[26b99ea5]&amp#27;[0m&amp#27;[38;5;229m[ADB]&amp#27;[0m Using 'adb.exe' from 'C:\Users\User1\AppData\Local\Android\Sdk\platform-tools\adb.exe'
&amp#27;[38;5;159m[26b99ea5]&amp#27;[0m&amp#27;[38;5;229m[ADB]&amp#27;[0m Running 'C:\Users\User1\AppData\Local\Android\Sdk\platform-tools\adb.exe -P 5037 start-server'
&amp#27;[38;5;159m[26b99ea5]&amp#27;[0m&amp#27;[38;5;229m[ADB]&amp#27;[0m Setting device id to emulator-5554
&amp#27;[38;5;159m[26b99ea5]&amp#27;[0m&amp#27;[38;5;123m[BaseDriver]&amp#27;[0m Using local app 'C:\Users\User1\eclipse-workspace\eCommerceFramework//src//main//resources//General-Store.apk'
&amp#27;[38;5;159m[26b99ea5]&amp#27;[0m&amp#27;[38;5;-128m[AndroidUiautomator2Driver@f98d]&amp#27;[0m Checking whether app is actually present
&amp#27;[38;5;159m[26b99ea5]&amp#27;[0m&amp#27;[38;5;229m[ADB]&amp#27;[0m Running 'C:\Users\User1\AppData\Local\Android\Sdk\platform-tools\adb.exe -P 5037 -s emulator-5554 shell getprop ro.build.version.sdk'
&amp#27;[38;5;159m[26b99ea5]&amp#27;[0m&amp#27;[38;5;229m[ADB]&amp#27;[0m Current device property 'ro.build.version.sdk': 35
&amp#27;[38;5;159m[26b99ea5]&amp#27;[0m&amp#27;[38;5;229m[ADB]&amp#27;[0m Getting device platform version
&amp#27;[38;5;159m[26b99ea5]&amp#27;[0m&amp#27;[38;5;229m[ADB]&amp#27;[0m Running 'C:\Users\User1\AppData\Local\Android\Sdk\platform-tools\adb.exe -P 5037 -s emulator-5554 shell getprop ro.build.version.release'
&amp#27;[38;5;159m[26b99ea5]&amp#27;[0m&amp#27;[38;5;229m[ADB]&amp#27;[0m Current device property 'ro.build.version.release': 15
&amp#27;[38;5;159m[26b99ea5]&amp#27;[0m&amp#27;[38;5;229m[ADB]&amp#27;[0m Device API level: 35
&amp#27;[38;5;159m[26b99ea5]&amp#27;[0m&amp#27;[38;5;-128m[AndroidUiautomator2Driver@f98d]&amp#27;[0m Relaxing hidden api policy
&amp#27;[38;5;159m[26b99ea5]&amp#27;[0m&amp#27;[38;5;229m[ADB]&amp#27;[0m Running 'C:\Users\User1\AppData\Local\Android\Sdk\platform-tools\adb.exe -P 5037 -s emulator-5554 shell 'settings put global hidden_api_policy_pre_p_apps 1;settings put global hidden_api_policy_p_apps 1;settings put global hidden_api_policy 1''
&amp#27;[38;5;159m[26b99ea5]&amp#27;[0m&amp#27;[38;5;-128m[AndroidUiautomator2Driver@f98d]&amp#27;[0m Parsing package and activity from app manifest
&amp#27;[38;5;159m[26b99ea5]&amp#27;[0m&amp#27;[38;5;229m[ADB]&amp#27;[0m Running 'C:\Users\User1\AppData\Local\Android\Sdk\platform-tools\adb.exe -P 5037 -s emulator-5554 wait-for-device'
&amp#27;[38;5;159m[26b99ea5]&amp#27;[0m&amp#27;[38;5;229m[ADB]&amp#27;[0m Using 'aapt2.exe' from 'C:\Users\User1\AppData\Local\Android\Sdk\build-tools\36.0.0-rc1\aapt2.exe'
&amp#27;[38;5;159m[26b99ea5]&amp#27;[0m&amp#27;[38;5;229m[ADB]&amp#27;[0m Reading package manifest: 'C:\\Users\\User1\\AppData\\Local\\Android\\Sdk\\build-tools\\36.0.0-rc1\\aapt2.exe dump badging C:\\Users\\User1\\eclipse-workspace\\eCommerceFramework//src//main//resources//General-Store.apk'
&amp#27;[38;5;159m[26b99ea5]&amp#27;[0m&amp#27;[38;5;229m[ADB]&amp#27;[0m Running 'C:\Users\User1\AppData\Local\Android\Sdk\platform-tools\adb.exe -P 5037 -s emulator-5554 shell echo ping'
&amp#27;[38;5;159m[26b99ea5]&amp#27;[0m&amp#27;[38;5;229m[ADB]&amp#27;[0m Package name: 'com.androidsample.generalstore'
&amp#27;[38;5;159m[26b99ea5]&amp#27;[0m&amp#27;[38;5;229m[ADB]&amp#27;[0m Main activity name: 'com.androidsample.generalstore.SplashActivity'
&amp#27;[38;5;159m[26b99ea5]&amp#27;[0m&amp#27;[38;5;-128m[AndroidUiautomator2Driver@f98d]&amp#27;[0m Parsed package and activity are: com.androidsample.generalstore/com.androidsample.generalstore.SplashActivity
&amp#27;[38;5;159m[26b99ea5]&amp#27;[0m&amp#27;[38;5;-128m[AndroidUiautomator2Driver@f98d]&amp#27;[0m Pushing settings apk to the device...
&amp#27;[38;5;159m[26b99ea5]&amp#27;[0m&amp#27;[38;5;229m[ADB]&amp#27;[0m Getting package info for 'io.appium.settings'
&amp#27;[38;5;159m[26b99ea5]&amp#27;[0m&amp#27;[38;5;229m[ADB]&amp#27;[0m Running 'C:\Users\User1\AppData\Local\Android\Sdk\platform-tools\adb.exe -P 5037 -s emulator-5554 shell dumpsys package io.appium.settings'
&amp#27;[38;5;159m[26b99ea5]&amp#27;[0m&amp#27;[38;5;229m[ADB]&amp#27;[0m Reading package manifest: 'C:\\Users\\User1\\AppData\\Local\\Android\\Sdk\\build-tools\\36.0.0-rc1\\aapt2.exe dump badging C:\\Users\\User1\\.appium\\node_modules\\appium-uiautomator2-driver\\node_modules\\io.appium.settings\\apks\\settings_apk-debug.apk'
&amp#27;[38;5;159m[26b99ea5]&amp#27;[0m&amp#27;[38;5;229m[ADB]&amp#27;[0m The version name of the installed 'io.appium.settings' is greater or equal to the application version name ('5.12.13' >= '5.12.13')
&amp#27;[38;5;159m[26b99ea5]&amp#27;[0m&amp#27;[38;5;229m[ADB]&amp#27;[0m There is no need to install/upgrade 'C:\Users\User1\.appium\node_modules\appium-uiautomator2-driver\node_modules\io.appium.settings\apks\settings_apk-debug.apk'
&amp#27;[38;5;159m[26b99ea5]&amp#27;[0m&amp#27;[38;5;229m[ADB]&amp#27;[0m Running 'C:\Users\User1\AppData\Local\Android\Sdk\platform-tools\adb.exe -P 5037 -s emulator-5554 shell dumpsys activity services io.appium.settings'
&amp#27;[38;5;159m[26b99ea5]&amp#27;[0m&amp#27;[38;5;-128m[AndroidUiautomator2Driver@f98d]&amp#27;[0m io.appium.settings is already running. There is no need to reset its permissions.
&amp#27;[38;5;159m[26b99ea5]&amp#27;[0m&amp#27;[38;5;160m[Logcat]&amp#27;[0m Starting logs capture with command: C:\\Users\\User1\\AppData\\Local\\Android\\Sdk\\platform-tools\\adb.exe -P 5037 -s emulator-5554 logcat -v threadtime
&amp#27;[38;5;159m[26b99ea5]&amp#27;[0m&amp#27;[38;5;-128m[AndroidUiautomator2Driver@f98d]&amp#27;[0m Forwarding UiAutomator2 Server port 6790 to local port 8201
&amp#27;[38;5;159m[26b99ea5]&amp#27;[0m&amp#27;[38;5;229m[ADB]&amp#27;[0m Forwarding system: 8201 to device: 6790
&amp#27;[38;5;159m[26b99ea5]&amp#27;[0m&amp#27;[38;5;229m[ADB]&amp#27;[0m Running 'C:\Users\User1\AppData\Local\Android\Sdk\platform-tools\adb.exe -P 5037 -s emulator-5554 forward tcp:8201 tcp:6790'
&amp#27;[38;5;159m[26b99ea5]&amp#27;[0m&amp#27;[38;5;229m[ADB]&amp#27;[0m Getting package info for 'io.appium.uiautomator2.server'
&amp#27;[38;5;159m[26b99ea5]&amp#27;[0m&amp#27;[38;5;229m[ADB]&amp#27;[0m Running 'C:\Users\User1\AppData\Local\Android\Sdk\platform-tools\adb.exe -P 5037 -s emulator-5554 shell dumpsys package io.appium.uiautomator2.server'
&amp#27;[38;5;159m[26b99ea5]&amp#27;[0m&amp#27;[38;5;229m[ADB]&amp#27;[0m Getting install status for io.appium.uiautomator2.server.test
&amp#27;[38;5;159m[26b99ea5]&amp#27;[0m&amp#27;[38;5;229m[ADB]&amp#27;[0m Checking app cert for C:\Users\User1\eclipse-workspace\eCommerceFramework//src//main//resources//General-Store.apk
&amp#27;[38;5;159m[26b99ea5]&amp#27;[0m&amp#27;[38;5;229m[ADB]&amp#27;[0m Running 'C:\Users\User1\AppData\Local\Android\Sdk\platform-tools\adb.exe -P 5037 -s emulator-5554 shell cmd package list packages'
&amp#27;[38;5;159m[26b99ea5]&amp#27;[0m&amp#27;[38;5;229m[ADB]&amp#27;[0m Using 'apksigner.jar' from 'C:\Users\User1\AppData\Local\Android\Sdk\build-tools\36.0.0-rc1\lib\apksigner.jar'
&amp#27;[38;5;159m[26b99ea5]&amp#27;[0m&amp#27;[38;5;229m[ADB]&amp#27;[0m Starting apksigner: 'C:\\Program Files\\Java\\jdk-22\\bin\\java.exe' -Xmx1024M -Xss1m -jar C:\\Users\\User1\\AppData\\Local\\Android\\Sdk\\build-tools\\36.0.0-rc1\\lib\\apksigner.jar verify --print-certs C:\\Users\\User1\\eclipse-workspace\\eCommerceFramework//src//main//resources//General-Store.apk
&amp#27;[38;5;159m[26b99ea5]&amp#27;[0m&amp#27;[38;5;229m[ADB]&amp#27;[0m Reading package manifest: 'C:\\Users\\User1\\AppData\\Local\\Android\\Sdk\\build-tools\\36.0.0-rc1\\aapt2.exe dump badging C:\\Users\\User1\\.appium\\node_modules\\appium-uiautomator2-driver\\node_modules\\appium-uiautomator2-server\\apks\\appium-uiautomator2-server-v7.0.25.apk'
&amp#27;[38;5;159m[26b99ea5]&amp#27;[0m&amp#27;[38;5;229m[ADB]&amp#27;[0m 'io.appium.uiautomator2.server.test' is installed
&amp#27;[38;5;159m[26b99ea5]&amp#27;[0m&amp#27;[38;5;229m[ADB]&amp#27;[0m The version name of the installed 'io.appium.uiautomator2.server' is greater or equal to the application version name ('7.0.25' >= '7.0.25')
&amp#27;[38;5;159m[26b99ea5]&amp#27;[0m&amp#27;[38;5;-128m[AndroidUiautomator2Driver@f98d]&amp#27;[0m Server packages status: [{"installState":"sameVersionInstalled","appPath":"C:\\Users\\User1\\.appium\\node_modules\\appium-uiautomator2-driver\\node_modules\\appium-uiautomator2-server\\apks\\appium-uiautomator2-server-v7.0.25.apk","appId":"io.appium.uiautomator2.server"},{"installState":"sameVersionInstalled","appPath":"C:\\Users\\User1\\.appium\\node_modules\\appium-uiautomator2-driver\\node_modules\\appium-uiautomator2-server\\apks\\appium-uiautomator2-server-debug-androidTest.apk","appId":"io.appium.uiautomator2.server.test"}]
&amp#27;[38;5;159m[26b99ea5]&amp#27;[0m&amp#27;[38;5;-128m[AndroidUiautomator2Driver@f98d]&amp#27;[0m Server packages are not going to be (re)installed
&amp#27;[38;5;159m[26b99ea5]&amp#27;[0m&amp#27;[38;5;-128m[AndroidUiautomator2Driver@f98d]&amp#27;[0m Waiting up to 30000ms for services to be available
&amp#27;[38;5;159m[26b99ea5]&amp#27;[0m&amp#27;[38;5;229m[ADB]&amp#27;[0m Running 'C:\Users\User1\AppData\Local\Android\Sdk\platform-tools\adb.exe -P 5037 -s emulator-5554 shell pm list instrumentation'
&amp#27;[38;5;159m[26b99ea5]&amp#27;[0m&amp#27;[38;5;-128m[AndroidUiautomator2Driver@f98d]&amp#27;[0m Instrumentation target 'io.appium.uiautomator2.server.test/androidx.test.runner.AndroidJUnitRunner' is available
&amp#27;[38;5;159m[26b99ea5]&amp#27;[0m&amp#27;[38;5;229m[ADB]&amp#27;[0m Adding packages ["io.appium.settings","io.appium.uiautomator2.server","io.appium.uiautomator2.server.test"] to Doze whitelist
&amp#27;[38;5;159m[26b99ea5]&amp#27;[0m&amp#27;[38;5;229m[ADB]&amp#27;[0m Got the following command chunks to execute: [["dumpsys","deviceidle","whitelist","+io.appium.settings",";","dumpsys","deviceidle","whitelist","+io.appium.uiautomator2.server",";","dumpsys","deviceidle","whitelist","+io.appium.uiautomator2.server.test",";"]]
&amp#27;[38;5;159m[26b99ea5]&amp#27;[0m&amp#27;[38;5;229m[ADB]&amp#27;[0m Running 'C:\Users\User1\AppData\Local\Android\Sdk\platform-tools\adb.exe -P 5037 -s emulator-5554 shell dumpsys deviceidle whitelist +io.appium.settings ; dumpsys deviceidle whitelist +io.appium.uiautomator2.server ; dumpsys deviceidle whitelist +io.appium.uiautomator2.server.test ;'
&amp#27;[38;5;159m[26b99ea5]&amp#27;[0m&amp#27;[38;5;229m[ADB]&amp#27;[0m apksigner stdout: Signer #1 certificate DN: C=US, O=Android, CN=Android Debug
Signer #1 certificate SHA-256 digest: f5f5931c019be6bff8a26255f76ae9ef8a8e631d2a702ec10e91110231549eef
Signer #1 certificate SHA-1 digest: b250161db8b5d0a1bd39154c9fd749bdad79c1a3
Signer #1 certificate MD5 digest: 7a5550323d84472ca25a0861c63e0a6c

&amp#27;[38;5;159m[26b99ea5]&amp#27;[0m&amp#27;[38;5;229m[ADB]&amp#27;[0m 'C:\Users\User1\eclipse-workspace\eCommerceFramework//src//main//resources//General-Store.apk' is signed with a non-default certificate
&amp#27;[38;5;159m[26b99ea5]&amp#27;[0m&amp#27;[38;5;229m[ADB]&amp#27;[0m Getting package info for 'com.androidsample.generalstore'
&amp#27;[38;5;159m[26b99ea5]&amp#27;[0m&amp#27;[38;5;229m[ADB]&amp#27;[0m Running 'C:\Users\User1\AppData\Local\Android\Sdk\platform-tools\adb.exe -P 5037 -s emulator-5554 shell dumpsys package com.androidsample.generalstore'
&amp#27;[38;5;159m[26b99ea5]&amp#27;[0m&amp#27;[38;5;229m[ADB]&amp#27;[0m Reading package manifest: 'C:\\Users\\User1\\AppData\\Local\\Android\\Sdk\\build-tools\\36.0.0-rc1\\aapt2.exe dump badging C:\\Users\\User1\\eclipse-workspace\\eCommerceFramework//src//main//resources//General-Store.apk'
&amp#27;[38;5;159m[26b99ea5]&amp#27;[0m&amp#27;[38;5;229m[ADB]&amp#27;[0m The version name of the installed 'com.androidsample.generalstore' is greater or equal to the application version name ('1.0.0' >= '1.0.0')
&amp#27;[38;5;159m[26b99ea5]&amp#27;[0m&amp#27;[38;5;229m[ADB]&amp#27;[0m There is no need to install/upgrade 'C:\Users\User1\eclipse-workspace\eCommerceFramework//src//main//resources//General-Store.apk'
&amp#27;[38;5;159m[26b99ea5]&amp#27;[0m&amp#27;[38;5;-128m[AndroidUiautomator2Driver@f98d]&amp#27;[0m Performing fast reset on 'com.androidsample.generalstore'
&amp#27;[38;5;159m[26b99ea5]&amp#27;[0m&amp#27;[38;5;229m[ADB]&amp#27;[0m Getting install status for com.androidsample.generalstore
&amp#27;[38;5;159m[26b99ea5]&amp#27;[0m&amp#27;[38;5;229m[ADB]&amp#27;[0m Running 'C:\Users\User1\AppData\Local\Android\Sdk\platform-tools\adb.exe -P 5037 -s emulator-5554 shell cmd package list packages'
&amp#27;[38;5;159m[26b99ea5]&amp#27;[0m&amp#27;[38;5;229m[ADB]&amp#27;[0m 'com.androidsample.generalstore' is installed
&amp#27;[38;5;159m[26b99ea5]&amp#27;[0m&amp#27;[38;5;229m[ADB]&amp#27;[0m Running 'C:\Users\User1\AppData\Local\Android\Sdk\platform-tools\adb.exe -P 5037 -s emulator-5554 shell am force-stop com.androidsample.generalstore'
&amp#27;[38;5;159m[26b99ea5]&amp#27;[0m&amp#27;[38;5;229m[ADB]&amp#27;[0m Running 'C:\Users\User1\AppData\Local\Android\Sdk\platform-tools\adb.exe -P 5037 -s emulator-5554 shell pm clear com.androidsample.generalstore'
&amp#27;[38;5;159m[26b99ea5]&amp#27;[0m&amp#27;[38;5;-128m[AndroidUiautomator2Driver@f98d]&amp#27;[0m Performed fast reset on the installed 'com.androidsample.generalstore' application (stop and clear)
&amp#27;[38;5;159m[26b99ea5]&amp#27;[0m&amp#27;[38;5;-128m[AndroidUiautomator2Driver@f98d]&amp#27;[0m Performing shallow cleanup of automation leftovers
&amp#27;[38;5;159m[26b99ea5]&amp#27;[0m&amp#27;[38;5;-128m[AndroidUiautomator2Driver@f98d]&amp#27;[0m No obsolete sessions have been detected (socket hang up)
&amp#27;[38;5;159m[26b99ea5]&amp#27;[0m&amp#27;[38;5;229m[ADB]&amp#27;[0m Running 'C:\Users\User1\AppData\Local\Android\Sdk\platform-tools\adb.exe -P 5037 -s emulator-5554 shell am force-stop io.appium.uiautomator2.server'
&amp#27;[38;5;159m[26b99ea5]&amp#27;[0m&amp#27;[38;5;229m[ADB]&amp#27;[0m Running 'C:\Users\User1\AppData\Local\Android\Sdk\platform-tools\adb.exe -P 5037 -s emulator-5554 shell am force-stop io.appium.uiautomator2.server.test'
&amp#27;[38;5;159m[26b99ea5]&amp#27;[0m&amp#27;[38;5;-128m[AndroidUiautomator2Driver@f98d]&amp#27;[0m Starting UIAutomator2 server 7.0.25
&amp#27;[38;5;159m[26b99ea5]&amp#27;[0m&amp#27;[38;5;-128m[AndroidUiautomator2Driver@f98d]&amp#27;[0m Using UIAutomator2 server from 'C:\Users\User1\.appium\node_modules\appium-uiautomator2-driver\node_modules\appium-uiautomator2-server\apks\appium-uiautomator2-server-v7.0.25.apk' and test from 'C:\Users\User1\.appium\node_modules\appium-uiautomator2-driver\node_modules\appium-uiautomator2-server\apks\appium-uiautomator2-server-debug-androidTest.apk'
&amp#27;[38;5;159m[26b99ea5]&amp#27;[0m&amp#27;[38;5;-128m[AndroidUiautomator2Driver@f98d]&amp#27;[0m Waiting up to 30000ms for UiAutomator2 to be online...
&amp#27;[38;5;159m[26b99ea5]&amp#27;[0m&amp#27;[38;5;229m[ADB]&amp#27;[0m Creating ADB subprocess with args: ["-P","5037","-s","emulator-5554","shell","am","instrument","-w","-e","disableAnalytics","true","io.appium.uiautomator2.server.test/androidx.test.runner.AndroidJUnitRunner"]
&amp#27;[38;5;159m[26b99ea5]&amp#27;[0m&amp#27;[38;5;-128m[AndroidUiautomator2Driver@f98d]&amp#27;[0m Matched '/status' to command name 'getStatus'
&amp#27;[38;5;159m[26b99ea5]&amp#27;[0m&amp#27;[38;5;-128m[AndroidUiautomator2Driver@f98d]&amp#27;[0m Proxying [GET /status] to [GET http://127.0.0.1:8201/status] with no body
&amp#27;[38;5;159m[26b99ea5]&amp#27;[0m&amp#27;[38;5;-128m[AndroidUiautomator2Driver@f98d]&amp#27;[0m socket hang up
&amp#27;[38;5;159m[26b99ea5]&amp#27;[0m&amp#27;[38;5;-128m[AndroidUiautomator2Driver@f98d]&amp#27;[0m Matched '/status' to command name 'getStatus'
&amp#27;[38;5;159m[26b99ea5]&amp#27;[0m&amp#27;[38;5;-128m[AndroidUiautomator2Driver@f98d]&amp#27;[0m Proxying [GET /status] to [GET http://127.0.0.1:8201/status] with no body
&amp#27;[38;5;159m[26b99ea5]&amp#27;[0m&amp#27;[38;5;-128m[AndroidUiautomator2Driver@f98d]&amp#27;[0m socket hang up
&amp#27;[38;5;159m[26b99ea5]&amp#27;[0m&amp#27;[38;5;-128m[AndroidUiautomator2Driver@f98d]&amp#27;[0m [Instrumentation] 
&amp#27;[38;5;159m[26b99ea5]&amp#27;[0m&amp#27;[38;5;-128m[AndroidUiautomator2Driver@f98d]&amp#27;[0m Matched '/status' to command name 'getStatus'
&amp#27;[38;5;159m[26b99ea5]&amp#27;[0m&amp#27;[38;5;-128m[AndroidUiautomator2Driver@f98d]&amp#27;[0m Proxying [GET /status] to [GET http://127.0.0.1:8201/status] with no body
&amp#27;[38;5;159m[26b99ea5]&amp#27;[0m&amp#27;[38;5;-128m[AndroidUiautomator2Driver@f98d]&amp#27;[0m socket hang up
&amp#27;[38;5;159m[26b99ea5]&amp#27;[0m&amp#27;[38;5;-128m[AndroidUiautomator2Driver@f98d]&amp#27;[0m Matched '/status' to command name 'getStatus'
&amp#27;[38;5;159m[26b99ea5]&amp#27;[0m&amp#27;[38;5;-128m[AndroidUiautomator2Driver@f98d]&amp#27;[0m Proxying [GET /status] to [GET http://127.0.0.1:8201/status] with no body
&amp#27;[38;5;159m[26b99ea5]&amp#27;[0m&amp#27;[38;5;-128m[AndroidUiautomator2Driver@f98d]&amp#27;[0m socket hang up
&amp#27;[38;5;159m[26b99ea5]&amp#27;[0m&amp#27;[38;5;-128m[AndroidUiautomator2Driver@f98d]&amp#27;[0m Matched '/status' to command name 'getStatus'
&amp#27;[38;5;159m[26b99ea5]&amp#27;[0m&amp#27;[38;5;-128m[AndroidUiautomator2Driver@f98d]&amp#27;[0m Proxying [GET /status] to [GET http://127.0.0.1:8201/status] with no body
&amp#27;[38;5;159m[26b99ea5]&amp#27;[0m&amp#27;[38;5;-128m[AndroidUiautomator2Driver@f98d]&amp#27;[0m Got response with status 200: {"sessionId":"None","value":{"message":"UiAutomator2 Server is ready to accept commands","ready":true}}
&amp#27;[38;5;159m[26b99ea5]&amp#27;[0m&amp#27;[38;5;-128m[AndroidUiautomator2Driver@f98d]&amp#27;[0m The initialization of the instrumentation process took 4362ms
&amp#27;[38;5;159m[26b99ea5]&amp#27;[0m&amp#27;[38;5;-128m[AndroidUiautomator2Driver@f98d]&amp#27;[0m Matched '/session' to command name 'createSession'
&amp#27;[38;5;159m[26b99ea5]&amp#27;[0m&amp#27;[38;5;-128m[AndroidUiautomator2Driver@f98d]&amp#27;[0m Proxying [POST /session] to [POST http://127.0.0.1:8201/session] with body: {"capabilities":{"firstMatch":[{"platformName":"ANDROID","chromedriverExecutable":"C://Users//User1//Downloads//chromedriver-win64//chromedriver-win64//chromedriver.exe","deviceName":"emulator-5554","automationName":"UIAutomator2","app":"C:\\Users\\User1\\eclipse-workspace\\eCommerceFramework//src//main//resources//General-Store.apk","platform":"LINUX","webStorageEnabled":false,"takesScreenshot":true,"javascriptEnabled":true,"databaseEnabled":false,"networkConnectionEnabled":true,"locationContextEnabled":false,"warnings":{},"desired":{"platformName":"ANDROID","chromedriverExecutable":"C://Users//User1//Downloads//chromedriver-win64//chromedriver-win64//chromedriver.exe","deviceName":"Rajemulator","automationName":"UIAutomator2","app":"C:\\Users\\User1\\eclipse-workspace\\eCommerceFramework//src//main//resources//General-Store.apk"},"deviceUDID":"emulator-5554","appPackage":"com.androidsample.generalstore"}],"alwaysMatch":{}}}
&amp#27;[38;5;159m[26b99ea5]&amp#27;[0m&amp#27;[38;5;-128m[AndroidUiautomator2Driver@f98d]&amp#27;[0m Got response with status 200: {"sessionId":"0cb97310-d3a7-4d63-a56c-fe73865a42c7","value":{"capabilities":{"firstMatch":[{"platformName":"ANDROID","chromedriverExecutable":"C://Users//User1//Downloads//chromedriver-win64//chromedriver-win64//chromedriver.exe","deviceName":"emulator-5554","automationName":"UIAutomator2","app":"C:\\Users\\User1\\eclipse-workspace\\eCommerceFramework//src//main//resources//General-Store.apk","platform":"LINUX","webStorageEnabled":false,"takesScreenshot":true,"javascriptEnabled":true,"databaseEnabled":false,"networkConnectionEnabled":true,"locationContextEnabled":false,"warnings":{},"desired":{"platformName":"ANDROID","chromedriverExecutable":"C://Users//User1//Downloads//chromedriver-win64//chromedriver-win64//chromedriver.exe","deviceName":"Rajemulator","automationName":"UIAutomator2","app":"C:\\Users\\User1\\eclipse-workspace\\eCommerceFramework//src//main//resources//General-Store.apk"},"deviceUDID":"emulator-5554","appPackage":"com.androidsample.generalstore"}],"alwaysMatch":{}},"sessionId":"0cb97310-...
&amp#27;[38;5;159m[26b99ea5]&amp#27;[0m&amp#27;[38;5;-128m[AndroidUiautomator2Driver@f98d]&amp#27;[0m Determined the downstream protocol as 'W3C'
&amp#27;[38;5;159m[26b99ea5]&amp#27;[0m&amp#27;[38;5;-128m[AndroidUiautomator2Driver@f98d]&amp#27;[0m Proxying [GET /appium/device/pixel_ratio] to [GET http://127.0.0.1:8201/session/0cb97310-d3a7-4d63-a56c-fe73865a42c7/appium/device/pixel_ratio] with no body
&amp#27;[38;5;159m[26b99ea5]&amp#27;[0m&amp#27;[38;5;-128m[AndroidUiautomator2Driver@f98d]&amp#27;[0m Matched '/appium/device/system_bars' to command name 'getSystemBars'
&amp#27;[38;5;159m[26b99ea5]&amp#27;[0m&amp#27;[38;5;-128m[AndroidUiautomator2Driver@f98d]&amp#27;[0m Proxying [GET /appium/device/system_bars] to [GET http://127.0.0.1:8201/session/0cb97310-d3a7-4d63-a56c-fe73865a42c7/appium/device/system_bars] with no body
&amp#27;[38;5;159m[26b99ea5]&amp#27;[0m&amp#27;[38;5;-128m[AndroidUiautomator2Driver@f98d]&amp#27;[0m Matched '/window/current/size' to command name 'getWindowSize'
&amp#27;[38;5;159m[26b99ea5]&amp#27;[0m&amp#27;[38;5;-128m[AndroidUiautomator2Driver@f98d]&amp#27;[0m Proxying [GET /window/current/size] to [GET http://127.0.0.1:8201/session/0cb97310-d3a7-4d63-a56c-fe73865a42c7/window/current/size] with no body
&amp#27;[38;5;159m[26b99ea5]&amp#27;[0m&amp#27;[38;5;-128m[AndroidUiautomator2Driver@f98d]&amp#27;[0m Proxying [GET /appium/device/info] to [GET http://127.0.0.1:8201/session/0cb97310-d3a7-4d63-a56c-fe73865a42c7/appium/device/info] with no body
&amp#27;[38;5;159m[26b99ea5]&amp#27;[0m&amp#27;[38;5;229m[ADB]&amp#27;[0m Running 'C:\Users\User1\AppData\Local\Android\Sdk\platform-tools\adb.exe -P 5037 -s emulator-5554 shell dumpsys window'
&amp#27;[38;5;159m[26b99ea5]&amp#27;[0m&amp#27;[38;5;229m[ADB]&amp#27;[0m Running 'C:\Users\User1\AppData\Local\Android\Sdk\platform-tools\adb.exe -P 5037 -s emulator-5554 shell dumpsys power'
&amp#27;[38;5;159m[26b99ea5]&amp#27;[0m&amp#27;[38;5;-128m[AndroidUiautomator2Driver@f98d]&amp#27;[0m Got response with status 200: {"sessionId":"0cb97310-d3a7-4d63-a56c-fe73865a42c7","value":2.75}
&amp#27;[38;5;159m[26b99ea5]&amp#27;[0m&amp#27;[38;5;-128m[AndroidUiautomator2Driver@f98d]&amp#27;[0m Got response with status 200: {"sessionId":"0cb97310-d3a7-4d63-a56c-fe73865a42c7","value":{"statusBar":66}}
&amp#27;[38;5;159m[26b99ea5]&amp#27;[0m&amp#27;[38;5;-128m[AndroidUiautomator2Driver@f98d]&amp#27;[0m Got response with status 200: {"sessionId":"0cb97310-d3a7-4d63-a56c-fe73865a42c7","value":{"height":2220,"width":1080}}
&amp#27;[38;5;159m[26b99ea5]&amp#27;[0m&amp#27;[38;5;-128m[AndroidUiautomator2Driver@f98d]&amp#27;[0m Got response with status 200: {"sessionId":"0cb97310-d3a7-4d63-a56c-fe73865a42c7","value":{"androidId":"ccd4b39f6a24ddc3","apiVersion":"35","bluetooth":{"state":"OFF"},"brand":"google","carrierName":"T-Mobile","displayDensity":440,"locale":"en_US","manufacturer":"Google","model":"sdk_gphone64_x86_64","networks":[{"capabilities":{"SSID":null,"linkDownBandwidthKbps":4300,"linkUpstreamBandwidthKbps":1800,"networkCapabilities":"NET_CAPABILITY_MMS,NET_CAPABILITY_SUPL,NET_CAPABILITY_IA,NET_CAPABILITY_XCAP,NET_CAPABILITY_INTERNET,NET_CAPABILITY_NOT_RESTRICTED,NET_CAPABILITY_TRUSTED,NET_CAPABILITY_NOT_VPN,NET_CAPABILITY_VALIDATED,NET_CAPABILITY_NOT_ROAMING,NET_CAPABILITY_NOT_CONGESTED,NET_CAPABILITY_NOT_SUSPENDED","signalStrength":-2147483648,"transportTypes":"TRANSPORT_CELLULAR"},"detailedState":"CONNECTED","extraInfo":"fast.t-mobile.com","isAvailable":true,"isConnected":true,"isFailover":false,"isRoaming":false,"state":"CONNECTED","subtype":10,"subtypeName":"HSPA","type":0,"typeName":"MOBILE"},{"capabilities":{"SSID":null,"linkDownBandwidthK...
&amp#27;[38;5;159m[26b99ea5]&amp#27;[0m&amp#27;[38;5;-128m[AndroidUiautomator2Driver@f98d]&amp#27;[0m Screen already unlocked, doing nothing
&amp#27;[38;5;159m[26b99ea5]&amp#27;[0m&amp#27;[38;5;-128m[AndroidUiautomator2Driver@f98d]&amp#27;[0m Starting 'com.androidsample.generalstore/com.androidsample.generalstore.SplashActivity and waiting for 'com.androidsample.generalstore/com.androidsample.generalstore.SplashActivity'
&amp#27;[38;5;159m[26b99ea5]&amp#27;[0m&amp#27;[38;5;229m[ADB]&amp#27;[0m Running 'C:\Users\User1\AppData\Local\Android\Sdk\platform-tools\adb.exe -P 5037 -s emulator-5554 shell am start -W -n com.androidsample.generalstore/com.androidsample.generalstore.SplashActivity -S -a android.intent.action.MAIN -c android.intent.category.LAUNCHER -f 0x10200000'
&amp#27;[38;5;159m[26b99ea5]&amp#27;[0m&amp#27;[38;5;229m[ADB]&amp#27;[0m Waiting up to 20000ms for activity matching pkg: 'com.androidsample.generalstore' and activity: 'com.androidsample.generalstore.SplashActivity' to be focused
&amp#27;[38;5;159m[26b99ea5]&amp#27;[0m&amp#27;[38;5;229m[ADB]&amp#27;[0m Possible activities, to be checked: 'com.androidsample.generalstore.SplashActivity', 'com.androidsample.generalstore.com.androidsample.generalstore.SplashActivity'
&amp#27;[38;5;159m[26b99ea5]&amp#27;[0m&amp#27;[38;5;229m[ADB]&amp#27;[0m Getting focused package and activity
&amp#27;[38;5;159m[26b99ea5]&amp#27;[0m&amp#27;[38;5;229m[ADB]&amp#27;[0m Running 'C:\Users\User1\AppData\Local\Android\Sdk\platform-tools\adb.exe -P 5037 -s emulator-5554 shell dumpsys window displays'
&amp#27;[38;5;159m[26b99ea5]&amp#27;[0m&amp#27;[38;5;229m[ADB]&amp#27;[0m Found package: 'com.androidsample.generalstore' and fully qualified activity name : 'com.androidsample.generalstore.SplashActivity'
&amp#27;[38;5;159m[26b99ea5]&amp#27;[0m&amp#27;[38;5;153m[AppiumDriver@f61d]&amp#27;[0m New AndroidUiautomator2Driver session created successfully, session 26b99ea5-0d8e-4ad3-9316-268b926276e8 added to master session list
&amp#27;[38;5;159m[26b99ea5]&amp#27;[0m&amp#27;[38;5;153m[AppiumDriver@f61d]&amp#27;[0m Event 'newSessionStarted' logged at 1744635004263 (18:20:04 GMT+0530 (India Standard Time))
&amp#27;[38;5;159m[26b99ea5]&amp#27;[0m&amp#27;[38;5;-128m[AndroidUiautomator2Driver@f98d]&amp#27;[0m Cached the protocol value 'W3C' for the new session 26b99ea5-0d8e-4ad3-9316-268b926276e8
&amp#27;[38;5;159m[26b99ea5]&amp#27;[0m&amp#27;[38;5;-128m[AndroidUiautomator2Driver@f98d]&amp#27;[0m Responding to client with driver.createSession() result: {"capabilities":{"platformName":"ANDROID","chromedriverExecutable":"C://Users//User1//Downloads//chromedriver-win64//chromedriver-win64//chromedriver.exe","deviceName":"emulator-5554","automationName":"UIAutomator2","app":"C:\\Users\\User1\\eclipse-workspace\\eCommerceFramework//src//main//resources//General-Store.apk","platform":"LINUX","webStorageEnabled":false,"takesScreenshot":true,"javascriptEnabled":true,"databaseEnabled":false,"networkConnectionEnabled":true,"locationContextEnabled":false,"warnings":{},"desired":{"platformName":"ANDROID","chromedriverExecutable":"C://Users//User1//Downloads//chromedriver-win64//chromedriver-win64//chromedriver.exe","deviceName":"Rajemulator","automationName":"UIAutomator2","app":"C:\\Users\\User1\\eclipse-workspace\\eCommerceFramework//src//main//resources//General-Store.apk"},"deviceUDID":"emulator-5554","appPackage":"com.androidsample.generalstore","pixelRatio":"2.75","statBarHeight":66,"viewportRect":{"left":0,"top":66,"width":1080,"height":2154},"deviceApiLevel"...
&amp#27;[38;5;159m[26b99ea5]&amp#27;[0m&amp#27;[38;5;86m[HTTP]&amp#27;[0m &amp#27;[37m<-- POST /session &amp#27;[39m&amp#27;[32m200&amp#27;[39m &amp#27;[90m9168 ms - 1233&amp#27;[39m &amp#27;[90m&amp#27;[39m
Test Started: verifySubmitButtonEnable
&amp#27;[38;5;159m[26b99ea5]&amp#27;[0m&amp#27;[38;5;86m[HTTP]&amp#27;[0m &amp#27;[37m-->&amp#27;[39m &amp#27;[37mGET&amp#27;[39m &amp#27;[37m/session/26b99ea5-0d8e-4ad3-9316-268b926276e8/context&amp#27;[39m &amp#27;[90m{}&amp#27;[39m
&amp#27;[38;5;159m[26b99ea5]&amp#27;[0m&amp#27;[38;5;-128m[AndroidUiautomator2Driver@f98d]&amp#27;[0m Calling AppiumDriver.getCurrentContext() with args: ["26b99ea5-0d8e-4ad3-9316-268b926276e8"]
&amp#27;[38;5;159m[26b99ea5]&amp#27;[0m&amp#27;[38;5;-128m[AndroidUiautomator2Driver@f98d]&amp#27;[0m Responding to client with driver.getCurrentContext() result: "NATIVE_APP"
&amp#27;[38;5;159m[26b99ea5]&amp#27;[0m&amp#27;[38;5;86m[HTTP]&amp#27;[0m &amp#27;[37m<-- GET /session/26b99ea5-0d8e-4ad3-9316-268b926276e8/context &amp#27;[39m&amp#27;[32m200&amp#27;[39m &amp#27;[90m13 ms - 22&amp#27;[39m &amp#27;[90m&amp#27;[39m
&amp#27;[38;5;159m[26b99ea5]&amp#27;[0m&amp#27;[38;5;86m[HTTP]&amp#27;[0m &amp#27;[37m-->&amp#27;[39m &amp#27;[37mPOST&amp#27;[39m &amp#27;[37m/session/26b99ea5-0d8e-4ad3-9316-268b926276e8/element&amp#27;[39m &amp#27;[90m{"using":"id","value":"com.androidsample.generalstore:id/btnLetsShop"}&amp#27;[39m
&amp#27;[38;5;159m[26b99ea5]&amp#27;[0m&amp#27;[38;5;-128m[AndroidUiautomator2Driver@f98d]&amp#27;[0m Calling AppiumDriver.findElement() with args: ["id","com.androidsample.generalstore:id/btnLetsShop","26b99ea5-0d8e-4ad3-9316-268b926276e8"]
&amp#27;[38;5;159m[26b99ea5]&amp#27;[0m&amp#27;[38;5;-128m[AndroidUiautomator2Driver@f98d]&amp#27;[0m Valid locator strategies for this request: xpath, id, class name, accessibility id, css selector, -android uiautomator
&amp#27;[38;5;159m[26b99ea5]&amp#27;[0m&amp#27;[38;5;-128m[AndroidUiautomator2Driver@f98d]&amp#27;[0m Waiting up to 0 ms for condition
&amp#27;[38;5;159m[26b99ea5]&amp#27;[0m&amp#27;[38;5;-128m[AndroidUiautomator2Driver@f98d]&amp#27;[0m Matched '/element' to command name 'findElement'
&amp#27;[38;5;159m[26b99ea5]&amp#27;[0m&amp#27;[38;5;-128m[AndroidUiautomator2Driver@f98d]&amp#27;[0m Proxying [POST /element] to [POST http://127.0.0.1:8201/session/0cb97310-d3a7-4d63-a56c-fe73865a42c7/element] with body: {"strategy":"id","selector":"com.androidsample.generalstore:id/btnLetsShop","context":"","multiple":false}
&amp#27;[38;5;159m[26b99ea5]&amp#27;[0m&amp#27;[38;5;-128m[AndroidUiautomator2Driver@f98d]&amp#27;[0m Got response with status 404: {"sessionId":"0cb97310-d3a7-4d63-a56c-fe73865a42c7","value":{"error":"no such element","message":"An element could not be located on the page using the given search parameters","stacktrace":"io.appium.uiautomator2.common.exceptions.ElementNotFoundException: An element could not be located on the page using the given search parameters\n\tat io.appium.uiautomator2.handler.FindElement.safeHandle(FindElement.java:63)\n\tat io.appium.uiautomator2.handler.request.SafeRequestHandler.handle(SafeRequestHandler.java:59)\n\tat io.appium.uiautomator2.server.AppiumServlet.handleRequest(AppiumServlet.java:259)\n\tat io.appium.uiautomator2.server.AppiumServlet.handleHttpRequest(AppiumServlet.java:253)\n\tat io.appium.uiautomator2.http.ServerHandler.channelRead(ServerHandler.java:77)\n\tat io.netty.channel.AbstractChannelHandlerContext.invokeChannelRead(AbstractChannelHandlerContext.java:366)\n\tat io.netty.channel.AbstractChannelHandlerContext.invokeChannelRead(AbstractChannelHandlerContext.java:352)\n\tat io.netty.chann...
&amp#27;[38;5;159m[26b99ea5]&amp#27;[0m&amp#27;[38;5;123m[W3C]&amp#27;[0m Matched W3C error code 'no such element' to NoSuchElementError
&amp#27;[38;5;159m[26b99ea5]&amp#27;[0m&amp#27;[38;5;-128m[AndroidUiautomator2Driver@f98d]&amp#27;[0m Encountered internal error running command: NoSuchElementError: An element could not be located on the page using the given search parameters.
    at AndroidUiautomator2Driver.findElOrEls (C:\Users\User1\.appium\node_modules\appium-uiautomator2-driver\node_modules\appium-android-driver\lib\commands\find.ts:86:11)
    at processTicksAndRejections (node:internal/process/task_queues:95:5)
    at AndroidUiautomator2Driver.findElOrElsWithProcessing (C:\Users\User1\AppData\Roaming\npm\node_modules\appium\node_modules\@appium\base-driver\lib\basedriver\commands\find.ts:60:12)
    at AndroidUiautomator2Driver.findElement (C:\Users\User1\AppData\Roaming\npm\node_modules\appium\node_modules\@appium\base-driver\lib\basedriver\commands\find.ts:75:12)
&amp#27;[38;5;159m[26b99ea5]&amp#27;[0m&amp#27;[38;5;86m[HTTP]&amp#27;[0m &amp#27;[37m<-- POST /session/26b99ea5-0d8e-4ad3-9316-268b926276e8/element &amp#27;[39m&amp#27;[33m404&amp#27;[39m &amp#27;[90m519 ms - 890&amp#27;[39m &amp#27;[90m&amp#27;[39m
&amp#27;[38;5;159m[26b99ea5]&amp#27;[0m&amp#27;[38;5;86m[HTTP]&amp#27;[0m &amp#27;[37m-->&amp#27;[39m &amp#27;[37mPOST&amp#27;[39m &amp#27;[37m/session/26b99ea5-0d8e-4ad3-9316-268b926276e8/element&amp#27;[39m &amp#27;[90m{"using":"id","value":"com.androidsample.generalstore:id/btnLetsShop"}&amp#27;[39m
&amp#27;[38;5;159m[26b99ea5]&amp#27;[0m&amp#27;[38;5;-128m[AndroidUiautomator2Driver@f98d]&amp#27;[0m Calling AppiumDriver.findElement() with args: ["id","com.androidsample.generalstore:id/btnLetsShop","26b99ea5-0d8e-4ad3-9316-268b926276e8"]
&amp#27;[38;5;159m[26b99ea5]&amp#27;[0m&amp#27;[38;5;-128m[AndroidUiautomator2Driver@f98d]&amp#27;[0m Valid locator strategies for this request: xpath, id, class name, accessibility id, css selector, -android uiautomator
&amp#27;[38;5;159m[26b99ea5]&amp#27;[0m&amp#27;[38;5;-128m[AndroidUiautomator2Driver@f98d]&amp#27;[0m Waiting up to 0 ms for condition
&amp#27;[38;5;159m[26b99ea5]&amp#27;[0m&amp#27;[38;5;-128m[AndroidUiautomator2Driver@f98d]&amp#27;[0m Matched '/element' to command name 'findElement'
&amp#27;[38;5;159m[26b99ea5]&amp#27;[0m&amp#27;[38;5;-128m[AndroidUiautomator2Driver@f98d]&amp#27;[0m Proxying [POST /element] to [POST http://127.0.0.1:8201/session/0cb97310-d3a7-4d63-a56c-fe73865a42c7/element] with body: {"strategy":"id","selector":"com.androidsample.generalstore:id/btnLetsShop","context":"","multiple":false}
&amp#27;[38;5;159m[26b99ea5]&amp#27;[0m&amp#27;[38;5;-128m[AndroidUiautomator2Driver@f98d]&amp#27;[0m Got response with status 404: {"sessionId":"0cb97310-d3a7-4d63-a56c-fe73865a42c7","value":{"error":"no such element","message":"An element could not be located on the page using the given search parameters","stacktrace":"io.appium.uiautomator2.common.exceptions.ElementNotFoundException: An element could not be located on the page using the given search parameters\n\tat io.appium.uiautomator2.handler.FindElement.safeHandle(FindElement.java:63)\n\tat io.appium.uiautomator2.handler.request.SafeRequestHandler.handle(SafeRequestHandler.java:59)\n\tat io.appium.uiautomator2.server.AppiumServlet.handleRequest(AppiumServlet.java:259)\n\tat io.appium.uiautomator2.server.AppiumServlet.handleHttpRequest(AppiumServlet.java:253)\n\tat io.appium.uiautomator2.http.ServerHandler.channelRead(ServerHandler.java:77)\n\tat io.netty.channel.AbstractChannelHandlerContext.invokeChannelRead(AbstractChannelHandlerContext.java:366)\n\tat io.netty.channel.AbstractChannelHandlerContext.invokeChannelRead(AbstractChannelHandlerContext.java:352)\n\tat io.netty.chann...
&amp#27;[38;5;159m[26b99ea5]&amp#27;[0m&amp#27;[38;5;123m[W3C]&amp#27;[0m Matched W3C error code 'no such element' to NoSuchElementError
&amp#27;[38;5;159m[26b99ea5]&amp#27;[0m&amp#27;[38;5;-128m[AndroidUiautomator2Driver@f98d]&amp#27;[0m Encountered internal error running command: NoSuchElementError: An element could not be located on the page using the given search parameters.
    at AndroidUiautomator2Driver.findElOrEls (C:\Users\User1\.appium\node_modules\appium-uiautomator2-driver\node_modules\appium-android-driver\lib\commands\find.ts:86:11)
    at processTicksAndRejections (node:internal/process/task_queues:95:5)
    at AndroidUiautomator2Driver.findElOrElsWithProcessing (C:\Users\User1\AppData\Roaming\npm\node_modules\appium\node_modules\@appium\base-driver\lib\basedriver\commands\find.ts:60:12)
    at AndroidUiautomator2Driver.findElement (C:\Users\User1\AppData\Roaming\npm\node_modules\appium\node_modules\@appium\base-driver\lib\basedriver\commands\find.ts:75:12)
&amp#27;[38;5;159m[26b99ea5]&amp#27;[0m&amp#27;[38;5;86m[HTTP]&amp#27;[0m &amp#27;[37m<-- POST /session/26b99ea5-0d8e-4ad3-9316-268b926276e8/element &amp#27;[39m&amp#27;[33m404&amp#27;[39m &amp#27;[90m41 ms - 890&amp#27;[39m &amp#27;[90m&amp#27;[39m
&amp#27;[38;5;159m[26b99ea5]&amp#27;[0m&amp#27;[38;5;86m[HTTP]&amp#27;[0m &amp#27;[37m-->&amp#27;[39m &amp#27;[37mPOST&amp#27;[39m &amp#27;[37m/session/26b99ea5-0d8e-4ad3-9316-268b926276e8/element&amp#27;[39m &amp#27;[90m{"using":"id","value":"com.androidsample.generalstore:id/btnLetsShop"}&amp#27;[39m
&amp#27;[38;5;159m[26b99ea5]&amp#27;[0m&amp#27;[38;5;-128m[AndroidUiautomator2Driver@f98d]&amp#27;[0m Calling AppiumDriver.findElement() with args: ["id","com.androidsample.generalstore:id/btnLetsShop","26b99ea5-0d8e-4ad3-9316-268b926276e8"]
&amp#27;[38;5;159m[26b99ea5]&amp#27;[0m&amp#27;[38;5;-128m[AndroidUiautomator2Driver@f98d]&amp#27;[0m Valid locator strategies for this request: xpath, id, class name, accessibility id, css selector, -android uiautomator
&amp#27;[38;5;159m[26b99ea5]&amp#27;[0m&amp#27;[38;5;-128m[AndroidUiautomator2Driver@f98d]&amp#27;[0m Waiting up to 0 ms for condition
&amp#27;[38;5;159m[26b99ea5]&amp#27;[0m&amp#27;[38;5;-128m[AndroidUiautomator2Driver@f98d]&amp#27;[0m Matched '/element' to command name 'findElement'
&amp#27;[38;5;159m[26b99ea5]&amp#27;[0m&amp#27;[38;5;-128m[AndroidUiautomator2Driver@f98d]&amp#27;[0m Proxying [POST /element] to [POST http://127.0.0.1:8201/session/0cb97310-d3a7-4d63-a56c-fe73865a42c7/element] with body: {"strategy":"id","selector":"com.androidsample.generalstore:id/btnLetsShop","context":"","multiple":false}
&amp#27;[38;5;159m[26b99ea5]&amp#27;[0m&amp#27;[38;5;-128m[AndroidUiautomator2Driver@f98d]&amp#27;[0m Got response with status 404: {"sessionId":"0cb97310-d3a7-4d63-a56c-fe73865a42c7","value":{"error":"no such element","message":"An element could not be located on the page using the given search parameters","stacktrace":"io.appium.uiautomator2.common.exceptions.ElementNotFoundException: An element could not be located on the page using the given search parameters\n\tat io.appium.uiautomator2.handler.FindElement.safeHandle(FindElement.java:63)\n\tat io.appium.uiautomator2.handler.request.SafeRequestHandler.handle(SafeRequestHandler.java:59)\n\tat io.appium.uiautomator2.server.AppiumServlet.handleRequest(AppiumServlet.java:259)\n\tat io.appium.uiautomator2.server.AppiumServlet.handleHttpRequest(AppiumServlet.java:253)\n\tat io.appium.uiautomator2.http.ServerHandler.channelRead(ServerHandler.java:77)\n\tat io.netty.channel.AbstractChannelHandlerContext.invokeChannelRead(AbstractChannelHandlerContext.java:366)\n\tat io.netty.channel.AbstractChannelHandlerContext.invokeChannelRead(AbstractChannelHandlerContext.java:352)\n\tat io.netty.chann...
&amp#27;[38;5;159m[26b99ea5]&amp#27;[0m&amp#27;[38;5;123m[W3C]&amp#27;[0m Matched W3C error code 'no such element' to NoSuchElementError
&amp#27;[38;5;159m[26b99ea5]&amp#27;[0m&amp#27;[38;5;-128m[AndroidUiautomator2Driver@f98d]&amp#27;[0m Encountered internal error running command: NoSuchElementError: An element could not be located on the page using the given search parameters.
    at AndroidUiautomator2Driver.findElOrEls (C:\Users\User1\.appium\node_modules\appium-uiautomator2-driver\node_modules\appium-android-driver\lib\commands\find.ts:86:11)
    at processTicksAndRejections (node:internal/process/task_queues:95:5)
    at AndroidUiautomator2Driver.findElOrElsWithProcessing (C:\Users\User1\AppData\Roaming\npm\node_modules\appium\node_modules\@appium\base-driver\lib\basedriver\commands\find.ts:60:12)
    at AndroidUiautomator2Driver.findElement (C:\Users\User1\AppData\Roaming\npm\node_modules\appium\node_modules\@appium\base-driver\lib\basedriver\commands\find.ts:75:12)
&amp#27;[38;5;159m[26b99ea5]&amp#27;[0m&amp#27;[38;5;86m[HTTP]&amp#27;[0m &amp#27;[37m<-- POST /session/26b99ea5-0d8e-4ad3-9316-268b926276e8/element &amp#27;[39m&amp#27;[33m404&amp#27;[39m &amp#27;[90m28 ms - 890&amp#27;[39m &amp#27;[90m&amp#27;[39m
&amp#27;[38;5;159m[26b99ea5]&amp#27;[0m&amp#27;[38;5;86m[HTTP]&amp#27;[0m &amp#27;[37m-->&amp#27;[39m &amp#27;[37mGET&amp#27;[39m &amp#27;[37m/session/26b99ea5-0d8e-4ad3-9316-268b926276e8/context&amp#27;[39m &amp#27;[90m{}&amp#27;[39m
&amp#27;[38;5;159m[26b99ea5]&amp#27;[0m&amp#27;[38;5;-128m[AndroidUiautomator2Driver@f98d]&amp#27;[0m Calling AppiumDriver.getCurrentContext() with args: ["26b99ea5-0d8e-4ad3-9316-268b926276e8"]
&amp#27;[38;5;159m[26b99ea5]&amp#27;[0m&amp#27;[38;5;-128m[AndroidUiautomator2Driver@f98d]&amp#27;[0m Responding to client with driver.getCurrentContext() result: "NATIVE_APP"
&amp#27;[38;5;159m[26b99ea5]&amp#27;[0m&amp#27;[38;5;86m[HTTP]&amp#27;[0m &amp#27;[37m<-- GET /session/26b99ea5-0d8e-4ad3-9316-268b926276e8/context &amp#27;[39m&amp#27;[32m200&amp#27;[39m &amp#27;[90m4 ms - 22&amp#27;[39m &amp#27;[90m&amp#27;[39m
&amp#27;[38;5;159m[26b99ea5]&amp#27;[0m&amp#27;[38;5;86m[HTTP]&amp#27;[0m &amp#27;[37m-->&amp#27;[39m &amp#27;[37mPOST&amp#27;[39m &amp#27;[37m/session/26b99ea5-0d8e-4ad3-9316-268b926276e8/element&amp#27;[39m &amp#27;[90m{"using":"id","value":"com.androidsample.generalstore:id/btnLetsShop"}&amp#27;[39m
&amp#27;[38;5;159m[26b99ea5]&amp#27;[0m&amp#27;[38;5;-128m[AndroidUiautomator2Driver@f98d]&amp#27;[0m Calling AppiumDriver.findElement() with args: ["id","com.androidsample.generalstore:id/btnLetsShop","26b99ea5-0d8e-4ad3-9316-268b926276e8"]
&amp#27;[38;5;159m[26b99ea5]&amp#27;[0m&amp#27;[38;5;-128m[AndroidUiautomator2Driver@f98d]&amp#27;[0m Valid locator strategies for this request: xpath, id, class name, accessibility id, css selector, -android uiautomator
&amp#27;[38;5;159m[26b99ea5]&amp#27;[0m&amp#27;[38;5;-128m[AndroidUiautomator2Driver@f98d]&amp#27;[0m Waiting up to 0 ms for condition
&amp#27;[38;5;159m[26b99ea5]&amp#27;[0m&amp#27;[38;5;-128m[AndroidUiautomator2Driver@f98d]&amp#27;[0m Matched '/element' to command name 'findElement'
&amp#27;[38;5;159m[26b99ea5]&amp#27;[0m&amp#27;[38;5;-128m[AndroidUiautomator2Driver@f98d]&amp#27;[0m Proxying [POST /element] to [POST http://127.0.0.1:8201/session/0cb97310-d3a7-4d63-a56c-fe73865a42c7/element] with body: {"strategy":"id","selector":"com.androidsample.generalstore:id/btnLetsShop","context":"","multiple":false}
&amp#27;[38;5;159m[26b99ea5]&amp#27;[0m&amp#27;[38;5;-128m[AndroidUiautomator2Driver@f98d]&amp#27;[0m Got response with status 404: {"sessionId":"0cb97310-d3a7-4d63-a56c-fe73865a42c7","value":{"error":"no such element","message":"An element could not be located on the page using the given search parameters","stacktrace":"io.appium.uiautomator2.common.exceptions.ElementNotFoundException: An element could not be located on the page using the given search parameters\n\tat io.appium.uiautomator2.handler.FindElement.safeHandle(FindElement.java:63)\n\tat io.appium.uiautomator2.handler.request.SafeRequestHandler.handle(SafeRequestHandler.java:59)\n\tat io.appium.uiautomator2.server.AppiumServlet.handleRequest(AppiumServlet.java:259)\n\tat io.appium.uiautomator2.server.AppiumServlet.handleHttpRequest(AppiumServlet.java:253)\n\tat io.appium.uiautomator2.http.ServerHandler.channelRead(ServerHandler.java:77)\n\tat io.netty.channel.AbstractChannelHandlerContext.invokeChannelRead(AbstractChannelHandlerContext.java:366)\n\tat io.netty.channel.AbstractChannelHandlerContext.invokeChannelRead(AbstractChannelHandlerContext.java:352)\n\tat io.netty.chann...
&amp#27;[38;5;159m[26b99ea5]&amp#27;[0m&amp#27;[38;5;123m[W3C]&amp#27;[0m Matched W3C error code 'no such element' to NoSuchElementError
&amp#27;[38;5;159m[26b99ea5]&amp#27;[0m&amp#27;[38;5;-128m[AndroidUiautomator2Driver@f98d]&amp#27;[0m Encountered internal error running command: NoSuchElementError: An element could not be located on the page using the given search parameters.
    at AndroidUiautomator2Driver.findElOrEls (C:\Users\User1\.appium\node_modules\appium-uiautomator2-driver\node_modules\appium-android-driver\lib\commands\find.ts:86:11)
    at processTicksAndRejections (node:internal/process/task_queues:95:5)
    at AndroidUiautomator2Driver.findElOrElsWithProcessing (C:\Users\User1\AppData\Roaming\npm\node_modules\appium\node_modules\@appium\base-driver\lib\basedriver\commands\find.ts:60:12)
    at AndroidUiautomator2Driver.findElement (C:\Users\User1\AppData\Roaming\npm\node_modules\appium\node_modules\@appium\base-driver\lib\basedriver\commands\find.ts:75:12)
&amp#27;[38;5;159m[26b99ea5]&amp#27;[0m&amp#27;[38;5;86m[HTTP]&amp#27;[0m &amp#27;[37m<-- POST /session/26b99ea5-0d8e-4ad3-9316-268b926276e8/element &amp#27;[39m&amp#27;[33m404&amp#27;[39m &amp#27;[90m31 ms - 890&amp#27;[39m &amp#27;[90m&amp#27;[39m
&amp#27;[38;5;159m[26b99ea5]&amp#27;[0m&amp#27;[38;5;86m[HTTP]&amp#27;[0m &amp#27;[37m-->&amp#27;[39m &amp#27;[37mPOST&amp#27;[39m &amp#27;[37m/session/26b99ea5-0d8e-4ad3-9316-268b926276e8/element&amp#27;[39m &amp#27;[90m{"using":"id","value":"com.androidsample.generalstore:id/btnLetsShop"}&amp#27;[39m
&amp#27;[38;5;159m[26b99ea5]&amp#27;[0m&amp#27;[38;5;-128m[AndroidUiautomator2Driver@f98d]&amp#27;[0m Calling AppiumDriver.findElement() with args: ["id","com.androidsample.generalstore:id/btnLetsShop","26b99ea5-0d8e-4ad3-9316-268b926276e8"]
&amp#27;[38;5;159m[26b99ea5]&amp#27;[0m&amp#27;[38;5;-128m[AndroidUiautomator2Driver@f98d]&amp#27;[0m Valid locator strategies for this request: xpath, id, class name, accessibility id, css selector, -android uiautomator
&amp#27;[38;5;159m[26b99ea5]&amp#27;[0m&amp#27;[38;5;-128m[AndroidUiautomator2Driver@f98d]&amp#27;[0m Waiting up to 0 ms for condition
&amp#27;[38;5;159m[26b99ea5]&amp#27;[0m&amp#27;[38;5;-128m[AndroidUiautomator2Driver@f98d]&amp#27;[0m Matched '/element' to command name 'findElement'
&amp#27;[38;5;159m[26b99ea5]&amp#27;[0m&amp#27;[38;5;-128m[AndroidUiautomator2Driver@f98d]&amp#27;[0m Proxying [POST /element] to [POST http://127.0.0.1:8201/session/0cb97310-d3a7-4d63-a56c-fe73865a42c7/element] with body: {"strategy":"id","selector":"com.androidsample.generalstore:id/btnLetsShop","context":"","multiple":false}
&amp#27;[38;5;159m[26b99ea5]&amp#27;[0m&amp#27;[38;5;-128m[AndroidUiautomator2Driver@f98d]&amp#27;[0m Got response with status 200: {"sessionId":"0cb97310-d3a7-4d63-a56c-fe73865a42c7","value":{"ELEMENT":"00000000-0000-0723-ffff-ffff00000021","element-6066-11e4-a52e-4f735466cecf":"00000000-0000-0723-ffff-ffff00000021"}}
&amp#27;[38;5;159m[26b99ea5]&amp#27;[0m&amp#27;[38;5;-128m[AndroidUiautomator2Driver@f98d]&amp#27;[0m Responding to client with driver.findElement() result: {"element-6066-11e4-a52e-4f735466cecf":"00000000-0000-0723-ffff-ffff00000021","ELEMENT":"00000000-0000-0723-ffff-ffff00000021"}
&amp#27;[38;5;159m[26b99ea5]&amp#27;[0m&amp#27;[38;5;86m[HTTP]&amp#27;[0m &amp#27;[37m<-- POST /session/26b99ea5-0d8e-4ad3-9316-268b926276e8/element &amp#27;[39m&amp#27;[32m200&amp#27;[39m &amp#27;[90m1684 ms - 137&amp#27;[39m &amp#27;[90m&amp#27;[39m
&amp#27;[38;5;159m[26b99ea5]&amp#27;[0m&amp#27;[38;5;86m[HTTP]&amp#27;[0m &amp#27;[37m-->&amp#27;[39m &amp#27;[37mGET&amp#27;[39m &amp#27;[37m/session/26b99ea5-0d8e-4ad3-9316-268b926276e8/element/00000000-0000-0723-ffff-ffff00000021/displayed&amp#27;[39m &amp#27;[90m{}&amp#27;[39m
&amp#27;[38;5;159m[26b99ea5]&amp#27;[0m&amp#27;[38;5;-128m[AndroidUiautomator2Driver@f98d]&amp#27;[0m Calling AppiumDriver.elementDisplayed() with args: ["00000000-0000-0723-ffff-ffff00000021","26b99ea5-0d8e-4ad3-9316-268b926276e8"]
&amp#27;[38;5;159m[26b99ea5]&amp#27;[0m&amp#27;[38;5;-128m[AndroidUiautomator2Driver@f98d]&amp#27;[0m Matched '/element/00000000-0000-0723-ffff-ffff00000021/attribute/displayed' to command name 'getAttribute'
&amp#27;[38;5;159m[26b99ea5]&amp#27;[0m&amp#27;[38;5;-128m[AndroidUiautomator2Driver@f98d]&amp#27;[0m Proxying [GET /element/00000000-0000-0723-ffff-ffff00000021/attribute/displayed] to [GET http://127.0.0.1:8201/session/0cb97310-d3a7-4d63-a56c-fe73865a42c7/element/00000000-0000-0723-ffff-ffff00000021/attribute/displayed] with no body
&amp#27;[38;5;159m[26b99ea5]&amp#27;[0m&amp#27;[38;5;-128m[AndroidUiautomator2Driver@f98d]&amp#27;[0m Got response with status 200: {"sessionId":"0cb97310-d3a7-4d63-a56c-fe73865a42c7","value":"true"}
&amp#27;[38;5;159m[26b99ea5]&amp#27;[0m&amp#27;[38;5;-128m[AndroidUiautomator2Driver@f98d]&amp#27;[0m Responding to client with driver.elementDisplayed() result: true
&amp#27;[38;5;159m[26b99ea5]&amp#27;[0m&amp#27;[38;5;86m[HTTP]&amp#27;[0m &amp#27;[37m<-- GET /session/26b99ea5-0d8e-4ad3-9316-268b926276e8/element/00000000-0000-0723-ffff-ffff00000021/displayed &amp#27;[39m&amp#27;[32m200&amp#27;[39m &amp#27;[90m22 ms - 14&amp#27;[39m &amp#27;[90m&amp#27;[39m
&amp#27;[38;5;159m[26b99ea5]&amp#27;[0m&amp#27;[38;5;86m[HTTP]&amp#27;[0m &amp#27;[37m-->&amp#27;[39m &amp#27;[37mGET&amp#27;[39m &amp#27;[37m/session/26b99ea5-0d8e-4ad3-9316-268b926276e8/context&amp#27;[39m &amp#27;[90m{}&amp#27;[39m
&amp#27;[38;5;159m[26b99ea5]&amp#27;[0m&amp#27;[38;5;-128m[AndroidUiautomator2Driver@f98d]&amp#27;[0m Calling AppiumDriver.getCurrentContext() with args: ["26b99ea5-0d8e-4ad3-9316-268b926276e8"]
&amp#27;[38;5;159m[26b99ea5]&amp#27;[0m&amp#27;[38;5;-128m[AndroidUiautomator2Driver@f98d]&amp#27;[0m Responding to client with driver.getCurrentContext() result: "NATIVE_APP"
&amp#27;[38;5;159m[26b99ea5]&amp#27;[0m&amp#27;[38;5;86m[HTTP]&amp#27;[0m &amp#27;[37m<-- GET /session/26b99ea5-0d8e-4ad3-9316-268b926276e8/context &amp#27;[39m&amp#27;[32m200&amp#27;[39m &amp#27;[90m1 ms - 22&amp#27;[39m &amp#27;[90m&amp#27;[39m
&amp#27;[38;5;159m[26b99ea5]&amp#27;[0m&amp#27;[38;5;86m[HTTP]&amp#27;[0m &amp#27;[37m-->&amp#27;[39m &amp#27;[37mPOST&amp#27;[39m &amp#27;[37m/session/26b99ea5-0d8e-4ad3-9316-268b926276e8/element&amp#27;[39m &amp#27;[90m{"using":"id","value":"com.androidsample.generalstore:id/btnLetsShop"}&amp#27;[39m
&amp#27;[38;5;159m[26b99ea5]&amp#27;[0m&amp#27;[38;5;-128m[AndroidUiautomator2Driver@f98d]&amp#27;[0m Calling AppiumDriver.findElement() with args: ["id","com.androidsample.generalstore:id/btnLetsShop","26b99ea5-0d8e-4ad3-9316-268b926276e8"]
&amp#27;[38;5;159m[26b99ea5]&amp#27;[0m&amp#27;[38;5;-128m[AndroidUiautomator2Driver@f98d]&amp#27;[0m Valid locator strategies for this request: xpath, id, class name, accessibility id, css selector, -android uiautomator
&amp#27;[38;5;159m[26b99ea5]&amp#27;[0m&amp#27;[38;5;-128m[AndroidUiautomator2Driver@f98d]&amp#27;[0m Waiting up to 0 ms for condition
&amp#27;[38;5;159m[26b99ea5]&amp#27;[0m&amp#27;[38;5;-128m[AndroidUiautomator2Driver@f98d]&amp#27;[0m Matched '/element' to command name 'findElement'
&amp#27;[38;5;159m[26b99ea5]&amp#27;[0m&amp#27;[38;5;-128m[AndroidUiautomator2Driver@f98d]&amp#27;[0m Proxying [POST /element] to [POST http://127.0.0.1:8201/session/0cb97310-d3a7-4d63-a56c-fe73865a42c7/element] with body: {"strategy":"id","selector":"com.androidsample.generalstore:id/btnLetsShop","context":"","multiple":false}
&amp#27;[38;5;159m[26b99ea5]&amp#27;[0m&amp#27;[38;5;-128m[AndroidUiautomator2Driver@f98d]&amp#27;[0m Got response with status 200: {"sessionId":"0cb97310-d3a7-4d63-a56c-fe73865a42c7","value":{"ELEMENT":"00000000-0000-0723-ffff-ffff00000021","element-6066-11e4-a52e-4f735466cecf":"00000000-0000-0723-ffff-ffff00000021"}}
&amp#27;[38;5;159m[26b99ea5]&amp#27;[0m&amp#27;[38;5;-128m[AndroidUiautomator2Driver@f98d]&amp#27;[0m Responding to client with driver.findElement() result: {"element-6066-11e4-a52e-4f735466cecf":"00000000-0000-0723-ffff-ffff00000021","ELEMENT":"00000000-0000-0723-ffff-ffff00000021"}
&amp#27;[38;5;159m[26b99ea5]&amp#27;[0m&amp#27;[38;5;86m[HTTP]&amp#27;[0m &amp#27;[37m<-- POST /session/26b99ea5-0d8e-4ad3-9316-268b926276e8/element &amp#27;[39m&amp#27;[32m200&amp#27;[39m &amp#27;[90m35 ms - 137&amp#27;[39m &amp#27;[90m&amp#27;[39m
&amp#27;[38;5;159m[26b99ea5]&amp#27;[0m&amp#27;[38;5;86m[HTTP]&amp#27;[0m &amp#27;[37m-->&amp#27;[39m &amp#27;[37mGET&amp#27;[39m &amp#27;[37m/session/26b99ea5-0d8e-4ad3-9316-268b926276e8/element/00000000-0000-0723-ffff-ffff00000021/enabled&amp#27;[39m &amp#27;[90m{}&amp#27;[39m
&amp#27;[38;5;159m[26b99ea5]&amp#27;[0m&amp#27;[38;5;-128m[AndroidUiautomator2Driver@f98d]&amp#27;[0m Calling AppiumDriver.elementEnabled() with args: ["00000000-0000-0723-ffff-ffff00000021","26b99ea5-0d8e-4ad3-9316-268b926276e8"]
&amp#27;[38;5;159m[26b99ea5]&amp#27;[0m&amp#27;[38;5;-128m[AndroidUiautomator2Driver@f98d]&amp#27;[0m Matched '/element/00000000-0000-0723-ffff-ffff00000021/attribute/enabled' to command name 'getAttribute'
&amp#27;[38;5;159m[26b99ea5]&amp#27;[0m&amp#27;[38;5;-128m[AndroidUiautomator2Driver@f98d]&amp#27;[0m Proxying [GET /element/00000000-0000-0723-ffff-ffff00000021/attribute/enabled] to [GET http://127.0.0.1:8201/session/0cb97310-d3a7-4d63-a56c-fe73865a42c7/element/00000000-0000-0723-ffff-ffff00000021/attribute/enabled] with no body
&amp#27;[38;5;159m[26b99ea5]&amp#27;[0m&amp#27;[38;5;-128m[AndroidUiautomator2Driver@f98d]&amp#27;[0m Got response with status 200: {"sessionId":"0cb97310-d3a7-4d63-a56c-fe73865a42c7","value":"true"}
&amp#27;[38;5;159m[26b99ea5]&amp#27;[0m&amp#27;[38;5;-128m[AndroidUiautomator2Driver@f98d]&amp#27;[0m Responding to client with driver.elementEnabled() result: true
&amp#27;[38;5;159m[26b99ea5]&amp#27;[0m&amp#27;[38;5;86m[HTTP]&amp#27;[0m &amp#27;[37m<-- GET /session/26b99ea5-0d8e-4ad3-9316-268b926276e8/element/00000000-0000-0723-ffff-ffff00000021/enabled &amp#27;[39m&amp#27;[32m200&amp#27;[39m &amp#27;[90m17 ms - 14&amp#27;[39m &amp#27;[90m&amp#27;[39m
Test Passed: verifySubmitButtonEnable
]]></system-out>
  </testcase>
  <testcase name="backButtonEnable[{name=Raj, country=Austria, product=Converse All Star, genderFemale=Female, genderMale=Male}](1)" classname="testCases.ProductPageTest" time="16.315">
    <system-out><![CDATA[&amp#27;[38;5;159m[26b99ea5]&amp#27;[0m&amp#27;[38;5;86m[HTTP]&amp#27;[0m &amp#27;[37m-->&amp#27;[39m &amp#27;[37mDELETE&amp#27;[39m &amp#27;[37m/session/26b99ea5-0d8e-4ad3-9316-268b926276e8&amp#27;[39m &amp#27;[90m{}&amp#27;[39m
&amp#27;[38;5;159m[26b99ea5]&amp#27;[0m&amp#27;[38;5;-128m[AndroidUiautomator2Driver@f98d]&amp#27;[0m Calling AppiumDriver.deleteSession() with args: ["26b99ea5-0d8e-4ad3-9316-268b926276e8"]
&amp#27;[38;5;159m[26b99ea5]&amp#27;[0m&amp#27;[38;5;153m[AppiumDriver@f61d]&amp#27;[0m Event 'quitSessionRequested' logged at 1744635008913 (18:20:08 GMT+0530 (India Standard Time))
&amp#27;[38;5;159m[26b99ea5]&amp#27;[0m&amp#27;[38;5;153m[AppiumDriver@f61d]&amp#27;[0m Removing session 26b99ea5-0d8e-4ad3-9316-268b926276e8 from our master session list
&amp#27;[38;5;159m[26b99ea5]&amp#27;[0m&amp#27;[38;5;-128m[AndroidUiautomator2Driver@f98d]&amp#27;[0m Deleting UiAutomator2 session
&amp#27;[38;5;159m[26b99ea5]&amp#27;[0m&amp#27;[38;5;-128m[AndroidUiautomator2Driver@f98d]&amp#27;[0m Deleting UiAutomator2 server session
&amp#27;[38;5;159m[26b99ea5]&amp#27;[0m&amp#27;[38;5;-128m[AndroidUiautomator2Driver@f98d]&amp#27;[0m Matched '/' to command name 'deleteSession'
&amp#27;[38;5;159m[26b99ea5]&amp#27;[0m&amp#27;[38;5;-128m[AndroidUiautomator2Driver@f98d]&amp#27;[0m Proxying [DELETE /] to [DELETE http://127.0.0.1:8201/session/0cb97310-d3a7-4d63-a56c-fe73865a42c7] with no body
&amp#27;[38;5;159m[26b99ea5]&amp#27;[0m&amp#27;[38;5;-128m[AndroidUiautomator2Driver@f98d]&amp#27;[0m Got response with status 200: {"sessionId":"0cb97310-d3a7-4d63-a56c-fe73865a42c7","value":null}
&amp#27;[38;5;159m[26b99ea5]&amp#27;[0m&amp#27;[38;5;-128m[AndroidUiautomator2Driver@f98d]&amp#27;[0m [Instrumentation] io.appium.uiautomator2.server.test.AppiumUiAutomator2Server:
&amp#27;[38;5;159m[26b99ea5]&amp#27;[0m&amp#27;[38;5;-128m[AndroidUiautomator2Driver@f98d]&amp#27;[0m [Instrumentation] The process has exited with code null, signal SIGTERM
&amp#27;[38;5;159m[26b99ea5]&amp#27;[0m&amp#27;[38;5;229m[ADB]&amp#27;[0m Running 'C:\Users\User1\AppData\Local\Android\Sdk\platform-tools\adb.exe -P 5037 -s emulator-5554 shell dumpsys activity services io.appium.settings/.recorder.RecorderService'
&amp#27;[38;5;159m[26b99ea5]&amp#27;[0m&amp#27;[38;5;229m[ADB]&amp#27;[0m Running 'C:\Users\User1\AppData\Local\Android\Sdk\platform-tools\adb.exe -P 5037 -s emulator-5554 shell am force-stop com.androidsample.generalstore'
&amp#27;[38;5;159m[26b99ea5]&amp#27;[0m&amp#27;[38;5;229m[ADB]&amp#27;[0m Removing forwarded port socket connection: 8201 
&amp#27;[38;5;159m[26b99ea5]&amp#27;[0m&amp#27;[38;5;229m[ADB]&amp#27;[0m Running 'C:\Users\User1\AppData\Local\Android\Sdk\platform-tools\adb.exe -P 5037 -s emulator-5554 forward --remove tcp:8201'
&amp#27;[38;5;159m[26b99ea5]&amp#27;[0m&amp#27;[38;5;-128m[AndroidUiautomator2Driver@f98d]&amp#27;[0m Restoring hidden api policy to the device default configuration
&amp#27;[38;5;159m[26b99ea5]&amp#27;[0m&amp#27;[38;5;229m[ADB]&amp#27;[0m Running 'C:\Users\User1\AppData\Local\Android\Sdk\platform-tools\adb.exe -P 5037 -s emulator-5554 shell 'settings delete global hidden_api_policy_pre_p_apps;settings delete global hidden_api_policy_p_apps;settings delete global hidden_api_policy''
&amp#27;[38;5;159m[26b99ea5]&amp#27;[0m&amp#27;[38;5;160m[Logcat]&amp#27;[0m Stopping logcat capture
&amp#27;[38;5;159m[26b99ea5]&amp#27;[0m&amp#27;[38;5;153m[AppiumDriver@f61d]&amp#27;[0m Event 'quitSessionFinished' logged at 1744635009458 (18:20:09 GMT+0530 (India Standard Time))
&amp#27;[38;5;159m[26b99ea5]&amp#27;[0m&amp#27;[38;5;153m[AppiumDriver@f61d]&amp#27;[0m Received response: null
&amp#27;[38;5;159m[26b99ea5]&amp#27;[0m&amp#27;[38;5;153m[AppiumDriver@f61d]&amp#27;[0m But deleting session, so not returning
&amp#27;[38;5;159m[26b99ea5]&amp#27;[0m&amp#27;[38;5;153m[AppiumDriver@f61d]&amp#27;[0m Responding to client with driver.deleteSession() result: null
&amp#27;[38;5;159m[26b99ea5]&amp#27;[0m&amp#27;[38;5;86m[HTTP]&amp#27;[0m &amp#27;[37m<-- DELETE /session/26b99ea5-0d8e-4ad3-9316-268b926276e8 &amp#27;[39m&amp#27;[32m200&amp#27;[39m &amp#27;[90m546 ms - 14&amp#27;[39m &amp#27;[90m&amp#27;[39m
&amp#27;[38;5;112m[Appium]&amp#27;[0m Welcome to Appium v2.11.5
&amp#27;[38;5;112m[Appium]&amp#27;[0m The autodetected Appium home path: C:\Users\User1\.appium
&amp#27;[38;5;112m[Appium]&amp#27;[0m Attempting to load driver uiautomator2...
&amp#27;[38;5;112m[Appium]&amp#27;[0m Attempting to load driver xcuitest...
&amp#27;[38;5;112m[Appium]&amp#27;[0m Attempting to load driver espresso...
&amp#27;[38;5;112m[Appium]&amp#27;[0m Requiring driver at C:\Users\User1\.appium\node_modules\appium-uiautomator2-driver\build\index.js
&amp#27;[38;5;112m[Appium]&amp#27;[0m Requiring driver at C:\Users\User1\.appium\node_modules\appium-xcuitest-driver\build\index.js
&amp#27;[38;5;112m[Appium]&amp#27;[0m Requiring driver at C:\Users\User1\.appium\node_modules\appium-espresso-driver\build\index.js
&amp#27;[38;5;112m[Appium]&amp#27;[0m AndroidUiautomator2Driver has been successfully loaded in 2.539s
&amp#27;[38;5;112m[Appium]&amp#27;[0m XCUITestDriver has been successfully loaded in 2.539s
&amp#27;[38;5;112m[Appium]&amp#27;[0m EspressoDriver has been successfully loaded in 2.539s
&amp#27;[38;5;112m[Appium]&amp#27;[0m Attempting to load driver gecko...
&amp#27;[38;5;112m[Appium]&amp#27;[0m Requiring driver at C:\Users\User1\.appium\node_modules\appium-geckodriver\build\index.js
&amp#27;[38;5;112m[Appium]&amp#27;[0m GeckoDriver has been successfully loaded in 0.104s
&amp#27;[38;5;112m[Appium]&amp#27;[0m Appium REST http interface listener started on http://0.0.0.0:4723
&amp#27;[38;5;112m[Appium]&amp#27;[0m You can provide the following URLs in your client code to connect to this server:
	http://192.168.0.114:4723/
	http://127.0.0.1:4723/ (only accessible from the same host)
&amp#27;[38;5;112m[Appium]&amp#27;[0m Available drivers:
&amp#27;[38;5;112m[Appium]&amp#27;[0m   - uiautomator2@3.8.0 (automationName 'UiAutomator2')
&amp#27;[38;5;112m[Appium]&amp#27;[0m   - xcuitest@7.27.1 (automationName 'XCUITest')
&amp#27;[38;5;112m[Appium]&amp#27;[0m   - espresso@3.5.0 (automationName 'Espresso')
&amp#27;[38;5;112m[Appium]&amp#27;[0m   - gecko@1.4.0 (automationName 'Gecko')
&amp#27;[38;5;112m[Appium]&amp#27;[0m No plugins have been installed. Use the "appium plugin" command to install the one(s) you want to use.
&amp#27;[38;5;86m[HTTP]&amp#27;[0m &amp#27;[37m-->&amp#27;[39m &amp#27;[37mGET&amp#27;[39m &amp#27;[37m/status&amp#27;[39m &amp#27;[90m{}&amp#27;[39m
&amp#27;[38;5;48m[AppiumDriver@a908]&amp#27;[0m Calling AppiumDriver.getStatus() with args: []
&amp#27;[38;5;48m[AppiumDriver@a908]&amp#27;[0m Responding to client with driver.getStatus() result: {"ready":true,"message":"The server is ready to accept new connections","build":{"version":"2.11.5"}}
&amp#27;[38;5;86m[HTTP]&amp#27;[0m &amp#27;[37m<-- GET /status &amp#27;[39m&amp#27;[32m200&amp#27;[39m &amp#27;[90m8 ms - 111&amp#27;[39m &amp#27;[90m&amp#27;[39m
&amp#27;[38;5;86m[HTTP]&amp#27;[0m Request idempotency key: 3e46d6b5-1d80-4b59-9624-c0b38f340399
&amp#27;[38;5;86m[HTTP]&amp#27;[0m &amp#27;[37m-->&amp#27;[39m &amp#27;[37mPOST&amp#27;[39m &amp#27;[37m/session&amp#27;[39m &amp#27;[90m{"capabilities":{"firstMatch":[{"appium:chromedriverExecutable":"C://Users//User1//Downloads//chromedriver-win64//chromedriver-win64//chromedriver.exe","appium:deviceName":"Rajemulator","platformName":"ANDROID","appium:automationName":"UIAutomator2","appium:app":"C:\\Users\\User1\\eclipse-workspace\\eCommerceFramework//src//main//resources//General-Store.apk"}]}}&amp#27;[39m
&amp#27;[38;5;48m[AppiumDriver@a908]&amp#27;[0m Calling AppiumDriver.createSession() with args: [null,null,{"firstMatch":[{"appium:chromedriverExecutable":"C://Users//User1//Downloads//chromedriver-win64//chromedriver-win64//chromedriver.exe","appium:deviceName":"Rajemulator","platformName":"ANDROID","appium:automationName":"UIAutomator2","appium:app":"C:\\Users\\User1\\eclipse-workspace\\eCommerceFramework//src//main//resources//General-Store.apk"}]}]
&amp#27;[38;5;48m[AppiumDriver@a908]&amp#27;[0m Event 'newSessionRequested' logged at 1744635014474 (18:20:14 GMT+0530 (India Standard Time))
&amp#27;[38;5;112m[Appium]&amp#27;[0m Attempting to find matching driver for automationName 'UIAutomator2' and platformName 'ANDROID'
&amp#27;[38;5;112m[Appium]&amp#27;[0m The 'uiautomator2' driver was installed and matched caps.
&amp#27;[38;5;112m[Appium]&amp#27;[0m Will require it at C:\Users\User1\.appium\node_modules\appium-uiautomator2-driver
&amp#27;[38;5;112m[Appium]&amp#27;[0m Requiring driver at C:\Users\User1\.appium\node_modules\appium-uiautomator2-driver\build\index.js
&amp#27;[38;5;48m[AppiumDriver@a908]&amp#27;[0m Appium v2.11.5 creating new AndroidUiautomator2Driver (v3.8.0) session
&amp#27;[38;5;48m[AppiumDriver@a908]&amp#27;[0m Checking BaseDriver versions for Appium and AndroidUiautomator2Driver
&amp#27;[38;5;48m[AppiumDriver@a908]&amp#27;[0m Appium's BaseDriver version is 9.11.5
&amp#27;[38;5;48m[AppiumDriver@a908]&amp#27;[0m AndroidUiautomator2Driver's BaseDriver version is 9.11.5
&amp#27;[38;5;-163m[AndroidUiautomator2Driver@e9a1]&amp#27;[0m 
&amp#27;[38;5;-163m[AndroidUiautomator2Driver@e9a1]&amp#27;[0m Creating session with W3C capabilities: {
  "alwaysMatch": {
    "platformName": "ANDROID",
    "appium:chromedriverExecutable": "C://Users//User1//Downloads//chromedriver-win64//chromedriver-win64//chromedriver.exe",
    "appium:deviceName": "Rajemulator",
    "appium:automationName": "UIAutomator2",
    "appium:app": "C:\\Users\\User1\\eclipse-workspace\\eCommerceFramework//src//main//resources//General-Store.apk"
  },
  "firstMatch": [
    {}
  ]
}
&amp#27;[38;5;80m[b650b02a]&amp#27;[0m&amp#27;[38;5;-163m[AndroidUiautomator2Driver@e9a1]&amp#27;[0m Session created with session id: b650b02a-6867-4ff7-891d-874bdf2bbd17
&amp#27;[38;5;80m[b650b02a]&amp#27;[0m&amp#27;[38;5;229m[ADB]&amp#27;[0m Found 3 'build-tools' folders under 'C:\Users\User1\AppData\Local\Android\Sdk' (newest first):
&amp#27;[38;5;80m[b650b02a]&amp#27;[0m&amp#27;[38;5;229m[ADB]&amp#27;[0m     C:\Users\User1\AppData\Local\Android\Sdk\build-tools\36.0.0-rc1
&amp#27;[38;5;80m[b650b02a]&amp#27;[0m&amp#27;[38;5;229m[ADB]&amp#27;[0m     C:\Users\User1\AppData\Local\Android\Sdk\build-tools\35.0.0
&amp#27;[38;5;80m[b650b02a]&amp#27;[0m&amp#27;[38;5;229m[ADB]&amp#27;[0m     C:\Users\User1\AppData\Local\Android\Sdk\build-tools\34.0.0
&amp#27;[38;5;80m[b650b02a]&amp#27;[0m&amp#27;[38;5;229m[ADB]&amp#27;[0m Using 'adb.exe' from 'C:\Users\User1\AppData\Local\Android\Sdk\platform-tools\adb.exe'
&amp#27;[38;5;80m[b650b02a]&amp#27;[0m&amp#27;[38;5;229m[ADB]&amp#27;[0m Running 'C:\Users\User1\AppData\Local\Android\Sdk\platform-tools\adb.exe -P 5037 start-server'
&amp#27;[38;5;80m[b650b02a]&amp#27;[0m&amp#27;[38;5;-163m[AndroidUiautomator2Driver@e9a1]&amp#27;[0m Retrieving device list
&amp#27;[38;5;80m[b650b02a]&amp#27;[0m&amp#27;[38;5;229m[ADB]&amp#27;[0m Trying to find connected Android devices
&amp#27;[38;5;80m[b650b02a]&amp#27;[0m&amp#27;[38;5;229m[ADB]&amp#27;[0m Getting connected devices
&amp#27;[38;5;80m[b650b02a]&amp#27;[0m&amp#27;[38;5;229m[ADB]&amp#27;[0m Connected devices: [{"udid":"emulator-5554","state":"device"}]
&amp#27;[38;5;80m[b650b02a]&amp#27;[0m&amp#27;[38;5;-163m[AndroidUiautomator2Driver@e9a1]&amp#27;[0m Using device: emulator-5554
&amp#27;[38;5;80m[b650b02a]&amp#27;[0m&amp#27;[38;5;229m[ADB]&amp#27;[0m Using 'adb.exe' from 'C:\Users\User1\AppData\Local\Android\Sdk\platform-tools\adb.exe'
&amp#27;[38;5;80m[b650b02a]&amp#27;[0m&amp#27;[38;5;229m[ADB]&amp#27;[0m Running 'C:\Users\User1\AppData\Local\Android\Sdk\platform-tools\adb.exe -P 5037 start-server'
&amp#27;[38;5;80m[b650b02a]&amp#27;[0m&amp#27;[38;5;229m[ADB]&amp#27;[0m Setting device id to emulator-5554
&amp#27;[38;5;80m[b650b02a]&amp#27;[0m&amp#27;[38;5;123m[BaseDriver]&amp#27;[0m Using local app 'C:\Users\User1\eclipse-workspace\eCommerceFramework//src//main//resources//General-Store.apk'
&amp#27;[38;5;80m[b650b02a]&amp#27;[0m&amp#27;[38;5;-163m[AndroidUiautomator2Driver@e9a1]&amp#27;[0m Checking whether app is actually present
&amp#27;[38;5;80m[b650b02a]&amp#27;[0m&amp#27;[38;5;229m[ADB]&amp#27;[0m Running 'C:\Users\User1\AppData\Local\Android\Sdk\platform-tools\adb.exe -P 5037 -s emulator-5554 shell getprop ro.build.version.sdk'
&amp#27;[38;5;80m[b650b02a]&amp#27;[0m&amp#27;[38;5;229m[ADB]&amp#27;[0m Current device property 'ro.build.version.sdk': 35
&amp#27;[38;5;80m[b650b02a]&amp#27;[0m&amp#27;[38;5;229m[ADB]&amp#27;[0m Getting device platform version
&amp#27;[38;5;80m[b650b02a]&amp#27;[0m&amp#27;[38;5;229m[ADB]&amp#27;[0m Running 'C:\Users\User1\AppData\Local\Android\Sdk\platform-tools\adb.exe -P 5037 -s emulator-5554 shell getprop ro.build.version.release'
&amp#27;[38;5;80m[b650b02a]&amp#27;[0m&amp#27;[38;5;229m[ADB]&amp#27;[0m Current device property 'ro.build.version.release': 15
&amp#27;[38;5;80m[b650b02a]&amp#27;[0m&amp#27;[38;5;229m[ADB]&amp#27;[0m Device API level: 35
&amp#27;[38;5;80m[b650b02a]&amp#27;[0m&amp#27;[38;5;-163m[AndroidUiautomator2Driver@e9a1]&amp#27;[0m Relaxing hidden api policy
&amp#27;[38;5;80m[b650b02a]&amp#27;[0m&amp#27;[38;5;229m[ADB]&amp#27;[0m Running 'C:\Users\User1\AppData\Local\Android\Sdk\platform-tools\adb.exe -P 5037 -s emulator-5554 shell 'settings put global hidden_api_policy_pre_p_apps 1;settings put global hidden_api_policy_p_apps 1;settings put global hidden_api_policy 1''
&amp#27;[38;5;80m[b650b02a]&amp#27;[0m&amp#27;[38;5;-163m[AndroidUiautomator2Driver@e9a1]&amp#27;[0m Parsing package and activity from app manifest
&amp#27;[38;5;80m[b650b02a]&amp#27;[0m&amp#27;[38;5;229m[ADB]&amp#27;[0m Running 'C:\Users\User1\AppData\Local\Android\Sdk\platform-tools\adb.exe -P 5037 -s emulator-5554 wait-for-device'
&amp#27;[38;5;80m[b650b02a]&amp#27;[0m&amp#27;[38;5;229m[ADB]&amp#27;[0m Using 'aapt2.exe' from 'C:\Users\User1\AppData\Local\Android\Sdk\build-tools\36.0.0-rc1\aapt2.exe'
&amp#27;[38;5;80m[b650b02a]&amp#27;[0m&amp#27;[38;5;229m[ADB]&amp#27;[0m Reading package manifest: 'C:\\Users\\User1\\AppData\\Local\\Android\\Sdk\\build-tools\\36.0.0-rc1\\aapt2.exe dump badging C:\\Users\\User1\\eclipse-workspace\\eCommerceFramework//src//main//resources//General-Store.apk'
&amp#27;[38;5;80m[b650b02a]&amp#27;[0m&amp#27;[38;5;229m[ADB]&amp#27;[0m Running 'C:\Users\User1\AppData\Local\Android\Sdk\platform-tools\adb.exe -P 5037 -s emulator-5554 shell echo ping'
&amp#27;[38;5;80m[b650b02a]&amp#27;[0m&amp#27;[38;5;229m[ADB]&amp#27;[0m Package name: 'com.androidsample.generalstore'
&amp#27;[38;5;80m[b650b02a]&amp#27;[0m&amp#27;[38;5;229m[ADB]&amp#27;[0m Main activity name: 'com.androidsample.generalstore.SplashActivity'
&amp#27;[38;5;80m[b650b02a]&amp#27;[0m&amp#27;[38;5;-163m[AndroidUiautomator2Driver@e9a1]&amp#27;[0m Parsed package and activity are: com.androidsample.generalstore/com.androidsample.generalstore.SplashActivity
&amp#27;[38;5;80m[b650b02a]&amp#27;[0m&amp#27;[38;5;-163m[AndroidUiautomator2Driver@e9a1]&amp#27;[0m Pushing settings apk to the device...
&amp#27;[38;5;80m[b650b02a]&amp#27;[0m&amp#27;[38;5;229m[ADB]&amp#27;[0m Getting package info for 'io.appium.settings'
&amp#27;[38;5;80m[b650b02a]&amp#27;[0m&amp#27;[38;5;229m[ADB]&amp#27;[0m Running 'C:\Users\User1\AppData\Local\Android\Sdk\platform-tools\adb.exe -P 5037 -s emulator-5554 shell dumpsys package io.appium.settings'
&amp#27;[38;5;80m[b650b02a]&amp#27;[0m&amp#27;[38;5;229m[ADB]&amp#27;[0m Reading package manifest: 'C:\\Users\\User1\\AppData\\Local\\Android\\Sdk\\build-tools\\36.0.0-rc1\\aapt2.exe dump badging C:\\Users\\User1\\.appium\\node_modules\\appium-uiautomator2-driver\\node_modules\\io.appium.settings\\apks\\settings_apk-debug.apk'
&amp#27;[38;5;80m[b650b02a]&amp#27;[0m&amp#27;[38;5;229m[ADB]&amp#27;[0m The version name of the installed 'io.appium.settings' is greater or equal to the application version name ('5.12.13' >= '5.12.13')
&amp#27;[38;5;80m[b650b02a]&amp#27;[0m&amp#27;[38;5;229m[ADB]&amp#27;[0m There is no need to install/upgrade 'C:\Users\User1\.appium\node_modules\appium-uiautomator2-driver\node_modules\io.appium.settings\apks\settings_apk-debug.apk'
&amp#27;[38;5;80m[b650b02a]&amp#27;[0m&amp#27;[38;5;229m[ADB]&amp#27;[0m Running 'C:\Users\User1\AppData\Local\Android\Sdk\platform-tools\adb.exe -P 5037 -s emulator-5554 shell dumpsys activity services io.appium.settings'
&amp#27;[38;5;80m[b650b02a]&amp#27;[0m&amp#27;[38;5;-163m[AndroidUiautomator2Driver@e9a1]&amp#27;[0m io.appium.settings is already running. There is no need to reset its permissions.
&amp#27;[38;5;80m[b650b02a]&amp#27;[0m&amp#27;[38;5;160m[Logcat]&amp#27;[0m Starting logs capture with command: C:\\Users\\User1\\AppData\\Local\\Android\\Sdk\\platform-tools\\adb.exe -P 5037 -s emulator-5554 logcat -v threadtime
&amp#27;[38;5;80m[b650b02a]&amp#27;[0m&amp#27;[38;5;-163m[AndroidUiautomator2Driver@e9a1]&amp#27;[0m Forwarding UiAutomator2 Server port 6790 to local port 8201
&amp#27;[38;5;80m[b650b02a]&amp#27;[0m&amp#27;[38;5;229m[ADB]&amp#27;[0m Forwarding system: 8201 to device: 6790
&amp#27;[38;5;80m[b650b02a]&amp#27;[0m&amp#27;[38;5;229m[ADB]&amp#27;[0m Running 'C:\Users\User1\AppData\Local\Android\Sdk\platform-tools\adb.exe -P 5037 -s emulator-5554 forward tcp:8201 tcp:6790'
&amp#27;[38;5;80m[b650b02a]&amp#27;[0m&amp#27;[38;5;229m[ADB]&amp#27;[0m Getting package info for 'io.appium.uiautomator2.server'
&amp#27;[38;5;80m[b650b02a]&amp#27;[0m&amp#27;[38;5;229m[ADB]&amp#27;[0m Running 'C:\Users\User1\AppData\Local\Android\Sdk\platform-tools\adb.exe -P 5037 -s emulator-5554 shell dumpsys package io.appium.uiautomator2.server'
&amp#27;[38;5;80m[b650b02a]&amp#27;[0m&amp#27;[38;5;229m[ADB]&amp#27;[0m Getting install status for io.appium.uiautomator2.server.test
&amp#27;[38;5;80m[b650b02a]&amp#27;[0m&amp#27;[38;5;229m[ADB]&amp#27;[0m Checking app cert for C:\Users\User1\eclipse-workspace\eCommerceFramework//src//main//resources//General-Store.apk
&amp#27;[38;5;80m[b650b02a]&amp#27;[0m&amp#27;[38;5;229m[ADB]&amp#27;[0m Running 'C:\Users\User1\AppData\Local\Android\Sdk\platform-tools\adb.exe -P 5037 -s emulator-5554 shell cmd package list packages'
&amp#27;[38;5;80m[b650b02a]&amp#27;[0m&amp#27;[38;5;229m[ADB]&amp#27;[0m Using 'apksigner.jar' from 'C:\Users\User1\AppData\Local\Android\Sdk\build-tools\36.0.0-rc1\lib\apksigner.jar'
&amp#27;[38;5;80m[b650b02a]&amp#27;[0m&amp#27;[38;5;229m[ADB]&amp#27;[0m Starting apksigner: 'C:\\Program Files\\Java\\jdk-22\\bin\\java.exe' -Xmx1024M -Xss1m -jar C:\\Users\\User1\\AppData\\Local\\Android\\Sdk\\build-tools\\36.0.0-rc1\\lib\\apksigner.jar verify --print-certs C:\\Users\\User1\\eclipse-workspace\\eCommerceFramework//src//main//resources//General-Store.apk
&amp#27;[38;5;80m[b650b02a]&amp#27;[0m&amp#27;[38;5;229m[ADB]&amp#27;[0m Reading package manifest: 'C:\\Users\\User1\\AppData\\Local\\Android\\Sdk\\build-tools\\36.0.0-rc1\\aapt2.exe dump badging C:\\Users\\User1\\.appium\\node_modules\\appium-uiautomator2-driver\\node_modules\\appium-uiautomator2-server\\apks\\appium-uiautomator2-server-v7.0.25.apk'
&amp#27;[38;5;80m[b650b02a]&amp#27;[0m&amp#27;[38;5;229m[ADB]&amp#27;[0m 'io.appium.uiautomator2.server.test' is installed
&amp#27;[38;5;80m[b650b02a]&amp#27;[0m&amp#27;[38;5;229m[ADB]&amp#27;[0m The version name of the installed 'io.appium.uiautomator2.server' is greater or equal to the application version name ('7.0.25' >= '7.0.25')
&amp#27;[38;5;80m[b650b02a]&amp#27;[0m&amp#27;[38;5;-163m[AndroidUiautomator2Driver@e9a1]&amp#27;[0m Server packages status: [{"installState":"sameVersionInstalled","appPath":"C:\\Users\\User1\\.appium\\node_modules\\appium-uiautomator2-driver\\node_modules\\appium-uiautomator2-server\\apks\\appium-uiautomator2-server-v7.0.25.apk","appId":"io.appium.uiautomator2.server"},{"installState":"sameVersionInstalled","appPath":"C:\\Users\\User1\\.appium\\node_modules\\appium-uiautomator2-driver\\node_modules\\appium-uiautomator2-server\\apks\\appium-uiautomator2-server-debug-androidTest.apk","appId":"io.appium.uiautomator2.server.test"}]
&amp#27;[38;5;80m[b650b02a]&amp#27;[0m&amp#27;[38;5;-163m[AndroidUiautomator2Driver@e9a1]&amp#27;[0m Server packages are not going to be (re)installed
&amp#27;[38;5;80m[b650b02a]&amp#27;[0m&amp#27;[38;5;-163m[AndroidUiautomator2Driver@e9a1]&amp#27;[0m Waiting up to 30000ms for services to be available
&amp#27;[38;5;80m[b650b02a]&amp#27;[0m&amp#27;[38;5;229m[ADB]&amp#27;[0m Running 'C:\Users\User1\AppData\Local\Android\Sdk\platform-tools\adb.exe -P 5037 -s emulator-5554 shell pm list instrumentation'
&amp#27;[38;5;80m[b650b02a]&amp#27;[0m&amp#27;[38;5;-163m[AndroidUiautomator2Driver@e9a1]&amp#27;[0m Instrumentation target 'io.appium.uiautomator2.server.test/androidx.test.runner.AndroidJUnitRunner' is available
&amp#27;[38;5;80m[b650b02a]&amp#27;[0m&amp#27;[38;5;229m[ADB]&amp#27;[0m Adding packages ["io.appium.settings","io.appium.uiautomator2.server","io.appium.uiautomator2.server.test"] to Doze whitelist
&amp#27;[38;5;80m[b650b02a]&amp#27;[0m&amp#27;[38;5;229m[ADB]&amp#27;[0m Got the following command chunks to execute: [["dumpsys","deviceidle","whitelist","+io.appium.settings",";","dumpsys","deviceidle","whitelist","+io.appium.uiautomator2.server",";","dumpsys","deviceidle","whitelist","+io.appium.uiautomator2.server.test",";"]]
&amp#27;[38;5;80m[b650b02a]&amp#27;[0m&amp#27;[38;5;229m[ADB]&amp#27;[0m Running 'C:\Users\User1\AppData\Local\Android\Sdk\platform-tools\adb.exe -P 5037 -s emulator-5554 shell dumpsys deviceidle whitelist +io.appium.settings ; dumpsys deviceidle whitelist +io.appium.uiautomator2.server ; dumpsys deviceidle whitelist +io.appium.uiautomator2.server.test ;'
&amp#27;[38;5;80m[b650b02a]&amp#27;[0m&amp#27;[38;5;229m[ADB]&amp#27;[0m apksigner stdout: Signer #1 certificate DN: C=US, O=Android, CN=Android Debug
Signer #1 certificate SHA-256 digest: f5f5931c019be6bff8a26255f76ae9ef8a8e631d2a702ec10e91110231549eef
Signer #1 certificate SHA-1 digest: b250161db8b5d0a1bd39154c9fd749bdad79c1a3
Signer #1 certificate MD5 digest: 7a5550323d84472ca25a0861c63e0a6c

&amp#27;[38;5;80m[b650b02a]&amp#27;[0m&amp#27;[38;5;229m[ADB]&amp#27;[0m 'C:\Users\User1\eclipse-workspace\eCommerceFramework//src//main//resources//General-Store.apk' is signed with a non-default certificate
&amp#27;[38;5;80m[b650b02a]&amp#27;[0m&amp#27;[38;5;229m[ADB]&amp#27;[0m Getting package info for 'com.androidsample.generalstore'
&amp#27;[38;5;80m[b650b02a]&amp#27;[0m&amp#27;[38;5;229m[ADB]&amp#27;[0m Running 'C:\Users\User1\AppData\Local\Android\Sdk\platform-tools\adb.exe -P 5037 -s emulator-5554 shell dumpsys package com.androidsample.generalstore'
&amp#27;[38;5;80m[b650b02a]&amp#27;[0m&amp#27;[38;5;229m[ADB]&amp#27;[0m Reading package manifest: 'C:\\Users\\User1\\AppData\\Local\\Android\\Sdk\\build-tools\\36.0.0-rc1\\aapt2.exe dump badging C:\\Users\\User1\\eclipse-workspace\\eCommerceFramework//src//main//resources//General-Store.apk'
&amp#27;[38;5;80m[b650b02a]&amp#27;[0m&amp#27;[38;5;229m[ADB]&amp#27;[0m The version name of the installed 'com.androidsample.generalstore' is greater or equal to the application version name ('1.0.0' >= '1.0.0')
&amp#27;[38;5;80m[b650b02a]&amp#27;[0m&amp#27;[38;5;229m[ADB]&amp#27;[0m There is no need to install/upgrade 'C:\Users\User1\eclipse-workspace\eCommerceFramework//src//main//resources//General-Store.apk'
&amp#27;[38;5;80m[b650b02a]&amp#27;[0m&amp#27;[38;5;-163m[AndroidUiautomator2Driver@e9a1]&amp#27;[0m Performing fast reset on 'com.androidsample.generalstore'
&amp#27;[38;5;80m[b650b02a]&amp#27;[0m&amp#27;[38;5;229m[ADB]&amp#27;[0m Getting install status for com.androidsample.generalstore
&amp#27;[38;5;80m[b650b02a]&amp#27;[0m&amp#27;[38;5;229m[ADB]&amp#27;[0m Running 'C:\Users\User1\AppData\Local\Android\Sdk\platform-tools\adb.exe -P 5037 -s emulator-5554 shell cmd package list packages'
&amp#27;[38;5;80m[b650b02a]&amp#27;[0m&amp#27;[38;5;229m[ADB]&amp#27;[0m 'com.androidsample.generalstore' is installed
&amp#27;[38;5;80m[b650b02a]&amp#27;[0m&amp#27;[38;5;229m[ADB]&amp#27;[0m Running 'C:\Users\User1\AppData\Local\Android\Sdk\platform-tools\adb.exe -P 5037 -s emulator-5554 shell am force-stop com.androidsample.generalstore'
&amp#27;[38;5;80m[b650b02a]&amp#27;[0m&amp#27;[38;5;229m[ADB]&amp#27;[0m Running 'C:\Users\User1\AppData\Local\Android\Sdk\platform-tools\adb.exe -P 5037 -s emulator-5554 shell pm clear com.androidsample.generalstore'
&amp#27;[38;5;80m[b650b02a]&amp#27;[0m&amp#27;[38;5;-163m[AndroidUiautomator2Driver@e9a1]&amp#27;[0m Performed fast reset on the installed 'com.androidsample.generalstore' application (stop and clear)
&amp#27;[38;5;80m[b650b02a]&amp#27;[0m&amp#27;[38;5;-163m[AndroidUiautomator2Driver@e9a1]&amp#27;[0m Performing shallow cleanup of automation leftovers
&amp#27;[38;5;80m[b650b02a]&amp#27;[0m&amp#27;[38;5;-163m[AndroidUiautomator2Driver@e9a1]&amp#27;[0m No obsolete sessions have been detected (socket hang up)
&amp#27;[38;5;80m[b650b02a]&amp#27;[0m&amp#27;[38;5;229m[ADB]&amp#27;[0m Running 'C:\Users\User1\AppData\Local\Android\Sdk\platform-tools\adb.exe -P 5037 -s emulator-5554 shell am force-stop io.appium.uiautomator2.server'
&amp#27;[38;5;80m[b650b02a]&amp#27;[0m&amp#27;[38;5;229m[ADB]&amp#27;[0m Running 'C:\Users\User1\AppData\Local\Android\Sdk\platform-tools\adb.exe -P 5037 -s emulator-5554 shell am force-stop io.appium.uiautomator2.server.test'
&amp#27;[38;5;80m[b650b02a]&amp#27;[0m&amp#27;[38;5;-163m[AndroidUiautomator2Driver@e9a1]&amp#27;[0m Starting UIAutomator2 server 7.0.25
&amp#27;[38;5;80m[b650b02a]&amp#27;[0m&amp#27;[38;5;-163m[AndroidUiautomator2Driver@e9a1]&amp#27;[0m Using UIAutomator2 server from 'C:\Users\User1\.appium\node_modules\appium-uiautomator2-driver\node_modules\appium-uiautomator2-server\apks\appium-uiautomator2-server-v7.0.25.apk' and test from 'C:\Users\User1\.appium\node_modules\appium-uiautomator2-driver\node_modules\appium-uiautomator2-server\apks\appium-uiautomator2-server-debug-androidTest.apk'
&amp#27;[38;5;80m[b650b02a]&amp#27;[0m&amp#27;[38;5;-163m[AndroidUiautomator2Driver@e9a1]&amp#27;[0m Waiting up to 30000ms for UiAutomator2 to be online...
&amp#27;[38;5;80m[b650b02a]&amp#27;[0m&amp#27;[38;5;229m[ADB]&amp#27;[0m Creating ADB subprocess with args: ["-P","5037","-s","emulator-5554","shell","am","instrument","-w","-e","disableAnalytics","true","io.appium.uiautomator2.server.test/androidx.test.runner.AndroidJUnitRunner"]
&amp#27;[38;5;80m[b650b02a]&amp#27;[0m&amp#27;[38;5;-163m[AndroidUiautomator2Driver@e9a1]&amp#27;[0m Matched '/status' to command name 'getStatus'
&amp#27;[38;5;80m[b650b02a]&amp#27;[0m&amp#27;[38;5;-163m[AndroidUiautomator2Driver@e9a1]&amp#27;[0m Proxying [GET /status] to [GET http://127.0.0.1:8201/status] with no body
&amp#27;[38;5;80m[b650b02a]&amp#27;[0m&amp#27;[38;5;-163m[AndroidUiautomator2Driver@e9a1]&amp#27;[0m socket hang up
&amp#27;[38;5;80m[b650b02a]&amp#27;[0m&amp#27;[38;5;-163m[AndroidUiautomator2Driver@e9a1]&amp#27;[0m Matched '/status' to command name 'getStatus'
&amp#27;[38;5;80m[b650b02a]&amp#27;[0m&amp#27;[38;5;-163m[AndroidUiautomator2Driver@e9a1]&amp#27;[0m Proxying [GET /status] to [GET http://127.0.0.1:8201/status] with no body
&amp#27;[38;5;80m[b650b02a]&amp#27;[0m&amp#27;[38;5;-163m[AndroidUiautomator2Driver@e9a1]&amp#27;[0m socket hang up
&amp#27;[38;5;80m[b650b02a]&amp#27;[0m&amp#27;[38;5;-163m[AndroidUiautomator2Driver@e9a1]&amp#27;[0m [Instrumentation] 
&amp#27;[38;5;80m[b650b02a]&amp#27;[0m&amp#27;[38;5;-163m[AndroidUiautomator2Driver@e9a1]&amp#27;[0m Matched '/status' to command name 'getStatus'
&amp#27;[38;5;80m[b650b02a]&amp#27;[0m&amp#27;[38;5;-163m[AndroidUiautomator2Driver@e9a1]&amp#27;[0m Proxying [GET /status] to [GET http://127.0.0.1:8201/status] with no body
&amp#27;[38;5;80m[b650b02a]&amp#27;[0m&amp#27;[38;5;-163m[AndroidUiautomator2Driver@e9a1]&amp#27;[0m socket hang up
&amp#27;[38;5;80m[b650b02a]&amp#27;[0m&amp#27;[38;5;-163m[AndroidUiautomator2Driver@e9a1]&amp#27;[0m Matched '/status' to command name 'getStatus'
&amp#27;[38;5;80m[b650b02a]&amp#27;[0m&amp#27;[38;5;-163m[AndroidUiautomator2Driver@e9a1]&amp#27;[0m Proxying [GET /status] to [GET http://127.0.0.1:8201/status] with no body
&amp#27;[38;5;80m[b650b02a]&amp#27;[0m&amp#27;[38;5;-163m[AndroidUiautomator2Driver@e9a1]&amp#27;[0m socket hang up
&amp#27;[38;5;80m[b650b02a]&amp#27;[0m&amp#27;[38;5;-163m[AndroidUiautomator2Driver@e9a1]&amp#27;[0m Matched '/status' to command name 'getStatus'
&amp#27;[38;5;80m[b650b02a]&amp#27;[0m&amp#27;[38;5;-163m[AndroidUiautomator2Driver@e9a1]&amp#27;[0m Proxying [GET /status] to [GET http://127.0.0.1:8201/status] with no body
&amp#27;[38;5;80m[b650b02a]&amp#27;[0m&amp#27;[38;5;-163m[AndroidUiautomator2Driver@e9a1]&amp#27;[0m Got response with status 200: {"sessionId":"None","value":{"message":"UiAutomator2 Server is ready to accept commands","ready":true}}
&amp#27;[38;5;80m[b650b02a]&amp#27;[0m&amp#27;[38;5;-163m[AndroidUiautomator2Driver@e9a1]&amp#27;[0m The initialization of the instrumentation process took 4340ms
&amp#27;[38;5;80m[b650b02a]&amp#27;[0m&amp#27;[38;5;-163m[AndroidUiautomator2Driver@e9a1]&amp#27;[0m Matched '/session' to command name 'createSession'
&amp#27;[38;5;80m[b650b02a]&amp#27;[0m&amp#27;[38;5;-163m[AndroidUiautomator2Driver@e9a1]&amp#27;[0m Proxying [POST /session] to [POST http://127.0.0.1:8201/session] with body: {"capabilities":{"firstMatch":[{"platformName":"ANDROID","chromedriverExecutable":"C://Users//User1//Downloads//chromedriver-win64//chromedriver-win64//chromedriver.exe","deviceName":"emulator-5554","automationName":"UIAutomator2","app":"C:\\Users\\User1\\eclipse-workspace\\eCommerceFramework//src//main//resources//General-Store.apk","platform":"LINUX","webStorageEnabled":false,"takesScreenshot":true,"javascriptEnabled":true,"databaseEnabled":false,"networkConnectionEnabled":true,"locationContextEnabled":false,"warnings":{},"desired":{"platformName":"ANDROID","chromedriverExecutable":"C://Users//User1//Downloads//chromedriver-win64//chromedriver-win64//chromedriver.exe","deviceName":"Rajemulator","automationName":"UIAutomator2","app":"C:\\Users\\User1\\eclipse-workspace\\eCommerceFramework//src//main//resources//General-Store.apk"},"deviceUDID":"emulator-5554","appPackage":"com.androidsample.generalstore"}],"alwaysMatch":{}}}
&amp#27;[38;5;80m[b650b02a]&amp#27;[0m&amp#27;[38;5;-163m[AndroidUiautomator2Driver@e9a1]&amp#27;[0m Got response with status 200: {"sessionId":"6966ea16-5baf-48ef-8186-b76f8ea36855","value":{"capabilities":{"firstMatch":[{"platformName":"ANDROID","chromedriverExecutable":"C://Users//User1//Downloads//chromedriver-win64//chromedriver-win64//chromedriver.exe","deviceName":"emulator-5554","automationName":"UIAutomator2","app":"C:\\Users\\User1\\eclipse-workspace\\eCommerceFramework//src//main//resources//General-Store.apk","platform":"LINUX","webStorageEnabled":false,"takesScreenshot":true,"javascriptEnabled":true,"databaseEnabled":false,"networkConnectionEnabled":true,"locationContextEnabled":false,"warnings":{},"desired":{"platformName":"ANDROID","chromedriverExecutable":"C://Users//User1//Downloads//chromedriver-win64//chromedriver-win64//chromedriver.exe","deviceName":"Rajemulator","automationName":"UIAutomator2","app":"C:\\Users\\User1\\eclipse-workspace\\eCommerceFramework//src//main//resources//General-Store.apk"},"deviceUDID":"emulator-5554","appPackage":"com.androidsample.generalstore"}],"alwaysMatch":{}},"sessionId":"6966ea16-...
&amp#27;[38;5;80m[b650b02a]&amp#27;[0m&amp#27;[38;5;-163m[AndroidUiautomator2Driver@e9a1]&amp#27;[0m Determined the downstream protocol as 'W3C'
&amp#27;[38;5;80m[b650b02a]&amp#27;[0m&amp#27;[38;5;-163m[AndroidUiautomator2Driver@e9a1]&amp#27;[0m Proxying [GET /appium/device/pixel_ratio] to [GET http://127.0.0.1:8201/session/6966ea16-5baf-48ef-8186-b76f8ea36855/appium/device/pixel_ratio] with no body
&amp#27;[38;5;80m[b650b02a]&amp#27;[0m&amp#27;[38;5;-163m[AndroidUiautomator2Driver@e9a1]&amp#27;[0m Matched '/appium/device/system_bars' to command name 'getSystemBars'
&amp#27;[38;5;80m[b650b02a]&amp#27;[0m&amp#27;[38;5;-163m[AndroidUiautomator2Driver@e9a1]&amp#27;[0m Proxying [GET /appium/device/system_bars] to [GET http://127.0.0.1:8201/session/6966ea16-5baf-48ef-8186-b76f8ea36855/appium/device/system_bars] with no body
&amp#27;[38;5;80m[b650b02a]&amp#27;[0m&amp#27;[38;5;-163m[AndroidUiautomator2Driver@e9a1]&amp#27;[0m Matched '/window/current/size' to command name 'getWindowSize'
&amp#27;[38;5;80m[b650b02a]&amp#27;[0m&amp#27;[38;5;-163m[AndroidUiautomator2Driver@e9a1]&amp#27;[0m Proxying [GET /window/current/size] to [GET http://127.0.0.1:8201/session/6966ea16-5baf-48ef-8186-b76f8ea36855/window/current/size] with no body
&amp#27;[38;5;80m[b650b02a]&amp#27;[0m&amp#27;[38;5;-163m[AndroidUiautomator2Driver@e9a1]&amp#27;[0m Proxying [GET /appium/device/info] to [GET http://127.0.0.1:8201/session/6966ea16-5baf-48ef-8186-b76f8ea36855/appium/device/info] with no body
&amp#27;[38;5;80m[b650b02a]&amp#27;[0m&amp#27;[38;5;229m[ADB]&amp#27;[0m Running 'C:\Users\User1\AppData\Local\Android\Sdk\platform-tools\adb.exe -P 5037 -s emulator-5554 shell dumpsys window'
&amp#27;[38;5;80m[b650b02a]&amp#27;[0m&amp#27;[38;5;229m[ADB]&amp#27;[0m Running 'C:\Users\User1\AppData\Local\Android\Sdk\platform-tools\adb.exe -P 5037 -s emulator-5554 shell dumpsys power'
&amp#27;[38;5;80m[b650b02a]&amp#27;[0m&amp#27;[38;5;-163m[AndroidUiautomator2Driver@e9a1]&amp#27;[0m Got response with status 200: {"sessionId":"6966ea16-5baf-48ef-8186-b76f8ea36855","value":2.75}
&amp#27;[38;5;80m[b650b02a]&amp#27;[0m&amp#27;[38;5;-163m[AndroidUiautomator2Driver@e9a1]&amp#27;[0m Got response with status 200: {"sessionId":"6966ea16-5baf-48ef-8186-b76f8ea36855","value":{"height":2220,"width":1080}}
&amp#27;[38;5;80m[b650b02a]&amp#27;[0m&amp#27;[38;5;-163m[AndroidUiautomator2Driver@e9a1]&amp#27;[0m Got response with status 200: {"sessionId":"6966ea16-5baf-48ef-8186-b76f8ea36855","value":{"statusBar":66}}
&amp#27;[38;5;80m[b650b02a]&amp#27;[0m&amp#27;[38;5;-163m[AndroidUiautomator2Driver@e9a1]&amp#27;[0m Got response with status 200: {"sessionId":"6966ea16-5baf-48ef-8186-b76f8ea36855","value":{"androidId":"ccd4b39f6a24ddc3","apiVersion":"35","bluetooth":{"state":"OFF"},"brand":"google","carrierName":"T-Mobile","displayDensity":440,"locale":"en_US","manufacturer":"Google","model":"sdk_gphone64_x86_64","networks":[{"capabilities":{"SSID":null,"linkDownBandwidthKbps":4300,"linkUpstreamBandwidthKbps":1800,"networkCapabilities":"NET_CAPABILITY_MMS,NET_CAPABILITY_SUPL,NET_CAPABILITY_IA,NET_CAPABILITY_XCAP,NET_CAPABILITY_INTERNET,NET_CAPABILITY_NOT_RESTRICTED,NET_CAPABILITY_TRUSTED,NET_CAPABILITY_NOT_VPN,NET_CAPABILITY_VALIDATED,NET_CAPABILITY_NOT_ROAMING,NET_CAPABILITY_NOT_CONGESTED,NET_CAPABILITY_NOT_SUSPENDED","signalStrength":-2147483648,"transportTypes":"TRANSPORT_CELLULAR"},"detailedState":"CONNECTED","extraInfo":"fast.t-mobile.com","isAvailable":true,"isConnected":true,"isFailover":false,"isRoaming":false,"state":"CONNECTED","subtype":10,"subtypeName":"HSPA","type":0,"typeName":"MOBILE"},{"capabilities":{"SSID":null,"linkDownBandwidthK...
&amp#27;[38;5;80m[b650b02a]&amp#27;[0m&amp#27;[38;5;-163m[AndroidUiautomator2Driver@e9a1]&amp#27;[0m Screen already unlocked, doing nothing
&amp#27;[38;5;80m[b650b02a]&amp#27;[0m&amp#27;[38;5;-163m[AndroidUiautomator2Driver@e9a1]&amp#27;[0m Starting 'com.androidsample.generalstore/com.androidsample.generalstore.SplashActivity and waiting for 'com.androidsample.generalstore/com.androidsample.generalstore.SplashActivity'
&amp#27;[38;5;80m[b650b02a]&amp#27;[0m&amp#27;[38;5;229m[ADB]&amp#27;[0m Running 'C:\Users\User1\AppData\Local\Android\Sdk\platform-tools\adb.exe -P 5037 -s emulator-5554 shell am start -W -n com.androidsample.generalstore/com.androidsample.generalstore.SplashActivity -S -a android.intent.action.MAIN -c android.intent.category.LAUNCHER -f 0x10200000'
&amp#27;[38;5;80m[b650b02a]&amp#27;[0m&amp#27;[38;5;229m[ADB]&amp#27;[0m Waiting up to 20000ms for activity matching pkg: 'com.androidsample.generalstore' and activity: 'com.androidsample.generalstore.SplashActivity' to be focused
&amp#27;[38;5;80m[b650b02a]&amp#27;[0m&amp#27;[38;5;229m[ADB]&amp#27;[0m Possible activities, to be checked: 'com.androidsample.generalstore.SplashActivity', 'com.androidsample.generalstore.com.androidsample.generalstore.SplashActivity'
&amp#27;[38;5;80m[b650b02a]&amp#27;[0m&amp#27;[38;5;229m[ADB]&amp#27;[0m Getting focused package and activity
&amp#27;[38;5;80m[b650b02a]&amp#27;[0m&amp#27;[38;5;229m[ADB]&amp#27;[0m Running 'C:\Users\User1\AppData\Local\Android\Sdk\platform-tools\adb.exe -P 5037 -s emulator-5554 shell dumpsys window displays'
&amp#27;[38;5;80m[b650b02a]&amp#27;[0m&amp#27;[38;5;229m[ADB]&amp#27;[0m Found package: 'com.androidsample.generalstore' and fully qualified activity name : 'com.androidsample.generalstore.SplashActivity'
&amp#27;[38;5;80m[b650b02a]&amp#27;[0m&amp#27;[38;5;48m[AppiumDriver@a908]&amp#27;[0m New AndroidUiautomator2Driver session created successfully, session b650b02a-6867-4ff7-891d-874bdf2bbd17 added to master session list
&amp#27;[38;5;80m[b650b02a]&amp#27;[0m&amp#27;[38;5;48m[AppiumDriver@a908]&amp#27;[0m Event 'newSessionStarted' logged at 1744635023257 (18:20:23 GMT+0530 (India Standard Time))
&amp#27;[38;5;80m[b650b02a]&amp#27;[0m&amp#27;[38;5;-163m[AndroidUiautomator2Driver@e9a1]&amp#27;[0m Cached the protocol value 'W3C' for the new session b650b02a-6867-4ff7-891d-874bdf2bbd17
&amp#27;[38;5;80m[b650b02a]&amp#27;[0m&amp#27;[38;5;-163m[AndroidUiautomator2Driver@e9a1]&amp#27;[0m Responding to client with driver.createSession() result: {"capabilities":{"platformName":"ANDROID","chromedriverExecutable":"C://Users//User1//Downloads//chromedriver-win64//chromedriver-win64//chromedriver.exe","deviceName":"emulator-5554","automationName":"UIAutomator2","app":"C:\\Users\\User1\\eclipse-workspace\\eCommerceFramework//src//main//resources//General-Store.apk","platform":"LINUX","webStorageEnabled":false,"takesScreenshot":true,"javascriptEnabled":true,"databaseEnabled":false,"networkConnectionEnabled":true,"locationContextEnabled":false,"warnings":{},"desired":{"platformName":"ANDROID","chromedriverExecutable":"C://Users//User1//Downloads//chromedriver-win64//chromedriver-win64//chromedriver.exe","deviceName":"Rajemulator","automationName":"UIAutomator2","app":"C:\\Users\\User1\\eclipse-workspace\\eCommerceFramework//src//main//resources//General-Store.apk"},"deviceUDID":"emulator-5554","appPackage":"com.androidsample.generalstore","pixelRatio":"2.75","statBarHeight":66,"viewportRect":{"left":0,"top":66,"width":1080,"height":2154},"deviceApiLevel"...
&amp#27;[38;5;80m[b650b02a]&amp#27;[0m&amp#27;[38;5;86m[HTTP]&amp#27;[0m &amp#27;[37m<-- POST /session &amp#27;[39m&amp#27;[32m200&amp#27;[39m &amp#27;[90m8786 ms - 1233&amp#27;[39m &amp#27;[90m&amp#27;[39m
Test Started: backButtonEnable
&amp#27;[38;5;80m[b650b02a]&amp#27;[0m&amp#27;[38;5;86m[HTTP]&amp#27;[0m &amp#27;[37m-->&amp#27;[39m &amp#27;[37mGET&amp#27;[39m &amp#27;[37m/session/b650b02a-6867-4ff7-891d-874bdf2bbd17/context&amp#27;[39m &amp#27;[90m{}&amp#27;[39m
&amp#27;[38;5;80m[b650b02a]&amp#27;[0m&amp#27;[38;5;-163m[AndroidUiautomator2Driver@e9a1]&amp#27;[0m Calling AppiumDriver.getCurrentContext() with args: ["b650b02a-6867-4ff7-891d-874bdf2bbd17"]
&amp#27;[38;5;80m[b650b02a]&amp#27;[0m&amp#27;[38;5;-163m[AndroidUiautomator2Driver@e9a1]&amp#27;[0m Responding to client with driver.getCurrentContext() result: "NATIVE_APP"
&amp#27;[38;5;80m[b650b02a]&amp#27;[0m&amp#27;[38;5;86m[HTTP]&amp#27;[0m &amp#27;[37m<-- GET /session/b650b02a-6867-4ff7-891d-874bdf2bbd17/context &amp#27;[39m&amp#27;[32m200&amp#27;[39m &amp#27;[90m8 ms - 22&amp#27;[39m &amp#27;[90m&amp#27;[39m
&amp#27;[38;5;80m[b650b02a]&amp#27;[0m&amp#27;[38;5;86m[HTTP]&amp#27;[0m &amp#27;[37m-->&amp#27;[39m &amp#27;[37mPOST&amp#27;[39m &amp#27;[37m/session/b650b02a-6867-4ff7-891d-874bdf2bbd17/element&amp#27;[39m &amp#27;[90m{"using":"id","value":"com.androidsample.generalstore:id/nameField"}&amp#27;[39m
&amp#27;[38;5;80m[b650b02a]&amp#27;[0m&amp#27;[38;5;-163m[AndroidUiautomator2Driver@e9a1]&amp#27;[0m Calling AppiumDriver.findElement() with args: ["id","com.androidsample.generalstore:id/nameField","b650b02a-6867-4ff7-891d-874bdf2bbd17"]
&amp#27;[38;5;80m[b650b02a]&amp#27;[0m&amp#27;[38;5;-163m[AndroidUiautomator2Driver@e9a1]&amp#27;[0m Valid locator strategies for this request: xpath, id, class name, accessibility id, css selector, -android uiautomator
&amp#27;[38;5;80m[b650b02a]&amp#27;[0m&amp#27;[38;5;-163m[AndroidUiautomator2Driver@e9a1]&amp#27;[0m Waiting up to 0 ms for condition
&amp#27;[38;5;80m[b650b02a]&amp#27;[0m&amp#27;[38;5;-163m[AndroidUiautomator2Driver@e9a1]&amp#27;[0m Matched '/element' to command name 'findElement'
&amp#27;[38;5;80m[b650b02a]&amp#27;[0m&amp#27;[38;5;-163m[AndroidUiautomator2Driver@e9a1]&amp#27;[0m Proxying [POST /element] to [POST http://127.0.0.1:8201/session/6966ea16-5baf-48ef-8186-b76f8ea36855/element] with body: {"strategy":"id","selector":"com.androidsample.generalstore:id/nameField","context":"","multiple":false}
&amp#27;[38;5;80m[b650b02a]&amp#27;[0m&amp#27;[38;5;-163m[AndroidUiautomator2Driver@e9a1]&amp#27;[0m Got response with status 404: {"sessionId":"6966ea16-5baf-48ef-8186-b76f8ea36855","value":{"error":"no such element","message":"An element could not be located on the page using the given search parameters","stacktrace":"io.appium.uiautomator2.common.exceptions.ElementNotFoundException: An element could not be located on the page using the given search parameters\n\tat io.appium.uiautomator2.handler.FindElement.safeHandle(FindElement.java:63)\n\tat io.appium.uiautomator2.handler.request.SafeRequestHandler.handle(SafeRequestHandler.java:59)\n\tat io.appium.uiautomator2.server.AppiumServlet.handleRequest(AppiumServlet.java:259)\n\tat io.appium.uiautomator2.server.AppiumServlet.handleHttpRequest(AppiumServlet.java:253)\n\tat io.appium.uiautomator2.http.ServerHandler.channelRead(ServerHandler.java:77)\n\tat io.netty.channel.AbstractChannelHandlerContext.invokeChannelRead(AbstractChannelHandlerContext.java:366)\n\tat io.netty.channel.AbstractChannelHandlerContext.invokeChannelRead(AbstractChannelHandlerContext.java:352)\n\tat io.netty.chann...
&amp#27;[38;5;80m[b650b02a]&amp#27;[0m&amp#27;[38;5;123m[W3C]&amp#27;[0m Matched W3C error code 'no such element' to NoSuchElementError
&amp#27;[38;5;80m[b650b02a]&amp#27;[0m&amp#27;[38;5;-163m[AndroidUiautomator2Driver@e9a1]&amp#27;[0m Encountered internal error running command: NoSuchElementError: An element could not be located on the page using the given search parameters.
    at AndroidUiautomator2Driver.findElOrEls (C:\Users\User1\.appium\node_modules\appium-uiautomator2-driver\node_modules\appium-android-driver\lib\commands\find.ts:86:11)
    at processTicksAndRejections (node:internal/process/task_queues:95:5)
    at AndroidUiautomator2Driver.findElOrElsWithProcessing (C:\Users\User1\AppData\Roaming\npm\node_modules\appium\node_modules\@appium\base-driver\lib\basedriver\commands\find.ts:60:12)
    at AndroidUiautomator2Driver.findElement (C:\Users\User1\AppData\Roaming\npm\node_modules\appium\node_modules\@appium\base-driver\lib\basedriver\commands\find.ts:75:12)
&amp#27;[38;5;80m[b650b02a]&amp#27;[0m&amp#27;[38;5;86m[HTTP]&amp#27;[0m &amp#27;[37m<-- POST /session/b650b02a-6867-4ff7-891d-874bdf2bbd17/element &amp#27;[39m&amp#27;[33m404&amp#27;[39m &amp#27;[90m651 ms - 890&amp#27;[39m &amp#27;[90m&amp#27;[39m
&amp#27;[38;5;80m[b650b02a]&amp#27;[0m&amp#27;[38;5;86m[HTTP]&amp#27;[0m &amp#27;[37m-->&amp#27;[39m &amp#27;[37mPOST&amp#27;[39m &amp#27;[37m/session/b650b02a-6867-4ff7-891d-874bdf2bbd17/element&amp#27;[39m &amp#27;[90m{"using":"id","value":"com.androidsample.generalstore:id/nameField"}&amp#27;[39m
&amp#27;[38;5;80m[b650b02a]&amp#27;[0m&amp#27;[38;5;-163m[AndroidUiautomator2Driver@e9a1]&amp#27;[0m Calling AppiumDriver.findElement() with args: ["id","com.androidsample.generalstore:id/nameField","b650b02a-6867-4ff7-891d-874bdf2bbd17"]
&amp#27;[38;5;80m[b650b02a]&amp#27;[0m&amp#27;[38;5;-163m[AndroidUiautomator2Driver@e9a1]&amp#27;[0m Valid locator strategies for this request: xpath, id, class name, accessibility id, css selector, -android uiautomator
&amp#27;[38;5;80m[b650b02a]&amp#27;[0m&amp#27;[38;5;-163m[AndroidUiautomator2Driver@e9a1]&amp#27;[0m Waiting up to 0 ms for condition
&amp#27;[38;5;80m[b650b02a]&amp#27;[0m&amp#27;[38;5;-163m[AndroidUiautomator2Driver@e9a1]&amp#27;[0m Matched '/element' to command name 'findElement'
&amp#27;[38;5;80m[b650b02a]&amp#27;[0m&amp#27;[38;5;-163m[AndroidUiautomator2Driver@e9a1]&amp#27;[0m Proxying [POST /element] to [POST http://127.0.0.1:8201/session/6966ea16-5baf-48ef-8186-b76f8ea36855/element] with body: {"strategy":"id","selector":"com.androidsample.generalstore:id/nameField","context":"","multiple":false}
&amp#27;[38;5;80m[b650b02a]&amp#27;[0m&amp#27;[38;5;-163m[AndroidUiautomator2Driver@e9a1]&amp#27;[0m Got response with status 404: {"sessionId":"6966ea16-5baf-48ef-8186-b76f8ea36855","value":{"error":"no such element","message":"An element could not be located on the page using the given search parameters","stacktrace":"io.appium.uiautomator2.common.exceptions.ElementNotFoundException: An element could not be located on the page using the given search parameters\n\tat io.appium.uiautomator2.handler.FindElement.safeHandle(FindElement.java:63)\n\tat io.appium.uiautomator2.handler.request.SafeRequestHandler.handle(SafeRequestHandler.java:59)\n\tat io.appium.uiautomator2.server.AppiumServlet.handleRequest(AppiumServlet.java:259)\n\tat io.appium.uiautomator2.server.AppiumServlet.handleHttpRequest(AppiumServlet.java:253)\n\tat io.appium.uiautomator2.http.ServerHandler.channelRead(ServerHandler.java:77)\n\tat io.netty.channel.AbstractChannelHandlerContext.invokeChannelRead(AbstractChannelHandlerContext.java:366)\n\tat io.netty.channel.AbstractChannelHandlerContext.invokeChannelRead(AbstractChannelHandlerContext.java:352)\n\tat io.netty.chann...
&amp#27;[38;5;80m[b650b02a]&amp#27;[0m&amp#27;[38;5;123m[W3C]&amp#27;[0m Matched W3C error code 'no such element' to NoSuchElementError
&amp#27;[38;5;80m[b650b02a]&amp#27;[0m&amp#27;[38;5;-163m[AndroidUiautomator2Driver@e9a1]&amp#27;[0m Encountered internal error running command: NoSuchElementError: An element could not be located on the page using the given search parameters.
    at AndroidUiautomator2Driver.findElOrEls (C:\Users\User1\.appium\node_modules\appium-uiautomator2-driver\node_modules\appium-android-driver\lib\commands\find.ts:86:11)
    at processTicksAndRejections (node:internal/process/task_queues:95:5)
    at AndroidUiautomator2Driver.findElOrElsWithProcessing (C:\Users\User1\AppData\Roaming\npm\node_modules\appium\node_modules\@appium\base-driver\lib\basedriver\commands\find.ts:60:12)
    at AndroidUiautomator2Driver.findElement (C:\Users\User1\AppData\Roaming\npm\node_modules\appium\node_modules\@appium\base-driver\lib\basedriver\commands\find.ts:75:12)
&amp#27;[38;5;80m[b650b02a]&amp#27;[0m&amp#27;[38;5;86m[HTTP]&amp#27;[0m &amp#27;[37m<-- POST /session/b650b02a-6867-4ff7-891d-874bdf2bbd17/element &amp#27;[39m&amp#27;[33m404&amp#27;[39m &amp#27;[90m29 ms - 890&amp#27;[39m &amp#27;[90m&amp#27;[39m
&amp#27;[38;5;80m[b650b02a]&amp#27;[0m&amp#27;[38;5;86m[HTTP]&amp#27;[0m &amp#27;[37m-->&amp#27;[39m &amp#27;[37mPOST&amp#27;[39m &amp#27;[37m/session/b650b02a-6867-4ff7-891d-874bdf2bbd17/element&amp#27;[39m &amp#27;[90m{"using":"id","value":"com.androidsample.generalstore:id/nameField"}&amp#27;[39m
&amp#27;[38;5;80m[b650b02a]&amp#27;[0m&amp#27;[38;5;-163m[AndroidUiautomator2Driver@e9a1]&amp#27;[0m Calling AppiumDriver.findElement() with args: ["id","com.androidsample.generalstore:id/nameField","b650b02a-6867-4ff7-891d-874bdf2bbd17"]
&amp#27;[38;5;80m[b650b02a]&amp#27;[0m&amp#27;[38;5;-163m[AndroidUiautomator2Driver@e9a1]&amp#27;[0m Valid locator strategies for this request: xpath, id, class name, accessibility id, css selector, -android uiautomator
&amp#27;[38;5;80m[b650b02a]&amp#27;[0m&amp#27;[38;5;-163m[AndroidUiautomator2Driver@e9a1]&amp#27;[0m Waiting up to 0 ms for condition
&amp#27;[38;5;80m[b650b02a]&amp#27;[0m&amp#27;[38;5;-163m[AndroidUiautomator2Driver@e9a1]&amp#27;[0m Matched '/element' to command name 'findElement'
&amp#27;[38;5;80m[b650b02a]&amp#27;[0m&amp#27;[38;5;-163m[AndroidUiautomator2Driver@e9a1]&amp#27;[0m Proxying [POST /element] to [POST http://127.0.0.1:8201/session/6966ea16-5baf-48ef-8186-b76f8ea36855/element] with body: {"strategy":"id","selector":"com.androidsample.generalstore:id/nameField","context":"","multiple":false}
&amp#27;[38;5;80m[b650b02a]&amp#27;[0m&amp#27;[38;5;-163m[AndroidUiautomator2Driver@e9a1]&amp#27;[0m Got response with status 404: {"sessionId":"6966ea16-5baf-48ef-8186-b76f8ea36855","value":{"error":"no such element","message":"An element could not be located on the page using the given search parameters","stacktrace":"io.appium.uiautomator2.common.exceptions.ElementNotFoundException: An element could not be located on the page using the given search parameters\n\tat io.appium.uiautomator2.handler.FindElement.safeHandle(FindElement.java:63)\n\tat io.appium.uiautomator2.handler.request.SafeRequestHandler.handle(SafeRequestHandler.java:59)\n\tat io.appium.uiautomator2.server.AppiumServlet.handleRequest(AppiumServlet.java:259)\n\tat io.appium.uiautomator2.server.AppiumServlet.handleHttpRequest(AppiumServlet.java:253)\n\tat io.appium.uiautomator2.http.ServerHandler.channelRead(ServerHandler.java:77)\n\tat io.netty.channel.AbstractChannelHandlerContext.invokeChannelRead(AbstractChannelHandlerContext.java:366)\n\tat io.netty.channel.AbstractChannelHandlerContext.invokeChannelRead(AbstractChannelHandlerContext.java:352)\n\tat io.netty.chann...
&amp#27;[38;5;80m[b650b02a]&amp#27;[0m&amp#27;[38;5;123m[W3C]&amp#27;[0m Matched W3C error code 'no such element' to NoSuchElementError
&amp#27;[38;5;80m[b650b02a]&amp#27;[0m&amp#27;[38;5;-163m[AndroidUiautomator2Driver@e9a1]&amp#27;[0m Encountered internal error running command: NoSuchElementError: An element could not be located on the page using the given search parameters.
    at AndroidUiautomator2Driver.findElOrEls (C:\Users\User1\.appium\node_modules\appium-uiautomator2-driver\node_modules\appium-android-driver\lib\commands\find.ts:86:11)
    at processTicksAndRejections (node:internal/process/task_queues:95:5)
    at AndroidUiautomator2Driver.findElOrElsWithProcessing (C:\Users\User1\AppData\Roaming\npm\node_modules\appium\node_modules\@appium\base-driver\lib\basedriver\commands\find.ts:60:12)
    at AndroidUiautomator2Driver.findElement (C:\Users\User1\AppData\Roaming\npm\node_modules\appium\node_modules\@appium\base-driver\lib\basedriver\commands\find.ts:75:12)
&amp#27;[38;5;80m[b650b02a]&amp#27;[0m&amp#27;[38;5;86m[HTTP]&amp#27;[0m &amp#27;[37m<-- POST /session/b650b02a-6867-4ff7-891d-874bdf2bbd17/element &amp#27;[39m&amp#27;[33m404&amp#27;[39m &amp#27;[90m25 ms - 890&amp#27;[39m &amp#27;[90m&amp#27;[39m
&amp#27;[38;5;80m[b650b02a]&amp#27;[0m&amp#27;[38;5;86m[HTTP]&amp#27;[0m &amp#27;[37m-->&amp#27;[39m &amp#27;[37mGET&amp#27;[39m &amp#27;[37m/session/b650b02a-6867-4ff7-891d-874bdf2bbd17/context&amp#27;[39m &amp#27;[90m{}&amp#27;[39m
&amp#27;[38;5;80m[b650b02a]&amp#27;[0m&amp#27;[38;5;-163m[AndroidUiautomator2Driver@e9a1]&amp#27;[0m Calling AppiumDriver.getCurrentContext() with args: ["b650b02a-6867-4ff7-891d-874bdf2bbd17"]
&amp#27;[38;5;80m[b650b02a]&amp#27;[0m&amp#27;[38;5;-163m[AndroidUiautomator2Driver@e9a1]&amp#27;[0m Responding to client with driver.getCurrentContext() result: "NATIVE_APP"
&amp#27;[38;5;80m[b650b02a]&amp#27;[0m&amp#27;[38;5;86m[HTTP]&amp#27;[0m &amp#27;[37m<-- GET /session/b650b02a-6867-4ff7-891d-874bdf2bbd17/context &amp#27;[39m&amp#27;[32m200&amp#27;[39m &amp#27;[90m6 ms - 22&amp#27;[39m &amp#27;[90m&amp#27;[39m
&amp#27;[38;5;80m[b650b02a]&amp#27;[0m&amp#27;[38;5;86m[HTTP]&amp#27;[0m &amp#27;[37m-->&amp#27;[39m &amp#27;[37mPOST&amp#27;[39m &amp#27;[37m/session/b650b02a-6867-4ff7-891d-874bdf2bbd17/element&amp#27;[39m &amp#27;[90m{"using":"id","value":"com.androidsample.generalstore:id/nameField"}&amp#27;[39m
&amp#27;[38;5;80m[b650b02a]&amp#27;[0m&amp#27;[38;5;-163m[AndroidUiautomator2Driver@e9a1]&amp#27;[0m Calling AppiumDriver.findElement() with args: ["id","com.androidsample.generalstore:id/nameField","b650b02a-6867-4ff7-891d-874bdf2bbd17"]
&amp#27;[38;5;80m[b650b02a]&amp#27;[0m&amp#27;[38;5;-163m[AndroidUiautomator2Driver@e9a1]&amp#27;[0m Valid locator strategies for this request: xpath, id, class name, accessibility id, css selector, -android uiautomator
&amp#27;[38;5;80m[b650b02a]&amp#27;[0m&amp#27;[38;5;-163m[AndroidUiautomator2Driver@e9a1]&amp#27;[0m Waiting up to 0 ms for condition
&amp#27;[38;5;80m[b650b02a]&amp#27;[0m&amp#27;[38;5;-163m[AndroidUiautomator2Driver@e9a1]&amp#27;[0m Matched '/element' to command name 'findElement'
&amp#27;[38;5;80m[b650b02a]&amp#27;[0m&amp#27;[38;5;-163m[AndroidUiautomator2Driver@e9a1]&amp#27;[0m Proxying [POST /element] to [POST http://127.0.0.1:8201/session/6966ea16-5baf-48ef-8186-b76f8ea36855/element] with body: {"strategy":"id","selector":"com.androidsample.generalstore:id/nameField","context":"","multiple":false}
&amp#27;[38;5;80m[b650b02a]&amp#27;[0m&amp#27;[38;5;-163m[AndroidUiautomator2Driver@e9a1]&amp#27;[0m Got response with status 404: {"sessionId":"6966ea16-5baf-48ef-8186-b76f8ea36855","value":{"error":"no such element","message":"An element could not be located on the page using the given search parameters","stacktrace":"io.appium.uiautomator2.common.exceptions.ElementNotFoundException: An element could not be located on the page using the given search parameters\n\tat io.appium.uiautomator2.handler.FindElement.safeHandle(FindElement.java:63)\n\tat io.appium.uiautomator2.handler.request.SafeRequestHandler.handle(SafeRequestHandler.java:59)\n\tat io.appium.uiautomator2.server.AppiumServlet.handleRequest(AppiumServlet.java:259)\n\tat io.appium.uiautomator2.server.AppiumServlet.handleHttpRequest(AppiumServlet.java:253)\n\tat io.appium.uiautomator2.http.ServerHandler.channelRead(ServerHandler.java:77)\n\tat io.netty.channel.AbstractChannelHandlerContext.invokeChannelRead(AbstractChannelHandlerContext.java:366)\n\tat io.netty.channel.AbstractChannelHandlerContext.invokeChannelRead(AbstractChannelHandlerContext.java:352)\n\tat io.netty.chann...
&amp#27;[38;5;80m[b650b02a]&amp#27;[0m&amp#27;[38;5;123m[W3C]&amp#27;[0m Matched W3C error code 'no such element' to NoSuchElementError
&amp#27;[38;5;80m[b650b02a]&amp#27;[0m&amp#27;[38;5;-163m[AndroidUiautomator2Driver@e9a1]&amp#27;[0m Encountered internal error running command: NoSuchElementError: An element could not be located on the page using the given search parameters.
    at AndroidUiautomator2Driver.findElOrEls (C:\Users\User1\.appium\node_modules\appium-uiautomator2-driver\node_modules\appium-android-driver\lib\commands\find.ts:86:11)
    at processTicksAndRejections (node:internal/process/task_queues:95:5)
    at AndroidUiautomator2Driver.findElOrElsWithProcessing (C:\Users\User1\AppData\Roaming\npm\node_modules\appium\node_modules\@appium\base-driver\lib\basedriver\commands\find.ts:60:12)
    at AndroidUiautomator2Driver.findElement (C:\Users\User1\AppData\Roaming\npm\node_modules\appium\node_modules\@appium\base-driver\lib\basedriver\commands\find.ts:75:12)
&amp#27;[38;5;80m[b650b02a]&amp#27;[0m&amp#27;[38;5;86m[HTTP]&amp#27;[0m &amp#27;[37m<-- POST /session/b650b02a-6867-4ff7-891d-874bdf2bbd17/element &amp#27;[39m&amp#27;[33m404&amp#27;[39m &amp#27;[90m27 ms - 890&amp#27;[39m &amp#27;[90m&amp#27;[39m
&amp#27;[38;5;80m[b650b02a]&amp#27;[0m&amp#27;[38;5;86m[HTTP]&amp#27;[0m &amp#27;[37m-->&amp#27;[39m &amp#27;[37mPOST&amp#27;[39m &amp#27;[37m/session/b650b02a-6867-4ff7-891d-874bdf2bbd17/element&amp#27;[39m &amp#27;[90m{"using":"id","value":"com.androidsample.generalstore:id/nameField"}&amp#27;[39m
&amp#27;[38;5;80m[b650b02a]&amp#27;[0m&amp#27;[38;5;-163m[AndroidUiautomator2Driver@e9a1]&amp#27;[0m Calling AppiumDriver.findElement() with args: ["id","com.androidsample.generalstore:id/nameField","b650b02a-6867-4ff7-891d-874bdf2bbd17"]
&amp#27;[38;5;80m[b650b02a]&amp#27;[0m&amp#27;[38;5;-163m[AndroidUiautomator2Driver@e9a1]&amp#27;[0m Valid locator strategies for this request: xpath, id, class name, accessibility id, css selector, -android uiautomator
&amp#27;[38;5;80m[b650b02a]&amp#27;[0m&amp#27;[38;5;-163m[AndroidUiautomator2Driver@e9a1]&amp#27;[0m Waiting up to 0 ms for condition
&amp#27;[38;5;80m[b650b02a]&amp#27;[0m&amp#27;[38;5;-163m[AndroidUiautomator2Driver@e9a1]&amp#27;[0m Matched '/element' to command name 'findElement'
&amp#27;[38;5;80m[b650b02a]&amp#27;[0m&amp#27;[38;5;-163m[AndroidUiautomator2Driver@e9a1]&amp#27;[0m Proxying [POST /element] to [POST http://127.0.0.1:8201/session/6966ea16-5baf-48ef-8186-b76f8ea36855/element] with body: {"strategy":"id","selector":"com.androidsample.generalstore:id/nameField","context":"","multiple":false}
&amp#27;[38;5;80m[b650b02a]&amp#27;[0m&amp#27;[38;5;-163m[AndroidUiautomator2Driver@e9a1]&amp#27;[0m Got response with status 200: {"sessionId":"6966ea16-5baf-48ef-8186-b76f8ea36855","value":{"ELEMENT":"00000000-0000-072e-ffff-ffff0000001c","element-6066-11e4-a52e-4f735466cecf":"00000000-0000-072e-ffff-ffff0000001c"}}
&amp#27;[38;5;80m[b650b02a]&amp#27;[0m&amp#27;[38;5;-163m[AndroidUiautomator2Driver@e9a1]&amp#27;[0m Responding to client with driver.findElement() result: {"element-6066-11e4-a52e-4f735466cecf":"00000000-0000-072e-ffff-ffff0000001c","ELEMENT":"00000000-0000-072e-ffff-ffff0000001c"}
&amp#27;[38;5;80m[b650b02a]&amp#27;[0m&amp#27;[38;5;86m[HTTP]&amp#27;[0m &amp#27;[37m<-- POST /session/b650b02a-6867-4ff7-891d-874bdf2bbd17/element &amp#27;[39m&amp#27;[32m200&amp#27;[39m &amp#27;[90m1443 ms - 137&amp#27;[39m &amp#27;[90m&amp#27;[39m
&amp#27;[38;5;80m[b650b02a]&amp#27;[0m&amp#27;[38;5;86m[HTTP]&amp#27;[0m &amp#27;[37m-->&amp#27;[39m &amp#27;[37mGET&amp#27;[39m &amp#27;[37m/session/b650b02a-6867-4ff7-891d-874bdf2bbd17/element/00000000-0000-072e-ffff-ffff0000001c/displayed&amp#27;[39m &amp#27;[90m{}&amp#27;[39m
&amp#27;[38;5;80m[b650b02a]&amp#27;[0m&amp#27;[38;5;-163m[AndroidUiautomator2Driver@e9a1]&amp#27;[0m Calling AppiumDriver.elementDisplayed() with args: ["00000000-0000-072e-ffff-ffff0000001c","b650b02a-6867-4ff7-891d-874bdf2bbd17"]
&amp#27;[38;5;80m[b650b02a]&amp#27;[0m&amp#27;[38;5;-163m[AndroidUiautomator2Driver@e9a1]&amp#27;[0m Matched '/element/00000000-0000-072e-ffff-ffff0000001c/attribute/displayed' to command name 'getAttribute'
&amp#27;[38;5;80m[b650b02a]&amp#27;[0m&amp#27;[38;5;-163m[AndroidUiautomator2Driver@e9a1]&amp#27;[0m Proxying [GET /element/00000000-0000-072e-ffff-ffff0000001c/attribute/displayed] to [GET http://127.0.0.1:8201/session/6966ea16-5baf-48ef-8186-b76f8ea36855/element/00000000-0000-072e-ffff-ffff0000001c/attribute/displayed] with no body
&amp#27;[38;5;80m[b650b02a]&amp#27;[0m&amp#27;[38;5;-163m[AndroidUiautomator2Driver@e9a1]&amp#27;[0m Got response with status 200: {"sessionId":"6966ea16-5baf-48ef-8186-b76f8ea36855","value":"true"}
&amp#27;[38;5;80m[b650b02a]&amp#27;[0m&amp#27;[38;5;-163m[AndroidUiautomator2Driver@e9a1]&amp#27;[0m Responding to client with driver.elementDisplayed() result: true
&amp#27;[38;5;80m[b650b02a]&amp#27;[0m&amp#27;[38;5;86m[HTTP]&amp#27;[0m &amp#27;[37m<-- GET /session/b650b02a-6867-4ff7-891d-874bdf2bbd17/element/00000000-0000-072e-ffff-ffff0000001c/displayed &amp#27;[39m&amp#27;[32m200&amp#27;[39m &amp#27;[90m20 ms - 14&amp#27;[39m &amp#27;[90m&amp#27;[39m
&amp#27;[38;5;80m[b650b02a]&amp#27;[0m&amp#27;[38;5;86m[HTTP]&amp#27;[0m &amp#27;[37m-->&amp#27;[39m &amp#27;[37mGET&amp#27;[39m &amp#27;[37m/session/b650b02a-6867-4ff7-891d-874bdf2bbd17/context&amp#27;[39m &amp#27;[90m{}&amp#27;[39m
&amp#27;[38;5;80m[b650b02a]&amp#27;[0m&amp#27;[38;5;-163m[AndroidUiautomator2Driver@e9a1]&amp#27;[0m Calling AppiumDriver.getCurrentContext() with args: ["b650b02a-6867-4ff7-891d-874bdf2bbd17"]
&amp#27;[38;5;80m[b650b02a]&amp#27;[0m&amp#27;[38;5;-163m[AndroidUiautomator2Driver@e9a1]&amp#27;[0m Responding to client with driver.getCurrentContext() result: "NATIVE_APP"
&amp#27;[38;5;80m[b650b02a]&amp#27;[0m&amp#27;[38;5;86m[HTTP]&amp#27;[0m &amp#27;[37m<-- GET /session/b650b02a-6867-4ff7-891d-874bdf2bbd17/context &amp#27;[39m&amp#27;[32m200&amp#27;[39m &amp#27;[90m1 ms - 22&amp#27;[39m &amp#27;[90m&amp#27;[39m
&amp#27;[38;5;80m[b650b02a]&amp#27;[0m&amp#27;[38;5;86m[HTTP]&amp#27;[0m &amp#27;[37m-->&amp#27;[39m &amp#27;[37mPOST&amp#27;[39m &amp#27;[37m/session/b650b02a-6867-4ff7-891d-874bdf2bbd17/element&amp#27;[39m &amp#27;[90m{"using":"id","value":"com.androidsample.generalstore:id/nameField"}&amp#27;[39m
&amp#27;[38;5;80m[b650b02a]&amp#27;[0m&amp#27;[38;5;-163m[AndroidUiautomator2Driver@e9a1]&amp#27;[0m Calling AppiumDriver.findElement() with args: ["id","com.androidsample.generalstore:id/nameField","b650b02a-6867-4ff7-891d-874bdf2bbd17"]
&amp#27;[38;5;80m[b650b02a]&amp#27;[0m&amp#27;[38;5;-163m[AndroidUiautomator2Driver@e9a1]&amp#27;[0m Valid locator strategies for this request: xpath, id, class name, accessibility id, css selector, -android uiautomator
&amp#27;[38;5;80m[b650b02a]&amp#27;[0m&amp#27;[38;5;-163m[AndroidUiautomator2Driver@e9a1]&amp#27;[0m Waiting up to 0 ms for condition
&amp#27;[38;5;80m[b650b02a]&amp#27;[0m&amp#27;[38;5;-163m[AndroidUiautomator2Driver@e9a1]&amp#27;[0m Matched '/element' to command name 'findElement'
&amp#27;[38;5;80m[b650b02a]&amp#27;[0m&amp#27;[38;5;-163m[AndroidUiautomator2Driver@e9a1]&amp#27;[0m Proxying [POST /element] to [POST http://127.0.0.1:8201/session/6966ea16-5baf-48ef-8186-b76f8ea36855/element] with body: {"strategy":"id","selector":"com.androidsample.generalstore:id/nameField","context":"","multiple":false}
&amp#27;[38;5;80m[b650b02a]&amp#27;[0m&amp#27;[38;5;-163m[AndroidUiautomator2Driver@e9a1]&amp#27;[0m Got response with status 200: {"sessionId":"6966ea16-5baf-48ef-8186-b76f8ea36855","value":{"ELEMENT":"00000000-0000-072e-ffff-ffff0000001c","element-6066-11e4-a52e-4f735466cecf":"00000000-0000-072e-ffff-ffff0000001c"}}
&amp#27;[38;5;80m[b650b02a]&amp#27;[0m&amp#27;[38;5;-163m[AndroidUiautomator2Driver@e9a1]&amp#27;[0m Responding to client with driver.findElement() result: {"element-6066-11e4-a52e-4f735466cecf":"00000000-0000-072e-ffff-ffff0000001c","ELEMENT":"00000000-0000-072e-ffff-ffff0000001c"}
&amp#27;[38;5;80m[b650b02a]&amp#27;[0m&amp#27;[38;5;86m[HTTP]&amp#27;[0m &amp#27;[37m<-- POST /session/b650b02a-6867-4ff7-891d-874bdf2bbd17/element &amp#27;[39m&amp#27;[32m200&amp#27;[39m &amp#27;[90m28 ms - 137&amp#27;[39m &amp#27;[90m&amp#27;[39m
&amp#27;[38;5;80m[b650b02a]&amp#27;[0m&amp#27;[38;5;86m[HTTP]&amp#27;[0m &amp#27;[37m-->&amp#27;[39m &amp#27;[37mPOST&amp#27;[39m &amp#27;[37m/session/b650b02a-6867-4ff7-891d-874bdf2bbd17/element/00000000-0000-072e-ffff-ffff0000001c/value&amp#27;[39m &amp#27;[90m{"value":["R","a","j"],"text":"Raj","id":"00000000-0000-072e-ffff-ffff0000001c"}&amp#27;[39m
&amp#27;[38;5;80m[b650b02a]&amp#27;[0m&amp#27;[38;5;-163m[AndroidUiautomator2Driver@e9a1]&amp#27;[0m Calling AppiumDriver.setValue() with args: [["R","a","j"],"00000000-0000-072e-ffff-ffff0000001c","b650b02a-6867-4ff7-891d-874bdf2bbd17"]
&amp#27;[38;5;80m[b650b02a]&amp#27;[0m&amp#27;[38;5;-163m[AndroidUiautomator2Driver@e9a1]&amp#27;[0m Matched '/element/00000000-0000-072e-ffff-ffff0000001c/value' to command name 'setValue'
&amp#27;[38;5;80m[b650b02a]&amp#27;[0m&amp#27;[38;5;-163m[AndroidUiautomator2Driver@e9a1]&amp#27;[0m Added 'value' property ["R","a","j"] to 'setValue' request body
&amp#27;[38;5;80m[b650b02a]&amp#27;[0m&amp#27;[38;5;-163m[AndroidUiautomator2Driver@e9a1]&amp#27;[0m Proxying [POST /element/00000000-0000-072e-ffff-ffff0000001c/value] to [POST http://127.0.0.1:8201/session/6966ea16-5baf-48ef-8186-b76f8ea36855/element/00000000-0000-072e-ffff-ffff0000001c/value] with body: {"elementId":"00000000-0000-072e-ffff-ffff0000001c","text":"Raj","replace":false,"value":["R","a","j"]}
&amp#27;[38;5;80m[b650b02a]&amp#27;[0m&amp#27;[38;5;-163m[AndroidUiautomator2Driver@e9a1]&amp#27;[0m Got response with status 200: {"sessionId":"6966ea16-5baf-48ef-8186-b76f8ea36855","value":null}
&amp#27;[38;5;80m[b650b02a]&amp#27;[0m&amp#27;[38;5;-163m[AndroidUiautomator2Driver@e9a1]&amp#27;[0m Responding to client with driver.setValue() result: null
&amp#27;[38;5;80m[b650b02a]&amp#27;[0m&amp#27;[38;5;86m[HTTP]&amp#27;[0m &amp#27;[37m<-- POST /session/b650b02a-6867-4ff7-891d-874bdf2bbd17/element/00000000-0000-072e-ffff-ffff0000001c/value &amp#27;[39m&amp#27;[32m200&amp#27;[39m &amp#27;[90m573 ms - 14&amp#27;[39m &amp#27;[90m&amp#27;[39m
&amp#27;[38;5;80m[b650b02a]&amp#27;[0m&amp#27;[38;5;86m[HTTP]&amp#27;[0m &amp#27;[37m-->&amp#27;[39m &amp#27;[37mPOST&amp#27;[39m &amp#27;[37m/session/b650b02a-6867-4ff7-891d-874bdf2bbd17/execute/sync&amp#27;[39m &amp#27;[90m{"script":"mobile: hideKeyboard","args":[]}&amp#27;[39m
&amp#27;[38;5;80m[b650b02a]&amp#27;[0m&amp#27;[38;5;-163m[AndroidUiautomator2Driver@e9a1]&amp#27;[0m Calling AppiumDriver.execute() with args: ["mobile: hideKeyboard",[],"b650b02a-6867-4ff7-891d-874bdf2bbd17"]
&amp#27;[38;5;80m[b650b02a]&amp#27;[0m&amp#27;[38;5;-163m[AndroidUiautomator2Driver@e9a1]&amp#27;[0m Executing native command 'mobile: hideKeyboard'
&amp#27;[38;5;80m[b650b02a]&amp#27;[0m&amp#27;[38;5;229m[ADB]&amp#27;[0m Running 'C:\Users\User1\AppData\Local\Android\Sdk\platform-tools\adb.exe -P 5037 -s emulator-5554 shell dumpsys input_method'
&amp#27;[38;5;80m[b650b02a]&amp#27;[0m&amp#27;[38;5;229m[ADB]&amp#27;[0m Keyboard has no UI; no closing necessary
&amp#27;[38;5;80m[b650b02a]&amp#27;[0m&amp#27;[38;5;-163m[AndroidUiautomator2Driver@e9a1]&amp#27;[0m Responding to client with driver.execute() result: false
&amp#27;[38;5;80m[b650b02a]&amp#27;[0m&amp#27;[38;5;86m[HTTP]&amp#27;[0m &amp#27;[37m<-- POST /session/b650b02a-6867-4ff7-891d-874bdf2bbd17/execute/sync &amp#27;[39m&amp#27;[32m200&amp#27;[39m &amp#27;[90m408 ms - 15&amp#27;[39m &amp#27;[90m&amp#27;[39m
&amp#27;[38;5;80m[b650b02a]&amp#27;[0m&amp#27;[38;5;86m[HTTP]&amp#27;[0m &amp#27;[37m-->&amp#27;[39m &amp#27;[37mGET&amp#27;[39m &amp#27;[37m/session/b650b02a-6867-4ff7-891d-874bdf2bbd17/context&amp#27;[39m &amp#27;[90m{}&amp#27;[39m
&amp#27;[38;5;80m[b650b02a]&amp#27;[0m&amp#27;[38;5;-163m[AndroidUiautomator2Driver@e9a1]&amp#27;[0m Calling AppiumDriver.getCurrentContext() with args: ["b650b02a-6867-4ff7-891d-874bdf2bbd17"]
&amp#27;[38;5;80m[b650b02a]&amp#27;[0m&amp#27;[38;5;-163m[AndroidUiautomator2Driver@e9a1]&amp#27;[0m Responding to client with driver.getCurrentContext() result: "NATIVE_APP"
&amp#27;[38;5;80m[b650b02a]&amp#27;[0m&amp#27;[38;5;86m[HTTP]&amp#27;[0m &amp#27;[37m<-- GET /session/b650b02a-6867-4ff7-891d-874bdf2bbd17/context &amp#27;[39m&amp#27;[32m200&amp#27;[39m &amp#27;[90m2 ms - 22&amp#27;[39m &amp#27;[90m&amp#27;[39m
&amp#27;[38;5;80m[b650b02a]&amp#27;[0m&amp#27;[38;5;86m[HTTP]&amp#27;[0m &amp#27;[37m-->&amp#27;[39m &amp#27;[37mPOST&amp#27;[39m &amp#27;[37m/session/b650b02a-6867-4ff7-891d-874bdf2bbd17/element&amp#27;[39m &amp#27;[90m{"using":"xpath","value":"//android.widget.RadioButton[@text='Male']"}&amp#27;[39m
&amp#27;[38;5;80m[b650b02a]&amp#27;[0m&amp#27;[38;5;-163m[AndroidUiautomator2Driver@e9a1]&amp#27;[0m Calling AppiumDriver.findElement() with args: ["xpath","//android.widget.RadioButton[@text='Male']","b650b02a-6867-4ff7-891d-874bdf2bbd17"]
&amp#27;[38;5;80m[b650b02a]&amp#27;[0m&amp#27;[38;5;-163m[AndroidUiautomator2Driver@e9a1]&amp#27;[0m Valid locator strategies for this request: xpath, id, class name, accessibility id, css selector, -android uiautomator
&amp#27;[38;5;80m[b650b02a]&amp#27;[0m&amp#27;[38;5;-163m[AndroidUiautomator2Driver@e9a1]&amp#27;[0m Waiting up to 0 ms for condition
&amp#27;[38;5;80m[b650b02a]&amp#27;[0m&amp#27;[38;5;-163m[AndroidUiautomator2Driver@e9a1]&amp#27;[0m Matched '/element' to command name 'findElement'
&amp#27;[38;5;80m[b650b02a]&amp#27;[0m&amp#27;[38;5;-163m[AndroidUiautomator2Driver@e9a1]&amp#27;[0m Proxying [POST /element] to [POST http://127.0.0.1:8201/session/6966ea16-5baf-48ef-8186-b76f8ea36855/element] with body: {"strategy":"xpath","selector":"//android.widget.RadioButton[@text='Male']","context":"","multiple":false}
&amp#27;[38;5;80m[b650b02a]&amp#27;[0m&amp#27;[38;5;-163m[AndroidUiautomator2Driver@e9a1]&amp#27;[0m Got response with status 200: {"sessionId":"6966ea16-5baf-48ef-8186-b76f8ea36855","value":{"ELEMENT":"00000000-0000-072e-ffff-ffff0000001f","element-6066-11e4-a52e-4f735466cecf":"00000000-0000-072e-ffff-ffff0000001f"}}
&amp#27;[38;5;80m[b650b02a]&amp#27;[0m&amp#27;[38;5;-163m[AndroidUiautomator2Driver@e9a1]&amp#27;[0m Responding to client with driver.findElement() result: {"element-6066-11e4-a52e-4f735466cecf":"00000000-0000-072e-ffff-ffff0000001f","ELEMENT":"00000000-0000-072e-ffff-ffff0000001f"}
&amp#27;[38;5;80m[b650b02a]&amp#27;[0m&amp#27;[38;5;86m[HTTP]&amp#27;[0m &amp#27;[37m<-- POST /session/b650b02a-6867-4ff7-891d-874bdf2bbd17/element &amp#27;[39m&amp#27;[32m200&amp#27;[39m &amp#27;[90m841 ms - 137&amp#27;[39m &amp#27;[90m&amp#27;[39m
&amp#27;[38;5;80m[b650b02a]&amp#27;[0m&amp#27;[38;5;86m[HTTP]&amp#27;[0m &amp#27;[37m-->&amp#27;[39m &amp#27;[37mPOST&amp#27;[39m &amp#27;[37m/session/b650b02a-6867-4ff7-891d-874bdf2bbd17/element/00000000-0000-072e-ffff-ffff0000001f/click&amp#27;[39m &amp#27;[90m{"id":"00000000-0000-072e-ffff-ffff0000001f"}&amp#27;[39m
&amp#27;[38;5;80m[b650b02a]&amp#27;[0m&amp#27;[38;5;-163m[AndroidUiautomator2Driver@e9a1]&amp#27;[0m Calling AppiumDriver.click() with args: ["00000000-0000-072e-ffff-ffff0000001f","b650b02a-6867-4ff7-891d-874bdf2bbd17"]
&amp#27;[38;5;80m[b650b02a]&amp#27;[0m&amp#27;[38;5;-163m[AndroidUiautomator2Driver@e9a1]&amp#27;[0m Matched '/element/00000000-0000-072e-ffff-ffff0000001f/click' to command name 'click'
&amp#27;[38;5;80m[b650b02a]&amp#27;[0m&amp#27;[38;5;-163m[AndroidUiautomator2Driver@e9a1]&amp#27;[0m Proxying [POST /element/00000000-0000-072e-ffff-ffff0000001f/click] to [POST http://127.0.0.1:8201/session/6966ea16-5baf-48ef-8186-b76f8ea36855/element/00000000-0000-072e-ffff-ffff0000001f/click] with body: {"element":"00000000-0000-072e-ffff-ffff0000001f"}
&amp#27;[38;5;80m[b650b02a]&amp#27;[0m&amp#27;[38;5;-163m[AndroidUiautomator2Driver@e9a1]&amp#27;[0m Got response with status 200: {"sessionId":"6966ea16-5baf-48ef-8186-b76f8ea36855","value":null}
&amp#27;[38;5;80m[b650b02a]&amp#27;[0m&amp#27;[38;5;-163m[AndroidUiautomator2Driver@e9a1]&amp#27;[0m Responding to client with driver.click() result: null
&amp#27;[38;5;80m[b650b02a]&amp#27;[0m&amp#27;[38;5;86m[HTTP]&amp#27;[0m &amp#27;[37m<-- POST /session/b650b02a-6867-4ff7-891d-874bdf2bbd17/element/00000000-0000-072e-ffff-ffff0000001f/click &amp#27;[39m&amp#27;[32m200&amp#27;[39m &amp#27;[90m90 ms - 14&amp#27;[39m &amp#27;[90m&amp#27;[39m
&amp#27;[38;5;80m[b650b02a]&amp#27;[0m&amp#27;[38;5;86m[HTTP]&amp#27;[0m &amp#27;[37m-->&amp#27;[39m &amp#27;[37mGET&amp#27;[39m &amp#27;[37m/session/b650b02a-6867-4ff7-891d-874bdf2bbd17/context&amp#27;[39m &amp#27;[90m{}&amp#27;[39m
&amp#27;[38;5;80m[b650b02a]&amp#27;[0m&amp#27;[38;5;-163m[AndroidUiautomator2Driver@e9a1]&amp#27;[0m Calling AppiumDriver.getCurrentContext() with args: ["b650b02a-6867-4ff7-891d-874bdf2bbd17"]
&amp#27;[38;5;80m[b650b02a]&amp#27;[0m&amp#27;[38;5;-163m[AndroidUiautomator2Driver@e9a1]&amp#27;[0m Responding to client with driver.getCurrentContext() result: "NATIVE_APP"
&amp#27;[38;5;80m[b650b02a]&amp#27;[0m&amp#27;[38;5;86m[HTTP]&amp#27;[0m &amp#27;[37m<-- GET /session/b650b02a-6867-4ff7-891d-874bdf2bbd17/context &amp#27;[39m&amp#27;[32m200&amp#27;[39m &amp#27;[90m2 ms - 22&amp#27;[39m &amp#27;[90m&amp#27;[39m
&amp#27;[38;5;80m[b650b02a]&amp#27;[0m&amp#27;[38;5;86m[HTTP]&amp#27;[0m &amp#27;[37m-->&amp#27;[39m &amp#27;[37mPOST&amp#27;[39m &amp#27;[37m/session/b650b02a-6867-4ff7-891d-874bdf2bbd17/element&amp#27;[39m &amp#27;[90m{"using":"id","value":"android:id/text1"}&amp#27;[39m
&amp#27;[38;5;80m[b650b02a]&amp#27;[0m&amp#27;[38;5;-163m[AndroidUiautomator2Driver@e9a1]&amp#27;[0m Calling AppiumDriver.findElement() with args: ["id","android:id/text1","b650b02a-6867-4ff7-891d-874bdf2bbd17"]
&amp#27;[38;5;80m[b650b02a]&amp#27;[0m&amp#27;[38;5;-163m[AndroidUiautomator2Driver@e9a1]&amp#27;[0m Valid locator strategies for this request: xpath, id, class name, accessibility id, css selector, -android uiautomator
&amp#27;[38;5;80m[b650b02a]&amp#27;[0m&amp#27;[38;5;-163m[AndroidUiautomator2Driver@e9a1]&amp#27;[0m Waiting up to 0 ms for condition
&amp#27;[38;5;80m[b650b02a]&amp#27;[0m&amp#27;[38;5;-163m[AndroidUiautomator2Driver@e9a1]&amp#27;[0m Matched '/element' to command name 'findElement'
&amp#27;[38;5;80m[b650b02a]&amp#27;[0m&amp#27;[38;5;-163m[AndroidUiautomator2Driver@e9a1]&amp#27;[0m Proxying [POST /element] to [POST http://127.0.0.1:8201/session/6966ea16-5baf-48ef-8186-b76f8ea36855/element] with body: {"strategy":"id","selector":"android:id/text1","context":"","multiple":false}
&amp#27;[38;5;80m[b650b02a]&amp#27;[0m&amp#27;[38;5;-163m[AndroidUiautomator2Driver@e9a1]&amp#27;[0m Got response with status 200: {"sessionId":"6966ea16-5baf-48ef-8186-b76f8ea36855","value":{"ELEMENT":"00000000-0000-072e-ffff-ffff00000024","element-6066-11e4-a52e-4f735466cecf":"00000000-0000-072e-ffff-ffff00000024"}}
&amp#27;[38;5;80m[b650b02a]&amp#27;[0m&amp#27;[38;5;-163m[AndroidUiautomator2Driver@e9a1]&amp#27;[0m Responding to client with driver.findElement() result: {"element-6066-11e4-a52e-4f735466cecf":"00000000-0000-072e-ffff-ffff00000024","ELEMENT":"00000000-0000-072e-ffff-ffff00000024"}
&amp#27;[38;5;80m[b650b02a]&amp#27;[0m&amp#27;[38;5;86m[HTTP]&amp#27;[0m &amp#27;[37m<-- POST /session/b650b02a-6867-4ff7-891d-874bdf2bbd17/element &amp#27;[39m&amp#27;[32m200&amp#27;[39m &amp#27;[90m125 ms - 137&amp#27;[39m &amp#27;[90m&amp#27;[39m
&amp#27;[38;5;80m[b650b02a]&amp#27;[0m&amp#27;[38;5;86m[HTTP]&amp#27;[0m &amp#27;[37m-->&amp#27;[39m &amp#27;[37mPOST&amp#27;[39m &amp#27;[37m/session/b650b02a-6867-4ff7-891d-874bdf2bbd17/element/00000000-0000-072e-ffff-ffff00000024/click&amp#27;[39m &amp#27;[90m{"id":"00000000-0000-072e-ffff-ffff00000024"}&amp#27;[39m
&amp#27;[38;5;80m[b650b02a]&amp#27;[0m&amp#27;[38;5;-163m[AndroidUiautomator2Driver@e9a1]&amp#27;[0m Calling AppiumDriver.click() with args: ["00000000-0000-072e-ffff-ffff00000024","b650b02a-6867-4ff7-891d-874bdf2bbd17"]
&amp#27;[38;5;80m[b650b02a]&amp#27;[0m&amp#27;[38;5;-163m[AndroidUiautomator2Driver@e9a1]&amp#27;[0m Matched '/element/00000000-0000-072e-ffff-ffff00000024/click' to command name 'click'
&amp#27;[38;5;80m[b650b02a]&amp#27;[0m&amp#27;[38;5;-163m[AndroidUiautomator2Driver@e9a1]&amp#27;[0m Proxying [POST /element/00000000-0000-072e-ffff-ffff00000024/click] to [POST http://127.0.0.1:8201/session/6966ea16-5baf-48ef-8186-b76f8ea36855/element/00000000-0000-072e-ffff-ffff00000024/click] with body: {"element":"00000000-0000-072e-ffff-ffff00000024"}
&amp#27;[38;5;80m[b650b02a]&amp#27;[0m&amp#27;[38;5;-163m[AndroidUiautomator2Driver@e9a1]&amp#27;[0m Got response with status 200: {"sessionId":"6966ea16-5baf-48ef-8186-b76f8ea36855","value":null}
&amp#27;[38;5;80m[b650b02a]&amp#27;[0m&amp#27;[38;5;-163m[AndroidUiautomator2Driver@e9a1]&amp#27;[0m Responding to client with driver.click() result: null
&amp#27;[38;5;80m[b650b02a]&amp#27;[0m&amp#27;[38;5;86m[HTTP]&amp#27;[0m &amp#27;[37m<-- POST /session/b650b02a-6867-4ff7-891d-874bdf2bbd17/element/00000000-0000-072e-ffff-ffff00000024/click &amp#27;[39m&amp#27;[32m200&amp#27;[39m &amp#27;[90m411 ms - 14&amp#27;[39m &amp#27;[90m&amp#27;[39m
&amp#27;[38;5;80m[b650b02a]&amp#27;[0m&amp#27;[38;5;86m[HTTP]&amp#27;[0m &amp#27;[37m-->&amp#27;[39m &amp#27;[37mPOST&amp#27;[39m &amp#27;[37m/session/b650b02a-6867-4ff7-891d-874bdf2bbd17/element&amp#27;[39m &amp#27;[90m{"using":"-android uiautomator","value":"new UiScrollable(new UiSelector()).scrollIntoView(text(\"Austria\"));"}&amp#27;[39m
&amp#27;[38;5;80m[b650b02a]&amp#27;[0m&amp#27;[38;5;-163m[AndroidUiautomator2Driver@e9a1]&amp#27;[0m Calling AppiumDriver.findElement() with args: ["-android uiautomator","new UiScrollable(new UiSelector()).scrollIntoView(text(\"Austria\"));","b650b02a-6867-4ff7-891d-874bdf2bbd17"]
&amp#27;[38;5;80m[b650b02a]&amp#27;[0m&amp#27;[38;5;-163m[AndroidUiautomator2Driver@e9a1]&amp#27;[0m Valid locator strategies for this request: xpath, id, class name, accessibility id, css selector, -android uiautomator
&amp#27;[38;5;80m[b650b02a]&amp#27;[0m&amp#27;[38;5;-163m[AndroidUiautomator2Driver@e9a1]&amp#27;[0m Waiting up to 0 ms for condition
&amp#27;[38;5;80m[b650b02a]&amp#27;[0m&amp#27;[38;5;-163m[AndroidUiautomator2Driver@e9a1]&amp#27;[0m Matched '/element' to command name 'findElement'
&amp#27;[38;5;80m[b650b02a]&amp#27;[0m&amp#27;[38;5;-163m[AndroidUiautomator2Driver@e9a1]&amp#27;[0m Proxying [POST /element] to [POST http://127.0.0.1:8201/session/6966ea16-5baf-48ef-8186-b76f8ea36855/element] with body: {"strategy":"-android uiautomator","selector":"new UiScrollable(new UiSelector()).scrollIntoView(text(\"Austria\"));","context":"","multiple":false}
&amp#27;[38;5;80m[b650b02a]&amp#27;[0m&amp#27;[38;5;-163m[AndroidUiautomator2Driver@e9a1]&amp#27;[0m Got response with status 200: {"sessionId":"6966ea16-5baf-48ef-8186-b76f8ea36855","value":{"ELEMENT":"00000000-0000-072f-ffff-ffff0000002c","element-6066-11e4-a52e-4f735466cecf":"00000000-0000-072f-ffff-ffff0000002c"}}
&amp#27;[38;5;80m[b650b02a]&amp#27;[0m&amp#27;[38;5;-163m[AndroidUiautomator2Driver@e9a1]&amp#27;[0m Responding to client with driver.findElement() result: {"element-6066-11e4-a52e-4f735466cecf":"00000000-0000-072f-ffff-ffff0000002c","ELEMENT":"00000000-0000-072f-ffff-ffff0000002c"}
&amp#27;[38;5;80m[b650b02a]&amp#27;[0m&amp#27;[38;5;86m[HTTP]&amp#27;[0m &amp#27;[37m<-- POST /session/b650b02a-6867-4ff7-891d-874bdf2bbd17/element &amp#27;[39m&amp#27;[32m200&amp#27;[39m &amp#27;[90m5134 ms - 137&amp#27;[39m &amp#27;[90m&amp#27;[39m
&amp#27;[38;5;80m[b650b02a]&amp#27;[0m&amp#27;[38;5;86m[HTTP]&amp#27;[0m &amp#27;[37m-->&amp#27;[39m &amp#27;[37mPOST&amp#27;[39m &amp#27;[37m/session/b650b02a-6867-4ff7-891d-874bdf2bbd17/element&amp#27;[39m &amp#27;[90m{"using":"xpath","value":"//android.widget.TextView[@text='Austria']"}&amp#27;[39m
&amp#27;[38;5;80m[b650b02a]&amp#27;[0m&amp#27;[38;5;-163m[AndroidUiautomator2Driver@e9a1]&amp#27;[0m Calling AppiumDriver.findElement() with args: ["xpath","//android.widget.TextView[@text='Austria']","b650b02a-6867-4ff7-891d-874bdf2bbd17"]
&amp#27;[38;5;80m[b650b02a]&amp#27;[0m&amp#27;[38;5;-163m[AndroidUiautomator2Driver@e9a1]&amp#27;[0m Valid locator strategies for this request: xpath, id, class name, accessibility id, css selector, -android uiautomator
&amp#27;[38;5;80m[b650b02a]&amp#27;[0m&amp#27;[38;5;-163m[AndroidUiautomator2Driver@e9a1]&amp#27;[0m Waiting up to 0 ms for condition
&amp#27;[38;5;80m[b650b02a]&amp#27;[0m&amp#27;[38;5;-163m[AndroidUiautomator2Driver@e9a1]&amp#27;[0m Matched '/element' to command name 'findElement'
&amp#27;[38;5;80m[b650b02a]&amp#27;[0m&amp#27;[38;5;-163m[AndroidUiautomator2Driver@e9a1]&amp#27;[0m Proxying [POST /element] to [POST http://127.0.0.1:8201/session/6966ea16-5baf-48ef-8186-b76f8ea36855/element] with body: {"strategy":"xpath","selector":"//android.widget.TextView[@text='Austria']","context":"","multiple":false}
&amp#27;[38;5;80m[b650b02a]&amp#27;[0m&amp#27;[38;5;-163m[AndroidUiautomator2Driver@e9a1]&amp#27;[0m Got response with status 200: {"sessionId":"6966ea16-5baf-48ef-8186-b76f8ea36855","value":{"ELEMENT":"00000000-0000-072f-ffff-ffff0000002c","element-6066-11e4-a52e-4f735466cecf":"00000000-0000-072f-ffff-ffff0000002c"}}
&amp#27;[38;5;80m[b650b02a]&amp#27;[0m&amp#27;[38;5;-163m[AndroidUiautomator2Driver@e9a1]&amp#27;[0m Responding to client with driver.findElement() result: {"element-6066-11e4-a52e-4f735466cecf":"00000000-0000-072f-ffff-ffff0000002c","ELEMENT":"00000000-0000-072f-ffff-ffff0000002c"}
&amp#27;[38;5;80m[b650b02a]&amp#27;[0m&amp#27;[38;5;86m[HTTP]&amp#27;[0m &amp#27;[37m<-- POST /session/b650b02a-6867-4ff7-891d-874bdf2bbd17/element &amp#27;[39m&amp#27;[32m200&amp#27;[39m &amp#27;[90m53 ms - 137&amp#27;[39m &amp#27;[90m&amp#27;[39m
&amp#27;[38;5;80m[b650b02a]&amp#27;[0m&amp#27;[38;5;86m[HTTP]&amp#27;[0m &amp#27;[37m-->&amp#27;[39m &amp#27;[37mPOST&amp#27;[39m &amp#27;[37m/session/b650b02a-6867-4ff7-891d-874bdf2bbd17/element/00000000-0000-072f-ffff-ffff0000002c/click&amp#27;[39m &amp#27;[90m{"id":"00000000-0000-072f-ffff-ffff0000002c"}&amp#27;[39m
&amp#27;[38;5;80m[b650b02a]&amp#27;[0m&amp#27;[38;5;-163m[AndroidUiautomator2Driver@e9a1]&amp#27;[0m Calling AppiumDriver.click() with args: ["00000000-0000-072f-ffff-ffff0000002c","b650b02a-6867-4ff7-891d-874bdf2bbd17"]
&amp#27;[38;5;80m[b650b02a]&amp#27;[0m&amp#27;[38;5;-163m[AndroidUiautomator2Driver@e9a1]&amp#27;[0m Matched '/element/00000000-0000-072f-ffff-ffff0000002c/click' to command name 'click'
&amp#27;[38;5;80m[b650b02a]&amp#27;[0m&amp#27;[38;5;-163m[AndroidUiautomator2Driver@e9a1]&amp#27;[0m Proxying [POST /element/00000000-0000-072f-ffff-ffff0000002c/click] to [POST http://127.0.0.1:8201/session/6966ea16-5baf-48ef-8186-b76f8ea36855/element/00000000-0000-072f-ffff-ffff0000002c/click] with body: {"element":"00000000-0000-072f-ffff-ffff0000002c"}
&amp#27;[38;5;80m[b650b02a]&amp#27;[0m&amp#27;[38;5;-163m[AndroidUiautomator2Driver@e9a1]&amp#27;[0m Got response with status 200: {"sessionId":"6966ea16-5baf-48ef-8186-b76f8ea36855","value":null}
&amp#27;[38;5;80m[b650b02a]&amp#27;[0m&amp#27;[38;5;-163m[AndroidUiautomator2Driver@e9a1]&amp#27;[0m Responding to client with driver.click() result: null
&amp#27;[38;5;80m[b650b02a]&amp#27;[0m&amp#27;[38;5;86m[HTTP]&amp#27;[0m &amp#27;[37m<-- POST /session/b650b02a-6867-4ff7-891d-874bdf2bbd17/element/00000000-0000-072f-ffff-ffff0000002c/click &amp#27;[39m&amp#27;[32m200&amp#27;[39m &amp#27;[90m758 ms - 14&amp#27;[39m &amp#27;[90m&amp#27;[39m
&amp#27;[38;5;80m[b650b02a]&amp#27;[0m&amp#27;[38;5;86m[HTTP]&amp#27;[0m &amp#27;[37m-->&amp#27;[39m &amp#27;[37mGET&amp#27;[39m &amp#27;[37m/session/b650b02a-6867-4ff7-891d-874bdf2bbd17/context&amp#27;[39m &amp#27;[90m{}&amp#27;[39m
&amp#27;[38;5;80m[b650b02a]&amp#27;[0m&amp#27;[38;5;-163m[AndroidUiautomator2Driver@e9a1]&amp#27;[0m Calling AppiumDriver.getCurrentContext() with args: ["b650b02a-6867-4ff7-891d-874bdf2bbd17"]
&amp#27;[38;5;80m[b650b02a]&amp#27;[0m&amp#27;[38;5;-163m[AndroidUiautomator2Driver@e9a1]&amp#27;[0m Responding to client with driver.getCurrentContext() result: "NATIVE_APP"
&amp#27;[38;5;80m[b650b02a]&amp#27;[0m&amp#27;[38;5;86m[HTTP]&amp#27;[0m &amp#27;[37m<-- GET /session/b650b02a-6867-4ff7-891d-874bdf2bbd17/context &amp#27;[39m&amp#27;[32m200&amp#27;[39m &amp#27;[90m4 ms - 22&amp#27;[39m &amp#27;[90m&amp#27;[39m
&amp#27;[38;5;80m[b650b02a]&amp#27;[0m&amp#27;[38;5;86m[HTTP]&amp#27;[0m &amp#27;[37m-->&amp#27;[39m &amp#27;[37mPOST&amp#27;[39m &amp#27;[37m/session/b650b02a-6867-4ff7-891d-874bdf2bbd17/element&amp#27;[39m &amp#27;[90m{"using":"id","value":"com.androidsample.generalstore:id/btnLetsShop"}&amp#27;[39m
&amp#27;[38;5;80m[b650b02a]&amp#27;[0m&amp#27;[38;5;-163m[AndroidUiautomator2Driver@e9a1]&amp#27;[0m Calling AppiumDriver.findElement() with args: ["id","com.androidsample.generalstore:id/btnLetsShop","b650b02a-6867-4ff7-891d-874bdf2bbd17"]
&amp#27;[38;5;80m[b650b02a]&amp#27;[0m&amp#27;[38;5;-163m[AndroidUiautomator2Driver@e9a1]&amp#27;[0m Valid locator strategies for this request: xpath, id, class name, accessibility id, css selector, -android uiautomator
&amp#27;[38;5;80m[b650b02a]&amp#27;[0m&amp#27;[38;5;-163m[AndroidUiautomator2Driver@e9a1]&amp#27;[0m Waiting up to 0 ms for condition
&amp#27;[38;5;80m[b650b02a]&amp#27;[0m&amp#27;[38;5;-163m[AndroidUiautomator2Driver@e9a1]&amp#27;[0m Matched '/element' to command name 'findElement'
&amp#27;[38;5;80m[b650b02a]&amp#27;[0m&amp#27;[38;5;-163m[AndroidUiautomator2Driver@e9a1]&amp#27;[0m Proxying [POST /element] to [POST http://127.0.0.1:8201/session/6966ea16-5baf-48ef-8186-b76f8ea36855/element] with body: {"strategy":"id","selector":"com.androidsample.generalstore:id/btnLetsShop","context":"","multiple":false}
&amp#27;[38;5;80m[b650b02a]&amp#27;[0m&amp#27;[38;5;-163m[AndroidUiautomator2Driver@e9a1]&amp#27;[0m Got response with status 200: {"sessionId":"6966ea16-5baf-48ef-8186-b76f8ea36855","value":{"ELEMENT":"00000000-0000-072e-ffff-ffff00000021","element-6066-11e4-a52e-4f735466cecf":"00000000-0000-072e-ffff-ffff00000021"}}
&amp#27;[38;5;80m[b650b02a]&amp#27;[0m&amp#27;[38;5;-163m[AndroidUiautomator2Driver@e9a1]&amp#27;[0m Responding to client with driver.findElement() result: {"element-6066-11e4-a52e-4f735466cecf":"00000000-0000-072e-ffff-ffff00000021","ELEMENT":"00000000-0000-072e-ffff-ffff00000021"}
&amp#27;[38;5;80m[b650b02a]&amp#27;[0m&amp#27;[38;5;86m[HTTP]&amp#27;[0m &amp#27;[37m<-- POST /session/b650b02a-6867-4ff7-891d-874bdf2bbd17/element &amp#27;[39m&amp#27;[32m200&amp#27;[39m &amp#27;[90m58 ms - 137&amp#27;[39m &amp#27;[90m&amp#27;[39m
&amp#27;[38;5;80m[b650b02a]&amp#27;[0m&amp#27;[38;5;86m[HTTP]&amp#27;[0m &amp#27;[37m-->&amp#27;[39m &amp#27;[37mPOST&amp#27;[39m &amp#27;[37m/session/b650b02a-6867-4ff7-891d-874bdf2bbd17/element/00000000-0000-072e-ffff-ffff00000021/click&amp#27;[39m &amp#27;[90m{"id":"00000000-0000-072e-ffff-ffff00000021"}&amp#27;[39m
&amp#27;[38;5;80m[b650b02a]&amp#27;[0m&amp#27;[38;5;-163m[AndroidUiautomator2Driver@e9a1]&amp#27;[0m Calling AppiumDriver.click() with args: ["00000000-0000-072e-ffff-ffff00000021","b650b02a-6867-4ff7-891d-874bdf2bbd17"]
&amp#27;[38;5;80m[b650b02a]&amp#27;[0m&amp#27;[38;5;-163m[AndroidUiautomator2Driver@e9a1]&amp#27;[0m Matched '/element/00000000-0000-072e-ffff-ffff00000021/click' to command name 'click'
&amp#27;[38;5;80m[b650b02a]&amp#27;[0m&amp#27;[38;5;-163m[AndroidUiautomator2Driver@e9a1]&amp#27;[0m Proxying [POST /element/00000000-0000-072e-ffff-ffff00000021/click] to [POST http://127.0.0.1:8201/session/6966ea16-5baf-48ef-8186-b76f8ea36855/element/00000000-0000-072e-ffff-ffff00000021/click] with body: {"element":"00000000-0000-072e-ffff-ffff00000021"}
&amp#27;[38;5;80m[b650b02a]&amp#27;[0m&amp#27;[38;5;-163m[AndroidUiautomator2Driver@e9a1]&amp#27;[0m Got response with status 200: {"sessionId":"6966ea16-5baf-48ef-8186-b76f8ea36855","value":null}
&amp#27;[38;5;80m[b650b02a]&amp#27;[0m&amp#27;[38;5;-163m[AndroidUiautomator2Driver@e9a1]&amp#27;[0m Responding to client with driver.click() result: null
&amp#27;[38;5;80m[b650b02a]&amp#27;[0m&amp#27;[38;5;86m[HTTP]&amp#27;[0m &amp#27;[37m<-- POST /session/b650b02a-6867-4ff7-891d-874bdf2bbd17/element/00000000-0000-072e-ffff-ffff00000021/click &amp#27;[39m&amp#27;[32m200&amp#27;[39m &amp#27;[90m61 ms - 14&amp#27;[39m &amp#27;[90m&amp#27;[39m
&amp#27;[38;5;80m[b650b02a]&amp#27;[0m&amp#27;[38;5;86m[HTTP]&amp#27;[0m &amp#27;[37m-->&amp#27;[39m &amp#27;[37mGET&amp#27;[39m &amp#27;[37m/session/b650b02a-6867-4ff7-891d-874bdf2bbd17/context&amp#27;[39m &amp#27;[90m{}&amp#27;[39m
&amp#27;[38;5;80m[b650b02a]&amp#27;[0m&amp#27;[38;5;-163m[AndroidUiautomator2Driver@e9a1]&amp#27;[0m Calling AppiumDriver.getCurrentContext() with args: ["b650b02a-6867-4ff7-891d-874bdf2bbd17"]
&amp#27;[38;5;80m[b650b02a]&amp#27;[0m&amp#27;[38;5;-163m[AndroidUiautomator2Driver@e9a1]&amp#27;[0m Responding to client with driver.getCurrentContext() result: "NATIVE_APP"
&amp#27;[38;5;80m[b650b02a]&amp#27;[0m&amp#27;[38;5;86m[HTTP]&amp#27;[0m &amp#27;[37m<-- GET /session/b650b02a-6867-4ff7-891d-874bdf2bbd17/context &amp#27;[39m&amp#27;[32m200&amp#27;[39m &amp#27;[90m5 ms - 22&amp#27;[39m &amp#27;[90m&amp#27;[39m
&amp#27;[38;5;80m[b650b02a]&amp#27;[0m&amp#27;[38;5;86m[HTTP]&amp#27;[0m &amp#27;[37m-->&amp#27;[39m &amp#27;[37mPOST&amp#27;[39m &amp#27;[37m/session/b650b02a-6867-4ff7-891d-874bdf2bbd17/element&amp#27;[39m &amp#27;[90m{"using":"id","value":"com.androidsample.generalstore:id/appbar_btn_back"}&amp#27;[39m
&amp#27;[38;5;80m[b650b02a]&amp#27;[0m&amp#27;[38;5;-163m[AndroidUiautomator2Driver@e9a1]&amp#27;[0m Calling AppiumDriver.findElement() with args: ["id","com.androidsample.generalstore:id/appbar_btn_back","b650b02a-6867-4ff7-891d-874bdf2bbd17"]
&amp#27;[38;5;80m[b650b02a]&amp#27;[0m&amp#27;[38;5;-163m[AndroidUiautomator2Driver@e9a1]&amp#27;[0m Valid locator strategies for this request: xpath, id, class name, accessibility id, css selector, -android uiautomator
&amp#27;[38;5;80m[b650b02a]&amp#27;[0m&amp#27;[38;5;-163m[AndroidUiautomator2Driver@e9a1]&amp#27;[0m Waiting up to 0 ms for condition
&amp#27;[38;5;80m[b650b02a]&amp#27;[0m&amp#27;[38;5;-163m[AndroidUiautomator2Driver@e9a1]&amp#27;[0m Matched '/element' to command name 'findElement'
&amp#27;[38;5;80m[b650b02a]&amp#27;[0m&amp#27;[38;5;-163m[AndroidUiautomator2Driver@e9a1]&amp#27;[0m Proxying [POST /element] to [POST http://127.0.0.1:8201/session/6966ea16-5baf-48ef-8186-b76f8ea36855/element] with body: {"strategy":"id","selector":"com.androidsample.generalstore:id/appbar_btn_back","context":"","multiple":false}
&amp#27;[38;5;80m[b650b02a]&amp#27;[0m&amp#27;[38;5;-163m[AndroidUiautomator2Driver@e9a1]&amp#27;[0m Got response with status 200: {"sessionId":"6966ea16-5baf-48ef-8186-b76f8ea36855","value":{"ELEMENT":"00000000-0000-0730-ffff-ffff0000003f","element-6066-11e4-a52e-4f735466cecf":"00000000-0000-0730-ffff-ffff0000003f"}}
&amp#27;[38;5;80m[b650b02a]&amp#27;[0m&amp#27;[38;5;-163m[AndroidUiautomator2Driver@e9a1]&amp#27;[0m Responding to client with driver.findElement() result: {"element-6066-11e4-a52e-4f735466cecf":"00000000-0000-0730-ffff-ffff0000003f","ELEMENT":"00000000-0000-0730-ffff-ffff0000003f"}
&amp#27;[38;5;80m[b650b02a]&amp#27;[0m&amp#27;[38;5;86m[HTTP]&amp#27;[0m &amp#27;[37m<-- POST /session/b650b02a-6867-4ff7-891d-874bdf2bbd17/element &amp#27;[39m&amp#27;[32m200&amp#27;[39m &amp#27;[90m1455 ms - 137&amp#27;[39m &amp#27;[90m&amp#27;[39m
&amp#27;[38;5;80m[b650b02a]&amp#27;[0m&amp#27;[38;5;86m[HTTP]&amp#27;[0m &amp#27;[37m-->&amp#27;[39m &amp#27;[37mGET&amp#27;[39m &amp#27;[37m/session/b650b02a-6867-4ff7-891d-874bdf2bbd17/element/00000000-0000-0730-ffff-ffff0000003f/displayed&amp#27;[39m &amp#27;[90m{}&amp#27;[39m
&amp#27;[38;5;80m[b650b02a]&amp#27;[0m&amp#27;[38;5;-163m[AndroidUiautomator2Driver@e9a1]&amp#27;[0m Calling AppiumDriver.elementDisplayed() with args: ["00000000-0000-0730-ffff-ffff0000003f","b650b02a-6867-4ff7-891d-874bdf2bbd17"]
&amp#27;[38;5;80m[b650b02a]&amp#27;[0m&amp#27;[38;5;-163m[AndroidUiautomator2Driver@e9a1]&amp#27;[0m Matched '/element/00000000-0000-0730-ffff-ffff0000003f/attribute/displayed' to command name 'getAttribute'
&amp#27;[38;5;80m[b650b02a]&amp#27;[0m&amp#27;[38;5;-163m[AndroidUiautomator2Driver@e9a1]&amp#27;[0m Proxying [GET /element/00000000-0000-0730-ffff-ffff0000003f/attribute/displayed] to [GET http://127.0.0.1:8201/session/6966ea16-5baf-48ef-8186-b76f8ea36855/element/00000000-0000-0730-ffff-ffff0000003f/attribute/displayed] with no body
&amp#27;[38;5;80m[b650b02a]&amp#27;[0m&amp#27;[38;5;-163m[AndroidUiautomator2Driver@e9a1]&amp#27;[0m Got response with status 200: {"sessionId":"6966ea16-5baf-48ef-8186-b76f8ea36855","value":"true"}
&amp#27;[38;5;80m[b650b02a]&amp#27;[0m&amp#27;[38;5;-163m[AndroidUiautomator2Driver@e9a1]&amp#27;[0m Responding to client with driver.elementDisplayed() result: true
&amp#27;[38;5;80m[b650b02a]&amp#27;[0m&amp#27;[38;5;86m[HTTP]&amp#27;[0m &amp#27;[37m<-- GET /session/b650b02a-6867-4ff7-891d-874bdf2bbd17/element/00000000-0000-0730-ffff-ffff0000003f/displayed &amp#27;[39m&amp#27;[32m200&amp#27;[39m &amp#27;[90m24 ms - 14&amp#27;[39m &amp#27;[90m&amp#27;[39m
&amp#27;[38;5;80m[b650b02a]&amp#27;[0m&amp#27;[38;5;86m[HTTP]&amp#27;[0m &amp#27;[37m-->&amp#27;[39m &amp#27;[37mGET&amp#27;[39m &amp#27;[37m/session/b650b02a-6867-4ff7-891d-874bdf2bbd17/context&amp#27;[39m &amp#27;[90m{}&amp#27;[39m
&amp#27;[38;5;80m[b650b02a]&amp#27;[0m&amp#27;[38;5;-163m[AndroidUiautomator2Driver@e9a1]&amp#27;[0m Calling AppiumDriver.getCurrentContext() with args: ["b650b02a-6867-4ff7-891d-874bdf2bbd17"]
&amp#27;[38;5;80m[b650b02a]&amp#27;[0m&amp#27;[38;5;-163m[AndroidUiautomator2Driver@e9a1]&amp#27;[0m Responding to client with driver.getCurrentContext() result: "NATIVE_APP"
&amp#27;[38;5;80m[b650b02a]&amp#27;[0m&amp#27;[38;5;86m[HTTP]&amp#27;[0m &amp#27;[37m<-- GET /session/b650b02a-6867-4ff7-891d-874bdf2bbd17/context &amp#27;[39m&amp#27;[32m200&amp#27;[39m &amp#27;[90m1 ms - 22&amp#27;[39m &amp#27;[90m&amp#27;[39m
&amp#27;[38;5;80m[b650b02a]&amp#27;[0m&amp#27;[38;5;86m[HTTP]&amp#27;[0m &amp#27;[37m-->&amp#27;[39m &amp#27;[37mPOST&amp#27;[39m &amp#27;[37m/session/b650b02a-6867-4ff7-891d-874bdf2bbd17/element&amp#27;[39m &amp#27;[90m{"using":"id","value":"com.androidsample.generalstore:id/appbar_btn_back"}&amp#27;[39m
&amp#27;[38;5;80m[b650b02a]&amp#27;[0m&amp#27;[38;5;-163m[AndroidUiautomator2Driver@e9a1]&amp#27;[0m Calling AppiumDriver.findElement() with args: ["id","com.androidsample.generalstore:id/appbar_btn_back","b650b02a-6867-4ff7-891d-874bdf2bbd17"]
&amp#27;[38;5;80m[b650b02a]&amp#27;[0m&amp#27;[38;5;-163m[AndroidUiautomator2Driver@e9a1]&amp#27;[0m Valid locator strategies for this request: xpath, id, class name, accessibility id, css selector, -android uiautomator
&amp#27;[38;5;80m[b650b02a]&amp#27;[0m&amp#27;[38;5;-163m[AndroidUiautomator2Driver@e9a1]&amp#27;[0m Waiting up to 0 ms for condition
&amp#27;[38;5;80m[b650b02a]&amp#27;[0m&amp#27;[38;5;-163m[AndroidUiautomator2Driver@e9a1]&amp#27;[0m Matched '/element' to command name 'findElement'
&amp#27;[38;5;80m[b650b02a]&amp#27;[0m&amp#27;[38;5;-163m[AndroidUiautomator2Driver@e9a1]&amp#27;[0m Proxying [POST /element] to [POST http://127.0.0.1:8201/session/6966ea16-5baf-48ef-8186-b76f8ea36855/element] with body: {"strategy":"id","selector":"com.androidsample.generalstore:id/appbar_btn_back","context":"","multiple":false}
&amp#27;[38;5;80m[b650b02a]&amp#27;[0m&amp#27;[38;5;-163m[AndroidUiautomator2Driver@e9a1]&amp#27;[0m Got response with status 200: {"sessionId":"6966ea16-5baf-48ef-8186-b76f8ea36855","value":{"ELEMENT":"00000000-0000-0730-ffff-ffff0000003f","element-6066-11e4-a52e-4f735466cecf":"00000000-0000-0730-ffff-ffff0000003f"}}
&amp#27;[38;5;80m[b650b02a]&amp#27;[0m&amp#27;[38;5;-163m[AndroidUiautomator2Driver@e9a1]&amp#27;[0m Responding to client with driver.findElement() result: {"element-6066-11e4-a52e-4f735466cecf":"00000000-0000-0730-ffff-ffff0000003f","ELEMENT":"00000000-0000-0730-ffff-ffff0000003f"}
&amp#27;[38;5;80m[b650b02a]&amp#27;[0m&amp#27;[38;5;86m[HTTP]&amp#27;[0m &amp#27;[37m<-- POST /session/b650b02a-6867-4ff7-891d-874bdf2bbd17/element &amp#27;[39m&amp#27;[32m200&amp#27;[39m &amp#27;[90m25 ms - 137&amp#27;[39m &amp#27;[90m&amp#27;[39m
&amp#27;[38;5;80m[b650b02a]&amp#27;[0m&amp#27;[38;5;86m[HTTP]&amp#27;[0m &amp#27;[37m-->&amp#27;[39m &amp#27;[37mPOST&amp#27;[39m &amp#27;[37m/session/b650b02a-6867-4ff7-891d-874bdf2bbd17/element/00000000-0000-0730-ffff-ffff0000003f/click&amp#27;[39m &amp#27;[90m{"id":"00000000-0000-0730-ffff-ffff0000003f"}&amp#27;[39m
&amp#27;[38;5;80m[b650b02a]&amp#27;[0m&amp#27;[38;5;-163m[AndroidUiautomator2Driver@e9a1]&amp#27;[0m Calling AppiumDriver.click() with args: ["00000000-0000-0730-ffff-ffff0000003f","b650b02a-6867-4ff7-891d-874bdf2bbd17"]
&amp#27;[38;5;80m[b650b02a]&amp#27;[0m&amp#27;[38;5;-163m[AndroidUiautomator2Driver@e9a1]&amp#27;[0m Matched '/element/00000000-0000-0730-ffff-ffff0000003f/click' to command name 'click'
&amp#27;[38;5;80m[b650b02a]&amp#27;[0m&amp#27;[38;5;-163m[AndroidUiautomator2Driver@e9a1]&amp#27;[0m Proxying [POST /element/00000000-0000-0730-ffff-ffff0000003f/click] to [POST http://127.0.0.1:8201/session/6966ea16-5baf-48ef-8186-b76f8ea36855/element/00000000-0000-0730-ffff-ffff0000003f/click] with body: {"element":"00000000-0000-0730-ffff-ffff0000003f"}
&amp#27;[38;5;80m[b650b02a]&amp#27;[0m&amp#27;[38;5;-163m[AndroidUiautomator2Driver@e9a1]&amp#27;[0m Got response with status 200: {"sessionId":"6966ea16-5baf-48ef-8186-b76f8ea36855","value":null}
&amp#27;[38;5;80m[b650b02a]&amp#27;[0m&amp#27;[38;5;-163m[AndroidUiautomator2Driver@e9a1]&amp#27;[0m Responding to client with driver.click() result: null
&amp#27;[38;5;80m[b650b02a]&amp#27;[0m&amp#27;[38;5;86m[HTTP]&amp#27;[0m &amp#27;[37m<-- POST /session/b650b02a-6867-4ff7-891d-874bdf2bbd17/element/00000000-0000-0730-ffff-ffff0000003f/click &amp#27;[39m&amp#27;[32m200&amp#27;[39m &amp#27;[90m1673 ms - 14&amp#27;[39m &amp#27;[90m&amp#27;[39m
&amp#27;[38;5;80m[b650b02a]&amp#27;[0m&amp#27;[38;5;86m[HTTP]&amp#27;[0m &amp#27;[37m-->&amp#27;[39m &amp#27;[37mGET&amp#27;[39m &amp#27;[37m/session/b650b02a-6867-4ff7-891d-874bdf2bbd17/context&amp#27;[39m &amp#27;[90m{}&amp#27;[39m
&amp#27;[38;5;80m[b650b02a]&amp#27;[0m&amp#27;[38;5;-163m[AndroidUiautomator2Driver@e9a1]&amp#27;[0m Calling AppiumDriver.getCurrentContext() with args: ["b650b02a-6867-4ff7-891d-874bdf2bbd17"]
&amp#27;[38;5;80m[b650b02a]&amp#27;[0m&amp#27;[38;5;-163m[AndroidUiautomator2Driver@e9a1]&amp#27;[0m Responding to client with driver.getCurrentContext() result: "NATIVE_APP"
&amp#27;[38;5;80m[b650b02a]&amp#27;[0m&amp#27;[38;5;86m[HTTP]&amp#27;[0m &amp#27;[37m<-- GET /session/b650b02a-6867-4ff7-891d-874bdf2bbd17/context &amp#27;[39m&amp#27;[32m200&amp#27;[39m &amp#27;[90m1 ms - 22&amp#27;[39m &amp#27;[90m&amp#27;[39m
&amp#27;[38;5;80m[b650b02a]&amp#27;[0m&amp#27;[38;5;86m[HTTP]&amp#27;[0m &amp#27;[37m-->&amp#27;[39m &amp#27;[37mPOST&amp#27;[39m &amp#27;[37m/session/b650b02a-6867-4ff7-891d-874bdf2bbd17/element&amp#27;[39m &amp#27;[90m{"using":"id","value":"com.androidsample.generalstore:id/toolbar_title"}&amp#27;[39m
&amp#27;[38;5;80m[b650b02a]&amp#27;[0m&amp#27;[38;5;-163m[AndroidUiautomator2Driver@e9a1]&amp#27;[0m Calling AppiumDriver.findElement() with args: ["id","com.androidsample.generalstore:id/toolbar_title","b650b02a-6867-4ff7-891d-874bdf2bbd17"]
&amp#27;[38;5;80m[b650b02a]&amp#27;[0m&amp#27;[38;5;-163m[AndroidUiautomator2Driver@e9a1]&amp#27;[0m Valid locator strategies for this request: xpath, id, class name, accessibility id, css selector, -android uiautomator
&amp#27;[38;5;80m[b650b02a]&amp#27;[0m&amp#27;[38;5;-163m[AndroidUiautomator2Driver@e9a1]&amp#27;[0m Waiting up to 0 ms for condition
&amp#27;[38;5;80m[b650b02a]&amp#27;[0m&amp#27;[38;5;-163m[AndroidUiautomator2Driver@e9a1]&amp#27;[0m Matched '/element' to command name 'findElement'
&amp#27;[38;5;80m[b650b02a]&amp#27;[0m&amp#27;[38;5;-163m[AndroidUiautomator2Driver@e9a1]&amp#27;[0m Proxying [POST /element] to [POST http://127.0.0.1:8201/session/6966ea16-5baf-48ef-8186-b76f8ea36855/element] with body: {"strategy":"id","selector":"com.androidsample.generalstore:id/toolbar_title","context":"","multiple":false}
&amp#27;[38;5;80m[b650b02a]&amp#27;[0m&amp#27;[38;5;-163m[AndroidUiautomator2Driver@e9a1]&amp#27;[0m Got response with status 200: {"sessionId":"6966ea16-5baf-48ef-8186-b76f8ea36855","value":{"ELEMENT":"00000000-0000-072e-ffff-ffff00000013","element-6066-11e4-a52e-4f735466cecf":"00000000-0000-072e-ffff-ffff00000013"}}
&amp#27;[38;5;80m[b650b02a]&amp#27;[0m&amp#27;[38;5;-163m[AndroidUiautomator2Driver@e9a1]&amp#27;[0m Responding to client with driver.findElement() result: {"element-6066-11e4-a52e-4f735466cecf":"00000000-0000-072e-ffff-ffff00000013","ELEMENT":"00000000-0000-072e-ffff-ffff00000013"}
&amp#27;[38;5;80m[b650b02a]&amp#27;[0m&amp#27;[38;5;86m[HTTP]&amp#27;[0m &amp#27;[37m<-- POST /session/b650b02a-6867-4ff7-891d-874bdf2bbd17/element &amp#27;[39m&amp#27;[32m200&amp#27;[39m &amp#27;[90m22 ms - 137&amp#27;[39m &amp#27;[90m&amp#27;[39m
&amp#27;[38;5;80m[b650b02a]&amp#27;[0m&amp#27;[38;5;86m[HTTP]&amp#27;[0m &amp#27;[37m-->&amp#27;[39m &amp#27;[37mGET&amp#27;[39m &amp#27;[37m/session/b650b02a-6867-4ff7-891d-874bdf2bbd17/element/00000000-0000-072e-ffff-ffff00000013/text&amp#27;[39m &amp#27;[90m{}&amp#27;[39m
&amp#27;[38;5;80m[b650b02a]&amp#27;[0m&amp#27;[38;5;-163m[AndroidUiautomator2Driver@e9a1]&amp#27;[0m Driver proxy active, passing request on via HTTP proxy
&amp#27;[38;5;80m[b650b02a]&amp#27;[0m&amp#27;[38;5;-163m[AndroidUiautomator2Driver@e9a1]&amp#27;[0m Matched '/session/b650b02a-6867-4ff7-891d-874bdf2bbd17/element/00000000-0000-072e-ffff-ffff00000013/text' to command name 'getText'
&amp#27;[38;5;80m[b650b02a]&amp#27;[0m&amp#27;[38;5;-163m[AndroidUiautomator2Driver@e9a1]&amp#27;[0m Proxying [GET /session/b650b02a-6867-4ff7-891d-874bdf2bbd17/element/00000000-0000-072e-ffff-ffff00000013/text] to [GET http://127.0.0.1:8201/session/6966ea16-5baf-48ef-8186-b76f8ea36855/element/00000000-0000-072e-ffff-ffff00000013/text] with no body
&amp#27;[38;5;80m[b650b02a]&amp#27;[0m&amp#27;[38;5;-163m[AndroidUiautomator2Driver@e9a1]&amp#27;[0m Got response with status 200: {"sessionId":"6966ea16-5baf-48ef-8186-b76f8ea36855","value":"General Store"}
&amp#27;[38;5;80m[b650b02a]&amp#27;[0m&amp#27;[38;5;-163m[AndroidUiautomator2Driver@e9a1]&amp#27;[0m Replacing sessionId 6966ea16-5baf-48ef-8186-b76f8ea36855 with b650b02a-6867-4ff7-891d-874bdf2bbd17
&amp#27;[38;5;80m[b650b02a]&amp#27;[0m&amp#27;[38;5;86m[HTTP]&amp#27;[0m &amp#27;[37m<-- GET /session/b650b02a-6867-4ff7-891d-874bdf2bbd17/element/00000000-0000-072e-ffff-ffff00000013/text &amp#27;[39m&amp#27;[32m200&amp#27;[39m &amp#27;[90m16 ms - 76&amp#27;[39m &amp#27;[90m&amp#27;[39m
Test Passed: backButtonEnable
]]></system-out>
  </testcase>
  <testcase name="counterTextValidation[{name=Raj, country=Austria, product=Converse All Star, genderFemale=Female, genderMale=Male}](1)" classname="testCases.ProductPageTest" time="15.863">
    <system-out><![CDATA[&amp#27;[38;5;80m[b650b02a]&amp#27;[0m&amp#27;[38;5;86m[HTTP]&amp#27;[0m &amp#27;[37m-->&amp#27;[39m &amp#27;[37mDELETE&amp#27;[39m &amp#27;[37m/session/b650b02a-6867-4ff7-891d-874bdf2bbd17&amp#27;[39m &amp#27;[90m{}&amp#27;[39m
&amp#27;[38;5;80m[b650b02a]&amp#27;[0m&amp#27;[38;5;-163m[AndroidUiautomator2Driver@e9a1]&amp#27;[0m Calling AppiumDriver.deleteSession() with args: ["b650b02a-6867-4ff7-891d-874bdf2bbd17"]
&amp#27;[38;5;80m[b650b02a]&amp#27;[0m&amp#27;[38;5;48m[AppiumDriver@a908]&amp#27;[0m Event 'quitSessionRequested' logged at 1744635039587 (18:20:39 GMT+0530 (India Standard Time))
&amp#27;[38;5;80m[b650b02a]&amp#27;[0m&amp#27;[38;5;48m[AppiumDriver@a908]&amp#27;[0m Removing session b650b02a-6867-4ff7-891d-874bdf2bbd17 from our master session list
&amp#27;[38;5;80m[b650b02a]&amp#27;[0m&amp#27;[38;5;-163m[AndroidUiautomator2Driver@e9a1]&amp#27;[0m Deleting UiAutomator2 session
&amp#27;[38;5;80m[b650b02a]&amp#27;[0m&amp#27;[38;5;-163m[AndroidUiautomator2Driver@e9a1]&amp#27;[0m Deleting UiAutomator2 server session
&amp#27;[38;5;80m[b650b02a]&amp#27;[0m&amp#27;[38;5;-163m[AndroidUiautomator2Driver@e9a1]&amp#27;[0m Matched '/' to command name 'deleteSession'
&amp#27;[38;5;80m[b650b02a]&amp#27;[0m&amp#27;[38;5;-163m[AndroidUiautomator2Driver@e9a1]&amp#27;[0m Proxying [DELETE /] to [DELETE http://127.0.0.1:8201/session/6966ea16-5baf-48ef-8186-b76f8ea36855] with no body
&amp#27;[38;5;80m[b650b02a]&amp#27;[0m&amp#27;[38;5;-163m[AndroidUiautomator2Driver@e9a1]&amp#27;[0m Got response with status 200: {"sessionId":"6966ea16-5baf-48ef-8186-b76f8ea36855","value":null}
&amp#27;[38;5;80m[b650b02a]&amp#27;[0m&amp#27;[38;5;-163m[AndroidUiautomator2Driver@e9a1]&amp#27;[0m [Instrumentation] io.appium.uiautomator2.server.test.AppiumUiAutomator2Server:
&amp#27;[38;5;80m[b650b02a]&amp#27;[0m&amp#27;[38;5;-163m[AndroidUiautomator2Driver@e9a1]&amp#27;[0m [Instrumentation] The process has exited with code null, signal SIGTERM
&amp#27;[38;5;80m[b650b02a]&amp#27;[0m&amp#27;[38;5;229m[ADB]&amp#27;[0m Running 'C:\Users\User1\AppData\Local\Android\Sdk\platform-tools\adb.exe -P 5037 -s emulator-5554 shell dumpsys activity services io.appium.settings/.recorder.RecorderService'
&amp#27;[38;5;80m[b650b02a]&amp#27;[0m&amp#27;[38;5;229m[ADB]&amp#27;[0m Running 'C:\Users\User1\AppData\Local\Android\Sdk\platform-tools\adb.exe -P 5037 -s emulator-5554 shell am force-stop com.androidsample.generalstore'
&amp#27;[38;5;80m[b650b02a]&amp#27;[0m&amp#27;[38;5;229m[ADB]&amp#27;[0m Removing forwarded port socket connection: 8201 
&amp#27;[38;5;80m[b650b02a]&amp#27;[0m&amp#27;[38;5;229m[ADB]&amp#27;[0m Running 'C:\Users\User1\AppData\Local\Android\Sdk\platform-tools\adb.exe -P 5037 -s emulator-5554 forward --remove tcp:8201'
&amp#27;[38;5;80m[b650b02a]&amp#27;[0m&amp#27;[38;5;-163m[AndroidUiautomator2Driver@e9a1]&amp#27;[0m Restoring hidden api policy to the device default configuration
&amp#27;[38;5;80m[b650b02a]&amp#27;[0m&amp#27;[38;5;229m[ADB]&amp#27;[0m Running 'C:\Users\User1\AppData\Local\Android\Sdk\platform-tools\adb.exe -P 5037 -s emulator-5554 shell 'settings delete global hidden_api_policy_pre_p_apps;settings delete global hidden_api_policy_p_apps;settings delete global hidden_api_policy''
&amp#27;[38;5;80m[b650b02a]&amp#27;[0m&amp#27;[38;5;160m[Logcat]&amp#27;[0m Stopping logcat capture
&amp#27;[38;5;80m[b650b02a]&amp#27;[0m&amp#27;[38;5;48m[AppiumDriver@a908]&amp#27;[0m Event 'quitSessionFinished' logged at 1744635040375 (18:20:40 GMT+0530 (India Standard Time))
&amp#27;[38;5;80m[b650b02a]&amp#27;[0m&amp#27;[38;5;48m[AppiumDriver@a908]&amp#27;[0m Received response: null
&amp#27;[38;5;80m[b650b02a]&amp#27;[0m&amp#27;[38;5;48m[AppiumDriver@a908]&amp#27;[0m But deleting session, so not returning
&amp#27;[38;5;80m[b650b02a]&amp#27;[0m&amp#27;[38;5;48m[AppiumDriver@a908]&amp#27;[0m Responding to client with driver.deleteSession() result: null
&amp#27;[38;5;80m[b650b02a]&amp#27;[0m&amp#27;[38;5;86m[HTTP]&amp#27;[0m &amp#27;[37m<-- DELETE /session/b650b02a-6867-4ff7-891d-874bdf2bbd17 &amp#27;[39m&amp#27;[32m200&amp#27;[39m &amp#27;[90m791 ms - 14&amp#27;[39m &amp#27;[90m&amp#27;[39m
&amp#27;[38;5;112m[Appium]&amp#27;[0m Welcome to Appium v2.11.5
&amp#27;[38;5;112m[Appium]&amp#27;[0m The autodetected Appium home path: C:\Users\User1\.appium
&amp#27;[38;5;112m[Appium]&amp#27;[0m Attempting to load driver uiautomator2...
&amp#27;[38;5;112m[Appium]&amp#27;[0m Attempting to load driver xcuitest...
&amp#27;[38;5;112m[Appium]&amp#27;[0m Attempting to load driver espresso...
&amp#27;[38;5;112m[Appium]&amp#27;[0m Requiring driver at C:\Users\User1\.appium\node_modules\appium-uiautomator2-driver\build\index.js
&amp#27;[38;5;112m[Appium]&amp#27;[0m Requiring driver at C:\Users\User1\.appium\node_modules\appium-espresso-driver\build\index.js
&amp#27;[38;5;112m[Appium]&amp#27;[0m Requiring driver at C:\Users\User1\.appium\node_modules\appium-xcuitest-driver\build\index.js
&amp#27;[38;5;112m[Appium]&amp#27;[0m AndroidUiautomator2Driver has been successfully loaded in 2.549s
&amp#27;[38;5;112m[Appium]&amp#27;[0m EspressoDriver has been successfully loaded in 2.549s
&amp#27;[38;5;112m[Appium]&amp#27;[0m XCUITestDriver has been successfully loaded in 2.550s
&amp#27;[38;5;112m[Appium]&amp#27;[0m Attempting to load driver gecko...
&amp#27;[38;5;112m[Appium]&amp#27;[0m Requiring driver at C:\Users\User1\.appium\node_modules\appium-geckodriver\build\index.js
&amp#27;[38;5;112m[Appium]&amp#27;[0m GeckoDriver has been successfully loaded in 0.114s
&amp#27;[38;5;112m[Appium]&amp#27;[0m Appium REST http interface listener started on http://0.0.0.0:4723
&amp#27;[38;5;112m[Appium]&amp#27;[0m You can provide the following URLs in your client code to connect to this server:
	http://192.168.0.114:4723/
	http://127.0.0.1:4723/ (only accessible from the same host)
&amp#27;[38;5;112m[Appium]&amp#27;[0m Available drivers:
&amp#27;[38;5;112m[Appium]&amp#27;[0m   - uiautomator2@3.8.0 (automationName 'UiAutomator2')
&amp#27;[38;5;112m[Appium]&amp#27;[0m   - xcuitest@7.27.1 (automationName 'XCUITest')
&amp#27;[38;5;112m[Appium]&amp#27;[0m   - espresso@3.5.0 (automationName 'Espresso')
&amp#27;[38;5;112m[Appium]&amp#27;[0m   - gecko@1.4.0 (automationName 'Gecko')
&amp#27;[38;5;112m[Appium]&amp#27;[0m No plugins have been installed. Use the "appium plugin" command to install the one(s) you want to use.
&amp#27;[38;5;86m[HTTP]&amp#27;[0m &amp#27;[37m-->&amp#27;[39m &amp#27;[37mGET&amp#27;[39m &amp#27;[37m/status&amp#27;[39m &amp#27;[90m{}&amp#27;[39m
&amp#27;[38;5;36m[AppiumDriver@88c7]&amp#27;[0m Calling AppiumDriver.getStatus() with args: []
&amp#27;[38;5;36m[AppiumDriver@88c7]&amp#27;[0m Responding to client with driver.getStatus() result: {"ready":true,"message":"The server is ready to accept new connections","build":{"version":"2.11.5"}}
&amp#27;[38;5;86m[HTTP]&amp#27;[0m &amp#27;[37m<-- GET /status &amp#27;[39m&amp#27;[32m200&amp#27;[39m &amp#27;[90m5 ms - 111&amp#27;[39m &amp#27;[90m&amp#27;[39m
&amp#27;[38;5;86m[HTTP]&amp#27;[0m Request idempotency key: a1ac9b21-4eef-4da5-acc5-e0a85119b425
&amp#27;[38;5;86m[HTTP]&amp#27;[0m &amp#27;[37m-->&amp#27;[39m &amp#27;[37mPOST&amp#27;[39m &amp#27;[37m/session&amp#27;[39m &amp#27;[90m{"capabilities":{"firstMatch":[{"appium:chromedriverExecutable":"C://Users//User1//Downloads//chromedriver-win64//chromedriver-win64//chromedriver.exe","appium:deviceName":"Rajemulator","platformName":"ANDROID","appium:automationName":"UIAutomator2","appium:app":"C:\\Users\\User1\\eclipse-workspace\\eCommerceFramework//src//main//resources//General-Store.apk"}]}}&amp#27;[39m
&amp#27;[38;5;36m[AppiumDriver@88c7]&amp#27;[0m Calling AppiumDriver.createSession() with args: [null,null,{"firstMatch":[{"appium:chromedriverExecutable":"C://Users//User1//Downloads//chromedriver-win64//chromedriver-win64//chromedriver.exe","appium:deviceName":"Rajemulator","platformName":"ANDROID","appium:automationName":"UIAutomator2","appium:app":"C:\\Users\\User1\\eclipse-workspace\\eCommerceFramework//src//main//resources//General-Store.apk"}]}]
&amp#27;[38;5;36m[AppiumDriver@88c7]&amp#27;[0m Event 'newSessionRequested' logged at 1744635045194 (18:20:45 GMT+0530 (India Standard Time))
&amp#27;[38;5;112m[Appium]&amp#27;[0m Attempting to find matching driver for automationName 'UIAutomator2' and platformName 'ANDROID'
&amp#27;[38;5;112m[Appium]&amp#27;[0m The 'uiautomator2' driver was installed and matched caps.
&amp#27;[38;5;112m[Appium]&amp#27;[0m Will require it at C:\Users\User1\.appium\node_modules\appium-uiautomator2-driver
&amp#27;[38;5;112m[Appium]&amp#27;[0m Requiring driver at C:\Users\User1\.appium\node_modules\appium-uiautomator2-driver\build\index.js
&amp#27;[38;5;36m[AppiumDriver@88c7]&amp#27;[0m Appium v2.11.5 creating new AndroidUiautomator2Driver (v3.8.0) session
&amp#27;[38;5;36m[AppiumDriver@88c7]&amp#27;[0m Checking BaseDriver versions for Appium and AndroidUiautomator2Driver
&amp#27;[38;5;36m[AppiumDriver@88c7]&amp#27;[0m Appium's BaseDriver version is 9.11.5
&amp#27;[38;5;36m[AppiumDriver@88c7]&amp#27;[0m AndroidUiautomator2Driver's BaseDriver version is 9.11.5
&amp#27;[38;5;-16m[AndroidUiautomator2Driver@3f7c]&amp#27;[0m 
&amp#27;[38;5;-16m[AndroidUiautomator2Driver@3f7c]&amp#27;[0m Creating session with W3C capabilities: {
  "alwaysMatch": {
    "platformName": "ANDROID",
    "appium:chromedriverExecutable": "C://Users//User1//Downloads//chromedriver-win64//chromedriver-win64//chromedriver.exe",
    "appium:deviceName": "Rajemulator",
    "appium:automationName": "UIAutomator2",
    "appium:app": "C:\\Users\\User1\\eclipse-workspace\\eCommerceFramework//src//main//resources//General-Store.apk"
  },
  "firstMatch": [
    {}
  ]
}
&amp#27;[38;5;87m[b989989e]&amp#27;[0m&amp#27;[38;5;-16m[AndroidUiautomator2Driver@3f7c]&amp#27;[0m Session created with session id: b989989e-1b56-4dac-8872-15cd2931bc23
&amp#27;[38;5;87m[b989989e]&amp#27;[0m&amp#27;[38;5;229m[ADB]&amp#27;[0m Found 3 'build-tools' folders under 'C:\Users\User1\AppData\Local\Android\Sdk' (newest first):
&amp#27;[38;5;87m[b989989e]&amp#27;[0m&amp#27;[38;5;229m[ADB]&amp#27;[0m     C:\Users\User1\AppData\Local\Android\Sdk\build-tools\36.0.0-rc1
&amp#27;[38;5;87m[b989989e]&amp#27;[0m&amp#27;[38;5;229m[ADB]&amp#27;[0m     C:\Users\User1\AppData\Local\Android\Sdk\build-tools\35.0.0
&amp#27;[38;5;87m[b989989e]&amp#27;[0m&amp#27;[38;5;229m[ADB]&amp#27;[0m     C:\Users\User1\AppData\Local\Android\Sdk\build-tools\34.0.0
&amp#27;[38;5;87m[b989989e]&amp#27;[0m&amp#27;[38;5;229m[ADB]&amp#27;[0m Using 'adb.exe' from 'C:\Users\User1\AppData\Local\Android\Sdk\platform-tools\adb.exe'
&amp#27;[38;5;87m[b989989e]&amp#27;[0m&amp#27;[38;5;229m[ADB]&amp#27;[0m Running 'C:\Users\User1\AppData\Local\Android\Sdk\platform-tools\adb.exe -P 5037 start-server'
&amp#27;[38;5;87m[b989989e]&amp#27;[0m&amp#27;[38;5;-16m[AndroidUiautomator2Driver@3f7c]&amp#27;[0m Retrieving device list
&amp#27;[38;5;87m[b989989e]&amp#27;[0m&amp#27;[38;5;229m[ADB]&amp#27;[0m Trying to find connected Android devices
&amp#27;[38;5;87m[b989989e]&amp#27;[0m&amp#27;[38;5;229m[ADB]&amp#27;[0m Getting connected devices
&amp#27;[38;5;87m[b989989e]&amp#27;[0m&amp#27;[38;5;229m[ADB]&amp#27;[0m Connected devices: [{"udid":"emulator-5554","state":"device"}]
&amp#27;[38;5;87m[b989989e]&amp#27;[0m&amp#27;[38;5;-16m[AndroidUiautomator2Driver@3f7c]&amp#27;[0m Using device: emulator-5554
&amp#27;[38;5;87m[b989989e]&amp#27;[0m&amp#27;[38;5;229m[ADB]&amp#27;[0m Using 'adb.exe' from 'C:\Users\User1\AppData\Local\Android\Sdk\platform-tools\adb.exe'
&amp#27;[38;5;87m[b989989e]&amp#27;[0m&amp#27;[38;5;229m[ADB]&amp#27;[0m Running 'C:\Users\User1\AppData\Local\Android\Sdk\platform-tools\adb.exe -P 5037 start-server'
&amp#27;[38;5;87m[b989989e]&amp#27;[0m&amp#27;[38;5;229m[ADB]&amp#27;[0m Setting device id to emulator-5554
&amp#27;[38;5;87m[b989989e]&amp#27;[0m&amp#27;[38;5;123m[BaseDriver]&amp#27;[0m Using local app 'C:\Users\User1\eclipse-workspace\eCommerceFramework//src//main//resources//General-Store.apk'
&amp#27;[38;5;87m[b989989e]&amp#27;[0m&amp#27;[38;5;-16m[AndroidUiautomator2Driver@3f7c]&amp#27;[0m Checking whether app is actually present
&amp#27;[38;5;87m[b989989e]&amp#27;[0m&amp#27;[38;5;229m[ADB]&amp#27;[0m Running 'C:\Users\User1\AppData\Local\Android\Sdk\platform-tools\adb.exe -P 5037 -s emulator-5554 shell getprop ro.build.version.sdk'
&amp#27;[38;5;87m[b989989e]&amp#27;[0m&amp#27;[38;5;229m[ADB]&amp#27;[0m Current device property 'ro.build.version.sdk': 35
&amp#27;[38;5;87m[b989989e]&amp#27;[0m&amp#27;[38;5;229m[ADB]&amp#27;[0m Getting device platform version
&amp#27;[38;5;87m[b989989e]&amp#27;[0m&amp#27;[38;5;229m[ADB]&amp#27;[0m Running 'C:\Users\User1\AppData\Local\Android\Sdk\platform-tools\adb.exe -P 5037 -s emulator-5554 shell getprop ro.build.version.release'
&amp#27;[38;5;87m[b989989e]&amp#27;[0m&amp#27;[38;5;229m[ADB]&amp#27;[0m Current device property 'ro.build.version.release': 15
&amp#27;[38;5;87m[b989989e]&amp#27;[0m&amp#27;[38;5;229m[ADB]&amp#27;[0m Device API level: 35
&amp#27;[38;5;87m[b989989e]&amp#27;[0m&amp#27;[38;5;-16m[AndroidUiautomator2Driver@3f7c]&amp#27;[0m Relaxing hidden api policy
&amp#27;[38;5;87m[b989989e]&amp#27;[0m&amp#27;[38;5;229m[ADB]&amp#27;[0m Running 'C:\Users\User1\AppData\Local\Android\Sdk\platform-tools\adb.exe -P 5037 -s emulator-5554 shell 'settings put global hidden_api_policy_pre_p_apps 1;settings put global hidden_api_policy_p_apps 1;settings put global hidden_api_policy 1''
&amp#27;[38;5;87m[b989989e]&amp#27;[0m&amp#27;[38;5;-16m[AndroidUiautomator2Driver@3f7c]&amp#27;[0m Parsing package and activity from app manifest
&amp#27;[38;5;87m[b989989e]&amp#27;[0m&amp#27;[38;5;229m[ADB]&amp#27;[0m Running 'C:\Users\User1\AppData\Local\Android\Sdk\platform-tools\adb.exe -P 5037 -s emulator-5554 wait-for-device'
&amp#27;[38;5;87m[b989989e]&amp#27;[0m&amp#27;[38;5;229m[ADB]&amp#27;[0m Using 'aapt2.exe' from 'C:\Users\User1\AppData\Local\Android\Sdk\build-tools\36.0.0-rc1\aapt2.exe'
&amp#27;[38;5;87m[b989989e]&amp#27;[0m&amp#27;[38;5;229m[ADB]&amp#27;[0m Reading package manifest: 'C:\\Users\\User1\\AppData\\Local\\Android\\Sdk\\build-tools\\36.0.0-rc1\\aapt2.exe dump badging C:\\Users\\User1\\eclipse-workspace\\eCommerceFramework//src//main//resources//General-Store.apk'
&amp#27;[38;5;87m[b989989e]&amp#27;[0m&amp#27;[38;5;229m[ADB]&amp#27;[0m Running 'C:\Users\User1\AppData\Local\Android\Sdk\platform-tools\adb.exe -P 5037 -s emulator-5554 shell echo ping'
&amp#27;[38;5;87m[b989989e]&amp#27;[0m&amp#27;[38;5;229m[ADB]&amp#27;[0m Package name: 'com.androidsample.generalstore'
&amp#27;[38;5;87m[b989989e]&amp#27;[0m&amp#27;[38;5;229m[ADB]&amp#27;[0m Main activity name: 'com.androidsample.generalstore.SplashActivity'
&amp#27;[38;5;87m[b989989e]&amp#27;[0m&amp#27;[38;5;-16m[AndroidUiautomator2Driver@3f7c]&amp#27;[0m Parsed package and activity are: com.androidsample.generalstore/com.androidsample.generalstore.SplashActivity
&amp#27;[38;5;87m[b989989e]&amp#27;[0m&amp#27;[38;5;-16m[AndroidUiautomator2Driver@3f7c]&amp#27;[0m Pushing settings apk to the device...
&amp#27;[38;5;87m[b989989e]&amp#27;[0m&amp#27;[38;5;229m[ADB]&amp#27;[0m Getting package info for 'io.appium.settings'
&amp#27;[38;5;87m[b989989e]&amp#27;[0m&amp#27;[38;5;229m[ADB]&amp#27;[0m Running 'C:\Users\User1\AppData\Local\Android\Sdk\platform-tools\adb.exe -P 5037 -s emulator-5554 shell dumpsys package io.appium.settings'
&amp#27;[38;5;87m[b989989e]&amp#27;[0m&amp#27;[38;5;229m[ADB]&amp#27;[0m Reading package manifest: 'C:\\Users\\User1\\AppData\\Local\\Android\\Sdk\\build-tools\\36.0.0-rc1\\aapt2.exe dump badging C:\\Users\\User1\\.appium\\node_modules\\appium-uiautomator2-driver\\node_modules\\io.appium.settings\\apks\\settings_apk-debug.apk'
&amp#27;[38;5;87m[b989989e]&amp#27;[0m&amp#27;[38;5;229m[ADB]&amp#27;[0m The version name of the installed 'io.appium.settings' is greater or equal to the application version name ('5.12.13' >= '5.12.13')
&amp#27;[38;5;87m[b989989e]&amp#27;[0m&amp#27;[38;5;229m[ADB]&amp#27;[0m There is no need to install/upgrade 'C:\Users\User1\.appium\node_modules\appium-uiautomator2-driver\node_modules\io.appium.settings\apks\settings_apk-debug.apk'
&amp#27;[38;5;87m[b989989e]&amp#27;[0m&amp#27;[38;5;229m[ADB]&amp#27;[0m Running 'C:\Users\User1\AppData\Local\Android\Sdk\platform-tools\adb.exe -P 5037 -s emulator-5554 shell dumpsys activity services io.appium.settings'
&amp#27;[38;5;87m[b989989e]&amp#27;[0m&amp#27;[38;5;-16m[AndroidUiautomator2Driver@3f7c]&amp#27;[0m io.appium.settings is already running. There is no need to reset its permissions.
&amp#27;[38;5;87m[b989989e]&amp#27;[0m&amp#27;[38;5;160m[Logcat]&amp#27;[0m Starting logs capture with command: C:\\Users\\User1\\AppData\\Local\\Android\\Sdk\\platform-tools\\adb.exe -P 5037 -s emulator-5554 logcat -v threadtime
&amp#27;[38;5;87m[b989989e]&amp#27;[0m&amp#27;[38;5;-16m[AndroidUiautomator2Driver@3f7c]&amp#27;[0m Forwarding UiAutomator2 Server port 6790 to local port 8201
&amp#27;[38;5;87m[b989989e]&amp#27;[0m&amp#27;[38;5;229m[ADB]&amp#27;[0m Forwarding system: 8201 to device: 6790
&amp#27;[38;5;87m[b989989e]&amp#27;[0m&amp#27;[38;5;229m[ADB]&amp#27;[0m Running 'C:\Users\User1\AppData\Local\Android\Sdk\platform-tools\adb.exe -P 5037 -s emulator-5554 forward tcp:8201 tcp:6790'
&amp#27;[38;5;87m[b989989e]&amp#27;[0m&amp#27;[38;5;229m[ADB]&amp#27;[0m Getting package info for 'io.appium.uiautomator2.server'
&amp#27;[38;5;87m[b989989e]&amp#27;[0m&amp#27;[38;5;229m[ADB]&amp#27;[0m Running 'C:\Users\User1\AppData\Local\Android\Sdk\platform-tools\adb.exe -P 5037 -s emulator-5554 shell dumpsys package io.appium.uiautomator2.server'
&amp#27;[38;5;87m[b989989e]&amp#27;[0m&amp#27;[38;5;229m[ADB]&amp#27;[0m Getting install status for io.appium.uiautomator2.server.test
&amp#27;[38;5;87m[b989989e]&amp#27;[0m&amp#27;[38;5;229m[ADB]&amp#27;[0m Checking app cert for C:\Users\User1\eclipse-workspace\eCommerceFramework//src//main//resources//General-Store.apk
&amp#27;[38;5;87m[b989989e]&amp#27;[0m&amp#27;[38;5;229m[ADB]&amp#27;[0m Running 'C:\Users\User1\AppData\Local\Android\Sdk\platform-tools\adb.exe -P 5037 -s emulator-5554 shell cmd package list packages'
&amp#27;[38;5;87m[b989989e]&amp#27;[0m&amp#27;[38;5;229m[ADB]&amp#27;[0m Using 'apksigner.jar' from 'C:\Users\User1\AppData\Local\Android\Sdk\build-tools\36.0.0-rc1\lib\apksigner.jar'
&amp#27;[38;5;87m[b989989e]&amp#27;[0m&amp#27;[38;5;229m[ADB]&amp#27;[0m Starting apksigner: 'C:\\Program Files\\Java\\jdk-22\\bin\\java.exe' -Xmx1024M -Xss1m -jar C:\\Users\\User1\\AppData\\Local\\Android\\Sdk\\build-tools\\36.0.0-rc1\\lib\\apksigner.jar verify --print-certs C:\\Users\\User1\\eclipse-workspace\\eCommerceFramework//src//main//resources//General-Store.apk
&amp#27;[38;5;87m[b989989e]&amp#27;[0m&amp#27;[38;5;229m[ADB]&amp#27;[0m Reading package manifest: 'C:\\Users\\User1\\AppData\\Local\\Android\\Sdk\\build-tools\\36.0.0-rc1\\aapt2.exe dump badging C:\\Users\\User1\\.appium\\node_modules\\appium-uiautomator2-driver\\node_modules\\appium-uiautomator2-server\\apks\\appium-uiautomator2-server-v7.0.25.apk'
&amp#27;[38;5;87m[b989989e]&amp#27;[0m&amp#27;[38;5;229m[ADB]&amp#27;[0m 'io.appium.uiautomator2.server.test' is installed
&amp#27;[38;5;87m[b989989e]&amp#27;[0m&amp#27;[38;5;229m[ADB]&amp#27;[0m The version name of the installed 'io.appium.uiautomator2.server' is greater or equal to the application version name ('7.0.25' >= '7.0.25')
&amp#27;[38;5;87m[b989989e]&amp#27;[0m&amp#27;[38;5;-16m[AndroidUiautomator2Driver@3f7c]&amp#27;[0m Server packages status: [{"installState":"sameVersionInstalled","appPath":"C:\\Users\\User1\\.appium\\node_modules\\appium-uiautomator2-driver\\node_modules\\appium-uiautomator2-server\\apks\\appium-uiautomator2-server-v7.0.25.apk","appId":"io.appium.uiautomator2.server"},{"installState":"sameVersionInstalled","appPath":"C:\\Users\\User1\\.appium\\node_modules\\appium-uiautomator2-driver\\node_modules\\appium-uiautomator2-server\\apks\\appium-uiautomator2-server-debug-androidTest.apk","appId":"io.appium.uiautomator2.server.test"}]
&amp#27;[38;5;87m[b989989e]&amp#27;[0m&amp#27;[38;5;-16m[AndroidUiautomator2Driver@3f7c]&amp#27;[0m Server packages are not going to be (re)installed
&amp#27;[38;5;87m[b989989e]&amp#27;[0m&amp#27;[38;5;-16m[AndroidUiautomator2Driver@3f7c]&amp#27;[0m Waiting up to 30000ms for services to be available
&amp#27;[38;5;87m[b989989e]&amp#27;[0m&amp#27;[38;5;229m[ADB]&amp#27;[0m Running 'C:\Users\User1\AppData\Local\Android\Sdk\platform-tools\adb.exe -P 5037 -s emulator-5554 shell pm list instrumentation'
&amp#27;[38;5;87m[b989989e]&amp#27;[0m&amp#27;[38;5;-16m[AndroidUiautomator2Driver@3f7c]&amp#27;[0m Instrumentation target 'io.appium.uiautomator2.server.test/androidx.test.runner.AndroidJUnitRunner' is available
&amp#27;[38;5;87m[b989989e]&amp#27;[0m&amp#27;[38;5;229m[ADB]&amp#27;[0m Adding packages ["io.appium.settings","io.appium.uiautomator2.server","io.appium.uiautomator2.server.test"] to Doze whitelist
&amp#27;[38;5;87m[b989989e]&amp#27;[0m&amp#27;[38;5;229m[ADB]&amp#27;[0m Got the following command chunks to execute: [["dumpsys","deviceidle","whitelist","+io.appium.settings",";","dumpsys","deviceidle","whitelist","+io.appium.uiautomator2.server",";","dumpsys","deviceidle","whitelist","+io.appium.uiautomator2.server.test",";"]]
&amp#27;[38;5;87m[b989989e]&amp#27;[0m&amp#27;[38;5;229m[ADB]&amp#27;[0m Running 'C:\Users\User1\AppData\Local\Android\Sdk\platform-tools\adb.exe -P 5037 -s emulator-5554 shell dumpsys deviceidle whitelist +io.appium.settings ; dumpsys deviceidle whitelist +io.appium.uiautomator2.server ; dumpsys deviceidle whitelist +io.appium.uiautomator2.server.test ;'
&amp#27;[38;5;87m[b989989e]&amp#27;[0m&amp#27;[38;5;229m[ADB]&amp#27;[0m apksigner stdout: Signer #1 certificate DN: C=US, O=Android, CN=Android Debug
Signer #1 certificate SHA-256 digest: f5f5931c019be6bff8a26255f76ae9ef8a8e631d2a702ec10e91110231549eef
Signer #1 certificate SHA-1 digest: b250161db8b5d0a1bd39154c9fd749bdad79c1a3
Signer #1 certificate MD5 digest: 7a5550323d84472ca25a0861c63e0a6c

&amp#27;[38;5;87m[b989989e]&amp#27;[0m&amp#27;[38;5;229m[ADB]&amp#27;[0m 'C:\Users\User1\eclipse-workspace\eCommerceFramework//src//main//resources//General-Store.apk' is signed with a non-default certificate
&amp#27;[38;5;87m[b989989e]&amp#27;[0m&amp#27;[38;5;229m[ADB]&amp#27;[0m Getting package info for 'com.androidsample.generalstore'
&amp#27;[38;5;87m[b989989e]&amp#27;[0m&amp#27;[38;5;229m[ADB]&amp#27;[0m Running 'C:\Users\User1\AppData\Local\Android\Sdk\platform-tools\adb.exe -P 5037 -s emulator-5554 shell dumpsys package com.androidsample.generalstore'
&amp#27;[38;5;87m[b989989e]&amp#27;[0m&amp#27;[38;5;229m[ADB]&amp#27;[0m Reading package manifest: 'C:\\Users\\User1\\AppData\\Local\\Android\\Sdk\\build-tools\\36.0.0-rc1\\aapt2.exe dump badging C:\\Users\\User1\\eclipse-workspace\\eCommerceFramework//src//main//resources//General-Store.apk'
&amp#27;[38;5;87m[b989989e]&amp#27;[0m&amp#27;[38;5;229m[ADB]&amp#27;[0m The version name of the installed 'com.androidsample.generalstore' is greater or equal to the application version name ('1.0.0' >= '1.0.0')
&amp#27;[38;5;87m[b989989e]&amp#27;[0m&amp#27;[38;5;229m[ADB]&amp#27;[0m There is no need to install/upgrade 'C:\Users\User1\eclipse-workspace\eCommerceFramework//src//main//resources//General-Store.apk'
&amp#27;[38;5;87m[b989989e]&amp#27;[0m&amp#27;[38;5;-16m[AndroidUiautomator2Driver@3f7c]&amp#27;[0m Performing fast reset on 'com.androidsample.generalstore'
&amp#27;[38;5;87m[b989989e]&amp#27;[0m&amp#27;[38;5;229m[ADB]&amp#27;[0m Getting install status for com.androidsample.generalstore
&amp#27;[38;5;87m[b989989e]&amp#27;[0m&amp#27;[38;5;229m[ADB]&amp#27;[0m Running 'C:\Users\User1\AppData\Local\Android\Sdk\platform-tools\adb.exe -P 5037 -s emulator-5554 shell cmd package list packages'
&amp#27;[38;5;87m[b989989e]&amp#27;[0m&amp#27;[38;5;229m[ADB]&amp#27;[0m 'com.androidsample.generalstore' is installed
&amp#27;[38;5;87m[b989989e]&amp#27;[0m&amp#27;[38;5;229m[ADB]&amp#27;[0m Running 'C:\Users\User1\AppData\Local\Android\Sdk\platform-tools\adb.exe -P 5037 -s emulator-5554 shell am force-stop com.androidsample.generalstore'
&amp#27;[38;5;87m[b989989e]&amp#27;[0m&amp#27;[38;5;229m[ADB]&amp#27;[0m Running 'C:\Users\User1\AppData\Local\Android\Sdk\platform-tools\adb.exe -P 5037 -s emulator-5554 shell pm clear com.androidsample.generalstore'
&amp#27;[38;5;87m[b989989e]&amp#27;[0m&amp#27;[38;5;-16m[AndroidUiautomator2Driver@3f7c]&amp#27;[0m Performed fast reset on the installed 'com.androidsample.generalstore' application (stop and clear)
&amp#27;[38;5;87m[b989989e]&amp#27;[0m&amp#27;[38;5;-16m[AndroidUiautomator2Driver@3f7c]&amp#27;[0m Performing shallow cleanup of automation leftovers
&amp#27;[38;5;87m[b989989e]&amp#27;[0m&amp#27;[38;5;-16m[AndroidUiautomator2Driver@3f7c]&amp#27;[0m No obsolete sessions have been detected (socket hang up)
&amp#27;[38;5;87m[b989989e]&amp#27;[0m&amp#27;[38;5;229m[ADB]&amp#27;[0m Running 'C:\Users\User1\AppData\Local\Android\Sdk\platform-tools\adb.exe -P 5037 -s emulator-5554 shell am force-stop io.appium.uiautomator2.server'
&amp#27;[38;5;87m[b989989e]&amp#27;[0m&amp#27;[38;5;229m[ADB]&amp#27;[0m Running 'C:\Users\User1\AppData\Local\Android\Sdk\platform-tools\adb.exe -P 5037 -s emulator-5554 shell am force-stop io.appium.uiautomator2.server.test'
&amp#27;[38;5;87m[b989989e]&amp#27;[0m&amp#27;[38;5;-16m[AndroidUiautomator2Driver@3f7c]&amp#27;[0m Starting UIAutomator2 server 7.0.25
&amp#27;[38;5;87m[b989989e]&amp#27;[0m&amp#27;[38;5;-16m[AndroidUiautomator2Driver@3f7c]&amp#27;[0m Using UIAutomator2 server from 'C:\Users\User1\.appium\node_modules\appium-uiautomator2-driver\node_modules\appium-uiautomator2-server\apks\appium-uiautomator2-server-v7.0.25.apk' and test from 'C:\Users\User1\.appium\node_modules\appium-uiautomator2-driver\node_modules\appium-uiautomator2-server\apks\appium-uiautomator2-server-debug-androidTest.apk'
&amp#27;[38;5;87m[b989989e]&amp#27;[0m&amp#27;[38;5;-16m[AndroidUiautomator2Driver@3f7c]&amp#27;[0m Waiting up to 30000ms for UiAutomator2 to be online...
&amp#27;[38;5;87m[b989989e]&amp#27;[0m&amp#27;[38;5;229m[ADB]&amp#27;[0m Creating ADB subprocess with args: ["-P","5037","-s","emulator-5554","shell","am","instrument","-w","-e","disableAnalytics","true","io.appium.uiautomator2.server.test/androidx.test.runner.AndroidJUnitRunner"]
&amp#27;[38;5;87m[b989989e]&amp#27;[0m&amp#27;[38;5;-16m[AndroidUiautomator2Driver@3f7c]&amp#27;[0m Matched '/status' to command name 'getStatus'
&amp#27;[38;5;87m[b989989e]&amp#27;[0m&amp#27;[38;5;-16m[AndroidUiautomator2Driver@3f7c]&amp#27;[0m Proxying [GET /status] to [GET http://127.0.0.1:8201/status] with no body
&amp#27;[38;5;87m[b989989e]&amp#27;[0m&amp#27;[38;5;-16m[AndroidUiautomator2Driver@3f7c]&amp#27;[0m socket hang up
&amp#27;[38;5;87m[b989989e]&amp#27;[0m&amp#27;[38;5;-16m[AndroidUiautomator2Driver@3f7c]&amp#27;[0m Matched '/status' to command name 'getStatus'
&amp#27;[38;5;87m[b989989e]&amp#27;[0m&amp#27;[38;5;-16m[AndroidUiautomator2Driver@3f7c]&amp#27;[0m Proxying [GET /status] to [GET http://127.0.0.1:8201/status] with no body
&amp#27;[38;5;87m[b989989e]&amp#27;[0m&amp#27;[38;5;-16m[AndroidUiautomator2Driver@3f7c]&amp#27;[0m socket hang up
&amp#27;[38;5;87m[b989989e]&amp#27;[0m&amp#27;[38;5;-16m[AndroidUiautomator2Driver@3f7c]&amp#27;[0m [Instrumentation] 
&amp#27;[38;5;87m[b989989e]&amp#27;[0m&amp#27;[38;5;-16m[AndroidUiautomator2Driver@3f7c]&amp#27;[0m Matched '/status' to command name 'getStatus'
&amp#27;[38;5;87m[b989989e]&amp#27;[0m&amp#27;[38;5;-16m[AndroidUiautomator2Driver@3f7c]&amp#27;[0m Proxying [GET /status] to [GET http://127.0.0.1:8201/status] with no body
&amp#27;[38;5;87m[b989989e]&amp#27;[0m&amp#27;[38;5;-16m[AndroidUiautomator2Driver@3f7c]&amp#27;[0m socket hang up
&amp#27;[38;5;87m[b989989e]&amp#27;[0m&amp#27;[38;5;-16m[AndroidUiautomator2Driver@3f7c]&amp#27;[0m Matched '/status' to command name 'getStatus'
&amp#27;[38;5;87m[b989989e]&amp#27;[0m&amp#27;[38;5;-16m[AndroidUiautomator2Driver@3f7c]&amp#27;[0m Proxying [GET /status] to [GET http://127.0.0.1:8201/status] with no body
&amp#27;[38;5;87m[b989989e]&amp#27;[0m&amp#27;[38;5;-16m[AndroidUiautomator2Driver@3f7c]&amp#27;[0m socket hang up
&amp#27;[38;5;87m[b989989e]&amp#27;[0m&amp#27;[38;5;-16m[AndroidUiautomator2Driver@3f7c]&amp#27;[0m Matched '/status' to command name 'getStatus'
&amp#27;[38;5;87m[b989989e]&amp#27;[0m&amp#27;[38;5;-16m[AndroidUiautomator2Driver@3f7c]&amp#27;[0m Proxying [GET /status] to [GET http://127.0.0.1:8201/status] with no body
&amp#27;[38;5;87m[b989989e]&amp#27;[0m&amp#27;[38;5;-16m[AndroidUiautomator2Driver@3f7c]&amp#27;[0m Got response with status 200: {"sessionId":"None","value":{"message":"UiAutomator2 Server is ready to accept commands","ready":true}}
&amp#27;[38;5;87m[b989989e]&amp#27;[0m&amp#27;[38;5;-16m[AndroidUiautomator2Driver@3f7c]&amp#27;[0m The initialization of the instrumentation process took 4371ms
&amp#27;[38;5;87m[b989989e]&amp#27;[0m&amp#27;[38;5;-16m[AndroidUiautomator2Driver@3f7c]&amp#27;[0m Matched '/session' to command name 'createSession'
&amp#27;[38;5;87m[b989989e]&amp#27;[0m&amp#27;[38;5;-16m[AndroidUiautomator2Driver@3f7c]&amp#27;[0m Proxying [POST /session] to [POST http://127.0.0.1:8201/session] with body: {"capabilities":{"firstMatch":[{"platformName":"ANDROID","chromedriverExecutable":"C://Users//User1//Downloads//chromedriver-win64//chromedriver-win64//chromedriver.exe","deviceName":"emulator-5554","automationName":"UIAutomator2","app":"C:\\Users\\User1\\eclipse-workspace\\eCommerceFramework//src//main//resources//General-Store.apk","platform":"LINUX","webStorageEnabled":false,"takesScreenshot":true,"javascriptEnabled":true,"databaseEnabled":false,"networkConnectionEnabled":true,"locationContextEnabled":false,"warnings":{},"desired":{"platformName":"ANDROID","chromedriverExecutable":"C://Users//User1//Downloads//chromedriver-win64//chromedriver-win64//chromedriver.exe","deviceName":"Rajemulator","automationName":"UIAutomator2","app":"C:\\Users\\User1\\eclipse-workspace\\eCommerceFramework//src//main//resources//General-Store.apk"},"deviceUDID":"emulator-5554","appPackage":"com.androidsample.generalstore"}],"alwaysMatch":{}}}
&amp#27;[38;5;87m[b989989e]&amp#27;[0m&amp#27;[38;5;-16m[AndroidUiautomator2Driver@3f7c]&amp#27;[0m Got response with status 200: {"sessionId":"181d2ce6-7e25-471e-b609-5f002cc45ebc","value":{"capabilities":{"firstMatch":[{"platformName":"ANDROID","chromedriverExecutable":"C://Users//User1//Downloads//chromedriver-win64//chromedriver-win64//chromedriver.exe","deviceName":"emulator-5554","automationName":"UIAutomator2","app":"C:\\Users\\User1\\eclipse-workspace\\eCommerceFramework//src//main//resources//General-Store.apk","platform":"LINUX","webStorageEnabled":false,"takesScreenshot":true,"javascriptEnabled":true,"databaseEnabled":false,"networkConnectionEnabled":true,"locationContextEnabled":false,"warnings":{},"desired":{"platformName":"ANDROID","chromedriverExecutable":"C://Users//User1//Downloads//chromedriver-win64//chromedriver-win64//chromedriver.exe","deviceName":"Rajemulator","automationName":"UIAutomator2","app":"C:\\Users\\User1\\eclipse-workspace\\eCommerceFramework//src//main//resources//General-Store.apk"},"deviceUDID":"emulator-5554","appPackage":"com.androidsample.generalstore"}],"alwaysMatch":{}},"sessionId":"181d2ce6-...
&amp#27;[38;5;87m[b989989e]&amp#27;[0m&amp#27;[38;5;-16m[AndroidUiautomator2Driver@3f7c]&amp#27;[0m Determined the downstream protocol as 'W3C'
&amp#27;[38;5;87m[b989989e]&amp#27;[0m&amp#27;[38;5;-16m[AndroidUiautomator2Driver@3f7c]&amp#27;[0m Proxying [GET /appium/device/pixel_ratio] to [GET http://127.0.0.1:8201/session/181d2ce6-7e25-471e-b609-5f002cc45ebc/appium/device/pixel_ratio] with no body
&amp#27;[38;5;87m[b989989e]&amp#27;[0m&amp#27;[38;5;-16m[AndroidUiautomator2Driver@3f7c]&amp#27;[0m Matched '/appium/device/system_bars' to command name 'getSystemBars'
&amp#27;[38;5;87m[b989989e]&amp#27;[0m&amp#27;[38;5;-16m[AndroidUiautomator2Driver@3f7c]&amp#27;[0m Proxying [GET /appium/device/system_bars] to [GET http://127.0.0.1:8201/session/181d2ce6-7e25-471e-b609-5f002cc45ebc/appium/device/system_bars] with no body
&amp#27;[38;5;87m[b989989e]&amp#27;[0m&amp#27;[38;5;-16m[AndroidUiautomator2Driver@3f7c]&amp#27;[0m Matched '/window/current/size' to command name 'getWindowSize'
&amp#27;[38;5;87m[b989989e]&amp#27;[0m&amp#27;[38;5;-16m[AndroidUiautomator2Driver@3f7c]&amp#27;[0m Proxying [GET /window/current/size] to [GET http://127.0.0.1:8201/session/181d2ce6-7e25-471e-b609-5f002cc45ebc/window/current/size] with no body
&amp#27;[38;5;87m[b989989e]&amp#27;[0m&amp#27;[38;5;-16m[AndroidUiautomator2Driver@3f7c]&amp#27;[0m Proxying [GET /appium/device/info] to [GET http://127.0.0.1:8201/session/181d2ce6-7e25-471e-b609-5f002cc45ebc/appium/device/info] with no body
&amp#27;[38;5;87m[b989989e]&amp#27;[0m&amp#27;[38;5;229m[ADB]&amp#27;[0m Running 'C:\Users\User1\AppData\Local\Android\Sdk\platform-tools\adb.exe -P 5037 -s emulator-5554 shell dumpsys window'
&amp#27;[38;5;87m[b989989e]&amp#27;[0m&amp#27;[38;5;229m[ADB]&amp#27;[0m Running 'C:\Users\User1\AppData\Local\Android\Sdk\platform-tools\adb.exe -P 5037 -s emulator-5554 shell dumpsys power'
&amp#27;[38;5;87m[b989989e]&amp#27;[0m&amp#27;[38;5;-16m[AndroidUiautomator2Driver@3f7c]&amp#27;[0m Got response with status 200: {"sessionId":"181d2ce6-7e25-471e-b609-5f002cc45ebc","value":2.75}
&amp#27;[38;5;87m[b989989e]&amp#27;[0m&amp#27;[38;5;-16m[AndroidUiautomator2Driver@3f7c]&amp#27;[0m Got response with status 200: {"sessionId":"181d2ce6-7e25-471e-b609-5f002cc45ebc","value":{"statusBar":66}}
&amp#27;[38;5;87m[b989989e]&amp#27;[0m&amp#27;[38;5;-16m[AndroidUiautomator2Driver@3f7c]&amp#27;[0m Got response with status 200: {"sessionId":"181d2ce6-7e25-471e-b609-5f002cc45ebc","value":{"height":2220,"width":1080}}
&amp#27;[38;5;87m[b989989e]&amp#27;[0m&amp#27;[38;5;-16m[AndroidUiautomator2Driver@3f7c]&amp#27;[0m Got response with status 200: {"sessionId":"181d2ce6-7e25-471e-b609-5f002cc45ebc","value":{"androidId":"ccd4b39f6a24ddc3","apiVersion":"35","bluetooth":{"state":"OFF"},"brand":"google","carrierName":"T-Mobile","displayDensity":440,"locale":"en_US","manufacturer":"Google","model":"sdk_gphone64_x86_64","networks":[{"capabilities":{"SSID":null,"linkDownBandwidthKbps":4300,"linkUpstreamBandwidthKbps":1800,"networkCapabilities":"NET_CAPABILITY_MMS,NET_CAPABILITY_SUPL,NET_CAPABILITY_IA,NET_CAPABILITY_XCAP,NET_CAPABILITY_INTERNET,NET_CAPABILITY_NOT_RESTRICTED,NET_CAPABILITY_TRUSTED,NET_CAPABILITY_NOT_VPN,NET_CAPABILITY_VALIDATED,NET_CAPABILITY_NOT_ROAMING,NET_CAPABILITY_NOT_CONGESTED,NET_CAPABILITY_NOT_SUSPENDED","signalStrength":-2147483648,"transportTypes":"TRANSPORT_CELLULAR"},"detailedState":"CONNECTED","extraInfo":"fast.t-mobile.com","isAvailable":true,"isConnected":true,"isFailover":false,"isRoaming":false,"state":"CONNECTED","subtype":10,"subtypeName":"HSPA","type":0,"typeName":"MOBILE"},{"capabilities":{"SSID":null,"linkDownBandwidthK...
&amp#27;[38;5;87m[b989989e]&amp#27;[0m&amp#27;[38;5;-16m[AndroidUiautomator2Driver@3f7c]&amp#27;[0m Screen already unlocked, doing nothing
&amp#27;[38;5;87m[b989989e]&amp#27;[0m&amp#27;[38;5;-16m[AndroidUiautomator2Driver@3f7c]&amp#27;[0m Starting 'com.androidsample.generalstore/com.androidsample.generalstore.SplashActivity and waiting for 'com.androidsample.generalstore/com.androidsample.generalstore.SplashActivity'
&amp#27;[38;5;87m[b989989e]&amp#27;[0m&amp#27;[38;5;229m[ADB]&amp#27;[0m Running 'C:\Users\User1\AppData\Local\Android\Sdk\platform-tools\adb.exe -P 5037 -s emulator-5554 shell am start -W -n com.androidsample.generalstore/com.androidsample.generalstore.SplashActivity -S -a android.intent.action.MAIN -c android.intent.category.LAUNCHER -f 0x10200000'
&amp#27;[38;5;87m[b989989e]&amp#27;[0m&amp#27;[38;5;229m[ADB]&amp#27;[0m Waiting up to 20000ms for activity matching pkg: 'com.androidsample.generalstore' and activity: 'com.androidsample.generalstore.SplashActivity' to be focused
&amp#27;[38;5;87m[b989989e]&amp#27;[0m&amp#27;[38;5;229m[ADB]&amp#27;[0m Possible activities, to be checked: 'com.androidsample.generalstore.SplashActivity', 'com.androidsample.generalstore.com.androidsample.generalstore.SplashActivity'
&amp#27;[38;5;87m[b989989e]&amp#27;[0m&amp#27;[38;5;229m[ADB]&amp#27;[0m Getting focused package and activity
&amp#27;[38;5;87m[b989989e]&amp#27;[0m&amp#27;[38;5;229m[ADB]&amp#27;[0m Running 'C:\Users\User1\AppData\Local\Android\Sdk\platform-tools\adb.exe -P 5037 -s emulator-5554 shell dumpsys window displays'
&amp#27;[38;5;87m[b989989e]&amp#27;[0m&amp#27;[38;5;229m[ADB]&amp#27;[0m Found package: 'com.androidsample.generalstore' and fully qualified activity name : 'com.androidsample.generalstore.SplashActivity'
&amp#27;[38;5;87m[b989989e]&amp#27;[0m&amp#27;[38;5;36m[AppiumDriver@88c7]&amp#27;[0m New AndroidUiautomator2Driver session created successfully, session b989989e-1b56-4dac-8872-15cd2931bc23 added to master session list
&amp#27;[38;5;87m[b989989e]&amp#27;[0m&amp#27;[38;5;36m[AppiumDriver@88c7]&amp#27;[0m Event 'newSessionStarted' logged at 1744635054355 (18:20:54 GMT+0530 (India Standard Time))
&amp#27;[38;5;87m[b989989e]&amp#27;[0m&amp#27;[38;5;-16m[AndroidUiautomator2Driver@3f7c]&amp#27;[0m Cached the protocol value 'W3C' for the new session b989989e-1b56-4dac-8872-15cd2931bc23
&amp#27;[38;5;87m[b989989e]&amp#27;[0m&amp#27;[38;5;-16m[AndroidUiautomator2Driver@3f7c]&amp#27;[0m Responding to client with driver.createSession() result: {"capabilities":{"platformName":"ANDROID","chromedriverExecutable":"C://Users//User1//Downloads//chromedriver-win64//chromedriver-win64//chromedriver.exe","deviceName":"emulator-5554","automationName":"UIAutomator2","app":"C:\\Users\\User1\\eclipse-workspace\\eCommerceFramework//src//main//resources//General-Store.apk","platform":"LINUX","webStorageEnabled":false,"takesScreenshot":true,"javascriptEnabled":true,"databaseEnabled":false,"networkConnectionEnabled":true,"locationContextEnabled":false,"warnings":{},"desired":{"platformName":"ANDROID","chromedriverExecutable":"C://Users//User1//Downloads//chromedriver-win64//chromedriver-win64//chromedriver.exe","deviceName":"Rajemulator","automationName":"UIAutomator2","app":"C:\\Users\\User1\\eclipse-workspace\\eCommerceFramework//src//main//resources//General-Store.apk"},"deviceUDID":"emulator-5554","appPackage":"com.androidsample.generalstore","pixelRatio":"2.75","statBarHeight":66,"viewportRect":{"left":0,"top":66,"width":1080,"height":2154},"deviceApiLevel"...
&amp#27;[38;5;87m[b989989e]&amp#27;[0m&amp#27;[38;5;86m[HTTP]&amp#27;[0m &amp#27;[37m<-- POST /session &amp#27;[39m&amp#27;[32m200&amp#27;[39m &amp#27;[90m9164 ms - 1233&amp#27;[39m &amp#27;[90m&amp#27;[39m
Test Started: counterTextValidation
&amp#27;[38;5;87m[b989989e]&amp#27;[0m&amp#27;[38;5;86m[HTTP]&amp#27;[0m &amp#27;[37m-->&amp#27;[39m &amp#27;[37mGET&amp#27;[39m &amp#27;[37m/session/b989989e-1b56-4dac-8872-15cd2931bc23/context&amp#27;[39m &amp#27;[90m{}&amp#27;[39m
&amp#27;[38;5;87m[b989989e]&amp#27;[0m&amp#27;[38;5;-16m[AndroidUiautomator2Driver@3f7c]&amp#27;[0m Calling AppiumDriver.getCurrentContext() with args: ["b989989e-1b56-4dac-8872-15cd2931bc23"]
&amp#27;[38;5;87m[b989989e]&amp#27;[0m&amp#27;[38;5;-16m[AndroidUiautomator2Driver@3f7c]&amp#27;[0m Responding to client with driver.getCurrentContext() result: "NATIVE_APP"
&amp#27;[38;5;87m[b989989e]&amp#27;[0m&amp#27;[38;5;86m[HTTP]&amp#27;[0m &amp#27;[37m<-- GET /session/b989989e-1b56-4dac-8872-15cd2931bc23/context &amp#27;[39m&amp#27;[32m200&amp#27;[39m &amp#27;[90m10 ms - 22&amp#27;[39m &amp#27;[90m&amp#27;[39m
&amp#27;[38;5;87m[b989989e]&amp#27;[0m&amp#27;[38;5;86m[HTTP]&amp#27;[0m &amp#27;[37m-->&amp#27;[39m &amp#27;[37mPOST&amp#27;[39m &amp#27;[37m/session/b989989e-1b56-4dac-8872-15cd2931bc23/element&amp#27;[39m &amp#27;[90m{"using":"id","value":"com.androidsample.generalstore:id/nameField"}&amp#27;[39m
&amp#27;[38;5;87m[b989989e]&amp#27;[0m&amp#27;[38;5;-16m[AndroidUiautomator2Driver@3f7c]&amp#27;[0m Calling AppiumDriver.findElement() with args: ["id","com.androidsample.generalstore:id/nameField","b989989e-1b56-4dac-8872-15cd2931bc23"]
&amp#27;[38;5;87m[b989989e]&amp#27;[0m&amp#27;[38;5;-16m[AndroidUiautomator2Driver@3f7c]&amp#27;[0m Valid locator strategies for this request: xpath, id, class name, accessibility id, css selector, -android uiautomator
&amp#27;[38;5;87m[b989989e]&amp#27;[0m&amp#27;[38;5;-16m[AndroidUiautomator2Driver@3f7c]&amp#27;[0m Waiting up to 0 ms for condition
&amp#27;[38;5;87m[b989989e]&amp#27;[0m&amp#27;[38;5;-16m[AndroidUiautomator2Driver@3f7c]&amp#27;[0m Matched '/element' to command name 'findElement'
&amp#27;[38;5;87m[b989989e]&amp#27;[0m&amp#27;[38;5;-16m[AndroidUiautomator2Driver@3f7c]&amp#27;[0m Proxying [POST /element] to [POST http://127.0.0.1:8201/session/181d2ce6-7e25-471e-b609-5f002cc45ebc/element] with body: {"strategy":"id","selector":"com.androidsample.generalstore:id/nameField","context":"","multiple":false}
&amp#27;[38;5;87m[b989989e]&amp#27;[0m&amp#27;[38;5;-16m[AndroidUiautomator2Driver@3f7c]&amp#27;[0m Got response with status 404: {"sessionId":"181d2ce6-7e25-471e-b609-5f002cc45ebc","value":{"error":"no such element","message":"An element could not be located on the page using the given search parameters","stacktrace":"io.appium.uiautomator2.common.exceptions.ElementNotFoundException: An element could not be located on the page using the given search parameters\n\tat io.appium.uiautomator2.handler.FindElement.safeHandle(FindElement.java:63)\n\tat io.appium.uiautomator2.handler.request.SafeRequestHandler.handle(SafeRequestHandler.java:59)\n\tat io.appium.uiautomator2.server.AppiumServlet.handleRequest(AppiumServlet.java:259)\n\tat io.appium.uiautomator2.server.AppiumServlet.handleHttpRequest(AppiumServlet.java:253)\n\tat io.appium.uiautomator2.http.ServerHandler.channelRead(ServerHandler.java:77)\n\tat io.netty.channel.AbstractChannelHandlerContext.invokeChannelRead(AbstractChannelHandlerContext.java:366)\n\tat io.netty.channel.AbstractChannelHandlerContext.invokeChannelRead(AbstractChannelHandlerContext.java:352)\n\tat io.netty.chann...
&amp#27;[38;5;87m[b989989e]&amp#27;[0m&amp#27;[38;5;123m[W3C]&amp#27;[0m Matched W3C error code 'no such element' to NoSuchElementError
&amp#27;[38;5;87m[b989989e]&amp#27;[0m&amp#27;[38;5;-16m[AndroidUiautomator2Driver@3f7c]&amp#27;[0m Encountered internal error running command: NoSuchElementError: An element could not be located on the page using the given search parameters.
    at AndroidUiautomator2Driver.findElOrEls (C:\Users\User1\.appium\node_modules\appium-uiautomator2-driver\node_modules\appium-android-driver\lib\commands\find.ts:86:11)
    at processTicksAndRejections (node:internal/process/task_queues:95:5)
    at AndroidUiautomator2Driver.findElOrElsWithProcessing (C:\Users\User1\AppData\Roaming\npm\node_modules\appium\node_modules\@appium\base-driver\lib\basedriver\commands\find.ts:60:12)
    at AndroidUiautomator2Driver.findElement (C:\Users\User1\AppData\Roaming\npm\node_modules\appium\node_modules\@appium\base-driver\lib\basedriver\commands\find.ts:75:12)
&amp#27;[38;5;87m[b989989e]&amp#27;[0m&amp#27;[38;5;86m[HTTP]&amp#27;[0m &amp#27;[37m<-- POST /session/b989989e-1b56-4dac-8872-15cd2931bc23/element &amp#27;[39m&amp#27;[33m404&amp#27;[39m &amp#27;[90m802 ms - 890&amp#27;[39m &amp#27;[90m&amp#27;[39m
&amp#27;[38;5;87m[b989989e]&amp#27;[0m&amp#27;[38;5;86m[HTTP]&amp#27;[0m &amp#27;[37m-->&amp#27;[39m &amp#27;[37mPOST&amp#27;[39m &amp#27;[37m/session/b989989e-1b56-4dac-8872-15cd2931bc23/element&amp#27;[39m &amp#27;[90m{"using":"id","value":"com.androidsample.generalstore:id/nameField"}&amp#27;[39m
&amp#27;[38;5;87m[b989989e]&amp#27;[0m&amp#27;[38;5;-16m[AndroidUiautomator2Driver@3f7c]&amp#27;[0m Calling AppiumDriver.findElement() with args: ["id","com.androidsample.generalstore:id/nameField","b989989e-1b56-4dac-8872-15cd2931bc23"]
&amp#27;[38;5;87m[b989989e]&amp#27;[0m&amp#27;[38;5;-16m[AndroidUiautomator2Driver@3f7c]&amp#27;[0m Valid locator strategies for this request: xpath, id, class name, accessibility id, css selector, -android uiautomator
&amp#27;[38;5;87m[b989989e]&amp#27;[0m&amp#27;[38;5;-16m[AndroidUiautomator2Driver@3f7c]&amp#27;[0m Waiting up to 0 ms for condition
&amp#27;[38;5;87m[b989989e]&amp#27;[0m&amp#27;[38;5;-16m[AndroidUiautomator2Driver@3f7c]&amp#27;[0m Matched '/element' to command name 'findElement'
&amp#27;[38;5;87m[b989989e]&amp#27;[0m&amp#27;[38;5;-16m[AndroidUiautomator2Driver@3f7c]&amp#27;[0m Proxying [POST /element] to [POST http://127.0.0.1:8201/session/181d2ce6-7e25-471e-b609-5f002cc45ebc/element] with body: {"strategy":"id","selector":"com.androidsample.generalstore:id/nameField","context":"","multiple":false}
&amp#27;[38;5;87m[b989989e]&amp#27;[0m&amp#27;[38;5;-16m[AndroidUiautomator2Driver@3f7c]&amp#27;[0m Got response with status 404: {"sessionId":"181d2ce6-7e25-471e-b609-5f002cc45ebc","value":{"error":"no such element","message":"An element could not be located on the page using the given search parameters","stacktrace":"io.appium.uiautomator2.common.exceptions.ElementNotFoundException: An element could not be located on the page using the given search parameters\n\tat io.appium.uiautomator2.handler.FindElement.safeHandle(FindElement.java:63)\n\tat io.appium.uiautomator2.handler.request.SafeRequestHandler.handle(SafeRequestHandler.java:59)\n\tat io.appium.uiautomator2.server.AppiumServlet.handleRequest(AppiumServlet.java:259)\n\tat io.appium.uiautomator2.server.AppiumServlet.handleHttpRequest(AppiumServlet.java:253)\n\tat io.appium.uiautomator2.http.ServerHandler.channelRead(ServerHandler.java:77)\n\tat io.netty.channel.AbstractChannelHandlerContext.invokeChannelRead(AbstractChannelHandlerContext.java:366)\n\tat io.netty.channel.AbstractChannelHandlerContext.invokeChannelRead(AbstractChannelHandlerContext.java:352)\n\tat io.netty.chann...
&amp#27;[38;5;87m[b989989e]&amp#27;[0m&amp#27;[38;5;123m[W3C]&amp#27;[0m Matched W3C error code 'no such element' to NoSuchElementError
&amp#27;[38;5;87m[b989989e]&amp#27;[0m&amp#27;[38;5;-16m[AndroidUiautomator2Driver@3f7c]&amp#27;[0m Encountered internal error running command: NoSuchElementError: An element could not be located on the page using the given search parameters.
    at AndroidUiautomator2Driver.findElOrEls (C:\Users\User1\.appium\node_modules\appium-uiautomator2-driver\node_modules\appium-android-driver\lib\commands\find.ts:86:11)
    at processTicksAndRejections (node:internal/process/task_queues:95:5)
    at AndroidUiautomator2Driver.findElOrElsWithProcessing (C:\Users\User1\AppData\Roaming\npm\node_modules\appium\node_modules\@appium\base-driver\lib\basedriver\commands\find.ts:60:12)
    at AndroidUiautomator2Driver.findElement (C:\Users\User1\AppData\Roaming\npm\node_modules\appium\node_modules\@appium\base-driver\lib\basedriver\commands\find.ts:75:12)
&amp#27;[38;5;87m[b989989e]&amp#27;[0m&amp#27;[38;5;86m[HTTP]&amp#27;[0m &amp#27;[37m<-- POST /session/b989989e-1b56-4dac-8872-15cd2931bc23/element &amp#27;[39m&amp#27;[33m404&amp#27;[39m &amp#27;[90m35 ms - 890&amp#27;[39m &amp#27;[90m&amp#27;[39m
&amp#27;[38;5;87m[b989989e]&amp#27;[0m&amp#27;[38;5;86m[HTTP]&amp#27;[0m &amp#27;[37m-->&amp#27;[39m &amp#27;[37mPOST&amp#27;[39m &amp#27;[37m/session/b989989e-1b56-4dac-8872-15cd2931bc23/element&amp#27;[39m &amp#27;[90m{"using":"id","value":"com.androidsample.generalstore:id/nameField"}&amp#27;[39m
&amp#27;[38;5;87m[b989989e]&amp#27;[0m&amp#27;[38;5;-16m[AndroidUiautomator2Driver@3f7c]&amp#27;[0m Calling AppiumDriver.findElement() with args: ["id","com.androidsample.generalstore:id/nameField","b989989e-1b56-4dac-8872-15cd2931bc23"]
&amp#27;[38;5;87m[b989989e]&amp#27;[0m&amp#27;[38;5;-16m[AndroidUiautomator2Driver@3f7c]&amp#27;[0m Valid locator strategies for this request: xpath, id, class name, accessibility id, css selector, -android uiautomator
&amp#27;[38;5;87m[b989989e]&amp#27;[0m&amp#27;[38;5;-16m[AndroidUiautomator2Driver@3f7c]&amp#27;[0m Waiting up to 0 ms for condition
&amp#27;[38;5;87m[b989989e]&amp#27;[0m&amp#27;[38;5;-16m[AndroidUiautomator2Driver@3f7c]&amp#27;[0m Matched '/element' to command name 'findElement'
&amp#27;[38;5;87m[b989989e]&amp#27;[0m&amp#27;[38;5;-16m[AndroidUiautomator2Driver@3f7c]&amp#27;[0m Proxying [POST /element] to [POST http://127.0.0.1:8201/session/181d2ce6-7e25-471e-b609-5f002cc45ebc/element] with body: {"strategy":"id","selector":"com.androidsample.generalstore:id/nameField","context":"","multiple":false}
&amp#27;[38;5;87m[b989989e]&amp#27;[0m&amp#27;[38;5;-16m[AndroidUiautomator2Driver@3f7c]&amp#27;[0m Got response with status 404: {"sessionId":"181d2ce6-7e25-471e-b609-5f002cc45ebc","value":{"error":"no such element","message":"An element could not be located on the page using the given search parameters","stacktrace":"io.appium.uiautomator2.common.exceptions.ElementNotFoundException: An element could not be located on the page using the given search parameters\n\tat io.appium.uiautomator2.handler.FindElement.safeHandle(FindElement.java:63)\n\tat io.appium.uiautomator2.handler.request.SafeRequestHandler.handle(SafeRequestHandler.java:59)\n\tat io.appium.uiautomator2.server.AppiumServlet.handleRequest(AppiumServlet.java:259)\n\tat io.appium.uiautomator2.server.AppiumServlet.handleHttpRequest(AppiumServlet.java:253)\n\tat io.appium.uiautomator2.http.ServerHandler.channelRead(ServerHandler.java:77)\n\tat io.netty.channel.AbstractChannelHandlerContext.invokeChannelRead(AbstractChannelHandlerContext.java:366)\n\tat io.netty.channel.AbstractChannelHandlerContext.invokeChannelRead(AbstractChannelHandlerContext.java:352)\n\tat io.netty.chann...
&amp#27;[38;5;87m[b989989e]&amp#27;[0m&amp#27;[38;5;123m[W3C]&amp#27;[0m Matched W3C error code 'no such element' to NoSuchElementError
&amp#27;[38;5;87m[b989989e]&amp#27;[0m&amp#27;[38;5;-16m[AndroidUiautomator2Driver@3f7c]&amp#27;[0m Encountered internal error running command: NoSuchElementError: An element could not be located on the page using the given search parameters.
    at AndroidUiautomator2Driver.findElOrEls (C:\Users\User1\.appium\node_modules\appium-uiautomator2-driver\node_modules\appium-android-driver\lib\commands\find.ts:86:11)
    at processTicksAndRejections (node:internal/process/task_queues:95:5)
    at AndroidUiautomator2Driver.findElOrElsWithProcessing (C:\Users\User1\AppData\Roaming\npm\node_modules\appium\node_modules\@appium\base-driver\lib\basedriver\commands\find.ts:60:12)
    at AndroidUiautomator2Driver.findElement (C:\Users\User1\AppData\Roaming\npm\node_modules\appium\node_modules\@appium\base-driver\lib\basedriver\commands\find.ts:75:12)
&amp#27;[38;5;87m[b989989e]&amp#27;[0m&amp#27;[38;5;86m[HTTP]&amp#27;[0m &amp#27;[37m<-- POST /session/b989989e-1b56-4dac-8872-15cd2931bc23/element &amp#27;[39m&amp#27;[33m404&amp#27;[39m &amp#27;[90m25 ms - 890&amp#27;[39m &amp#27;[90m&amp#27;[39m
&amp#27;[38;5;87m[b989989e]&amp#27;[0m&amp#27;[38;5;86m[HTTP]&amp#27;[0m &amp#27;[37m-->&amp#27;[39m &amp#27;[37mGET&amp#27;[39m &amp#27;[37m/session/b989989e-1b56-4dac-8872-15cd2931bc23/context&amp#27;[39m &amp#27;[90m{}&amp#27;[39m
&amp#27;[38;5;87m[b989989e]&amp#27;[0m&amp#27;[38;5;-16m[AndroidUiautomator2Driver@3f7c]&amp#27;[0m Calling AppiumDriver.getCurrentContext() with args: ["b989989e-1b56-4dac-8872-15cd2931bc23"]
&amp#27;[38;5;87m[b989989e]&amp#27;[0m&amp#27;[38;5;-16m[AndroidUiautomator2Driver@3f7c]&amp#27;[0m Responding to client with driver.getCurrentContext() result: "NATIVE_APP"
&amp#27;[38;5;87m[b989989e]&amp#27;[0m&amp#27;[38;5;86m[HTTP]&amp#27;[0m &amp#27;[37m<-- GET /session/b989989e-1b56-4dac-8872-15cd2931bc23/context &amp#27;[39m&amp#27;[32m200&amp#27;[39m &amp#27;[90m6 ms - 22&amp#27;[39m &amp#27;[90m&amp#27;[39m
&amp#27;[38;5;87m[b989989e]&amp#27;[0m&amp#27;[38;5;86m[HTTP]&amp#27;[0m &amp#27;[37m-->&amp#27;[39m &amp#27;[37mPOST&amp#27;[39m &amp#27;[37m/session/b989989e-1b56-4dac-8872-15cd2931bc23/element&amp#27;[39m &amp#27;[90m{"using":"id","value":"com.androidsample.generalstore:id/nameField"}&amp#27;[39m
&amp#27;[38;5;87m[b989989e]&amp#27;[0m&amp#27;[38;5;-16m[AndroidUiautomator2Driver@3f7c]&amp#27;[0m Calling AppiumDriver.findElement() with args: ["id","com.androidsample.generalstore:id/nameField","b989989e-1b56-4dac-8872-15cd2931bc23"]
&amp#27;[38;5;87m[b989989e]&amp#27;[0m&amp#27;[38;5;-16m[AndroidUiautomator2Driver@3f7c]&amp#27;[0m Valid locator strategies for this request: xpath, id, class name, accessibility id, css selector, -android uiautomator
&amp#27;[38;5;87m[b989989e]&amp#27;[0m&amp#27;[38;5;-16m[AndroidUiautomator2Driver@3f7c]&amp#27;[0m Waiting up to 0 ms for condition
&amp#27;[38;5;87m[b989989e]&amp#27;[0m&amp#27;[38;5;-16m[AndroidUiautomator2Driver@3f7c]&amp#27;[0m Matched '/element' to command name 'findElement'
&amp#27;[38;5;87m[b989989e]&amp#27;[0m&amp#27;[38;5;-16m[AndroidUiautomator2Driver@3f7c]&amp#27;[0m Proxying [POST /element] to [POST http://127.0.0.1:8201/session/181d2ce6-7e25-471e-b609-5f002cc45ebc/element] with body: {"strategy":"id","selector":"com.androidsample.generalstore:id/nameField","context":"","multiple":false}
&amp#27;[38;5;87m[b989989e]&amp#27;[0m&amp#27;[38;5;-16m[AndroidUiautomator2Driver@3f7c]&amp#27;[0m Got response with status 404: {"sessionId":"181d2ce6-7e25-471e-b609-5f002cc45ebc","value":{"error":"no such element","message":"An element could not be located on the page using the given search parameters","stacktrace":"io.appium.uiautomator2.common.exceptions.ElementNotFoundException: An element could not be located on the page using the given search parameters\n\tat io.appium.uiautomator2.handler.FindElement.safeHandle(FindElement.java:63)\n\tat io.appium.uiautomator2.handler.request.SafeRequestHandler.handle(SafeRequestHandler.java:59)\n\tat io.appium.uiautomator2.server.AppiumServlet.handleRequest(AppiumServlet.java:259)\n\tat io.appium.uiautomator2.server.AppiumServlet.handleHttpRequest(AppiumServlet.java:253)\n\tat io.appium.uiautomator2.http.ServerHandler.channelRead(ServerHandler.java:77)\n\tat io.netty.channel.AbstractChannelHandlerContext.invokeChannelRead(AbstractChannelHandlerContext.java:366)\n\tat io.netty.channel.AbstractChannelHandlerContext.invokeChannelRead(AbstractChannelHandlerContext.java:352)\n\tat io.netty.chann...
&amp#27;[38;5;87m[b989989e]&amp#27;[0m&amp#27;[38;5;123m[W3C]&amp#27;[0m Matched W3C error code 'no such element' to NoSuchElementError
&amp#27;[38;5;87m[b989989e]&amp#27;[0m&amp#27;[38;5;-16m[AndroidUiautomator2Driver@3f7c]&amp#27;[0m Encountered internal error running command: NoSuchElementError: An element could not be located on the page using the given search parameters.
    at AndroidUiautomator2Driver.findElOrEls (C:\Users\User1\.appium\node_modules\appium-uiautomator2-driver\node_modules\appium-android-driver\lib\commands\find.ts:86:11)
    at processTicksAndRejections (node:internal/process/task_queues:95:5)
    at AndroidUiautomator2Driver.findElOrElsWithProcessing (C:\Users\User1\AppData\Roaming\npm\node_modules\appium\node_modules\@appium\base-driver\lib\basedriver\commands\find.ts:60:12)
    at AndroidUiautomator2Driver.findElement (C:\Users\User1\AppData\Roaming\npm\node_modules\appium\node_modules\@appium\base-driver\lib\basedriver\commands\find.ts:75:12)
&amp#27;[38;5;87m[b989989e]&amp#27;[0m&amp#27;[38;5;86m[HTTP]&amp#27;[0m &amp#27;[37m<-- POST /session/b989989e-1b56-4dac-8872-15cd2931bc23/element &amp#27;[39m&amp#27;[33m404&amp#27;[39m &amp#27;[90m62 ms - 890&amp#27;[39m &amp#27;[90m&amp#27;[39m
&amp#27;[38;5;87m[b989989e]&amp#27;[0m&amp#27;[38;5;86m[HTTP]&amp#27;[0m &amp#27;[37m-->&amp#27;[39m &amp#27;[37mPOST&amp#27;[39m &amp#27;[37m/session/b989989e-1b56-4dac-8872-15cd2931bc23/element&amp#27;[39m &amp#27;[90m{"using":"id","value":"com.androidsample.generalstore:id/nameField"}&amp#27;[39m
&amp#27;[38;5;87m[b989989e]&amp#27;[0m&amp#27;[38;5;-16m[AndroidUiautomator2Driver@3f7c]&amp#27;[0m Calling AppiumDriver.findElement() with args: ["id","com.androidsample.generalstore:id/nameField","b989989e-1b56-4dac-8872-15cd2931bc23"]
&amp#27;[38;5;87m[b989989e]&amp#27;[0m&amp#27;[38;5;-16m[AndroidUiautomator2Driver@3f7c]&amp#27;[0m Valid locator strategies for this request: xpath, id, class name, accessibility id, css selector, -android uiautomator
&amp#27;[38;5;87m[b989989e]&amp#27;[0m&amp#27;[38;5;-16m[AndroidUiautomator2Driver@3f7c]&amp#27;[0m Waiting up to 0 ms for condition
&amp#27;[38;5;87m[b989989e]&amp#27;[0m&amp#27;[38;5;-16m[AndroidUiautomator2Driver@3f7c]&amp#27;[0m Matched '/element' to command name 'findElement'
&amp#27;[38;5;87m[b989989e]&amp#27;[0m&amp#27;[38;5;-16m[AndroidUiautomator2Driver@3f7c]&amp#27;[0m Proxying [POST /element] to [POST http://127.0.0.1:8201/session/181d2ce6-7e25-471e-b609-5f002cc45ebc/element] with body: {"strategy":"id","selector":"com.androidsample.generalstore:id/nameField","context":"","multiple":false}
&amp#27;[38;5;87m[b989989e]&amp#27;[0m&amp#27;[38;5;-16m[AndroidUiautomator2Driver@3f7c]&amp#27;[0m Got response with status 200: {"sessionId":"181d2ce6-7e25-471e-b609-5f002cc45ebc","value":{"ELEMENT":"00000000-0000-073b-ffff-ffff0000001c","element-6066-11e4-a52e-4f735466cecf":"00000000-0000-073b-ffff-ffff0000001c"}}
&amp#27;[38;5;87m[b989989e]&amp#27;[0m&amp#27;[38;5;-16m[AndroidUiautomator2Driver@3f7c]&amp#27;[0m Responding to client with driver.findElement() result: {"element-6066-11e4-a52e-4f735466cecf":"00000000-0000-073b-ffff-ffff0000001c","ELEMENT":"00000000-0000-073b-ffff-ffff0000001c"}
&amp#27;[38;5;87m[b989989e]&amp#27;[0m&amp#27;[38;5;86m[HTTP]&amp#27;[0m &amp#27;[37m<-- POST /session/b989989e-1b56-4dac-8872-15cd2931bc23/element &amp#27;[39m&amp#27;[32m200&amp#27;[39m &amp#27;[90m490 ms - 137&amp#27;[39m &amp#27;[90m&amp#27;[39m
&amp#27;[38;5;87m[b989989e]&amp#27;[0m&amp#27;[38;5;86m[HTTP]&amp#27;[0m &amp#27;[37m-->&amp#27;[39m &amp#27;[37mGET&amp#27;[39m &amp#27;[37m/session/b989989e-1b56-4dac-8872-15cd2931bc23/element/00000000-0000-073b-ffff-ffff0000001c/displayed&amp#27;[39m &amp#27;[90m{}&amp#27;[39m
&amp#27;[38;5;87m[b989989e]&amp#27;[0m&amp#27;[38;5;-16m[AndroidUiautomator2Driver@3f7c]&amp#27;[0m Calling AppiumDriver.elementDisplayed() with args: ["00000000-0000-073b-ffff-ffff0000001c","b989989e-1b56-4dac-8872-15cd2931bc23"]
&amp#27;[38;5;87m[b989989e]&amp#27;[0m&amp#27;[38;5;-16m[AndroidUiautomator2Driver@3f7c]&amp#27;[0m Matched '/element/00000000-0000-073b-ffff-ffff0000001c/attribute/displayed' to command name 'getAttribute'
&amp#27;[38;5;87m[b989989e]&amp#27;[0m&amp#27;[38;5;-16m[AndroidUiautomator2Driver@3f7c]&amp#27;[0m Proxying [GET /element/00000000-0000-073b-ffff-ffff0000001c/attribute/displayed] to [GET http://127.0.0.1:8201/session/181d2ce6-7e25-471e-b609-5f002cc45ebc/element/00000000-0000-073b-ffff-ffff0000001c/attribute/displayed] with no body
&amp#27;[38;5;87m[b989989e]&amp#27;[0m&amp#27;[38;5;-16m[AndroidUiautomator2Driver@3f7c]&amp#27;[0m Got response with status 200: {"sessionId":"181d2ce6-7e25-471e-b609-5f002cc45ebc","value":"true"}
&amp#27;[38;5;87m[b989989e]&amp#27;[0m&amp#27;[38;5;-16m[AndroidUiautomator2Driver@3f7c]&amp#27;[0m Responding to client with driver.elementDisplayed() result: true
&amp#27;[38;5;87m[b989989e]&amp#27;[0m&amp#27;[38;5;86m[HTTP]&amp#27;[0m &amp#27;[37m<-- GET /session/b989989e-1b56-4dac-8872-15cd2931bc23/element/00000000-0000-073b-ffff-ffff0000001c/displayed &amp#27;[39m&amp#27;[32m200&amp#27;[39m &amp#27;[90m1202 ms - 14&amp#27;[39m &amp#27;[90m&amp#27;[39m
&amp#27;[38;5;87m[b989989e]&amp#27;[0m&amp#27;[38;5;86m[HTTP]&amp#27;[0m &amp#27;[37m-->&amp#27;[39m &amp#27;[37mGET&amp#27;[39m &amp#27;[37m/session/b989989e-1b56-4dac-8872-15cd2931bc23/context&amp#27;[39m &amp#27;[90m{}&amp#27;[39m
&amp#27;[38;5;87m[b989989e]&amp#27;[0m&amp#27;[38;5;-16m[AndroidUiautomator2Driver@3f7c]&amp#27;[0m Calling AppiumDriver.getCurrentContext() with args: ["b989989e-1b56-4dac-8872-15cd2931bc23"]
&amp#27;[38;5;87m[b989989e]&amp#27;[0m&amp#27;[38;5;-16m[AndroidUiautomator2Driver@3f7c]&amp#27;[0m Responding to client with driver.getCurrentContext() result: "NATIVE_APP"
&amp#27;[38;5;87m[b989989e]&amp#27;[0m&amp#27;[38;5;86m[HTTP]&amp#27;[0m &amp#27;[37m<-- GET /session/b989989e-1b56-4dac-8872-15cd2931bc23/context &amp#27;[39m&amp#27;[32m200&amp#27;[39m &amp#27;[90m2 ms - 22&amp#27;[39m &amp#27;[90m&amp#27;[39m
&amp#27;[38;5;87m[b989989e]&amp#27;[0m&amp#27;[38;5;86m[HTTP]&amp#27;[0m &amp#27;[37m-->&amp#27;[39m &amp#27;[37mPOST&amp#27;[39m &amp#27;[37m/session/b989989e-1b56-4dac-8872-15cd2931bc23/element&amp#27;[39m &amp#27;[90m{"using":"id","value":"com.androidsample.generalstore:id/nameField"}&amp#27;[39m
&amp#27;[38;5;87m[b989989e]&amp#27;[0m&amp#27;[38;5;-16m[AndroidUiautomator2Driver@3f7c]&amp#27;[0m Calling AppiumDriver.findElement() with args: ["id","com.androidsample.generalstore:id/nameField","b989989e-1b56-4dac-8872-15cd2931bc23"]
&amp#27;[38;5;87m[b989989e]&amp#27;[0m&amp#27;[38;5;-16m[AndroidUiautomator2Driver@3f7c]&amp#27;[0m Valid locator strategies for this request: xpath, id, class name, accessibility id, css selector, -android uiautomator
&amp#27;[38;5;87m[b989989e]&amp#27;[0m&amp#27;[38;5;-16m[AndroidUiautomator2Driver@3f7c]&amp#27;[0m Waiting up to 0 ms for condition
&amp#27;[38;5;87m[b989989e]&amp#27;[0m&amp#27;[38;5;-16m[AndroidUiautomator2Driver@3f7c]&amp#27;[0m Matched '/element' to command name 'findElement'
&amp#27;[38;5;87m[b989989e]&amp#27;[0m&amp#27;[38;5;-16m[AndroidUiautomator2Driver@3f7c]&amp#27;[0m Proxying [POST /element] to [POST http://127.0.0.1:8201/session/181d2ce6-7e25-471e-b609-5f002cc45ebc/element] with body: {"strategy":"id","selector":"com.androidsample.generalstore:id/nameField","context":"","multiple":false}
&amp#27;[38;5;87m[b989989e]&amp#27;[0m&amp#27;[38;5;-16m[AndroidUiautomator2Driver@3f7c]&amp#27;[0m Got response with status 200: {"sessionId":"181d2ce6-7e25-471e-b609-5f002cc45ebc","value":{"ELEMENT":"00000000-0000-073b-ffff-ffff0000001c","element-6066-11e4-a52e-4f735466cecf":"00000000-0000-073b-ffff-ffff0000001c"}}
&amp#27;[38;5;87m[b989989e]&amp#27;[0m&amp#27;[38;5;-16m[AndroidUiautomator2Driver@3f7c]&amp#27;[0m Responding to client with driver.findElement() result: {"element-6066-11e4-a52e-4f735466cecf":"00000000-0000-073b-ffff-ffff0000001c","ELEMENT":"00000000-0000-073b-ffff-ffff0000001c"}
&amp#27;[38;5;87m[b989989e]&amp#27;[0m&amp#27;[38;5;86m[HTTP]&amp#27;[0m &amp#27;[37m<-- POST /session/b989989e-1b56-4dac-8872-15cd2931bc23/element &amp#27;[39m&amp#27;[32m200&amp#27;[39m &amp#27;[90m36 ms - 137&amp#27;[39m &amp#27;[90m&amp#27;[39m
&amp#27;[38;5;87m[b989989e]&amp#27;[0m&amp#27;[38;5;86m[HTTP]&amp#27;[0m &amp#27;[37m-->&amp#27;[39m &amp#27;[37mPOST&amp#27;[39m &amp#27;[37m/session/b989989e-1b56-4dac-8872-15cd2931bc23/element/00000000-0000-073b-ffff-ffff0000001c/value&amp#27;[39m &amp#27;[90m{"value":["R","a","j"],"text":"Raj","id":"00000000-0000-073b-ffff-ffff0000001c"}&amp#27;[39m
&amp#27;[38;5;87m[b989989e]&amp#27;[0m&amp#27;[38;5;-16m[AndroidUiautomator2Driver@3f7c]&amp#27;[0m Calling AppiumDriver.setValue() with args: [["R","a","j"],"00000000-0000-073b-ffff-ffff0000001c","b989989e-1b56-4dac-8872-15cd2931bc23"]
&amp#27;[38;5;87m[b989989e]&amp#27;[0m&amp#27;[38;5;-16m[AndroidUiautomator2Driver@3f7c]&amp#27;[0m Matched '/element/00000000-0000-073b-ffff-ffff0000001c/value' to command name 'setValue'
&amp#27;[38;5;87m[b989989e]&amp#27;[0m&amp#27;[38;5;-16m[AndroidUiautomator2Driver@3f7c]&amp#27;[0m Added 'value' property ["R","a","j"] to 'setValue' request body
&amp#27;[38;5;87m[b989989e]&amp#27;[0m&amp#27;[38;5;-16m[AndroidUiautomator2Driver@3f7c]&amp#27;[0m Proxying [POST /element/00000000-0000-073b-ffff-ffff0000001c/value] to [POST http://127.0.0.1:8201/session/181d2ce6-7e25-471e-b609-5f002cc45ebc/element/00000000-0000-073b-ffff-ffff0000001c/value] with body: {"elementId":"00000000-0000-073b-ffff-ffff0000001c","text":"Raj","replace":false,"value":["R","a","j"]}
&amp#27;[38;5;87m[b989989e]&amp#27;[0m&amp#27;[38;5;-16m[AndroidUiautomator2Driver@3f7c]&amp#27;[0m Got response with status 200: {"sessionId":"181d2ce6-7e25-471e-b609-5f002cc45ebc","value":null}
&amp#27;[38;5;87m[b989989e]&amp#27;[0m&amp#27;[38;5;-16m[AndroidUiautomator2Driver@3f7c]&amp#27;[0m Responding to client with driver.setValue() result: null
&amp#27;[38;5;87m[b989989e]&amp#27;[0m&amp#27;[38;5;86m[HTTP]&amp#27;[0m &amp#27;[37m<-- POST /session/b989989e-1b56-4dac-8872-15cd2931bc23/element/00000000-0000-073b-ffff-ffff0000001c/value &amp#27;[39m&amp#27;[32m200&amp#27;[39m &amp#27;[90m555 ms - 14&amp#27;[39m &amp#27;[90m&amp#27;[39m
&amp#27;[38;5;87m[b989989e]&amp#27;[0m&amp#27;[38;5;86m[HTTP]&amp#27;[0m &amp#27;[37m-->&amp#27;[39m &amp#27;[37mPOST&amp#27;[39m &amp#27;[37m/session/b989989e-1b56-4dac-8872-15cd2931bc23/execute/sync&amp#27;[39m &amp#27;[90m{"script":"mobile: hideKeyboard","args":[]}&amp#27;[39m
&amp#27;[38;5;87m[b989989e]&amp#27;[0m&amp#27;[38;5;-16m[AndroidUiautomator2Driver@3f7c]&amp#27;[0m Calling AppiumDriver.execute() with args: ["mobile: hideKeyboard",[],"b989989e-1b56-4dac-8872-15cd2931bc23"]
&amp#27;[38;5;87m[b989989e]&amp#27;[0m&amp#27;[38;5;-16m[AndroidUiautomator2Driver@3f7c]&amp#27;[0m Executing native command 'mobile: hideKeyboard'
&amp#27;[38;5;87m[b989989e]&amp#27;[0m&amp#27;[38;5;229m[ADB]&amp#27;[0m Running 'C:\Users\User1\AppData\Local\Android\Sdk\platform-tools\adb.exe -P 5037 -s emulator-5554 shell dumpsys input_method'
&amp#27;[38;5;87m[b989989e]&amp#27;[0m&amp#27;[38;5;229m[ADB]&amp#27;[0m Keyboard has no UI; no closing necessary
&amp#27;[38;5;87m[b989989e]&amp#27;[0m&amp#27;[38;5;-16m[AndroidUiautomator2Driver@3f7c]&amp#27;[0m Responding to client with driver.execute() result: false
&amp#27;[38;5;87m[b989989e]&amp#27;[0m&amp#27;[38;5;86m[HTTP]&amp#27;[0m &amp#27;[37m<-- POST /session/b989989e-1b56-4dac-8872-15cd2931bc23/execute/sync &amp#27;[39m&amp#27;[32m200&amp#27;[39m &amp#27;[90m341 ms - 15&amp#27;[39m &amp#27;[90m&amp#27;[39m
&amp#27;[38;5;87m[b989989e]&amp#27;[0m&amp#27;[38;5;86m[HTTP]&amp#27;[0m &amp#27;[37m-->&amp#27;[39m &amp#27;[37mGET&amp#27;[39m &amp#27;[37m/session/b989989e-1b56-4dac-8872-15cd2931bc23/context&amp#27;[39m &amp#27;[90m{}&amp#27;[39m
&amp#27;[38;5;87m[b989989e]&amp#27;[0m&amp#27;[38;5;-16m[AndroidUiautomator2Driver@3f7c]&amp#27;[0m Calling AppiumDriver.getCurrentContext() with args: ["b989989e-1b56-4dac-8872-15cd2931bc23"]
&amp#27;[38;5;87m[b989989e]&amp#27;[0m&amp#27;[38;5;-16m[AndroidUiautomator2Driver@3f7c]&amp#27;[0m Responding to client with driver.getCurrentContext() result: "NATIVE_APP"
&amp#27;[38;5;87m[b989989e]&amp#27;[0m&amp#27;[38;5;86m[HTTP]&amp#27;[0m &amp#27;[37m<-- GET /session/b989989e-1b56-4dac-8872-15cd2931bc23/context &amp#27;[39m&amp#27;[32m200&amp#27;[39m &amp#27;[90m1 ms - 22&amp#27;[39m &amp#27;[90m&amp#27;[39m
&amp#27;[38;5;87m[b989989e]&amp#27;[0m&amp#27;[38;5;86m[HTTP]&amp#27;[0m &amp#27;[37m-->&amp#27;[39m &amp#27;[37mPOST&amp#27;[39m &amp#27;[37m/session/b989989e-1b56-4dac-8872-15cd2931bc23/element&amp#27;[39m &amp#27;[90m{"using":"xpath","value":"//android.widget.RadioButton[@text='Male']"}&amp#27;[39m
&amp#27;[38;5;87m[b989989e]&amp#27;[0m&amp#27;[38;5;-16m[AndroidUiautomator2Driver@3f7c]&amp#27;[0m Calling AppiumDriver.findElement() with args: ["xpath","//android.widget.RadioButton[@text='Male']","b989989e-1b56-4dac-8872-15cd2931bc23"]
&amp#27;[38;5;87m[b989989e]&amp#27;[0m&amp#27;[38;5;-16m[AndroidUiautomator2Driver@3f7c]&amp#27;[0m Valid locator strategies for this request: xpath, id, class name, accessibility id, css selector, -android uiautomator
&amp#27;[38;5;87m[b989989e]&amp#27;[0m&amp#27;[38;5;-16m[AndroidUiautomator2Driver@3f7c]&amp#27;[0m Waiting up to 0 ms for condition
&amp#27;[38;5;87m[b989989e]&amp#27;[0m&amp#27;[38;5;-16m[AndroidUiautomator2Driver@3f7c]&amp#27;[0m Matched '/element' to command name 'findElement'
&amp#27;[38;5;87m[b989989e]&amp#27;[0m&amp#27;[38;5;-16m[AndroidUiautomator2Driver@3f7c]&amp#27;[0m Proxying [POST /element] to [POST http://127.0.0.1:8201/session/181d2ce6-7e25-471e-b609-5f002cc45ebc/element] with body: {"strategy":"xpath","selector":"//android.widget.RadioButton[@text='Male']","context":"","multiple":false}
&amp#27;[38;5;87m[b989989e]&amp#27;[0m&amp#27;[38;5;-16m[AndroidUiautomator2Driver@3f7c]&amp#27;[0m Got response with status 200: {"sessionId":"181d2ce6-7e25-471e-b609-5f002cc45ebc","value":{"ELEMENT":"00000000-0000-073b-ffff-ffff0000001f","element-6066-11e4-a52e-4f735466cecf":"00000000-0000-073b-ffff-ffff0000001f"}}
&amp#27;[38;5;87m[b989989e]&amp#27;[0m&amp#27;[38;5;-16m[AndroidUiautomator2Driver@3f7c]&amp#27;[0m Responding to client with driver.findElement() result: {"element-6066-11e4-a52e-4f735466cecf":"00000000-0000-073b-ffff-ffff0000001f","ELEMENT":"00000000-0000-073b-ffff-ffff0000001f"}
&amp#27;[38;5;87m[b989989e]&amp#27;[0m&amp#27;[38;5;86m[HTTP]&amp#27;[0m &amp#27;[37m<-- POST /session/b989989e-1b56-4dac-8872-15cd2931bc23/element &amp#27;[39m&amp#27;[32m200&amp#27;[39m &amp#27;[90m915 ms - 137&amp#27;[39m &amp#27;[90m&amp#27;[39m
&amp#27;[38;5;87m[b989989e]&amp#27;[0m&amp#27;[38;5;86m[HTTP]&amp#27;[0m &amp#27;[37m-->&amp#27;[39m &amp#27;[37mPOST&amp#27;[39m &amp#27;[37m/session/b989989e-1b56-4dac-8872-15cd2931bc23/element/00000000-0000-073b-ffff-ffff0000001f/click&amp#27;[39m &amp#27;[90m{"id":"00000000-0000-073b-ffff-ffff0000001f"}&amp#27;[39m
&amp#27;[38;5;87m[b989989e]&amp#27;[0m&amp#27;[38;5;-16m[AndroidUiautomator2Driver@3f7c]&amp#27;[0m Calling AppiumDriver.click() with args: ["00000000-0000-073b-ffff-ffff0000001f","b989989e-1b56-4dac-8872-15cd2931bc23"]
&amp#27;[38;5;87m[b989989e]&amp#27;[0m&amp#27;[38;5;-16m[AndroidUiautomator2Driver@3f7c]&amp#27;[0m Matched '/element/00000000-0000-073b-ffff-ffff0000001f/click' to command name 'click'
&amp#27;[38;5;87m[b989989e]&amp#27;[0m&amp#27;[38;5;-16m[AndroidUiautomator2Driver@3f7c]&amp#27;[0m Proxying [POST /element/00000000-0000-073b-ffff-ffff0000001f/click] to [POST http://127.0.0.1:8201/session/181d2ce6-7e25-471e-b609-5f002cc45ebc/element/00000000-0000-073b-ffff-ffff0000001f/click] with body: {"element":"00000000-0000-073b-ffff-ffff0000001f"}
&amp#27;[38;5;87m[b989989e]&amp#27;[0m&amp#27;[38;5;-16m[AndroidUiautomator2Driver@3f7c]&amp#27;[0m Got response with status 200: {"sessionId":"181d2ce6-7e25-471e-b609-5f002cc45ebc","value":null}
&amp#27;[38;5;87m[b989989e]&amp#27;[0m&amp#27;[38;5;-16m[AndroidUiautomator2Driver@3f7c]&amp#27;[0m Responding to client with driver.click() result: null
&amp#27;[38;5;87m[b989989e]&amp#27;[0m&amp#27;[38;5;86m[HTTP]&amp#27;[0m &amp#27;[37m<-- POST /session/b989989e-1b56-4dac-8872-15cd2931bc23/element/00000000-0000-073b-ffff-ffff0000001f/click &amp#27;[39m&amp#27;[32m200&amp#27;[39m &amp#27;[90m582 ms - 14&amp#27;[39m &amp#27;[90m&amp#27;[39m
&amp#27;[38;5;87m[b989989e]&amp#27;[0m&amp#27;[38;5;86m[HTTP]&amp#27;[0m &amp#27;[37m-->&amp#27;[39m &amp#27;[37mGET&amp#27;[39m &amp#27;[37m/session/b989989e-1b56-4dac-8872-15cd2931bc23/context&amp#27;[39m &amp#27;[90m{}&amp#27;[39m
&amp#27;[38;5;87m[b989989e]&amp#27;[0m&amp#27;[38;5;-16m[AndroidUiautomator2Driver@3f7c]&amp#27;[0m Calling AppiumDriver.getCurrentContext() with args: ["b989989e-1b56-4dac-8872-15cd2931bc23"]
&amp#27;[38;5;87m[b989989e]&amp#27;[0m&amp#27;[38;5;-16m[AndroidUiautomator2Driver@3f7c]&amp#27;[0m Responding to client with driver.getCurrentContext() result: "NATIVE_APP"
&amp#27;[38;5;87m[b989989e]&amp#27;[0m&amp#27;[38;5;86m[HTTP]&amp#27;[0m &amp#27;[37m<-- GET /session/b989989e-1b56-4dac-8872-15cd2931bc23/context &amp#27;[39m&amp#27;[32m200&amp#27;[39m &amp#27;[90m2 ms - 22&amp#27;[39m &amp#27;[90m&amp#27;[39m
&amp#27;[38;5;87m[b989989e]&amp#27;[0m&amp#27;[38;5;86m[HTTP]&amp#27;[0m &amp#27;[37m-->&amp#27;[39m &amp#27;[37mPOST&amp#27;[39m &amp#27;[37m/session/b989989e-1b56-4dac-8872-15cd2931bc23/element&amp#27;[39m &amp#27;[90m{"using":"id","value":"android:id/text1"}&amp#27;[39m
&amp#27;[38;5;87m[b989989e]&amp#27;[0m&amp#27;[38;5;-16m[AndroidUiautomator2Driver@3f7c]&amp#27;[0m Calling AppiumDriver.findElement() with args: ["id","android:id/text1","b989989e-1b56-4dac-8872-15cd2931bc23"]
&amp#27;[38;5;87m[b989989e]&amp#27;[0m&amp#27;[38;5;-16m[AndroidUiautomator2Driver@3f7c]&amp#27;[0m Valid locator strategies for this request: xpath, id, class name, accessibility id, css selector, -android uiautomator
&amp#27;[38;5;87m[b989989e]&amp#27;[0m&amp#27;[38;5;-16m[AndroidUiautomator2Driver@3f7c]&amp#27;[0m Waiting up to 0 ms for condition
&amp#27;[38;5;87m[b989989e]&amp#27;[0m&amp#27;[38;5;-16m[AndroidUiautomator2Driver@3f7c]&amp#27;[0m Matched '/element' to command name 'findElement'
&amp#27;[38;5;87m[b989989e]&amp#27;[0m&amp#27;[38;5;-16m[AndroidUiautomator2Driver@3f7c]&amp#27;[0m Proxying [POST /element] to [POST http://127.0.0.1:8201/session/181d2ce6-7e25-471e-b609-5f002cc45ebc/element] with body: {"strategy":"id","selector":"android:id/text1","context":"","multiple":false}
&amp#27;[38;5;87m[b989989e]&amp#27;[0m&amp#27;[38;5;-16m[AndroidUiautomator2Driver@3f7c]&amp#27;[0m Got response with status 200: {"sessionId":"181d2ce6-7e25-471e-b609-5f002cc45ebc","value":{"ELEMENT":"00000000-0000-073b-ffff-ffff00000024","element-6066-11e4-a52e-4f735466cecf":"00000000-0000-073b-ffff-ffff00000024"}}
&amp#27;[38;5;87m[b989989e]&amp#27;[0m&amp#27;[38;5;-16m[AndroidUiautomator2Driver@3f7c]&amp#27;[0m Responding to client with driver.findElement() result: {"element-6066-11e4-a52e-4f735466cecf":"00000000-0000-073b-ffff-ffff00000024","ELEMENT":"00000000-0000-073b-ffff-ffff00000024"}
&amp#27;[38;5;87m[b989989e]&amp#27;[0m&amp#27;[38;5;86m[HTTP]&amp#27;[0m &amp#27;[37m<-- POST /session/b989989e-1b56-4dac-8872-15cd2931bc23/element &amp#27;[39m&amp#27;[32m200&amp#27;[39m &amp#27;[90m32 ms - 137&amp#27;[39m &amp#27;[90m&amp#27;[39m
&amp#27;[38;5;87m[b989989e]&amp#27;[0m&amp#27;[38;5;86m[HTTP]&amp#27;[0m &amp#27;[37m-->&amp#27;[39m &amp#27;[37mPOST&amp#27;[39m &amp#27;[37m/session/b989989e-1b56-4dac-8872-15cd2931bc23/element/00000000-0000-073b-ffff-ffff00000024/click&amp#27;[39m &amp#27;[90m{"id":"00000000-0000-073b-ffff-ffff00000024"}&amp#27;[39m
&amp#27;[38;5;87m[b989989e]&amp#27;[0m&amp#27;[38;5;-16m[AndroidUiautomator2Driver@3f7c]&amp#27;[0m Calling AppiumDriver.click() with args: ["00000000-0000-073b-ffff-ffff00000024","b989989e-1b56-4dac-8872-15cd2931bc23"]
&amp#27;[38;5;87m[b989989e]&amp#27;[0m&amp#27;[38;5;-16m[AndroidUiautomator2Driver@3f7c]&amp#27;[0m Matched '/element/00000000-0000-073b-ffff-ffff00000024/click' to command name 'click'
&amp#27;[38;5;87m[b989989e]&amp#27;[0m&amp#27;[38;5;-16m[AndroidUiautomator2Driver@3f7c]&amp#27;[0m Proxying [POST /element/00000000-0000-073b-ffff-ffff00000024/click] to [POST http://127.0.0.1:8201/session/181d2ce6-7e25-471e-b609-5f002cc45ebc/element/00000000-0000-073b-ffff-ffff00000024/click] with body: {"element":"00000000-0000-073b-ffff-ffff00000024"}
&amp#27;[38;5;87m[b989989e]&amp#27;[0m&amp#27;[38;5;-16m[AndroidUiautomator2Driver@3f7c]&amp#27;[0m Got response with status 200: {"sessionId":"181d2ce6-7e25-471e-b609-5f002cc45ebc","value":null}
&amp#27;[38;5;87m[b989989e]&amp#27;[0m&amp#27;[38;5;-16m[AndroidUiautomator2Driver@3f7c]&amp#27;[0m Responding to client with driver.click() result: null
&amp#27;[38;5;87m[b989989e]&amp#27;[0m&amp#27;[38;5;86m[HTTP]&amp#27;[0m &amp#27;[37m<-- POST /session/b989989e-1b56-4dac-8872-15cd2931bc23/element/00000000-0000-073b-ffff-ffff00000024/click &amp#27;[39m&amp#27;[32m200&amp#27;[39m &amp#27;[90m104 ms - 14&amp#27;[39m &amp#27;[90m&amp#27;[39m
&amp#27;[38;5;87m[b989989e]&amp#27;[0m&amp#27;[38;5;86m[HTTP]&amp#27;[0m &amp#27;[37m-->&amp#27;[39m &amp#27;[37mPOST&amp#27;[39m &amp#27;[37m/session/b989989e-1b56-4dac-8872-15cd2931bc23/element&amp#27;[39m &amp#27;[90m{"using":"-android uiautomator","value":"new UiScrollable(new UiSelector()).scrollIntoView(text(\"Austria\"));"}&amp#27;[39m
&amp#27;[38;5;87m[b989989e]&amp#27;[0m&amp#27;[38;5;-16m[AndroidUiautomator2Driver@3f7c]&amp#27;[0m Calling AppiumDriver.findElement() with args: ["-android uiautomator","new UiScrollable(new UiSelector()).scrollIntoView(text(\"Austria\"));","b989989e-1b56-4dac-8872-15cd2931bc23"]
&amp#27;[38;5;87m[b989989e]&amp#27;[0m&amp#27;[38;5;-16m[AndroidUiautomator2Driver@3f7c]&amp#27;[0m Valid locator strategies for this request: xpath, id, class name, accessibility id, css selector, -android uiautomator
&amp#27;[38;5;87m[b989989e]&amp#27;[0m&amp#27;[38;5;-16m[AndroidUiautomator2Driver@3f7c]&amp#27;[0m Waiting up to 0 ms for condition
&amp#27;[38;5;87m[b989989e]&amp#27;[0m&amp#27;[38;5;-16m[AndroidUiautomator2Driver@3f7c]&amp#27;[0m Matched '/element' to command name 'findElement'
&amp#27;[38;5;87m[b989989e]&amp#27;[0m&amp#27;[38;5;-16m[AndroidUiautomator2Driver@3f7c]&amp#27;[0m Proxying [POST /element] to [POST http://127.0.0.1:8201/session/181d2ce6-7e25-471e-b609-5f002cc45ebc/element] with body: {"strategy":"-android uiautomator","selector":"new UiScrollable(new UiSelector()).scrollIntoView(text(\"Austria\"));","context":"","multiple":false}
&amp#27;[38;5;87m[b989989e]&amp#27;[0m&amp#27;[38;5;-16m[AndroidUiautomator2Driver@3f7c]&amp#27;[0m Got response with status 200: {"sessionId":"181d2ce6-7e25-471e-b609-5f002cc45ebc","value":{"ELEMENT":"00000000-0000-073c-ffff-ffff0000002c","element-6066-11e4-a52e-4f735466cecf":"00000000-0000-073c-ffff-ffff0000002c"}}
&amp#27;[38;5;87m[b989989e]&amp#27;[0m&amp#27;[38;5;-16m[AndroidUiautomator2Driver@3f7c]&amp#27;[0m Responding to client with driver.findElement() result: {"element-6066-11e4-a52e-4f735466cecf":"00000000-0000-073c-ffff-ffff0000002c","ELEMENT":"00000000-0000-073c-ffff-ffff0000002c"}
&amp#27;[38;5;87m[b989989e]&amp#27;[0m&amp#27;[38;5;86m[HTTP]&amp#27;[0m &amp#27;[37m<-- POST /session/b989989e-1b56-4dac-8872-15cd2931bc23/element &amp#27;[39m&amp#27;[32m200&amp#27;[39m &amp#27;[90m4997 ms - 137&amp#27;[39m &amp#27;[90m&amp#27;[39m
&amp#27;[38;5;87m[b989989e]&amp#27;[0m&amp#27;[38;5;86m[HTTP]&amp#27;[0m &amp#27;[37m-->&amp#27;[39m &amp#27;[37mPOST&amp#27;[39m &amp#27;[37m/session/b989989e-1b56-4dac-8872-15cd2931bc23/element&amp#27;[39m &amp#27;[90m{"using":"xpath","value":"//android.widget.TextView[@text='Austria']"}&amp#27;[39m
&amp#27;[38;5;87m[b989989e]&amp#27;[0m&amp#27;[38;5;-16m[AndroidUiautomator2Driver@3f7c]&amp#27;[0m Calling AppiumDriver.findElement() with args: ["xpath","//android.widget.TextView[@text='Austria']","b989989e-1b56-4dac-8872-15cd2931bc23"]
&amp#27;[38;5;87m[b989989e]&amp#27;[0m&amp#27;[38;5;-16m[AndroidUiautomator2Driver@3f7c]&amp#27;[0m Valid locator strategies for this request: xpath, id, class name, accessibility id, css selector, -android uiautomator
&amp#27;[38;5;87m[b989989e]&amp#27;[0m&amp#27;[38;5;-16m[AndroidUiautomator2Driver@3f7c]&amp#27;[0m Waiting up to 0 ms for condition
&amp#27;[38;5;87m[b989989e]&amp#27;[0m&amp#27;[38;5;-16m[AndroidUiautomator2Driver@3f7c]&amp#27;[0m Matched '/element' to command name 'findElement'
&amp#27;[38;5;87m[b989989e]&amp#27;[0m&amp#27;[38;5;-16m[AndroidUiautomator2Driver@3f7c]&amp#27;[0m Proxying [POST /element] to [POST http://127.0.0.1:8201/session/181d2ce6-7e25-471e-b609-5f002cc45ebc/element] with body: {"strategy":"xpath","selector":"//android.widget.TextView[@text='Austria']","context":"","multiple":false}
&amp#27;[38;5;87m[b989989e]&amp#27;[0m&amp#27;[38;5;-16m[AndroidUiautomator2Driver@3f7c]&amp#27;[0m Got response with status 200: {"sessionId":"181d2ce6-7e25-471e-b609-5f002cc45ebc","value":{"ELEMENT":"00000000-0000-073c-ffff-ffff0000002c","element-6066-11e4-a52e-4f735466cecf":"00000000-0000-073c-ffff-ffff0000002c"}}
&amp#27;[38;5;87m[b989989e]&amp#27;[0m&amp#27;[38;5;-16m[AndroidUiautomator2Driver@3f7c]&amp#27;[0m Responding to client with driver.findElement() result: {"element-6066-11e4-a52e-4f735466cecf":"00000000-0000-073c-ffff-ffff0000002c","ELEMENT":"00000000-0000-073c-ffff-ffff0000002c"}
&amp#27;[38;5;87m[b989989e]&amp#27;[0m&amp#27;[38;5;86m[HTTP]&amp#27;[0m &amp#27;[37m<-- POST /session/b989989e-1b56-4dac-8872-15cd2931bc23/element &amp#27;[39m&amp#27;[32m200&amp#27;[39m &amp#27;[90m82 ms - 137&amp#27;[39m &amp#27;[90m&amp#27;[39m
&amp#27;[38;5;87m[b989989e]&amp#27;[0m&amp#27;[38;5;86m[HTTP]&amp#27;[0m &amp#27;[37m-->&amp#27;[39m &amp#27;[37mPOST&amp#27;[39m &amp#27;[37m/session/b989989e-1b56-4dac-8872-15cd2931bc23/element/00000000-0000-073c-ffff-ffff0000002c/click&amp#27;[39m &amp#27;[90m{"id":"00000000-0000-073c-ffff-ffff0000002c"}&amp#27;[39m
&amp#27;[38;5;87m[b989989e]&amp#27;[0m&amp#27;[38;5;-16m[AndroidUiautomator2Driver@3f7c]&amp#27;[0m Calling AppiumDriver.click() with args: ["00000000-0000-073c-ffff-ffff0000002c","b989989e-1b56-4dac-8872-15cd2931bc23"]
&amp#27;[38;5;87m[b989989e]&amp#27;[0m&amp#27;[38;5;-16m[AndroidUiautomator2Driver@3f7c]&amp#27;[0m Matched '/element/00000000-0000-073c-ffff-ffff0000002c/click' to command name 'click'
&amp#27;[38;5;87m[b989989e]&amp#27;[0m&amp#27;[38;5;-16m[AndroidUiautomator2Driver@3f7c]&amp#27;[0m Proxying [POST /element/00000000-0000-073c-ffff-ffff0000002c/click] to [POST http://127.0.0.1:8201/session/181d2ce6-7e25-471e-b609-5f002cc45ebc/element/00000000-0000-073c-ffff-ffff0000002c/click] with body: {"element":"00000000-0000-073c-ffff-ffff0000002c"}
&amp#27;[38;5;87m[b989989e]&amp#27;[0m&amp#27;[38;5;-16m[AndroidUiautomator2Driver@3f7c]&amp#27;[0m Got response with status 200: {"sessionId":"181d2ce6-7e25-471e-b609-5f002cc45ebc","value":null}
&amp#27;[38;5;87m[b989989e]&amp#27;[0m&amp#27;[38;5;-16m[AndroidUiautomator2Driver@3f7c]&amp#27;[0m Responding to client with driver.click() result: null
&amp#27;[38;5;87m[b989989e]&amp#27;[0m&amp#27;[38;5;86m[HTTP]&amp#27;[0m &amp#27;[37m<-- POST /session/b989989e-1b56-4dac-8872-15cd2931bc23/element/00000000-0000-073c-ffff-ffff0000002c/click &amp#27;[39m&amp#27;[32m200&amp#27;[39m &amp#27;[90m738 ms - 14&amp#27;[39m &amp#27;[90m&amp#27;[39m
&amp#27;[38;5;87m[b989989e]&amp#27;[0m&amp#27;[38;5;86m[HTTP]&amp#27;[0m &amp#27;[37m-->&amp#27;[39m &amp#27;[37mGET&amp#27;[39m &amp#27;[37m/session/b989989e-1b56-4dac-8872-15cd2931bc23/context&amp#27;[39m &amp#27;[90m{}&amp#27;[39m
&amp#27;[38;5;87m[b989989e]&amp#27;[0m&amp#27;[38;5;-16m[AndroidUiautomator2Driver@3f7c]&amp#27;[0m Calling AppiumDriver.getCurrentContext() with args: ["b989989e-1b56-4dac-8872-15cd2931bc23"]
&amp#27;[38;5;87m[b989989e]&amp#27;[0m&amp#27;[38;5;-16m[AndroidUiautomator2Driver@3f7c]&amp#27;[0m Responding to client with driver.getCurrentContext() result: "NATIVE_APP"
&amp#27;[38;5;87m[b989989e]&amp#27;[0m&amp#27;[38;5;86m[HTTP]&amp#27;[0m &amp#27;[37m<-- GET /session/b989989e-1b56-4dac-8872-15cd2931bc23/context &amp#27;[39m&amp#27;[32m200&amp#27;[39m &amp#27;[90m1 ms - 22&amp#27;[39m &amp#27;[90m&amp#27;[39m
&amp#27;[38;5;87m[b989989e]&amp#27;[0m&amp#27;[38;5;86m[HTTP]&amp#27;[0m &amp#27;[37m-->&amp#27;[39m &amp#27;[37mPOST&amp#27;[39m &amp#27;[37m/session/b989989e-1b56-4dac-8872-15cd2931bc23/element&amp#27;[39m &amp#27;[90m{"using":"id","value":"com.androidsample.generalstore:id/btnLetsShop"}&amp#27;[39m
&amp#27;[38;5;87m[b989989e]&amp#27;[0m&amp#27;[38;5;-16m[AndroidUiautomator2Driver@3f7c]&amp#27;[0m Calling AppiumDriver.findElement() with args: ["id","com.androidsample.generalstore:id/btnLetsShop","b989989e-1b56-4dac-8872-15cd2931bc23"]
&amp#27;[38;5;87m[b989989e]&amp#27;[0m&amp#27;[38;5;-16m[AndroidUiautomator2Driver@3f7c]&amp#27;[0m Valid locator strategies for this request: xpath, id, class name, accessibility id, css selector, -android uiautomator
&amp#27;[38;5;87m[b989989e]&amp#27;[0m&amp#27;[38;5;-16m[AndroidUiautomator2Driver@3f7c]&amp#27;[0m Waiting up to 0 ms for condition
&amp#27;[38;5;87m[b989989e]&amp#27;[0m&amp#27;[38;5;-16m[AndroidUiautomator2Driver@3f7c]&amp#27;[0m Matched '/element' to command name 'findElement'
&amp#27;[38;5;87m[b989989e]&amp#27;[0m&amp#27;[38;5;-16m[AndroidUiautomator2Driver@3f7c]&amp#27;[0m Proxying [POST /element] to [POST http://127.0.0.1:8201/session/181d2ce6-7e25-471e-b609-5f002cc45ebc/element] with body: {"strategy":"id","selector":"com.androidsample.generalstore:id/btnLetsShop","context":"","multiple":false}
&amp#27;[38;5;87m[b989989e]&amp#27;[0m&amp#27;[38;5;-16m[AndroidUiautomator2Driver@3f7c]&amp#27;[0m Got response with status 200: {"sessionId":"181d2ce6-7e25-471e-b609-5f002cc45ebc","value":{"ELEMENT":"00000000-0000-073b-ffff-ffff00000021","element-6066-11e4-a52e-4f735466cecf":"00000000-0000-073b-ffff-ffff00000021"}}
&amp#27;[38;5;87m[b989989e]&amp#27;[0m&amp#27;[38;5;-16m[AndroidUiautomator2Driver@3f7c]&amp#27;[0m Responding to client with driver.findElement() result: {"element-6066-11e4-a52e-4f735466cecf":"00000000-0000-073b-ffff-ffff00000021","ELEMENT":"00000000-0000-073b-ffff-ffff00000021"}
&amp#27;[38;5;87m[b989989e]&amp#27;[0m&amp#27;[38;5;86m[HTTP]&amp#27;[0m &amp#27;[37m<-- POST /session/b989989e-1b56-4dac-8872-15cd2931bc23/element &amp#27;[39m&amp#27;[32m200&amp#27;[39m &amp#27;[90m41 ms - 137&amp#27;[39m &amp#27;[90m&amp#27;[39m
&amp#27;[38;5;87m[b989989e]&amp#27;[0m&amp#27;[38;5;86m[HTTP]&amp#27;[0m &amp#27;[37m-->&amp#27;[39m &amp#27;[37mPOST&amp#27;[39m &amp#27;[37m/session/b989989e-1b56-4dac-8872-15cd2931bc23/element/00000000-0000-073b-ffff-ffff00000021/click&amp#27;[39m &amp#27;[90m{"id":"00000000-0000-073b-ffff-ffff00000021"}&amp#27;[39m
&amp#27;[38;5;87m[b989989e]&amp#27;[0m&amp#27;[38;5;-16m[AndroidUiautomator2Driver@3f7c]&amp#27;[0m Calling AppiumDriver.click() with args: ["00000000-0000-073b-ffff-ffff00000021","b989989e-1b56-4dac-8872-15cd2931bc23"]
&amp#27;[38;5;87m[b989989e]&amp#27;[0m&amp#27;[38;5;-16m[AndroidUiautomator2Driver@3f7c]&amp#27;[0m Matched '/element/00000000-0000-073b-ffff-ffff00000021/click' to command name 'click'
&amp#27;[38;5;87m[b989989e]&amp#27;[0m&amp#27;[38;5;-16m[AndroidUiautomator2Driver@3f7c]&amp#27;[0m Proxying [POST /element/00000000-0000-073b-ffff-ffff00000021/click] to [POST http://127.0.0.1:8201/session/181d2ce6-7e25-471e-b609-5f002cc45ebc/element/00000000-0000-073b-ffff-ffff00000021/click] with body: {"element":"00000000-0000-073b-ffff-ffff00000021"}
&amp#27;[38;5;87m[b989989e]&amp#27;[0m&amp#27;[38;5;-16m[AndroidUiautomator2Driver@3f7c]&amp#27;[0m Got response with status 200: {"sessionId":"181d2ce6-7e25-471e-b609-5f002cc45ebc","value":null}
&amp#27;[38;5;87m[b989989e]&amp#27;[0m&amp#27;[38;5;-16m[AndroidUiautomator2Driver@3f7c]&amp#27;[0m Responding to client with driver.click() result: null
&amp#27;[38;5;87m[b989989e]&amp#27;[0m&amp#27;[38;5;86m[HTTP]&amp#27;[0m &amp#27;[37m<-- POST /session/b989989e-1b56-4dac-8872-15cd2931bc23/element/00000000-0000-073b-ffff-ffff00000021/click &amp#27;[39m&amp#27;[32m200&amp#27;[39m &amp#27;[90m357 ms - 14&amp#27;[39m &amp#27;[90m&amp#27;[39m
&amp#27;[38;5;87m[b989989e]&amp#27;[0m&amp#27;[38;5;86m[HTTP]&amp#27;[0m &amp#27;[37m-->&amp#27;[39m &amp#27;[37mGET&amp#27;[39m &amp#27;[37m/session/b989989e-1b56-4dac-8872-15cd2931bc23/context&amp#27;[39m &amp#27;[90m{}&amp#27;[39m
&amp#27;[38;5;87m[b989989e]&amp#27;[0m&amp#27;[38;5;-16m[AndroidUiautomator2Driver@3f7c]&amp#27;[0m Calling AppiumDriver.getCurrentContext() with args: ["b989989e-1b56-4dac-8872-15cd2931bc23"]
&amp#27;[38;5;87m[b989989e]&amp#27;[0m&amp#27;[38;5;-16m[AndroidUiautomator2Driver@3f7c]&amp#27;[0m Responding to client with driver.getCurrentContext() result: "NATIVE_APP"
&amp#27;[38;5;87m[b989989e]&amp#27;[0m&amp#27;[38;5;86m[HTTP]&amp#27;[0m &amp#27;[37m<-- GET /session/b989989e-1b56-4dac-8872-15cd2931bc23/context &amp#27;[39m&amp#27;[32m200&amp#27;[39m &amp#27;[90m2 ms - 22&amp#27;[39m &amp#27;[90m&amp#27;[39m
&amp#27;[38;5;87m[b989989e]&amp#27;[0m&amp#27;[38;5;86m[HTTP]&amp#27;[0m &amp#27;[37m-->&amp#27;[39m &amp#27;[37mPOST&amp#27;[39m &amp#27;[37m/session/b989989e-1b56-4dac-8872-15cd2931bc23/elements&amp#27;[39m &amp#27;[90m{"using":"xpath","value":"//android.widget.TextView[@text='ADD TO CART']"}&amp#27;[39m
&amp#27;[38;5;87m[b989989e]&amp#27;[0m&amp#27;[38;5;-16m[AndroidUiautomator2Driver@3f7c]&amp#27;[0m Calling AppiumDriver.findElements() with args: ["xpath","//android.widget.TextView[@text='ADD TO CART']","b989989e-1b56-4dac-8872-15cd2931bc23"]
&amp#27;[38;5;87m[b989989e]&amp#27;[0m&amp#27;[38;5;-16m[AndroidUiautomator2Driver@3f7c]&amp#27;[0m Valid locator strategies for this request: xpath, id, class name, accessibility id, css selector, -android uiautomator
&amp#27;[38;5;87m[b989989e]&amp#27;[0m&amp#27;[38;5;-16m[AndroidUiautomator2Driver@3f7c]&amp#27;[0m Waiting up to 0 ms for condition
&amp#27;[38;5;87m[b989989e]&amp#27;[0m&amp#27;[38;5;-16m[AndroidUiautomator2Driver@3f7c]&amp#27;[0m Matched '/elements' to command name 'findElements'
&amp#27;[38;5;87m[b989989e]&amp#27;[0m&amp#27;[38;5;-16m[AndroidUiautomator2Driver@3f7c]&amp#27;[0m Proxying [POST /elements] to [POST http://127.0.0.1:8201/session/181d2ce6-7e25-471e-b609-5f002cc45ebc/elements] with body: {"strategy":"xpath","selector":"//android.widget.TextView[@text='ADD TO CART']","context":"","multiple":true}
&amp#27;[38;5;87m[b989989e]&amp#27;[0m&amp#27;[38;5;-16m[AndroidUiautomator2Driver@3f7c]&amp#27;[0m Got response with status 200: {"sessionId":"181d2ce6-7e25-471e-b609-5f002cc45ebc","value":[]}
&amp#27;[38;5;87m[b989989e]&amp#27;[0m&amp#27;[38;5;-16m[AndroidUiautomator2Driver@3f7c]&amp#27;[0m Responding to client with driver.findElements() result: []
&amp#27;[38;5;87m[b989989e]&amp#27;[0m&amp#27;[38;5;86m[HTTP]&amp#27;[0m &amp#27;[37m<-- POST /session/b989989e-1b56-4dac-8872-15cd2931bc23/elements &amp#27;[39m&amp#27;[32m200&amp#27;[39m &amp#27;[90m410 ms - 12&amp#27;[39m &amp#27;[90m&amp#27;[39m
&amp#27;[38;5;87m[b989989e]&amp#27;[0m&amp#27;[38;5;86m[HTTP]&amp#27;[0m &amp#27;[37m-->&amp#27;[39m &amp#27;[37mGET&amp#27;[39m &amp#27;[37m/session/b989989e-1b56-4dac-8872-15cd2931bc23/context&amp#27;[39m &amp#27;[90m{}&amp#27;[39m
&amp#27;[38;5;87m[b989989e]&amp#27;[0m&amp#27;[38;5;-16m[AndroidUiautomator2Driver@3f7c]&amp#27;[0m Calling AppiumDriver.getCurrentContext() with args: ["b989989e-1b56-4dac-8872-15cd2931bc23"]
&amp#27;[38;5;87m[b989989e]&amp#27;[0m&amp#27;[38;5;-16m[AndroidUiautomator2Driver@3f7c]&amp#27;[0m Responding to client with driver.getCurrentContext() result: "NATIVE_APP"
&amp#27;[38;5;87m[b989989e]&amp#27;[0m&amp#27;[38;5;86m[HTTP]&amp#27;[0m &amp#27;[37m<-- GET /session/b989989e-1b56-4dac-8872-15cd2931bc23/context &amp#27;[39m&amp#27;[32m200&amp#27;[39m &amp#27;[90m1 ms - 22&amp#27;[39m &amp#27;[90m&amp#27;[39m
&amp#27;[38;5;87m[b989989e]&amp#27;[0m&amp#27;[38;5;86m[HTTP]&amp#27;[0m &amp#27;[37m-->&amp#27;[39m &amp#27;[37mPOST&amp#27;[39m &amp#27;[37m/session/b989989e-1b56-4dac-8872-15cd2931bc23/elements&amp#27;[39m &amp#27;[90m{"using":"xpath","value":"//android.widget.TextView[@text='ADD TO CART']"}&amp#27;[39m
&amp#27;[38;5;87m[b989989e]&amp#27;[0m&amp#27;[38;5;-16m[AndroidUiautomator2Driver@3f7c]&amp#27;[0m Calling AppiumDriver.findElements() with args: ["xpath","//android.widget.TextView[@text='ADD TO CART']","b989989e-1b56-4dac-8872-15cd2931bc23"]
&amp#27;[38;5;87m[b989989e]&amp#27;[0m&amp#27;[38;5;-16m[AndroidUiautomator2Driver@3f7c]&amp#27;[0m Valid locator strategies for this request: xpath, id, class name, accessibility id, css selector, -android uiautomator
&amp#27;[38;5;87m[b989989e]&amp#27;[0m&amp#27;[38;5;-16m[AndroidUiautomator2Driver@3f7c]&amp#27;[0m Waiting up to 0 ms for condition
&amp#27;[38;5;87m[b989989e]&amp#27;[0m&amp#27;[38;5;-16m[AndroidUiautomator2Driver@3f7c]&amp#27;[0m Matched '/elements' to command name 'findElements'
&amp#27;[38;5;87m[b989989e]&amp#27;[0m&amp#27;[38;5;-16m[AndroidUiautomator2Driver@3f7c]&amp#27;[0m Proxying [POST /elements] to [POST http://127.0.0.1:8201/session/181d2ce6-7e25-471e-b609-5f002cc45ebc/elements] with body: {"strategy":"xpath","selector":"//android.widget.TextView[@text='ADD TO CART']","context":"","multiple":true}
&amp#27;[38;5;87m[b989989e]&amp#27;[0m&amp#27;[38;5;-16m[AndroidUiautomator2Driver@3f7c]&amp#27;[0m Got response with status 200: {"sessionId":"181d2ce6-7e25-471e-b609-5f002cc45ebc","value":[{"ELEMENT":"00000000-0000-073d-ffff-ffff00000051","element-6066-11e4-a52e-4f735466cecf":"00000000-0000-073d-ffff-ffff00000051"},{"ELEMENT":"00000000-0000-073d-ffff-ffff00000059","element-6066-11e4-a52e-4f735466cecf":"00000000-0000-073d-ffff-ffff00000059"}]}
&amp#27;[38;5;87m[b989989e]&amp#27;[0m&amp#27;[38;5;-16m[AndroidUiautomator2Driver@3f7c]&amp#27;[0m Responding to client with driver.findElements() result: [{"element-6066-11e4-a52e-4f735466cecf":"00000000-0000-073d-ffff-ffff00000051","ELEMENT":"00000000-0000-073d-ffff-ffff00000051"},{"element-6066-11e4-a52e-4f735466cecf":"00000000-0000-073d-ffff-ffff00000059","ELEMENT":"00000000-0000-073d-ffff-ffff00000059"}]
&amp#27;[38;5;87m[b989989e]&amp#27;[0m&amp#27;[38;5;86m[HTTP]&amp#27;[0m &amp#27;[37m<-- POST /session/b989989e-1b56-4dac-8872-15cd2931bc23/elements &amp#27;[39m&amp#27;[32m200&amp#27;[39m &amp#27;[90m710 ms - 267&amp#27;[39m &amp#27;[90m&amp#27;[39m
&amp#27;[38;5;87m[b989989e]&amp#27;[0m&amp#27;[38;5;86m[HTTP]&amp#27;[0m &amp#27;[37m-->&amp#27;[39m &amp#27;[37mGET&amp#27;[39m &amp#27;[37m/session/b989989e-1b56-4dac-8872-15cd2931bc23/context&amp#27;[39m &amp#27;[90m{}&amp#27;[39m
&amp#27;[38;5;87m[b989989e]&amp#27;[0m&amp#27;[38;5;-16m[AndroidUiautomator2Driver@3f7c]&amp#27;[0m Calling AppiumDriver.getCurrentContext() with args: ["b989989e-1b56-4dac-8872-15cd2931bc23"]
&amp#27;[38;5;87m[b989989e]&amp#27;[0m&amp#27;[38;5;-16m[AndroidUiautomator2Driver@3f7c]&amp#27;[0m Responding to client with driver.getCurrentContext() result: "NATIVE_APP"
&amp#27;[38;5;87m[b989989e]&amp#27;[0m&amp#27;[38;5;86m[HTTP]&amp#27;[0m &amp#27;[37m<-- GET /session/b989989e-1b56-4dac-8872-15cd2931bc23/context &amp#27;[39m&amp#27;[32m200&amp#27;[39m &amp#27;[90m1 ms - 22&amp#27;[39m &amp#27;[90m&amp#27;[39m
&amp#27;[38;5;87m[b989989e]&amp#27;[0m&amp#27;[38;5;86m[HTTP]&amp#27;[0m &amp#27;[37m-->&amp#27;[39m &amp#27;[37mPOST&amp#27;[39m &amp#27;[37m/session/b989989e-1b56-4dac-8872-15cd2931bc23/elements&amp#27;[39m &amp#27;[90m{"using":"xpath","value":"//android.widget.TextView[@text='ADD TO CART']"}&amp#27;[39m
&amp#27;[38;5;87m[b989989e]&amp#27;[0m&amp#27;[38;5;-16m[AndroidUiautomator2Driver@3f7c]&amp#27;[0m Calling AppiumDriver.findElements() with args: ["xpath","//android.widget.TextView[@text='ADD TO CART']","b989989e-1b56-4dac-8872-15cd2931bc23"]
&amp#27;[38;5;87m[b989989e]&amp#27;[0m&amp#27;[38;5;-16m[AndroidUiautomator2Driver@3f7c]&amp#27;[0m Valid locator strategies for this request: xpath, id, class name, accessibility id, css selector, -android uiautomator
&amp#27;[38;5;87m[b989989e]&amp#27;[0m&amp#27;[38;5;-16m[AndroidUiautomator2Driver@3f7c]&amp#27;[0m Waiting up to 0 ms for condition
&amp#27;[38;5;87m[b989989e]&amp#27;[0m&amp#27;[38;5;-16m[AndroidUiautomator2Driver@3f7c]&amp#27;[0m Matched '/elements' to command name 'findElements'
&amp#27;[38;5;87m[b989989e]&amp#27;[0m&amp#27;[38;5;-16m[AndroidUiautomator2Driver@3f7c]&amp#27;[0m Proxying [POST /elements] to [POST http://127.0.0.1:8201/session/181d2ce6-7e25-471e-b609-5f002cc45ebc/elements] with body: {"strategy":"xpath","selector":"//android.widget.TextView[@text='ADD TO CART']","context":"","multiple":true}
&amp#27;[38;5;87m[b989989e]&amp#27;[0m&amp#27;[38;5;-16m[AndroidUiautomator2Driver@3f7c]&amp#27;[0m Got response with status 200: {"sessionId":"181d2ce6-7e25-471e-b609-5f002cc45ebc","value":[{"ELEMENT":"00000000-0000-073d-ffff-ffff00000051","element-6066-11e4-a52e-4f735466cecf":"00000000-0000-073d-ffff-ffff00000051"},{"ELEMENT":"00000000-0000-073d-ffff-ffff00000059","element-6066-11e4-a52e-4f735466cecf":"00000000-0000-073d-ffff-ffff00000059"}]}
&amp#27;[38;5;87m[b989989e]&amp#27;[0m&amp#27;[38;5;-16m[AndroidUiautomator2Driver@3f7c]&amp#27;[0m Responding to client with driver.findElements() result: [{"element-6066-11e4-a52e-4f735466cecf":"00000000-0000-073d-ffff-ffff00000051","ELEMENT":"00000000-0000-073d-ffff-ffff00000051"},{"element-6066-11e4-a52e-4f735466cecf":"00000000-0000-073d-ffff-ffff00000059","ELEMENT":"00000000-0000-073d-ffff-ffff00000059"}]
&amp#27;[38;5;87m[b989989e]&amp#27;[0m&amp#27;[38;5;86m[HTTP]&amp#27;[0m &amp#27;[37m<-- POST /session/b989989e-1b56-4dac-8872-15cd2931bc23/elements &amp#27;[39m&amp#27;[32m200&amp#27;[39m &amp#27;[90m81 ms - 267&amp#27;[39m &amp#27;[90m&amp#27;[39m
&amp#27;[38;5;87m[b989989e]&amp#27;[0m&amp#27;[38;5;86m[HTTP]&amp#27;[0m &amp#27;[37m-->&amp#27;[39m &amp#27;[37mGET&amp#27;[39m &amp#27;[37m/session/b989989e-1b56-4dac-8872-15cd2931bc23/element/00000000-0000-073d-ffff-ffff00000051/displayed&amp#27;[39m &amp#27;[90m{}&amp#27;[39m
&amp#27;[38;5;87m[b989989e]&amp#27;[0m&amp#27;[38;5;-16m[AndroidUiautomator2Driver@3f7c]&amp#27;[0m Calling AppiumDriver.elementDisplayed() with args: ["00000000-0000-073d-ffff-ffff00000051","b989989e-1b56-4dac-8872-15cd2931bc23"]
&amp#27;[38;5;87m[b989989e]&amp#27;[0m&amp#27;[38;5;-16m[AndroidUiautomator2Driver@3f7c]&amp#27;[0m Matched '/element/00000000-0000-073d-ffff-ffff00000051/attribute/displayed' to command name 'getAttribute'
&amp#27;[38;5;87m[b989989e]&amp#27;[0m&amp#27;[38;5;-16m[AndroidUiautomator2Driver@3f7c]&amp#27;[0m Proxying [GET /element/00000000-0000-073d-ffff-ffff00000051/attribute/displayed] to [GET http://127.0.0.1:8201/session/181d2ce6-7e25-471e-b609-5f002cc45ebc/element/00000000-0000-073d-ffff-ffff00000051/attribute/displayed] with no body
&amp#27;[38;5;87m[b989989e]&amp#27;[0m&amp#27;[38;5;-16m[AndroidUiautomator2Driver@3f7c]&amp#27;[0m Got response with status 200: {"sessionId":"181d2ce6-7e25-471e-b609-5f002cc45ebc","value":"true"}
&amp#27;[38;5;87m[b989989e]&amp#27;[0m&amp#27;[38;5;-16m[AndroidUiautomator2Driver@3f7c]&amp#27;[0m Responding to client with driver.elementDisplayed() result: true
&amp#27;[38;5;87m[b989989e]&amp#27;[0m&amp#27;[38;5;86m[HTTP]&amp#27;[0m &amp#27;[37m<-- GET /session/b989989e-1b56-4dac-8872-15cd2931bc23/element/00000000-0000-073d-ffff-ffff00000051/displayed &amp#27;[39m&amp#27;[32m200&amp#27;[39m &amp#27;[90m16 ms - 14&amp#27;[39m &amp#27;[90m&amp#27;[39m
&amp#27;[38;5;87m[b989989e]&amp#27;[0m&amp#27;[38;5;86m[HTTP]&amp#27;[0m &amp#27;[37m-->&amp#27;[39m &amp#27;[37mPOST&amp#27;[39m &amp#27;[37m/session/b989989e-1b56-4dac-8872-15cd2931bc23/element/00000000-0000-073d-ffff-ffff00000051/click&amp#27;[39m &amp#27;[90m{"id":"00000000-0000-073d-ffff-ffff00000051"}&amp#27;[39m
&amp#27;[38;5;87m[b989989e]&amp#27;[0m&amp#27;[38;5;-16m[AndroidUiautomator2Driver@3f7c]&amp#27;[0m Calling AppiumDriver.click() with args: ["00000000-0000-073d-ffff-ffff00000051","b989989e-1b56-4dac-8872-15cd2931bc23"]
&amp#27;[38;5;87m[b989989e]&amp#27;[0m&amp#27;[38;5;-16m[AndroidUiautomator2Driver@3f7c]&amp#27;[0m Matched '/element/00000000-0000-073d-ffff-ffff00000051/click' to command name 'click'
&amp#27;[38;5;87m[b989989e]&amp#27;[0m&amp#27;[38;5;-16m[AndroidUiautomator2Driver@3f7c]&amp#27;[0m Proxying [POST /element/00000000-0000-073d-ffff-ffff00000051/click] to [POST http://127.0.0.1:8201/session/181d2ce6-7e25-471e-b609-5f002cc45ebc/element/00000000-0000-073d-ffff-ffff00000051/click] with body: {"element":"00000000-0000-073d-ffff-ffff00000051"}
&amp#27;[38;5;87m[b989989e]&amp#27;[0m&amp#27;[38;5;-16m[AndroidUiautomator2Driver@3f7c]&amp#27;[0m Got response with status 200: {"sessionId":"181d2ce6-7e25-471e-b609-5f002cc45ebc","value":null}
&amp#27;[38;5;87m[b989989e]&amp#27;[0m&amp#27;[38;5;-16m[AndroidUiautomator2Driver@3f7c]&amp#27;[0m Responding to client with driver.click() result: null
&amp#27;[38;5;87m[b989989e]&amp#27;[0m&amp#27;[38;5;86m[HTTP]&amp#27;[0m &amp#27;[37m<-- POST /session/b989989e-1b56-4dac-8872-15cd2931bc23/element/00000000-0000-073d-ffff-ffff00000051/click &amp#27;[39m&amp#27;[32m200&amp#27;[39m &amp#27;[90m551 ms - 14&amp#27;[39m &amp#27;[90m&amp#27;[39m
&amp#27;[38;5;87m[b989989e]&amp#27;[0m&amp#27;[38;5;86m[HTTP]&amp#27;[0m &amp#27;[37m-->&amp#27;[39m &amp#27;[37mGET&amp#27;[39m &amp#27;[37m/session/b989989e-1b56-4dac-8872-15cd2931bc23/context&amp#27;[39m &amp#27;[90m{}&amp#27;[39m
&amp#27;[38;5;87m[b989989e]&amp#27;[0m&amp#27;[38;5;-16m[AndroidUiautomator2Driver@3f7c]&amp#27;[0m Calling AppiumDriver.getCurrentContext() with args: ["b989989e-1b56-4dac-8872-15cd2931bc23"]
&amp#27;[38;5;87m[b989989e]&amp#27;[0m&amp#27;[38;5;-16m[AndroidUiautomator2Driver@3f7c]&amp#27;[0m Responding to client with driver.getCurrentContext() result: "NATIVE_APP"
&amp#27;[38;5;87m[b989989e]&amp#27;[0m&amp#27;[38;5;86m[HTTP]&amp#27;[0m &amp#27;[37m<-- GET /session/b989989e-1b56-4dac-8872-15cd2931bc23/context &amp#27;[39m&amp#27;[32m200&amp#27;[39m &amp#27;[90m1 ms - 22&amp#27;[39m &amp#27;[90m&amp#27;[39m
&amp#27;[38;5;87m[b989989e]&amp#27;[0m&amp#27;[38;5;86m[HTTP]&amp#27;[0m &amp#27;[37m-->&amp#27;[39m &amp#27;[37mPOST&amp#27;[39m &amp#27;[37m/session/b989989e-1b56-4dac-8872-15cd2931bc23/element&amp#27;[39m &amp#27;[90m{"using":"id","value":"com.androidsample.generalstore:id/counterText"}&amp#27;[39m
&amp#27;[38;5;87m[b989989e]&amp#27;[0m&amp#27;[38;5;-16m[AndroidUiautomator2Driver@3f7c]&amp#27;[0m Calling AppiumDriver.findElement() with args: ["id","com.androidsample.generalstore:id/counterText","b989989e-1b56-4dac-8872-15cd2931bc23"]
&amp#27;[38;5;87m[b989989e]&amp#27;[0m&amp#27;[38;5;-16m[AndroidUiautomator2Driver@3f7c]&amp#27;[0m Valid locator strategies for this request: xpath, id, class name, accessibility id, css selector, -android uiautomator
&amp#27;[38;5;87m[b989989e]&amp#27;[0m&amp#27;[38;5;-16m[AndroidUiautomator2Driver@3f7c]&amp#27;[0m Waiting up to 0 ms for condition
&amp#27;[38;5;87m[b989989e]&amp#27;[0m&amp#27;[38;5;-16m[AndroidUiautomator2Driver@3f7c]&amp#27;[0m Matched '/element' to command name 'findElement'
&amp#27;[38;5;87m[b989989e]&amp#27;[0m&amp#27;[38;5;-16m[AndroidUiautomator2Driver@3f7c]&amp#27;[0m Proxying [POST /element] to [POST http://127.0.0.1:8201/session/181d2ce6-7e25-471e-b609-5f002cc45ebc/element] with body: {"strategy":"id","selector":"com.androidsample.generalstore:id/counterText","context":"","multiple":false}
&amp#27;[38;5;87m[b989989e]&amp#27;[0m&amp#27;[38;5;-16m[AndroidUiautomator2Driver@3f7c]&amp#27;[0m Got response with status 200: {"sessionId":"181d2ce6-7e25-471e-b609-5f002cc45ebc","value":{"ELEMENT":"00000000-0000-073d-ffff-ffff00000043","element-6066-11e4-a52e-4f735466cecf":"00000000-0000-073d-ffff-ffff00000043"}}
&amp#27;[38;5;87m[b989989e]&amp#27;[0m&amp#27;[38;5;-16m[AndroidUiautomator2Driver@3f7c]&amp#27;[0m Responding to client with driver.findElement() result: {"element-6066-11e4-a52e-4f735466cecf":"00000000-0000-073d-ffff-ffff00000043","ELEMENT":"00000000-0000-073d-ffff-ffff00000043"}
&amp#27;[38;5;87m[b989989e]&amp#27;[0m&amp#27;[38;5;86m[HTTP]&amp#27;[0m &amp#27;[37m<-- POST /session/b989989e-1b56-4dac-8872-15cd2931bc23/element &amp#27;[39m&amp#27;[32m200&amp#27;[39m &amp#27;[90m25 ms - 137&amp#27;[39m &amp#27;[90m&amp#27;[39m
&amp#27;[38;5;87m[b989989e]&amp#27;[0m&amp#27;[38;5;86m[HTTP]&amp#27;[0m &amp#27;[37m-->&amp#27;[39m &amp#27;[37mGET&amp#27;[39m &amp#27;[37m/session/b989989e-1b56-4dac-8872-15cd2931bc23/element/00000000-0000-073d-ffff-ffff00000043/displayed&amp#27;[39m &amp#27;[90m{}&amp#27;[39m
&amp#27;[38;5;87m[b989989e]&amp#27;[0m&amp#27;[38;5;-16m[AndroidUiautomator2Driver@3f7c]&amp#27;[0m Calling AppiumDriver.elementDisplayed() with args: ["00000000-0000-073d-ffff-ffff00000043","b989989e-1b56-4dac-8872-15cd2931bc23"]
&amp#27;[38;5;87m[b989989e]&amp#27;[0m&amp#27;[38;5;-16m[AndroidUiautomator2Driver@3f7c]&amp#27;[0m Matched '/element/00000000-0000-073d-ffff-ffff00000043/attribute/displayed' to command name 'getAttribute'
&amp#27;[38;5;87m[b989989e]&amp#27;[0m&amp#27;[38;5;-16m[AndroidUiautomator2Driver@3f7c]&amp#27;[0m Proxying [GET /element/00000000-0000-073d-ffff-ffff00000043/attribute/displayed] to [GET http://127.0.0.1:8201/session/181d2ce6-7e25-471e-b609-5f002cc45ebc/element/00000000-0000-073d-ffff-ffff00000043/attribute/displayed] with no body
&amp#27;[38;5;87m[b989989e]&amp#27;[0m&amp#27;[38;5;-16m[AndroidUiautomator2Driver@3f7c]&amp#27;[0m Got response with status 200: {"sessionId":"181d2ce6-7e25-471e-b609-5f002cc45ebc","value":"true"}
&amp#27;[38;5;87m[b989989e]&amp#27;[0m&amp#27;[38;5;-16m[AndroidUiautomator2Driver@3f7c]&amp#27;[0m Responding to client with driver.elementDisplayed() result: true
&amp#27;[38;5;87m[b989989e]&amp#27;[0m&amp#27;[38;5;86m[HTTP]&amp#27;[0m &amp#27;[37m<-- GET /session/b989989e-1b56-4dac-8872-15cd2931bc23/element/00000000-0000-073d-ffff-ffff00000043/displayed &amp#27;[39m&amp#27;[32m200&amp#27;[39m &amp#27;[90m15 ms - 14&amp#27;[39m &amp#27;[90m&amp#27;[39m
Test Passed: counterTextValidation
]]></system-out>
  </testcase>
  <testcase name="goToCartWithoutAddingProducts[{name=Raj, country=Austria, product=Converse All Star, genderFemale=Female, genderMale=Male}](1)" classname="testCases.ProductPageTest" time="17.801">
    <system-out><![CDATA[&amp#27;[38;5;87m[b989989e]&amp#27;[0m&amp#27;[38;5;86m[HTTP]&amp#27;[0m &amp#27;[37m-->&amp#27;[39m &amp#27;[37mDELETE&amp#27;[39m &amp#27;[37m/session/b989989e-1b56-4dac-8872-15cd2931bc23&amp#27;[39m &amp#27;[90m{}&amp#27;[39m
&amp#27;[38;5;87m[b989989e]&amp#27;[0m&amp#27;[38;5;-16m[AndroidUiautomator2Driver@3f7c]&amp#27;[0m Calling AppiumDriver.deleteSession() with args: ["b989989e-1b56-4dac-8872-15cd2931bc23"]
&amp#27;[38;5;87m[b989989e]&amp#27;[0m&amp#27;[38;5;36m[AppiumDriver@88c7]&amp#27;[0m Event 'quitSessionRequested' logged at 1744635070230 (18:21:10 GMT+0530 (India Standard Time))
&amp#27;[38;5;87m[b989989e]&amp#27;[0m&amp#27;[38;5;36m[AppiumDriver@88c7]&amp#27;[0m Removing session b989989e-1b56-4dac-8872-15cd2931bc23 from our master session list
&amp#27;[38;5;87m[b989989e]&amp#27;[0m&amp#27;[38;5;-16m[AndroidUiautomator2Driver@3f7c]&amp#27;[0m Deleting UiAutomator2 session
&amp#27;[38;5;87m[b989989e]&amp#27;[0m&amp#27;[38;5;-16m[AndroidUiautomator2Driver@3f7c]&amp#27;[0m Deleting UiAutomator2 server session
&amp#27;[38;5;87m[b989989e]&amp#27;[0m&amp#27;[38;5;-16m[AndroidUiautomator2Driver@3f7c]&amp#27;[0m Matched '/' to command name 'deleteSession'
&amp#27;[38;5;87m[b989989e]&amp#27;[0m&amp#27;[38;5;-16m[AndroidUiautomator2Driver@3f7c]&amp#27;[0m Proxying [DELETE /] to [DELETE http://127.0.0.1:8201/session/181d2ce6-7e25-471e-b609-5f002cc45ebc] with no body
&amp#27;[38;5;87m[b989989e]&amp#27;[0m&amp#27;[38;5;-16m[AndroidUiautomator2Driver@3f7c]&amp#27;[0m Got response with status 200: {"sessionId":"181d2ce6-7e25-471e-b609-5f002cc45ebc","value":null}
&amp#27;[38;5;87m[b989989e]&amp#27;[0m&amp#27;[38;5;-16m[AndroidUiautomator2Driver@3f7c]&amp#27;[0m [Instrumentation] io.appium.uiautomator2.server.test.AppiumUiAutomator2Server:
&amp#27;[38;5;87m[b989989e]&amp#27;[0m&amp#27;[38;5;-16m[AndroidUiautomator2Driver@3f7c]&amp#27;[0m [Instrumentation] The process has exited with code null, signal SIGTERM
&amp#27;[38;5;87m[b989989e]&amp#27;[0m&amp#27;[38;5;229m[ADB]&amp#27;[0m Running 'C:\Users\User1\AppData\Local\Android\Sdk\platform-tools\adb.exe -P 5037 -s emulator-5554 shell dumpsys activity services io.appium.settings/.recorder.RecorderService'
&amp#27;[38;5;87m[b989989e]&amp#27;[0m&amp#27;[38;5;229m[ADB]&amp#27;[0m Running 'C:\Users\User1\AppData\Local\Android\Sdk\platform-tools\adb.exe -P 5037 -s emulator-5554 shell am force-stop com.androidsample.generalstore'
&amp#27;[38;5;87m[b989989e]&amp#27;[0m&amp#27;[38;5;229m[ADB]&amp#27;[0m Removing forwarded port socket connection: 8201 
&amp#27;[38;5;87m[b989989e]&amp#27;[0m&amp#27;[38;5;229m[ADB]&amp#27;[0m Running 'C:\Users\User1\AppData\Local\Android\Sdk\platform-tools\adb.exe -P 5037 -s emulator-5554 forward --remove tcp:8201'
&amp#27;[38;5;87m[b989989e]&amp#27;[0m&amp#27;[38;5;-16m[AndroidUiautomator2Driver@3f7c]&amp#27;[0m Restoring hidden api policy to the device default configuration
&amp#27;[38;5;87m[b989989e]&amp#27;[0m&amp#27;[38;5;229m[ADB]&amp#27;[0m Running 'C:\Users\User1\AppData\Local\Android\Sdk\platform-tools\adb.exe -P 5037 -s emulator-5554 shell 'settings delete global hidden_api_policy_pre_p_apps;settings delete global hidden_api_policy_p_apps;settings delete global hidden_api_policy''
&amp#27;[38;5;87m[b989989e]&amp#27;[0m&amp#27;[38;5;160m[Logcat]&amp#27;[0m Stopping logcat capture
&amp#27;[38;5;87m[b989989e]&amp#27;[0m&amp#27;[38;5;36m[AppiumDriver@88c7]&amp#27;[0m Event 'quitSessionFinished' logged at 1744635070732 (18:21:10 GMT+0530 (India Standard Time))
&amp#27;[38;5;87m[b989989e]&amp#27;[0m&amp#27;[38;5;36m[AppiumDriver@88c7]&amp#27;[0m Received response: null
&amp#27;[38;5;87m[b989989e]&amp#27;[0m&amp#27;[38;5;36m[AppiumDriver@88c7]&amp#27;[0m But deleting session, so not returning
&amp#27;[38;5;87m[b989989e]&amp#27;[0m&amp#27;[38;5;36m[AppiumDriver@88c7]&amp#27;[0m Responding to client with driver.deleteSession() result: null
&amp#27;[38;5;87m[b989989e]&amp#27;[0m&amp#27;[38;5;86m[HTTP]&amp#27;[0m &amp#27;[37m<-- DELETE /session/b989989e-1b56-4dac-8872-15cd2931bc23 &amp#27;[39m&amp#27;[32m200&amp#27;[39m &amp#27;[90m503 ms - 14&amp#27;[39m &amp#27;[90m&amp#27;[39m
&amp#27;[38;5;112m[Appium]&amp#27;[0m Welcome to Appium v2.11.5
&amp#27;[38;5;112m[Appium]&amp#27;[0m The autodetected Appium home path: C:\Users\User1\.appium
&amp#27;[38;5;112m[Appium]&amp#27;[0m Attempting to load driver uiautomator2...
&amp#27;[38;5;112m[Appium]&amp#27;[0m Attempting to load driver xcuitest...
&amp#27;[38;5;112m[Appium]&amp#27;[0m Attempting to load driver espresso...
&amp#27;[38;5;112m[Appium]&amp#27;[0m Requiring driver at C:\Users\User1\.appium\node_modules\appium-uiautomator2-driver\build\index.js
&amp#27;[38;5;112m[Appium]&amp#27;[0m Requiring driver at C:\Users\User1\.appium\node_modules\appium-xcuitest-driver\build\index.js
&amp#27;[38;5;112m[Appium]&amp#27;[0m Requiring driver at C:\Users\User1\.appium\node_modules\appium-espresso-driver\build\index.js
&amp#27;[38;5;112m[Appium]&amp#27;[0m AndroidUiautomator2Driver has been successfully loaded in 2.501s
&amp#27;[38;5;112m[Appium]&amp#27;[0m XCUITestDriver has been successfully loaded in 2.502s
&amp#27;[38;5;112m[Appium]&amp#27;[0m EspressoDriver has been successfully loaded in 2.502s
&amp#27;[38;5;112m[Appium]&amp#27;[0m Attempting to load driver gecko...
&amp#27;[38;5;112m[Appium]&amp#27;[0m Requiring driver at C:\Users\User1\.appium\node_modules\appium-geckodriver\build\index.js
&amp#27;[38;5;112m[Appium]&amp#27;[0m GeckoDriver has been successfully loaded in 0.095s
&amp#27;[38;5;112m[Appium]&amp#27;[0m Appium REST http interface listener started on http://0.0.0.0:4723
&amp#27;[38;5;112m[Appium]&amp#27;[0m You can provide the following URLs in your client code to connect to this server:
	http://192.168.0.114:4723/
	http://127.0.0.1:4723/ (only accessible from the same host)
&amp#27;[38;5;112m[Appium]&amp#27;[0m Available drivers:
&amp#27;[38;5;112m[Appium]&amp#27;[0m   - uiautomator2@3.8.0 (automationName 'UiAutomator2')
&amp#27;[38;5;112m[Appium]&amp#27;[0m   - xcuitest@7.27.1 (automationName 'XCUITest')
&amp#27;[38;5;112m[Appium]&amp#27;[0m   - espresso@3.5.0 (automationName 'Espresso')
&amp#27;[38;5;112m[Appium]&amp#27;[0m   - gecko@1.4.0 (automationName 'Gecko')
&amp#27;[38;5;112m[Appium]&amp#27;[0m No plugins have been installed. Use the "appium plugin" command to install the one(s) you want to use.
&amp#27;[38;5;86m[HTTP]&amp#27;[0m &amp#27;[37m-->&amp#27;[39m &amp#27;[37mGET&amp#27;[39m &amp#27;[37m/status&amp#27;[39m &amp#27;[90m{}&amp#27;[39m
&amp#27;[38;5;86m[AppiumDriver@bce2]&amp#27;[0m Calling AppiumDriver.getStatus() with args: []
&amp#27;[38;5;86m[AppiumDriver@bce2]&amp#27;[0m Responding to client with driver.getStatus() result: {"ready":true,"message":"The server is ready to accept new connections","build":{"version":"2.11.5"}}
&amp#27;[38;5;86m[HTTP]&amp#27;[0m &amp#27;[37m<-- GET /status &amp#27;[39m&amp#27;[32m200&amp#27;[39m &amp#27;[90m5 ms - 111&amp#27;[39m &amp#27;[90m&amp#27;[39m
&amp#27;[38;5;86m[HTTP]&amp#27;[0m Request idempotency key: 1ec46952-bfe0-460d-afb5-1fdce898204c
&amp#27;[38;5;86m[HTTP]&amp#27;[0m &amp#27;[37m-->&amp#27;[39m &amp#27;[37mPOST&amp#27;[39m &amp#27;[37m/session&amp#27;[39m &amp#27;[90m{"capabilities":{"firstMatch":[{"appium:chromedriverExecutable":"C://Users//User1//Downloads//chromedriver-win64//chromedriver-win64//chromedriver.exe","appium:deviceName":"Rajemulator","platformName":"ANDROID","appium:automationName":"UIAutomator2","appium:app":"C:\\Users\\User1\\eclipse-workspace\\eCommerceFramework//src//main//resources//General-Store.apk"}]}}&amp#27;[39m
&amp#27;[38;5;86m[AppiumDriver@bce2]&amp#27;[0m Calling AppiumDriver.createSession() with args: [null,null,{"firstMatch":[{"appium:chromedriverExecutable":"C://Users//User1//Downloads//chromedriver-win64//chromedriver-win64//chromedriver.exe","appium:deviceName":"Rajemulator","platformName":"ANDROID","appium:automationName":"UIAutomator2","appium:app":"C:\\Users\\User1\\eclipse-workspace\\eCommerceFramework//src//main//resources//General-Store.apk"}]}]
&amp#27;[38;5;86m[AppiumDriver@bce2]&amp#27;[0m Event 'newSessionRequested' logged at 1744635075498 (18:21:15 GMT+0530 (India Standard Time))
&amp#27;[38;5;112m[Appium]&amp#27;[0m Attempting to find matching driver for automationName 'UIAutomator2' and platformName 'ANDROID'
&amp#27;[38;5;112m[Appium]&amp#27;[0m The 'uiautomator2' driver was installed and matched caps.
&amp#27;[38;5;112m[Appium]&amp#27;[0m Will require it at C:\Users\User1\.appium\node_modules\appium-uiautomator2-driver
&amp#27;[38;5;112m[Appium]&amp#27;[0m Requiring driver at C:\Users\User1\.appium\node_modules\appium-uiautomator2-driver\build\index.js
&amp#27;[38;5;86m[AppiumDriver@bce2]&amp#27;[0m Appium v2.11.5 creating new AndroidUiautomator2Driver (v3.8.0) session
&amp#27;[38;5;86m[AppiumDriver@bce2]&amp#27;[0m Checking BaseDriver versions for Appium and AndroidUiautomator2Driver
&amp#27;[38;5;86m[AppiumDriver@bce2]&amp#27;[0m Appium's BaseDriver version is 9.11.5
&amp#27;[38;5;86m[AppiumDriver@bce2]&amp#27;[0m AndroidUiautomator2Driver's BaseDriver version is 9.11.5
&amp#27;[38;5;-89m[AndroidUiautomator2Driver@193e]&amp#27;[0m 
&amp#27;[38;5;-89m[AndroidUiautomator2Driver@193e]&amp#27;[0m Creating session with W3C capabilities: {
  "alwaysMatch": {
    "platformName": "ANDROID",
    "appium:chromedriverExecutable": "C://Users//User1//Downloads//chromedriver-win64//chromedriver-win64//chromedriver.exe",
    "appium:deviceName": "Rajemulator",
    "appium:automationName": "UIAutomator2",
    "appium:app": "C:\\Users\\User1\\eclipse-workspace\\eCommerceFramework//src//main//resources//General-Store.apk"
  },
  "firstMatch": [
    {}
  ]
}
&amp#27;[38;5;139m[7081fb6c]&amp#27;[0m&amp#27;[38;5;-89m[AndroidUiautomator2Driver@193e]&amp#27;[0m Session created with session id: 7081fb6c-5301-4218-947b-ae986bd08189
&amp#27;[38;5;139m[7081fb6c]&amp#27;[0m&amp#27;[38;5;229m[ADB]&amp#27;[0m Found 3 'build-tools' folders under 'C:\Users\User1\AppData\Local\Android\Sdk' (newest first):
&amp#27;[38;5;139m[7081fb6c]&amp#27;[0m&amp#27;[38;5;229m[ADB]&amp#27;[0m     C:\Users\User1\AppData\Local\Android\Sdk\build-tools\36.0.0-rc1
&amp#27;[38;5;139m[7081fb6c]&amp#27;[0m&amp#27;[38;5;229m[ADB]&amp#27;[0m     C:\Users\User1\AppData\Local\Android\Sdk\build-tools\35.0.0
&amp#27;[38;5;139m[7081fb6c]&amp#27;[0m&amp#27;[38;5;229m[ADB]&amp#27;[0m     C:\Users\User1\AppData\Local\Android\Sdk\build-tools\34.0.0
&amp#27;[38;5;139m[7081fb6c]&amp#27;[0m&amp#27;[38;5;229m[ADB]&amp#27;[0m Using 'adb.exe' from 'C:\Users\User1\AppData\Local\Android\Sdk\platform-tools\adb.exe'
&amp#27;[38;5;139m[7081fb6c]&amp#27;[0m&amp#27;[38;5;229m[ADB]&amp#27;[0m Running 'C:\Users\User1\AppData\Local\Android\Sdk\platform-tools\adb.exe -P 5037 start-server'
&amp#27;[38;5;139m[7081fb6c]&amp#27;[0m&amp#27;[38;5;-89m[AndroidUiautomator2Driver@193e]&amp#27;[0m Retrieving device list
&amp#27;[38;5;139m[7081fb6c]&amp#27;[0m&amp#27;[38;5;229m[ADB]&amp#27;[0m Trying to find connected Android devices
&amp#27;[38;5;139m[7081fb6c]&amp#27;[0m&amp#27;[38;5;229m[ADB]&amp#27;[0m Getting connected devices
&amp#27;[38;5;139m[7081fb6c]&amp#27;[0m&amp#27;[38;5;229m[ADB]&amp#27;[0m Connected devices: [{"udid":"emulator-5554","state":"device"}]
&amp#27;[38;5;139m[7081fb6c]&amp#27;[0m&amp#27;[38;5;-89m[AndroidUiautomator2Driver@193e]&amp#27;[0m Using device: emulator-5554
&amp#27;[38;5;139m[7081fb6c]&amp#27;[0m&amp#27;[38;5;229m[ADB]&amp#27;[0m Using 'adb.exe' from 'C:\Users\User1\AppData\Local\Android\Sdk\platform-tools\adb.exe'
&amp#27;[38;5;139m[7081fb6c]&amp#27;[0m&amp#27;[38;5;229m[ADB]&amp#27;[0m Running 'C:\Users\User1\AppData\Local\Android\Sdk\platform-tools\adb.exe -P 5037 start-server'
&amp#27;[38;5;139m[7081fb6c]&amp#27;[0m&amp#27;[38;5;229m[ADB]&amp#27;[0m Setting device id to emulator-5554
&amp#27;[38;5;139m[7081fb6c]&amp#27;[0m&amp#27;[38;5;123m[BaseDriver]&amp#27;[0m Using local app 'C:\Users\User1\eclipse-workspace\eCommerceFramework//src//main//resources//General-Store.apk'
&amp#27;[38;5;139m[7081fb6c]&amp#27;[0m&amp#27;[38;5;-89m[AndroidUiautomator2Driver@193e]&amp#27;[0m Checking whether app is actually present
&amp#27;[38;5;139m[7081fb6c]&amp#27;[0m&amp#27;[38;5;229m[ADB]&amp#27;[0m Running 'C:\Users\User1\AppData\Local\Android\Sdk\platform-tools\adb.exe -P 5037 -s emulator-5554 shell getprop ro.build.version.sdk'
&amp#27;[38;5;139m[7081fb6c]&amp#27;[0m&amp#27;[38;5;229m[ADB]&amp#27;[0m Current device property 'ro.build.version.sdk': 35
&amp#27;[38;5;139m[7081fb6c]&amp#27;[0m&amp#27;[38;5;229m[ADB]&amp#27;[0m Getting device platform version
&amp#27;[38;5;139m[7081fb6c]&amp#27;[0m&amp#27;[38;5;229m[ADB]&amp#27;[0m Running 'C:\Users\User1\AppData\Local\Android\Sdk\platform-tools\adb.exe -P 5037 -s emulator-5554 shell getprop ro.build.version.release'
&amp#27;[38;5;139m[7081fb6c]&amp#27;[0m&amp#27;[38;5;229m[ADB]&amp#27;[0m Current device property 'ro.build.version.release': 15
&amp#27;[38;5;139m[7081fb6c]&amp#27;[0m&amp#27;[38;5;229m[ADB]&amp#27;[0m Device API level: 35
&amp#27;[38;5;139m[7081fb6c]&amp#27;[0m&amp#27;[38;5;-89m[AndroidUiautomator2Driver@193e]&amp#27;[0m Relaxing hidden api policy
&amp#27;[38;5;139m[7081fb6c]&amp#27;[0m&amp#27;[38;5;229m[ADB]&amp#27;[0m Running 'C:\Users\User1\AppData\Local\Android\Sdk\platform-tools\adb.exe -P 5037 -s emulator-5554 shell 'settings put global hidden_api_policy_pre_p_apps 1;settings put global hidden_api_policy_p_apps 1;settings put global hidden_api_policy 1''
&amp#27;[38;5;139m[7081fb6c]&amp#27;[0m&amp#27;[38;5;-89m[AndroidUiautomator2Driver@193e]&amp#27;[0m Parsing package and activity from app manifest
&amp#27;[38;5;139m[7081fb6c]&amp#27;[0m&amp#27;[38;5;229m[ADB]&amp#27;[0m Running 'C:\Users\User1\AppData\Local\Android\Sdk\platform-tools\adb.exe -P 5037 -s emulator-5554 wait-for-device'
&amp#27;[38;5;139m[7081fb6c]&amp#27;[0m&amp#27;[38;5;229m[ADB]&amp#27;[0m Using 'aapt2.exe' from 'C:\Users\User1\AppData\Local\Android\Sdk\build-tools\36.0.0-rc1\aapt2.exe'
&amp#27;[38;5;139m[7081fb6c]&amp#27;[0m&amp#27;[38;5;229m[ADB]&amp#27;[0m Reading package manifest: 'C:\\Users\\User1\\AppData\\Local\\Android\\Sdk\\build-tools\\36.0.0-rc1\\aapt2.exe dump badging C:\\Users\\User1\\eclipse-workspace\\eCommerceFramework//src//main//resources//General-Store.apk'
&amp#27;[38;5;139m[7081fb6c]&amp#27;[0m&amp#27;[38;5;229m[ADB]&amp#27;[0m Running 'C:\Users\User1\AppData\Local\Android\Sdk\platform-tools\adb.exe -P 5037 -s emulator-5554 shell echo ping'
&amp#27;[38;5;139m[7081fb6c]&amp#27;[0m&amp#27;[38;5;229m[ADB]&amp#27;[0m Package name: 'com.androidsample.generalstore'
&amp#27;[38;5;139m[7081fb6c]&amp#27;[0m&amp#27;[38;5;229m[ADB]&amp#27;[0m Main activity name: 'com.androidsample.generalstore.SplashActivity'
&amp#27;[38;5;139m[7081fb6c]&amp#27;[0m&amp#27;[38;5;-89m[AndroidUiautomator2Driver@193e]&amp#27;[0m Parsed package and activity are: com.androidsample.generalstore/com.androidsample.generalstore.SplashActivity
&amp#27;[38;5;139m[7081fb6c]&amp#27;[0m&amp#27;[38;5;-89m[AndroidUiautomator2Driver@193e]&amp#27;[0m Pushing settings apk to the device...
&amp#27;[38;5;139m[7081fb6c]&amp#27;[0m&amp#27;[38;5;229m[ADB]&amp#27;[0m Getting package info for 'io.appium.settings'
&amp#27;[38;5;139m[7081fb6c]&amp#27;[0m&amp#27;[38;5;229m[ADB]&amp#27;[0m Running 'C:\Users\User1\AppData\Local\Android\Sdk\platform-tools\adb.exe -P 5037 -s emulator-5554 shell dumpsys package io.appium.settings'
&amp#27;[38;5;139m[7081fb6c]&amp#27;[0m&amp#27;[38;5;229m[ADB]&amp#27;[0m Reading package manifest: 'C:\\Users\\User1\\AppData\\Local\\Android\\Sdk\\build-tools\\36.0.0-rc1\\aapt2.exe dump badging C:\\Users\\User1\\.appium\\node_modules\\appium-uiautomator2-driver\\node_modules\\io.appium.settings\\apks\\settings_apk-debug.apk'
&amp#27;[38;5;139m[7081fb6c]&amp#27;[0m&amp#27;[38;5;229m[ADB]&amp#27;[0m The version name of the installed 'io.appium.settings' is greater or equal to the application version name ('5.12.13' >= '5.12.13')
&amp#27;[38;5;139m[7081fb6c]&amp#27;[0m&amp#27;[38;5;229m[ADB]&amp#27;[0m There is no need to install/upgrade 'C:\Users\User1\.appium\node_modules\appium-uiautomator2-driver\node_modules\io.appium.settings\apks\settings_apk-debug.apk'
&amp#27;[38;5;139m[7081fb6c]&amp#27;[0m&amp#27;[38;5;229m[ADB]&amp#27;[0m Running 'C:\Users\User1\AppData\Local\Android\Sdk\platform-tools\adb.exe -P 5037 -s emulator-5554 shell dumpsys activity services io.appium.settings'
&amp#27;[38;5;139m[7081fb6c]&amp#27;[0m&amp#27;[38;5;-89m[AndroidUiautomator2Driver@193e]&amp#27;[0m io.appium.settings is already running. There is no need to reset its permissions.
&amp#27;[38;5;139m[7081fb6c]&amp#27;[0m&amp#27;[38;5;160m[Logcat]&amp#27;[0m Starting logs capture with command: C:\\Users\\User1\\AppData\\Local\\Android\\Sdk\\platform-tools\\adb.exe -P 5037 -s emulator-5554 logcat -v threadtime
&amp#27;[38;5;139m[7081fb6c]&amp#27;[0m&amp#27;[38;5;-89m[AndroidUiautomator2Driver@193e]&amp#27;[0m Forwarding UiAutomator2 Server port 6790 to local port 8201
&amp#27;[38;5;139m[7081fb6c]&amp#27;[0m&amp#27;[38;5;229m[ADB]&amp#27;[0m Forwarding system: 8201 to device: 6790
&amp#27;[38;5;139m[7081fb6c]&amp#27;[0m&amp#27;[38;5;229m[ADB]&amp#27;[0m Running 'C:\Users\User1\AppData\Local\Android\Sdk\platform-tools\adb.exe -P 5037 -s emulator-5554 forward tcp:8201 tcp:6790'
&amp#27;[38;5;139m[7081fb6c]&amp#27;[0m&amp#27;[38;5;229m[ADB]&amp#27;[0m Getting package info for 'io.appium.uiautomator2.server'
&amp#27;[38;5;139m[7081fb6c]&amp#27;[0m&amp#27;[38;5;229m[ADB]&amp#27;[0m Running 'C:\Users\User1\AppData\Local\Android\Sdk\platform-tools\adb.exe -P 5037 -s emulator-5554 shell dumpsys package io.appium.uiautomator2.server'
&amp#27;[38;5;139m[7081fb6c]&amp#27;[0m&amp#27;[38;5;229m[ADB]&amp#27;[0m Getting install status for io.appium.uiautomator2.server.test
&amp#27;[38;5;139m[7081fb6c]&amp#27;[0m&amp#27;[38;5;229m[ADB]&amp#27;[0m Checking app cert for C:\Users\User1\eclipse-workspace\eCommerceFramework//src//main//resources//General-Store.apk
&amp#27;[38;5;139m[7081fb6c]&amp#27;[0m&amp#27;[38;5;229m[ADB]&amp#27;[0m Running 'C:\Users\User1\AppData\Local\Android\Sdk\platform-tools\adb.exe -P 5037 -s emulator-5554 shell cmd package list packages'
&amp#27;[38;5;139m[7081fb6c]&amp#27;[0m&amp#27;[38;5;229m[ADB]&amp#27;[0m Using 'apksigner.jar' from 'C:\Users\User1\AppData\Local\Android\Sdk\build-tools\36.0.0-rc1\lib\apksigner.jar'
&amp#27;[38;5;139m[7081fb6c]&amp#27;[0m&amp#27;[38;5;229m[ADB]&amp#27;[0m Starting apksigner: 'C:\\Program Files\\Java\\jdk-22\\bin\\java.exe' -Xmx1024M -Xss1m -jar C:\\Users\\User1\\AppData\\Local\\Android\\Sdk\\build-tools\\36.0.0-rc1\\lib\\apksigner.jar verify --print-certs C:\\Users\\User1\\eclipse-workspace\\eCommerceFramework//src//main//resources//General-Store.apk
&amp#27;[38;5;139m[7081fb6c]&amp#27;[0m&amp#27;[38;5;229m[ADB]&amp#27;[0m Reading package manifest: 'C:\\Users\\User1\\AppData\\Local\\Android\\Sdk\\build-tools\\36.0.0-rc1\\aapt2.exe dump badging C:\\Users\\User1\\.appium\\node_modules\\appium-uiautomator2-driver\\node_modules\\appium-uiautomator2-server\\apks\\appium-uiautomator2-server-v7.0.25.apk'
&amp#27;[38;5;139m[7081fb6c]&amp#27;[0m&amp#27;[38;5;229m[ADB]&amp#27;[0m 'io.appium.uiautomator2.server.test' is installed
&amp#27;[38;5;139m[7081fb6c]&amp#27;[0m&amp#27;[38;5;229m[ADB]&amp#27;[0m The version name of the installed 'io.appium.uiautomator2.server' is greater or equal to the application version name ('7.0.25' >= '7.0.25')
&amp#27;[38;5;139m[7081fb6c]&amp#27;[0m&amp#27;[38;5;-89m[AndroidUiautomator2Driver@193e]&amp#27;[0m Server packages status: [{"installState":"sameVersionInstalled","appPath":"C:\\Users\\User1\\.appium\\node_modules\\appium-uiautomator2-driver\\node_modules\\appium-uiautomator2-server\\apks\\appium-uiautomator2-server-v7.0.25.apk","appId":"io.appium.uiautomator2.server"},{"installState":"sameVersionInstalled","appPath":"C:\\Users\\User1\\.appium\\node_modules\\appium-uiautomator2-driver\\node_modules\\appium-uiautomator2-server\\apks\\appium-uiautomator2-server-debug-androidTest.apk","appId":"io.appium.uiautomator2.server.test"}]
&amp#27;[38;5;139m[7081fb6c]&amp#27;[0m&amp#27;[38;5;-89m[AndroidUiautomator2Driver@193e]&amp#27;[0m Server packages are not going to be (re)installed
&amp#27;[38;5;139m[7081fb6c]&amp#27;[0m&amp#27;[38;5;-89m[AndroidUiautomator2Driver@193e]&amp#27;[0m Waiting up to 30000ms for services to be available
&amp#27;[38;5;139m[7081fb6c]&amp#27;[0m&amp#27;[38;5;229m[ADB]&amp#27;[0m Running 'C:\Users\User1\AppData\Local\Android\Sdk\platform-tools\adb.exe -P 5037 -s emulator-5554 shell pm list instrumentation'
&amp#27;[38;5;139m[7081fb6c]&amp#27;[0m&amp#27;[38;5;-89m[AndroidUiautomator2Driver@193e]&amp#27;[0m Instrumentation target 'io.appium.uiautomator2.server.test/androidx.test.runner.AndroidJUnitRunner' is available
&amp#27;[38;5;139m[7081fb6c]&amp#27;[0m&amp#27;[38;5;229m[ADB]&amp#27;[0m Adding packages ["io.appium.settings","io.appium.uiautomator2.server","io.appium.uiautomator2.server.test"] to Doze whitelist
&amp#27;[38;5;139m[7081fb6c]&amp#27;[0m&amp#27;[38;5;229m[ADB]&amp#27;[0m Got the following command chunks to execute: [["dumpsys","deviceidle","whitelist","+io.appium.settings",";","dumpsys","deviceidle","whitelist","+io.appium.uiautomator2.server",";","dumpsys","deviceidle","whitelist","+io.appium.uiautomator2.server.test",";"]]
&amp#27;[38;5;139m[7081fb6c]&amp#27;[0m&amp#27;[38;5;229m[ADB]&amp#27;[0m Running 'C:\Users\User1\AppData\Local\Android\Sdk\platform-tools\adb.exe -P 5037 -s emulator-5554 shell dumpsys deviceidle whitelist +io.appium.settings ; dumpsys deviceidle whitelist +io.appium.uiautomator2.server ; dumpsys deviceidle whitelist +io.appium.uiautomator2.server.test ;'
&amp#27;[38;5;139m[7081fb6c]&amp#27;[0m&amp#27;[38;5;229m[ADB]&amp#27;[0m apksigner stdout: Signer #1 certificate DN: C=US, O=Android, CN=Android Debug
Signer #1 certificate SHA-256 digest: f5f5931c019be6bff8a26255f76ae9ef8a8e631d2a702ec10e91110231549eef
Signer #1 certificate SHA-1 digest: b250161db8b5d0a1bd39154c9fd749bdad79c1a3
Signer #1 certificate MD5 digest: 7a5550323d84472ca25a0861c63e0a6c

&amp#27;[38;5;139m[7081fb6c]&amp#27;[0m&amp#27;[38;5;229m[ADB]&amp#27;[0m 'C:\Users\User1\eclipse-workspace\eCommerceFramework//src//main//resources//General-Store.apk' is signed with a non-default certificate
&amp#27;[38;5;139m[7081fb6c]&amp#27;[0m&amp#27;[38;5;229m[ADB]&amp#27;[0m Getting package info for 'com.androidsample.generalstore'
&amp#27;[38;5;139m[7081fb6c]&amp#27;[0m&amp#27;[38;5;229m[ADB]&amp#27;[0m Running 'C:\Users\User1\AppData\Local\Android\Sdk\platform-tools\adb.exe -P 5037 -s emulator-5554 shell dumpsys package com.androidsample.generalstore'
&amp#27;[38;5;139m[7081fb6c]&amp#27;[0m&amp#27;[38;5;229m[ADB]&amp#27;[0m Reading package manifest: 'C:\\Users\\User1\\AppData\\Local\\Android\\Sdk\\build-tools\\36.0.0-rc1\\aapt2.exe dump badging C:\\Users\\User1\\eclipse-workspace\\eCommerceFramework//src//main//resources//General-Store.apk'
&amp#27;[38;5;139m[7081fb6c]&amp#27;[0m&amp#27;[38;5;229m[ADB]&amp#27;[0m The version name of the installed 'com.androidsample.generalstore' is greater or equal to the application version name ('1.0.0' >= '1.0.0')
&amp#27;[38;5;139m[7081fb6c]&amp#27;[0m&amp#27;[38;5;229m[ADB]&amp#27;[0m There is no need to install/upgrade 'C:\Users\User1\eclipse-workspace\eCommerceFramework//src//main//resources//General-Store.apk'
&amp#27;[38;5;139m[7081fb6c]&amp#27;[0m&amp#27;[38;5;-89m[AndroidUiautomator2Driver@193e]&amp#27;[0m Performing fast reset on 'com.androidsample.generalstore'
&amp#27;[38;5;139m[7081fb6c]&amp#27;[0m&amp#27;[38;5;229m[ADB]&amp#27;[0m Getting install status for com.androidsample.generalstore
&amp#27;[38;5;139m[7081fb6c]&amp#27;[0m&amp#27;[38;5;229m[ADB]&amp#27;[0m Running 'C:\Users\User1\AppData\Local\Android\Sdk\platform-tools\adb.exe -P 5037 -s emulator-5554 shell cmd package list packages'
&amp#27;[38;5;139m[7081fb6c]&amp#27;[0m&amp#27;[38;5;229m[ADB]&amp#27;[0m 'com.androidsample.generalstore' is installed
&amp#27;[38;5;139m[7081fb6c]&amp#27;[0m&amp#27;[38;5;229m[ADB]&amp#27;[0m Running 'C:\Users\User1\AppData\Local\Android\Sdk\platform-tools\adb.exe -P 5037 -s emulator-5554 shell am force-stop com.androidsample.generalstore'
&amp#27;[38;5;139m[7081fb6c]&amp#27;[0m&amp#27;[38;5;229m[ADB]&amp#27;[0m Running 'C:\Users\User1\AppData\Local\Android\Sdk\platform-tools\adb.exe -P 5037 -s emulator-5554 shell pm clear com.androidsample.generalstore'
&amp#27;[38;5;139m[7081fb6c]&amp#27;[0m&amp#27;[38;5;-89m[AndroidUiautomator2Driver@193e]&amp#27;[0m Performed fast reset on the installed 'com.androidsample.generalstore' application (stop and clear)
&amp#27;[38;5;139m[7081fb6c]&amp#27;[0m&amp#27;[38;5;-89m[AndroidUiautomator2Driver@193e]&amp#27;[0m Performing shallow cleanup of automation leftovers
&amp#27;[38;5;139m[7081fb6c]&amp#27;[0m&amp#27;[38;5;-89m[AndroidUiautomator2Driver@193e]&amp#27;[0m No obsolete sessions have been detected (socket hang up)
&amp#27;[38;5;139m[7081fb6c]&amp#27;[0m&amp#27;[38;5;229m[ADB]&amp#27;[0m Running 'C:\Users\User1\AppData\Local\Android\Sdk\platform-tools\adb.exe -P 5037 -s emulator-5554 shell am force-stop io.appium.uiautomator2.server'
&amp#27;[38;5;139m[7081fb6c]&amp#27;[0m&amp#27;[38;5;229m[ADB]&amp#27;[0m Running 'C:\Users\User1\AppData\Local\Android\Sdk\platform-tools\adb.exe -P 5037 -s emulator-5554 shell am force-stop io.appium.uiautomator2.server.test'
&amp#27;[38;5;139m[7081fb6c]&amp#27;[0m&amp#27;[38;5;-89m[AndroidUiautomator2Driver@193e]&amp#27;[0m Starting UIAutomator2 server 7.0.25
&amp#27;[38;5;139m[7081fb6c]&amp#27;[0m&amp#27;[38;5;-89m[AndroidUiautomator2Driver@193e]&amp#27;[0m Using UIAutomator2 server from 'C:\Users\User1\.appium\node_modules\appium-uiautomator2-driver\node_modules\appium-uiautomator2-server\apks\appium-uiautomator2-server-v7.0.25.apk' and test from 'C:\Users\User1\.appium\node_modules\appium-uiautomator2-driver\node_modules\appium-uiautomator2-server\apks\appium-uiautomator2-server-debug-androidTest.apk'
&amp#27;[38;5;139m[7081fb6c]&amp#27;[0m&amp#27;[38;5;-89m[AndroidUiautomator2Driver@193e]&amp#27;[0m Waiting up to 30000ms for UiAutomator2 to be online...
&amp#27;[38;5;139m[7081fb6c]&amp#27;[0m&amp#27;[38;5;229m[ADB]&amp#27;[0m Creating ADB subprocess with args: ["-P","5037","-s","emulator-5554","shell","am","instrument","-w","-e","disableAnalytics","true","io.appium.uiautomator2.server.test/androidx.test.runner.AndroidJUnitRunner"]
&amp#27;[38;5;139m[7081fb6c]&amp#27;[0m&amp#27;[38;5;-89m[AndroidUiautomator2Driver@193e]&amp#27;[0m Matched '/status' to command name 'getStatus'
&amp#27;[38;5;139m[7081fb6c]&amp#27;[0m&amp#27;[38;5;-89m[AndroidUiautomator2Driver@193e]&amp#27;[0m Proxying [GET /status] to [GET http://127.0.0.1:8201/status] with no body
&amp#27;[38;5;139m[7081fb6c]&amp#27;[0m&amp#27;[38;5;-89m[AndroidUiautomator2Driver@193e]&amp#27;[0m socket hang up
&amp#27;[38;5;139m[7081fb6c]&amp#27;[0m&amp#27;[38;5;-89m[AndroidUiautomator2Driver@193e]&amp#27;[0m Matched '/status' to command name 'getStatus'
&amp#27;[38;5;139m[7081fb6c]&amp#27;[0m&amp#27;[38;5;-89m[AndroidUiautomator2Driver@193e]&amp#27;[0m Proxying [GET /status] to [GET http://127.0.0.1:8201/status] with no body
&amp#27;[38;5;139m[7081fb6c]&amp#27;[0m&amp#27;[38;5;-89m[AndroidUiautomator2Driver@193e]&amp#27;[0m socket hang up
&amp#27;[38;5;139m[7081fb6c]&amp#27;[0m&amp#27;[38;5;-89m[AndroidUiautomator2Driver@193e]&amp#27;[0m [Instrumentation] 
&amp#27;[38;5;139m[7081fb6c]&amp#27;[0m&amp#27;[38;5;-89m[AndroidUiautomator2Driver@193e]&amp#27;[0m Matched '/status' to command name 'getStatus'
&amp#27;[38;5;139m[7081fb6c]&amp#27;[0m&amp#27;[38;5;-89m[AndroidUiautomator2Driver@193e]&amp#27;[0m Proxying [GET /status] to [GET http://127.0.0.1:8201/status] with no body
&amp#27;[38;5;139m[7081fb6c]&amp#27;[0m&amp#27;[38;5;-89m[AndroidUiautomator2Driver@193e]&amp#27;[0m socket hang up
&amp#27;[38;5;139m[7081fb6c]&amp#27;[0m&amp#27;[38;5;-89m[AndroidUiautomator2Driver@193e]&amp#27;[0m Matched '/status' to command name 'getStatus'
&amp#27;[38;5;139m[7081fb6c]&amp#27;[0m&amp#27;[38;5;-89m[AndroidUiautomator2Driver@193e]&amp#27;[0m Proxying [GET /status] to [GET http://127.0.0.1:8201/status] with no body
&amp#27;[38;5;139m[7081fb6c]&amp#27;[0m&amp#27;[38;5;-89m[AndroidUiautomator2Driver@193e]&amp#27;[0m Got response with status 200: {"sessionId":"None","value":{"message":"UiAutomator2 Server is ready to accept commands","ready":true}}
&amp#27;[38;5;139m[7081fb6c]&amp#27;[0m&amp#27;[38;5;-89m[AndroidUiautomator2Driver@193e]&amp#27;[0m The initialization of the instrumentation process took 3329ms
&amp#27;[38;5;139m[7081fb6c]&amp#27;[0m&amp#27;[38;5;-89m[AndroidUiautomator2Driver@193e]&amp#27;[0m Matched '/session' to command name 'createSession'
&amp#27;[38;5;139m[7081fb6c]&amp#27;[0m&amp#27;[38;5;-89m[AndroidUiautomator2Driver@193e]&amp#27;[0m Proxying [POST /session] to [POST http://127.0.0.1:8201/session] with body: {"capabilities":{"firstMatch":[{"platformName":"ANDROID","chromedriverExecutable":"C://Users//User1//Downloads//chromedriver-win64//chromedriver-win64//chromedriver.exe","deviceName":"emulator-5554","automationName":"UIAutomator2","app":"C:\\Users\\User1\\eclipse-workspace\\eCommerceFramework//src//main//resources//General-Store.apk","platform":"LINUX","webStorageEnabled":false,"takesScreenshot":true,"javascriptEnabled":true,"databaseEnabled":false,"networkConnectionEnabled":true,"locationContextEnabled":false,"warnings":{},"desired":{"platformName":"ANDROID","chromedriverExecutable":"C://Users//User1//Downloads//chromedriver-win64//chromedriver-win64//chromedriver.exe","deviceName":"Rajemulator","automationName":"UIAutomator2","app":"C:\\Users\\User1\\eclipse-workspace\\eCommerceFramework//src//main//resources//General-Store.apk"},"deviceUDID":"emulator-5554","appPackage":"com.androidsample.generalstore"}],"alwaysMatch":{}}}
&amp#27;[38;5;139m[7081fb6c]&amp#27;[0m&amp#27;[38;5;-89m[AndroidUiautomator2Driver@193e]&amp#27;[0m Got response with status 200: {"sessionId":"071bcf08-2f9e-46a5-b9b9-dc2f94da4176","value":{"capabilities":{"firstMatch":[{"platformName":"ANDROID","chromedriverExecutable":"C://Users//User1//Downloads//chromedriver-win64//chromedriver-win64//chromedriver.exe","deviceName":"emulator-5554","automationName":"UIAutomator2","app":"C:\\Users\\User1\\eclipse-workspace\\eCommerceFramework//src//main//resources//General-Store.apk","platform":"LINUX","webStorageEnabled":false,"takesScreenshot":true,"javascriptEnabled":true,"databaseEnabled":false,"networkConnectionEnabled":true,"locationContextEnabled":false,"warnings":{},"desired":{"platformName":"ANDROID","chromedriverExecutable":"C://Users//User1//Downloads//chromedriver-win64//chromedriver-win64//chromedriver.exe","deviceName":"Rajemulator","automationName":"UIAutomator2","app":"C:\\Users\\User1\\eclipse-workspace\\eCommerceFramework//src//main//resources//General-Store.apk"},"deviceUDID":"emulator-5554","appPackage":"com.androidsample.generalstore"}],"alwaysMatch":{}},"sessionId":"071bcf08-...
&amp#27;[38;5;139m[7081fb6c]&amp#27;[0m&amp#27;[38;5;-89m[AndroidUiautomator2Driver@193e]&amp#27;[0m Determined the downstream protocol as 'W3C'
&amp#27;[38;5;139m[7081fb6c]&amp#27;[0m&amp#27;[38;5;-89m[AndroidUiautomator2Driver@193e]&amp#27;[0m Proxying [GET /appium/device/pixel_ratio] to [GET http://127.0.0.1:8201/session/071bcf08-2f9e-46a5-b9b9-dc2f94da4176/appium/device/pixel_ratio] with no body
&amp#27;[38;5;139m[7081fb6c]&amp#27;[0m&amp#27;[38;5;-89m[AndroidUiautomator2Driver@193e]&amp#27;[0m Matched '/appium/device/system_bars' to command name 'getSystemBars'
&amp#27;[38;5;139m[7081fb6c]&amp#27;[0m&amp#27;[38;5;-89m[AndroidUiautomator2Driver@193e]&amp#27;[0m Proxying [GET /appium/device/system_bars] to [GET http://127.0.0.1:8201/session/071bcf08-2f9e-46a5-b9b9-dc2f94da4176/appium/device/system_bars] with no body
&amp#27;[38;5;139m[7081fb6c]&amp#27;[0m&amp#27;[38;5;-89m[AndroidUiautomator2Driver@193e]&amp#27;[0m Matched '/window/current/size' to command name 'getWindowSize'
&amp#27;[38;5;139m[7081fb6c]&amp#27;[0m&amp#27;[38;5;-89m[AndroidUiautomator2Driver@193e]&amp#27;[0m Proxying [GET /window/current/size] to [GET http://127.0.0.1:8201/session/071bcf08-2f9e-46a5-b9b9-dc2f94da4176/window/current/size] with no body
&amp#27;[38;5;139m[7081fb6c]&amp#27;[0m&amp#27;[38;5;-89m[AndroidUiautomator2Driver@193e]&amp#27;[0m Proxying [GET /appium/device/info] to [GET http://127.0.0.1:8201/session/071bcf08-2f9e-46a5-b9b9-dc2f94da4176/appium/device/info] with no body
&amp#27;[38;5;139m[7081fb6c]&amp#27;[0m&amp#27;[38;5;229m[ADB]&amp#27;[0m Running 'C:\Users\User1\AppData\Local\Android\Sdk\platform-tools\adb.exe -P 5037 -s emulator-5554 shell dumpsys window'
&amp#27;[38;5;139m[7081fb6c]&amp#27;[0m&amp#27;[38;5;229m[ADB]&amp#27;[0m Running 'C:\Users\User1\AppData\Local\Android\Sdk\platform-tools\adb.exe -P 5037 -s emulator-5554 shell dumpsys power'
&amp#27;[38;5;139m[7081fb6c]&amp#27;[0m&amp#27;[38;5;-89m[AndroidUiautomator2Driver@193e]&amp#27;[0m Got response with status 200: {"sessionId":"071bcf08-2f9e-46a5-b9b9-dc2f94da4176","value":2.75}
&amp#27;[38;5;139m[7081fb6c]&amp#27;[0m&amp#27;[38;5;-89m[AndroidUiautomator2Driver@193e]&amp#27;[0m Got response with status 200: {"sessionId":"071bcf08-2f9e-46a5-b9b9-dc2f94da4176","value":{"statusBar":66}}
&amp#27;[38;5;139m[7081fb6c]&amp#27;[0m&amp#27;[38;5;-89m[AndroidUiautomator2Driver@193e]&amp#27;[0m Got response with status 200: {"sessionId":"071bcf08-2f9e-46a5-b9b9-dc2f94da4176","value":{"height":2220,"width":1080}}
&amp#27;[38;5;139m[7081fb6c]&amp#27;[0m&amp#27;[38;5;-89m[AndroidUiautomator2Driver@193e]&amp#27;[0m Got response with status 200: {"sessionId":"071bcf08-2f9e-46a5-b9b9-dc2f94da4176","value":{"androidId":"ccd4b39f6a24ddc3","apiVersion":"35","bluetooth":{"state":"OFF"},"brand":"google","carrierName":"T-Mobile","displayDensity":440,"locale":"en_US","manufacturer":"Google","model":"sdk_gphone64_x86_64","networks":[{"capabilities":{"SSID":null,"linkDownBandwidthKbps":4300,"linkUpstreamBandwidthKbps":1800,"networkCapabilities":"NET_CAPABILITY_MMS,NET_CAPABILITY_SUPL,NET_CAPABILITY_IA,NET_CAPABILITY_XCAP,NET_CAPABILITY_INTERNET,NET_CAPABILITY_NOT_RESTRICTED,NET_CAPABILITY_TRUSTED,NET_CAPABILITY_NOT_VPN,NET_CAPABILITY_VALIDATED,NET_CAPABILITY_NOT_ROAMING,NET_CAPABILITY_NOT_CONGESTED,NET_CAPABILITY_NOT_SUSPENDED","signalStrength":-2147483648,"transportTypes":"TRANSPORT_CELLULAR"},"detailedState":"CONNECTED","extraInfo":"fast.t-mobile.com","isAvailable":true,"isConnected":true,"isFailover":false,"isRoaming":false,"state":"CONNECTED","subtype":10,"subtypeName":"HSPA","type":0,"typeName":"MOBILE"},{"capabilities":{"SSID":null,"linkDownBandwidthK...
&amp#27;[38;5;139m[7081fb6c]&amp#27;[0m&amp#27;[38;5;-89m[AndroidUiautomator2Driver@193e]&amp#27;[0m Screen already unlocked, doing nothing
&amp#27;[38;5;139m[7081fb6c]&amp#27;[0m&amp#27;[38;5;-89m[AndroidUiautomator2Driver@193e]&amp#27;[0m Starting 'com.androidsample.generalstore/com.androidsample.generalstore.SplashActivity and waiting for 'com.androidsample.generalstore/com.androidsample.generalstore.SplashActivity'
&amp#27;[38;5;139m[7081fb6c]&amp#27;[0m&amp#27;[38;5;229m[ADB]&amp#27;[0m Running 'C:\Users\User1\AppData\Local\Android\Sdk\platform-tools\adb.exe -P 5037 -s emulator-5554 shell am start -W -n com.androidsample.generalstore/com.androidsample.generalstore.SplashActivity -S -a android.intent.action.MAIN -c android.intent.category.LAUNCHER -f 0x10200000'
&amp#27;[38;5;139m[7081fb6c]&amp#27;[0m&amp#27;[38;5;229m[ADB]&amp#27;[0m Waiting up to 20000ms for activity matching pkg: 'com.androidsample.generalstore' and activity: 'com.androidsample.generalstore.SplashActivity' to be focused
&amp#27;[38;5;139m[7081fb6c]&amp#27;[0m&amp#27;[38;5;229m[ADB]&amp#27;[0m Possible activities, to be checked: 'com.androidsample.generalstore.SplashActivity', 'com.androidsample.generalstore.com.androidsample.generalstore.SplashActivity'
&amp#27;[38;5;139m[7081fb6c]&amp#27;[0m&amp#27;[38;5;229m[ADB]&amp#27;[0m Getting focused package and activity
&amp#27;[38;5;139m[7081fb6c]&amp#27;[0m&amp#27;[38;5;229m[ADB]&amp#27;[0m Running 'C:\Users\User1\AppData\Local\Android\Sdk\platform-tools\adb.exe -P 5037 -s emulator-5554 shell dumpsys window displays'
&amp#27;[38;5;139m[7081fb6c]&amp#27;[0m&amp#27;[38;5;229m[ADB]&amp#27;[0m Found package: 'com.androidsample.generalstore' and fully qualified activity name : 'com.androidsample.generalstore.SplashActivity'
&amp#27;[38;5;139m[7081fb6c]&amp#27;[0m&amp#27;[38;5;86m[AppiumDriver@bce2]&amp#27;[0m New AndroidUiautomator2Driver session created successfully, session 7081fb6c-5301-4218-947b-ae986bd08189 added to master session list
&amp#27;[38;5;139m[7081fb6c]&amp#27;[0m&amp#27;[38;5;86m[AppiumDriver@bce2]&amp#27;[0m Event 'newSessionStarted' logged at 1744635083387 (18:21:23 GMT+0530 (India Standard Time))
&amp#27;[38;5;139m[7081fb6c]&amp#27;[0m&amp#27;[38;5;-89m[AndroidUiautomator2Driver@193e]&amp#27;[0m Cached the protocol value 'W3C' for the new session 7081fb6c-5301-4218-947b-ae986bd08189
&amp#27;[38;5;139m[7081fb6c]&amp#27;[0m&amp#27;[38;5;-89m[AndroidUiautomator2Driver@193e]&amp#27;[0m Responding to client with driver.createSession() result: {"capabilities":{"platformName":"ANDROID","chromedriverExecutable":"C://Users//User1//Downloads//chromedriver-win64//chromedriver-win64//chromedriver.exe","deviceName":"emulator-5554","automationName":"UIAutomator2","app":"C:\\Users\\User1\\eclipse-workspace\\eCommerceFramework//src//main//resources//General-Store.apk","platform":"LINUX","webStorageEnabled":false,"takesScreenshot":true,"javascriptEnabled":true,"databaseEnabled":false,"networkConnectionEnabled":true,"locationContextEnabled":false,"warnings":{},"desired":{"platformName":"ANDROID","chromedriverExecutable":"C://Users//User1//Downloads//chromedriver-win64//chromedriver-win64//chromedriver.exe","deviceName":"Rajemulator","automationName":"UIAutomator2","app":"C:\\Users\\User1\\eclipse-workspace\\eCommerceFramework//src//main//resources//General-Store.apk"},"deviceUDID":"emulator-5554","appPackage":"com.androidsample.generalstore","pixelRatio":"2.75","statBarHeight":66,"viewportRect":{"left":0,"top":66,"width":1080,"height":2154},"deviceApiLevel"...
&amp#27;[38;5;139m[7081fb6c]&amp#27;[0m&amp#27;[38;5;86m[HTTP]&amp#27;[0m &amp#27;[37m<-- POST /session &amp#27;[39m&amp#27;[32m200&amp#27;[39m &amp#27;[90m7892 ms - 1233&amp#27;[39m &amp#27;[90m&amp#27;[39m
Test Started: goToCartWithoutAddingProducts
&amp#27;[38;5;139m[7081fb6c]&amp#27;[0m&amp#27;[38;5;86m[HTTP]&amp#27;[0m &amp#27;[37m-->&amp#27;[39m &amp#27;[37mGET&amp#27;[39m &amp#27;[37m/session/7081fb6c-5301-4218-947b-ae986bd08189/context&amp#27;[39m &amp#27;[90m{}&amp#27;[39m
&amp#27;[38;5;139m[7081fb6c]&amp#27;[0m&amp#27;[38;5;-89m[AndroidUiautomator2Driver@193e]&amp#27;[0m Calling AppiumDriver.getCurrentContext() with args: ["7081fb6c-5301-4218-947b-ae986bd08189"]
&amp#27;[38;5;139m[7081fb6c]&amp#27;[0m&amp#27;[38;5;-89m[AndroidUiautomator2Driver@193e]&amp#27;[0m Responding to client with driver.getCurrentContext() result: "NATIVE_APP"
&amp#27;[38;5;139m[7081fb6c]&amp#27;[0m&amp#27;[38;5;86m[HTTP]&amp#27;[0m &amp#27;[37m<-- GET /session/7081fb6c-5301-4218-947b-ae986bd08189/context &amp#27;[39m&amp#27;[32m200&amp#27;[39m &amp#27;[90m12 ms - 22&amp#27;[39m &amp#27;[90m&amp#27;[39m
&amp#27;[38;5;139m[7081fb6c]&amp#27;[0m&amp#27;[38;5;86m[HTTP]&amp#27;[0m &amp#27;[37m-->&amp#27;[39m &amp#27;[37mPOST&amp#27;[39m &amp#27;[37m/session/7081fb6c-5301-4218-947b-ae986bd08189/element&amp#27;[39m &amp#27;[90m{"using":"id","value":"com.androidsample.generalstore:id/nameField"}&amp#27;[39m
&amp#27;[38;5;139m[7081fb6c]&amp#27;[0m&amp#27;[38;5;-89m[AndroidUiautomator2Driver@193e]&amp#27;[0m Calling AppiumDriver.findElement() with args: ["id","com.androidsample.generalstore:id/nameField","7081fb6c-5301-4218-947b-ae986bd08189"]
&amp#27;[38;5;139m[7081fb6c]&amp#27;[0m&amp#27;[38;5;-89m[AndroidUiautomator2Driver@193e]&amp#27;[0m Valid locator strategies for this request: xpath, id, class name, accessibility id, css selector, -android uiautomator
&amp#27;[38;5;139m[7081fb6c]&amp#27;[0m&amp#27;[38;5;-89m[AndroidUiautomator2Driver@193e]&amp#27;[0m Waiting up to 0 ms for condition
&amp#27;[38;5;139m[7081fb6c]&amp#27;[0m&amp#27;[38;5;-89m[AndroidUiautomator2Driver@193e]&amp#27;[0m Matched '/element' to command name 'findElement'
&amp#27;[38;5;139m[7081fb6c]&amp#27;[0m&amp#27;[38;5;-89m[AndroidUiautomator2Driver@193e]&amp#27;[0m Proxying [POST /element] to [POST http://127.0.0.1:8201/session/071bcf08-2f9e-46a5-b9b9-dc2f94da4176/element] with body: {"strategy":"id","selector":"com.androidsample.generalstore:id/nameField","context":"","multiple":false}
&amp#27;[38;5;139m[7081fb6c]&amp#27;[0m&amp#27;[38;5;-89m[AndroidUiautomator2Driver@193e]&amp#27;[0m Got response with status 404: {"sessionId":"071bcf08-2f9e-46a5-b9b9-dc2f94da4176","value":{"error":"no such element","message":"An element could not be located on the page using the given search parameters","stacktrace":"io.appium.uiautomator2.common.exceptions.ElementNotFoundException: An element could not be located on the page using the given search parameters\n\tat io.appium.uiautomator2.handler.FindElement.safeHandle(FindElement.java:63)\n\tat io.appium.uiautomator2.handler.request.SafeRequestHandler.handle(SafeRequestHandler.java:59)\n\tat io.appium.uiautomator2.server.AppiumServlet.handleRequest(AppiumServlet.java:259)\n\tat io.appium.uiautomator2.server.AppiumServlet.handleHttpRequest(AppiumServlet.java:253)\n\tat io.appium.uiautomator2.http.ServerHandler.channelRead(ServerHandler.java:77)\n\tat io.netty.channel.AbstractChannelHandlerContext.invokeChannelRead(AbstractChannelHandlerContext.java:366)\n\tat io.netty.channel.AbstractChannelHandlerContext.invokeChannelRead(AbstractChannelHandlerContext.java:352)\n\tat io.netty.chann...
&amp#27;[38;5;139m[7081fb6c]&amp#27;[0m&amp#27;[38;5;123m[W3C]&amp#27;[0m Matched W3C error code 'no such element' to NoSuchElementError
&amp#27;[38;5;139m[7081fb6c]&amp#27;[0m&amp#27;[38;5;-89m[AndroidUiautomator2Driver@193e]&amp#27;[0m Encountered internal error running command: NoSuchElementError: An element could not be located on the page using the given search parameters.
    at AndroidUiautomator2Driver.findElOrEls (C:\Users\User1\.appium\node_modules\appium-uiautomator2-driver\node_modules\appium-android-driver\lib\commands\find.ts:86:11)
    at processTicksAndRejections (node:internal/process/task_queues:95:5)
    at AndroidUiautomator2Driver.findElOrElsWithProcessing (C:\Users\User1\AppData\Roaming\npm\node_modules\appium\node_modules\@appium\base-driver\lib\basedriver\commands\find.ts:60:12)
    at AndroidUiautomator2Driver.findElement (C:\Users\User1\AppData\Roaming\npm\node_modules\appium\node_modules\@appium\base-driver\lib\basedriver\commands\find.ts:75:12)
&amp#27;[38;5;139m[7081fb6c]&amp#27;[0m&amp#27;[38;5;86m[HTTP]&amp#27;[0m &amp#27;[37m<-- POST /session/7081fb6c-5301-4218-947b-ae986bd08189/element &amp#27;[39m&amp#27;[33m404&amp#27;[39m &amp#27;[90m652 ms - 890&amp#27;[39m &amp#27;[90m&amp#27;[39m
&amp#27;[38;5;139m[7081fb6c]&amp#27;[0m&amp#27;[38;5;86m[HTTP]&amp#27;[0m &amp#27;[37m-->&amp#27;[39m &amp#27;[37mPOST&amp#27;[39m &amp#27;[37m/session/7081fb6c-5301-4218-947b-ae986bd08189/element&amp#27;[39m &amp#27;[90m{"using":"id","value":"com.androidsample.generalstore:id/nameField"}&amp#27;[39m
&amp#27;[38;5;139m[7081fb6c]&amp#27;[0m&amp#27;[38;5;-89m[AndroidUiautomator2Driver@193e]&amp#27;[0m Calling AppiumDriver.findElement() with args: ["id","com.androidsample.generalstore:id/nameField","7081fb6c-5301-4218-947b-ae986bd08189"]
&amp#27;[38;5;139m[7081fb6c]&amp#27;[0m&amp#27;[38;5;-89m[AndroidUiautomator2Driver@193e]&amp#27;[0m Valid locator strategies for this request: xpath, id, class name, accessibility id, css selector, -android uiautomator
&amp#27;[38;5;139m[7081fb6c]&amp#27;[0m&amp#27;[38;5;-89m[AndroidUiautomator2Driver@193e]&amp#27;[0m Waiting up to 0 ms for condition
&amp#27;[38;5;139m[7081fb6c]&amp#27;[0m&amp#27;[38;5;-89m[AndroidUiautomator2Driver@193e]&amp#27;[0m Matched '/element' to command name 'findElement'
&amp#27;[38;5;139m[7081fb6c]&amp#27;[0m&amp#27;[38;5;-89m[AndroidUiautomator2Driver@193e]&amp#27;[0m Proxying [POST /element] to [POST http://127.0.0.1:8201/session/071bcf08-2f9e-46a5-b9b9-dc2f94da4176/element] with body: {"strategy":"id","selector":"com.androidsample.generalstore:id/nameField","context":"","multiple":false}
&amp#27;[38;5;139m[7081fb6c]&amp#27;[0m&amp#27;[38;5;-89m[AndroidUiautomator2Driver@193e]&amp#27;[0m Got response with status 404: {"sessionId":"071bcf08-2f9e-46a5-b9b9-dc2f94da4176","value":{"error":"no such element","message":"An element could not be located on the page using the given search parameters","stacktrace":"io.appium.uiautomator2.common.exceptions.ElementNotFoundException: An element could not be located on the page using the given search parameters\n\tat io.appium.uiautomator2.handler.FindElement.safeHandle(FindElement.java:63)\n\tat io.appium.uiautomator2.handler.request.SafeRequestHandler.handle(SafeRequestHandler.java:59)\n\tat io.appium.uiautomator2.server.AppiumServlet.handleRequest(AppiumServlet.java:259)\n\tat io.appium.uiautomator2.server.AppiumServlet.handleHttpRequest(AppiumServlet.java:253)\n\tat io.appium.uiautomator2.http.ServerHandler.channelRead(ServerHandler.java:77)\n\tat io.netty.channel.AbstractChannelHandlerContext.invokeChannelRead(AbstractChannelHandlerContext.java:366)\n\tat io.netty.channel.AbstractChannelHandlerContext.invokeChannelRead(AbstractChannelHandlerContext.java:352)\n\tat io.netty.chann...
&amp#27;[38;5;139m[7081fb6c]&amp#27;[0m&amp#27;[38;5;123m[W3C]&amp#27;[0m Matched W3C error code 'no such element' to NoSuchElementError
&amp#27;[38;5;139m[7081fb6c]&amp#27;[0m&amp#27;[38;5;-89m[AndroidUiautomator2Driver@193e]&amp#27;[0m Encountered internal error running command: NoSuchElementError: An element could not be located on the page using the given search parameters.
    at AndroidUiautomator2Driver.findElOrEls (C:\Users\User1\.appium\node_modules\appium-uiautomator2-driver\node_modules\appium-android-driver\lib\commands\find.ts:86:11)
    at processTicksAndRejections (node:internal/process/task_queues:95:5)
    at AndroidUiautomator2Driver.findElOrElsWithProcessing (C:\Users\User1\AppData\Roaming\npm\node_modules\appium\node_modules\@appium\base-driver\lib\basedriver\commands\find.ts:60:12)
    at AndroidUiautomator2Driver.findElement (C:\Users\User1\AppData\Roaming\npm\node_modules\appium\node_modules\@appium\base-driver\lib\basedriver\commands\find.ts:75:12)
&amp#27;[38;5;139m[7081fb6c]&amp#27;[0m&amp#27;[38;5;86m[HTTP]&amp#27;[0m &amp#27;[37m<-- POST /session/7081fb6c-5301-4218-947b-ae986bd08189/element &amp#27;[39m&amp#27;[33m404&amp#27;[39m &amp#27;[90m43 ms - 890&amp#27;[39m &amp#27;[90m&amp#27;[39m
&amp#27;[38;5;139m[7081fb6c]&amp#27;[0m&amp#27;[38;5;86m[HTTP]&amp#27;[0m &amp#27;[37m-->&amp#27;[39m &amp#27;[37mPOST&amp#27;[39m &amp#27;[37m/session/7081fb6c-5301-4218-947b-ae986bd08189/element&amp#27;[39m &amp#27;[90m{"using":"id","value":"com.androidsample.generalstore:id/nameField"}&amp#27;[39m
&amp#27;[38;5;139m[7081fb6c]&amp#27;[0m&amp#27;[38;5;-89m[AndroidUiautomator2Driver@193e]&amp#27;[0m Calling AppiumDriver.findElement() with args: ["id","com.androidsample.generalstore:id/nameField","7081fb6c-5301-4218-947b-ae986bd08189"]
&amp#27;[38;5;139m[7081fb6c]&amp#27;[0m&amp#27;[38;5;-89m[AndroidUiautomator2Driver@193e]&amp#27;[0m Valid locator strategies for this request: xpath, id, class name, accessibility id, css selector, -android uiautomator
&amp#27;[38;5;139m[7081fb6c]&amp#27;[0m&amp#27;[38;5;-89m[AndroidUiautomator2Driver@193e]&amp#27;[0m Waiting up to 0 ms for condition
&amp#27;[38;5;139m[7081fb6c]&amp#27;[0m&amp#27;[38;5;-89m[AndroidUiautomator2Driver@193e]&amp#27;[0m Matched '/element' to command name 'findElement'
&amp#27;[38;5;139m[7081fb6c]&amp#27;[0m&amp#27;[38;5;-89m[AndroidUiautomator2Driver@193e]&amp#27;[0m Proxying [POST /element] to [POST http://127.0.0.1:8201/session/071bcf08-2f9e-46a5-b9b9-dc2f94da4176/element] with body: {"strategy":"id","selector":"com.androidsample.generalstore:id/nameField","context":"","multiple":false}
&amp#27;[38;5;139m[7081fb6c]&amp#27;[0m&amp#27;[38;5;-89m[AndroidUiautomator2Driver@193e]&amp#27;[0m Got response with status 404: {"sessionId":"071bcf08-2f9e-46a5-b9b9-dc2f94da4176","value":{"error":"no such element","message":"An element could not be located on the page using the given search parameters","stacktrace":"io.appium.uiautomator2.common.exceptions.ElementNotFoundException: An element could not be located on the page using the given search parameters\n\tat io.appium.uiautomator2.handler.FindElement.safeHandle(FindElement.java:63)\n\tat io.appium.uiautomator2.handler.request.SafeRequestHandler.handle(SafeRequestHandler.java:59)\n\tat io.appium.uiautomator2.server.AppiumServlet.handleRequest(AppiumServlet.java:259)\n\tat io.appium.uiautomator2.server.AppiumServlet.handleHttpRequest(AppiumServlet.java:253)\n\tat io.appium.uiautomator2.http.ServerHandler.channelRead(ServerHandler.java:77)\n\tat io.netty.channel.AbstractChannelHandlerContext.invokeChannelRead(AbstractChannelHandlerContext.java:366)\n\tat io.netty.channel.AbstractChannelHandlerContext.invokeChannelRead(AbstractChannelHandlerContext.java:352)\n\tat io.netty.chann...
&amp#27;[38;5;139m[7081fb6c]&amp#27;[0m&amp#27;[38;5;123m[W3C]&amp#27;[0m Matched W3C error code 'no such element' to NoSuchElementError
&amp#27;[38;5;139m[7081fb6c]&amp#27;[0m&amp#27;[38;5;-89m[AndroidUiautomator2Driver@193e]&amp#27;[0m Encountered internal error running command: NoSuchElementError: An element could not be located on the page using the given search parameters.
    at AndroidUiautomator2Driver.findElOrEls (C:\Users\User1\.appium\node_modules\appium-uiautomator2-driver\node_modules\appium-android-driver\lib\commands\find.ts:86:11)
    at processTicksAndRejections (node:internal/process/task_queues:95:5)
    at AndroidUiautomator2Driver.findElOrElsWithProcessing (C:\Users\User1\AppData\Roaming\npm\node_modules\appium\node_modules\@appium\base-driver\lib\basedriver\commands\find.ts:60:12)
    at AndroidUiautomator2Driver.findElement (C:\Users\User1\AppData\Roaming\npm\node_modules\appium\node_modules\@appium\base-driver\lib\basedriver\commands\find.ts:75:12)
&amp#27;[38;5;139m[7081fb6c]&amp#27;[0m&amp#27;[38;5;86m[HTTP]&amp#27;[0m &amp#27;[37m<-- POST /session/7081fb6c-5301-4218-947b-ae986bd08189/element &amp#27;[39m&amp#27;[33m404&amp#27;[39m &amp#27;[90m38 ms - 890&amp#27;[39m &amp#27;[90m&amp#27;[39m
&amp#27;[38;5;139m[7081fb6c]&amp#27;[0m&amp#27;[38;5;86m[HTTP]&amp#27;[0m &amp#27;[37m-->&amp#27;[39m &amp#27;[37mGET&amp#27;[39m &amp#27;[37m/session/7081fb6c-5301-4218-947b-ae986bd08189/context&amp#27;[39m &amp#27;[90m{}&amp#27;[39m
&amp#27;[38;5;139m[7081fb6c]&amp#27;[0m&amp#27;[38;5;-89m[AndroidUiautomator2Driver@193e]&amp#27;[0m Calling AppiumDriver.getCurrentContext() with args: ["7081fb6c-5301-4218-947b-ae986bd08189"]
&amp#27;[38;5;139m[7081fb6c]&amp#27;[0m&amp#27;[38;5;-89m[AndroidUiautomator2Driver@193e]&amp#27;[0m Responding to client with driver.getCurrentContext() result: "NATIVE_APP"
&amp#27;[38;5;139m[7081fb6c]&amp#27;[0m&amp#27;[38;5;86m[HTTP]&amp#27;[0m &amp#27;[37m<-- GET /session/7081fb6c-5301-4218-947b-ae986bd08189/context &amp#27;[39m&amp#27;[32m200&amp#27;[39m &amp#27;[90m3 ms - 22&amp#27;[39m &amp#27;[90m&amp#27;[39m
&amp#27;[38;5;139m[7081fb6c]&amp#27;[0m&amp#27;[38;5;86m[HTTP]&amp#27;[0m &amp#27;[37m-->&amp#27;[39m &amp#27;[37mPOST&amp#27;[39m &amp#27;[37m/session/7081fb6c-5301-4218-947b-ae986bd08189/element&amp#27;[39m &amp#27;[90m{"using":"id","value":"com.androidsample.generalstore:id/nameField"}&amp#27;[39m
&amp#27;[38;5;139m[7081fb6c]&amp#27;[0m&amp#27;[38;5;-89m[AndroidUiautomator2Driver@193e]&amp#27;[0m Calling AppiumDriver.findElement() with args: ["id","com.androidsample.generalstore:id/nameField","7081fb6c-5301-4218-947b-ae986bd08189"]
&amp#27;[38;5;139m[7081fb6c]&amp#27;[0m&amp#27;[38;5;-89m[AndroidUiautomator2Driver@193e]&amp#27;[0m Valid locator strategies for this request: xpath, id, class name, accessibility id, css selector, -android uiautomator
&amp#27;[38;5;139m[7081fb6c]&amp#27;[0m&amp#27;[38;5;-89m[AndroidUiautomator2Driver@193e]&amp#27;[0m Waiting up to 0 ms for condition
&amp#27;[38;5;139m[7081fb6c]&amp#27;[0m&amp#27;[38;5;-89m[AndroidUiautomator2Driver@193e]&amp#27;[0m Matched '/element' to command name 'findElement'
&amp#27;[38;5;139m[7081fb6c]&amp#27;[0m&amp#27;[38;5;-89m[AndroidUiautomator2Driver@193e]&amp#27;[0m Proxying [POST /element] to [POST http://127.0.0.1:8201/session/071bcf08-2f9e-46a5-b9b9-dc2f94da4176/element] with body: {"strategy":"id","selector":"com.androidsample.generalstore:id/nameField","context":"","multiple":false}
&amp#27;[38;5;139m[7081fb6c]&amp#27;[0m&amp#27;[38;5;-89m[AndroidUiautomator2Driver@193e]&amp#27;[0m Got response with status 404: {"sessionId":"071bcf08-2f9e-46a5-b9b9-dc2f94da4176","value":{"error":"no such element","message":"An element could not be located on the page using the given search parameters","stacktrace":"io.appium.uiautomator2.common.exceptions.ElementNotFoundException: An element could not be located on the page using the given search parameters\n\tat io.appium.uiautomator2.handler.FindElement.safeHandle(FindElement.java:63)\n\tat io.appium.uiautomator2.handler.request.SafeRequestHandler.handle(SafeRequestHandler.java:59)\n\tat io.appium.uiautomator2.server.AppiumServlet.handleRequest(AppiumServlet.java:259)\n\tat io.appium.uiautomator2.server.AppiumServlet.handleHttpRequest(AppiumServlet.java:253)\n\tat io.appium.uiautomator2.http.ServerHandler.channelRead(ServerHandler.java:77)\n\tat io.netty.channel.AbstractChannelHandlerContext.invokeChannelRead(AbstractChannelHandlerContext.java:366)\n\tat io.netty.channel.AbstractChannelHandlerContext.invokeChannelRead(AbstractChannelHandlerContext.java:352)\n\tat io.netty.chann...
&amp#27;[38;5;139m[7081fb6c]&amp#27;[0m&amp#27;[38;5;123m[W3C]&amp#27;[0m Matched W3C error code 'no such element' to NoSuchElementError
&amp#27;[38;5;139m[7081fb6c]&amp#27;[0m&amp#27;[38;5;-89m[AndroidUiautomator2Driver@193e]&amp#27;[0m Encountered internal error running command: NoSuchElementError: An element could not be located on the page using the given search parameters.
    at AndroidUiautomator2Driver.findElOrEls (C:\Users\User1\.appium\node_modules\appium-uiautomator2-driver\node_modules\appium-android-driver\lib\commands\find.ts:86:11)
    at processTicksAndRejections (node:internal/process/task_queues:95:5)
    at AndroidUiautomator2Driver.findElOrElsWithProcessing (C:\Users\User1\AppData\Roaming\npm\node_modules\appium\node_modules\@appium\base-driver\lib\basedriver\commands\find.ts:60:12)
    at AndroidUiautomator2Driver.findElement (C:\Users\User1\AppData\Roaming\npm\node_modules\appium\node_modules\@appium\base-driver\lib\basedriver\commands\find.ts:75:12)
&amp#27;[38;5;139m[7081fb6c]&amp#27;[0m&amp#27;[38;5;86m[HTTP]&amp#27;[0m &amp#27;[37m<-- POST /session/7081fb6c-5301-4218-947b-ae986bd08189/element &amp#27;[39m&amp#27;[33m404&amp#27;[39m &amp#27;[90m27 ms - 890&amp#27;[39m &amp#27;[90m&amp#27;[39m
&amp#27;[38;5;139m[7081fb6c]&amp#27;[0m&amp#27;[38;5;86m[HTTP]&amp#27;[0m &amp#27;[37m-->&amp#27;[39m &amp#27;[37mPOST&amp#27;[39m &amp#27;[37m/session/7081fb6c-5301-4218-947b-ae986bd08189/element&amp#27;[39m &amp#27;[90m{"using":"id","value":"com.androidsample.generalstore:id/nameField"}&amp#27;[39m
&amp#27;[38;5;139m[7081fb6c]&amp#27;[0m&amp#27;[38;5;-89m[AndroidUiautomator2Driver@193e]&amp#27;[0m Calling AppiumDriver.findElement() with args: ["id","com.androidsample.generalstore:id/nameField","7081fb6c-5301-4218-947b-ae986bd08189"]
&amp#27;[38;5;139m[7081fb6c]&amp#27;[0m&amp#27;[38;5;-89m[AndroidUiautomator2Driver@193e]&amp#27;[0m Valid locator strategies for this request: xpath, id, class name, accessibility id, css selector, -android uiautomator
&amp#27;[38;5;139m[7081fb6c]&amp#27;[0m&amp#27;[38;5;-89m[AndroidUiautomator2Driver@193e]&amp#27;[0m Waiting up to 0 ms for condition
&amp#27;[38;5;139m[7081fb6c]&amp#27;[0m&amp#27;[38;5;-89m[AndroidUiautomator2Driver@193e]&amp#27;[0m Matched '/element' to command name 'findElement'
&amp#27;[38;5;139m[7081fb6c]&amp#27;[0m&amp#27;[38;5;-89m[AndroidUiautomator2Driver@193e]&amp#27;[0m Proxying [POST /element] to [POST http://127.0.0.1:8201/session/071bcf08-2f9e-46a5-b9b9-dc2f94da4176/element] with body: {"strategy":"id","selector":"com.androidsample.generalstore:id/nameField","context":"","multiple":false}
&amp#27;[38;5;139m[7081fb6c]&amp#27;[0m&amp#27;[38;5;-89m[AndroidUiautomator2Driver@193e]&amp#27;[0m Got response with status 200: {"sessionId":"071bcf08-2f9e-46a5-b9b9-dc2f94da4176","value":{"ELEMENT":"00000000-0000-0748-ffff-ffff0000001c","element-6066-11e4-a52e-4f735466cecf":"00000000-0000-0748-ffff-ffff0000001c"}}
&amp#27;[38;5;139m[7081fb6c]&amp#27;[0m&amp#27;[38;5;-89m[AndroidUiautomator2Driver@193e]&amp#27;[0m Responding to client with driver.findElement() result: {"element-6066-11e4-a52e-4f735466cecf":"00000000-0000-0748-ffff-ffff0000001c","ELEMENT":"00000000-0000-0748-ffff-ffff0000001c"}
&amp#27;[38;5;139m[7081fb6c]&amp#27;[0m&amp#27;[38;5;86m[HTTP]&amp#27;[0m &amp#27;[37m<-- POST /session/7081fb6c-5301-4218-947b-ae986bd08189/element &amp#27;[39m&amp#27;[32m200&amp#27;[39m &amp#27;[90m1707 ms - 137&amp#27;[39m &amp#27;[90m&amp#27;[39m
&amp#27;[38;5;139m[7081fb6c]&amp#27;[0m&amp#27;[38;5;86m[HTTP]&amp#27;[0m &amp#27;[37m-->&amp#27;[39m &amp#27;[37mGET&amp#27;[39m &amp#27;[37m/session/7081fb6c-5301-4218-947b-ae986bd08189/element/00000000-0000-0748-ffff-ffff0000001c/displayed&amp#27;[39m &amp#27;[90m{}&amp#27;[39m
&amp#27;[38;5;139m[7081fb6c]&amp#27;[0m&amp#27;[38;5;-89m[AndroidUiautomator2Driver@193e]&amp#27;[0m Calling AppiumDriver.elementDisplayed() with args: ["00000000-0000-0748-ffff-ffff0000001c","7081fb6c-5301-4218-947b-ae986bd08189"]
&amp#27;[38;5;139m[7081fb6c]&amp#27;[0m&amp#27;[38;5;-89m[AndroidUiautomator2Driver@193e]&amp#27;[0m Matched '/element/00000000-0000-0748-ffff-ffff0000001c/attribute/displayed' to command name 'getAttribute'
&amp#27;[38;5;139m[7081fb6c]&amp#27;[0m&amp#27;[38;5;-89m[AndroidUiautomator2Driver@193e]&amp#27;[0m Proxying [GET /element/00000000-0000-0748-ffff-ffff0000001c/attribute/displayed] to [GET http://127.0.0.1:8201/session/071bcf08-2f9e-46a5-b9b9-dc2f94da4176/element/00000000-0000-0748-ffff-ffff0000001c/attribute/displayed] with no body
&amp#27;[38;5;139m[7081fb6c]&amp#27;[0m&amp#27;[38;5;-89m[AndroidUiautomator2Driver@193e]&amp#27;[0m Got response with status 200: {"sessionId":"071bcf08-2f9e-46a5-b9b9-dc2f94da4176","value":"true"}
&amp#27;[38;5;139m[7081fb6c]&amp#27;[0m&amp#27;[38;5;-89m[AndroidUiautomator2Driver@193e]&amp#27;[0m Responding to client with driver.elementDisplayed() result: true
&amp#27;[38;5;139m[7081fb6c]&amp#27;[0m&amp#27;[38;5;86m[HTTP]&amp#27;[0m &amp#27;[37m<-- GET /session/7081fb6c-5301-4218-947b-ae986bd08189/element/00000000-0000-0748-ffff-ffff0000001c/displayed &amp#27;[39m&amp#27;[32m200&amp#27;[39m &amp#27;[90m18 ms - 14&amp#27;[39m &amp#27;[90m&amp#27;[39m
&amp#27;[38;5;139m[7081fb6c]&amp#27;[0m&amp#27;[38;5;86m[HTTP]&amp#27;[0m &amp#27;[37m-->&amp#27;[39m &amp#27;[37mGET&amp#27;[39m &amp#27;[37m/session/7081fb6c-5301-4218-947b-ae986bd08189/context&amp#27;[39m &amp#27;[90m{}&amp#27;[39m
&amp#27;[38;5;139m[7081fb6c]&amp#27;[0m&amp#27;[38;5;-89m[AndroidUiautomator2Driver@193e]&amp#27;[0m Calling AppiumDriver.getCurrentContext() with args: ["7081fb6c-5301-4218-947b-ae986bd08189"]
&amp#27;[38;5;139m[7081fb6c]&amp#27;[0m&amp#27;[38;5;-89m[AndroidUiautomator2Driver@193e]&amp#27;[0m Responding to client with driver.getCurrentContext() result: "NATIVE_APP"
&amp#27;[38;5;139m[7081fb6c]&amp#27;[0m&amp#27;[38;5;86m[HTTP]&amp#27;[0m &amp#27;[37m<-- GET /session/7081fb6c-5301-4218-947b-ae986bd08189/context &amp#27;[39m&amp#27;[32m200&amp#27;[39m &amp#27;[90m1 ms - 22&amp#27;[39m &amp#27;[90m&amp#27;[39m
&amp#27;[38;5;139m[7081fb6c]&amp#27;[0m&amp#27;[38;5;86m[HTTP]&amp#27;[0m &amp#27;[37m-->&amp#27;[39m &amp#27;[37mPOST&amp#27;[39m &amp#27;[37m/session/7081fb6c-5301-4218-947b-ae986bd08189/element&amp#27;[39m &amp#27;[90m{"using":"id","value":"com.androidsample.generalstore:id/nameField"}&amp#27;[39m
&amp#27;[38;5;139m[7081fb6c]&amp#27;[0m&amp#27;[38;5;-89m[AndroidUiautomator2Driver@193e]&amp#27;[0m Calling AppiumDriver.findElement() with args: ["id","com.androidsample.generalstore:id/nameField","7081fb6c-5301-4218-947b-ae986bd08189"]
&amp#27;[38;5;139m[7081fb6c]&amp#27;[0m&amp#27;[38;5;-89m[AndroidUiautomator2Driver@193e]&amp#27;[0m Valid locator strategies for this request: xpath, id, class name, accessibility id, css selector, -android uiautomator
&amp#27;[38;5;139m[7081fb6c]&amp#27;[0m&amp#27;[38;5;-89m[AndroidUiautomator2Driver@193e]&amp#27;[0m Waiting up to 0 ms for condition
&amp#27;[38;5;139m[7081fb6c]&amp#27;[0m&amp#27;[38;5;-89m[AndroidUiautomator2Driver@193e]&amp#27;[0m Matched '/element' to command name 'findElement'
&amp#27;[38;5;139m[7081fb6c]&amp#27;[0m&amp#27;[38;5;-89m[AndroidUiautomator2Driver@193e]&amp#27;[0m Proxying [POST /element] to [POST http://127.0.0.1:8201/session/071bcf08-2f9e-46a5-b9b9-dc2f94da4176/element] with body: {"strategy":"id","selector":"com.androidsample.generalstore:id/nameField","context":"","multiple":false}
&amp#27;[38;5;139m[7081fb6c]&amp#27;[0m&amp#27;[38;5;-89m[AndroidUiautomator2Driver@193e]&amp#27;[0m Got response with status 200: {"sessionId":"071bcf08-2f9e-46a5-b9b9-dc2f94da4176","value":{"ELEMENT":"00000000-0000-0748-ffff-ffff0000001c","element-6066-11e4-a52e-4f735466cecf":"00000000-0000-0748-ffff-ffff0000001c"}}
&amp#27;[38;5;139m[7081fb6c]&amp#27;[0m&amp#27;[38;5;-89m[AndroidUiautomator2Driver@193e]&amp#27;[0m Responding to client with driver.findElement() result: {"element-6066-11e4-a52e-4f735466cecf":"00000000-0000-0748-ffff-ffff0000001c","ELEMENT":"00000000-0000-0748-ffff-ffff0000001c"}
&amp#27;[38;5;139m[7081fb6c]&amp#27;[0m&amp#27;[38;5;86m[HTTP]&amp#27;[0m &amp#27;[37m<-- POST /session/7081fb6c-5301-4218-947b-ae986bd08189/element &amp#27;[39m&amp#27;[32m200&amp#27;[39m &amp#27;[90m30 ms - 137&amp#27;[39m &amp#27;[90m&amp#27;[39m
&amp#27;[38;5;139m[7081fb6c]&amp#27;[0m&amp#27;[38;5;86m[HTTP]&amp#27;[0m &amp#27;[37m-->&amp#27;[39m &amp#27;[37mPOST&amp#27;[39m &amp#27;[37m/session/7081fb6c-5301-4218-947b-ae986bd08189/element/00000000-0000-0748-ffff-ffff0000001c/value&amp#27;[39m &amp#27;[90m{"value":["R","a","j"],"text":"Raj","id":"00000000-0000-0748-ffff-ffff0000001c"}&amp#27;[39m
&amp#27;[38;5;139m[7081fb6c]&amp#27;[0m&amp#27;[38;5;-89m[AndroidUiautomator2Driver@193e]&amp#27;[0m Calling AppiumDriver.setValue() with args: [["R","a","j"],"00000000-0000-0748-ffff-ffff0000001c","7081fb6c-5301-4218-947b-ae986bd08189"]
&amp#27;[38;5;139m[7081fb6c]&amp#27;[0m&amp#27;[38;5;-89m[AndroidUiautomator2Driver@193e]&amp#27;[0m Matched '/element/00000000-0000-0748-ffff-ffff0000001c/value' to command name 'setValue'
&amp#27;[38;5;139m[7081fb6c]&amp#27;[0m&amp#27;[38;5;-89m[AndroidUiautomator2Driver@193e]&amp#27;[0m Added 'value' property ["R","a","j"] to 'setValue' request body
&amp#27;[38;5;139m[7081fb6c]&amp#27;[0m&amp#27;[38;5;-89m[AndroidUiautomator2Driver@193e]&amp#27;[0m Proxying [POST /element/00000000-0000-0748-ffff-ffff0000001c/value] to [POST http://127.0.0.1:8201/session/071bcf08-2f9e-46a5-b9b9-dc2f94da4176/element/00000000-0000-0748-ffff-ffff0000001c/value] with body: {"elementId":"00000000-0000-0748-ffff-ffff0000001c","text":"Raj","replace":false,"value":["R","a","j"]}
&amp#27;[38;5;139m[7081fb6c]&amp#27;[0m&amp#27;[38;5;-89m[AndroidUiautomator2Driver@193e]&amp#27;[0m Got response with status 200: {"sessionId":"071bcf08-2f9e-46a5-b9b9-dc2f94da4176","value":null}
&amp#27;[38;5;139m[7081fb6c]&amp#27;[0m&amp#27;[38;5;-89m[AndroidUiautomator2Driver@193e]&amp#27;[0m Responding to client with driver.setValue() result: null
&amp#27;[38;5;139m[7081fb6c]&amp#27;[0m&amp#27;[38;5;86m[HTTP]&amp#27;[0m &amp#27;[37m<-- POST /session/7081fb6c-5301-4218-947b-ae986bd08189/element/00000000-0000-0748-ffff-ffff0000001c/value &amp#27;[39m&amp#27;[32m200&amp#27;[39m &amp#27;[90m550 ms - 14&amp#27;[39m &amp#27;[90m&amp#27;[39m
&amp#27;[38;5;139m[7081fb6c]&amp#27;[0m&amp#27;[38;5;86m[HTTP]&amp#27;[0m &amp#27;[37m-->&amp#27;[39m &amp#27;[37mPOST&amp#27;[39m &amp#27;[37m/session/7081fb6c-5301-4218-947b-ae986bd08189/execute/sync&amp#27;[39m &amp#27;[90m{"script":"mobile: hideKeyboard","args":[]}&amp#27;[39m
&amp#27;[38;5;139m[7081fb6c]&amp#27;[0m&amp#27;[38;5;-89m[AndroidUiautomator2Driver@193e]&amp#27;[0m Calling AppiumDriver.execute() with args: ["mobile: hideKeyboard",[],"7081fb6c-5301-4218-947b-ae986bd08189"]
&amp#27;[38;5;139m[7081fb6c]&amp#27;[0m&amp#27;[38;5;-89m[AndroidUiautomator2Driver@193e]&amp#27;[0m Executing native command 'mobile: hideKeyboard'
&amp#27;[38;5;139m[7081fb6c]&amp#27;[0m&amp#27;[38;5;229m[ADB]&amp#27;[0m Running 'C:\Users\User1\AppData\Local\Android\Sdk\platform-tools\adb.exe -P 5037 -s emulator-5554 shell dumpsys input_method'
&amp#27;[38;5;139m[7081fb6c]&amp#27;[0m&amp#27;[38;5;229m[ADB]&amp#27;[0m Keyboard has no UI; no closing necessary
&amp#27;[38;5;139m[7081fb6c]&amp#27;[0m&amp#27;[38;5;-89m[AndroidUiautomator2Driver@193e]&amp#27;[0m Responding to client with driver.execute() result: false
&amp#27;[38;5;139m[7081fb6c]&amp#27;[0m&amp#27;[38;5;86m[HTTP]&amp#27;[0m &amp#27;[37m<-- POST /session/7081fb6c-5301-4218-947b-ae986bd08189/execute/sync &amp#27;[39m&amp#27;[32m200&amp#27;[39m &amp#27;[90m419 ms - 15&amp#27;[39m &amp#27;[90m&amp#27;[39m
&amp#27;[38;5;139m[7081fb6c]&amp#27;[0m&amp#27;[38;5;86m[HTTP]&amp#27;[0m &amp#27;[37m-->&amp#27;[39m &amp#27;[37mGET&amp#27;[39m &amp#27;[37m/session/7081fb6c-5301-4218-947b-ae986bd08189/context&amp#27;[39m &amp#27;[90m{}&amp#27;[39m
&amp#27;[38;5;139m[7081fb6c]&amp#27;[0m&amp#27;[38;5;-89m[AndroidUiautomator2Driver@193e]&amp#27;[0m Calling AppiumDriver.getCurrentContext() with args: ["7081fb6c-5301-4218-947b-ae986bd08189"]
&amp#27;[38;5;139m[7081fb6c]&amp#27;[0m&amp#27;[38;5;-89m[AndroidUiautomator2Driver@193e]&amp#27;[0m Responding to client with driver.getCurrentContext() result: "NATIVE_APP"
&amp#27;[38;5;139m[7081fb6c]&amp#27;[0m&amp#27;[38;5;86m[HTTP]&amp#27;[0m &amp#27;[37m<-- GET /session/7081fb6c-5301-4218-947b-ae986bd08189/context &amp#27;[39m&amp#27;[32m200&amp#27;[39m &amp#27;[90m1 ms - 22&amp#27;[39m &amp#27;[90m&amp#27;[39m
&amp#27;[38;5;139m[7081fb6c]&amp#27;[0m&amp#27;[38;5;86m[HTTP]&amp#27;[0m &amp#27;[37m-->&amp#27;[39m &amp#27;[37mPOST&amp#27;[39m &amp#27;[37m/session/7081fb6c-5301-4218-947b-ae986bd08189/element&amp#27;[39m &amp#27;[90m{"using":"xpath","value":"//android.widget.RadioButton[@text='Male']"}&amp#27;[39m
&amp#27;[38;5;139m[7081fb6c]&amp#27;[0m&amp#27;[38;5;-89m[AndroidUiautomator2Driver@193e]&amp#27;[0m Calling AppiumDriver.findElement() with args: ["xpath","//android.widget.RadioButton[@text='Male']","7081fb6c-5301-4218-947b-ae986bd08189"]
&amp#27;[38;5;139m[7081fb6c]&amp#27;[0m&amp#27;[38;5;-89m[AndroidUiautomator2Driver@193e]&amp#27;[0m Valid locator strategies for this request: xpath, id, class name, accessibility id, css selector, -android uiautomator
&amp#27;[38;5;139m[7081fb6c]&amp#27;[0m&amp#27;[38;5;-89m[AndroidUiautomator2Driver@193e]&amp#27;[0m Waiting up to 0 ms for condition
&amp#27;[38;5;139m[7081fb6c]&amp#27;[0m&amp#27;[38;5;-89m[AndroidUiautomator2Driver@193e]&amp#27;[0m Matched '/element' to command name 'findElement'
&amp#27;[38;5;139m[7081fb6c]&amp#27;[0m&amp#27;[38;5;-89m[AndroidUiautomator2Driver@193e]&amp#27;[0m Proxying [POST /element] to [POST http://127.0.0.1:8201/session/071bcf08-2f9e-46a5-b9b9-dc2f94da4176/element] with body: {"strategy":"xpath","selector":"//android.widget.RadioButton[@text='Male']","context":"","multiple":false}
&amp#27;[38;5;139m[7081fb6c]&amp#27;[0m&amp#27;[38;5;-89m[AndroidUiautomator2Driver@193e]&amp#27;[0m Got response with status 200: {"sessionId":"071bcf08-2f9e-46a5-b9b9-dc2f94da4176","value":{"ELEMENT":"00000000-0000-0748-ffff-ffff0000001f","element-6066-11e4-a52e-4f735466cecf":"00000000-0000-0748-ffff-ffff0000001f"}}
&amp#27;[38;5;139m[7081fb6c]&amp#27;[0m&amp#27;[38;5;-89m[AndroidUiautomator2Driver@193e]&amp#27;[0m Responding to client with driver.findElement() result: {"element-6066-11e4-a52e-4f735466cecf":"00000000-0000-0748-ffff-ffff0000001f","ELEMENT":"00000000-0000-0748-ffff-ffff0000001f"}
&amp#27;[38;5;139m[7081fb6c]&amp#27;[0m&amp#27;[38;5;86m[HTTP]&amp#27;[0m &amp#27;[37m<-- POST /session/7081fb6c-5301-4218-947b-ae986bd08189/element &amp#27;[39m&amp#27;[32m200&amp#27;[39m &amp#27;[90m975 ms - 137&amp#27;[39m &amp#27;[90m&amp#27;[39m
&amp#27;[38;5;139m[7081fb6c]&amp#27;[0m&amp#27;[38;5;86m[HTTP]&amp#27;[0m &amp#27;[37m-->&amp#27;[39m &amp#27;[37mPOST&amp#27;[39m &amp#27;[37m/session/7081fb6c-5301-4218-947b-ae986bd08189/element/00000000-0000-0748-ffff-ffff0000001f/click&amp#27;[39m &amp#27;[90m{"id":"00000000-0000-0748-ffff-ffff0000001f"}&amp#27;[39m
&amp#27;[38;5;139m[7081fb6c]&amp#27;[0m&amp#27;[38;5;-89m[AndroidUiautomator2Driver@193e]&amp#27;[0m Calling AppiumDriver.click() with args: ["00000000-0000-0748-ffff-ffff0000001f","7081fb6c-5301-4218-947b-ae986bd08189"]
&amp#27;[38;5;139m[7081fb6c]&amp#27;[0m&amp#27;[38;5;-89m[AndroidUiautomator2Driver@193e]&amp#27;[0m Matched '/element/00000000-0000-0748-ffff-ffff0000001f/click' to command name 'click'
&amp#27;[38;5;139m[7081fb6c]&amp#27;[0m&amp#27;[38;5;-89m[AndroidUiautomator2Driver@193e]&amp#27;[0m Proxying [POST /element/00000000-0000-0748-ffff-ffff0000001f/click] to [POST http://127.0.0.1:8201/session/071bcf08-2f9e-46a5-b9b9-dc2f94da4176/element/00000000-0000-0748-ffff-ffff0000001f/click] with body: {"element":"00000000-0000-0748-ffff-ffff0000001f"}
&amp#27;[38;5;139m[7081fb6c]&amp#27;[0m&amp#27;[38;5;-89m[AndroidUiautomator2Driver@193e]&amp#27;[0m Got response with status 200: {"sessionId":"071bcf08-2f9e-46a5-b9b9-dc2f94da4176","value":null}
&amp#27;[38;5;139m[7081fb6c]&amp#27;[0m&amp#27;[38;5;-89m[AndroidUiautomator2Driver@193e]&amp#27;[0m Responding to client with driver.click() result: null
&amp#27;[38;5;139m[7081fb6c]&amp#27;[0m&amp#27;[38;5;86m[HTTP]&amp#27;[0m &amp#27;[37m<-- POST /session/7081fb6c-5301-4218-947b-ae986bd08189/element/00000000-0000-0748-ffff-ffff0000001f/click &amp#27;[39m&amp#27;[32m200&amp#27;[39m &amp#27;[90m572 ms - 14&amp#27;[39m &amp#27;[90m&amp#27;[39m
&amp#27;[38;5;139m[7081fb6c]&amp#27;[0m&amp#27;[38;5;86m[HTTP]&amp#27;[0m &amp#27;[37m-->&amp#27;[39m &amp#27;[37mGET&amp#27;[39m &amp#27;[37m/session/7081fb6c-5301-4218-947b-ae986bd08189/context&amp#27;[39m &amp#27;[90m{}&amp#27;[39m
&amp#27;[38;5;139m[7081fb6c]&amp#27;[0m&amp#27;[38;5;-89m[AndroidUiautomator2Driver@193e]&amp#27;[0m Calling AppiumDriver.getCurrentContext() with args: ["7081fb6c-5301-4218-947b-ae986bd08189"]
&amp#27;[38;5;139m[7081fb6c]&amp#27;[0m&amp#27;[38;5;-89m[AndroidUiautomator2Driver@193e]&amp#27;[0m Responding to client with driver.getCurrentContext() result: "NATIVE_APP"
&amp#27;[38;5;139m[7081fb6c]&amp#27;[0m&amp#27;[38;5;86m[HTTP]&amp#27;[0m &amp#27;[37m<-- GET /session/7081fb6c-5301-4218-947b-ae986bd08189/context &amp#27;[39m&amp#27;[32m200&amp#27;[39m &amp#27;[90m3 ms - 22&amp#27;[39m &amp#27;[90m&amp#27;[39m
&amp#27;[38;5;139m[7081fb6c]&amp#27;[0m&amp#27;[38;5;86m[HTTP]&amp#27;[0m &amp#27;[37m-->&amp#27;[39m &amp#27;[37mPOST&amp#27;[39m &amp#27;[37m/session/7081fb6c-5301-4218-947b-ae986bd08189/element&amp#27;[39m &amp#27;[90m{"using":"id","value":"android:id/text1"}&amp#27;[39m
&amp#27;[38;5;139m[7081fb6c]&amp#27;[0m&amp#27;[38;5;-89m[AndroidUiautomator2Driver@193e]&amp#27;[0m Calling AppiumDriver.findElement() with args: ["id","android:id/text1","7081fb6c-5301-4218-947b-ae986bd08189"]
&amp#27;[38;5;139m[7081fb6c]&amp#27;[0m&amp#27;[38;5;-89m[AndroidUiautomator2Driver@193e]&amp#27;[0m Valid locator strategies for this request: xpath, id, class name, accessibility id, css selector, -android uiautomator
&amp#27;[38;5;139m[7081fb6c]&amp#27;[0m&amp#27;[38;5;-89m[AndroidUiautomator2Driver@193e]&amp#27;[0m Waiting up to 0 ms for condition
&amp#27;[38;5;139m[7081fb6c]&amp#27;[0m&amp#27;[38;5;-89m[AndroidUiautomator2Driver@193e]&amp#27;[0m Matched '/element' to command name 'findElement'
&amp#27;[38;5;139m[7081fb6c]&amp#27;[0m&amp#27;[38;5;-89m[AndroidUiautomator2Driver@193e]&amp#27;[0m Proxying [POST /element] to [POST http://127.0.0.1:8201/session/071bcf08-2f9e-46a5-b9b9-dc2f94da4176/element] with body: {"strategy":"id","selector":"android:id/text1","context":"","multiple":false}
&amp#27;[38;5;139m[7081fb6c]&amp#27;[0m&amp#27;[38;5;-89m[AndroidUiautomator2Driver@193e]&amp#27;[0m Got response with status 200: {"sessionId":"071bcf08-2f9e-46a5-b9b9-dc2f94da4176","value":{"ELEMENT":"00000000-0000-0748-ffff-ffff00000024","element-6066-11e4-a52e-4f735466cecf":"00000000-0000-0748-ffff-ffff00000024"}}
&amp#27;[38;5;139m[7081fb6c]&amp#27;[0m&amp#27;[38;5;-89m[AndroidUiautomator2Driver@193e]&amp#27;[0m Responding to client with driver.findElement() result: {"element-6066-11e4-a52e-4f735466cecf":"00000000-0000-0748-ffff-ffff00000024","ELEMENT":"00000000-0000-0748-ffff-ffff00000024"}
&amp#27;[38;5;139m[7081fb6c]&amp#27;[0m&amp#27;[38;5;86m[HTTP]&amp#27;[0m &amp#27;[37m<-- POST /session/7081fb6c-5301-4218-947b-ae986bd08189/element &amp#27;[39m&amp#27;[32m200&amp#27;[39m &amp#27;[90m46 ms - 137&amp#27;[39m &amp#27;[90m&amp#27;[39m
&amp#27;[38;5;139m[7081fb6c]&amp#27;[0m&amp#27;[38;5;86m[HTTP]&amp#27;[0m &amp#27;[37m-->&amp#27;[39m &amp#27;[37mPOST&amp#27;[39m &amp#27;[37m/session/7081fb6c-5301-4218-947b-ae986bd08189/element/00000000-0000-0748-ffff-ffff00000024/click&amp#27;[39m &amp#27;[90m{"id":"00000000-0000-0748-ffff-ffff00000024"}&amp#27;[39m
&amp#27;[38;5;139m[7081fb6c]&amp#27;[0m&amp#27;[38;5;-89m[AndroidUiautomator2Driver@193e]&amp#27;[0m Calling AppiumDriver.click() with args: ["00000000-0000-0748-ffff-ffff00000024","7081fb6c-5301-4218-947b-ae986bd08189"]
&amp#27;[38;5;139m[7081fb6c]&amp#27;[0m&amp#27;[38;5;-89m[AndroidUiautomator2Driver@193e]&amp#27;[0m Matched '/element/00000000-0000-0748-ffff-ffff00000024/click' to command name 'click'
&amp#27;[38;5;139m[7081fb6c]&amp#27;[0m&amp#27;[38;5;-89m[AndroidUiautomator2Driver@193e]&amp#27;[0m Proxying [POST /element/00000000-0000-0748-ffff-ffff00000024/click] to [POST http://127.0.0.1:8201/session/071bcf08-2f9e-46a5-b9b9-dc2f94da4176/element/00000000-0000-0748-ffff-ffff00000024/click] with body: {"element":"00000000-0000-0748-ffff-ffff00000024"}
&amp#27;[38;5;139m[7081fb6c]&amp#27;[0m&amp#27;[38;5;-89m[AndroidUiautomator2Driver@193e]&amp#27;[0m Got response with status 200: {"sessionId":"071bcf08-2f9e-46a5-b9b9-dc2f94da4176","value":null}
&amp#27;[38;5;139m[7081fb6c]&amp#27;[0m&amp#27;[38;5;-89m[AndroidUiautomator2Driver@193e]&amp#27;[0m Responding to client with driver.click() result: null
&amp#27;[38;5;139m[7081fb6c]&amp#27;[0m&amp#27;[38;5;86m[HTTP]&amp#27;[0m &amp#27;[37m<-- POST /session/7081fb6c-5301-4218-947b-ae986bd08189/element/00000000-0000-0748-ffff-ffff00000024/click &amp#27;[39m&amp#27;[32m200&amp#27;[39m &amp#27;[90m79 ms - 14&amp#27;[39m &amp#27;[90m&amp#27;[39m
&amp#27;[38;5;139m[7081fb6c]&amp#27;[0m&amp#27;[38;5;86m[HTTP]&amp#27;[0m &amp#27;[37m-->&amp#27;[39m &amp#27;[37mPOST&amp#27;[39m &amp#27;[37m/session/7081fb6c-5301-4218-947b-ae986bd08189/element&amp#27;[39m &amp#27;[90m{"using":"-android uiautomator","value":"new UiScrollable(new UiSelector()).scrollIntoView(text(\"Austria\"));"}&amp#27;[39m
&amp#27;[38;5;139m[7081fb6c]&amp#27;[0m&amp#27;[38;5;-89m[AndroidUiautomator2Driver@193e]&amp#27;[0m Calling AppiumDriver.findElement() with args: ["-android uiautomator","new UiScrollable(new UiSelector()).scrollIntoView(text(\"Austria\"));","7081fb6c-5301-4218-947b-ae986bd08189"]
&amp#27;[38;5;139m[7081fb6c]&amp#27;[0m&amp#27;[38;5;-89m[AndroidUiautomator2Driver@193e]&amp#27;[0m Valid locator strategies for this request: xpath, id, class name, accessibility id, css selector, -android uiautomator
&amp#27;[38;5;139m[7081fb6c]&amp#27;[0m&amp#27;[38;5;-89m[AndroidUiautomator2Driver@193e]&amp#27;[0m Waiting up to 0 ms for condition
&amp#27;[38;5;139m[7081fb6c]&amp#27;[0m&amp#27;[38;5;-89m[AndroidUiautomator2Driver@193e]&amp#27;[0m Matched '/element' to command name 'findElement'
&amp#27;[38;5;139m[7081fb6c]&amp#27;[0m&amp#27;[38;5;-89m[AndroidUiautomator2Driver@193e]&amp#27;[0m Proxying [POST /element] to [POST http://127.0.0.1:8201/session/071bcf08-2f9e-46a5-b9b9-dc2f94da4176/element] with body: {"strategy":"-android uiautomator","selector":"new UiScrollable(new UiSelector()).scrollIntoView(text(\"Austria\"));","context":"","multiple":false}
&amp#27;[38;5;139m[7081fb6c]&amp#27;[0m&amp#27;[38;5;-89m[AndroidUiautomator2Driver@193e]&amp#27;[0m Got response with status 200: {"sessionId":"071bcf08-2f9e-46a5-b9b9-dc2f94da4176","value":{"ELEMENT":"00000000-0000-0749-ffff-ffff0000002c","element-6066-11e4-a52e-4f735466cecf":"00000000-0000-0749-ffff-ffff0000002c"}}
&amp#27;[38;5;139m[7081fb6c]&amp#27;[0m&amp#27;[38;5;-89m[AndroidUiautomator2Driver@193e]&amp#27;[0m Responding to client with driver.findElement() result: {"element-6066-11e4-a52e-4f735466cecf":"00000000-0000-0749-ffff-ffff0000002c","ELEMENT":"00000000-0000-0749-ffff-ffff0000002c"}
&amp#27;[38;5;139m[7081fb6c]&amp#27;[0m&amp#27;[38;5;86m[HTTP]&amp#27;[0m &amp#27;[37m<-- POST /session/7081fb6c-5301-4218-947b-ae986bd08189/element &amp#27;[39m&amp#27;[32m200&amp#27;[39m &amp#27;[90m4538 ms - 137&amp#27;[39m &amp#27;[90m&amp#27;[39m
&amp#27;[38;5;139m[7081fb6c]&amp#27;[0m&amp#27;[38;5;86m[HTTP]&amp#27;[0m &amp#27;[37m-->&amp#27;[39m &amp#27;[37mPOST&amp#27;[39m &amp#27;[37m/session/7081fb6c-5301-4218-947b-ae986bd08189/element&amp#27;[39m &amp#27;[90m{"using":"xpath","value":"//android.widget.TextView[@text='Austria']"}&amp#27;[39m
&amp#27;[38;5;139m[7081fb6c]&amp#27;[0m&amp#27;[38;5;-89m[AndroidUiautomator2Driver@193e]&amp#27;[0m Calling AppiumDriver.findElement() with args: ["xpath","//android.widget.TextView[@text='Austria']","7081fb6c-5301-4218-947b-ae986bd08189"]
&amp#27;[38;5;139m[7081fb6c]&amp#27;[0m&amp#27;[38;5;-89m[AndroidUiautomator2Driver@193e]&amp#27;[0m Valid locator strategies for this request: xpath, id, class name, accessibility id, css selector, -android uiautomator
&amp#27;[38;5;139m[7081fb6c]&amp#27;[0m&amp#27;[38;5;-89m[AndroidUiautomator2Driver@193e]&amp#27;[0m Waiting up to 0 ms for condition
&amp#27;[38;5;139m[7081fb6c]&amp#27;[0m&amp#27;[38;5;-89m[AndroidUiautomator2Driver@193e]&amp#27;[0m Matched '/element' to command name 'findElement'
&amp#27;[38;5;139m[7081fb6c]&amp#27;[0m&amp#27;[38;5;-89m[AndroidUiautomator2Driver@193e]&amp#27;[0m Proxying [POST /element] to [POST http://127.0.0.1:8201/session/071bcf08-2f9e-46a5-b9b9-dc2f94da4176/element] with body: {"strategy":"xpath","selector":"//android.widget.TextView[@text='Austria']","context":"","multiple":false}
&amp#27;[38;5;139m[7081fb6c]&amp#27;[0m&amp#27;[38;5;-89m[AndroidUiautomator2Driver@193e]&amp#27;[0m Got response with status 200: {"sessionId":"071bcf08-2f9e-46a5-b9b9-dc2f94da4176","value":{"ELEMENT":"00000000-0000-0749-ffff-ffff0000002c","element-6066-11e4-a52e-4f735466cecf":"00000000-0000-0749-ffff-ffff0000002c"}}
&amp#27;[38;5;139m[7081fb6c]&amp#27;[0m&amp#27;[38;5;-89m[AndroidUiautomator2Driver@193e]&amp#27;[0m Responding to client with driver.findElement() result: {"element-6066-11e4-a52e-4f735466cecf":"00000000-0000-0749-ffff-ffff0000002c","ELEMENT":"00000000-0000-0749-ffff-ffff0000002c"}
&amp#27;[38;5;139m[7081fb6c]&amp#27;[0m&amp#27;[38;5;86m[HTTP]&amp#27;[0m &amp#27;[37m<-- POST /session/7081fb6c-5301-4218-947b-ae986bd08189/element &amp#27;[39m&amp#27;[32m200&amp#27;[39m &amp#27;[90m105 ms - 137&amp#27;[39m &amp#27;[90m&amp#27;[39m
&amp#27;[38;5;139m[7081fb6c]&amp#27;[0m&amp#27;[38;5;86m[HTTP]&amp#27;[0m &amp#27;[37m-->&amp#27;[39m &amp#27;[37mPOST&amp#27;[39m &amp#27;[37m/session/7081fb6c-5301-4218-947b-ae986bd08189/element/00000000-0000-0749-ffff-ffff0000002c/click&amp#27;[39m &amp#27;[90m{"id":"00000000-0000-0749-ffff-ffff0000002c"}&amp#27;[39m
&amp#27;[38;5;139m[7081fb6c]&amp#27;[0m&amp#27;[38;5;-89m[AndroidUiautomator2Driver@193e]&amp#27;[0m Calling AppiumDriver.click() with args: ["00000000-0000-0749-ffff-ffff0000002c","7081fb6c-5301-4218-947b-ae986bd08189"]
&amp#27;[38;5;139m[7081fb6c]&amp#27;[0m&amp#27;[38;5;-89m[AndroidUiautomator2Driver@193e]&amp#27;[0m Matched '/element/00000000-0000-0749-ffff-ffff0000002c/click' to command name 'click'
&amp#27;[38;5;139m[7081fb6c]&amp#27;[0m&amp#27;[38;5;-89m[AndroidUiautomator2Driver@193e]&amp#27;[0m Proxying [POST /element/00000000-0000-0749-ffff-ffff0000002c/click] to [POST http://127.0.0.1:8201/session/071bcf08-2f9e-46a5-b9b9-dc2f94da4176/element/00000000-0000-0749-ffff-ffff0000002c/click] with body: {"element":"00000000-0000-0749-ffff-ffff0000002c"}
&amp#27;[38;5;139m[7081fb6c]&amp#27;[0m&amp#27;[38;5;-89m[AndroidUiautomator2Driver@193e]&amp#27;[0m Got response with status 200: {"sessionId":"071bcf08-2f9e-46a5-b9b9-dc2f94da4176","value":null}
&amp#27;[38;5;139m[7081fb6c]&amp#27;[0m&amp#27;[38;5;-89m[AndroidUiautomator2Driver@193e]&amp#27;[0m Responding to client with driver.click() result: null
&amp#27;[38;5;139m[7081fb6c]&amp#27;[0m&amp#27;[38;5;86m[HTTP]&amp#27;[0m &amp#27;[37m<-- POST /session/7081fb6c-5301-4218-947b-ae986bd08189/element/00000000-0000-0749-ffff-ffff0000002c/click &amp#27;[39m&amp#27;[32m200&amp#27;[39m &amp#27;[90m796 ms - 14&amp#27;[39m &amp#27;[90m&amp#27;[39m
&amp#27;[38;5;139m[7081fb6c]&amp#27;[0m&amp#27;[38;5;86m[HTTP]&amp#27;[0m &amp#27;[37m-->&amp#27;[39m &amp#27;[37mGET&amp#27;[39m &amp#27;[37m/session/7081fb6c-5301-4218-947b-ae986bd08189/context&amp#27;[39m &amp#27;[90m{}&amp#27;[39m
&amp#27;[38;5;139m[7081fb6c]&amp#27;[0m&amp#27;[38;5;-89m[AndroidUiautomator2Driver@193e]&amp#27;[0m Calling AppiumDriver.getCurrentContext() with args: ["7081fb6c-5301-4218-947b-ae986bd08189"]
&amp#27;[38;5;139m[7081fb6c]&amp#27;[0m&amp#27;[38;5;-89m[AndroidUiautomator2Driver@193e]&amp#27;[0m Responding to client with driver.getCurrentContext() result: "NATIVE_APP"
&amp#27;[38;5;139m[7081fb6c]&amp#27;[0m&amp#27;[38;5;86m[HTTP]&amp#27;[0m &amp#27;[37m<-- GET /session/7081fb6c-5301-4218-947b-ae986bd08189/context &amp#27;[39m&amp#27;[32m200&amp#27;[39m &amp#27;[90m2 ms - 22&amp#27;[39m &amp#27;[90m&amp#27;[39m
&amp#27;[38;5;139m[7081fb6c]&amp#27;[0m&amp#27;[38;5;86m[HTTP]&amp#27;[0m &amp#27;[37m-->&amp#27;[39m &amp#27;[37mPOST&amp#27;[39m &amp#27;[37m/session/7081fb6c-5301-4218-947b-ae986bd08189/element&amp#27;[39m &amp#27;[90m{"using":"id","value":"com.androidsample.generalstore:id/btnLetsShop"}&amp#27;[39m
&amp#27;[38;5;139m[7081fb6c]&amp#27;[0m&amp#27;[38;5;-89m[AndroidUiautomator2Driver@193e]&amp#27;[0m Calling AppiumDriver.findElement() with args: ["id","com.androidsample.generalstore:id/btnLetsShop","7081fb6c-5301-4218-947b-ae986bd08189"]
&amp#27;[38;5;139m[7081fb6c]&amp#27;[0m&amp#27;[38;5;-89m[AndroidUiautomator2Driver@193e]&amp#27;[0m Valid locator strategies for this request: xpath, id, class name, accessibility id, css selector, -android uiautomator
&amp#27;[38;5;139m[7081fb6c]&amp#27;[0m&amp#27;[38;5;-89m[AndroidUiautomator2Driver@193e]&amp#27;[0m Waiting up to 0 ms for condition
&amp#27;[38;5;139m[7081fb6c]&amp#27;[0m&amp#27;[38;5;-89m[AndroidUiautomator2Driver@193e]&amp#27;[0m Matched '/element' to command name 'findElement'
&amp#27;[38;5;139m[7081fb6c]&amp#27;[0m&amp#27;[38;5;-89m[AndroidUiautomator2Driver@193e]&amp#27;[0m Proxying [POST /element] to [POST http://127.0.0.1:8201/session/071bcf08-2f9e-46a5-b9b9-dc2f94da4176/element] with body: {"strategy":"id","selector":"com.androidsample.generalstore:id/btnLetsShop","context":"","multiple":false}
&amp#27;[38;5;139m[7081fb6c]&amp#27;[0m&amp#27;[38;5;-89m[AndroidUiautomator2Driver@193e]&amp#27;[0m Got response with status 200: {"sessionId":"071bcf08-2f9e-46a5-b9b9-dc2f94da4176","value":{"ELEMENT":"00000000-0000-0748-ffff-ffff00000021","element-6066-11e4-a52e-4f735466cecf":"00000000-0000-0748-ffff-ffff00000021"}}
&amp#27;[38;5;139m[7081fb6c]&amp#27;[0m&amp#27;[38;5;-89m[AndroidUiautomator2Driver@193e]&amp#27;[0m Responding to client with driver.findElement() result: {"element-6066-11e4-a52e-4f735466cecf":"00000000-0000-0748-ffff-ffff00000021","ELEMENT":"00000000-0000-0748-ffff-ffff00000021"}
&amp#27;[38;5;139m[7081fb6c]&amp#27;[0m&amp#27;[38;5;86m[HTTP]&amp#27;[0m &amp#27;[37m<-- POST /session/7081fb6c-5301-4218-947b-ae986bd08189/element &amp#27;[39m&amp#27;[32m200&amp#27;[39m &amp#27;[90m229 ms - 137&amp#27;[39m &amp#27;[90m&amp#27;[39m
&amp#27;[38;5;139m[7081fb6c]&amp#27;[0m&amp#27;[38;5;86m[HTTP]&amp#27;[0m &amp#27;[37m-->&amp#27;[39m &amp#27;[37mPOST&amp#27;[39m &amp#27;[37m/session/7081fb6c-5301-4218-947b-ae986bd08189/element/00000000-0000-0748-ffff-ffff00000021/click&amp#27;[39m &amp#27;[90m{"id":"00000000-0000-0748-ffff-ffff00000021"}&amp#27;[39m
&amp#27;[38;5;139m[7081fb6c]&amp#27;[0m&amp#27;[38;5;-89m[AndroidUiautomator2Driver@193e]&amp#27;[0m Calling AppiumDriver.click() with args: ["00000000-0000-0748-ffff-ffff00000021","7081fb6c-5301-4218-947b-ae986bd08189"]
&amp#27;[38;5;139m[7081fb6c]&amp#27;[0m&amp#27;[38;5;-89m[AndroidUiautomator2Driver@193e]&amp#27;[0m Matched '/element/00000000-0000-0748-ffff-ffff00000021/click' to command name 'click'
&amp#27;[38;5;139m[7081fb6c]&amp#27;[0m&amp#27;[38;5;-89m[AndroidUiautomator2Driver@193e]&amp#27;[0m Proxying [POST /element/00000000-0000-0748-ffff-ffff00000021/click] to [POST http://127.0.0.1:8201/session/071bcf08-2f9e-46a5-b9b9-dc2f94da4176/element/00000000-0000-0748-ffff-ffff00000021/click] with body: {"element":"00000000-0000-0748-ffff-ffff00000021"}
&amp#27;[38;5;139m[7081fb6c]&amp#27;[0m&amp#27;[38;5;-89m[AndroidUiautomator2Driver@193e]&amp#27;[0m Got response with status 200: {"sessionId":"071bcf08-2f9e-46a5-b9b9-dc2f94da4176","value":null}
&amp#27;[38;5;139m[7081fb6c]&amp#27;[0m&amp#27;[38;5;-89m[AndroidUiautomator2Driver@193e]&amp#27;[0m Responding to client with driver.click() result: null
&amp#27;[38;5;139m[7081fb6c]&amp#27;[0m&amp#27;[38;5;86m[HTTP]&amp#27;[0m &amp#27;[37m<-- POST /session/7081fb6c-5301-4218-947b-ae986bd08189/element/00000000-0000-0748-ffff-ffff00000021/click &amp#27;[39m&amp#27;[32m200&amp#27;[39m &amp#27;[90m1264 ms - 14&amp#27;[39m &amp#27;[90m&amp#27;[39m
&amp#27;[38;5;139m[7081fb6c]&amp#27;[0m&amp#27;[38;5;86m[HTTP]&amp#27;[0m &amp#27;[37m-->&amp#27;[39m &amp#27;[37mGET&amp#27;[39m &amp#27;[37m/session/7081fb6c-5301-4218-947b-ae986bd08189/context&amp#27;[39m &amp#27;[90m{}&amp#27;[39m
&amp#27;[38;5;139m[7081fb6c]&amp#27;[0m&amp#27;[38;5;-89m[AndroidUiautomator2Driver@193e]&amp#27;[0m Calling AppiumDriver.getCurrentContext() with args: ["7081fb6c-5301-4218-947b-ae986bd08189"]
&amp#27;[38;5;139m[7081fb6c]&amp#27;[0m&amp#27;[38;5;-89m[AndroidUiautomator2Driver@193e]&amp#27;[0m Responding to client with driver.getCurrentContext() result: "NATIVE_APP"
&amp#27;[38;5;139m[7081fb6c]&amp#27;[0m&amp#27;[38;5;86m[HTTP]&amp#27;[0m &amp#27;[37m<-- GET /session/7081fb6c-5301-4218-947b-ae986bd08189/context &amp#27;[39m&amp#27;[32m200&amp#27;[39m &amp#27;[90m4 ms - 22&amp#27;[39m &amp#27;[90m&amp#27;[39m
&amp#27;[38;5;139m[7081fb6c]&amp#27;[0m&amp#27;[38;5;86m[HTTP]&amp#27;[0m &amp#27;[37m-->&amp#27;[39m &amp#27;[37mPOST&amp#27;[39m &amp#27;[37m/session/7081fb6c-5301-4218-947b-ae986bd08189/element&amp#27;[39m &amp#27;[90m{"using":"id","value":"com.androidsample.generalstore:id/appbar_btn_cart"}&amp#27;[39m
&amp#27;[38;5;139m[7081fb6c]&amp#27;[0m&amp#27;[38;5;-89m[AndroidUiautomator2Driver@193e]&amp#27;[0m Calling AppiumDriver.findElement() with args: ["id","com.androidsample.generalstore:id/appbar_btn_cart","7081fb6c-5301-4218-947b-ae986bd08189"]
&amp#27;[38;5;139m[7081fb6c]&amp#27;[0m&amp#27;[38;5;-89m[AndroidUiautomator2Driver@193e]&amp#27;[0m Valid locator strategies for this request: xpath, id, class name, accessibility id, css selector, -android uiautomator
&amp#27;[38;5;139m[7081fb6c]&amp#27;[0m&amp#27;[38;5;-89m[AndroidUiautomator2Driver@193e]&amp#27;[0m Waiting up to 0 ms for condition
&amp#27;[38;5;139m[7081fb6c]&amp#27;[0m&amp#27;[38;5;-89m[AndroidUiautomator2Driver@193e]&amp#27;[0m Matched '/element' to command name 'findElement'
&amp#27;[38;5;139m[7081fb6c]&amp#27;[0m&amp#27;[38;5;-89m[AndroidUiautomator2Driver@193e]&amp#27;[0m Proxying [POST /element] to [POST http://127.0.0.1:8201/session/071bcf08-2f9e-46a5-b9b9-dc2f94da4176/element] with body: {"strategy":"id","selector":"com.androidsample.generalstore:id/appbar_btn_cart","context":"","multiple":false}
&amp#27;[38;5;139m[7081fb6c]&amp#27;[0m&amp#27;[38;5;-89m[AndroidUiautomator2Driver@193e]&amp#27;[0m Got response with status 200: {"sessionId":"071bcf08-2f9e-46a5-b9b9-dc2f94da4176","value":{"ELEMENT":"00000000-0000-074a-ffff-ffff00000044","element-6066-11e4-a52e-4f735466cecf":"00000000-0000-074a-ffff-ffff00000044"}}
&amp#27;[38;5;139m[7081fb6c]&amp#27;[0m&amp#27;[38;5;-89m[AndroidUiautomator2Driver@193e]&amp#27;[0m Responding to client with driver.findElement() result: {"element-6066-11e4-a52e-4f735466cecf":"00000000-0000-074a-ffff-ffff00000044","ELEMENT":"00000000-0000-074a-ffff-ffff00000044"}
&amp#27;[38;5;139m[7081fb6c]&amp#27;[0m&amp#27;[38;5;86m[HTTP]&amp#27;[0m &amp#27;[37m<-- POST /session/7081fb6c-5301-4218-947b-ae986bd08189/element &amp#27;[39m&amp#27;[32m200&amp#27;[39m &amp#27;[90m1550 ms - 137&amp#27;[39m &amp#27;[90m&amp#27;[39m
&amp#27;[38;5;139m[7081fb6c]&amp#27;[0m&amp#27;[38;5;86m[HTTP]&amp#27;[0m &amp#27;[37m-->&amp#27;[39m &amp#27;[37mGET&amp#27;[39m &amp#27;[37m/session/7081fb6c-5301-4218-947b-ae986bd08189/element/00000000-0000-074a-ffff-ffff00000044/displayed&amp#27;[39m &amp#27;[90m{}&amp#27;[39m
&amp#27;[38;5;139m[7081fb6c]&amp#27;[0m&amp#27;[38;5;-89m[AndroidUiautomator2Driver@193e]&amp#27;[0m Calling AppiumDriver.elementDisplayed() with args: ["00000000-0000-074a-ffff-ffff00000044","7081fb6c-5301-4218-947b-ae986bd08189"]
&amp#27;[38;5;139m[7081fb6c]&amp#27;[0m&amp#27;[38;5;-89m[AndroidUiautomator2Driver@193e]&amp#27;[0m Matched '/element/00000000-0000-074a-ffff-ffff00000044/attribute/displayed' to command name 'getAttribute'
&amp#27;[38;5;139m[7081fb6c]&amp#27;[0m&amp#27;[38;5;-89m[AndroidUiautomator2Driver@193e]&amp#27;[0m Proxying [GET /element/00000000-0000-074a-ffff-ffff00000044/attribute/displayed] to [GET http://127.0.0.1:8201/session/071bcf08-2f9e-46a5-b9b9-dc2f94da4176/element/00000000-0000-074a-ffff-ffff00000044/attribute/displayed] with no body
&amp#27;[38;5;139m[7081fb6c]&amp#27;[0m&amp#27;[38;5;-89m[AndroidUiautomator2Driver@193e]&amp#27;[0m Got response with status 200: {"sessionId":"071bcf08-2f9e-46a5-b9b9-dc2f94da4176","value":"true"}
&amp#27;[38;5;139m[7081fb6c]&amp#27;[0m&amp#27;[38;5;-89m[AndroidUiautomator2Driver@193e]&amp#27;[0m Responding to client with driver.elementDisplayed() result: true
&amp#27;[38;5;139m[7081fb6c]&amp#27;[0m&amp#27;[38;5;86m[HTTP]&amp#27;[0m &amp#27;[37m<-- GET /session/7081fb6c-5301-4218-947b-ae986bd08189/element/00000000-0000-074a-ffff-ffff00000044/displayed &amp#27;[39m&amp#27;[32m200&amp#27;[39m &amp#27;[90m20 ms - 14&amp#27;[39m &amp#27;[90m&amp#27;[39m
&amp#27;[38;5;139m[7081fb6c]&amp#27;[0m&amp#27;[38;5;86m[HTTP]&amp#27;[0m &amp#27;[37m-->&amp#27;[39m &amp#27;[37mGET&amp#27;[39m &amp#27;[37m/session/7081fb6c-5301-4218-947b-ae986bd08189/context&amp#27;[39m &amp#27;[90m{}&amp#27;[39m
&amp#27;[38;5;139m[7081fb6c]&amp#27;[0m&amp#27;[38;5;-89m[AndroidUiautomator2Driver@193e]&amp#27;[0m Calling AppiumDriver.getCurrentContext() with args: ["7081fb6c-5301-4218-947b-ae986bd08189"]
&amp#27;[38;5;139m[7081fb6c]&amp#27;[0m&amp#27;[38;5;-89m[AndroidUiautomator2Driver@193e]&amp#27;[0m Responding to client with driver.getCurrentContext() result: "NATIVE_APP"
&amp#27;[38;5;139m[7081fb6c]&amp#27;[0m&amp#27;[38;5;86m[HTTP]&amp#27;[0m &amp#27;[37m<-- GET /session/7081fb6c-5301-4218-947b-ae986bd08189/context &amp#27;[39m&amp#27;[32m200&amp#27;[39m &amp#27;[90m1 ms - 22&amp#27;[39m &amp#27;[90m&amp#27;[39m
&amp#27;[38;5;139m[7081fb6c]&amp#27;[0m&amp#27;[38;5;86m[HTTP]&amp#27;[0m &amp#27;[37m-->&amp#27;[39m &amp#27;[37mPOST&amp#27;[39m &amp#27;[37m/session/7081fb6c-5301-4218-947b-ae986bd08189/element&amp#27;[39m &amp#27;[90m{"using":"id","value":"com.androidsample.generalstore:id/appbar_btn_cart"}&amp#27;[39m
&amp#27;[38;5;139m[7081fb6c]&amp#27;[0m&amp#27;[38;5;-89m[AndroidUiautomator2Driver@193e]&amp#27;[0m Calling AppiumDriver.findElement() with args: ["id","com.androidsample.generalstore:id/appbar_btn_cart","7081fb6c-5301-4218-947b-ae986bd08189"]
&amp#27;[38;5;139m[7081fb6c]&amp#27;[0m&amp#27;[38;5;-89m[AndroidUiautomator2Driver@193e]&amp#27;[0m Valid locator strategies for this request: xpath, id, class name, accessibility id, css selector, -android uiautomator
&amp#27;[38;5;139m[7081fb6c]&amp#27;[0m&amp#27;[38;5;-89m[AndroidUiautomator2Driver@193e]&amp#27;[0m Waiting up to 0 ms for condition
&amp#27;[38;5;139m[7081fb6c]&amp#27;[0m&amp#27;[38;5;-89m[AndroidUiautomator2Driver@193e]&amp#27;[0m Matched '/element' to command name 'findElement'
&amp#27;[38;5;139m[7081fb6c]&amp#27;[0m&amp#27;[38;5;-89m[AndroidUiautomator2Driver@193e]&amp#27;[0m Proxying [POST /element] to [POST http://127.0.0.1:8201/session/071bcf08-2f9e-46a5-b9b9-dc2f94da4176/element] with body: {"strategy":"id","selector":"com.androidsample.generalstore:id/appbar_btn_cart","context":"","multiple":false}
&amp#27;[38;5;139m[7081fb6c]&amp#27;[0m&amp#27;[38;5;-89m[AndroidUiautomator2Driver@193e]&amp#27;[0m Got response with status 200: {"sessionId":"071bcf08-2f9e-46a5-b9b9-dc2f94da4176","value":{"ELEMENT":"00000000-0000-074a-ffff-ffff00000044","element-6066-11e4-a52e-4f735466cecf":"00000000-0000-074a-ffff-ffff00000044"}}
&amp#27;[38;5;139m[7081fb6c]&amp#27;[0m&amp#27;[38;5;-89m[AndroidUiautomator2Driver@193e]&amp#27;[0m Responding to client with driver.findElement() result: {"element-6066-11e4-a52e-4f735466cecf":"00000000-0000-074a-ffff-ffff00000044","ELEMENT":"00000000-0000-074a-ffff-ffff00000044"}
&amp#27;[38;5;139m[7081fb6c]&amp#27;[0m&amp#27;[38;5;86m[HTTP]&amp#27;[0m &amp#27;[37m<-- POST /session/7081fb6c-5301-4218-947b-ae986bd08189/element &amp#27;[39m&amp#27;[32m200&amp#27;[39m &amp#27;[90m30 ms - 137&amp#27;[39m &amp#27;[90m&amp#27;[39m
&amp#27;[38;5;139m[7081fb6c]&amp#27;[0m&amp#27;[38;5;86m[HTTP]&amp#27;[0m &amp#27;[37m-->&amp#27;[39m &amp#27;[37mPOST&amp#27;[39m &amp#27;[37m/session/7081fb6c-5301-4218-947b-ae986bd08189/element/00000000-0000-074a-ffff-ffff00000044/click&amp#27;[39m &amp#27;[90m{"id":"00000000-0000-074a-ffff-ffff00000044"}&amp#27;[39m
&amp#27;[38;5;139m[7081fb6c]&amp#27;[0m&amp#27;[38;5;-89m[AndroidUiautomator2Driver@193e]&amp#27;[0m Calling AppiumDriver.click() with args: ["00000000-0000-074a-ffff-ffff00000044","7081fb6c-5301-4218-947b-ae986bd08189"]
&amp#27;[38;5;139m[7081fb6c]&amp#27;[0m&amp#27;[38;5;-89m[AndroidUiautomator2Driver@193e]&amp#27;[0m Matched '/element/00000000-0000-074a-ffff-ffff00000044/click' to command name 'click'
&amp#27;[38;5;139m[7081fb6c]&amp#27;[0m&amp#27;[38;5;-89m[AndroidUiautomator2Driver@193e]&amp#27;[0m Proxying [POST /element/00000000-0000-074a-ffff-ffff00000044/click] to [POST http://127.0.0.1:8201/session/071bcf08-2f9e-46a5-b9b9-dc2f94da4176/element/00000000-0000-074a-ffff-ffff00000044/click] with body: {"element":"00000000-0000-074a-ffff-ffff00000044"}
&amp#27;[38;5;139m[7081fb6c]&amp#27;[0m&amp#27;[38;5;-89m[AndroidUiautomator2Driver@193e]&amp#27;[0m Got response with status 200: {"sessionId":"071bcf08-2f9e-46a5-b9b9-dc2f94da4176","value":null}
&amp#27;[38;5;139m[7081fb6c]&amp#27;[0m&amp#27;[38;5;-89m[AndroidUiautomator2Driver@193e]&amp#27;[0m Responding to client with driver.click() result: null
&amp#27;[38;5;139m[7081fb6c]&amp#27;[0m&amp#27;[38;5;86m[HTTP]&amp#27;[0m &amp#27;[37m<-- POST /session/7081fb6c-5301-4218-947b-ae986bd08189/element/00000000-0000-074a-ffff-ffff00000044/click &amp#27;[39m&amp#27;[32m200&amp#27;[39m &amp#27;[90m84 ms - 14&amp#27;[39m &amp#27;[90m&amp#27;[39m
&amp#27;[38;5;139m[7081fb6c]&amp#27;[0m&amp#27;[38;5;86m[HTTP]&amp#27;[0m &amp#27;[37m-->&amp#27;[39m &amp#27;[37mGET&amp#27;[39m &amp#27;[37m/session/7081fb6c-5301-4218-947b-ae986bd08189/context&amp#27;[39m &amp#27;[90m{}&amp#27;[39m
&amp#27;[38;5;139m[7081fb6c]&amp#27;[0m&amp#27;[38;5;-89m[AndroidUiautomator2Driver@193e]&amp#27;[0m Calling AppiumDriver.getCurrentContext() with args: ["7081fb6c-5301-4218-947b-ae986bd08189"]
&amp#27;[38;5;139m[7081fb6c]&amp#27;[0m&amp#27;[38;5;-89m[AndroidUiautomator2Driver@193e]&amp#27;[0m Responding to client with driver.getCurrentContext() result: "NATIVE_APP"
&amp#27;[38;5;139m[7081fb6c]&amp#27;[0m&amp#27;[38;5;86m[HTTP]&amp#27;[0m &amp#27;[37m<-- GET /session/7081fb6c-5301-4218-947b-ae986bd08189/context &amp#27;[39m&amp#27;[32m200&amp#27;[39m &amp#27;[90m2 ms - 22&amp#27;[39m &amp#27;[90m&amp#27;[39m
&amp#27;[38;5;139m[7081fb6c]&amp#27;[0m&amp#27;[38;5;86m[HTTP]&amp#27;[0m &amp#27;[37m-->&amp#27;[39m &amp#27;[37mPOST&amp#27;[39m &amp#27;[37m/session/7081fb6c-5301-4218-947b-ae986bd08189/element&amp#27;[39m &amp#27;[90m{"using":"xpath","value":"//android.widget.Toast[@text='Please add some product at first']"}&amp#27;[39m
&amp#27;[38;5;139m[7081fb6c]&amp#27;[0m&amp#27;[38;5;-89m[AndroidUiautomator2Driver@193e]&amp#27;[0m Calling AppiumDriver.findElement() with args: ["xpath","//android.widget.Toast[@text='Please add some product at first']","7081fb6c-5301-4218-947b-ae986bd08189"]
&amp#27;[38;5;139m[7081fb6c]&amp#27;[0m&amp#27;[38;5;-89m[AndroidUiautomator2Driver@193e]&amp#27;[0m Valid locator strategies for this request: xpath, id, class name, accessibility id, css selector, -android uiautomator
&amp#27;[38;5;139m[7081fb6c]&amp#27;[0m&amp#27;[38;5;-89m[AndroidUiautomator2Driver@193e]&amp#27;[0m Waiting up to 0 ms for condition
&amp#27;[38;5;139m[7081fb6c]&amp#27;[0m&amp#27;[38;5;-89m[AndroidUiautomator2Driver@193e]&amp#27;[0m Matched '/element' to command name 'findElement'
&amp#27;[38;5;139m[7081fb6c]&amp#27;[0m&amp#27;[38;5;-89m[AndroidUiautomator2Driver@193e]&amp#27;[0m Proxying [POST /element] to [POST http://127.0.0.1:8201/session/071bcf08-2f9e-46a5-b9b9-dc2f94da4176/element] with body: {"strategy":"xpath","selector":"//android.widget.Toast[@text='Please add some product at first']","context":"","multiple":false}
&amp#27;[38;5;139m[7081fb6c]&amp#27;[0m&amp#27;[38;5;-89m[AndroidUiautomator2Driver@193e]&amp#27;[0m Got response with status 200: {"sessionId":"071bcf08-2f9e-46a5-b9b9-dc2f94da4176","value":{"ELEMENT":"ba32ddfd-f901-4349-9632-a919b1638b8c","element-6066-11e4-a52e-4f735466cecf":"ba32ddfd-f901-4349-9632-a919b1638b8c"}}
&amp#27;[38;5;139m[7081fb6c]&amp#27;[0m&amp#27;[38;5;-89m[AndroidUiautomator2Driver@193e]&amp#27;[0m Responding to client with driver.findElement() result: {"element-6066-11e4-a52e-4f735466cecf":"ba32ddfd-f901-4349-9632-a919b1638b8c","ELEMENT":"ba32ddfd-f901-4349-9632-a919b1638b8c"}
&amp#27;[38;5;139m[7081fb6c]&amp#27;[0m&amp#27;[38;5;86m[HTTP]&amp#27;[0m &amp#27;[37m<-- POST /session/7081fb6c-5301-4218-947b-ae986bd08189/element &amp#27;[39m&amp#27;[32m200&amp#27;[39m &amp#27;[90m622 ms - 137&amp#27;[39m &amp#27;[90m&amp#27;[39m
&amp#27;[38;5;139m[7081fb6c]&amp#27;[0m&amp#27;[38;5;86m[HTTP]&amp#27;[0m &amp#27;[37m-->&amp#27;[39m &amp#27;[37mGET&amp#27;[39m &amp#27;[37m/session/7081fb6c-5301-4218-947b-ae986bd08189/element/ba32ddfd-f901-4349-9632-a919b1638b8c/text&amp#27;[39m &amp#27;[90m{}&amp#27;[39m
&amp#27;[38;5;139m[7081fb6c]&amp#27;[0m&amp#27;[38;5;-89m[AndroidUiautomator2Driver@193e]&amp#27;[0m Driver proxy active, passing request on via HTTP proxy
&amp#27;[38;5;139m[7081fb6c]&amp#27;[0m&amp#27;[38;5;-89m[AndroidUiautomator2Driver@193e]&amp#27;[0m Matched '/session/7081fb6c-5301-4218-947b-ae986bd08189/element/ba32ddfd-f901-4349-9632-a919b1638b8c/text' to command name 'getText'
&amp#27;[38;5;139m[7081fb6c]&amp#27;[0m&amp#27;[38;5;-89m[AndroidUiautomator2Driver@193e]&amp#27;[0m Proxying [GET /session/7081fb6c-5301-4218-947b-ae986bd08189/element/ba32ddfd-f901-4349-9632-a919b1638b8c/text] to [GET http://127.0.0.1:8201/session/071bcf08-2f9e-46a5-b9b9-dc2f94da4176/element/ba32ddfd-f901-4349-9632-a919b1638b8c/text] with no body
&amp#27;[38;5;139m[7081fb6c]&amp#27;[0m&amp#27;[38;5;-89m[AndroidUiautomator2Driver@193e]&amp#27;[0m Got response with status 200: {"sessionId":"071bcf08-2f9e-46a5-b9b9-dc2f94da4176","value":"Please add some product at first"}
&amp#27;[38;5;139m[7081fb6c]&amp#27;[0m&amp#27;[38;5;-89m[AndroidUiautomator2Driver@193e]&amp#27;[0m Replacing sessionId 071bcf08-2f9e-46a5-b9b9-dc2f94da4176 with 7081fb6c-5301-4218-947b-ae986bd08189
&amp#27;[38;5;139m[7081fb6c]&amp#27;[0m&amp#27;[38;5;86m[HTTP]&amp#27;[0m &amp#27;[37m<-- GET /session/7081fb6c-5301-4218-947b-ae986bd08189/element/ba32ddfd-f901-4349-9632-a919b1638b8c/text &amp#27;[39m&amp#27;[32m200&amp#27;[39m &amp#27;[90m85 ms - 95&amp#27;[39m &amp#27;[90m&amp#27;[39m
Test Passed: goToCartWithoutAddingProducts
]]></system-out>
  </testcase>
  <testcase name="isProductCostVisible[{name=Raj, country=Austria, product=Converse All Star, genderFemale=Female, genderMale=Male}](1)" classname="testCases.ProductPageTest" time="15.129">
    <system-out><![CDATA[&amp#27;[38;5;139m[7081fb6c]&amp#27;[0m&amp#27;[38;5;86m[HTTP]&amp#27;[0m &amp#27;[37m-->&amp#27;[39m &amp#27;[37mDELETE&amp#27;[39m &amp#27;[37m/session/7081fb6c-5301-4218-947b-ae986bd08189&amp#27;[39m &amp#27;[90m{}&amp#27;[39m
&amp#27;[38;5;139m[7081fb6c]&amp#27;[0m&amp#27;[38;5;-89m[AndroidUiautomator2Driver@193e]&amp#27;[0m Calling AppiumDriver.deleteSession() with args: ["7081fb6c-5301-4218-947b-ae986bd08189"]
&amp#27;[38;5;139m[7081fb6c]&amp#27;[0m&amp#27;[38;5;86m[AppiumDriver@bce2]&amp#27;[0m Event 'quitSessionRequested' logged at 1744635101205 (18:21:41 GMT+0530 (India Standard Time))
&amp#27;[38;5;139m[7081fb6c]&amp#27;[0m&amp#27;[38;5;86m[AppiumDriver@bce2]&amp#27;[0m Removing session 7081fb6c-5301-4218-947b-ae986bd08189 from our master session list
&amp#27;[38;5;139m[7081fb6c]&amp#27;[0m&amp#27;[38;5;-89m[AndroidUiautomator2Driver@193e]&amp#27;[0m Deleting UiAutomator2 session
&amp#27;[38;5;139m[7081fb6c]&amp#27;[0m&amp#27;[38;5;-89m[AndroidUiautomator2Driver@193e]&amp#27;[0m Deleting UiAutomator2 server session
&amp#27;[38;5;139m[7081fb6c]&amp#27;[0m&amp#27;[38;5;-89m[AndroidUiautomator2Driver@193e]&amp#27;[0m Matched '/' to command name 'deleteSession'
&amp#27;[38;5;139m[7081fb6c]&amp#27;[0m&amp#27;[38;5;-89m[AndroidUiautomator2Driver@193e]&amp#27;[0m Proxying [DELETE /] to [DELETE http://127.0.0.1:8201/session/071bcf08-2f9e-46a5-b9b9-dc2f94da4176] with no body
&amp#27;[38;5;139m[7081fb6c]&amp#27;[0m&amp#27;[38;5;-89m[AndroidUiautomator2Driver@193e]&amp#27;[0m Got response with status 200: {"sessionId":"071bcf08-2f9e-46a5-b9b9-dc2f94da4176","value":null}
&amp#27;[38;5;139m[7081fb6c]&amp#27;[0m&amp#27;[38;5;-89m[AndroidUiautomator2Driver@193e]&amp#27;[0m [Instrumentation] io.appium.uiautomator2.server.test.AppiumUiAutomator2Server:
&amp#27;[38;5;139m[7081fb6c]&amp#27;[0m&amp#27;[38;5;-89m[AndroidUiautomator2Driver@193e]&amp#27;[0m [Instrumentation] The process has exited with code null, signal SIGTERM
&amp#27;[38;5;139m[7081fb6c]&amp#27;[0m&amp#27;[38;5;229m[ADB]&amp#27;[0m Running 'C:\Users\User1\AppData\Local\Android\Sdk\platform-tools\adb.exe -P 5037 -s emulator-5554 shell dumpsys activity services io.appium.settings/.recorder.RecorderService'
&amp#27;[38;5;139m[7081fb6c]&amp#27;[0m&amp#27;[38;5;229m[ADB]&amp#27;[0m Running 'C:\Users\User1\AppData\Local\Android\Sdk\platform-tools\adb.exe -P 5037 -s emulator-5554 shell am force-stop com.androidsample.generalstore'
&amp#27;[38;5;139m[7081fb6c]&amp#27;[0m&amp#27;[38;5;229m[ADB]&amp#27;[0m Removing forwarded port socket connection: 8201 
&amp#27;[38;5;139m[7081fb6c]&amp#27;[0m&amp#27;[38;5;229m[ADB]&amp#27;[0m Running 'C:\Users\User1\AppData\Local\Android\Sdk\platform-tools\adb.exe -P 5037 -s emulator-5554 forward --remove tcp:8201'
&amp#27;[38;5;139m[7081fb6c]&amp#27;[0m&amp#27;[38;5;-89m[AndroidUiautomator2Driver@193e]&amp#27;[0m Restoring hidden api policy to the device default configuration
&amp#27;[38;5;139m[7081fb6c]&amp#27;[0m&amp#27;[38;5;229m[ADB]&amp#27;[0m Running 'C:\Users\User1\AppData\Local\Android\Sdk\platform-tools\adb.exe -P 5037 -s emulator-5554 shell 'settings delete global hidden_api_policy_pre_p_apps;settings delete global hidden_api_policy_p_apps;settings delete global hidden_api_policy''
&amp#27;[38;5;139m[7081fb6c]&amp#27;[0m&amp#27;[38;5;160m[Logcat]&amp#27;[0m Stopping logcat capture
&amp#27;[38;5;139m[7081fb6c]&amp#27;[0m&amp#27;[38;5;86m[AppiumDriver@bce2]&amp#27;[0m Event 'quitSessionFinished' logged at 1744635101794 (18:21:41 GMT+0530 (India Standard Time))
&amp#27;[38;5;139m[7081fb6c]&amp#27;[0m&amp#27;[38;5;86m[AppiumDriver@bce2]&amp#27;[0m Received response: null
&amp#27;[38;5;139m[7081fb6c]&amp#27;[0m&amp#27;[38;5;86m[AppiumDriver@bce2]&amp#27;[0m But deleting session, so not returning
&amp#27;[38;5;139m[7081fb6c]&amp#27;[0m&amp#27;[38;5;86m[AppiumDriver@bce2]&amp#27;[0m Responding to client with driver.deleteSession() result: null
&amp#27;[38;5;139m[7081fb6c]&amp#27;[0m&amp#27;[38;5;86m[HTTP]&amp#27;[0m &amp#27;[37m<-- DELETE /session/7081fb6c-5301-4218-947b-ae986bd08189 &amp#27;[39m&amp#27;[32m200&amp#27;[39m &amp#27;[90m591 ms - 14&amp#27;[39m &amp#27;[90m&amp#27;[39m
&amp#27;[38;5;112m[Appium]&amp#27;[0m Welcome to Appium v2.11.5
&amp#27;[38;5;112m[Appium]&amp#27;[0m The autodetected Appium home path: C:\Users\User1\.appium
&amp#27;[38;5;112m[Appium]&amp#27;[0m Attempting to load driver uiautomator2...
&amp#27;[38;5;112m[Appium]&amp#27;[0m Attempting to load driver xcuitest...
&amp#27;[38;5;112m[Appium]&amp#27;[0m Attempting to load driver espresso...
&amp#27;[38;5;112m[Appium]&amp#27;[0m Requiring driver at C:\Users\User1\.appium\node_modules\appium-xcuitest-driver\build\index.js
&amp#27;[38;5;112m[Appium]&amp#27;[0m Requiring driver at C:\Users\User1\.appium\node_modules\appium-espresso-driver\build\index.js
&amp#27;[38;5;112m[Appium]&amp#27;[0m Requiring driver at C:\Users\User1\.appium\node_modules\appium-uiautomator2-driver\build\index.js
&amp#27;[38;5;112m[Appium]&amp#27;[0m XCUITestDriver has been successfully loaded in 3.495s
&amp#27;[38;5;112m[Appium]&amp#27;[0m EspressoDriver has been successfully loaded in 3.496s
&amp#27;[38;5;112m[Appium]&amp#27;[0m AndroidUiautomator2Driver has been successfully loaded in 3.498s
&amp#27;[38;5;112m[Appium]&amp#27;[0m Attempting to load driver gecko...
&amp#27;[38;5;112m[Appium]&amp#27;[0m Requiring driver at C:\Users\User1\.appium\node_modules\appium-geckodriver\build\index.js
&amp#27;[38;5;112m[Appium]&amp#27;[0m GeckoDriver has been successfully loaded in 0.170s
&amp#27;[38;5;112m[Appium]&amp#27;[0m Appium REST http interface listener started on http://0.0.0.0:4723
&amp#27;[38;5;112m[Appium]&amp#27;[0m You can provide the following URLs in your client code to connect to this server:
	http://192.168.0.114:4723/
	http://127.0.0.1:4723/ (only accessible from the same host)
&amp#27;[38;5;112m[Appium]&amp#27;[0m Available drivers:
&amp#27;[38;5;112m[Appium]&amp#27;[0m   - uiautomator2@3.8.0 (automationName 'UiAutomator2')
&amp#27;[38;5;112m[Appium]&amp#27;[0m   - xcuitest@7.27.1 (automationName 'XCUITest')
&amp#27;[38;5;112m[Appium]&amp#27;[0m   - espresso@3.5.0 (automationName 'Espresso')
&amp#27;[38;5;112m[Appium]&amp#27;[0m   - gecko@1.4.0 (automationName 'Gecko')
&amp#27;[38;5;112m[Appium]&amp#27;[0m No plugins have been installed. Use the "appium plugin" command to install the one(s) you want to use.
&amp#27;[38;5;86m[HTTP]&amp#27;[0m &amp#27;[37m-->&amp#27;[39m &amp#27;[37mGET&amp#27;[39m &amp#27;[37m/status&amp#27;[39m &amp#27;[90m{}&amp#27;[39m
&amp#27;[38;5;102m[AppiumDriver@e37c]&amp#27;[0m Calling AppiumDriver.getStatus() with args: []
&amp#27;[38;5;102m[AppiumDriver@e37c]&amp#27;[0m Responding to client with driver.getStatus() result: {"ready":true,"message":"The server is ready to accept new connections","build":{"version":"2.11.5"}}
&amp#27;[38;5;86m[HTTP]&amp#27;[0m &amp#27;[37m<-- GET /status &amp#27;[39m&amp#27;[32m200&amp#27;[39m &amp#27;[90m5 ms - 111&amp#27;[39m &amp#27;[90m&amp#27;[39m
&amp#27;[38;5;86m[HTTP]&amp#27;[0m Request idempotency key: ea78e79f-9216-472e-a6f8-a04914c70adc
&amp#27;[38;5;86m[HTTP]&amp#27;[0m &amp#27;[37m-->&amp#27;[39m &amp#27;[37mPOST&amp#27;[39m &amp#27;[37m/session&amp#27;[39m &amp#27;[90m{"capabilities":{"firstMatch":[{"appium:chromedriverExecutable":"C://Users//User1//Downloads//chromedriver-win64//chromedriver-win64//chromedriver.exe","appium:deviceName":"Rajemulator","platformName":"ANDROID","appium:automationName":"UIAutomator2","appium:app":"C:\\Users\\User1\\eclipse-workspace\\eCommerceFramework//src//main//resources//General-Store.apk"}]}}&amp#27;[39m
&amp#27;[38;5;102m[AppiumDriver@e37c]&amp#27;[0m Calling AppiumDriver.createSession() with args: [null,null,{"firstMatch":[{"appium:chromedriverExecutable":"C://Users//User1//Downloads//chromedriver-win64//chromedriver-win64//chromedriver.exe","appium:deviceName":"Rajemulator","platformName":"ANDROID","appium:automationName":"UIAutomator2","appium:app":"C:\\Users\\User1\\eclipse-workspace\\eCommerceFramework//src//main//resources//General-Store.apk"}]}]
&amp#27;[38;5;102m[AppiumDriver@e37c]&amp#27;[0m Event 'newSessionRequested' logged at 1744635107956 (18:21:47 GMT+0530 (India Standard Time))
&amp#27;[38;5;112m[Appium]&amp#27;[0m Attempting to find matching driver for automationName 'UIAutomator2' and platformName 'ANDROID'
&amp#27;[38;5;112m[Appium]&amp#27;[0m The 'uiautomator2' driver was installed and matched caps.
&amp#27;[38;5;112m[Appium]&amp#27;[0m Will require it at C:\Users\User1\.appium\node_modules\appium-uiautomator2-driver
&amp#27;[38;5;112m[Appium]&amp#27;[0m Requiring driver at C:\Users\User1\.appium\node_modules\appium-uiautomator2-driver\build\index.js
&amp#27;[38;5;102m[AppiumDriver@e37c]&amp#27;[0m Appium v2.11.5 creating new AndroidUiautomator2Driver (v3.8.0) session
&amp#27;[38;5;102m[AppiumDriver@e37c]&amp#27;[0m Checking BaseDriver versions for Appium and AndroidUiautomator2Driver
&amp#27;[38;5;102m[AppiumDriver@e37c]&amp#27;[0m Appium's BaseDriver version is 9.11.5
&amp#27;[38;5;102m[AppiumDriver@e37c]&amp#27;[0m AndroidUiautomator2Driver's BaseDriver version is 9.11.5
&amp#27;[38;5;-144m[AndroidUiautomator2Driver@78b8]&amp#27;[0m 
&amp#27;[38;5;-144m[AndroidUiautomator2Driver@78b8]&amp#27;[0m Creating session with W3C capabilities: {
  "alwaysMatch": {
    "platformName": "ANDROID",
    "appium:chromedriverExecutable": "C://Users//User1//Downloads//chromedriver-win64//chromedriver-win64//chromedriver.exe",
    "appium:deviceName": "Rajemulator",
    "appium:automationName": "UIAutomator2",
    "appium:app": "C:\\Users\\User1\\eclipse-workspace\\eCommerceFramework//src//main//resources//General-Store.apk"
  },
  "firstMatch": [
    {}
  ]
}
&amp#27;[38;5;191m[9ef19643]&amp#27;[0m&amp#27;[38;5;-144m[AndroidUiautomator2Driver@78b8]&amp#27;[0m Session created with session id: 9ef19643-a636-4b54-acc7-9fa329875cd6
&amp#27;[38;5;191m[9ef19643]&amp#27;[0m&amp#27;[38;5;229m[ADB]&amp#27;[0m Found 3 'build-tools' folders under 'C:\Users\User1\AppData\Local\Android\Sdk' (newest first):
&amp#27;[38;5;191m[9ef19643]&amp#27;[0m&amp#27;[38;5;229m[ADB]&amp#27;[0m     C:\Users\User1\AppData\Local\Android\Sdk\build-tools\36.0.0-rc1
&amp#27;[38;5;191m[9ef19643]&amp#27;[0m&amp#27;[38;5;229m[ADB]&amp#27;[0m     C:\Users\User1\AppData\Local\Android\Sdk\build-tools\35.0.0
&amp#27;[38;5;191m[9ef19643]&amp#27;[0m&amp#27;[38;5;229m[ADB]&amp#27;[0m     C:\Users\User1\AppData\Local\Android\Sdk\build-tools\34.0.0
&amp#27;[38;5;191m[9ef19643]&amp#27;[0m&amp#27;[38;5;229m[ADB]&amp#27;[0m Using 'adb.exe' from 'C:\Users\User1\AppData\Local\Android\Sdk\platform-tools\adb.exe'
&amp#27;[38;5;191m[9ef19643]&amp#27;[0m&amp#27;[38;5;229m[ADB]&amp#27;[0m Running 'C:\Users\User1\AppData\Local\Android\Sdk\platform-tools\adb.exe -P 5037 start-server'
&amp#27;[38;5;191m[9ef19643]&amp#27;[0m&amp#27;[38;5;-144m[AndroidUiautomator2Driver@78b8]&amp#27;[0m Retrieving device list
&amp#27;[38;5;191m[9ef19643]&amp#27;[0m&amp#27;[38;5;229m[ADB]&amp#27;[0m Trying to find connected Android devices
&amp#27;[38;5;191m[9ef19643]&amp#27;[0m&amp#27;[38;5;229m[ADB]&amp#27;[0m Getting connected devices
&amp#27;[38;5;191m[9ef19643]&amp#27;[0m&amp#27;[38;5;229m[ADB]&amp#27;[0m Connected devices: [{"udid":"emulator-5554","state":"device"}]
&amp#27;[38;5;191m[9ef19643]&amp#27;[0m&amp#27;[38;5;-144m[AndroidUiautomator2Driver@78b8]&amp#27;[0m Using device: emulator-5554
&amp#27;[38;5;191m[9ef19643]&amp#27;[0m&amp#27;[38;5;229m[ADB]&amp#27;[0m Using 'adb.exe' from 'C:\Users\User1\AppData\Local\Android\Sdk\platform-tools\adb.exe'
&amp#27;[38;5;191m[9ef19643]&amp#27;[0m&amp#27;[38;5;229m[ADB]&amp#27;[0m Running 'C:\Users\User1\AppData\Local\Android\Sdk\platform-tools\adb.exe -P 5037 start-server'
&amp#27;[38;5;191m[9ef19643]&amp#27;[0m&amp#27;[38;5;229m[ADB]&amp#27;[0m Setting device id to emulator-5554
&amp#27;[38;5;191m[9ef19643]&amp#27;[0m&amp#27;[38;5;123m[BaseDriver]&amp#27;[0m Using local app 'C:\Users\User1\eclipse-workspace\eCommerceFramework//src//main//resources//General-Store.apk'
&amp#27;[38;5;191m[9ef19643]&amp#27;[0m&amp#27;[38;5;-144m[AndroidUiautomator2Driver@78b8]&amp#27;[0m Checking whether app is actually present
&amp#27;[38;5;191m[9ef19643]&amp#27;[0m&amp#27;[38;5;229m[ADB]&amp#27;[0m Running 'C:\Users\User1\AppData\Local\Android\Sdk\platform-tools\adb.exe -P 5037 -s emulator-5554 shell getprop ro.build.version.sdk'
&amp#27;[38;5;191m[9ef19643]&amp#27;[0m&amp#27;[38;5;229m[ADB]&amp#27;[0m Current device property 'ro.build.version.sdk': 35
&amp#27;[38;5;191m[9ef19643]&amp#27;[0m&amp#27;[38;5;229m[ADB]&amp#27;[0m Getting device platform version
&amp#27;[38;5;191m[9ef19643]&amp#27;[0m&amp#27;[38;5;229m[ADB]&amp#27;[0m Running 'C:\Users\User1\AppData\Local\Android\Sdk\platform-tools\adb.exe -P 5037 -s emulator-5554 shell getprop ro.build.version.release'
&amp#27;[38;5;191m[9ef19643]&amp#27;[0m&amp#27;[38;5;229m[ADB]&amp#27;[0m Current device property 'ro.build.version.release': 15
&amp#27;[38;5;191m[9ef19643]&amp#27;[0m&amp#27;[38;5;229m[ADB]&amp#27;[0m Device API level: 35
&amp#27;[38;5;191m[9ef19643]&amp#27;[0m&amp#27;[38;5;-144m[AndroidUiautomator2Driver@78b8]&amp#27;[0m Relaxing hidden api policy
&amp#27;[38;5;191m[9ef19643]&amp#27;[0m&amp#27;[38;5;229m[ADB]&amp#27;[0m Running 'C:\Users\User1\AppData\Local\Android\Sdk\platform-tools\adb.exe -P 5037 -s emulator-5554 shell 'settings put global hidden_api_policy_pre_p_apps 1;settings put global hidden_api_policy_p_apps 1;settings put global hidden_api_policy 1''
&amp#27;[38;5;191m[9ef19643]&amp#27;[0m&amp#27;[38;5;-144m[AndroidUiautomator2Driver@78b8]&amp#27;[0m Parsing package and activity from app manifest
&amp#27;[38;5;191m[9ef19643]&amp#27;[0m&amp#27;[38;5;229m[ADB]&amp#27;[0m Running 'C:\Users\User1\AppData\Local\Android\Sdk\platform-tools\adb.exe -P 5037 -s emulator-5554 wait-for-device'
&amp#27;[38;5;191m[9ef19643]&amp#27;[0m&amp#27;[38;5;229m[ADB]&amp#27;[0m Using 'aapt2.exe' from 'C:\Users\User1\AppData\Local\Android\Sdk\build-tools\36.0.0-rc1\aapt2.exe'
&amp#27;[38;5;191m[9ef19643]&amp#27;[0m&amp#27;[38;5;229m[ADB]&amp#27;[0m Reading package manifest: 'C:\\Users\\User1\\AppData\\Local\\Android\\Sdk\\build-tools\\36.0.0-rc1\\aapt2.exe dump badging C:\\Users\\User1\\eclipse-workspace\\eCommerceFramework//src//main//resources//General-Store.apk'
&amp#27;[38;5;191m[9ef19643]&amp#27;[0m&amp#27;[38;5;229m[ADB]&amp#27;[0m Running 'C:\Users\User1\AppData\Local\Android\Sdk\platform-tools\adb.exe -P 5037 -s emulator-5554 shell echo ping'
&amp#27;[38;5;191m[9ef19643]&amp#27;[0m&amp#27;[38;5;229m[ADB]&amp#27;[0m Package name: 'com.androidsample.generalstore'
&amp#27;[38;5;191m[9ef19643]&amp#27;[0m&amp#27;[38;5;229m[ADB]&amp#27;[0m Main activity name: 'com.androidsample.generalstore.SplashActivity'
&amp#27;[38;5;191m[9ef19643]&amp#27;[0m&amp#27;[38;5;-144m[AndroidUiautomator2Driver@78b8]&amp#27;[0m Parsed package and activity are: com.androidsample.generalstore/com.androidsample.generalstore.SplashActivity
&amp#27;[38;5;191m[9ef19643]&amp#27;[0m&amp#27;[38;5;-144m[AndroidUiautomator2Driver@78b8]&amp#27;[0m Pushing settings apk to the device...
&amp#27;[38;5;191m[9ef19643]&amp#27;[0m&amp#27;[38;5;229m[ADB]&amp#27;[0m Getting package info for 'io.appium.settings'
&amp#27;[38;5;191m[9ef19643]&amp#27;[0m&amp#27;[38;5;229m[ADB]&amp#27;[0m Running 'C:\Users\User1\AppData\Local\Android\Sdk\platform-tools\adb.exe -P 5037 -s emulator-5554 shell dumpsys package io.appium.settings'
&amp#27;[38;5;191m[9ef19643]&amp#27;[0m&amp#27;[38;5;229m[ADB]&amp#27;[0m Reading package manifest: 'C:\\Users\\User1\\AppData\\Local\\Android\\Sdk\\build-tools\\36.0.0-rc1\\aapt2.exe dump badging C:\\Users\\User1\\.appium\\node_modules\\appium-uiautomator2-driver\\node_modules\\io.appium.settings\\apks\\settings_apk-debug.apk'
&amp#27;[38;5;191m[9ef19643]&amp#27;[0m&amp#27;[38;5;229m[ADB]&amp#27;[0m The version name of the installed 'io.appium.settings' is greater or equal to the application version name ('5.12.13' >= '5.12.13')
&amp#27;[38;5;191m[9ef19643]&amp#27;[0m&amp#27;[38;5;229m[ADB]&amp#27;[0m There is no need to install/upgrade 'C:\Users\User1\.appium\node_modules\appium-uiautomator2-driver\node_modules\io.appium.settings\apks\settings_apk-debug.apk'
&amp#27;[38;5;191m[9ef19643]&amp#27;[0m&amp#27;[38;5;229m[ADB]&amp#27;[0m Running 'C:\Users\User1\AppData\Local\Android\Sdk\platform-tools\adb.exe -P 5037 -s emulator-5554 shell dumpsys activity services io.appium.settings'
&amp#27;[38;5;191m[9ef19643]&amp#27;[0m&amp#27;[38;5;-144m[AndroidUiautomator2Driver@78b8]&amp#27;[0m io.appium.settings is already running. There is no need to reset its permissions.
&amp#27;[38;5;191m[9ef19643]&amp#27;[0m&amp#27;[38;5;160m[Logcat]&amp#27;[0m Starting logs capture with command: C:\\Users\\User1\\AppData\\Local\\Android\\Sdk\\platform-tools\\adb.exe -P 5037 -s emulator-5554 logcat -v threadtime
&amp#27;[38;5;191m[9ef19643]&amp#27;[0m&amp#27;[38;5;-144m[AndroidUiautomator2Driver@78b8]&amp#27;[0m Forwarding UiAutomator2 Server port 6790 to local port 8201
&amp#27;[38;5;191m[9ef19643]&amp#27;[0m&amp#27;[38;5;229m[ADB]&amp#27;[0m Forwarding system: 8201 to device: 6790
&amp#27;[38;5;191m[9ef19643]&amp#27;[0m&amp#27;[38;5;229m[ADB]&amp#27;[0m Running 'C:\Users\User1\AppData\Local\Android\Sdk\platform-tools\adb.exe -P 5037 -s emulator-5554 forward tcp:8201 tcp:6790'
&amp#27;[38;5;191m[9ef19643]&amp#27;[0m&amp#27;[38;5;229m[ADB]&amp#27;[0m Getting package info for 'io.appium.uiautomator2.server'
&amp#27;[38;5;191m[9ef19643]&amp#27;[0m&amp#27;[38;5;229m[ADB]&amp#27;[0m Running 'C:\Users\User1\AppData\Local\Android\Sdk\platform-tools\adb.exe -P 5037 -s emulator-5554 shell dumpsys package io.appium.uiautomator2.server'
&amp#27;[38;5;191m[9ef19643]&amp#27;[0m&amp#27;[38;5;229m[ADB]&amp#27;[0m Getting install status for io.appium.uiautomator2.server.test
&amp#27;[38;5;191m[9ef19643]&amp#27;[0m&amp#27;[38;5;229m[ADB]&amp#27;[0m Checking app cert for C:\Users\User1\eclipse-workspace\eCommerceFramework//src//main//resources//General-Store.apk
&amp#27;[38;5;191m[9ef19643]&amp#27;[0m&amp#27;[38;5;229m[ADB]&amp#27;[0m Running 'C:\Users\User1\AppData\Local\Android\Sdk\platform-tools\adb.exe -P 5037 -s emulator-5554 shell cmd package list packages'
&amp#27;[38;5;191m[9ef19643]&amp#27;[0m&amp#27;[38;5;229m[ADB]&amp#27;[0m Using 'apksigner.jar' from 'C:\Users\User1\AppData\Local\Android\Sdk\build-tools\36.0.0-rc1\lib\apksigner.jar'
&amp#27;[38;5;191m[9ef19643]&amp#27;[0m&amp#27;[38;5;229m[ADB]&amp#27;[0m Starting apksigner: 'C:\\Program Files\\Java\\jdk-22\\bin\\java.exe' -Xmx1024M -Xss1m -jar C:\\Users\\User1\\AppData\\Local\\Android\\Sdk\\build-tools\\36.0.0-rc1\\lib\\apksigner.jar verify --print-certs C:\\Users\\User1\\eclipse-workspace\\eCommerceFramework//src//main//resources//General-Store.apk
&amp#27;[38;5;191m[9ef19643]&amp#27;[0m&amp#27;[38;5;229m[ADB]&amp#27;[0m Reading package manifest: 'C:\\Users\\User1\\AppData\\Local\\Android\\Sdk\\build-tools\\36.0.0-rc1\\aapt2.exe dump badging C:\\Users\\User1\\.appium\\node_modules\\appium-uiautomator2-driver\\node_modules\\appium-uiautomator2-server\\apks\\appium-uiautomator2-server-v7.0.25.apk'
&amp#27;[38;5;191m[9ef19643]&amp#27;[0m&amp#27;[38;5;229m[ADB]&amp#27;[0m 'io.appium.uiautomator2.server.test' is installed
&amp#27;[38;5;191m[9ef19643]&amp#27;[0m&amp#27;[38;5;229m[ADB]&amp#27;[0m The version name of the installed 'io.appium.uiautomator2.server' is greater or equal to the application version name ('7.0.25' >= '7.0.25')
&amp#27;[38;5;191m[9ef19643]&amp#27;[0m&amp#27;[38;5;-144m[AndroidUiautomator2Driver@78b8]&amp#27;[0m Server packages status: [{"installState":"sameVersionInstalled","appPath":"C:\\Users\\User1\\.appium\\node_modules\\appium-uiautomator2-driver\\node_modules\\appium-uiautomator2-server\\apks\\appium-uiautomator2-server-v7.0.25.apk","appId":"io.appium.uiautomator2.server"},{"installState":"sameVersionInstalled","appPath":"C:\\Users\\User1\\.appium\\node_modules\\appium-uiautomator2-driver\\node_modules\\appium-uiautomator2-server\\apks\\appium-uiautomator2-server-debug-androidTest.apk","appId":"io.appium.uiautomator2.server.test"}]
&amp#27;[38;5;191m[9ef19643]&amp#27;[0m&amp#27;[38;5;-144m[AndroidUiautomator2Driver@78b8]&amp#27;[0m Server packages are not going to be (re)installed
&amp#27;[38;5;191m[9ef19643]&amp#27;[0m&amp#27;[38;5;-144m[AndroidUiautomator2Driver@78b8]&amp#27;[0m Waiting up to 30000ms for services to be available
&amp#27;[38;5;191m[9ef19643]&amp#27;[0m&amp#27;[38;5;229m[ADB]&amp#27;[0m Running 'C:\Users\User1\AppData\Local\Android\Sdk\platform-tools\adb.exe -P 5037 -s emulator-5554 shell pm list instrumentation'
&amp#27;[38;5;191m[9ef19643]&amp#27;[0m&amp#27;[38;5;-144m[AndroidUiautomator2Driver@78b8]&amp#27;[0m Instrumentation target 'io.appium.uiautomator2.server.test/androidx.test.runner.AndroidJUnitRunner' is available
&amp#27;[38;5;191m[9ef19643]&amp#27;[0m&amp#27;[38;5;229m[ADB]&amp#27;[0m Adding packages ["io.appium.settings","io.appium.uiautomator2.server","io.appium.uiautomator2.server.test"] to Doze whitelist
&amp#27;[38;5;191m[9ef19643]&amp#27;[0m&amp#27;[38;5;229m[ADB]&amp#27;[0m Got the following command chunks to execute: [["dumpsys","deviceidle","whitelist","+io.appium.settings",";","dumpsys","deviceidle","whitelist","+io.appium.uiautomator2.server",";","dumpsys","deviceidle","whitelist","+io.appium.uiautomator2.server.test",";"]]
&amp#27;[38;5;191m[9ef19643]&amp#27;[0m&amp#27;[38;5;229m[ADB]&amp#27;[0m Running 'C:\Users\User1\AppData\Local\Android\Sdk\platform-tools\adb.exe -P 5037 -s emulator-5554 shell dumpsys deviceidle whitelist +io.appium.settings ; dumpsys deviceidle whitelist +io.appium.uiautomator2.server ; dumpsys deviceidle whitelist +io.appium.uiautomator2.server.test ;'
&amp#27;[38;5;191m[9ef19643]&amp#27;[0m&amp#27;[38;5;229m[ADB]&amp#27;[0m apksigner stdout: Signer #1 certificate DN: C=US, O=Android, CN=Android Debug
Signer #1 certificate SHA-256 digest: f5f5931c019be6bff8a26255f76ae9ef8a8e631d2a702ec10e91110231549eef
Signer #1 certificate SHA-1 digest: b250161db8b5d0a1bd39154c9fd749bdad79c1a3
Signer #1 certificate MD5 digest: 7a5550323d84472ca25a0861c63e0a6c

&amp#27;[38;5;191m[9ef19643]&amp#27;[0m&amp#27;[38;5;229m[ADB]&amp#27;[0m 'C:\Users\User1\eclipse-workspace\eCommerceFramework//src//main//resources//General-Store.apk' is signed with a non-default certificate
&amp#27;[38;5;191m[9ef19643]&amp#27;[0m&amp#27;[38;5;229m[ADB]&amp#27;[0m Getting package info for 'com.androidsample.generalstore'
&amp#27;[38;5;191m[9ef19643]&amp#27;[0m&amp#27;[38;5;229m[ADB]&amp#27;[0m Running 'C:\Users\User1\AppData\Local\Android\Sdk\platform-tools\adb.exe -P 5037 -s emulator-5554 shell dumpsys package com.androidsample.generalstore'
&amp#27;[38;5;191m[9ef19643]&amp#27;[0m&amp#27;[38;5;229m[ADB]&amp#27;[0m Reading package manifest: 'C:\\Users\\User1\\AppData\\Local\\Android\\Sdk\\build-tools\\36.0.0-rc1\\aapt2.exe dump badging C:\\Users\\User1\\eclipse-workspace\\eCommerceFramework//src//main//resources//General-Store.apk'
&amp#27;[38;5;191m[9ef19643]&amp#27;[0m&amp#27;[38;5;229m[ADB]&amp#27;[0m The version name of the installed 'com.androidsample.generalstore' is greater or equal to the application version name ('1.0.0' >= '1.0.0')
&amp#27;[38;5;191m[9ef19643]&amp#27;[0m&amp#27;[38;5;229m[ADB]&amp#27;[0m There is no need to install/upgrade 'C:\Users\User1\eclipse-workspace\eCommerceFramework//src//main//resources//General-Store.apk'
&amp#27;[38;5;191m[9ef19643]&amp#27;[0m&amp#27;[38;5;-144m[AndroidUiautomator2Driver@78b8]&amp#27;[0m Performing fast reset on 'com.androidsample.generalstore'
&amp#27;[38;5;191m[9ef19643]&amp#27;[0m&amp#27;[38;5;229m[ADB]&amp#27;[0m Getting install status for com.androidsample.generalstore
&amp#27;[38;5;191m[9ef19643]&amp#27;[0m&amp#27;[38;5;229m[ADB]&amp#27;[0m Running 'C:\Users\User1\AppData\Local\Android\Sdk\platform-tools\adb.exe -P 5037 -s emulator-5554 shell cmd package list packages'
&amp#27;[38;5;191m[9ef19643]&amp#27;[0m&amp#27;[38;5;229m[ADB]&amp#27;[0m 'com.androidsample.generalstore' is installed
&amp#27;[38;5;191m[9ef19643]&amp#27;[0m&amp#27;[38;5;229m[ADB]&amp#27;[0m Running 'C:\Users\User1\AppData\Local\Android\Sdk\platform-tools\adb.exe -P 5037 -s emulator-5554 shell am force-stop com.androidsample.generalstore'
&amp#27;[38;5;191m[9ef19643]&amp#27;[0m&amp#27;[38;5;229m[ADB]&amp#27;[0m Running 'C:\Users\User1\AppData\Local\Android\Sdk\platform-tools\adb.exe -P 5037 -s emulator-5554 shell pm clear com.androidsample.generalstore'
&amp#27;[38;5;191m[9ef19643]&amp#27;[0m&amp#27;[38;5;-144m[AndroidUiautomator2Driver@78b8]&amp#27;[0m Performed fast reset on the installed 'com.androidsample.generalstore' application (stop and clear)
&amp#27;[38;5;191m[9ef19643]&amp#27;[0m&amp#27;[38;5;-144m[AndroidUiautomator2Driver@78b8]&amp#27;[0m Performing shallow cleanup of automation leftovers
&amp#27;[38;5;191m[9ef19643]&amp#27;[0m&amp#27;[38;5;-144m[AndroidUiautomator2Driver@78b8]&amp#27;[0m No obsolete sessions have been detected (socket hang up)
&amp#27;[38;5;191m[9ef19643]&amp#27;[0m&amp#27;[38;5;229m[ADB]&amp#27;[0m Running 'C:\Users\User1\AppData\Local\Android\Sdk\platform-tools\adb.exe -P 5037 -s emulator-5554 shell am force-stop io.appium.uiautomator2.server'
&amp#27;[38;5;191m[9ef19643]&amp#27;[0m&amp#27;[38;5;229m[ADB]&amp#27;[0m Running 'C:\Users\User1\AppData\Local\Android\Sdk\platform-tools\adb.exe -P 5037 -s emulator-5554 shell am force-stop io.appium.uiautomator2.server.test'
&amp#27;[38;5;191m[9ef19643]&amp#27;[0m&amp#27;[38;5;-144m[AndroidUiautomator2Driver@78b8]&amp#27;[0m Starting UIAutomator2 server 7.0.25
&amp#27;[38;5;191m[9ef19643]&amp#27;[0m&amp#27;[38;5;-144m[AndroidUiautomator2Driver@78b8]&amp#27;[0m Using UIAutomator2 server from 'C:\Users\User1\.appium\node_modules\appium-uiautomator2-driver\node_modules\appium-uiautomator2-server\apks\appium-uiautomator2-server-v7.0.25.apk' and test from 'C:\Users\User1\.appium\node_modules\appium-uiautomator2-driver\node_modules\appium-uiautomator2-server\apks\appium-uiautomator2-server-debug-androidTest.apk'
&amp#27;[38;5;191m[9ef19643]&amp#27;[0m&amp#27;[38;5;-144m[AndroidUiautomator2Driver@78b8]&amp#27;[0m Waiting up to 30000ms for UiAutomator2 to be online...
&amp#27;[38;5;191m[9ef19643]&amp#27;[0m&amp#27;[38;5;229m[ADB]&amp#27;[0m Creating ADB subprocess with args: ["-P","5037","-s","emulator-5554","shell","am","instrument","-w","-e","disableAnalytics","true","io.appium.uiautomator2.server.test/androidx.test.runner.AndroidJUnitRunner"]
&amp#27;[38;5;191m[9ef19643]&amp#27;[0m&amp#27;[38;5;-144m[AndroidUiautomator2Driver@78b8]&amp#27;[0m Matched '/status' to command name 'getStatus'
&amp#27;[38;5;191m[9ef19643]&amp#27;[0m&amp#27;[38;5;-144m[AndroidUiautomator2Driver@78b8]&amp#27;[0m Proxying [GET /status] to [GET http://127.0.0.1:8201/status] with no body
&amp#27;[38;5;191m[9ef19643]&amp#27;[0m&amp#27;[38;5;-144m[AndroidUiautomator2Driver@78b8]&amp#27;[0m socket hang up
&amp#27;[38;5;191m[9ef19643]&amp#27;[0m&amp#27;[38;5;-144m[AndroidUiautomator2Driver@78b8]&amp#27;[0m Matched '/status' to command name 'getStatus'
&amp#27;[38;5;191m[9ef19643]&amp#27;[0m&amp#27;[38;5;-144m[AndroidUiautomator2Driver@78b8]&amp#27;[0m Proxying [GET /status] to [GET http://127.0.0.1:8201/status] with no body
&amp#27;[38;5;191m[9ef19643]&amp#27;[0m&amp#27;[38;5;-144m[AndroidUiautomator2Driver@78b8]&amp#27;[0m socket hang up
&amp#27;[38;5;191m[9ef19643]&amp#27;[0m&amp#27;[38;5;-144m[AndroidUiautomator2Driver@78b8]&amp#27;[0m [Instrumentation] 
&amp#27;[38;5;191m[9ef19643]&amp#27;[0m&amp#27;[38;5;-144m[AndroidUiautomator2Driver@78b8]&amp#27;[0m Matched '/status' to command name 'getStatus'
&amp#27;[38;5;191m[9ef19643]&amp#27;[0m&amp#27;[38;5;-144m[AndroidUiautomator2Driver@78b8]&amp#27;[0m Proxying [GET /status] to [GET http://127.0.0.1:8201/status] with no body
&amp#27;[38;5;191m[9ef19643]&amp#27;[0m&amp#27;[38;5;-144m[AndroidUiautomator2Driver@78b8]&amp#27;[0m socket hang up
&amp#27;[38;5;191m[9ef19643]&amp#27;[0m&amp#27;[38;5;-144m[AndroidUiautomator2Driver@78b8]&amp#27;[0m Matched '/status' to command name 'getStatus'
&amp#27;[38;5;191m[9ef19643]&amp#27;[0m&amp#27;[38;5;-144m[AndroidUiautomator2Driver@78b8]&amp#27;[0m Proxying [GET /status] to [GET http://127.0.0.1:8201/status] with no body
&amp#27;[38;5;191m[9ef19643]&amp#27;[0m&amp#27;[38;5;-144m[AndroidUiautomator2Driver@78b8]&amp#27;[0m Got response with status 200: {"sessionId":"None","value":{"message":"UiAutomator2 Server is ready to accept commands","ready":true}}
&amp#27;[38;5;191m[9ef19643]&amp#27;[0m&amp#27;[38;5;-144m[AndroidUiautomator2Driver@78b8]&amp#27;[0m The initialization of the instrumentation process took 3355ms
&amp#27;[38;5;191m[9ef19643]&amp#27;[0m&amp#27;[38;5;-144m[AndroidUiautomator2Driver@78b8]&amp#27;[0m Matched '/session' to command name 'createSession'
&amp#27;[38;5;191m[9ef19643]&amp#27;[0m&amp#27;[38;5;-144m[AndroidUiautomator2Driver@78b8]&amp#27;[0m Proxying [POST /session] to [POST http://127.0.0.1:8201/session] with body: {"capabilities":{"firstMatch":[{"platformName":"ANDROID","chromedriverExecutable":"C://Users//User1//Downloads//chromedriver-win64//chromedriver-win64//chromedriver.exe","deviceName":"emulator-5554","automationName":"UIAutomator2","app":"C:\\Users\\User1\\eclipse-workspace\\eCommerceFramework//src//main//resources//General-Store.apk","platform":"LINUX","webStorageEnabled":false,"takesScreenshot":true,"javascriptEnabled":true,"databaseEnabled":false,"networkConnectionEnabled":true,"locationContextEnabled":false,"warnings":{},"desired":{"platformName":"ANDROID","chromedriverExecutable":"C://Users//User1//Downloads//chromedriver-win64//chromedriver-win64//chromedriver.exe","deviceName":"Rajemulator","automationName":"UIAutomator2","app":"C:\\Users\\User1\\eclipse-workspace\\eCommerceFramework//src//main//resources//General-Store.apk"},"deviceUDID":"emulator-5554","appPackage":"com.androidsample.generalstore"}],"alwaysMatch":{}}}
&amp#27;[38;5;191m[9ef19643]&amp#27;[0m&amp#27;[38;5;-144m[AndroidUiautomator2Driver@78b8]&amp#27;[0m Got response with status 200: {"sessionId":"79a55306-d9a1-4b8e-8792-0346962247c5","value":{"capabilities":{"firstMatch":[{"platformName":"ANDROID","chromedriverExecutable":"C://Users//User1//Downloads//chromedriver-win64//chromedriver-win64//chromedriver.exe","deviceName":"emulator-5554","automationName":"UIAutomator2","app":"C:\\Users\\User1\\eclipse-workspace\\eCommerceFramework//src//main//resources//General-Store.apk","platform":"LINUX","webStorageEnabled":false,"takesScreenshot":true,"javascriptEnabled":true,"databaseEnabled":false,"networkConnectionEnabled":true,"locationContextEnabled":false,"warnings":{},"desired":{"platformName":"ANDROID","chromedriverExecutable":"C://Users//User1//Downloads//chromedriver-win64//chromedriver-win64//chromedriver.exe","deviceName":"Rajemulator","automationName":"UIAutomator2","app":"C:\\Users\\User1\\eclipse-workspace\\eCommerceFramework//src//main//resources//General-Store.apk"},"deviceUDID":"emulator-5554","appPackage":"com.androidsample.generalstore"}],"alwaysMatch":{}},"sessionId":"79a55306-...
&amp#27;[38;5;191m[9ef19643]&amp#27;[0m&amp#27;[38;5;-144m[AndroidUiautomator2Driver@78b8]&amp#27;[0m Determined the downstream protocol as 'W3C'
&amp#27;[38;5;191m[9ef19643]&amp#27;[0m&amp#27;[38;5;-144m[AndroidUiautomator2Driver@78b8]&amp#27;[0m Proxying [GET /appium/device/pixel_ratio] to [GET http://127.0.0.1:8201/session/79a55306-d9a1-4b8e-8792-0346962247c5/appium/device/pixel_ratio] with no body
&amp#27;[38;5;191m[9ef19643]&amp#27;[0m&amp#27;[38;5;-144m[AndroidUiautomator2Driver@78b8]&amp#27;[0m Matched '/appium/device/system_bars' to command name 'getSystemBars'
&amp#27;[38;5;191m[9ef19643]&amp#27;[0m&amp#27;[38;5;-144m[AndroidUiautomator2Driver@78b8]&amp#27;[0m Proxying [GET /appium/device/system_bars] to [GET http://127.0.0.1:8201/session/79a55306-d9a1-4b8e-8792-0346962247c5/appium/device/system_bars] with no body
&amp#27;[38;5;191m[9ef19643]&amp#27;[0m&amp#27;[38;5;-144m[AndroidUiautomator2Driver@78b8]&amp#27;[0m Matched '/window/current/size' to command name 'getWindowSize'
&amp#27;[38;5;191m[9ef19643]&amp#27;[0m&amp#27;[38;5;-144m[AndroidUiautomator2Driver@78b8]&amp#27;[0m Proxying [GET /window/current/size] to [GET http://127.0.0.1:8201/session/79a55306-d9a1-4b8e-8792-0346962247c5/window/current/size] with no body
&amp#27;[38;5;191m[9ef19643]&amp#27;[0m&amp#27;[38;5;-144m[AndroidUiautomator2Driver@78b8]&amp#27;[0m Proxying [GET /appium/device/info] to [GET http://127.0.0.1:8201/session/79a55306-d9a1-4b8e-8792-0346962247c5/appium/device/info] with no body
&amp#27;[38;5;191m[9ef19643]&amp#27;[0m&amp#27;[38;5;229m[ADB]&amp#27;[0m Running 'C:\Users\User1\AppData\Local\Android\Sdk\platform-tools\adb.exe -P 5037 -s emulator-5554 shell dumpsys window'
&amp#27;[38;5;191m[9ef19643]&amp#27;[0m&amp#27;[38;5;229m[ADB]&amp#27;[0m Running 'C:\Users\User1\AppData\Local\Android\Sdk\platform-tools\adb.exe -P 5037 -s emulator-5554 shell dumpsys power'
&amp#27;[38;5;191m[9ef19643]&amp#27;[0m&amp#27;[38;5;-144m[AndroidUiautomator2Driver@78b8]&amp#27;[0m Got response with status 200: {"sessionId":"79a55306-d9a1-4b8e-8792-0346962247c5","value":2.75}
&amp#27;[38;5;191m[9ef19643]&amp#27;[0m&amp#27;[38;5;-144m[AndroidUiautomator2Driver@78b8]&amp#27;[0m Got response with status 200: {"sessionId":"79a55306-d9a1-4b8e-8792-0346962247c5","value":{"statusBar":66}}
&amp#27;[38;5;191m[9ef19643]&amp#27;[0m&amp#27;[38;5;-144m[AndroidUiautomator2Driver@78b8]&amp#27;[0m Got response with status 200: {"sessionId":"79a55306-d9a1-4b8e-8792-0346962247c5","value":{"height":2220,"width":1080}}
&amp#27;[38;5;191m[9ef19643]&amp#27;[0m&amp#27;[38;5;-144m[AndroidUiautomator2Driver@78b8]&amp#27;[0m Got response with status 200: {"sessionId":"79a55306-d9a1-4b8e-8792-0346962247c5","value":{"androidId":"ccd4b39f6a24ddc3","apiVersion":"35","bluetooth":{"state":"OFF"},"brand":"google","carrierName":"T-Mobile","displayDensity":440,"locale":"en_US","manufacturer":"Google","model":"sdk_gphone64_x86_64","networks":[{"capabilities":{"SSID":null,"linkDownBandwidthKbps":4300,"linkUpstreamBandwidthKbps":1800,"networkCapabilities":"NET_CAPABILITY_MMS,NET_CAPABILITY_SUPL,NET_CAPABILITY_IA,NET_CAPABILITY_XCAP,NET_CAPABILITY_INTERNET,NET_CAPABILITY_NOT_RESTRICTED,NET_CAPABILITY_TRUSTED,NET_CAPABILITY_NOT_VPN,NET_CAPABILITY_VALIDATED,NET_CAPABILITY_NOT_ROAMING,NET_CAPABILITY_NOT_CONGESTED,NET_CAPABILITY_NOT_SUSPENDED","signalStrength":-2147483648,"transportTypes":"TRANSPORT_CELLULAR"},"detailedState":"CONNECTED","extraInfo":"fast.t-mobile.com","isAvailable":true,"isConnected":true,"isFailover":false,"isRoaming":false,"state":"CONNECTED","subtype":10,"subtypeName":"HSPA","type":0,"typeName":"MOBILE"},{"capabilities":{"SSID":null,"linkDownBandwidthK...
&amp#27;[38;5;191m[9ef19643]&amp#27;[0m&amp#27;[38;5;-144m[AndroidUiautomator2Driver@78b8]&amp#27;[0m Screen already unlocked, doing nothing
&amp#27;[38;5;191m[9ef19643]&amp#27;[0m&amp#27;[38;5;-144m[AndroidUiautomator2Driver@78b8]&amp#27;[0m Starting 'com.androidsample.generalstore/com.androidsample.generalstore.SplashActivity and waiting for 'com.androidsample.generalstore/com.androidsample.generalstore.SplashActivity'
&amp#27;[38;5;191m[9ef19643]&amp#27;[0m&amp#27;[38;5;229m[ADB]&amp#27;[0m Running 'C:\Users\User1\AppData\Local\Android\Sdk\platform-tools\adb.exe -P 5037 -s emulator-5554 shell am start -W -n com.androidsample.generalstore/com.androidsample.generalstore.SplashActivity -S -a android.intent.action.MAIN -c android.intent.category.LAUNCHER -f 0x10200000'
&amp#27;[38;5;191m[9ef19643]&amp#27;[0m&amp#27;[38;5;229m[ADB]&amp#27;[0m Waiting up to 20000ms for activity matching pkg: 'com.androidsample.generalstore' and activity: 'com.androidsample.generalstore.SplashActivity' to be focused
&amp#27;[38;5;191m[9ef19643]&amp#27;[0m&amp#27;[38;5;229m[ADB]&amp#27;[0m Possible activities, to be checked: 'com.androidsample.generalstore.SplashActivity', 'com.androidsample.generalstore.com.androidsample.generalstore.SplashActivity'
&amp#27;[38;5;191m[9ef19643]&amp#27;[0m&amp#27;[38;5;229m[ADB]&amp#27;[0m Getting focused package and activity
&amp#27;[38;5;191m[9ef19643]&amp#27;[0m&amp#27;[38;5;229m[ADB]&amp#27;[0m Running 'C:\Users\User1\AppData\Local\Android\Sdk\platform-tools\adb.exe -P 5037 -s emulator-5554 shell dumpsys window displays'
&amp#27;[38;5;191m[9ef19643]&amp#27;[0m&amp#27;[38;5;229m[ADB]&amp#27;[0m Found package: 'com.androidsample.generalstore' and fully qualified activity name : 'com.androidsample.generalstore.SplashActivity'
&amp#27;[38;5;191m[9ef19643]&amp#27;[0m&amp#27;[38;5;102m[AppiumDriver@e37c]&amp#27;[0m New AndroidUiautomator2Driver session created successfully, session 9ef19643-a636-4b54-acc7-9fa329875cd6 added to master session list
&amp#27;[38;5;191m[9ef19643]&amp#27;[0m&amp#27;[38;5;102m[AppiumDriver@e37c]&amp#27;[0m Event 'newSessionStarted' logged at 1744635116257 (18:21:56 GMT+0530 (India Standard Time))
&amp#27;[38;5;191m[9ef19643]&amp#27;[0m&amp#27;[38;5;-144m[AndroidUiautomator2Driver@78b8]&amp#27;[0m Cached the protocol value 'W3C' for the new session 9ef19643-a636-4b54-acc7-9fa329875cd6
&amp#27;[38;5;191m[9ef19643]&amp#27;[0m&amp#27;[38;5;-144m[AndroidUiautomator2Driver@78b8]&amp#27;[0m Responding to client with driver.createSession() result: {"capabilities":{"platformName":"ANDROID","chromedriverExecutable":"C://Users//User1//Downloads//chromedriver-win64//chromedriver-win64//chromedriver.exe","deviceName":"emulator-5554","automationName":"UIAutomator2","app":"C:\\Users\\User1\\eclipse-workspace\\eCommerceFramework//src//main//resources//General-Store.apk","platform":"LINUX","webStorageEnabled":false,"takesScreenshot":true,"javascriptEnabled":true,"databaseEnabled":false,"networkConnectionEnabled":true,"locationContextEnabled":false,"warnings":{},"desired":{"platformName":"ANDROID","chromedriverExecutable":"C://Users//User1//Downloads//chromedriver-win64//chromedriver-win64//chromedriver.exe","deviceName":"Rajemulator","automationName":"UIAutomator2","app":"C:\\Users\\User1\\eclipse-workspace\\eCommerceFramework//src//main//resources//General-Store.apk"},"deviceUDID":"emulator-5554","appPackage":"com.androidsample.generalstore","pixelRatio":"2.75","statBarHeight":66,"viewportRect":{"left":0,"top":66,"width":1080,"height":2154},"deviceApiLevel"...
&amp#27;[38;5;191m[9ef19643]&amp#27;[0m&amp#27;[38;5;86m[HTTP]&amp#27;[0m &amp#27;[37m<-- POST /session &amp#27;[39m&amp#27;[32m200&amp#27;[39m &amp#27;[90m8304 ms - 1233&amp#27;[39m &amp#27;[90m&amp#27;[39m
Test Started: isProductCostVisible
&amp#27;[38;5;191m[9ef19643]&amp#27;[0m&amp#27;[38;5;86m[HTTP]&amp#27;[0m &amp#27;[37m-->&amp#27;[39m &amp#27;[37mGET&amp#27;[39m &amp#27;[37m/session/9ef19643-a636-4b54-acc7-9fa329875cd6/context&amp#27;[39m &amp#27;[90m{}&amp#27;[39m
&amp#27;[38;5;191m[9ef19643]&amp#27;[0m&amp#27;[38;5;-144m[AndroidUiautomator2Driver@78b8]&amp#27;[0m Calling AppiumDriver.getCurrentContext() with args: ["9ef19643-a636-4b54-acc7-9fa329875cd6"]
&amp#27;[38;5;191m[9ef19643]&amp#27;[0m&amp#27;[38;5;-144m[AndroidUiautomator2Driver@78b8]&amp#27;[0m Responding to client with driver.getCurrentContext() result: "NATIVE_APP"
&amp#27;[38;5;191m[9ef19643]&amp#27;[0m&amp#27;[38;5;86m[HTTP]&amp#27;[0m &amp#27;[37m<-- GET /session/9ef19643-a636-4b54-acc7-9fa329875cd6/context &amp#27;[39m&amp#27;[32m200&amp#27;[39m &amp#27;[90m12 ms - 22&amp#27;[39m &amp#27;[90m&amp#27;[39m
&amp#27;[38;5;191m[9ef19643]&amp#27;[0m&amp#27;[38;5;86m[HTTP]&amp#27;[0m &amp#27;[37m-->&amp#27;[39m &amp#27;[37mPOST&amp#27;[39m &amp#27;[37m/session/9ef19643-a636-4b54-acc7-9fa329875cd6/element&amp#27;[39m &amp#27;[90m{"using":"id","value":"com.androidsample.generalstore:id/nameField"}&amp#27;[39m
&amp#27;[38;5;191m[9ef19643]&amp#27;[0m&amp#27;[38;5;-144m[AndroidUiautomator2Driver@78b8]&amp#27;[0m Calling AppiumDriver.findElement() with args: ["id","com.androidsample.generalstore:id/nameField","9ef19643-a636-4b54-acc7-9fa329875cd6"]
&amp#27;[38;5;191m[9ef19643]&amp#27;[0m&amp#27;[38;5;-144m[AndroidUiautomator2Driver@78b8]&amp#27;[0m Valid locator strategies for this request: xpath, id, class name, accessibility id, css selector, -android uiautomator
&amp#27;[38;5;191m[9ef19643]&amp#27;[0m&amp#27;[38;5;-144m[AndroidUiautomator2Driver@78b8]&amp#27;[0m Waiting up to 0 ms for condition
&amp#27;[38;5;191m[9ef19643]&amp#27;[0m&amp#27;[38;5;-144m[AndroidUiautomator2Driver@78b8]&amp#27;[0m Matched '/element' to command name 'findElement'
&amp#27;[38;5;191m[9ef19643]&amp#27;[0m&amp#27;[38;5;-144m[AndroidUiautomator2Driver@78b8]&amp#27;[0m Proxying [POST /element] to [POST http://127.0.0.1:8201/session/79a55306-d9a1-4b8e-8792-0346962247c5/element] with body: {"strategy":"id","selector":"com.androidsample.generalstore:id/nameField","context":"","multiple":false}
&amp#27;[38;5;191m[9ef19643]&amp#27;[0m&amp#27;[38;5;-144m[AndroidUiautomator2Driver@78b8]&amp#27;[0m Got response with status 404: {"sessionId":"79a55306-d9a1-4b8e-8792-0346962247c5","value":{"error":"no such element","message":"An element could not be located on the page using the given search parameters","stacktrace":"io.appium.uiautomator2.common.exceptions.ElementNotFoundException: An element could not be located on the page using the given search parameters\n\tat io.appium.uiautomator2.handler.FindElement.safeHandle(FindElement.java:63)\n\tat io.appium.uiautomator2.handler.request.SafeRequestHandler.handle(SafeRequestHandler.java:59)\n\tat io.appium.uiautomator2.server.AppiumServlet.handleRequest(AppiumServlet.java:259)\n\tat io.appium.uiautomator2.server.AppiumServlet.handleHttpRequest(AppiumServlet.java:253)\n\tat io.appium.uiautomator2.http.ServerHandler.channelRead(ServerHandler.java:77)\n\tat io.netty.channel.AbstractChannelHandlerContext.invokeChannelRead(AbstractChannelHandlerContext.java:366)\n\tat io.netty.channel.AbstractChannelHandlerContext.invokeChannelRead(AbstractChannelHandlerContext.java:352)\n\tat io.netty.chann...
&amp#27;[38;5;191m[9ef19643]&amp#27;[0m&amp#27;[38;5;123m[W3C]&amp#27;[0m Matched W3C error code 'no such element' to NoSuchElementError
&amp#27;[38;5;191m[9ef19643]&amp#27;[0m&amp#27;[38;5;-144m[AndroidUiautomator2Driver@78b8]&amp#27;[0m Encountered internal error running command: NoSuchElementError: An element could not be located on the page using the given search parameters.
    at AndroidUiautomator2Driver.findElOrEls (C:\Users\User1\.appium\node_modules\appium-uiautomator2-driver\node_modules\appium-android-driver\lib\commands\find.ts:86:11)
    at processTicksAndRejections (node:internal/process/task_queues:95:5)
    at AndroidUiautomator2Driver.findElOrElsWithProcessing (C:\Users\User1\AppData\Roaming\npm\node_modules\appium\node_modules\@appium\base-driver\lib\basedriver\commands\find.ts:60:12)
    at AndroidUiautomator2Driver.findElement (C:\Users\User1\AppData\Roaming\npm\node_modules\appium\node_modules\@appium\base-driver\lib\basedriver\commands\find.ts:75:12)
&amp#27;[38;5;191m[9ef19643]&amp#27;[0m&amp#27;[38;5;86m[HTTP]&amp#27;[0m &amp#27;[37m<-- POST /session/9ef19643-a636-4b54-acc7-9fa329875cd6/element &amp#27;[39m&amp#27;[33m404&amp#27;[39m &amp#27;[90m665 ms - 890&amp#27;[39m &amp#27;[90m&amp#27;[39m
&amp#27;[38;5;191m[9ef19643]&amp#27;[0m&amp#27;[38;5;86m[HTTP]&amp#27;[0m &amp#27;[37m-->&amp#27;[39m &amp#27;[37mPOST&amp#27;[39m &amp#27;[37m/session/9ef19643-a636-4b54-acc7-9fa329875cd6/element&amp#27;[39m &amp#27;[90m{"using":"id","value":"com.androidsample.generalstore:id/nameField"}&amp#27;[39m
&amp#27;[38;5;191m[9ef19643]&amp#27;[0m&amp#27;[38;5;-144m[AndroidUiautomator2Driver@78b8]&amp#27;[0m Calling AppiumDriver.findElement() with args: ["id","com.androidsample.generalstore:id/nameField","9ef19643-a636-4b54-acc7-9fa329875cd6"]
&amp#27;[38;5;191m[9ef19643]&amp#27;[0m&amp#27;[38;5;-144m[AndroidUiautomator2Driver@78b8]&amp#27;[0m Valid locator strategies for this request: xpath, id, class name, accessibility id, css selector, -android uiautomator
&amp#27;[38;5;191m[9ef19643]&amp#27;[0m&amp#27;[38;5;-144m[AndroidUiautomator2Driver@78b8]&amp#27;[0m Waiting up to 0 ms for condition
&amp#27;[38;5;191m[9ef19643]&amp#27;[0m&amp#27;[38;5;-144m[AndroidUiautomator2Driver@78b8]&amp#27;[0m Matched '/element' to command name 'findElement'
&amp#27;[38;5;191m[9ef19643]&amp#27;[0m&amp#27;[38;5;-144m[AndroidUiautomator2Driver@78b8]&amp#27;[0m Proxying [POST /element] to [POST http://127.0.0.1:8201/session/79a55306-d9a1-4b8e-8792-0346962247c5/element] with body: {"strategy":"id","selector":"com.androidsample.generalstore:id/nameField","context":"","multiple":false}
&amp#27;[38;5;191m[9ef19643]&amp#27;[0m&amp#27;[38;5;-144m[AndroidUiautomator2Driver@78b8]&amp#27;[0m Got response with status 404: {"sessionId":"79a55306-d9a1-4b8e-8792-0346962247c5","value":{"error":"no such element","message":"An element could not be located on the page using the given search parameters","stacktrace":"io.appium.uiautomator2.common.exceptions.ElementNotFoundException: An element could not be located on the page using the given search parameters\n\tat io.appium.uiautomator2.handler.FindElement.safeHandle(FindElement.java:63)\n\tat io.appium.uiautomator2.handler.request.SafeRequestHandler.handle(SafeRequestHandler.java:59)\n\tat io.appium.uiautomator2.server.AppiumServlet.handleRequest(AppiumServlet.java:259)\n\tat io.appium.uiautomator2.server.AppiumServlet.handleHttpRequest(AppiumServlet.java:253)\n\tat io.appium.uiautomator2.http.ServerHandler.channelRead(ServerHandler.java:77)\n\tat io.netty.channel.AbstractChannelHandlerContext.invokeChannelRead(AbstractChannelHandlerContext.java:366)\n\tat io.netty.channel.AbstractChannelHandlerContext.invokeChannelRead(AbstractChannelHandlerContext.java:352)\n\tat io.netty.chann...
&amp#27;[38;5;191m[9ef19643]&amp#27;[0m&amp#27;[38;5;123m[W3C]&amp#27;[0m Matched W3C error code 'no such element' to NoSuchElementError
&amp#27;[38;5;191m[9ef19643]&amp#27;[0m&amp#27;[38;5;-144m[AndroidUiautomator2Driver@78b8]&amp#27;[0m Encountered internal error running command: NoSuchElementError: An element could not be located on the page using the given search parameters.
    at AndroidUiautomator2Driver.findElOrEls (C:\Users\User1\.appium\node_modules\appium-uiautomator2-driver\node_modules\appium-android-driver\lib\commands\find.ts:86:11)
    at processTicksAndRejections (node:internal/process/task_queues:95:5)
    at AndroidUiautomator2Driver.findElOrElsWithProcessing (C:\Users\User1\AppData\Roaming\npm\node_modules\appium\node_modules\@appium\base-driver\lib\basedriver\commands\find.ts:60:12)
    at AndroidUiautomator2Driver.findElement (C:\Users\User1\AppData\Roaming\npm\node_modules\appium\node_modules\@appium\base-driver\lib\basedriver\commands\find.ts:75:12)
&amp#27;[38;5;191m[9ef19643]&amp#27;[0m&amp#27;[38;5;86m[HTTP]&amp#27;[0m &amp#27;[37m<-- POST /session/9ef19643-a636-4b54-acc7-9fa329875cd6/element &amp#27;[39m&amp#27;[33m404&amp#27;[39m &amp#27;[90m54 ms - 890&amp#27;[39m &amp#27;[90m&amp#27;[39m
&amp#27;[38;5;191m[9ef19643]&amp#27;[0m&amp#27;[38;5;86m[HTTP]&amp#27;[0m &amp#27;[37m-->&amp#27;[39m &amp#27;[37mPOST&amp#27;[39m &amp#27;[37m/session/9ef19643-a636-4b54-acc7-9fa329875cd6/element&amp#27;[39m &amp#27;[90m{"using":"id","value":"com.androidsample.generalstore:id/nameField"}&amp#27;[39m
&amp#27;[38;5;191m[9ef19643]&amp#27;[0m&amp#27;[38;5;-144m[AndroidUiautomator2Driver@78b8]&amp#27;[0m Calling AppiumDriver.findElement() with args: ["id","com.androidsample.generalstore:id/nameField","9ef19643-a636-4b54-acc7-9fa329875cd6"]
&amp#27;[38;5;191m[9ef19643]&amp#27;[0m&amp#27;[38;5;-144m[AndroidUiautomator2Driver@78b8]&amp#27;[0m Valid locator strategies for this request: xpath, id, class name, accessibility id, css selector, -android uiautomator
&amp#27;[38;5;191m[9ef19643]&amp#27;[0m&amp#27;[38;5;-144m[AndroidUiautomator2Driver@78b8]&amp#27;[0m Waiting up to 0 ms for condition
&amp#27;[38;5;191m[9ef19643]&amp#27;[0m&amp#27;[38;5;-144m[AndroidUiautomator2Driver@78b8]&amp#27;[0m Matched '/element' to command name 'findElement'
&amp#27;[38;5;191m[9ef19643]&amp#27;[0m&amp#27;[38;5;-144m[AndroidUiautomator2Driver@78b8]&amp#27;[0m Proxying [POST /element] to [POST http://127.0.0.1:8201/session/79a55306-d9a1-4b8e-8792-0346962247c5/element] with body: {"strategy":"id","selector":"com.androidsample.generalstore:id/nameField","context":"","multiple":false}
&amp#27;[38;5;191m[9ef19643]&amp#27;[0m&amp#27;[38;5;-144m[AndroidUiautomator2Driver@78b8]&amp#27;[0m Got response with status 404: {"sessionId":"79a55306-d9a1-4b8e-8792-0346962247c5","value":{"error":"no such element","message":"An element could not be located on the page using the given search parameters","stacktrace":"io.appium.uiautomator2.common.exceptions.ElementNotFoundException: An element could not be located on the page using the given search parameters\n\tat io.appium.uiautomator2.handler.FindElement.safeHandle(FindElement.java:63)\n\tat io.appium.uiautomator2.handler.request.SafeRequestHandler.handle(SafeRequestHandler.java:59)\n\tat io.appium.uiautomator2.server.AppiumServlet.handleRequest(AppiumServlet.java:259)\n\tat io.appium.uiautomator2.server.AppiumServlet.handleHttpRequest(AppiumServlet.java:253)\n\tat io.appium.uiautomator2.http.ServerHandler.channelRead(ServerHandler.java:77)\n\tat io.netty.channel.AbstractChannelHandlerContext.invokeChannelRead(AbstractChannelHandlerContext.java:366)\n\tat io.netty.channel.AbstractChannelHandlerContext.invokeChannelRead(AbstractChannelHandlerContext.java:352)\n\tat io.netty.chann...
&amp#27;[38;5;191m[9ef19643]&amp#27;[0m&amp#27;[38;5;123m[W3C]&amp#27;[0m Matched W3C error code 'no such element' to NoSuchElementError
&amp#27;[38;5;191m[9ef19643]&amp#27;[0m&amp#27;[38;5;-144m[AndroidUiautomator2Driver@78b8]&amp#27;[0m Encountered internal error running command: NoSuchElementError: An element could not be located on the page using the given search parameters.
    at AndroidUiautomator2Driver.findElOrEls (C:\Users\User1\.appium\node_modules\appium-uiautomator2-driver\node_modules\appium-android-driver\lib\commands\find.ts:86:11)
    at processTicksAndRejections (node:internal/process/task_queues:95:5)
    at AndroidUiautomator2Driver.findElOrElsWithProcessing (C:\Users\User1\AppData\Roaming\npm\node_modules\appium\node_modules\@appium\base-driver\lib\basedriver\commands\find.ts:60:12)
    at AndroidUiautomator2Driver.findElement (C:\Users\User1\AppData\Roaming\npm\node_modules\appium\node_modules\@appium\base-driver\lib\basedriver\commands\find.ts:75:12)
&amp#27;[38;5;191m[9ef19643]&amp#27;[0m&amp#27;[38;5;86m[HTTP]&amp#27;[0m &amp#27;[37m<-- POST /session/9ef19643-a636-4b54-acc7-9fa329875cd6/element &amp#27;[39m&amp#27;[33m404&amp#27;[39m &amp#27;[90m26 ms - 890&amp#27;[39m &amp#27;[90m&amp#27;[39m
&amp#27;[38;5;191m[9ef19643]&amp#27;[0m&amp#27;[38;5;86m[HTTP]&amp#27;[0m &amp#27;[37m-->&amp#27;[39m &amp#27;[37mGET&amp#27;[39m &amp#27;[37m/session/9ef19643-a636-4b54-acc7-9fa329875cd6/context&amp#27;[39m &amp#27;[90m{}&amp#27;[39m
&amp#27;[38;5;191m[9ef19643]&amp#27;[0m&amp#27;[38;5;-144m[AndroidUiautomator2Driver@78b8]&amp#27;[0m Calling AppiumDriver.getCurrentContext() with args: ["9ef19643-a636-4b54-acc7-9fa329875cd6"]
&amp#27;[38;5;191m[9ef19643]&amp#27;[0m&amp#27;[38;5;-144m[AndroidUiautomator2Driver@78b8]&amp#27;[0m Responding to client with driver.getCurrentContext() result: "NATIVE_APP"
&amp#27;[38;5;191m[9ef19643]&amp#27;[0m&amp#27;[38;5;86m[HTTP]&amp#27;[0m &amp#27;[37m<-- GET /session/9ef19643-a636-4b54-acc7-9fa329875cd6/context &amp#27;[39m&amp#27;[32m200&amp#27;[39m &amp#27;[90m2 ms - 22&amp#27;[39m &amp#27;[90m&amp#27;[39m
&amp#27;[38;5;191m[9ef19643]&amp#27;[0m&amp#27;[38;5;86m[HTTP]&amp#27;[0m &amp#27;[37m-->&amp#27;[39m &amp#27;[37mPOST&amp#27;[39m &amp#27;[37m/session/9ef19643-a636-4b54-acc7-9fa329875cd6/element&amp#27;[39m &amp#27;[90m{"using":"id","value":"com.androidsample.generalstore:id/nameField"}&amp#27;[39m
&amp#27;[38;5;191m[9ef19643]&amp#27;[0m&amp#27;[38;5;-144m[AndroidUiautomator2Driver@78b8]&amp#27;[0m Calling AppiumDriver.findElement() with args: ["id","com.androidsample.generalstore:id/nameField","9ef19643-a636-4b54-acc7-9fa329875cd6"]
&amp#27;[38;5;191m[9ef19643]&amp#27;[0m&amp#27;[38;5;-144m[AndroidUiautomator2Driver@78b8]&amp#27;[0m Valid locator strategies for this request: xpath, id, class name, accessibility id, css selector, -android uiautomator
&amp#27;[38;5;191m[9ef19643]&amp#27;[0m&amp#27;[38;5;-144m[AndroidUiautomator2Driver@78b8]&amp#27;[0m Waiting up to 0 ms for condition
&amp#27;[38;5;191m[9ef19643]&amp#27;[0m&amp#27;[38;5;-144m[AndroidUiautomator2Driver@78b8]&amp#27;[0m Matched '/element' to command name 'findElement'
&amp#27;[38;5;191m[9ef19643]&amp#27;[0m&amp#27;[38;5;-144m[AndroidUiautomator2Driver@78b8]&amp#27;[0m Proxying [POST /element] to [POST http://127.0.0.1:8201/session/79a55306-d9a1-4b8e-8792-0346962247c5/element] with body: {"strategy":"id","selector":"com.androidsample.generalstore:id/nameField","context":"","multiple":false}
&amp#27;[38;5;191m[9ef19643]&amp#27;[0m&amp#27;[38;5;-144m[AndroidUiautomator2Driver@78b8]&amp#27;[0m Got response with status 404: {"sessionId":"79a55306-d9a1-4b8e-8792-0346962247c5","value":{"error":"no such element","message":"An element could not be located on the page using the given search parameters","stacktrace":"io.appium.uiautomator2.common.exceptions.ElementNotFoundException: An element could not be located on the page using the given search parameters\n\tat io.appium.uiautomator2.handler.FindElement.safeHandle(FindElement.java:63)\n\tat io.appium.uiautomator2.handler.request.SafeRequestHandler.handle(SafeRequestHandler.java:59)\n\tat io.appium.uiautomator2.server.AppiumServlet.handleRequest(AppiumServlet.java:259)\n\tat io.appium.uiautomator2.server.AppiumServlet.handleHttpRequest(AppiumServlet.java:253)\n\tat io.appium.uiautomator2.http.ServerHandler.channelRead(ServerHandler.java:77)\n\tat io.netty.channel.AbstractChannelHandlerContext.invokeChannelRead(AbstractChannelHandlerContext.java:366)\n\tat io.netty.channel.AbstractChannelHandlerContext.invokeChannelRead(AbstractChannelHandlerContext.java:352)\n\tat io.netty.chann...
&amp#27;[38;5;191m[9ef19643]&amp#27;[0m&amp#27;[38;5;123m[W3C]&amp#27;[0m Matched W3C error code 'no such element' to NoSuchElementError
&amp#27;[38;5;191m[9ef19643]&amp#27;[0m&amp#27;[38;5;-144m[AndroidUiautomator2Driver@78b8]&amp#27;[0m Encountered internal error running command: NoSuchElementError: An element could not be located on the page using the given search parameters.
    at AndroidUiautomator2Driver.findElOrEls (C:\Users\User1\.appium\node_modules\appium-uiautomator2-driver\node_modules\appium-android-driver\lib\commands\find.ts:86:11)
    at processTicksAndRejections (node:internal/process/task_queues:95:5)
    at AndroidUiautomator2Driver.findElOrElsWithProcessing (C:\Users\User1\AppData\Roaming\npm\node_modules\appium\node_modules\@appium\base-driver\lib\basedriver\commands\find.ts:60:12)
    at AndroidUiautomator2Driver.findElement (C:\Users\User1\AppData\Roaming\npm\node_modules\appium\node_modules\@appium\base-driver\lib\basedriver\commands\find.ts:75:12)
&amp#27;[38;5;191m[9ef19643]&amp#27;[0m&amp#27;[38;5;86m[HTTP]&amp#27;[0m &amp#27;[37m<-- POST /session/9ef19643-a636-4b54-acc7-9fa329875cd6/element &amp#27;[39m&amp#27;[33m404&amp#27;[39m &amp#27;[90m26 ms - 890&amp#27;[39m &amp#27;[90m&amp#27;[39m
&amp#27;[38;5;191m[9ef19643]&amp#27;[0m&amp#27;[38;5;86m[HTTP]&amp#27;[0m &amp#27;[37m-->&amp#27;[39m &amp#27;[37mPOST&amp#27;[39m &amp#27;[37m/session/9ef19643-a636-4b54-acc7-9fa329875cd6/element&amp#27;[39m &amp#27;[90m{"using":"id","value":"com.androidsample.generalstore:id/nameField"}&amp#27;[39m
&amp#27;[38;5;191m[9ef19643]&amp#27;[0m&amp#27;[38;5;-144m[AndroidUiautomator2Driver@78b8]&amp#27;[0m Calling AppiumDriver.findElement() with args: ["id","com.androidsample.generalstore:id/nameField","9ef19643-a636-4b54-acc7-9fa329875cd6"]
&amp#27;[38;5;191m[9ef19643]&amp#27;[0m&amp#27;[38;5;-144m[AndroidUiautomator2Driver@78b8]&amp#27;[0m Valid locator strategies for this request: xpath, id, class name, accessibility id, css selector, -android uiautomator
&amp#27;[38;5;191m[9ef19643]&amp#27;[0m&amp#27;[38;5;-144m[AndroidUiautomator2Driver@78b8]&amp#27;[0m Waiting up to 0 ms for condition
&amp#27;[38;5;191m[9ef19643]&amp#27;[0m&amp#27;[38;5;-144m[AndroidUiautomator2Driver@78b8]&amp#27;[0m Matched '/element' to command name 'findElement'
&amp#27;[38;5;191m[9ef19643]&amp#27;[0m&amp#27;[38;5;-144m[AndroidUiautomator2Driver@78b8]&amp#27;[0m Proxying [POST /element] to [POST http://127.0.0.1:8201/session/79a55306-d9a1-4b8e-8792-0346962247c5/element] with body: {"strategy":"id","selector":"com.androidsample.generalstore:id/nameField","context":"","multiple":false}
&amp#27;[38;5;191m[9ef19643]&amp#27;[0m&amp#27;[38;5;-144m[AndroidUiautomator2Driver@78b8]&amp#27;[0m Got response with status 200: {"sessionId":"79a55306-d9a1-4b8e-8792-0346962247c5","value":{"ELEMENT":"00000000-0000-0756-ffff-ffff0000001c","element-6066-11e4-a52e-4f735466cecf":"00000000-0000-0756-ffff-ffff0000001c"}}
&amp#27;[38;5;191m[9ef19643]&amp#27;[0m&amp#27;[38;5;-144m[AndroidUiautomator2Driver@78b8]&amp#27;[0m Responding to client with driver.findElement() result: {"element-6066-11e4-a52e-4f735466cecf":"00000000-0000-0756-ffff-ffff0000001c","ELEMENT":"00000000-0000-0756-ffff-ffff0000001c"}
&amp#27;[38;5;191m[9ef19643]&amp#27;[0m&amp#27;[38;5;86m[HTTP]&amp#27;[0m &amp#27;[37m<-- POST /session/9ef19643-a636-4b54-acc7-9fa329875cd6/element &amp#27;[39m&amp#27;[32m200&amp#27;[39m &amp#27;[90m1528 ms - 137&amp#27;[39m &amp#27;[90m&amp#27;[39m
&amp#27;[38;5;191m[9ef19643]&amp#27;[0m&amp#27;[38;5;86m[HTTP]&amp#27;[0m &amp#27;[37m-->&amp#27;[39m &amp#27;[37mGET&amp#27;[39m &amp#27;[37m/session/9ef19643-a636-4b54-acc7-9fa329875cd6/element/00000000-0000-0756-ffff-ffff0000001c/displayed&amp#27;[39m &amp#27;[90m{}&amp#27;[39m
&amp#27;[38;5;191m[9ef19643]&amp#27;[0m&amp#27;[38;5;-144m[AndroidUiautomator2Driver@78b8]&amp#27;[0m Calling AppiumDriver.elementDisplayed() with args: ["00000000-0000-0756-ffff-ffff0000001c","9ef19643-a636-4b54-acc7-9fa329875cd6"]
&amp#27;[38;5;191m[9ef19643]&amp#27;[0m&amp#27;[38;5;-144m[AndroidUiautomator2Driver@78b8]&amp#27;[0m Matched '/element/00000000-0000-0756-ffff-ffff0000001c/attribute/displayed' to command name 'getAttribute'
&amp#27;[38;5;191m[9ef19643]&amp#27;[0m&amp#27;[38;5;-144m[AndroidUiautomator2Driver@78b8]&amp#27;[0m Proxying [GET /element/00000000-0000-0756-ffff-ffff0000001c/attribute/displayed] to [GET http://127.0.0.1:8201/session/79a55306-d9a1-4b8e-8792-0346962247c5/element/00000000-0000-0756-ffff-ffff0000001c/attribute/displayed] with no body
&amp#27;[38;5;191m[9ef19643]&amp#27;[0m&amp#27;[38;5;-144m[AndroidUiautomator2Driver@78b8]&amp#27;[0m Got response with status 200: {"sessionId":"79a55306-d9a1-4b8e-8792-0346962247c5","value":"true"}
&amp#27;[38;5;191m[9ef19643]&amp#27;[0m&amp#27;[38;5;-144m[AndroidUiautomator2Driver@78b8]&amp#27;[0m Responding to client with driver.elementDisplayed() result: true
&amp#27;[38;5;191m[9ef19643]&amp#27;[0m&amp#27;[38;5;86m[HTTP]&amp#27;[0m &amp#27;[37m<-- GET /session/9ef19643-a636-4b54-acc7-9fa329875cd6/element/00000000-0000-0756-ffff-ffff0000001c/displayed &amp#27;[39m&amp#27;[32m200&amp#27;[39m &amp#27;[90m26 ms - 14&amp#27;[39m &amp#27;[90m&amp#27;[39m
&amp#27;[38;5;191m[9ef19643]&amp#27;[0m&amp#27;[38;5;86m[HTTP]&amp#27;[0m &amp#27;[37m-->&amp#27;[39m &amp#27;[37mGET&amp#27;[39m &amp#27;[37m/session/9ef19643-a636-4b54-acc7-9fa329875cd6/context&amp#27;[39m &amp#27;[90m{}&amp#27;[39m
&amp#27;[38;5;191m[9ef19643]&amp#27;[0m&amp#27;[38;5;-144m[AndroidUiautomator2Driver@78b8]&amp#27;[0m Calling AppiumDriver.getCurrentContext() with args: ["9ef19643-a636-4b54-acc7-9fa329875cd6"]
&amp#27;[38;5;191m[9ef19643]&amp#27;[0m&amp#27;[38;5;-144m[AndroidUiautomator2Driver@78b8]&amp#27;[0m Responding to client with driver.getCurrentContext() result: "NATIVE_APP"
&amp#27;[38;5;191m[9ef19643]&amp#27;[0m&amp#27;[38;5;86m[HTTP]&amp#27;[0m &amp#27;[37m<-- GET /session/9ef19643-a636-4b54-acc7-9fa329875cd6/context &amp#27;[39m&amp#27;[32m200&amp#27;[39m &amp#27;[90m2 ms - 22&amp#27;[39m &amp#27;[90m&amp#27;[39m
&amp#27;[38;5;191m[9ef19643]&amp#27;[0m&amp#27;[38;5;86m[HTTP]&amp#27;[0m &amp#27;[37m-->&amp#27;[39m &amp#27;[37mPOST&amp#27;[39m &amp#27;[37m/session/9ef19643-a636-4b54-acc7-9fa329875cd6/element&amp#27;[39m &amp#27;[90m{"using":"id","value":"com.androidsample.generalstore:id/nameField"}&amp#27;[39m
&amp#27;[38;5;191m[9ef19643]&amp#27;[0m&amp#27;[38;5;-144m[AndroidUiautomator2Driver@78b8]&amp#27;[0m Calling AppiumDriver.findElement() with args: ["id","com.androidsample.generalstore:id/nameField","9ef19643-a636-4b54-acc7-9fa329875cd6"]
&amp#27;[38;5;191m[9ef19643]&amp#27;[0m&amp#27;[38;5;-144m[AndroidUiautomator2Driver@78b8]&amp#27;[0m Valid locator strategies for this request: xpath, id, class name, accessibility id, css selector, -android uiautomator
&amp#27;[38;5;191m[9ef19643]&amp#27;[0m&amp#27;[38;5;-144m[AndroidUiautomator2Driver@78b8]&amp#27;[0m Waiting up to 0 ms for condition
&amp#27;[38;5;191m[9ef19643]&amp#27;[0m&amp#27;[38;5;-144m[AndroidUiautomator2Driver@78b8]&amp#27;[0m Matched '/element' to command name 'findElement'
&amp#27;[38;5;191m[9ef19643]&amp#27;[0m&amp#27;[38;5;-144m[AndroidUiautomator2Driver@78b8]&amp#27;[0m Proxying [POST /element] to [POST http://127.0.0.1:8201/session/79a55306-d9a1-4b8e-8792-0346962247c5/element] with body: {"strategy":"id","selector":"com.androidsample.generalstore:id/nameField","context":"","multiple":false}
&amp#27;[38;5;191m[9ef19643]&amp#27;[0m&amp#27;[38;5;-144m[AndroidUiautomator2Driver@78b8]&amp#27;[0m Got response with status 200: {"sessionId":"79a55306-d9a1-4b8e-8792-0346962247c5","value":{"ELEMENT":"00000000-0000-0756-ffff-ffff0000001c","element-6066-11e4-a52e-4f735466cecf":"00000000-0000-0756-ffff-ffff0000001c"}}
&amp#27;[38;5;191m[9ef19643]&amp#27;[0m&amp#27;[38;5;-144m[AndroidUiautomator2Driver@78b8]&amp#27;[0m Responding to client with driver.findElement() result: {"element-6066-11e4-a52e-4f735466cecf":"00000000-0000-0756-ffff-ffff0000001c","ELEMENT":"00000000-0000-0756-ffff-ffff0000001c"}
&amp#27;[38;5;191m[9ef19643]&amp#27;[0m&amp#27;[38;5;86m[HTTP]&amp#27;[0m &amp#27;[37m<-- POST /session/9ef19643-a636-4b54-acc7-9fa329875cd6/element &amp#27;[39m&amp#27;[32m200&amp#27;[39m &amp#27;[90m36 ms - 137&amp#27;[39m &amp#27;[90m&amp#27;[39m
&amp#27;[38;5;191m[9ef19643]&amp#27;[0m&amp#27;[38;5;86m[HTTP]&amp#27;[0m &amp#27;[37m-->&amp#27;[39m &amp#27;[37mPOST&amp#27;[39m &amp#27;[37m/session/9ef19643-a636-4b54-acc7-9fa329875cd6/element/00000000-0000-0756-ffff-ffff0000001c/value&amp#27;[39m &amp#27;[90m{"value":["R","a","j"],"text":"Raj","id":"00000000-0000-0756-ffff-ffff0000001c"}&amp#27;[39m
&amp#27;[38;5;191m[9ef19643]&amp#27;[0m&amp#27;[38;5;-144m[AndroidUiautomator2Driver@78b8]&amp#27;[0m Calling AppiumDriver.setValue() with args: [["R","a","j"],"00000000-0000-0756-ffff-ffff0000001c","9ef19643-a636-4b54-acc7-9fa329875cd6"]
&amp#27;[38;5;191m[9ef19643]&amp#27;[0m&amp#27;[38;5;-144m[AndroidUiautomator2Driver@78b8]&amp#27;[0m Matched '/element/00000000-0000-0756-ffff-ffff0000001c/value' to command name 'setValue'
&amp#27;[38;5;191m[9ef19643]&amp#27;[0m&amp#27;[38;5;-144m[AndroidUiautomator2Driver@78b8]&amp#27;[0m Added 'value' property ["R","a","j"] to 'setValue' request body
&amp#27;[38;5;191m[9ef19643]&amp#27;[0m&amp#27;[38;5;-144m[AndroidUiautomator2Driver@78b8]&amp#27;[0m Proxying [POST /element/00000000-0000-0756-ffff-ffff0000001c/value] to [POST http://127.0.0.1:8201/session/79a55306-d9a1-4b8e-8792-0346962247c5/element/00000000-0000-0756-ffff-ffff0000001c/value] with body: {"elementId":"00000000-0000-0756-ffff-ffff0000001c","text":"Raj","replace":false,"value":["R","a","j"]}
&amp#27;[38;5;191m[9ef19643]&amp#27;[0m&amp#27;[38;5;-144m[AndroidUiautomator2Driver@78b8]&amp#27;[0m Got response with status 200: {"sessionId":"79a55306-d9a1-4b8e-8792-0346962247c5","value":null}
&amp#27;[38;5;191m[9ef19643]&amp#27;[0m&amp#27;[38;5;-144m[AndroidUiautomator2Driver@78b8]&amp#27;[0m Responding to client with driver.setValue() result: null
&amp#27;[38;5;191m[9ef19643]&amp#27;[0m&amp#27;[38;5;86m[HTTP]&amp#27;[0m &amp#27;[37m<-- POST /session/9ef19643-a636-4b54-acc7-9fa329875cd6/element/00000000-0000-0756-ffff-ffff0000001c/value &amp#27;[39m&amp#27;[32m200&amp#27;[39m &amp#27;[90m605 ms - 14&amp#27;[39m &amp#27;[90m&amp#27;[39m
&amp#27;[38;5;191m[9ef19643]&amp#27;[0m&amp#27;[38;5;86m[HTTP]&amp#27;[0m &amp#27;[37m-->&amp#27;[39m &amp#27;[37mPOST&amp#27;[39m &amp#27;[37m/session/9ef19643-a636-4b54-acc7-9fa329875cd6/execute/sync&amp#27;[39m &amp#27;[90m{"script":"mobile: hideKeyboard","args":[]}&amp#27;[39m
&amp#27;[38;5;191m[9ef19643]&amp#27;[0m&amp#27;[38;5;-144m[AndroidUiautomator2Driver@78b8]&amp#27;[0m Calling AppiumDriver.execute() with args: ["mobile: hideKeyboard",[],"9ef19643-a636-4b54-acc7-9fa329875cd6"]
&amp#27;[38;5;191m[9ef19643]&amp#27;[0m&amp#27;[38;5;-144m[AndroidUiautomator2Driver@78b8]&amp#27;[0m Executing native command 'mobile: hideKeyboard'
&amp#27;[38;5;191m[9ef19643]&amp#27;[0m&amp#27;[38;5;229m[ADB]&amp#27;[0m Running 'C:\Users\User1\AppData\Local\Android\Sdk\platform-tools\adb.exe -P 5037 -s emulator-5554 shell dumpsys input_method'
&amp#27;[38;5;191m[9ef19643]&amp#27;[0m&amp#27;[38;5;229m[ADB]&amp#27;[0m Keyboard has no UI; no closing necessary
&amp#27;[38;5;191m[9ef19643]&amp#27;[0m&amp#27;[38;5;-144m[AndroidUiautomator2Driver@78b8]&amp#27;[0m Responding to client with driver.execute() result: false
&amp#27;[38;5;191m[9ef19643]&amp#27;[0m&amp#27;[38;5;86m[HTTP]&amp#27;[0m &amp#27;[37m<-- POST /session/9ef19643-a636-4b54-acc7-9fa329875cd6/execute/sync &amp#27;[39m&amp#27;[32m200&amp#27;[39m &amp#27;[90m392 ms - 15&amp#27;[39m &amp#27;[90m&amp#27;[39m
&amp#27;[38;5;191m[9ef19643]&amp#27;[0m&amp#27;[38;5;86m[HTTP]&amp#27;[0m &amp#27;[37m-->&amp#27;[39m &amp#27;[37mGET&amp#27;[39m &amp#27;[37m/session/9ef19643-a636-4b54-acc7-9fa329875cd6/context&amp#27;[39m &amp#27;[90m{}&amp#27;[39m
&amp#27;[38;5;191m[9ef19643]&amp#27;[0m&amp#27;[38;5;-144m[AndroidUiautomator2Driver@78b8]&amp#27;[0m Calling AppiumDriver.getCurrentContext() with args: ["9ef19643-a636-4b54-acc7-9fa329875cd6"]
&amp#27;[38;5;191m[9ef19643]&amp#27;[0m&amp#27;[38;5;-144m[AndroidUiautomator2Driver@78b8]&amp#27;[0m Responding to client with driver.getCurrentContext() result: "NATIVE_APP"
&amp#27;[38;5;191m[9ef19643]&amp#27;[0m&amp#27;[38;5;86m[HTTP]&amp#27;[0m &amp#27;[37m<-- GET /session/9ef19643-a636-4b54-acc7-9fa329875cd6/context &amp#27;[39m&amp#27;[32m200&amp#27;[39m &amp#27;[90m1 ms - 22&amp#27;[39m &amp#27;[90m&amp#27;[39m
&amp#27;[38;5;191m[9ef19643]&amp#27;[0m&amp#27;[38;5;86m[HTTP]&amp#27;[0m &amp#27;[37m-->&amp#27;[39m &amp#27;[37mPOST&amp#27;[39m &amp#27;[37m/session/9ef19643-a636-4b54-acc7-9fa329875cd6/element&amp#27;[39m &amp#27;[90m{"using":"xpath","value":"//android.widget.RadioButton[@text='Male']"}&amp#27;[39m
&amp#27;[38;5;191m[9ef19643]&amp#27;[0m&amp#27;[38;5;-144m[AndroidUiautomator2Driver@78b8]&amp#27;[0m Calling AppiumDriver.findElement() with args: ["xpath","//android.widget.RadioButton[@text='Male']","9ef19643-a636-4b54-acc7-9fa329875cd6"]
&amp#27;[38;5;191m[9ef19643]&amp#27;[0m&amp#27;[38;5;-144m[AndroidUiautomator2Driver@78b8]&amp#27;[0m Valid locator strategies for this request: xpath, id, class name, accessibility id, css selector, -android uiautomator
&amp#27;[38;5;191m[9ef19643]&amp#27;[0m&amp#27;[38;5;-144m[AndroidUiautomator2Driver@78b8]&amp#27;[0m Waiting up to 0 ms for condition
&amp#27;[38;5;191m[9ef19643]&amp#27;[0m&amp#27;[38;5;-144m[AndroidUiautomator2Driver@78b8]&amp#27;[0m Matched '/element' to command name 'findElement'
&amp#27;[38;5;191m[9ef19643]&amp#27;[0m&amp#27;[38;5;-144m[AndroidUiautomator2Driver@78b8]&amp#27;[0m Proxying [POST /element] to [POST http://127.0.0.1:8201/session/79a55306-d9a1-4b8e-8792-0346962247c5/element] with body: {"strategy":"xpath","selector":"//android.widget.RadioButton[@text='Male']","context":"","multiple":false}
&amp#27;[38;5;191m[9ef19643]&amp#27;[0m&amp#27;[38;5;-144m[AndroidUiautomator2Driver@78b8]&amp#27;[0m Got response with status 200: {"sessionId":"79a55306-d9a1-4b8e-8792-0346962247c5","value":{"ELEMENT":"00000000-0000-0756-ffff-ffff0000001f","element-6066-11e4-a52e-4f735466cecf":"00000000-0000-0756-ffff-ffff0000001f"}}
&amp#27;[38;5;191m[9ef19643]&amp#27;[0m&amp#27;[38;5;-144m[AndroidUiautomator2Driver@78b8]&amp#27;[0m Responding to client with driver.findElement() result: {"element-6066-11e4-a52e-4f735466cecf":"00000000-0000-0756-ffff-ffff0000001f","ELEMENT":"00000000-0000-0756-ffff-ffff0000001f"}
&amp#27;[38;5;191m[9ef19643]&amp#27;[0m&amp#27;[38;5;86m[HTTP]&amp#27;[0m &amp#27;[37m<-- POST /session/9ef19643-a636-4b54-acc7-9fa329875cd6/element &amp#27;[39m&amp#27;[32m200&amp#27;[39m &amp#27;[90m1005 ms - 137&amp#27;[39m &amp#27;[90m&amp#27;[39m
&amp#27;[38;5;191m[9ef19643]&amp#27;[0m&amp#27;[38;5;86m[HTTP]&amp#27;[0m &amp#27;[37m-->&amp#27;[39m &amp#27;[37mPOST&amp#27;[39m &amp#27;[37m/session/9ef19643-a636-4b54-acc7-9fa329875cd6/element/00000000-0000-0756-ffff-ffff0000001f/click&amp#27;[39m &amp#27;[90m{"id":"00000000-0000-0756-ffff-ffff0000001f"}&amp#27;[39m
&amp#27;[38;5;191m[9ef19643]&amp#27;[0m&amp#27;[38;5;-144m[AndroidUiautomator2Driver@78b8]&amp#27;[0m Calling AppiumDriver.click() with args: ["00000000-0000-0756-ffff-ffff0000001f","9ef19643-a636-4b54-acc7-9fa329875cd6"]
&amp#27;[38;5;191m[9ef19643]&amp#27;[0m&amp#27;[38;5;-144m[AndroidUiautomator2Driver@78b8]&amp#27;[0m Matched '/element/00000000-0000-0756-ffff-ffff0000001f/click' to command name 'click'
&amp#27;[38;5;191m[9ef19643]&amp#27;[0m&amp#27;[38;5;-144m[AndroidUiautomator2Driver@78b8]&amp#27;[0m Proxying [POST /element/00000000-0000-0756-ffff-ffff0000001f/click] to [POST http://127.0.0.1:8201/session/79a55306-d9a1-4b8e-8792-0346962247c5/element/00000000-0000-0756-ffff-ffff0000001f/click] with body: {"element":"00000000-0000-0756-ffff-ffff0000001f"}
&amp#27;[38;5;191m[9ef19643]&amp#27;[0m&amp#27;[38;5;-144m[AndroidUiautomator2Driver@78b8]&amp#27;[0m Got response with status 200: {"sessionId":"79a55306-d9a1-4b8e-8792-0346962247c5","value":null}
&amp#27;[38;5;191m[9ef19643]&amp#27;[0m&amp#27;[38;5;-144m[AndroidUiautomator2Driver@78b8]&amp#27;[0m Responding to client with driver.click() result: null
&amp#27;[38;5;191m[9ef19643]&amp#27;[0m&amp#27;[38;5;86m[HTTP]&amp#27;[0m &amp#27;[37m<-- POST /session/9ef19643-a636-4b54-acc7-9fa329875cd6/element/00000000-0000-0756-ffff-ffff0000001f/click &amp#27;[39m&amp#27;[32m200&amp#27;[39m &amp#27;[90m93 ms - 14&amp#27;[39m &amp#27;[90m&amp#27;[39m
&amp#27;[38;5;191m[9ef19643]&amp#27;[0m&amp#27;[38;5;86m[HTTP]&amp#27;[0m &amp#27;[37m-->&amp#27;[39m &amp#27;[37mGET&amp#27;[39m &amp#27;[37m/session/9ef19643-a636-4b54-acc7-9fa329875cd6/context&amp#27;[39m &amp#27;[90m{}&amp#27;[39m
&amp#27;[38;5;191m[9ef19643]&amp#27;[0m&amp#27;[38;5;-144m[AndroidUiautomator2Driver@78b8]&amp#27;[0m Calling AppiumDriver.getCurrentContext() with args: ["9ef19643-a636-4b54-acc7-9fa329875cd6"]
&amp#27;[38;5;191m[9ef19643]&amp#27;[0m&amp#27;[38;5;-144m[AndroidUiautomator2Driver@78b8]&amp#27;[0m Responding to client with driver.getCurrentContext() result: "NATIVE_APP"
&amp#27;[38;5;191m[9ef19643]&amp#27;[0m&amp#27;[38;5;86m[HTTP]&amp#27;[0m &amp#27;[37m<-- GET /session/9ef19643-a636-4b54-acc7-9fa329875cd6/context &amp#27;[39m&amp#27;[32m200&amp#27;[39m &amp#27;[90m1 ms - 22&amp#27;[39m &amp#27;[90m&amp#27;[39m
&amp#27;[38;5;191m[9ef19643]&amp#27;[0m&amp#27;[38;5;86m[HTTP]&amp#27;[0m &amp#27;[37m-->&amp#27;[39m &amp#27;[37mPOST&amp#27;[39m &amp#27;[37m/session/9ef19643-a636-4b54-acc7-9fa329875cd6/element&amp#27;[39m &amp#27;[90m{"using":"id","value":"android:id/text1"}&amp#27;[39m
&amp#27;[38;5;191m[9ef19643]&amp#27;[0m&amp#27;[38;5;-144m[AndroidUiautomator2Driver@78b8]&amp#27;[0m Calling AppiumDriver.findElement() with args: ["id","android:id/text1","9ef19643-a636-4b54-acc7-9fa329875cd6"]
&amp#27;[38;5;191m[9ef19643]&amp#27;[0m&amp#27;[38;5;-144m[AndroidUiautomator2Driver@78b8]&amp#27;[0m Valid locator strategies for this request: xpath, id, class name, accessibility id, css selector, -android uiautomator
&amp#27;[38;5;191m[9ef19643]&amp#27;[0m&amp#27;[38;5;-144m[AndroidUiautomator2Driver@78b8]&amp#27;[0m Waiting up to 0 ms for condition
&amp#27;[38;5;191m[9ef19643]&amp#27;[0m&amp#27;[38;5;-144m[AndroidUiautomator2Driver@78b8]&amp#27;[0m Matched '/element' to command name 'findElement'
&amp#27;[38;5;191m[9ef19643]&amp#27;[0m&amp#27;[38;5;-144m[AndroidUiautomator2Driver@78b8]&amp#27;[0m Proxying [POST /element] to [POST http://127.0.0.1:8201/session/79a55306-d9a1-4b8e-8792-0346962247c5/element] with body: {"strategy":"id","selector":"android:id/text1","context":"","multiple":false}
&amp#27;[38;5;191m[9ef19643]&amp#27;[0m&amp#27;[38;5;-144m[AndroidUiautomator2Driver@78b8]&amp#27;[0m Got response with status 200: {"sessionId":"79a55306-d9a1-4b8e-8792-0346962247c5","value":{"ELEMENT":"00000000-0000-0756-ffff-ffff00000024","element-6066-11e4-a52e-4f735466cecf":"00000000-0000-0756-ffff-ffff00000024"}}
&amp#27;[38;5;191m[9ef19643]&amp#27;[0m&amp#27;[38;5;-144m[AndroidUiautomator2Driver@78b8]&amp#27;[0m Responding to client with driver.findElement() result: {"element-6066-11e4-a52e-4f735466cecf":"00000000-0000-0756-ffff-ffff00000024","ELEMENT":"00000000-0000-0756-ffff-ffff00000024"}
&amp#27;[38;5;191m[9ef19643]&amp#27;[0m&amp#27;[38;5;86m[HTTP]&amp#27;[0m &amp#27;[37m<-- POST /session/9ef19643-a636-4b54-acc7-9fa329875cd6/element &amp#27;[39m&amp#27;[32m200&amp#27;[39m &amp#27;[90m110 ms - 137&amp#27;[39m &amp#27;[90m&amp#27;[39m
&amp#27;[38;5;191m[9ef19643]&amp#27;[0m&amp#27;[38;5;86m[HTTP]&amp#27;[0m &amp#27;[37m-->&amp#27;[39m &amp#27;[37mPOST&amp#27;[39m &amp#27;[37m/session/9ef19643-a636-4b54-acc7-9fa329875cd6/element/00000000-0000-0756-ffff-ffff00000024/click&amp#27;[39m &amp#27;[90m{"id":"00000000-0000-0756-ffff-ffff00000024"}&amp#27;[39m
&amp#27;[38;5;191m[9ef19643]&amp#27;[0m&amp#27;[38;5;-144m[AndroidUiautomator2Driver@78b8]&amp#27;[0m Calling AppiumDriver.click() with args: ["00000000-0000-0756-ffff-ffff00000024","9ef19643-a636-4b54-acc7-9fa329875cd6"]
&amp#27;[38;5;191m[9ef19643]&amp#27;[0m&amp#27;[38;5;-144m[AndroidUiautomator2Driver@78b8]&amp#27;[0m Matched '/element/00000000-0000-0756-ffff-ffff00000024/click' to command name 'click'
&amp#27;[38;5;191m[9ef19643]&amp#27;[0m&amp#27;[38;5;-144m[AndroidUiautomator2Driver@78b8]&amp#27;[0m Proxying [POST /element/00000000-0000-0756-ffff-ffff00000024/click] to [POST http://127.0.0.1:8201/session/79a55306-d9a1-4b8e-8792-0346962247c5/element/00000000-0000-0756-ffff-ffff00000024/click] with body: {"element":"00000000-0000-0756-ffff-ffff00000024"}
&amp#27;[38;5;191m[9ef19643]&amp#27;[0m&amp#27;[38;5;-144m[AndroidUiautomator2Driver@78b8]&amp#27;[0m Got response with status 200: {"sessionId":"79a55306-d9a1-4b8e-8792-0346962247c5","value":null}
&amp#27;[38;5;191m[9ef19643]&amp#27;[0m&amp#27;[38;5;-144m[AndroidUiautomator2Driver@78b8]&amp#27;[0m Responding to client with driver.click() result: null
&amp#27;[38;5;191m[9ef19643]&amp#27;[0m&amp#27;[38;5;86m[HTTP]&amp#27;[0m &amp#27;[37m<-- POST /session/9ef19643-a636-4b54-acc7-9fa329875cd6/element/00000000-0000-0756-ffff-ffff00000024/click &amp#27;[39m&amp#27;[32m200&amp#27;[39m &amp#27;[90m448 ms - 14&amp#27;[39m &amp#27;[90m&amp#27;[39m
&amp#27;[38;5;191m[9ef19643]&amp#27;[0m&amp#27;[38;5;86m[HTTP]&amp#27;[0m &amp#27;[37m-->&amp#27;[39m &amp#27;[37mPOST&amp#27;[39m &amp#27;[37m/session/9ef19643-a636-4b54-acc7-9fa329875cd6/element&amp#27;[39m &amp#27;[90m{"using":"-android uiautomator","value":"new UiScrollable(new UiSelector()).scrollIntoView(text(\"Austria\"));"}&amp#27;[39m
&amp#27;[38;5;191m[9ef19643]&amp#27;[0m&amp#27;[38;5;-144m[AndroidUiautomator2Driver@78b8]&amp#27;[0m Calling AppiumDriver.findElement() with args: ["-android uiautomator","new UiScrollable(new UiSelector()).scrollIntoView(text(\"Austria\"));","9ef19643-a636-4b54-acc7-9fa329875cd6"]
&amp#27;[38;5;191m[9ef19643]&amp#27;[0m&amp#27;[38;5;-144m[AndroidUiautomator2Driver@78b8]&amp#27;[0m Valid locator strategies for this request: xpath, id, class name, accessibility id, css selector, -android uiautomator
&amp#27;[38;5;191m[9ef19643]&amp#27;[0m&amp#27;[38;5;-144m[AndroidUiautomator2Driver@78b8]&amp#27;[0m Waiting up to 0 ms for condition
&amp#27;[38;5;191m[9ef19643]&amp#27;[0m&amp#27;[38;5;-144m[AndroidUiautomator2Driver@78b8]&amp#27;[0m Matched '/element' to command name 'findElement'
&amp#27;[38;5;191m[9ef19643]&amp#27;[0m&amp#27;[38;5;-144m[AndroidUiautomator2Driver@78b8]&amp#27;[0m Proxying [POST /element] to [POST http://127.0.0.1:8201/session/79a55306-d9a1-4b8e-8792-0346962247c5/element] with body: {"strategy":"-android uiautomator","selector":"new UiScrollable(new UiSelector()).scrollIntoView(text(\"Austria\"));","context":"","multiple":false}
&amp#27;[38;5;191m[9ef19643]&amp#27;[0m&amp#27;[38;5;-144m[AndroidUiautomator2Driver@78b8]&amp#27;[0m Got response with status 200: {"sessionId":"79a55306-d9a1-4b8e-8792-0346962247c5","value":{"ELEMENT":"00000000-0000-0757-ffff-ffff0000002c","element-6066-11e4-a52e-4f735466cecf":"00000000-0000-0757-ffff-ffff0000002c"}}
&amp#27;[38;5;191m[9ef19643]&amp#27;[0m&amp#27;[38;5;-144m[AndroidUiautomator2Driver@78b8]&amp#27;[0m Responding to client with driver.findElement() result: {"element-6066-11e4-a52e-4f735466cecf":"00000000-0000-0757-ffff-ffff0000002c","ELEMENT":"00000000-0000-0757-ffff-ffff0000002c"}
&amp#27;[38;5;191m[9ef19643]&amp#27;[0m&amp#27;[38;5;86m[HTTP]&amp#27;[0m &amp#27;[37m<-- POST /session/9ef19643-a636-4b54-acc7-9fa329875cd6/element &amp#27;[39m&amp#27;[32m200&amp#27;[39m &amp#27;[90m4943 ms - 137&amp#27;[39m &amp#27;[90m&amp#27;[39m
&amp#27;[38;5;191m[9ef19643]&amp#27;[0m&amp#27;[38;5;86m[HTTP]&amp#27;[0m &amp#27;[37m-->&amp#27;[39m &amp#27;[37mPOST&amp#27;[39m &amp#27;[37m/session/9ef19643-a636-4b54-acc7-9fa329875cd6/element&amp#27;[39m &amp#27;[90m{"using":"xpath","value":"//android.widget.TextView[@text='Austria']"}&amp#27;[39m
&amp#27;[38;5;191m[9ef19643]&amp#27;[0m&amp#27;[38;5;-144m[AndroidUiautomator2Driver@78b8]&amp#27;[0m Calling AppiumDriver.findElement() with args: ["xpath","//android.widget.TextView[@text='Austria']","9ef19643-a636-4b54-acc7-9fa329875cd6"]
&amp#27;[38;5;191m[9ef19643]&amp#27;[0m&amp#27;[38;5;-144m[AndroidUiautomator2Driver@78b8]&amp#27;[0m Valid locator strategies for this request: xpath, id, class name, accessibility id, css selector, -android uiautomator
&amp#27;[38;5;191m[9ef19643]&amp#27;[0m&amp#27;[38;5;-144m[AndroidUiautomator2Driver@78b8]&amp#27;[0m Waiting up to 0 ms for condition
&amp#27;[38;5;191m[9ef19643]&amp#27;[0m&amp#27;[38;5;-144m[AndroidUiautomator2Driver@78b8]&amp#27;[0m Matched '/element' to command name 'findElement'
&amp#27;[38;5;191m[9ef19643]&amp#27;[0m&amp#27;[38;5;-144m[AndroidUiautomator2Driver@78b8]&amp#27;[0m Proxying [POST /element] to [POST http://127.0.0.1:8201/session/79a55306-d9a1-4b8e-8792-0346962247c5/element] with body: {"strategy":"xpath","selector":"//android.widget.TextView[@text='Austria']","context":"","multiple":false}
&amp#27;[38;5;191m[9ef19643]&amp#27;[0m&amp#27;[38;5;-144m[AndroidUiautomator2Driver@78b8]&amp#27;[0m Got response with status 200: {"sessionId":"79a55306-d9a1-4b8e-8792-0346962247c5","value":{"ELEMENT":"00000000-0000-0757-ffff-ffff0000002c","element-6066-11e4-a52e-4f735466cecf":"00000000-0000-0757-ffff-ffff0000002c"}}
&amp#27;[38;5;191m[9ef19643]&amp#27;[0m&amp#27;[38;5;-144m[AndroidUiautomator2Driver@78b8]&amp#27;[0m Responding to client with driver.findElement() result: {"element-6066-11e4-a52e-4f735466cecf":"00000000-0000-0757-ffff-ffff0000002c","ELEMENT":"00000000-0000-0757-ffff-ffff0000002c"}
&amp#27;[38;5;191m[9ef19643]&amp#27;[0m&amp#27;[38;5;86m[HTTP]&amp#27;[0m &amp#27;[37m<-- POST /session/9ef19643-a636-4b54-acc7-9fa329875cd6/element &amp#27;[39m&amp#27;[32m200&amp#27;[39m &amp#27;[90m86 ms - 137&amp#27;[39m &amp#27;[90m&amp#27;[39m
&amp#27;[38;5;191m[9ef19643]&amp#27;[0m&amp#27;[38;5;86m[HTTP]&amp#27;[0m &amp#27;[37m-->&amp#27;[39m &amp#27;[37mPOST&amp#27;[39m &amp#27;[37m/session/9ef19643-a636-4b54-acc7-9fa329875cd6/element/00000000-0000-0757-ffff-ffff0000002c/click&amp#27;[39m &amp#27;[90m{"id":"00000000-0000-0757-ffff-ffff0000002c"}&amp#27;[39m
&amp#27;[38;5;191m[9ef19643]&amp#27;[0m&amp#27;[38;5;-144m[AndroidUiautomator2Driver@78b8]&amp#27;[0m Calling AppiumDriver.click() with args: ["00000000-0000-0757-ffff-ffff0000002c","9ef19643-a636-4b54-acc7-9fa329875cd6"]
&amp#27;[38;5;191m[9ef19643]&amp#27;[0m&amp#27;[38;5;-144m[AndroidUiautomator2Driver@78b8]&amp#27;[0m Matched '/element/00000000-0000-0757-ffff-ffff0000002c/click' to command name 'click'
&amp#27;[38;5;191m[9ef19643]&amp#27;[0m&amp#27;[38;5;-144m[AndroidUiautomator2Driver@78b8]&amp#27;[0m Proxying [POST /element/00000000-0000-0757-ffff-ffff0000002c/click] to [POST http://127.0.0.1:8201/session/79a55306-d9a1-4b8e-8792-0346962247c5/element/00000000-0000-0757-ffff-ffff0000002c/click] with body: {"element":"00000000-0000-0757-ffff-ffff0000002c"}
&amp#27;[38;5;191m[9ef19643]&amp#27;[0m&amp#27;[38;5;-144m[AndroidUiautomator2Driver@78b8]&amp#27;[0m Got response with status 200: {"sessionId":"79a55306-d9a1-4b8e-8792-0346962247c5","value":null}
&amp#27;[38;5;191m[9ef19643]&amp#27;[0m&amp#27;[38;5;-144m[AndroidUiautomator2Driver@78b8]&amp#27;[0m Responding to client with driver.click() result: null
&amp#27;[38;5;191m[9ef19643]&amp#27;[0m&amp#27;[38;5;86m[HTTP]&amp#27;[0m &amp#27;[37m<-- POST /session/9ef19643-a636-4b54-acc7-9fa329875cd6/element/00000000-0000-0757-ffff-ffff0000002c/click &amp#27;[39m&amp#27;[32m200&amp#27;[39m &amp#27;[90m824 ms - 14&amp#27;[39m &amp#27;[90m&amp#27;[39m
&amp#27;[38;5;191m[9ef19643]&amp#27;[0m&amp#27;[38;5;86m[HTTP]&amp#27;[0m &amp#27;[37m-->&amp#27;[39m &amp#27;[37mGET&amp#27;[39m &amp#27;[37m/session/9ef19643-a636-4b54-acc7-9fa329875cd6/context&amp#27;[39m &amp#27;[90m{}&amp#27;[39m
&amp#27;[38;5;191m[9ef19643]&amp#27;[0m&amp#27;[38;5;-144m[AndroidUiautomator2Driver@78b8]&amp#27;[0m Calling AppiumDriver.getCurrentContext() with args: ["9ef19643-a636-4b54-acc7-9fa329875cd6"]
&amp#27;[38;5;191m[9ef19643]&amp#27;[0m&amp#27;[38;5;-144m[AndroidUiautomator2Driver@78b8]&amp#27;[0m Responding to client with driver.getCurrentContext() result: "NATIVE_APP"
&amp#27;[38;5;191m[9ef19643]&amp#27;[0m&amp#27;[38;5;86m[HTTP]&amp#27;[0m &amp#27;[37m<-- GET /session/9ef19643-a636-4b54-acc7-9fa329875cd6/context &amp#27;[39m&amp#27;[32m200&amp#27;[39m &amp#27;[90m3 ms - 22&amp#27;[39m &amp#27;[90m&amp#27;[39m
&amp#27;[38;5;191m[9ef19643]&amp#27;[0m&amp#27;[38;5;86m[HTTP]&amp#27;[0m &amp#27;[37m-->&amp#27;[39m &amp#27;[37mPOST&amp#27;[39m &amp#27;[37m/session/9ef19643-a636-4b54-acc7-9fa329875cd6/element&amp#27;[39m &amp#27;[90m{"using":"id","value":"com.androidsample.generalstore:id/btnLetsShop"}&amp#27;[39m
&amp#27;[38;5;191m[9ef19643]&amp#27;[0m&amp#27;[38;5;-144m[AndroidUiautomator2Driver@78b8]&amp#27;[0m Calling AppiumDriver.findElement() with args: ["id","com.androidsample.generalstore:id/btnLetsShop","9ef19643-a636-4b54-acc7-9fa329875cd6"]
&amp#27;[38;5;191m[9ef19643]&amp#27;[0m&amp#27;[38;5;-144m[AndroidUiautomator2Driver@78b8]&amp#27;[0m Valid locator strategies for this request: xpath, id, class name, accessibility id, css selector, -android uiautomator
&amp#27;[38;5;191m[9ef19643]&amp#27;[0m&amp#27;[38;5;-144m[AndroidUiautomator2Driver@78b8]&amp#27;[0m Waiting up to 0 ms for condition
&amp#27;[38;5;191m[9ef19643]&amp#27;[0m&amp#27;[38;5;-144m[AndroidUiautomator2Driver@78b8]&amp#27;[0m Matched '/element' to command name 'findElement'
&amp#27;[38;5;191m[9ef19643]&amp#27;[0m&amp#27;[38;5;-144m[AndroidUiautomator2Driver@78b8]&amp#27;[0m Proxying [POST /element] to [POST http://127.0.0.1:8201/session/79a55306-d9a1-4b8e-8792-0346962247c5/element] with body: {"strategy":"id","selector":"com.androidsample.generalstore:id/btnLetsShop","context":"","multiple":false}
&amp#27;[38;5;191m[9ef19643]&amp#27;[0m&amp#27;[38;5;-144m[AndroidUiautomator2Driver@78b8]&amp#27;[0m Got response with status 200: {"sessionId":"79a55306-d9a1-4b8e-8792-0346962247c5","value":{"ELEMENT":"00000000-0000-0756-ffff-ffff00000021","element-6066-11e4-a52e-4f735466cecf":"00000000-0000-0756-ffff-ffff00000021"}}
&amp#27;[38;5;191m[9ef19643]&amp#27;[0m&amp#27;[38;5;-144m[AndroidUiautomator2Driver@78b8]&amp#27;[0m Responding to client with driver.findElement() result: {"element-6066-11e4-a52e-4f735466cecf":"00000000-0000-0756-ffff-ffff00000021","ELEMENT":"00000000-0000-0756-ffff-ffff00000021"}
&amp#27;[38;5;191m[9ef19643]&amp#27;[0m&amp#27;[38;5;86m[HTTP]&amp#27;[0m &amp#27;[37m<-- POST /session/9ef19643-a636-4b54-acc7-9fa329875cd6/element &amp#27;[39m&amp#27;[32m200&amp#27;[39m &amp#27;[90m49 ms - 137&amp#27;[39m &amp#27;[90m&amp#27;[39m
&amp#27;[38;5;191m[9ef19643]&amp#27;[0m&amp#27;[38;5;86m[HTTP]&amp#27;[0m &amp#27;[37m-->&amp#27;[39m &amp#27;[37mPOST&amp#27;[39m &amp#27;[37m/session/9ef19643-a636-4b54-acc7-9fa329875cd6/element/00000000-0000-0756-ffff-ffff00000021/click&amp#27;[39m &amp#27;[90m{"id":"00000000-0000-0756-ffff-ffff00000021"}&amp#27;[39m
&amp#27;[38;5;191m[9ef19643]&amp#27;[0m&amp#27;[38;5;-144m[AndroidUiautomator2Driver@78b8]&amp#27;[0m Calling AppiumDriver.click() with args: ["00000000-0000-0756-ffff-ffff00000021","9ef19643-a636-4b54-acc7-9fa329875cd6"]
&amp#27;[38;5;191m[9ef19643]&amp#27;[0m&amp#27;[38;5;-144m[AndroidUiautomator2Driver@78b8]&amp#27;[0m Matched '/element/00000000-0000-0756-ffff-ffff00000021/click' to command name 'click'
&amp#27;[38;5;191m[9ef19643]&amp#27;[0m&amp#27;[38;5;-144m[AndroidUiautomator2Driver@78b8]&amp#27;[0m Proxying [POST /element/00000000-0000-0756-ffff-ffff00000021/click] to [POST http://127.0.0.1:8201/session/79a55306-d9a1-4b8e-8792-0346962247c5/element/00000000-0000-0756-ffff-ffff00000021/click] with body: {"element":"00000000-0000-0756-ffff-ffff00000021"}
&amp#27;[38;5;191m[9ef19643]&amp#27;[0m&amp#27;[38;5;-144m[AndroidUiautomator2Driver@78b8]&amp#27;[0m Got response with status 200: {"sessionId":"79a55306-d9a1-4b8e-8792-0346962247c5","value":null}
&amp#27;[38;5;191m[9ef19643]&amp#27;[0m&amp#27;[38;5;-144m[AndroidUiautomator2Driver@78b8]&amp#27;[0m Responding to client with driver.click() result: null
&amp#27;[38;5;191m[9ef19643]&amp#27;[0m&amp#27;[38;5;86m[HTTP]&amp#27;[0m &amp#27;[37m<-- POST /session/9ef19643-a636-4b54-acc7-9fa329875cd6/element/00000000-0000-0756-ffff-ffff00000021/click &amp#27;[39m&amp#27;[32m200&amp#27;[39m &amp#27;[90m99 ms - 14&amp#27;[39m &amp#27;[90m&amp#27;[39m
&amp#27;[38;5;191m[9ef19643]&amp#27;[0m&amp#27;[38;5;86m[HTTP]&amp#27;[0m &amp#27;[37m-->&amp#27;[39m &amp#27;[37mGET&amp#27;[39m &amp#27;[37m/session/9ef19643-a636-4b54-acc7-9fa329875cd6/context&amp#27;[39m &amp#27;[90m{}&amp#27;[39m
&amp#27;[38;5;191m[9ef19643]&amp#27;[0m&amp#27;[38;5;-144m[AndroidUiautomator2Driver@78b8]&amp#27;[0m Calling AppiumDriver.getCurrentContext() with args: ["9ef19643-a636-4b54-acc7-9fa329875cd6"]
&amp#27;[38;5;191m[9ef19643]&amp#27;[0m&amp#27;[38;5;-144m[AndroidUiautomator2Driver@78b8]&amp#27;[0m Responding to client with driver.getCurrentContext() result: "NATIVE_APP"
&amp#27;[38;5;191m[9ef19643]&amp#27;[0m&amp#27;[38;5;86m[HTTP]&amp#27;[0m &amp#27;[37m<-- GET /session/9ef19643-a636-4b54-acc7-9fa329875cd6/context &amp#27;[39m&amp#27;[32m200&amp#27;[39m &amp#27;[90m2 ms - 22&amp#27;[39m &amp#27;[90m&amp#27;[39m
&amp#27;[38;5;191m[9ef19643]&amp#27;[0m&amp#27;[38;5;86m[HTTP]&amp#27;[0m &amp#27;[37m-->&amp#27;[39m &amp#27;[37mPOST&amp#27;[39m &amp#27;[37m/session/9ef19643-a636-4b54-acc7-9fa329875cd6/element&amp#27;[39m &amp#27;[90m{"using":"xpath","value":"//android.widget.TextView[@resource-id='com.androidsample.generalstore:id/productPrice']"}&amp#27;[39m
&amp#27;[38;5;191m[9ef19643]&amp#27;[0m&amp#27;[38;5;-144m[AndroidUiautomator2Driver@78b8]&amp#27;[0m Calling AppiumDriver.findElement() with args: ["xpath","//android.widget.TextView[@resource-id='com.androidsample.generalstore:id/productPrice']","9ef19643-a636-4b54-acc7-9fa329875cd6"]
&amp#27;[38;5;191m[9ef19643]&amp#27;[0m&amp#27;[38;5;-144m[AndroidUiautomator2Driver@78b8]&amp#27;[0m Valid locator strategies for this request: xpath, id, class name, accessibility id, css selector, -android uiautomator
&amp#27;[38;5;191m[9ef19643]&amp#27;[0m&amp#27;[38;5;-144m[AndroidUiautomator2Driver@78b8]&amp#27;[0m Waiting up to 0 ms for condition
&amp#27;[38;5;191m[9ef19643]&amp#27;[0m&amp#27;[38;5;-144m[AndroidUiautomator2Driver@78b8]&amp#27;[0m Matched '/element' to command name 'findElement'
&amp#27;[38;5;191m[9ef19643]&amp#27;[0m&amp#27;[38;5;-144m[AndroidUiautomator2Driver@78b8]&amp#27;[0m Proxying [POST /element] to [POST http://127.0.0.1:8201/session/79a55306-d9a1-4b8e-8792-0346962247c5/element] with body: {"strategy":"xpath","selector":"//android.widget.TextView[@resource-id='com.androidsample.generalstore:id/productPrice']","context":"","multiple":false}
&amp#27;[38;5;191m[9ef19643]&amp#27;[0m&amp#27;[38;5;-144m[AndroidUiautomator2Driver@78b8]&amp#27;[0m Got response with status 404: {"sessionId":"79a55306-d9a1-4b8e-8792-0346962247c5","value":{"error":"no such element","message":"An element could not be located on the page using the given search parameters","stacktrace":"io.appium.uiautomator2.common.exceptions.ElementNotFoundException: An element could not be located on the page using the given search parameters\n\tat io.appium.uiautomator2.utils.ElementLocationHelpers.findElement(ElementLocationHelpers.java:156)\n\tat io.appium.uiautomator2.handler.FindElement.safeHandle(FindElement.java:60)\n\tat io.appium.uiautomator2.handler.request.SafeRequestHandler.handle(SafeRequestHandler.java:59)\n\tat io.appium.uiautomator2.server.AppiumServlet.handleRequest(AppiumServlet.java:259)\n\tat io.appium.uiautomator2.server.AppiumServlet.handleHttpRequest(AppiumServlet.java:253)\n\tat io.appium.uiautomator2.http.ServerHandler.channelRead(ServerHandler.java:77)\n\tat io.netty.channel.AbstractChannelHandlerContext.invokeChannelRead(AbstractChannelHandlerContext.java:366)\n\tat io.netty.channel.Abstr...
&amp#27;[38;5;191m[9ef19643]&amp#27;[0m&amp#27;[38;5;123m[W3C]&amp#27;[0m Matched W3C error code 'no such element' to NoSuchElementError
&amp#27;[38;5;191m[9ef19643]&amp#27;[0m&amp#27;[38;5;-144m[AndroidUiautomator2Driver@78b8]&amp#27;[0m Encountered internal error running command: NoSuchElementError: An element could not be located on the page using the given search parameters.
    at AndroidUiautomator2Driver.findElOrEls (C:\Users\User1\.appium\node_modules\appium-uiautomator2-driver\node_modules\appium-android-driver\lib\commands\find.ts:86:11)
    at processTicksAndRejections (node:internal/process/task_queues:95:5)
    at AndroidUiautomator2Driver.findElOrElsWithProcessing (C:\Users\User1\AppData\Roaming\npm\node_modules\appium\node_modules\@appium\base-driver\lib\basedriver\commands\find.ts:60:12)
    at AndroidUiautomator2Driver.findElement (C:\Users\User1\AppData\Roaming\npm\node_modules\appium\node_modules\@appium\base-driver\lib\basedriver\commands\find.ts:75:12)
&amp#27;[38;5;191m[9ef19643]&amp#27;[0m&amp#27;[38;5;86m[HTTP]&amp#27;[0m &amp#27;[37m<-- POST /session/9ef19643-a636-4b54-acc7-9fa329875cd6/element &amp#27;[39m&amp#27;[33m404&amp#27;[39m &amp#27;[90m538 ms - 890&amp#27;[39m &amp#27;[90m&amp#27;[39m
&amp#27;[38;5;191m[9ef19643]&amp#27;[0m&amp#27;[38;5;86m[HTTP]&amp#27;[0m &amp#27;[37m-->&amp#27;[39m &amp#27;[37mPOST&amp#27;[39m &amp#27;[37m/session/9ef19643-a636-4b54-acc7-9fa329875cd6/element&amp#27;[39m &amp#27;[90m{"using":"xpath","value":"//android.widget.TextView[@resource-id='com.androidsample.generalstore:id/productPrice']"}&amp#27;[39m
&amp#27;[38;5;191m[9ef19643]&amp#27;[0m&amp#27;[38;5;-144m[AndroidUiautomator2Driver@78b8]&amp#27;[0m Calling AppiumDriver.findElement() with args: ["xpath","//android.widget.TextView[@resource-id='com.androidsample.generalstore:id/productPrice']","9ef19643-a636-4b54-acc7-9fa329875cd6"]
&amp#27;[38;5;191m[9ef19643]&amp#27;[0m&amp#27;[38;5;-144m[AndroidUiautomator2Driver@78b8]&amp#27;[0m Valid locator strategies for this request: xpath, id, class name, accessibility id, css selector, -android uiautomator
&amp#27;[38;5;191m[9ef19643]&amp#27;[0m&amp#27;[38;5;-144m[AndroidUiautomator2Driver@78b8]&amp#27;[0m Waiting up to 0 ms for condition
&amp#27;[38;5;191m[9ef19643]&amp#27;[0m&amp#27;[38;5;-144m[AndroidUiautomator2Driver@78b8]&amp#27;[0m Matched '/element' to command name 'findElement'
&amp#27;[38;5;191m[9ef19643]&amp#27;[0m&amp#27;[38;5;-144m[AndroidUiautomator2Driver@78b8]&amp#27;[0m Proxying [POST /element] to [POST http://127.0.0.1:8201/session/79a55306-d9a1-4b8e-8792-0346962247c5/element] with body: {"strategy":"xpath","selector":"//android.widget.TextView[@resource-id='com.androidsample.generalstore:id/productPrice']","context":"","multiple":false}
&amp#27;[38;5;191m[9ef19643]&amp#27;[0m&amp#27;[38;5;-144m[AndroidUiautomator2Driver@78b8]&amp#27;[0m Got response with status 200: {"sessionId":"79a55306-d9a1-4b8e-8792-0346962247c5","value":{"ELEMENT":"00000000-0000-0758-ffff-ffff00000050","element-6066-11e4-a52e-4f735466cecf":"00000000-0000-0758-ffff-ffff00000050"}}
&amp#27;[38;5;191m[9ef19643]&amp#27;[0m&amp#27;[38;5;-144m[AndroidUiautomator2Driver@78b8]&amp#27;[0m Responding to client with driver.findElement() result: {"element-6066-11e4-a52e-4f735466cecf":"00000000-0000-0758-ffff-ffff00000050","ELEMENT":"00000000-0000-0758-ffff-ffff00000050"}
&amp#27;[38;5;191m[9ef19643]&amp#27;[0m&amp#27;[38;5;86m[HTTP]&amp#27;[0m &amp#27;[37m<-- POST /session/9ef19643-a636-4b54-acc7-9fa329875cd6/element &amp#27;[39m&amp#27;[32m200&amp#27;[39m &amp#27;[90m713 ms - 137&amp#27;[39m &amp#27;[90m&amp#27;[39m
&amp#27;[38;5;191m[9ef19643]&amp#27;[0m&amp#27;[38;5;86m[HTTP]&amp#27;[0m &amp#27;[37m-->&amp#27;[39m &amp#27;[37mGET&amp#27;[39m &amp#27;[37m/session/9ef19643-a636-4b54-acc7-9fa329875cd6/element/00000000-0000-0758-ffff-ffff00000050/displayed&amp#27;[39m &amp#27;[90m{}&amp#27;[39m
&amp#27;[38;5;191m[9ef19643]&amp#27;[0m&amp#27;[38;5;-144m[AndroidUiautomator2Driver@78b8]&amp#27;[0m Calling AppiumDriver.elementDisplayed() with args: ["00000000-0000-0758-ffff-ffff00000050","9ef19643-a636-4b54-acc7-9fa329875cd6"]
&amp#27;[38;5;191m[9ef19643]&amp#27;[0m&amp#27;[38;5;-144m[AndroidUiautomator2Driver@78b8]&amp#27;[0m Matched '/element/00000000-0000-0758-ffff-ffff00000050/attribute/displayed' to command name 'getAttribute'
&amp#27;[38;5;191m[9ef19643]&amp#27;[0m&amp#27;[38;5;-144m[AndroidUiautomator2Driver@78b8]&amp#27;[0m Proxying [GET /element/00000000-0000-0758-ffff-ffff00000050/attribute/displayed] to [GET http://127.0.0.1:8201/session/79a55306-d9a1-4b8e-8792-0346962247c5/element/00000000-0000-0758-ffff-ffff00000050/attribute/displayed] with no body
&amp#27;[38;5;191m[9ef19643]&amp#27;[0m&amp#27;[38;5;-144m[AndroidUiautomator2Driver@78b8]&amp#27;[0m Got response with status 200: {"sessionId":"79a55306-d9a1-4b8e-8792-0346962247c5","value":"true"}
&amp#27;[38;5;191m[9ef19643]&amp#27;[0m&amp#27;[38;5;-144m[AndroidUiautomator2Driver@78b8]&amp#27;[0m Responding to client with driver.elementDisplayed() result: true
&amp#27;[38;5;191m[9ef19643]&amp#27;[0m&amp#27;[38;5;86m[HTTP]&amp#27;[0m &amp#27;[37m<-- GET /session/9ef19643-a636-4b54-acc7-9fa329875cd6/element/00000000-0000-0758-ffff-ffff00000050/displayed &amp#27;[39m&amp#27;[32m200&amp#27;[39m &amp#27;[90m29 ms - 14&amp#27;[39m &amp#27;[90m&amp#27;[39m
&amp#27;[38;5;191m[9ef19643]&amp#27;[0m&amp#27;[38;5;86m[HTTP]&amp#27;[0m &amp#27;[37m-->&amp#27;[39m &amp#27;[37mGET&amp#27;[39m &amp#27;[37m/session/9ef19643-a636-4b54-acc7-9fa329875cd6/context&amp#27;[39m &amp#27;[90m{}&amp#27;[39m
&amp#27;[38;5;191m[9ef19643]&amp#27;[0m&amp#27;[38;5;-144m[AndroidUiautomator2Driver@78b8]&amp#27;[0m Calling AppiumDriver.getCurrentContext() with args: ["9ef19643-a636-4b54-acc7-9fa329875cd6"]
&amp#27;[38;5;191m[9ef19643]&amp#27;[0m&amp#27;[38;5;-144m[AndroidUiautomator2Driver@78b8]&amp#27;[0m Responding to client with driver.getCurrentContext() result: "NATIVE_APP"
&amp#27;[38;5;191m[9ef19643]&amp#27;[0m&amp#27;[38;5;86m[HTTP]&amp#27;[0m &amp#27;[37m<-- GET /session/9ef19643-a636-4b54-acc7-9fa329875cd6/context &amp#27;[39m&amp#27;[32m200&amp#27;[39m &amp#27;[90m2 ms - 22&amp#27;[39m &amp#27;[90m&amp#27;[39m
&amp#27;[38;5;191m[9ef19643]&amp#27;[0m&amp#27;[38;5;86m[HTTP]&amp#27;[0m &amp#27;[37m-->&amp#27;[39m &amp#27;[37mPOST&amp#27;[39m &amp#27;[37m/session/9ef19643-a636-4b54-acc7-9fa329875cd6/element&amp#27;[39m &amp#27;[90m{"using":"xpath","value":"//android.widget.TextView[@resource-id='com.androidsample.generalstore:id/productPrice']"}&amp#27;[39m
&amp#27;[38;5;191m[9ef19643]&amp#27;[0m&amp#27;[38;5;-144m[AndroidUiautomator2Driver@78b8]&amp#27;[0m Calling AppiumDriver.findElement() with args: ["xpath","//android.widget.TextView[@resource-id='com.androidsample.generalstore:id/productPrice']","9ef19643-a636-4b54-acc7-9fa329875cd6"]
&amp#27;[38;5;191m[9ef19643]&amp#27;[0m&amp#27;[38;5;-144m[AndroidUiautomator2Driver@78b8]&amp#27;[0m Valid locator strategies for this request: xpath, id, class name, accessibility id, css selector, -android uiautomator
&amp#27;[38;5;191m[9ef19643]&amp#27;[0m&amp#27;[38;5;-144m[AndroidUiautomator2Driver@78b8]&amp#27;[0m Waiting up to 0 ms for condition
&amp#27;[38;5;191m[9ef19643]&amp#27;[0m&amp#27;[38;5;-144m[AndroidUiautomator2Driver@78b8]&amp#27;[0m Matched '/element' to command name 'findElement'
&amp#27;[38;5;191m[9ef19643]&amp#27;[0m&amp#27;[38;5;-144m[AndroidUiautomator2Driver@78b8]&amp#27;[0m Proxying [POST /element] to [POST http://127.0.0.1:8201/session/79a55306-d9a1-4b8e-8792-0346962247c5/element] with body: {"strategy":"xpath","selector":"//android.widget.TextView[@resource-id='com.androidsample.generalstore:id/productPrice']","context":"","multiple":false}
&amp#27;[38;5;191m[9ef19643]&amp#27;[0m&amp#27;[38;5;-144m[AndroidUiautomator2Driver@78b8]&amp#27;[0m Got response with status 200: {"sessionId":"79a55306-d9a1-4b8e-8792-0346962247c5","value":{"ELEMENT":"00000000-0000-0758-ffff-ffff00000050","element-6066-11e4-a52e-4f735466cecf":"00000000-0000-0758-ffff-ffff00000050"}}
&amp#27;[38;5;191m[9ef19643]&amp#27;[0m&amp#27;[38;5;-144m[AndroidUiautomator2Driver@78b8]&amp#27;[0m Responding to client with driver.findElement() result: {"element-6066-11e4-a52e-4f735466cecf":"00000000-0000-0758-ffff-ffff00000050","ELEMENT":"00000000-0000-0758-ffff-ffff00000050"}
&amp#27;[38;5;191m[9ef19643]&amp#27;[0m&amp#27;[38;5;86m[HTTP]&amp#27;[0m &amp#27;[37m<-- POST /session/9ef19643-a636-4b54-acc7-9fa329875cd6/element &amp#27;[39m&amp#27;[32m200&amp#27;[39m &amp#27;[90m145 ms - 137&amp#27;[39m &amp#27;[90m&amp#27;[39m
&amp#27;[38;5;191m[9ef19643]&amp#27;[0m&amp#27;[38;5;86m[HTTP]&amp#27;[0m &amp#27;[37m-->&amp#27;[39m &amp#27;[37mGET&amp#27;[39m &amp#27;[37m/session/9ef19643-a636-4b54-acc7-9fa329875cd6/element/00000000-0000-0758-ffff-ffff00000050/displayed&amp#27;[39m &amp#27;[90m{}&amp#27;[39m
&amp#27;[38;5;191m[9ef19643]&amp#27;[0m&amp#27;[38;5;-144m[AndroidUiautomator2Driver@78b8]&amp#27;[0m Calling AppiumDriver.elementDisplayed() with args: ["00000000-0000-0758-ffff-ffff00000050","9ef19643-a636-4b54-acc7-9fa329875cd6"]
&amp#27;[38;5;191m[9ef19643]&amp#27;[0m&amp#27;[38;5;-144m[AndroidUiautomator2Driver@78b8]&amp#27;[0m Matched '/element/00000000-0000-0758-ffff-ffff00000050/attribute/displayed' to command name 'getAttribute'
&amp#27;[38;5;191m[9ef19643]&amp#27;[0m&amp#27;[38;5;-144m[AndroidUiautomator2Driver@78b8]&amp#27;[0m Proxying [GET /element/00000000-0000-0758-ffff-ffff00000050/attribute/displayed] to [GET http://127.0.0.1:8201/session/79a55306-d9a1-4b8e-8792-0346962247c5/element/00000000-0000-0758-ffff-ffff00000050/attribute/displayed] with no body
&amp#27;[38;5;191m[9ef19643]&amp#27;[0m&amp#27;[38;5;-144m[AndroidUiautomator2Driver@78b8]&amp#27;[0m Got response with status 200: {"sessionId":"79a55306-d9a1-4b8e-8792-0346962247c5","value":"true"}
&amp#27;[38;5;191m[9ef19643]&amp#27;[0m&amp#27;[38;5;-144m[AndroidUiautomator2Driver@78b8]&amp#27;[0m Responding to client with driver.elementDisplayed() result: true
&amp#27;[38;5;191m[9ef19643]&amp#27;[0m&amp#27;[38;5;86m[HTTP]&amp#27;[0m &amp#27;[37m<-- GET /session/9ef19643-a636-4b54-acc7-9fa329875cd6/element/00000000-0000-0758-ffff-ffff00000050/displayed &amp#27;[39m&amp#27;[32m200&amp#27;[39m &amp#27;[90m26 ms - 14&amp#27;[39m &amp#27;[90m&amp#27;[39m
Test Passed: isProductCostVisible
]]></system-out>
  </testcase>
  <testcase name="isProductIconVisible[{name=Raj, country=Austria, product=Converse All Star, genderFemale=Female, genderMale=Male}](1)" classname="testCases.ProductPageTest" time="15.832">
    <system-out><![CDATA[&amp#27;[38;5;191m[9ef19643]&amp#27;[0m&amp#27;[38;5;86m[HTTP]&amp#27;[0m &amp#27;[37m-->&amp#27;[39m &amp#27;[37mDELETE&amp#27;[39m &amp#27;[37m/session/9ef19643-a636-4b54-acc7-9fa329875cd6&amp#27;[39m &amp#27;[90m{}&amp#27;[39m
&amp#27;[38;5;191m[9ef19643]&amp#27;[0m&amp#27;[38;5;-144m[AndroidUiautomator2Driver@78b8]&amp#27;[0m Calling AppiumDriver.deleteSession() with args: ["9ef19643-a636-4b54-acc7-9fa329875cd6"]
&amp#27;[38;5;191m[9ef19643]&amp#27;[0m&amp#27;[38;5;102m[AppiumDriver@e37c]&amp#27;[0m Event 'quitSessionRequested' logged at 1744635131400 (18:22:11 GMT+0530 (India Standard Time))
&amp#27;[38;5;191m[9ef19643]&amp#27;[0m&amp#27;[38;5;102m[AppiumDriver@e37c]&amp#27;[0m Removing session 9ef19643-a636-4b54-acc7-9fa329875cd6 from our master session list
&amp#27;[38;5;191m[9ef19643]&amp#27;[0m&amp#27;[38;5;-144m[AndroidUiautomator2Driver@78b8]&amp#27;[0m Deleting UiAutomator2 session
&amp#27;[38;5;191m[9ef19643]&amp#27;[0m&amp#27;[38;5;-144m[AndroidUiautomator2Driver@78b8]&amp#27;[0m Deleting UiAutomator2 server session
&amp#27;[38;5;191m[9ef19643]&amp#27;[0m&amp#27;[38;5;-144m[AndroidUiautomator2Driver@78b8]&amp#27;[0m Matched '/' to command name 'deleteSession'
&amp#27;[38;5;191m[9ef19643]&amp#27;[0m&amp#27;[38;5;-144m[AndroidUiautomator2Driver@78b8]&amp#27;[0m Proxying [DELETE /] to [DELETE http://127.0.0.1:8201/session/79a55306-d9a1-4b8e-8792-0346962247c5] with no body
&amp#27;[38;5;191m[9ef19643]&amp#27;[0m&amp#27;[38;5;-144m[AndroidUiautomator2Driver@78b8]&amp#27;[0m Got response with status 200: {"sessionId":"79a55306-d9a1-4b8e-8792-0346962247c5","value":null}
&amp#27;[38;5;191m[9ef19643]&amp#27;[0m&amp#27;[38;5;-144m[AndroidUiautomator2Driver@78b8]&amp#27;[0m [Instrumentation] io.appium.uiautomator2.server.test.AppiumUiAutomator2Server:
&amp#27;[38;5;191m[9ef19643]&amp#27;[0m&amp#27;[38;5;-144m[AndroidUiautomator2Driver@78b8]&amp#27;[0m [Instrumentation] The process has exited with code null, signal SIGTERM
&amp#27;[38;5;191m[9ef19643]&amp#27;[0m&amp#27;[38;5;229m[ADB]&amp#27;[0m Running 'C:\Users\User1\AppData\Local\Android\Sdk\platform-tools\adb.exe -P 5037 -s emulator-5554 shell dumpsys activity services io.appium.settings/.recorder.RecorderService'
&amp#27;[38;5;191m[9ef19643]&amp#27;[0m&amp#27;[38;5;229m[ADB]&amp#27;[0m Running 'C:\Users\User1\AppData\Local\Android\Sdk\platform-tools\adb.exe -P 5037 -s emulator-5554 shell am force-stop com.androidsample.generalstore'
&amp#27;[38;5;191m[9ef19643]&amp#27;[0m&amp#27;[38;5;229m[ADB]&amp#27;[0m Removing forwarded port socket connection: 8201 
&amp#27;[38;5;191m[9ef19643]&amp#27;[0m&amp#27;[38;5;229m[ADB]&amp#27;[0m Running 'C:\Users\User1\AppData\Local\Android\Sdk\platform-tools\adb.exe -P 5037 -s emulator-5554 forward --remove tcp:8201'
&amp#27;[38;5;191m[9ef19643]&amp#27;[0m&amp#27;[38;5;-144m[AndroidUiautomator2Driver@78b8]&amp#27;[0m Restoring hidden api policy to the device default configuration
&amp#27;[38;5;191m[9ef19643]&amp#27;[0m&amp#27;[38;5;229m[ADB]&amp#27;[0m Running 'C:\Users\User1\AppData\Local\Android\Sdk\platform-tools\adb.exe -P 5037 -s emulator-5554 shell 'settings delete global hidden_api_policy_pre_p_apps;settings delete global hidden_api_policy_p_apps;settings delete global hidden_api_policy''
&amp#27;[38;5;191m[9ef19643]&amp#27;[0m&amp#27;[38;5;160m[Logcat]&amp#27;[0m Stopping logcat capture
&amp#27;[38;5;191m[9ef19643]&amp#27;[0m&amp#27;[38;5;102m[AppiumDriver@e37c]&amp#27;[0m Event 'quitSessionFinished' logged at 1744635131969 (18:22:11 GMT+0530 (India Standard Time))
&amp#27;[38;5;191m[9ef19643]&amp#27;[0m&amp#27;[38;5;102m[AppiumDriver@e37c]&amp#27;[0m Received response: null
&amp#27;[38;5;191m[9ef19643]&amp#27;[0m&amp#27;[38;5;102m[AppiumDriver@e37c]&amp#27;[0m But deleting session, so not returning
&amp#27;[38;5;191m[9ef19643]&amp#27;[0m&amp#27;[38;5;102m[AppiumDriver@e37c]&amp#27;[0m Responding to client with driver.deleteSession() result: null
&amp#27;[38;5;191m[9ef19643]&amp#27;[0m&amp#27;[38;5;86m[HTTP]&amp#27;[0m &amp#27;[37m<-- DELETE /session/9ef19643-a636-4b54-acc7-9fa329875cd6 &amp#27;[39m&amp#27;[32m200&amp#27;[39m &amp#27;[90m571 ms - 14&amp#27;[39m &amp#27;[90m&amp#27;[39m
&amp#27;[38;5;112m[Appium]&amp#27;[0m Welcome to Appium v2.11.5
&amp#27;[38;5;112m[Appium]&amp#27;[0m The autodetected Appium home path: C:\Users\User1\.appium
&amp#27;[38;5;112m[Appium]&amp#27;[0m Attempting to load driver uiautomator2...
&amp#27;[38;5;112m[Appium]&amp#27;[0m Attempting to load driver xcuitest...
&amp#27;[38;5;112m[Appium]&amp#27;[0m Attempting to load driver espresso...
&amp#27;[38;5;112m[Appium]&amp#27;[0m Requiring driver at C:\Users\User1\.appium\node_modules\appium-uiautomator2-driver\build\index.js
&amp#27;[38;5;112m[Appium]&amp#27;[0m Requiring driver at C:\Users\User1\.appium\node_modules\appium-espresso-driver\build\index.js
&amp#27;[38;5;112m[Appium]&amp#27;[0m Requiring driver at C:\Users\User1\.appium\node_modules\appium-xcuitest-driver\build\index.js
&amp#27;[38;5;112m[Appium]&amp#27;[0m AndroidUiautomator2Driver has been successfully loaded in 2.743s
&amp#27;[38;5;112m[Appium]&amp#27;[0m EspressoDriver has been successfully loaded in 2.744s
&amp#27;[38;5;112m[Appium]&amp#27;[0m XCUITestDriver has been successfully loaded in 2.744s
&amp#27;[38;5;112m[Appium]&amp#27;[0m Attempting to load driver gecko...
&amp#27;[38;5;112m[Appium]&amp#27;[0m Requiring driver at C:\Users\User1\.appium\node_modules\appium-geckodriver\build\index.js
&amp#27;[38;5;112m[Appium]&amp#27;[0m GeckoDriver has been successfully loaded in 0.128s
&amp#27;[38;5;112m[Appium]&amp#27;[0m Appium REST http interface listener started on http://0.0.0.0:4723
&amp#27;[38;5;112m[Appium]&amp#27;[0m You can provide the following URLs in your client code to connect to this server:
	http://192.168.0.114:4723/
	http://127.0.0.1:4723/ (only accessible from the same host)
&amp#27;[38;5;112m[Appium]&amp#27;[0m Available drivers:
&amp#27;[38;5;112m[Appium]&amp#27;[0m   - uiautomator2@3.8.0 (automationName 'UiAutomator2')
&amp#27;[38;5;112m[Appium]&amp#27;[0m   - xcuitest@7.27.1 (automationName 'XCUITest')
&amp#27;[38;5;112m[Appium]&amp#27;[0m   - espresso@3.5.0 (automationName 'Espresso')
&amp#27;[38;5;112m[Appium]&amp#27;[0m   - gecko@1.4.0 (automationName 'Gecko')
&amp#27;[38;5;112m[Appium]&amp#27;[0m No plugins have been installed. Use the "appium plugin" command to install the one(s) you want to use.
&amp#27;[38;5;86m[HTTP]&amp#27;[0m &amp#27;[37m-->&amp#27;[39m &amp#27;[37mGET&amp#27;[39m &amp#27;[37m/status&amp#27;[39m &amp#27;[90m{}&amp#27;[39m
&amp#27;[38;5;131m[AppiumDriver@64fc]&amp#27;[0m Calling AppiumDriver.getStatus() with args: []
&amp#27;[38;5;131m[AppiumDriver@64fc]&amp#27;[0m Responding to client with driver.getStatus() result: {"ready":true,"message":"The server is ready to accept new connections","build":{"version":"2.11.5"}}
&amp#27;[38;5;86m[HTTP]&amp#27;[0m &amp#27;[37m<-- GET /status &amp#27;[39m&amp#27;[32m200&amp#27;[39m &amp#27;[90m6 ms - 111&amp#27;[39m &amp#27;[90m&amp#27;[39m
&amp#27;[38;5;86m[HTTP]&amp#27;[0m Request idempotency key: 638ab1cf-f60c-4645-98a7-3209d532210e
&amp#27;[38;5;86m[HTTP]&amp#27;[0m &amp#27;[37m-->&amp#27;[39m &amp#27;[37mPOST&amp#27;[39m &amp#27;[37m/session&amp#27;[39m &amp#27;[90m{"capabilities":{"firstMatch":[{"appium:chromedriverExecutable":"C://Users//User1//Downloads//chromedriver-win64//chromedriver-win64//chromedriver.exe","appium:deviceName":"Rajemulator","platformName":"ANDROID","appium:automationName":"UIAutomator2","appium:app":"C:\\Users\\User1\\eclipse-workspace\\eCommerceFramework//src//main//resources//General-Store.apk"}]}}&amp#27;[39m
&amp#27;[38;5;131m[AppiumDriver@64fc]&amp#27;[0m Calling AppiumDriver.createSession() with args: [null,null,{"firstMatch":[{"appium:chromedriverExecutable":"C://Users//User1//Downloads//chromedriver-win64//chromedriver-win64//chromedriver.exe","appium:deviceName":"Rajemulator","platformName":"ANDROID","appium:automationName":"UIAutomator2","appium:app":"C:\\Users\\User1\\eclipse-workspace\\eCommerceFramework//src//main//resources//General-Store.apk"}]}]
&amp#27;[38;5;131m[AppiumDriver@64fc]&amp#27;[0m Event 'newSessionRequested' logged at 1744635137601 (18:22:17 GMT+0530 (India Standard Time))
&amp#27;[38;5;112m[Appium]&amp#27;[0m Attempting to find matching driver for automationName 'UIAutomator2' and platformName 'ANDROID'
&amp#27;[38;5;112m[Appium]&amp#27;[0m The 'uiautomator2' driver was installed and matched caps.
&amp#27;[38;5;112m[Appium]&amp#27;[0m Will require it at C:\Users\User1\.appium\node_modules\appium-uiautomator2-driver
&amp#27;[38;5;112m[Appium]&amp#27;[0m Requiring driver at C:\Users\User1\.appium\node_modules\appium-uiautomator2-driver\build\index.js
&amp#27;[38;5;131m[AppiumDriver@64fc]&amp#27;[0m Appium v2.11.5 creating new AndroidUiautomator2Driver (v3.8.0) session
&amp#27;[38;5;131m[AppiumDriver@64fc]&amp#27;[0m Checking BaseDriver versions for Appium and AndroidUiautomator2Driver
&amp#27;[38;5;131m[AppiumDriver@64fc]&amp#27;[0m Appium's BaseDriver version is 9.11.5
&amp#27;[38;5;131m[AppiumDriver@64fc]&amp#27;[0m AndroidUiautomator2Driver's BaseDriver version is 9.11.5
&amp#27;[38;5;-12m[AndroidUiautomator2Driver@0450]&amp#27;[0m 
&amp#27;[38;5;-12m[AndroidUiautomator2Driver@0450]&amp#27;[0m Creating session with W3C capabilities: {
  "alwaysMatch": {
    "platformName": "ANDROID",
    "appium:chromedriverExecutable": "C://Users//User1//Downloads//chromedriver-win64//chromedriver-win64//chromedriver.exe",
    "appium:deviceName": "Rajemulator",
    "appium:automationName": "UIAutomator2",
    "appium:app": "C:\\Users\\User1\\eclipse-workspace\\eCommerceFramework//src//main//resources//General-Store.apk"
  },
  "firstMatch": [
    {}
  ]
}
&amp#27;[38;5;181m[e31f31a1]&amp#27;[0m&amp#27;[38;5;-12m[AndroidUiautomator2Driver@0450]&amp#27;[0m Session created with session id: e31f31a1-1c8c-4efb-a229-fa38e6c78afe
&amp#27;[38;5;181m[e31f31a1]&amp#27;[0m&amp#27;[38;5;229m[ADB]&amp#27;[0m Found 3 'build-tools' folders under 'C:\Users\User1\AppData\Local\Android\Sdk' (newest first):
&amp#27;[38;5;181m[e31f31a1]&amp#27;[0m&amp#27;[38;5;229m[ADB]&amp#27;[0m     C:\Users\User1\AppData\Local\Android\Sdk\build-tools\36.0.0-rc1
&amp#27;[38;5;181m[e31f31a1]&amp#27;[0m&amp#27;[38;5;229m[ADB]&amp#27;[0m     C:\Users\User1\AppData\Local\Android\Sdk\build-tools\35.0.0
&amp#27;[38;5;181m[e31f31a1]&amp#27;[0m&amp#27;[38;5;229m[ADB]&amp#27;[0m     C:\Users\User1\AppData\Local\Android\Sdk\build-tools\34.0.0
&amp#27;[38;5;181m[e31f31a1]&amp#27;[0m&amp#27;[38;5;229m[ADB]&amp#27;[0m Using 'adb.exe' from 'C:\Users\User1\AppData\Local\Android\Sdk\platform-tools\adb.exe'
&amp#27;[38;5;181m[e31f31a1]&amp#27;[0m&amp#27;[38;5;229m[ADB]&amp#27;[0m Running 'C:\Users\User1\AppData\Local\Android\Sdk\platform-tools\adb.exe -P 5037 start-server'
&amp#27;[38;5;181m[e31f31a1]&amp#27;[0m&amp#27;[38;5;-12m[AndroidUiautomator2Driver@0450]&amp#27;[0m Retrieving device list
&amp#27;[38;5;181m[e31f31a1]&amp#27;[0m&amp#27;[38;5;229m[ADB]&amp#27;[0m Trying to find connected Android devices
&amp#27;[38;5;181m[e31f31a1]&amp#27;[0m&amp#27;[38;5;229m[ADB]&amp#27;[0m Getting connected devices
&amp#27;[38;5;181m[e31f31a1]&amp#27;[0m&amp#27;[38;5;229m[ADB]&amp#27;[0m Connected devices: [{"udid":"emulator-5554","state":"device"}]
&amp#27;[38;5;181m[e31f31a1]&amp#27;[0m&amp#27;[38;5;-12m[AndroidUiautomator2Driver@0450]&amp#27;[0m Using device: emulator-5554
&amp#27;[38;5;181m[e31f31a1]&amp#27;[0m&amp#27;[38;5;229m[ADB]&amp#27;[0m Using 'adb.exe' from 'C:\Users\User1\AppData\Local\Android\Sdk\platform-tools\adb.exe'
&amp#27;[38;5;181m[e31f31a1]&amp#27;[0m&amp#27;[38;5;229m[ADB]&amp#27;[0m Running 'C:\Users\User1\AppData\Local\Android\Sdk\platform-tools\adb.exe -P 5037 start-server'
&amp#27;[38;5;181m[e31f31a1]&amp#27;[0m&amp#27;[38;5;229m[ADB]&amp#27;[0m Setting device id to emulator-5554
&amp#27;[38;5;181m[e31f31a1]&amp#27;[0m&amp#27;[38;5;123m[BaseDriver]&amp#27;[0m Using local app 'C:\Users\User1\eclipse-workspace\eCommerceFramework//src//main//resources//General-Store.apk'
&amp#27;[38;5;181m[e31f31a1]&amp#27;[0m&amp#27;[38;5;-12m[AndroidUiautomator2Driver@0450]&amp#27;[0m Checking whether app is actually present
&amp#27;[38;5;181m[e31f31a1]&amp#27;[0m&amp#27;[38;5;229m[ADB]&amp#27;[0m Running 'C:\Users\User1\AppData\Local\Android\Sdk\platform-tools\adb.exe -P 5037 -s emulator-5554 shell getprop ro.build.version.sdk'
&amp#27;[38;5;181m[e31f31a1]&amp#27;[0m&amp#27;[38;5;229m[ADB]&amp#27;[0m Current device property 'ro.build.version.sdk': 35
&amp#27;[38;5;181m[e31f31a1]&amp#27;[0m&amp#27;[38;5;229m[ADB]&amp#27;[0m Getting device platform version
&amp#27;[38;5;181m[e31f31a1]&amp#27;[0m&amp#27;[38;5;229m[ADB]&amp#27;[0m Running 'C:\Users\User1\AppData\Local\Android\Sdk\platform-tools\adb.exe -P 5037 -s emulator-5554 shell getprop ro.build.version.release'
&amp#27;[38;5;181m[e31f31a1]&amp#27;[0m&amp#27;[38;5;229m[ADB]&amp#27;[0m Current device property 'ro.build.version.release': 15
&amp#27;[38;5;181m[e31f31a1]&amp#27;[0m&amp#27;[38;5;229m[ADB]&amp#27;[0m Device API level: 35
&amp#27;[38;5;181m[e31f31a1]&amp#27;[0m&amp#27;[38;5;-12m[AndroidUiautomator2Driver@0450]&amp#27;[0m Relaxing hidden api policy
&amp#27;[38;5;181m[e31f31a1]&amp#27;[0m&amp#27;[38;5;229m[ADB]&amp#27;[0m Running 'C:\Users\User1\AppData\Local\Android\Sdk\platform-tools\adb.exe -P 5037 -s emulator-5554 shell 'settings put global hidden_api_policy_pre_p_apps 1;settings put global hidden_api_policy_p_apps 1;settings put global hidden_api_policy 1''
&amp#27;[38;5;181m[e31f31a1]&amp#27;[0m&amp#27;[38;5;-12m[AndroidUiautomator2Driver@0450]&amp#27;[0m Parsing package and activity from app manifest
&amp#27;[38;5;181m[e31f31a1]&amp#27;[0m&amp#27;[38;5;229m[ADB]&amp#27;[0m Running 'C:\Users\User1\AppData\Local\Android\Sdk\platform-tools\adb.exe -P 5037 -s emulator-5554 wait-for-device'
&amp#27;[38;5;181m[e31f31a1]&amp#27;[0m&amp#27;[38;5;229m[ADB]&amp#27;[0m Using 'aapt2.exe' from 'C:\Users\User1\AppData\Local\Android\Sdk\build-tools\36.0.0-rc1\aapt2.exe'
&amp#27;[38;5;181m[e31f31a1]&amp#27;[0m&amp#27;[38;5;229m[ADB]&amp#27;[0m Reading package manifest: 'C:\\Users\\User1\\AppData\\Local\\Android\\Sdk\\build-tools\\36.0.0-rc1\\aapt2.exe dump badging C:\\Users\\User1\\eclipse-workspace\\eCommerceFramework//src//main//resources//General-Store.apk'
&amp#27;[38;5;181m[e31f31a1]&amp#27;[0m&amp#27;[38;5;229m[ADB]&amp#27;[0m Running 'C:\Users\User1\AppData\Local\Android\Sdk\platform-tools\adb.exe -P 5037 -s emulator-5554 shell echo ping'
&amp#27;[38;5;181m[e31f31a1]&amp#27;[0m&amp#27;[38;5;229m[ADB]&amp#27;[0m Package name: 'com.androidsample.generalstore'
&amp#27;[38;5;181m[e31f31a1]&amp#27;[0m&amp#27;[38;5;229m[ADB]&amp#27;[0m Main activity name: 'com.androidsample.generalstore.SplashActivity'
&amp#27;[38;5;181m[e31f31a1]&amp#27;[0m&amp#27;[38;5;-12m[AndroidUiautomator2Driver@0450]&amp#27;[0m Parsed package and activity are: com.androidsample.generalstore/com.androidsample.generalstore.SplashActivity
&amp#27;[38;5;181m[e31f31a1]&amp#27;[0m&amp#27;[38;5;-12m[AndroidUiautomator2Driver@0450]&amp#27;[0m Pushing settings apk to the device...
&amp#27;[38;5;181m[e31f31a1]&amp#27;[0m&amp#27;[38;5;229m[ADB]&amp#27;[0m Getting package info for 'io.appium.settings'
&amp#27;[38;5;181m[e31f31a1]&amp#27;[0m&amp#27;[38;5;229m[ADB]&amp#27;[0m Running 'C:\Users\User1\AppData\Local\Android\Sdk\platform-tools\adb.exe -P 5037 -s emulator-5554 shell dumpsys package io.appium.settings'
&amp#27;[38;5;181m[e31f31a1]&amp#27;[0m&amp#27;[38;5;229m[ADB]&amp#27;[0m Reading package manifest: 'C:\\Users\\User1\\AppData\\Local\\Android\\Sdk\\build-tools\\36.0.0-rc1\\aapt2.exe dump badging C:\\Users\\User1\\.appium\\node_modules\\appium-uiautomator2-driver\\node_modules\\io.appium.settings\\apks\\settings_apk-debug.apk'
&amp#27;[38;5;181m[e31f31a1]&amp#27;[0m&amp#27;[38;5;229m[ADB]&amp#27;[0m The version name of the installed 'io.appium.settings' is greater or equal to the application version name ('5.12.13' >= '5.12.13')
&amp#27;[38;5;181m[e31f31a1]&amp#27;[0m&amp#27;[38;5;229m[ADB]&amp#27;[0m There is no need to install/upgrade 'C:\Users\User1\.appium\node_modules\appium-uiautomator2-driver\node_modules\io.appium.settings\apks\settings_apk-debug.apk'
&amp#27;[38;5;181m[e31f31a1]&amp#27;[0m&amp#27;[38;5;229m[ADB]&amp#27;[0m Running 'C:\Users\User1\AppData\Local\Android\Sdk\platform-tools\adb.exe -P 5037 -s emulator-5554 shell dumpsys activity services io.appium.settings'
&amp#27;[38;5;181m[e31f31a1]&amp#27;[0m&amp#27;[38;5;-12m[AndroidUiautomator2Driver@0450]&amp#27;[0m io.appium.settings is already running. There is no need to reset its permissions.
&amp#27;[38;5;181m[e31f31a1]&amp#27;[0m&amp#27;[38;5;160m[Logcat]&amp#27;[0m Starting logs capture with command: C:\\Users\\User1\\AppData\\Local\\Android\\Sdk\\platform-tools\\adb.exe -P 5037 -s emulator-5554 logcat -v threadtime
&amp#27;[38;5;181m[e31f31a1]&amp#27;[0m&amp#27;[38;5;-12m[AndroidUiautomator2Driver@0450]&amp#27;[0m Forwarding UiAutomator2 Server port 6790 to local port 8201
&amp#27;[38;5;181m[e31f31a1]&amp#27;[0m&amp#27;[38;5;229m[ADB]&amp#27;[0m Forwarding system: 8201 to device: 6790
&amp#27;[38;5;181m[e31f31a1]&amp#27;[0m&amp#27;[38;5;229m[ADB]&amp#27;[0m Running 'C:\Users\User1\AppData\Local\Android\Sdk\platform-tools\adb.exe -P 5037 -s emulator-5554 forward tcp:8201 tcp:6790'
&amp#27;[38;5;181m[e31f31a1]&amp#27;[0m&amp#27;[38;5;229m[ADB]&amp#27;[0m Getting package info for 'io.appium.uiautomator2.server'
&amp#27;[38;5;181m[e31f31a1]&amp#27;[0m&amp#27;[38;5;229m[ADB]&amp#27;[0m Running 'C:\Users\User1\AppData\Local\Android\Sdk\platform-tools\adb.exe -P 5037 -s emulator-5554 shell dumpsys package io.appium.uiautomator2.server'
&amp#27;[38;5;181m[e31f31a1]&amp#27;[0m&amp#27;[38;5;229m[ADB]&amp#27;[0m Getting install status for io.appium.uiautomator2.server.test
&amp#27;[38;5;181m[e31f31a1]&amp#27;[0m&amp#27;[38;5;229m[ADB]&amp#27;[0m Checking app cert for C:\Users\User1\eclipse-workspace\eCommerceFramework//src//main//resources//General-Store.apk
&amp#27;[38;5;181m[e31f31a1]&amp#27;[0m&amp#27;[38;5;229m[ADB]&amp#27;[0m Running 'C:\Users\User1\AppData\Local\Android\Sdk\platform-tools\adb.exe -P 5037 -s emulator-5554 shell cmd package list packages'
&amp#27;[38;5;181m[e31f31a1]&amp#27;[0m&amp#27;[38;5;229m[ADB]&amp#27;[0m Using 'apksigner.jar' from 'C:\Users\User1\AppData\Local\Android\Sdk\build-tools\36.0.0-rc1\lib\apksigner.jar'
&amp#27;[38;5;181m[e31f31a1]&amp#27;[0m&amp#27;[38;5;229m[ADB]&amp#27;[0m Starting apksigner: 'C:\\Program Files\\Java\\jdk-22\\bin\\java.exe' -Xmx1024M -Xss1m -jar C:\\Users\\User1\\AppData\\Local\\Android\\Sdk\\build-tools\\36.0.0-rc1\\lib\\apksigner.jar verify --print-certs C:\\Users\\User1\\eclipse-workspace\\eCommerceFramework//src//main//resources//General-Store.apk
&amp#27;[38;5;181m[e31f31a1]&amp#27;[0m&amp#27;[38;5;229m[ADB]&amp#27;[0m Reading package manifest: 'C:\\Users\\User1\\AppData\\Local\\Android\\Sdk\\build-tools\\36.0.0-rc1\\aapt2.exe dump badging C:\\Users\\User1\\.appium\\node_modules\\appium-uiautomator2-driver\\node_modules\\appium-uiautomator2-server\\apks\\appium-uiautomator2-server-v7.0.25.apk'
&amp#27;[38;5;181m[e31f31a1]&amp#27;[0m&amp#27;[38;5;229m[ADB]&amp#27;[0m 'io.appium.uiautomator2.server.test' is installed
&amp#27;[38;5;181m[e31f31a1]&amp#27;[0m&amp#27;[38;5;229m[ADB]&amp#27;[0m The version name of the installed 'io.appium.uiautomator2.server' is greater or equal to the application version name ('7.0.25' >= '7.0.25')
&amp#27;[38;5;181m[e31f31a1]&amp#27;[0m&amp#27;[38;5;-12m[AndroidUiautomator2Driver@0450]&amp#27;[0m Server packages status: [{"installState":"sameVersionInstalled","appPath":"C:\\Users\\User1\\.appium\\node_modules\\appium-uiautomator2-driver\\node_modules\\appium-uiautomator2-server\\apks\\appium-uiautomator2-server-v7.0.25.apk","appId":"io.appium.uiautomator2.server"},{"installState":"sameVersionInstalled","appPath":"C:\\Users\\User1\\.appium\\node_modules\\appium-uiautomator2-driver\\node_modules\\appium-uiautomator2-server\\apks\\appium-uiautomator2-server-debug-androidTest.apk","appId":"io.appium.uiautomator2.server.test"}]
&amp#27;[38;5;181m[e31f31a1]&amp#27;[0m&amp#27;[38;5;-12m[AndroidUiautomator2Driver@0450]&amp#27;[0m Server packages are not going to be (re)installed
&amp#27;[38;5;181m[e31f31a1]&amp#27;[0m&amp#27;[38;5;-12m[AndroidUiautomator2Driver@0450]&amp#27;[0m Waiting up to 30000ms for services to be available
&amp#27;[38;5;181m[e31f31a1]&amp#27;[0m&amp#27;[38;5;229m[ADB]&amp#27;[0m Running 'C:\Users\User1\AppData\Local\Android\Sdk\platform-tools\adb.exe -P 5037 -s emulator-5554 shell pm list instrumentation'
&amp#27;[38;5;181m[e31f31a1]&amp#27;[0m&amp#27;[38;5;-12m[AndroidUiautomator2Driver@0450]&amp#27;[0m Instrumentation target 'io.appium.uiautomator2.server.test/androidx.test.runner.AndroidJUnitRunner' is available
&amp#27;[38;5;181m[e31f31a1]&amp#27;[0m&amp#27;[38;5;229m[ADB]&amp#27;[0m Adding packages ["io.appium.settings","io.appium.uiautomator2.server","io.appium.uiautomator2.server.test"] to Doze whitelist
&amp#27;[38;5;181m[e31f31a1]&amp#27;[0m&amp#27;[38;5;229m[ADB]&amp#27;[0m Got the following command chunks to execute: [["dumpsys","deviceidle","whitelist","+io.appium.settings",";","dumpsys","deviceidle","whitelist","+io.appium.uiautomator2.server",";","dumpsys","deviceidle","whitelist","+io.appium.uiautomator2.server.test",";"]]
&amp#27;[38;5;181m[e31f31a1]&amp#27;[0m&amp#27;[38;5;229m[ADB]&amp#27;[0m Running 'C:\Users\User1\AppData\Local\Android\Sdk\platform-tools\adb.exe -P 5037 -s emulator-5554 shell dumpsys deviceidle whitelist +io.appium.settings ; dumpsys deviceidle whitelist +io.appium.uiautomator2.server ; dumpsys deviceidle whitelist +io.appium.uiautomator2.server.test ;'
&amp#27;[38;5;181m[e31f31a1]&amp#27;[0m&amp#27;[38;5;229m[ADB]&amp#27;[0m apksigner stdout: Signer #1 certificate DN: C=US, O=Android, CN=Android Debug
Signer #1 certificate SHA-256 digest: f5f5931c019be6bff8a26255f76ae9ef8a8e631d2a702ec10e91110231549eef
Signer #1 certificate SHA-1 digest: b250161db8b5d0a1bd39154c9fd749bdad79c1a3
Signer #1 certificate MD5 digest: 7a5550323d84472ca25a0861c63e0a6c

&amp#27;[38;5;181m[e31f31a1]&amp#27;[0m&amp#27;[38;5;229m[ADB]&amp#27;[0m 'C:\Users\User1\eclipse-workspace\eCommerceFramework//src//main//resources//General-Store.apk' is signed with a non-default certificate
&amp#27;[38;5;181m[e31f31a1]&amp#27;[0m&amp#27;[38;5;229m[ADB]&amp#27;[0m Getting package info for 'com.androidsample.generalstore'
&amp#27;[38;5;181m[e31f31a1]&amp#27;[0m&amp#27;[38;5;229m[ADB]&amp#27;[0m Running 'C:\Users\User1\AppData\Local\Android\Sdk\platform-tools\adb.exe -P 5037 -s emulator-5554 shell dumpsys package com.androidsample.generalstore'
&amp#27;[38;5;181m[e31f31a1]&amp#27;[0m&amp#27;[38;5;229m[ADB]&amp#27;[0m Reading package manifest: 'C:\\Users\\User1\\AppData\\Local\\Android\\Sdk\\build-tools\\36.0.0-rc1\\aapt2.exe dump badging C:\\Users\\User1\\eclipse-workspace\\eCommerceFramework//src//main//resources//General-Store.apk'
&amp#27;[38;5;181m[e31f31a1]&amp#27;[0m&amp#27;[38;5;229m[ADB]&amp#27;[0m The version name of the installed 'com.androidsample.generalstore' is greater or equal to the application version name ('1.0.0' >= '1.0.0')
&amp#27;[38;5;181m[e31f31a1]&amp#27;[0m&amp#27;[38;5;229m[ADB]&amp#27;[0m There is no need to install/upgrade 'C:\Users\User1\eclipse-workspace\eCommerceFramework//src//main//resources//General-Store.apk'
&amp#27;[38;5;181m[e31f31a1]&amp#27;[0m&amp#27;[38;5;-12m[AndroidUiautomator2Driver@0450]&amp#27;[0m Performing fast reset on 'com.androidsample.generalstore'
&amp#27;[38;5;181m[e31f31a1]&amp#27;[0m&amp#27;[38;5;229m[ADB]&amp#27;[0m Getting install status for com.androidsample.generalstore
&amp#27;[38;5;181m[e31f31a1]&amp#27;[0m&amp#27;[38;5;229m[ADB]&amp#27;[0m Running 'C:\Users\User1\AppData\Local\Android\Sdk\platform-tools\adb.exe -P 5037 -s emulator-5554 shell cmd package list packages'
&amp#27;[38;5;181m[e31f31a1]&amp#27;[0m&amp#27;[38;5;229m[ADB]&amp#27;[0m 'com.androidsample.generalstore' is installed
&amp#27;[38;5;181m[e31f31a1]&amp#27;[0m&amp#27;[38;5;229m[ADB]&amp#27;[0m Running 'C:\Users\User1\AppData\Local\Android\Sdk\platform-tools\adb.exe -P 5037 -s emulator-5554 shell am force-stop com.androidsample.generalstore'
&amp#27;[38;5;181m[e31f31a1]&amp#27;[0m&amp#27;[38;5;229m[ADB]&amp#27;[0m Running 'C:\Users\User1\AppData\Local\Android\Sdk\platform-tools\adb.exe -P 5037 -s emulator-5554 shell pm clear com.androidsample.generalstore'
&amp#27;[38;5;181m[e31f31a1]&amp#27;[0m&amp#27;[38;5;-12m[AndroidUiautomator2Driver@0450]&amp#27;[0m Performed fast reset on the installed 'com.androidsample.generalstore' application (stop and clear)
&amp#27;[38;5;181m[e31f31a1]&amp#27;[0m&amp#27;[38;5;-12m[AndroidUiautomator2Driver@0450]&amp#27;[0m Performing shallow cleanup of automation leftovers
&amp#27;[38;5;181m[e31f31a1]&amp#27;[0m&amp#27;[38;5;-12m[AndroidUiautomator2Driver@0450]&amp#27;[0m No obsolete sessions have been detected (socket hang up)
&amp#27;[38;5;181m[e31f31a1]&amp#27;[0m&amp#27;[38;5;229m[ADB]&amp#27;[0m Running 'C:\Users\User1\AppData\Local\Android\Sdk\platform-tools\adb.exe -P 5037 -s emulator-5554 shell am force-stop io.appium.uiautomator2.server'
&amp#27;[38;5;181m[e31f31a1]&amp#27;[0m&amp#27;[38;5;229m[ADB]&amp#27;[0m Running 'C:\Users\User1\AppData\Local\Android\Sdk\platform-tools\adb.exe -P 5037 -s emulator-5554 shell am force-stop io.appium.uiautomator2.server.test'
&amp#27;[38;5;181m[e31f31a1]&amp#27;[0m&amp#27;[38;5;-12m[AndroidUiautomator2Driver@0450]&amp#27;[0m Starting UIAutomator2 server 7.0.25
&amp#27;[38;5;181m[e31f31a1]&amp#27;[0m&amp#27;[38;5;-12m[AndroidUiautomator2Driver@0450]&amp#27;[0m Using UIAutomator2 server from 'C:\Users\User1\.appium\node_modules\appium-uiautomator2-driver\node_modules\appium-uiautomator2-server\apks\appium-uiautomator2-server-v7.0.25.apk' and test from 'C:\Users\User1\.appium\node_modules\appium-uiautomator2-driver\node_modules\appium-uiautomator2-server\apks\appium-uiautomator2-server-debug-androidTest.apk'
&amp#27;[38;5;181m[e31f31a1]&amp#27;[0m&amp#27;[38;5;-12m[AndroidUiautomator2Driver@0450]&amp#27;[0m Waiting up to 30000ms for UiAutomator2 to be online...
&amp#27;[38;5;181m[e31f31a1]&amp#27;[0m&amp#27;[38;5;229m[ADB]&amp#27;[0m Creating ADB subprocess with args: ["-P","5037","-s","emulator-5554","shell","am","instrument","-w","-e","disableAnalytics","true","io.appium.uiautomator2.server.test/androidx.test.runner.AndroidJUnitRunner"]
&amp#27;[38;5;181m[e31f31a1]&amp#27;[0m&amp#27;[38;5;-12m[AndroidUiautomator2Driver@0450]&amp#27;[0m Matched '/status' to command name 'getStatus'
&amp#27;[38;5;181m[e31f31a1]&amp#27;[0m&amp#27;[38;5;-12m[AndroidUiautomator2Driver@0450]&amp#27;[0m Proxying [GET /status] to [GET http://127.0.0.1:8201/status] with no body
&amp#27;[38;5;181m[e31f31a1]&amp#27;[0m&amp#27;[38;5;-12m[AndroidUiautomator2Driver@0450]&amp#27;[0m socket hang up
&amp#27;[38;5;181m[e31f31a1]&amp#27;[0m&amp#27;[38;5;-12m[AndroidUiautomator2Driver@0450]&amp#27;[0m Matched '/status' to command name 'getStatus'
&amp#27;[38;5;181m[e31f31a1]&amp#27;[0m&amp#27;[38;5;-12m[AndroidUiautomator2Driver@0450]&amp#27;[0m Proxying [GET /status] to [GET http://127.0.0.1:8201/status] with no body
&amp#27;[38;5;181m[e31f31a1]&amp#27;[0m&amp#27;[38;5;-12m[AndroidUiautomator2Driver@0450]&amp#27;[0m socket hang up
&amp#27;[38;5;181m[e31f31a1]&amp#27;[0m&amp#27;[38;5;-12m[AndroidUiautomator2Driver@0450]&amp#27;[0m [Instrumentation] 
&amp#27;[38;5;181m[e31f31a1]&amp#27;[0m&amp#27;[38;5;-12m[AndroidUiautomator2Driver@0450]&amp#27;[0m Matched '/status' to command name 'getStatus'
&amp#27;[38;5;181m[e31f31a1]&amp#27;[0m&amp#27;[38;5;-12m[AndroidUiautomator2Driver@0450]&amp#27;[0m Proxying [GET /status] to [GET http://127.0.0.1:8201/status] with no body
&amp#27;[38;5;181m[e31f31a1]&amp#27;[0m&amp#27;[38;5;-12m[AndroidUiautomator2Driver@0450]&amp#27;[0m socket hang up
&amp#27;[38;5;181m[e31f31a1]&amp#27;[0m&amp#27;[38;5;-12m[AndroidUiautomator2Driver@0450]&amp#27;[0m Matched '/status' to command name 'getStatus'
&amp#27;[38;5;181m[e31f31a1]&amp#27;[0m&amp#27;[38;5;-12m[AndroidUiautomator2Driver@0450]&amp#27;[0m Proxying [GET /status] to [GET http://127.0.0.1:8201/status] with no body
&amp#27;[38;5;181m[e31f31a1]&amp#27;[0m&amp#27;[38;5;-12m[AndroidUiautomator2Driver@0450]&amp#27;[0m socket hang up
&amp#27;[38;5;181m[e31f31a1]&amp#27;[0m&amp#27;[38;5;-12m[AndroidUiautomator2Driver@0450]&amp#27;[0m Matched '/status' to command name 'getStatus'
&amp#27;[38;5;181m[e31f31a1]&amp#27;[0m&amp#27;[38;5;-12m[AndroidUiautomator2Driver@0450]&amp#27;[0m Proxying [GET /status] to [GET http://127.0.0.1:8201/status] with no body
&amp#27;[38;5;181m[e31f31a1]&amp#27;[0m&amp#27;[38;5;-12m[AndroidUiautomator2Driver@0450]&amp#27;[0m Got response with status 200: {"sessionId":"None","value":{"message":"UiAutomator2 Server is ready to accept commands","ready":true}}
&amp#27;[38;5;181m[e31f31a1]&amp#27;[0m&amp#27;[38;5;-12m[AndroidUiautomator2Driver@0450]&amp#27;[0m The initialization of the instrumentation process took 4430ms
&amp#27;[38;5;181m[e31f31a1]&amp#27;[0m&amp#27;[38;5;-12m[AndroidUiautomator2Driver@0450]&amp#27;[0m Matched '/session' to command name 'createSession'
&amp#27;[38;5;181m[e31f31a1]&amp#27;[0m&amp#27;[38;5;-12m[AndroidUiautomator2Driver@0450]&amp#27;[0m Proxying [POST /session] to [POST http://127.0.0.1:8201/session] with body: {"capabilities":{"firstMatch":[{"platformName":"ANDROID","chromedriverExecutable":"C://Users//User1//Downloads//chromedriver-win64//chromedriver-win64//chromedriver.exe","deviceName":"emulator-5554","automationName":"UIAutomator2","app":"C:\\Users\\User1\\eclipse-workspace\\eCommerceFramework//src//main//resources//General-Store.apk","platform":"LINUX","webStorageEnabled":false,"takesScreenshot":true,"javascriptEnabled":true,"databaseEnabled":false,"networkConnectionEnabled":true,"locationContextEnabled":false,"warnings":{},"desired":{"platformName":"ANDROID","chromedriverExecutable":"C://Users//User1//Downloads//chromedriver-win64//chromedriver-win64//chromedriver.exe","deviceName":"Rajemulator","automationName":"UIAutomator2","app":"C:\\Users\\User1\\eclipse-workspace\\eCommerceFramework//src//main//resources//General-Store.apk"},"deviceUDID":"emulator-5554","appPackage":"com.androidsample.generalstore"}],"alwaysMatch":{}}}
&amp#27;[38;5;181m[e31f31a1]&amp#27;[0m&amp#27;[38;5;-12m[AndroidUiautomator2Driver@0450]&amp#27;[0m Got response with status 200: {"sessionId":"2f847342-2091-4e28-89fe-634fe9acb151","value":{"capabilities":{"firstMatch":[{"platformName":"ANDROID","chromedriverExecutable":"C://Users//User1//Downloads//chromedriver-win64//chromedriver-win64//chromedriver.exe","deviceName":"emulator-5554","automationName":"UIAutomator2","app":"C:\\Users\\User1\\eclipse-workspace\\eCommerceFramework//src//main//resources//General-Store.apk","platform":"LINUX","webStorageEnabled":false,"takesScreenshot":true,"javascriptEnabled":true,"databaseEnabled":false,"networkConnectionEnabled":true,"locationContextEnabled":false,"warnings":{},"desired":{"platformName":"ANDROID","chromedriverExecutable":"C://Users//User1//Downloads//chromedriver-win64//chromedriver-win64//chromedriver.exe","deviceName":"Rajemulator","automationName":"UIAutomator2","app":"C:\\Users\\User1\\eclipse-workspace\\eCommerceFramework//src//main//resources//General-Store.apk"},"deviceUDID":"emulator-5554","appPackage":"com.androidsample.generalstore"}],"alwaysMatch":{}},"sessionId":"2f847342-...
&amp#27;[38;5;181m[e31f31a1]&amp#27;[0m&amp#27;[38;5;-12m[AndroidUiautomator2Driver@0450]&amp#27;[0m Determined the downstream protocol as 'W3C'
&amp#27;[38;5;181m[e31f31a1]&amp#27;[0m&amp#27;[38;5;-12m[AndroidUiautomator2Driver@0450]&amp#27;[0m Proxying [GET /appium/device/pixel_ratio] to [GET http://127.0.0.1:8201/session/2f847342-2091-4e28-89fe-634fe9acb151/appium/device/pixel_ratio] with no body
&amp#27;[38;5;181m[e31f31a1]&amp#27;[0m&amp#27;[38;5;-12m[AndroidUiautomator2Driver@0450]&amp#27;[0m Matched '/appium/device/system_bars' to command name 'getSystemBars'
&amp#27;[38;5;181m[e31f31a1]&amp#27;[0m&amp#27;[38;5;-12m[AndroidUiautomator2Driver@0450]&amp#27;[0m Proxying [GET /appium/device/system_bars] to [GET http://127.0.0.1:8201/session/2f847342-2091-4e28-89fe-634fe9acb151/appium/device/system_bars] with no body
&amp#27;[38;5;181m[e31f31a1]&amp#27;[0m&amp#27;[38;5;-12m[AndroidUiautomator2Driver@0450]&amp#27;[0m Matched '/window/current/size' to command name 'getWindowSize'
&amp#27;[38;5;181m[e31f31a1]&amp#27;[0m&amp#27;[38;5;-12m[AndroidUiautomator2Driver@0450]&amp#27;[0m Proxying [GET /window/current/size] to [GET http://127.0.0.1:8201/session/2f847342-2091-4e28-89fe-634fe9acb151/window/current/size] with no body
&amp#27;[38;5;181m[e31f31a1]&amp#27;[0m&amp#27;[38;5;-12m[AndroidUiautomator2Driver@0450]&amp#27;[0m Proxying [GET /appium/device/info] to [GET http://127.0.0.1:8201/session/2f847342-2091-4e28-89fe-634fe9acb151/appium/device/info] with no body
&amp#27;[38;5;181m[e31f31a1]&amp#27;[0m&amp#27;[38;5;229m[ADB]&amp#27;[0m Running 'C:\Users\User1\AppData\Local\Android\Sdk\platform-tools\adb.exe -P 5037 -s emulator-5554 shell dumpsys window'
&amp#27;[38;5;181m[e31f31a1]&amp#27;[0m&amp#27;[38;5;229m[ADB]&amp#27;[0m Running 'C:\Users\User1\AppData\Local\Android\Sdk\platform-tools\adb.exe -P 5037 -s emulator-5554 shell dumpsys power'
&amp#27;[38;5;181m[e31f31a1]&amp#27;[0m&amp#27;[38;5;-12m[AndroidUiautomator2Driver@0450]&amp#27;[0m Got response with status 200: {"sessionId":"2f847342-2091-4e28-89fe-634fe9acb151","value":2.75}
&amp#27;[38;5;181m[e31f31a1]&amp#27;[0m&amp#27;[38;5;-12m[AndroidUiautomator2Driver@0450]&amp#27;[0m Got response with status 200: {"sessionId":"2f847342-2091-4e28-89fe-634fe9acb151","value":{"height":2220,"width":1080}}
&amp#27;[38;5;181m[e31f31a1]&amp#27;[0m&amp#27;[38;5;-12m[AndroidUiautomator2Driver@0450]&amp#27;[0m Got response with status 200: {"sessionId":"2f847342-2091-4e28-89fe-634fe9acb151","value":{"statusBar":66}}
&amp#27;[38;5;181m[e31f31a1]&amp#27;[0m&amp#27;[38;5;-12m[AndroidUiautomator2Driver@0450]&amp#27;[0m Got response with status 200: {"sessionId":"2f847342-2091-4e28-89fe-634fe9acb151","value":{"androidId":"ccd4b39f6a24ddc3","apiVersion":"35","bluetooth":{"state":"OFF"},"brand":"google","carrierName":"T-Mobile","displayDensity":440,"locale":"en_US","manufacturer":"Google","model":"sdk_gphone64_x86_64","networks":[{"capabilities":{"SSID":null,"linkDownBandwidthKbps":4300,"linkUpstreamBandwidthKbps":1800,"networkCapabilities":"NET_CAPABILITY_MMS,NET_CAPABILITY_SUPL,NET_CAPABILITY_IA,NET_CAPABILITY_XCAP,NET_CAPABILITY_INTERNET,NET_CAPABILITY_NOT_RESTRICTED,NET_CAPABILITY_TRUSTED,NET_CAPABILITY_NOT_VPN,NET_CAPABILITY_VALIDATED,NET_CAPABILITY_NOT_ROAMING,NET_CAPABILITY_NOT_CONGESTED,NET_CAPABILITY_NOT_SUSPENDED","signalStrength":-2147483648,"transportTypes":"TRANSPORT_CELLULAR"},"detailedState":"CONNECTED","extraInfo":"fast.t-mobile.com","isAvailable":true,"isConnected":true,"isFailover":false,"isRoaming":false,"state":"CONNECTED","subtype":10,"subtypeName":"HSPA","type":0,"typeName":"MOBILE"},{"capabilities":{"SSID":null,"linkDownBandwidthK...
&amp#27;[38;5;181m[e31f31a1]&amp#27;[0m&amp#27;[38;5;-12m[AndroidUiautomator2Driver@0450]&amp#27;[0m Screen already unlocked, doing nothing
&amp#27;[38;5;181m[e31f31a1]&amp#27;[0m&amp#27;[38;5;-12m[AndroidUiautomator2Driver@0450]&amp#27;[0m Starting 'com.androidsample.generalstore/com.androidsample.generalstore.SplashActivity and waiting for 'com.androidsample.generalstore/com.androidsample.generalstore.SplashActivity'
&amp#27;[38;5;181m[e31f31a1]&amp#27;[0m&amp#27;[38;5;229m[ADB]&amp#27;[0m Running 'C:\Users\User1\AppData\Local\Android\Sdk\platform-tools\adb.exe -P 5037 -s emulator-5554 shell am start -W -n com.androidsample.generalstore/com.androidsample.generalstore.SplashActivity -S -a android.intent.action.MAIN -c android.intent.category.LAUNCHER -f 0x10200000'
&amp#27;[38;5;181m[e31f31a1]&amp#27;[0m&amp#27;[38;5;229m[ADB]&amp#27;[0m Waiting up to 20000ms for activity matching pkg: 'com.androidsample.generalstore' and activity: 'com.androidsample.generalstore.SplashActivity' to be focused
&amp#27;[38;5;181m[e31f31a1]&amp#27;[0m&amp#27;[38;5;229m[ADB]&amp#27;[0m Possible activities, to be checked: 'com.androidsample.generalstore.SplashActivity', 'com.androidsample.generalstore.com.androidsample.generalstore.SplashActivity'
&amp#27;[38;5;181m[e31f31a1]&amp#27;[0m&amp#27;[38;5;229m[ADB]&amp#27;[0m Getting focused package and activity
&amp#27;[38;5;181m[e31f31a1]&amp#27;[0m&amp#27;[38;5;229m[ADB]&amp#27;[0m Running 'C:\Users\User1\AppData\Local\Android\Sdk\platform-tools\adb.exe -P 5037 -s emulator-5554 shell dumpsys window displays'
&amp#27;[38;5;181m[e31f31a1]&amp#27;[0m&amp#27;[38;5;229m[ADB]&amp#27;[0m Found package: 'com.androidsample.generalstore' and fully qualified activity name : 'com.androidsample.generalstore.SplashActivity'
&amp#27;[38;5;181m[e31f31a1]&amp#27;[0m&amp#27;[38;5;131m[AppiumDriver@64fc]&amp#27;[0m New AndroidUiautomator2Driver session created successfully, session e31f31a1-1c8c-4efb-a229-fa38e6c78afe added to master session list
&amp#27;[38;5;181m[e31f31a1]&amp#27;[0m&amp#27;[38;5;131m[AppiumDriver@64fc]&amp#27;[0m Event 'newSessionStarted' logged at 1744635146769 (18:22:26 GMT+0530 (India Standard Time))
&amp#27;[38;5;181m[e31f31a1]&amp#27;[0m&amp#27;[38;5;-12m[AndroidUiautomator2Driver@0450]&amp#27;[0m Cached the protocol value 'W3C' for the new session e31f31a1-1c8c-4efb-a229-fa38e6c78afe
&amp#27;[38;5;181m[e31f31a1]&amp#27;[0m&amp#27;[38;5;-12m[AndroidUiautomator2Driver@0450]&amp#27;[0m Responding to client with driver.createSession() result: {"capabilities":{"platformName":"ANDROID","chromedriverExecutable":"C://Users//User1//Downloads//chromedriver-win64//chromedriver-win64//chromedriver.exe","deviceName":"emulator-5554","automationName":"UIAutomator2","app":"C:\\Users\\User1\\eclipse-workspace\\eCommerceFramework//src//main//resources//General-Store.apk","platform":"LINUX","webStorageEnabled":false,"takesScreenshot":true,"javascriptEnabled":true,"databaseEnabled":false,"networkConnectionEnabled":true,"locationContextEnabled":false,"warnings":{},"desired":{"platformName":"ANDROID","chromedriverExecutable":"C://Users//User1//Downloads//chromedriver-win64//chromedriver-win64//chromedriver.exe","deviceName":"Rajemulator","automationName":"UIAutomator2","app":"C:\\Users\\User1\\eclipse-workspace\\eCommerceFramework//src//main//resources//General-Store.apk"},"deviceUDID":"emulator-5554","appPackage":"com.androidsample.generalstore","pixelRatio":"2.75","statBarHeight":66,"viewportRect":{"left":0,"top":66,"width":1080,"height":2154},"deviceApiLevel"...
&amp#27;[38;5;181m[e31f31a1]&amp#27;[0m&amp#27;[38;5;86m[HTTP]&amp#27;[0m &amp#27;[37m<-- POST /session &amp#27;[39m&amp#27;[32m200&amp#27;[39m &amp#27;[90m9170 ms - 1233&amp#27;[39m &amp#27;[90m&amp#27;[39m
Test Started: isProductIconVisible
&amp#27;[38;5;181m[e31f31a1]&amp#27;[0m&amp#27;[38;5;86m[HTTP]&amp#27;[0m &amp#27;[37m-->&amp#27;[39m &amp#27;[37mGET&amp#27;[39m &amp#27;[37m/session/e31f31a1-1c8c-4efb-a229-fa38e6c78afe/context&amp#27;[39m &amp#27;[90m{}&amp#27;[39m
&amp#27;[38;5;181m[e31f31a1]&amp#27;[0m&amp#27;[38;5;-12m[AndroidUiautomator2Driver@0450]&amp#27;[0m Calling AppiumDriver.getCurrentContext() with args: ["e31f31a1-1c8c-4efb-a229-fa38e6c78afe"]
&amp#27;[38;5;181m[e31f31a1]&amp#27;[0m&amp#27;[38;5;-12m[AndroidUiautomator2Driver@0450]&amp#27;[0m Responding to client with driver.getCurrentContext() result: "NATIVE_APP"
&amp#27;[38;5;181m[e31f31a1]&amp#27;[0m&amp#27;[38;5;86m[HTTP]&amp#27;[0m &amp#27;[37m<-- GET /session/e31f31a1-1c8c-4efb-a229-fa38e6c78afe/context &amp#27;[39m&amp#27;[32m200&amp#27;[39m &amp#27;[90m9 ms - 22&amp#27;[39m &amp#27;[90m&amp#27;[39m
&amp#27;[38;5;181m[e31f31a1]&amp#27;[0m&amp#27;[38;5;86m[HTTP]&amp#27;[0m &amp#27;[37m-->&amp#27;[39m &amp#27;[37mPOST&amp#27;[39m &amp#27;[37m/session/e31f31a1-1c8c-4efb-a229-fa38e6c78afe/element&amp#27;[39m &amp#27;[90m{"using":"id","value":"com.androidsample.generalstore:id/nameField"}&amp#27;[39m
&amp#27;[38;5;181m[e31f31a1]&amp#27;[0m&amp#27;[38;5;-12m[AndroidUiautomator2Driver@0450]&amp#27;[0m Calling AppiumDriver.findElement() with args: ["id","com.androidsample.generalstore:id/nameField","e31f31a1-1c8c-4efb-a229-fa38e6c78afe"]
&amp#27;[38;5;181m[e31f31a1]&amp#27;[0m&amp#27;[38;5;-12m[AndroidUiautomator2Driver@0450]&amp#27;[0m Valid locator strategies for this request: xpath, id, class name, accessibility id, css selector, -android uiautomator
&amp#27;[38;5;181m[e31f31a1]&amp#27;[0m&amp#27;[38;5;-12m[AndroidUiautomator2Driver@0450]&amp#27;[0m Waiting up to 0 ms for condition
&amp#27;[38;5;181m[e31f31a1]&amp#27;[0m&amp#27;[38;5;-12m[AndroidUiautomator2Driver@0450]&amp#27;[0m Matched '/element' to command name 'findElement'
&amp#27;[38;5;181m[e31f31a1]&amp#27;[0m&amp#27;[38;5;-12m[AndroidUiautomator2Driver@0450]&amp#27;[0m Proxying [POST /element] to [POST http://127.0.0.1:8201/session/2f847342-2091-4e28-89fe-634fe9acb151/element] with body: {"strategy":"id","selector":"com.androidsample.generalstore:id/nameField","context":"","multiple":false}
&amp#27;[38;5;181m[e31f31a1]&amp#27;[0m&amp#27;[38;5;-12m[AndroidUiautomator2Driver@0450]&amp#27;[0m Got response with status 404: {"sessionId":"2f847342-2091-4e28-89fe-634fe9acb151","value":{"error":"no such element","message":"An element could not be located on the page using the given search parameters","stacktrace":"io.appium.uiautomator2.common.exceptions.ElementNotFoundException: An element could not be located on the page using the given search parameters\n\tat io.appium.uiautomator2.handler.FindElement.safeHandle(FindElement.java:63)\n\tat io.appium.uiautomator2.handler.request.SafeRequestHandler.handle(SafeRequestHandler.java:59)\n\tat io.appium.uiautomator2.server.AppiumServlet.handleRequest(AppiumServlet.java:259)\n\tat io.appium.uiautomator2.server.AppiumServlet.handleHttpRequest(AppiumServlet.java:253)\n\tat io.appium.uiautomator2.http.ServerHandler.channelRead(ServerHandler.java:77)\n\tat io.netty.channel.AbstractChannelHandlerContext.invokeChannelRead(AbstractChannelHandlerContext.java:366)\n\tat io.netty.channel.AbstractChannelHandlerContext.invokeChannelRead(AbstractChannelHandlerContext.java:352)\n\tat io.netty.chann...
&amp#27;[38;5;181m[e31f31a1]&amp#27;[0m&amp#27;[38;5;123m[W3C]&amp#27;[0m Matched W3C error code 'no such element' to NoSuchElementError
&amp#27;[38;5;181m[e31f31a1]&amp#27;[0m&amp#27;[38;5;-12m[AndroidUiautomator2Driver@0450]&amp#27;[0m Encountered internal error running command: NoSuchElementError: An element could not be located on the page using the given search parameters.
    at AndroidUiautomator2Driver.findElOrEls (C:\Users\User1\.appium\node_modules\appium-uiautomator2-driver\node_modules\appium-android-driver\lib\commands\find.ts:86:11)
    at processTicksAndRejections (node:internal/process/task_queues:95:5)
    at AndroidUiautomator2Driver.findElOrElsWithProcessing (C:\Users\User1\AppData\Roaming\npm\node_modules\appium\node_modules\@appium\base-driver\lib\basedriver\commands\find.ts:60:12)
    at AndroidUiautomator2Driver.findElement (C:\Users\User1\AppData\Roaming\npm\node_modules\appium\node_modules\@appium\base-driver\lib\basedriver\commands\find.ts:75:12)
&amp#27;[38;5;181m[e31f31a1]&amp#27;[0m&amp#27;[38;5;86m[HTTP]&amp#27;[0m &amp#27;[37m<-- POST /session/e31f31a1-1c8c-4efb-a229-fa38e6c78afe/element &amp#27;[39m&amp#27;[33m404&amp#27;[39m &amp#27;[90m723 ms - 890&amp#27;[39m &amp#27;[90m&amp#27;[39m
&amp#27;[38;5;181m[e31f31a1]&amp#27;[0m&amp#27;[38;5;86m[HTTP]&amp#27;[0m &amp#27;[37m-->&amp#27;[39m &amp#27;[37mPOST&amp#27;[39m &amp#27;[37m/session/e31f31a1-1c8c-4efb-a229-fa38e6c78afe/element&amp#27;[39m &amp#27;[90m{"using":"id","value":"com.androidsample.generalstore:id/nameField"}&amp#27;[39m
&amp#27;[38;5;181m[e31f31a1]&amp#27;[0m&amp#27;[38;5;-12m[AndroidUiautomator2Driver@0450]&amp#27;[0m Calling AppiumDriver.findElement() with args: ["id","com.androidsample.generalstore:id/nameField","e31f31a1-1c8c-4efb-a229-fa38e6c78afe"]
&amp#27;[38;5;181m[e31f31a1]&amp#27;[0m&amp#27;[38;5;-12m[AndroidUiautomator2Driver@0450]&amp#27;[0m Valid locator strategies for this request: xpath, id, class name, accessibility id, css selector, -android uiautomator
&amp#27;[38;5;181m[e31f31a1]&amp#27;[0m&amp#27;[38;5;-12m[AndroidUiautomator2Driver@0450]&amp#27;[0m Waiting up to 0 ms for condition
&amp#27;[38;5;181m[e31f31a1]&amp#27;[0m&amp#27;[38;5;-12m[AndroidUiautomator2Driver@0450]&amp#27;[0m Matched '/element' to command name 'findElement'
&amp#27;[38;5;181m[e31f31a1]&amp#27;[0m&amp#27;[38;5;-12m[AndroidUiautomator2Driver@0450]&amp#27;[0m Proxying [POST /element] to [POST http://127.0.0.1:8201/session/2f847342-2091-4e28-89fe-634fe9acb151/element] with body: {"strategy":"id","selector":"com.androidsample.generalstore:id/nameField","context":"","multiple":false}
&amp#27;[38;5;181m[e31f31a1]&amp#27;[0m&amp#27;[38;5;-12m[AndroidUiautomator2Driver@0450]&amp#27;[0m Got response with status 404: {"sessionId":"2f847342-2091-4e28-89fe-634fe9acb151","value":{"error":"no such element","message":"An element could not be located on the page using the given search parameters","stacktrace":"io.appium.uiautomator2.common.exceptions.ElementNotFoundException: An element could not be located on the page using the given search parameters\n\tat io.appium.uiautomator2.handler.FindElement.safeHandle(FindElement.java:63)\n\tat io.appium.uiautomator2.handler.request.SafeRequestHandler.handle(SafeRequestHandler.java:59)\n\tat io.appium.uiautomator2.server.AppiumServlet.handleRequest(AppiumServlet.java:259)\n\tat io.appium.uiautomator2.server.AppiumServlet.handleHttpRequest(AppiumServlet.java:253)\n\tat io.appium.uiautomator2.http.ServerHandler.channelRead(ServerHandler.java:77)\n\tat io.netty.channel.AbstractChannelHandlerContext.invokeChannelRead(AbstractChannelHandlerContext.java:366)\n\tat io.netty.channel.AbstractChannelHandlerContext.invokeChannelRead(AbstractChannelHandlerContext.java:352)\n\tat io.netty.chann...
&amp#27;[38;5;181m[e31f31a1]&amp#27;[0m&amp#27;[38;5;123m[W3C]&amp#27;[0m Matched W3C error code 'no such element' to NoSuchElementError
&amp#27;[38;5;181m[e31f31a1]&amp#27;[0m&amp#27;[38;5;-12m[AndroidUiautomator2Driver@0450]&amp#27;[0m Encountered internal error running command: NoSuchElementError: An element could not be located on the page using the given search parameters.
    at AndroidUiautomator2Driver.findElOrEls (C:\Users\User1\.appium\node_modules\appium-uiautomator2-driver\node_modules\appium-android-driver\lib\commands\find.ts:86:11)
    at processTicksAndRejections (node:internal/process/task_queues:95:5)
    at AndroidUiautomator2Driver.findElOrElsWithProcessing (C:\Users\User1\AppData\Roaming\npm\node_modules\appium\node_modules\@appium\base-driver\lib\basedriver\commands\find.ts:60:12)
    at AndroidUiautomator2Driver.findElement (C:\Users\User1\AppData\Roaming\npm\node_modules\appium\node_modules\@appium\base-driver\lib\basedriver\commands\find.ts:75:12)
&amp#27;[38;5;181m[e31f31a1]&amp#27;[0m&amp#27;[38;5;86m[HTTP]&amp#27;[0m &amp#27;[37m<-- POST /session/e31f31a1-1c8c-4efb-a229-fa38e6c78afe/element &amp#27;[39m&amp#27;[33m404&amp#27;[39m &amp#27;[90m39 ms - 890&amp#27;[39m &amp#27;[90m&amp#27;[39m
&amp#27;[38;5;181m[e31f31a1]&amp#27;[0m&amp#27;[38;5;86m[HTTP]&amp#27;[0m &amp#27;[37m-->&amp#27;[39m &amp#27;[37mPOST&amp#27;[39m &amp#27;[37m/session/e31f31a1-1c8c-4efb-a229-fa38e6c78afe/element&amp#27;[39m &amp#27;[90m{"using":"id","value":"com.androidsample.generalstore:id/nameField"}&amp#27;[39m
&amp#27;[38;5;181m[e31f31a1]&amp#27;[0m&amp#27;[38;5;-12m[AndroidUiautomator2Driver@0450]&amp#27;[0m Calling AppiumDriver.findElement() with args: ["id","com.androidsample.generalstore:id/nameField","e31f31a1-1c8c-4efb-a229-fa38e6c78afe"]
&amp#27;[38;5;181m[e31f31a1]&amp#27;[0m&amp#27;[38;5;-12m[AndroidUiautomator2Driver@0450]&amp#27;[0m Valid locator strategies for this request: xpath, id, class name, accessibility id, css selector, -android uiautomator
&amp#27;[38;5;181m[e31f31a1]&amp#27;[0m&amp#27;[38;5;-12m[AndroidUiautomator2Driver@0450]&amp#27;[0m Waiting up to 0 ms for condition
&amp#27;[38;5;181m[e31f31a1]&amp#27;[0m&amp#27;[38;5;-12m[AndroidUiautomator2Driver@0450]&amp#27;[0m Matched '/element' to command name 'findElement'
&amp#27;[38;5;181m[e31f31a1]&amp#27;[0m&amp#27;[38;5;-12m[AndroidUiautomator2Driver@0450]&amp#27;[0m Proxying [POST /element] to [POST http://127.0.0.1:8201/session/2f847342-2091-4e28-89fe-634fe9acb151/element] with body: {"strategy":"id","selector":"com.androidsample.generalstore:id/nameField","context":"","multiple":false}
&amp#27;[38;5;181m[e31f31a1]&amp#27;[0m&amp#27;[38;5;-12m[AndroidUiautomator2Driver@0450]&amp#27;[0m Got response with status 404: {"sessionId":"2f847342-2091-4e28-89fe-634fe9acb151","value":{"error":"no such element","message":"An element could not be located on the page using the given search parameters","stacktrace":"io.appium.uiautomator2.common.exceptions.ElementNotFoundException: An element could not be located on the page using the given search parameters\n\tat io.appium.uiautomator2.handler.FindElement.safeHandle(FindElement.java:63)\n\tat io.appium.uiautomator2.handler.request.SafeRequestHandler.handle(SafeRequestHandler.java:59)\n\tat io.appium.uiautomator2.server.AppiumServlet.handleRequest(AppiumServlet.java:259)\n\tat io.appium.uiautomator2.server.AppiumServlet.handleHttpRequest(AppiumServlet.java:253)\n\tat io.appium.uiautomator2.http.ServerHandler.channelRead(ServerHandler.java:77)\n\tat io.netty.channel.AbstractChannelHandlerContext.invokeChannelRead(AbstractChannelHandlerContext.java:366)\n\tat io.netty.channel.AbstractChannelHandlerContext.invokeChannelRead(AbstractChannelHandlerContext.java:352)\n\tat io.netty.chann...
&amp#27;[38;5;181m[e31f31a1]&amp#27;[0m&amp#27;[38;5;123m[W3C]&amp#27;[0m Matched W3C error code 'no such element' to NoSuchElementError
&amp#27;[38;5;181m[e31f31a1]&amp#27;[0m&amp#27;[38;5;-12m[AndroidUiautomator2Driver@0450]&amp#27;[0m Encountered internal error running command: NoSuchElementError: An element could not be located on the page using the given search parameters.
    at AndroidUiautomator2Driver.findElOrEls (C:\Users\User1\.appium\node_modules\appium-uiautomator2-driver\node_modules\appium-android-driver\lib\commands\find.ts:86:11)
    at processTicksAndRejections (node:internal/process/task_queues:95:5)
    at AndroidUiautomator2Driver.findElOrElsWithProcessing (C:\Users\User1\AppData\Roaming\npm\node_modules\appium\node_modules\@appium\base-driver\lib\basedriver\commands\find.ts:60:12)
    at AndroidUiautomator2Driver.findElement (C:\Users\User1\AppData\Roaming\npm\node_modules\appium\node_modules\@appium\base-driver\lib\basedriver\commands\find.ts:75:12)
&amp#27;[38;5;181m[e31f31a1]&amp#27;[0m&amp#27;[38;5;86m[HTTP]&amp#27;[0m &amp#27;[37m<-- POST /session/e31f31a1-1c8c-4efb-a229-fa38e6c78afe/element &amp#27;[39m&amp#27;[33m404&amp#27;[39m &amp#27;[90m39 ms - 890&amp#27;[39m &amp#27;[90m&amp#27;[39m
&amp#27;[38;5;181m[e31f31a1]&amp#27;[0m&amp#27;[38;5;86m[HTTP]&amp#27;[0m &amp#27;[37m-->&amp#27;[39m &amp#27;[37mGET&amp#27;[39m &amp#27;[37m/session/e31f31a1-1c8c-4efb-a229-fa38e6c78afe/context&amp#27;[39m &amp#27;[90m{}&amp#27;[39m
&amp#27;[38;5;181m[e31f31a1]&amp#27;[0m&amp#27;[38;5;-12m[AndroidUiautomator2Driver@0450]&amp#27;[0m Calling AppiumDriver.getCurrentContext() with args: ["e31f31a1-1c8c-4efb-a229-fa38e6c78afe"]
&amp#27;[38;5;181m[e31f31a1]&amp#27;[0m&amp#27;[38;5;-12m[AndroidUiautomator2Driver@0450]&amp#27;[0m Responding to client with driver.getCurrentContext() result: "NATIVE_APP"
&amp#27;[38;5;181m[e31f31a1]&amp#27;[0m&amp#27;[38;5;86m[HTTP]&amp#27;[0m &amp#27;[37m<-- GET /session/e31f31a1-1c8c-4efb-a229-fa38e6c78afe/context &amp#27;[39m&amp#27;[32m200&amp#27;[39m &amp#27;[90m6 ms - 22&amp#27;[39m &amp#27;[90m&amp#27;[39m
&amp#27;[38;5;181m[e31f31a1]&amp#27;[0m&amp#27;[38;5;86m[HTTP]&amp#27;[0m &amp#27;[37m-->&amp#27;[39m &amp#27;[37mPOST&amp#27;[39m &amp#27;[37m/session/e31f31a1-1c8c-4efb-a229-fa38e6c78afe/element&amp#27;[39m &amp#27;[90m{"using":"id","value":"com.androidsample.generalstore:id/nameField"}&amp#27;[39m
&amp#27;[38;5;181m[e31f31a1]&amp#27;[0m&amp#27;[38;5;-12m[AndroidUiautomator2Driver@0450]&amp#27;[0m Calling AppiumDriver.findElement() with args: ["id","com.androidsample.generalstore:id/nameField","e31f31a1-1c8c-4efb-a229-fa38e6c78afe"]
&amp#27;[38;5;181m[e31f31a1]&amp#27;[0m&amp#27;[38;5;-12m[AndroidUiautomator2Driver@0450]&amp#27;[0m Valid locator strategies for this request: xpath, id, class name, accessibility id, css selector, -android uiautomator
&amp#27;[38;5;181m[e31f31a1]&amp#27;[0m&amp#27;[38;5;-12m[AndroidUiautomator2Driver@0450]&amp#27;[0m Waiting up to 0 ms for condition
&amp#27;[38;5;181m[e31f31a1]&amp#27;[0m&amp#27;[38;5;-12m[AndroidUiautomator2Driver@0450]&amp#27;[0m Matched '/element' to command name 'findElement'
&amp#27;[38;5;181m[e31f31a1]&amp#27;[0m&amp#27;[38;5;-12m[AndroidUiautomator2Driver@0450]&amp#27;[0m Proxying [POST /element] to [POST http://127.0.0.1:8201/session/2f847342-2091-4e28-89fe-634fe9acb151/element] with body: {"strategy":"id","selector":"com.androidsample.generalstore:id/nameField","context":"","multiple":false}
&amp#27;[38;5;181m[e31f31a1]&amp#27;[0m&amp#27;[38;5;-12m[AndroidUiautomator2Driver@0450]&amp#27;[0m Got response with status 404: {"sessionId":"2f847342-2091-4e28-89fe-634fe9acb151","value":{"error":"no such element","message":"An element could not be located on the page using the given search parameters","stacktrace":"io.appium.uiautomator2.common.exceptions.ElementNotFoundException: An element could not be located on the page using the given search parameters\n\tat io.appium.uiautomator2.handler.FindElement.safeHandle(FindElement.java:63)\n\tat io.appium.uiautomator2.handler.request.SafeRequestHandler.handle(SafeRequestHandler.java:59)\n\tat io.appium.uiautomator2.server.AppiumServlet.handleRequest(AppiumServlet.java:259)\n\tat io.appium.uiautomator2.server.AppiumServlet.handleHttpRequest(AppiumServlet.java:253)\n\tat io.appium.uiautomator2.http.ServerHandler.channelRead(ServerHandler.java:77)\n\tat io.netty.channel.AbstractChannelHandlerContext.invokeChannelRead(AbstractChannelHandlerContext.java:366)\n\tat io.netty.channel.AbstractChannelHandlerContext.invokeChannelRead(AbstractChannelHandlerContext.java:352)\n\tat io.netty.chann...
&amp#27;[38;5;181m[e31f31a1]&amp#27;[0m&amp#27;[38;5;123m[W3C]&amp#27;[0m Matched W3C error code 'no such element' to NoSuchElementError
&amp#27;[38;5;181m[e31f31a1]&amp#27;[0m&amp#27;[38;5;-12m[AndroidUiautomator2Driver@0450]&amp#27;[0m Encountered internal error running command: NoSuchElementError: An element could not be located on the page using the given search parameters.
    at AndroidUiautomator2Driver.findElOrEls (C:\Users\User1\.appium\node_modules\appium-uiautomator2-driver\node_modules\appium-android-driver\lib\commands\find.ts:86:11)
    at processTicksAndRejections (node:internal/process/task_queues:95:5)
    at AndroidUiautomator2Driver.findElOrElsWithProcessing (C:\Users\User1\AppData\Roaming\npm\node_modules\appium\node_modules\@appium\base-driver\lib\basedriver\commands\find.ts:60:12)
    at AndroidUiautomator2Driver.findElement (C:\Users\User1\AppData\Roaming\npm\node_modules\appium\node_modules\@appium\base-driver\lib\basedriver\commands\find.ts:75:12)
&amp#27;[38;5;181m[e31f31a1]&amp#27;[0m&amp#27;[38;5;86m[HTTP]&amp#27;[0m &amp#27;[37m<-- POST /session/e31f31a1-1c8c-4efb-a229-fa38e6c78afe/element &amp#27;[39m&amp#27;[33m404&amp#27;[39m &amp#27;[90m33 ms - 890&amp#27;[39m &amp#27;[90m&amp#27;[39m
&amp#27;[38;5;181m[e31f31a1]&amp#27;[0m&amp#27;[38;5;86m[HTTP]&amp#27;[0m &amp#27;[37m-->&amp#27;[39m &amp#27;[37mPOST&amp#27;[39m &amp#27;[37m/session/e31f31a1-1c8c-4efb-a229-fa38e6c78afe/element&amp#27;[39m &amp#27;[90m{"using":"id","value":"com.androidsample.generalstore:id/nameField"}&amp#27;[39m
&amp#27;[38;5;181m[e31f31a1]&amp#27;[0m&amp#27;[38;5;-12m[AndroidUiautomator2Driver@0450]&amp#27;[0m Calling AppiumDriver.findElement() with args: ["id","com.androidsample.generalstore:id/nameField","e31f31a1-1c8c-4efb-a229-fa38e6c78afe"]
&amp#27;[38;5;181m[e31f31a1]&amp#27;[0m&amp#27;[38;5;-12m[AndroidUiautomator2Driver@0450]&amp#27;[0m Valid locator strategies for this request: xpath, id, class name, accessibility id, css selector, -android uiautomator
&amp#27;[38;5;181m[e31f31a1]&amp#27;[0m&amp#27;[38;5;-12m[AndroidUiautomator2Driver@0450]&amp#27;[0m Waiting up to 0 ms for condition
&amp#27;[38;5;181m[e31f31a1]&amp#27;[0m&amp#27;[38;5;-12m[AndroidUiautomator2Driver@0450]&amp#27;[0m Matched '/element' to command name 'findElement'
&amp#27;[38;5;181m[e31f31a1]&amp#27;[0m&amp#27;[38;5;-12m[AndroidUiautomator2Driver@0450]&amp#27;[0m Proxying [POST /element] to [POST http://127.0.0.1:8201/session/2f847342-2091-4e28-89fe-634fe9acb151/element] with body: {"strategy":"id","selector":"com.androidsample.generalstore:id/nameField","context":"","multiple":false}
&amp#27;[38;5;181m[e31f31a1]&amp#27;[0m&amp#27;[38;5;-12m[AndroidUiautomator2Driver@0450]&amp#27;[0m Got response with status 200: {"sessionId":"2f847342-2091-4e28-89fe-634fe9acb151","value":{"ELEMENT":"00000000-0000-0763-ffff-ffff0000001c","element-6066-11e4-a52e-4f735466cecf":"00000000-0000-0763-ffff-ffff0000001c"}}
&amp#27;[38;5;181m[e31f31a1]&amp#27;[0m&amp#27;[38;5;-12m[AndroidUiautomator2Driver@0450]&amp#27;[0m Responding to client with driver.findElement() result: {"element-6066-11e4-a52e-4f735466cecf":"00000000-0000-0763-ffff-ffff0000001c","ELEMENT":"00000000-0000-0763-ffff-ffff0000001c"}
&amp#27;[38;5;181m[e31f31a1]&amp#27;[0m&amp#27;[38;5;86m[HTTP]&amp#27;[0m &amp#27;[37m<-- POST /session/e31f31a1-1c8c-4efb-a229-fa38e6c78afe/element &amp#27;[39m&amp#27;[32m200&amp#27;[39m &amp#27;[90m1418 ms - 137&amp#27;[39m &amp#27;[90m&amp#27;[39m
&amp#27;[38;5;181m[e31f31a1]&amp#27;[0m&amp#27;[38;5;86m[HTTP]&amp#27;[0m &amp#27;[37m-->&amp#27;[39m &amp#27;[37mGET&amp#27;[39m &amp#27;[37m/session/e31f31a1-1c8c-4efb-a229-fa38e6c78afe/element/00000000-0000-0763-ffff-ffff0000001c/displayed&amp#27;[39m &amp#27;[90m{}&amp#27;[39m
&amp#27;[38;5;181m[e31f31a1]&amp#27;[0m&amp#27;[38;5;-12m[AndroidUiautomator2Driver@0450]&amp#27;[0m Calling AppiumDriver.elementDisplayed() with args: ["00000000-0000-0763-ffff-ffff0000001c","e31f31a1-1c8c-4efb-a229-fa38e6c78afe"]
&amp#27;[38;5;181m[e31f31a1]&amp#27;[0m&amp#27;[38;5;-12m[AndroidUiautomator2Driver@0450]&amp#27;[0m Matched '/element/00000000-0000-0763-ffff-ffff0000001c/attribute/displayed' to command name 'getAttribute'
&amp#27;[38;5;181m[e31f31a1]&amp#27;[0m&amp#27;[38;5;-12m[AndroidUiautomator2Driver@0450]&amp#27;[0m Proxying [GET /element/00000000-0000-0763-ffff-ffff0000001c/attribute/displayed] to [GET http://127.0.0.1:8201/session/2f847342-2091-4e28-89fe-634fe9acb151/element/00000000-0000-0763-ffff-ffff0000001c/attribute/displayed] with no body
&amp#27;[38;5;181m[e31f31a1]&amp#27;[0m&amp#27;[38;5;-12m[AndroidUiautomator2Driver@0450]&amp#27;[0m Got response with status 200: {"sessionId":"2f847342-2091-4e28-89fe-634fe9acb151","value":"true"}
&amp#27;[38;5;181m[e31f31a1]&amp#27;[0m&amp#27;[38;5;-12m[AndroidUiautomator2Driver@0450]&amp#27;[0m Responding to client with driver.elementDisplayed() result: true
&amp#27;[38;5;181m[e31f31a1]&amp#27;[0m&amp#27;[38;5;86m[HTTP]&amp#27;[0m &amp#27;[37m<-- GET /session/e31f31a1-1c8c-4efb-a229-fa38e6c78afe/element/00000000-0000-0763-ffff-ffff0000001c/displayed &amp#27;[39m&amp#27;[32m200&amp#27;[39m &amp#27;[90m18 ms - 14&amp#27;[39m &amp#27;[90m&amp#27;[39m
&amp#27;[38;5;181m[e31f31a1]&amp#27;[0m&amp#27;[38;5;86m[HTTP]&amp#27;[0m &amp#27;[37m-->&amp#27;[39m &amp#27;[37mGET&amp#27;[39m &amp#27;[37m/session/e31f31a1-1c8c-4efb-a229-fa38e6c78afe/context&amp#27;[39m &amp#27;[90m{}&amp#27;[39m
&amp#27;[38;5;181m[e31f31a1]&amp#27;[0m&amp#27;[38;5;-12m[AndroidUiautomator2Driver@0450]&amp#27;[0m Calling AppiumDriver.getCurrentContext() with args: ["e31f31a1-1c8c-4efb-a229-fa38e6c78afe"]
&amp#27;[38;5;181m[e31f31a1]&amp#27;[0m&amp#27;[38;5;-12m[AndroidUiautomator2Driver@0450]&amp#27;[0m Responding to client with driver.getCurrentContext() result: "NATIVE_APP"
&amp#27;[38;5;181m[e31f31a1]&amp#27;[0m&amp#27;[38;5;86m[HTTP]&amp#27;[0m &amp#27;[37m<-- GET /session/e31f31a1-1c8c-4efb-a229-fa38e6c78afe/context &amp#27;[39m&amp#27;[32m200&amp#27;[39m &amp#27;[90m1 ms - 22&amp#27;[39m &amp#27;[90m&amp#27;[39m
&amp#27;[38;5;181m[e31f31a1]&amp#27;[0m&amp#27;[38;5;86m[HTTP]&amp#27;[0m &amp#27;[37m-->&amp#27;[39m &amp#27;[37mPOST&amp#27;[39m &amp#27;[37m/session/e31f31a1-1c8c-4efb-a229-fa38e6c78afe/element&amp#27;[39m &amp#27;[90m{"using":"id","value":"com.androidsample.generalstore:id/nameField"}&amp#27;[39m
&amp#27;[38;5;181m[e31f31a1]&amp#27;[0m&amp#27;[38;5;-12m[AndroidUiautomator2Driver@0450]&amp#27;[0m Calling AppiumDriver.findElement() with args: ["id","com.androidsample.generalstore:id/nameField","e31f31a1-1c8c-4efb-a229-fa38e6c78afe"]
&amp#27;[38;5;181m[e31f31a1]&amp#27;[0m&amp#27;[38;5;-12m[AndroidUiautomator2Driver@0450]&amp#27;[0m Valid locator strategies for this request: xpath, id, class name, accessibility id, css selector, -android uiautomator
&amp#27;[38;5;181m[e31f31a1]&amp#27;[0m&amp#27;[38;5;-12m[AndroidUiautomator2Driver@0450]&amp#27;[0m Waiting up to 0 ms for condition
&amp#27;[38;5;181m[e31f31a1]&amp#27;[0m&amp#27;[38;5;-12m[AndroidUiautomator2Driver@0450]&amp#27;[0m Matched '/element' to command name 'findElement'
&amp#27;[38;5;181m[e31f31a1]&amp#27;[0m&amp#27;[38;5;-12m[AndroidUiautomator2Driver@0450]&amp#27;[0m Proxying [POST /element] to [POST http://127.0.0.1:8201/session/2f847342-2091-4e28-89fe-634fe9acb151/element] with body: {"strategy":"id","selector":"com.androidsample.generalstore:id/nameField","context":"","multiple":false}
&amp#27;[38;5;181m[e31f31a1]&amp#27;[0m&amp#27;[38;5;-12m[AndroidUiautomator2Driver@0450]&amp#27;[0m Got response with status 200: {"sessionId":"2f847342-2091-4e28-89fe-634fe9acb151","value":{"ELEMENT":"00000000-0000-0763-ffff-ffff0000001c","element-6066-11e4-a52e-4f735466cecf":"00000000-0000-0763-ffff-ffff0000001c"}}
&amp#27;[38;5;181m[e31f31a1]&amp#27;[0m&amp#27;[38;5;-12m[AndroidUiautomator2Driver@0450]&amp#27;[0m Responding to client with driver.findElement() result: {"element-6066-11e4-a52e-4f735466cecf":"00000000-0000-0763-ffff-ffff0000001c","ELEMENT":"00000000-0000-0763-ffff-ffff0000001c"}
&amp#27;[38;5;181m[e31f31a1]&amp#27;[0m&amp#27;[38;5;86m[HTTP]&amp#27;[0m &amp#27;[37m<-- POST /session/e31f31a1-1c8c-4efb-a229-fa38e6c78afe/element &amp#27;[39m&amp#27;[32m200&amp#27;[39m &amp#27;[90m32 ms - 137&amp#27;[39m &amp#27;[90m&amp#27;[39m
&amp#27;[38;5;181m[e31f31a1]&amp#27;[0m&amp#27;[38;5;86m[HTTP]&amp#27;[0m &amp#27;[37m-->&amp#27;[39m &amp#27;[37mPOST&amp#27;[39m &amp#27;[37m/session/e31f31a1-1c8c-4efb-a229-fa38e6c78afe/element/00000000-0000-0763-ffff-ffff0000001c/value&amp#27;[39m &amp#27;[90m{"value":["R","a","j"],"text":"Raj","id":"00000000-0000-0763-ffff-ffff0000001c"}&amp#27;[39m
&amp#27;[38;5;181m[e31f31a1]&amp#27;[0m&amp#27;[38;5;-12m[AndroidUiautomator2Driver@0450]&amp#27;[0m Calling AppiumDriver.setValue() with args: [["R","a","j"],"00000000-0000-0763-ffff-ffff0000001c","e31f31a1-1c8c-4efb-a229-fa38e6c78afe"]
&amp#27;[38;5;181m[e31f31a1]&amp#27;[0m&amp#27;[38;5;-12m[AndroidUiautomator2Driver@0450]&amp#27;[0m Matched '/element/00000000-0000-0763-ffff-ffff0000001c/value' to command name 'setValue'
&amp#27;[38;5;181m[e31f31a1]&amp#27;[0m&amp#27;[38;5;-12m[AndroidUiautomator2Driver@0450]&amp#27;[0m Added 'value' property ["R","a","j"] to 'setValue' request body
&amp#27;[38;5;181m[e31f31a1]&amp#27;[0m&amp#27;[38;5;-12m[AndroidUiautomator2Driver@0450]&amp#27;[0m Proxying [POST /element/00000000-0000-0763-ffff-ffff0000001c/value] to [POST http://127.0.0.1:8201/session/2f847342-2091-4e28-89fe-634fe9acb151/element/00000000-0000-0763-ffff-ffff0000001c/value] with body: {"elementId":"00000000-0000-0763-ffff-ffff0000001c","text":"Raj","replace":false,"value":["R","a","j"]}
&amp#27;[38;5;181m[e31f31a1]&amp#27;[0m&amp#27;[38;5;-12m[AndroidUiautomator2Driver@0450]&amp#27;[0m Got response with status 200: {"sessionId":"2f847342-2091-4e28-89fe-634fe9acb151","value":null}
&amp#27;[38;5;181m[e31f31a1]&amp#27;[0m&amp#27;[38;5;-12m[AndroidUiautomator2Driver@0450]&amp#27;[0m Responding to client with driver.setValue() result: null
&amp#27;[38;5;181m[e31f31a1]&amp#27;[0m&amp#27;[38;5;86m[HTTP]&amp#27;[0m &amp#27;[37m<-- POST /session/e31f31a1-1c8c-4efb-a229-fa38e6c78afe/element/00000000-0000-0763-ffff-ffff0000001c/value &amp#27;[39m&amp#27;[32m200&amp#27;[39m &amp#27;[90m569 ms - 14&amp#27;[39m &amp#27;[90m&amp#27;[39m
&amp#27;[38;5;181m[e31f31a1]&amp#27;[0m&amp#27;[38;5;86m[HTTP]&amp#27;[0m &amp#27;[37m-->&amp#27;[39m &amp#27;[37mPOST&amp#27;[39m &amp#27;[37m/session/e31f31a1-1c8c-4efb-a229-fa38e6c78afe/execute/sync&amp#27;[39m &amp#27;[90m{"script":"mobile: hideKeyboard","args":[]}&amp#27;[39m
&amp#27;[38;5;181m[e31f31a1]&amp#27;[0m&amp#27;[38;5;-12m[AndroidUiautomator2Driver@0450]&amp#27;[0m Calling AppiumDriver.execute() with args: ["mobile: hideKeyboard",[],"e31f31a1-1c8c-4efb-a229-fa38e6c78afe"]
&amp#27;[38;5;181m[e31f31a1]&amp#27;[0m&amp#27;[38;5;-12m[AndroidUiautomator2Driver@0450]&amp#27;[0m Executing native command 'mobile: hideKeyboard'
&amp#27;[38;5;181m[e31f31a1]&amp#27;[0m&amp#27;[38;5;229m[ADB]&amp#27;[0m Running 'C:\Users\User1\AppData\Local\Android\Sdk\platform-tools\adb.exe -P 5037 -s emulator-5554 shell dumpsys input_method'
&amp#27;[38;5;181m[e31f31a1]&amp#27;[0m&amp#27;[38;5;229m[ADB]&amp#27;[0m Keyboard has no UI; no closing necessary
&amp#27;[38;5;181m[e31f31a1]&amp#27;[0m&amp#27;[38;5;-12m[AndroidUiautomator2Driver@0450]&amp#27;[0m Responding to client with driver.execute() result: false
&amp#27;[38;5;181m[e31f31a1]&amp#27;[0m&amp#27;[38;5;86m[HTTP]&amp#27;[0m &amp#27;[37m<-- POST /session/e31f31a1-1c8c-4efb-a229-fa38e6c78afe/execute/sync &amp#27;[39m&amp#27;[32m200&amp#27;[39m &amp#27;[90m404 ms - 15&amp#27;[39m &amp#27;[90m&amp#27;[39m
&amp#27;[38;5;181m[e31f31a1]&amp#27;[0m&amp#27;[38;5;86m[HTTP]&amp#27;[0m &amp#27;[37m-->&amp#27;[39m &amp#27;[37mGET&amp#27;[39m &amp#27;[37m/session/e31f31a1-1c8c-4efb-a229-fa38e6c78afe/context&amp#27;[39m &amp#27;[90m{}&amp#27;[39m
&amp#27;[38;5;181m[e31f31a1]&amp#27;[0m&amp#27;[38;5;-12m[AndroidUiautomator2Driver@0450]&amp#27;[0m Calling AppiumDriver.getCurrentContext() with args: ["e31f31a1-1c8c-4efb-a229-fa38e6c78afe"]
&amp#27;[38;5;181m[e31f31a1]&amp#27;[0m&amp#27;[38;5;-12m[AndroidUiautomator2Driver@0450]&amp#27;[0m Responding to client with driver.getCurrentContext() result: "NATIVE_APP"
&amp#27;[38;5;181m[e31f31a1]&amp#27;[0m&amp#27;[38;5;86m[HTTP]&amp#27;[0m &amp#27;[37m<-- GET /session/e31f31a1-1c8c-4efb-a229-fa38e6c78afe/context &amp#27;[39m&amp#27;[32m200&amp#27;[39m &amp#27;[90m1 ms - 22&amp#27;[39m &amp#27;[90m&amp#27;[39m
&amp#27;[38;5;181m[e31f31a1]&amp#27;[0m&amp#27;[38;5;86m[HTTP]&amp#27;[0m &amp#27;[37m-->&amp#27;[39m &amp#27;[37mPOST&amp#27;[39m &amp#27;[37m/session/e31f31a1-1c8c-4efb-a229-fa38e6c78afe/element&amp#27;[39m &amp#27;[90m{"using":"xpath","value":"//android.widget.RadioButton[@text='Male']"}&amp#27;[39m
&amp#27;[38;5;181m[e31f31a1]&amp#27;[0m&amp#27;[38;5;-12m[AndroidUiautomator2Driver@0450]&amp#27;[0m Calling AppiumDriver.findElement() with args: ["xpath","//android.widget.RadioButton[@text='Male']","e31f31a1-1c8c-4efb-a229-fa38e6c78afe"]
&amp#27;[38;5;181m[e31f31a1]&amp#27;[0m&amp#27;[38;5;-12m[AndroidUiautomator2Driver@0450]&amp#27;[0m Valid locator strategies for this request: xpath, id, class name, accessibility id, css selector, -android uiautomator
&amp#27;[38;5;181m[e31f31a1]&amp#27;[0m&amp#27;[38;5;-12m[AndroidUiautomator2Driver@0450]&amp#27;[0m Waiting up to 0 ms for condition
&amp#27;[38;5;181m[e31f31a1]&amp#27;[0m&amp#27;[38;5;-12m[AndroidUiautomator2Driver@0450]&amp#27;[0m Matched '/element' to command name 'findElement'
&amp#27;[38;5;181m[e31f31a1]&amp#27;[0m&amp#27;[38;5;-12m[AndroidUiautomator2Driver@0450]&amp#27;[0m Proxying [POST /element] to [POST http://127.0.0.1:8201/session/2f847342-2091-4e28-89fe-634fe9acb151/element] with body: {"strategy":"xpath","selector":"//android.widget.RadioButton[@text='Male']","context":"","multiple":false}
&amp#27;[38;5;181m[e31f31a1]&amp#27;[0m&amp#27;[38;5;-12m[AndroidUiautomator2Driver@0450]&amp#27;[0m Got response with status 200: {"sessionId":"2f847342-2091-4e28-89fe-634fe9acb151","value":{"ELEMENT":"00000000-0000-0763-ffff-ffff0000001f","element-6066-11e4-a52e-4f735466cecf":"00000000-0000-0763-ffff-ffff0000001f"}}
&amp#27;[38;5;181m[e31f31a1]&amp#27;[0m&amp#27;[38;5;-12m[AndroidUiautomator2Driver@0450]&amp#27;[0m Responding to client with driver.findElement() result: {"element-6066-11e4-a52e-4f735466cecf":"00000000-0000-0763-ffff-ffff0000001f","ELEMENT":"00000000-0000-0763-ffff-ffff0000001f"}
&amp#27;[38;5;181m[e31f31a1]&amp#27;[0m&amp#27;[38;5;86m[HTTP]&amp#27;[0m &amp#27;[37m<-- POST /session/e31f31a1-1c8c-4efb-a229-fa38e6c78afe/element &amp#27;[39m&amp#27;[32m200&amp#27;[39m &amp#27;[90m916 ms - 137&amp#27;[39m &amp#27;[90m&amp#27;[39m
&amp#27;[38;5;181m[e31f31a1]&amp#27;[0m&amp#27;[38;5;86m[HTTP]&amp#27;[0m &amp#27;[37m-->&amp#27;[39m &amp#27;[37mPOST&amp#27;[39m &amp#27;[37m/session/e31f31a1-1c8c-4efb-a229-fa38e6c78afe/element/00000000-0000-0763-ffff-ffff0000001f/click&amp#27;[39m &amp#27;[90m{"id":"00000000-0000-0763-ffff-ffff0000001f"}&amp#27;[39m
&amp#27;[38;5;181m[e31f31a1]&amp#27;[0m&amp#27;[38;5;-12m[AndroidUiautomator2Driver@0450]&amp#27;[0m Calling AppiumDriver.click() with args: ["00000000-0000-0763-ffff-ffff0000001f","e31f31a1-1c8c-4efb-a229-fa38e6c78afe"]
&amp#27;[38;5;181m[e31f31a1]&amp#27;[0m&amp#27;[38;5;-12m[AndroidUiautomator2Driver@0450]&amp#27;[0m Matched '/element/00000000-0000-0763-ffff-ffff0000001f/click' to command name 'click'
&amp#27;[38;5;181m[e31f31a1]&amp#27;[0m&amp#27;[38;5;-12m[AndroidUiautomator2Driver@0450]&amp#27;[0m Proxying [POST /element/00000000-0000-0763-ffff-ffff0000001f/click] to [POST http://127.0.0.1:8201/session/2f847342-2091-4e28-89fe-634fe9acb151/element/00000000-0000-0763-ffff-ffff0000001f/click] with body: {"element":"00000000-0000-0763-ffff-ffff0000001f"}
&amp#27;[38;5;181m[e31f31a1]&amp#27;[0m&amp#27;[38;5;-12m[AndroidUiautomator2Driver@0450]&amp#27;[0m Got response with status 200: {"sessionId":"2f847342-2091-4e28-89fe-634fe9acb151","value":null}
&amp#27;[38;5;181m[e31f31a1]&amp#27;[0m&amp#27;[38;5;-12m[AndroidUiautomator2Driver@0450]&amp#27;[0m Responding to client with driver.click() result: null
&amp#27;[38;5;181m[e31f31a1]&amp#27;[0m&amp#27;[38;5;86m[HTTP]&amp#27;[0m &amp#27;[37m<-- POST /session/e31f31a1-1c8c-4efb-a229-fa38e6c78afe/element/00000000-0000-0763-ffff-ffff0000001f/click &amp#27;[39m&amp#27;[32m200&amp#27;[39m &amp#27;[90m87 ms - 14&amp#27;[39m &amp#27;[90m&amp#27;[39m
&amp#27;[38;5;181m[e31f31a1]&amp#27;[0m&amp#27;[38;5;86m[HTTP]&amp#27;[0m &amp#27;[37m-->&amp#27;[39m &amp#27;[37mGET&amp#27;[39m &amp#27;[37m/session/e31f31a1-1c8c-4efb-a229-fa38e6c78afe/context&amp#27;[39m &amp#27;[90m{}&amp#27;[39m
&amp#27;[38;5;181m[e31f31a1]&amp#27;[0m&amp#27;[38;5;-12m[AndroidUiautomator2Driver@0450]&amp#27;[0m Calling AppiumDriver.getCurrentContext() with args: ["e31f31a1-1c8c-4efb-a229-fa38e6c78afe"]
&amp#27;[38;5;181m[e31f31a1]&amp#27;[0m&amp#27;[38;5;-12m[AndroidUiautomator2Driver@0450]&amp#27;[0m Responding to client with driver.getCurrentContext() result: "NATIVE_APP"
&amp#27;[38;5;181m[e31f31a1]&amp#27;[0m&amp#27;[38;5;86m[HTTP]&amp#27;[0m &amp#27;[37m<-- GET /session/e31f31a1-1c8c-4efb-a229-fa38e6c78afe/context &amp#27;[39m&amp#27;[32m200&amp#27;[39m &amp#27;[90m2 ms - 22&amp#27;[39m &amp#27;[90m&amp#27;[39m
&amp#27;[38;5;181m[e31f31a1]&amp#27;[0m&amp#27;[38;5;86m[HTTP]&amp#27;[0m &amp#27;[37m-->&amp#27;[39m &amp#27;[37mPOST&amp#27;[39m &amp#27;[37m/session/e31f31a1-1c8c-4efb-a229-fa38e6c78afe/element&amp#27;[39m &amp#27;[90m{"using":"id","value":"android:id/text1"}&amp#27;[39m
&amp#27;[38;5;181m[e31f31a1]&amp#27;[0m&amp#27;[38;5;-12m[AndroidUiautomator2Driver@0450]&amp#27;[0m Calling AppiumDriver.findElement() with args: ["id","android:id/text1","e31f31a1-1c8c-4efb-a229-fa38e6c78afe"]
&amp#27;[38;5;181m[e31f31a1]&amp#27;[0m&amp#27;[38;5;-12m[AndroidUiautomator2Driver@0450]&amp#27;[0m Valid locator strategies for this request: xpath, id, class name, accessibility id, css selector, -android uiautomator
&amp#27;[38;5;181m[e31f31a1]&amp#27;[0m&amp#27;[38;5;-12m[AndroidUiautomator2Driver@0450]&amp#27;[0m Waiting up to 0 ms for condition
&amp#27;[38;5;181m[e31f31a1]&amp#27;[0m&amp#27;[38;5;-12m[AndroidUiautomator2Driver@0450]&amp#27;[0m Matched '/element' to command name 'findElement'
&amp#27;[38;5;181m[e31f31a1]&amp#27;[0m&amp#27;[38;5;-12m[AndroidUiautomator2Driver@0450]&amp#27;[0m Proxying [POST /element] to [POST http://127.0.0.1:8201/session/2f847342-2091-4e28-89fe-634fe9acb151/element] with body: {"strategy":"id","selector":"android:id/text1","context":"","multiple":false}
&amp#27;[38;5;181m[e31f31a1]&amp#27;[0m&amp#27;[38;5;-12m[AndroidUiautomator2Driver@0450]&amp#27;[0m Got response with status 200: {"sessionId":"2f847342-2091-4e28-89fe-634fe9acb151","value":{"ELEMENT":"00000000-0000-0763-ffff-ffff00000024","element-6066-11e4-a52e-4f735466cecf":"00000000-0000-0763-ffff-ffff00000024"}}
&amp#27;[38;5;181m[e31f31a1]&amp#27;[0m&amp#27;[38;5;-12m[AndroidUiautomator2Driver@0450]&amp#27;[0m Responding to client with driver.findElement() result: {"element-6066-11e4-a52e-4f735466cecf":"00000000-0000-0763-ffff-ffff00000024","ELEMENT":"00000000-0000-0763-ffff-ffff00000024"}
&amp#27;[38;5;181m[e31f31a1]&amp#27;[0m&amp#27;[38;5;86m[HTTP]&amp#27;[0m &amp#27;[37m<-- POST /session/e31f31a1-1c8c-4efb-a229-fa38e6c78afe/element &amp#27;[39m&amp#27;[32m200&amp#27;[39m &amp#27;[90m113 ms - 137&amp#27;[39m &amp#27;[90m&amp#27;[39m
&amp#27;[38;5;181m[e31f31a1]&amp#27;[0m&amp#27;[38;5;86m[HTTP]&amp#27;[0m &amp#27;[37m-->&amp#27;[39m &amp#27;[37mPOST&amp#27;[39m &amp#27;[37m/session/e31f31a1-1c8c-4efb-a229-fa38e6c78afe/element/00000000-0000-0763-ffff-ffff00000024/click&amp#27;[39m &amp#27;[90m{"id":"00000000-0000-0763-ffff-ffff00000024"}&amp#27;[39m
&amp#27;[38;5;181m[e31f31a1]&amp#27;[0m&amp#27;[38;5;-12m[AndroidUiautomator2Driver@0450]&amp#27;[0m Calling AppiumDriver.click() with args: ["00000000-0000-0763-ffff-ffff00000024","e31f31a1-1c8c-4efb-a229-fa38e6c78afe"]
&amp#27;[38;5;181m[e31f31a1]&amp#27;[0m&amp#27;[38;5;-12m[AndroidUiautomator2Driver@0450]&amp#27;[0m Matched '/element/00000000-0000-0763-ffff-ffff00000024/click' to command name 'click'
&amp#27;[38;5;181m[e31f31a1]&amp#27;[0m&amp#27;[38;5;-12m[AndroidUiautomator2Driver@0450]&amp#27;[0m Proxying [POST /element/00000000-0000-0763-ffff-ffff00000024/click] to [POST http://127.0.0.1:8201/session/2f847342-2091-4e28-89fe-634fe9acb151/element/00000000-0000-0763-ffff-ffff00000024/click] with body: {"element":"00000000-0000-0763-ffff-ffff00000024"}
&amp#27;[38;5;181m[e31f31a1]&amp#27;[0m&amp#27;[38;5;-12m[AndroidUiautomator2Driver@0450]&amp#27;[0m Got response with status 200: {"sessionId":"2f847342-2091-4e28-89fe-634fe9acb151","value":null}
&amp#27;[38;5;181m[e31f31a1]&amp#27;[0m&amp#27;[38;5;-12m[AndroidUiautomator2Driver@0450]&amp#27;[0m Responding to client with driver.click() result: null
&amp#27;[38;5;181m[e31f31a1]&amp#27;[0m&amp#27;[38;5;86m[HTTP]&amp#27;[0m &amp#27;[37m<-- POST /session/e31f31a1-1c8c-4efb-a229-fa38e6c78afe/element/00000000-0000-0763-ffff-ffff00000024/click &amp#27;[39m&amp#27;[32m200&amp#27;[39m &amp#27;[90m889 ms - 14&amp#27;[39m &amp#27;[90m&amp#27;[39m
&amp#27;[38;5;181m[e31f31a1]&amp#27;[0m&amp#27;[38;5;86m[HTTP]&amp#27;[0m &amp#27;[37m-->&amp#27;[39m &amp#27;[37mPOST&amp#27;[39m &amp#27;[37m/session/e31f31a1-1c8c-4efb-a229-fa38e6c78afe/element&amp#27;[39m &amp#27;[90m{"using":"-android uiautomator","value":"new UiScrollable(new UiSelector()).scrollIntoView(text(\"Austria\"));"}&amp#27;[39m
&amp#27;[38;5;181m[e31f31a1]&amp#27;[0m&amp#27;[38;5;-12m[AndroidUiautomator2Driver@0450]&amp#27;[0m Calling AppiumDriver.findElement() with args: ["-android uiautomator","new UiScrollable(new UiSelector()).scrollIntoView(text(\"Austria\"));","e31f31a1-1c8c-4efb-a229-fa38e6c78afe"]
&amp#27;[38;5;181m[e31f31a1]&amp#27;[0m&amp#27;[38;5;-12m[AndroidUiautomator2Driver@0450]&amp#27;[0m Valid locator strategies for this request: xpath, id, class name, accessibility id, css selector, -android uiautomator
&amp#27;[38;5;181m[e31f31a1]&amp#27;[0m&amp#27;[38;5;-12m[AndroidUiautomator2Driver@0450]&amp#27;[0m Waiting up to 0 ms for condition
&amp#27;[38;5;181m[e31f31a1]&amp#27;[0m&amp#27;[38;5;-12m[AndroidUiautomator2Driver@0450]&amp#27;[0m Matched '/element' to command name 'findElement'
&amp#27;[38;5;181m[e31f31a1]&amp#27;[0m&amp#27;[38;5;-12m[AndroidUiautomator2Driver@0450]&amp#27;[0m Proxying [POST /element] to [POST http://127.0.0.1:8201/session/2f847342-2091-4e28-89fe-634fe9acb151/element] with body: {"strategy":"-android uiautomator","selector":"new UiScrollable(new UiSelector()).scrollIntoView(text(\"Austria\"));","context":"","multiple":false}
&amp#27;[38;5;181m[e31f31a1]&amp#27;[0m&amp#27;[38;5;-12m[AndroidUiautomator2Driver@0450]&amp#27;[0m Got response with status 200: {"sessionId":"2f847342-2091-4e28-89fe-634fe9acb151","value":{"ELEMENT":"00000000-0000-0764-ffff-ffff0000002c","element-6066-11e4-a52e-4f735466cecf":"00000000-0000-0764-ffff-ffff0000002c"}}
&amp#27;[38;5;181m[e31f31a1]&amp#27;[0m&amp#27;[38;5;-12m[AndroidUiautomator2Driver@0450]&amp#27;[0m Responding to client with driver.findElement() result: {"element-6066-11e4-a52e-4f735466cecf":"00000000-0000-0764-ffff-ffff0000002c","ELEMENT":"00000000-0000-0764-ffff-ffff0000002c"}
&amp#27;[38;5;181m[e31f31a1]&amp#27;[0m&amp#27;[38;5;86m[HTTP]&amp#27;[0m &amp#27;[37m<-- POST /session/e31f31a1-1c8c-4efb-a229-fa38e6c78afe/element &amp#27;[39m&amp#27;[32m200&amp#27;[39m &amp#27;[90m4802 ms - 137&amp#27;[39m &amp#27;[90m&amp#27;[39m
&amp#27;[38;5;181m[e31f31a1]&amp#27;[0m&amp#27;[38;5;86m[HTTP]&amp#27;[0m &amp#27;[37m-->&amp#27;[39m &amp#27;[37mPOST&amp#27;[39m &amp#27;[37m/session/e31f31a1-1c8c-4efb-a229-fa38e6c78afe/element&amp#27;[39m &amp#27;[90m{"using":"xpath","value":"//android.widget.TextView[@text='Austria']"}&amp#27;[39m
&amp#27;[38;5;181m[e31f31a1]&amp#27;[0m&amp#27;[38;5;-12m[AndroidUiautomator2Driver@0450]&amp#27;[0m Calling AppiumDriver.findElement() with args: ["xpath","//android.widget.TextView[@text='Austria']","e31f31a1-1c8c-4efb-a229-fa38e6c78afe"]
&amp#27;[38;5;181m[e31f31a1]&amp#27;[0m&amp#27;[38;5;-12m[AndroidUiautomator2Driver@0450]&amp#27;[0m Valid locator strategies for this request: xpath, id, class name, accessibility id, css selector, -android uiautomator
&amp#27;[38;5;181m[e31f31a1]&amp#27;[0m&amp#27;[38;5;-12m[AndroidUiautomator2Driver@0450]&amp#27;[0m Waiting up to 0 ms for condition
&amp#27;[38;5;181m[e31f31a1]&amp#27;[0m&amp#27;[38;5;-12m[AndroidUiautomator2Driver@0450]&amp#27;[0m Matched '/element' to command name 'findElement'
&amp#27;[38;5;181m[e31f31a1]&amp#27;[0m&amp#27;[38;5;-12m[AndroidUiautomator2Driver@0450]&amp#27;[0m Proxying [POST /element] to [POST http://127.0.0.1:8201/session/2f847342-2091-4e28-89fe-634fe9acb151/element] with body: {"strategy":"xpath","selector":"//android.widget.TextView[@text='Austria']","context":"","multiple":false}
&amp#27;[38;5;181m[e31f31a1]&amp#27;[0m&amp#27;[38;5;-12m[AndroidUiautomator2Driver@0450]&amp#27;[0m Got response with status 200: {"sessionId":"2f847342-2091-4e28-89fe-634fe9acb151","value":{"ELEMENT":"00000000-0000-0764-ffff-ffff0000002c","element-6066-11e4-a52e-4f735466cecf":"00000000-0000-0764-ffff-ffff0000002c"}}
&amp#27;[38;5;181m[e31f31a1]&amp#27;[0m&amp#27;[38;5;-12m[AndroidUiautomator2Driver@0450]&amp#27;[0m Responding to client with driver.findElement() result: {"element-6066-11e4-a52e-4f735466cecf":"00000000-0000-0764-ffff-ffff0000002c","ELEMENT":"00000000-0000-0764-ffff-ffff0000002c"}
&amp#27;[38;5;181m[e31f31a1]&amp#27;[0m&amp#27;[38;5;86m[HTTP]&amp#27;[0m &amp#27;[37m<-- POST /session/e31f31a1-1c8c-4efb-a229-fa38e6c78afe/element &amp#27;[39m&amp#27;[32m200&amp#27;[39m &amp#27;[90m100 ms - 137&amp#27;[39m &amp#27;[90m&amp#27;[39m
&amp#27;[38;5;181m[e31f31a1]&amp#27;[0m&amp#27;[38;5;86m[HTTP]&amp#27;[0m &amp#27;[37m-->&amp#27;[39m &amp#27;[37mPOST&amp#27;[39m &amp#27;[37m/session/e31f31a1-1c8c-4efb-a229-fa38e6c78afe/element/00000000-0000-0764-ffff-ffff0000002c/click&amp#27;[39m &amp#27;[90m{"id":"00000000-0000-0764-ffff-ffff0000002c"}&amp#27;[39m
&amp#27;[38;5;181m[e31f31a1]&amp#27;[0m&amp#27;[38;5;-12m[AndroidUiautomator2Driver@0450]&amp#27;[0m Calling AppiumDriver.click() with args: ["00000000-0000-0764-ffff-ffff0000002c","e31f31a1-1c8c-4efb-a229-fa38e6c78afe"]
&amp#27;[38;5;181m[e31f31a1]&amp#27;[0m&amp#27;[38;5;-12m[AndroidUiautomator2Driver@0450]&amp#27;[0m Matched '/element/00000000-0000-0764-ffff-ffff0000002c/click' to command name 'click'
&amp#27;[38;5;181m[e31f31a1]&amp#27;[0m&amp#27;[38;5;-12m[AndroidUiautomator2Driver@0450]&amp#27;[0m Proxying [POST /element/00000000-0000-0764-ffff-ffff0000002c/click] to [POST http://127.0.0.1:8201/session/2f847342-2091-4e28-89fe-634fe9acb151/element/00000000-0000-0764-ffff-ffff0000002c/click] with body: {"element":"00000000-0000-0764-ffff-ffff0000002c"}
&amp#27;[38;5;181m[e31f31a1]&amp#27;[0m&amp#27;[38;5;-12m[AndroidUiautomator2Driver@0450]&amp#27;[0m Got response with status 200: {"sessionId":"2f847342-2091-4e28-89fe-634fe9acb151","value":null}
&amp#27;[38;5;181m[e31f31a1]&amp#27;[0m&amp#27;[38;5;-12m[AndroidUiautomator2Driver@0450]&amp#27;[0m Responding to client with driver.click() result: null
&amp#27;[38;5;181m[e31f31a1]&amp#27;[0m&amp#27;[38;5;86m[HTTP]&amp#27;[0m &amp#27;[37m<-- POST /session/e31f31a1-1c8c-4efb-a229-fa38e6c78afe/element/00000000-0000-0764-ffff-ffff0000002c/click &amp#27;[39m&amp#27;[32m200&amp#27;[39m &amp#27;[90m777 ms - 14&amp#27;[39m &amp#27;[90m&amp#27;[39m
&amp#27;[38;5;181m[e31f31a1]&amp#27;[0m&amp#27;[38;5;86m[HTTP]&amp#27;[0m &amp#27;[37m-->&amp#27;[39m &amp#27;[37mGET&amp#27;[39m &amp#27;[37m/session/e31f31a1-1c8c-4efb-a229-fa38e6c78afe/context&amp#27;[39m &amp#27;[90m{}&amp#27;[39m
&amp#27;[38;5;181m[e31f31a1]&amp#27;[0m&amp#27;[38;5;-12m[AndroidUiautomator2Driver@0450]&amp#27;[0m Calling AppiumDriver.getCurrentContext() with args: ["e31f31a1-1c8c-4efb-a229-fa38e6c78afe"]
&amp#27;[38;5;181m[e31f31a1]&amp#27;[0m&amp#27;[38;5;-12m[AndroidUiautomator2Driver@0450]&amp#27;[0m Responding to client with driver.getCurrentContext() result: "NATIVE_APP"
&amp#27;[38;5;181m[e31f31a1]&amp#27;[0m&amp#27;[38;5;86m[HTTP]&amp#27;[0m &amp#27;[37m<-- GET /session/e31f31a1-1c8c-4efb-a229-fa38e6c78afe/context &amp#27;[39m&amp#27;[32m200&amp#27;[39m &amp#27;[90m1 ms - 22&amp#27;[39m &amp#27;[90m&amp#27;[39m
&amp#27;[38;5;181m[e31f31a1]&amp#27;[0m&amp#27;[38;5;86m[HTTP]&amp#27;[0m &amp#27;[37m-->&amp#27;[39m &amp#27;[37mPOST&amp#27;[39m &amp#27;[37m/session/e31f31a1-1c8c-4efb-a229-fa38e6c78afe/element&amp#27;[39m &amp#27;[90m{"using":"id","value":"com.androidsample.generalstore:id/btnLetsShop"}&amp#27;[39m
&amp#27;[38;5;181m[e31f31a1]&amp#27;[0m&amp#27;[38;5;-12m[AndroidUiautomator2Driver@0450]&amp#27;[0m Calling AppiumDriver.findElement() with args: ["id","com.androidsample.generalstore:id/btnLetsShop","e31f31a1-1c8c-4efb-a229-fa38e6c78afe"]
&amp#27;[38;5;181m[e31f31a1]&amp#27;[0m&amp#27;[38;5;-12m[AndroidUiautomator2Driver@0450]&amp#27;[0m Valid locator strategies for this request: xpath, id, class name, accessibility id, css selector, -android uiautomator
&amp#27;[38;5;181m[e31f31a1]&amp#27;[0m&amp#27;[38;5;-12m[AndroidUiautomator2Driver@0450]&amp#27;[0m Waiting up to 0 ms for condition
&amp#27;[38;5;181m[e31f31a1]&amp#27;[0m&amp#27;[38;5;-12m[AndroidUiautomator2Driver@0450]&amp#27;[0m Matched '/element' to command name 'findElement'
&amp#27;[38;5;181m[e31f31a1]&amp#27;[0m&amp#27;[38;5;-12m[AndroidUiautomator2Driver@0450]&amp#27;[0m Proxying [POST /element] to [POST http://127.0.0.1:8201/session/2f847342-2091-4e28-89fe-634fe9acb151/element] with body: {"strategy":"id","selector":"com.androidsample.generalstore:id/btnLetsShop","context":"","multiple":false}
&amp#27;[38;5;181m[e31f31a1]&amp#27;[0m&amp#27;[38;5;-12m[AndroidUiautomator2Driver@0450]&amp#27;[0m Got response with status 200: {"sessionId":"2f847342-2091-4e28-89fe-634fe9acb151","value":{"ELEMENT":"00000000-0000-0763-ffff-ffff00000021","element-6066-11e4-a52e-4f735466cecf":"00000000-0000-0763-ffff-ffff00000021"}}
&amp#27;[38;5;181m[e31f31a1]&amp#27;[0m&amp#27;[38;5;-12m[AndroidUiautomator2Driver@0450]&amp#27;[0m Responding to client with driver.findElement() result: {"element-6066-11e4-a52e-4f735466cecf":"00000000-0000-0763-ffff-ffff00000021","ELEMENT":"00000000-0000-0763-ffff-ffff00000021"}
&amp#27;[38;5;181m[e31f31a1]&amp#27;[0m&amp#27;[38;5;86m[HTTP]&amp#27;[0m &amp#27;[37m<-- POST /session/e31f31a1-1c8c-4efb-a229-fa38e6c78afe/element &amp#27;[39m&amp#27;[32m200&amp#27;[39m &amp#27;[90m37 ms - 137&amp#27;[39m &amp#27;[90m&amp#27;[39m
&amp#27;[38;5;181m[e31f31a1]&amp#27;[0m&amp#27;[38;5;86m[HTTP]&amp#27;[0m &amp#27;[37m-->&amp#27;[39m &amp#27;[37mPOST&amp#27;[39m &amp#27;[37m/session/e31f31a1-1c8c-4efb-a229-fa38e6c78afe/element/00000000-0000-0763-ffff-ffff00000021/click&amp#27;[39m &amp#27;[90m{"id":"00000000-0000-0763-ffff-ffff00000021"}&amp#27;[39m
&amp#27;[38;5;181m[e31f31a1]&amp#27;[0m&amp#27;[38;5;-12m[AndroidUiautomator2Driver@0450]&amp#27;[0m Calling AppiumDriver.click() with args: ["00000000-0000-0763-ffff-ffff00000021","e31f31a1-1c8c-4efb-a229-fa38e6c78afe"]
&amp#27;[38;5;181m[e31f31a1]&amp#27;[0m&amp#27;[38;5;-12m[AndroidUiautomator2Driver@0450]&amp#27;[0m Matched '/element/00000000-0000-0763-ffff-ffff00000021/click' to command name 'click'
&amp#27;[38;5;181m[e31f31a1]&amp#27;[0m&amp#27;[38;5;-12m[AndroidUiautomator2Driver@0450]&amp#27;[0m Proxying [POST /element/00000000-0000-0763-ffff-ffff00000021/click] to [POST http://127.0.0.1:8201/session/2f847342-2091-4e28-89fe-634fe9acb151/element/00000000-0000-0763-ffff-ffff00000021/click] with body: {"element":"00000000-0000-0763-ffff-ffff00000021"}
&amp#27;[38;5;181m[e31f31a1]&amp#27;[0m&amp#27;[38;5;-12m[AndroidUiautomator2Driver@0450]&amp#27;[0m Got response with status 200: {"sessionId":"2f847342-2091-4e28-89fe-634fe9acb151","value":null}
&amp#27;[38;5;181m[e31f31a1]&amp#27;[0m&amp#27;[38;5;-12m[AndroidUiautomator2Driver@0450]&amp#27;[0m Responding to client with driver.click() result: null
&amp#27;[38;5;181m[e31f31a1]&amp#27;[0m&amp#27;[38;5;86m[HTTP]&amp#27;[0m &amp#27;[37m<-- POST /session/e31f31a1-1c8c-4efb-a229-fa38e6c78afe/element/00000000-0000-0763-ffff-ffff00000021/click &amp#27;[39m&amp#27;[32m200&amp#27;[39m &amp#27;[90m85 ms - 14&amp#27;[39m &amp#27;[90m&amp#27;[39m
&amp#27;[38;5;181m[e31f31a1]&amp#27;[0m&amp#27;[38;5;86m[HTTP]&amp#27;[0m &amp#27;[37m-->&amp#27;[39m &amp#27;[37mGET&amp#27;[39m &amp#27;[37m/session/e31f31a1-1c8c-4efb-a229-fa38e6c78afe/context&amp#27;[39m &amp#27;[90m{}&amp#27;[39m
&amp#27;[38;5;181m[e31f31a1]&amp#27;[0m&amp#27;[38;5;-12m[AndroidUiautomator2Driver@0450]&amp#27;[0m Calling AppiumDriver.getCurrentContext() with args: ["e31f31a1-1c8c-4efb-a229-fa38e6c78afe"]
&amp#27;[38;5;181m[e31f31a1]&amp#27;[0m&amp#27;[38;5;-12m[AndroidUiautomator2Driver@0450]&amp#27;[0m Responding to client with driver.getCurrentContext() result: "NATIVE_APP"
&amp#27;[38;5;181m[e31f31a1]&amp#27;[0m&amp#27;[38;5;86m[HTTP]&amp#27;[0m &amp#27;[37m<-- GET /session/e31f31a1-1c8c-4efb-a229-fa38e6c78afe/context &amp#27;[39m&amp#27;[32m200&amp#27;[39m &amp#27;[90m2 ms - 22&amp#27;[39m &amp#27;[90m&amp#27;[39m
&amp#27;[38;5;181m[e31f31a1]&amp#27;[0m&amp#27;[38;5;86m[HTTP]&amp#27;[0m &amp#27;[37m-->&amp#27;[39m &amp#27;[37mPOST&amp#27;[39m &amp#27;[37m/session/e31f31a1-1c8c-4efb-a229-fa38e6c78afe/element&amp#27;[39m &amp#27;[90m{"using":"xpath","value":"//android.widget.TextView[@text='Products']"}&amp#27;[39m
&amp#27;[38;5;181m[e31f31a1]&amp#27;[0m&amp#27;[38;5;-12m[AndroidUiautomator2Driver@0450]&amp#27;[0m Calling AppiumDriver.findElement() with args: ["xpath","//android.widget.TextView[@text='Products']","e31f31a1-1c8c-4efb-a229-fa38e6c78afe"]
&amp#27;[38;5;181m[e31f31a1]&amp#27;[0m&amp#27;[38;5;-12m[AndroidUiautomator2Driver@0450]&amp#27;[0m Valid locator strategies for this request: xpath, id, class name, accessibility id, css selector, -android uiautomator
&amp#27;[38;5;181m[e31f31a1]&amp#27;[0m&amp#27;[38;5;-12m[AndroidUiautomator2Driver@0450]&amp#27;[0m Waiting up to 0 ms for condition
&amp#27;[38;5;181m[e31f31a1]&amp#27;[0m&amp#27;[38;5;-12m[AndroidUiautomator2Driver@0450]&amp#27;[0m Matched '/element' to command name 'findElement'
&amp#27;[38;5;181m[e31f31a1]&amp#27;[0m&amp#27;[38;5;-12m[AndroidUiautomator2Driver@0450]&amp#27;[0m Proxying [POST /element] to [POST http://127.0.0.1:8201/session/2f847342-2091-4e28-89fe-634fe9acb151/element] with body: {"strategy":"xpath","selector":"//android.widget.TextView[@text='Products']","context":"","multiple":false}
&amp#27;[38;5;181m[e31f31a1]&amp#27;[0m&amp#27;[38;5;-12m[AndroidUiautomator2Driver@0450]&amp#27;[0m Got response with status 200: {"sessionId":"2f847342-2091-4e28-89fe-634fe9acb151","value":{"ELEMENT":"00000000-0000-0765-ffff-ffff00000040","element-6066-11e4-a52e-4f735466cecf":"00000000-0000-0765-ffff-ffff00000040"}}
&amp#27;[38;5;181m[e31f31a1]&amp#27;[0m&amp#27;[38;5;-12m[AndroidUiautomator2Driver@0450]&amp#27;[0m Responding to client with driver.findElement() result: {"element-6066-11e4-a52e-4f735466cecf":"00000000-0000-0765-ffff-ffff00000040","ELEMENT":"00000000-0000-0765-ffff-ffff00000040"}
&amp#27;[38;5;181m[e31f31a1]&amp#27;[0m&amp#27;[38;5;86m[HTTP]&amp#27;[0m &amp#27;[37m<-- POST /session/e31f31a1-1c8c-4efb-a229-fa38e6c78afe/element &amp#27;[39m&amp#27;[32m200&amp#27;[39m &amp#27;[90m2166 ms - 137&amp#27;[39m &amp#27;[90m&amp#27;[39m
&amp#27;[38;5;181m[e31f31a1]&amp#27;[0m&amp#27;[38;5;86m[HTTP]&amp#27;[0m &amp#27;[37m-->&amp#27;[39m &amp#27;[37mGET&amp#27;[39m &amp#27;[37m/session/e31f31a1-1c8c-4efb-a229-fa38e6c78afe/element/00000000-0000-0765-ffff-ffff00000040/displayed&amp#27;[39m &amp#27;[90m{}&amp#27;[39m
&amp#27;[38;5;181m[e31f31a1]&amp#27;[0m&amp#27;[38;5;-12m[AndroidUiautomator2Driver@0450]&amp#27;[0m Calling AppiumDriver.elementDisplayed() with args: ["00000000-0000-0765-ffff-ffff00000040","e31f31a1-1c8c-4efb-a229-fa38e6c78afe"]
&amp#27;[38;5;181m[e31f31a1]&amp#27;[0m&amp#27;[38;5;-12m[AndroidUiautomator2Driver@0450]&amp#27;[0m Matched '/element/00000000-0000-0765-ffff-ffff00000040/attribute/displayed' to command name 'getAttribute'
&amp#27;[38;5;181m[e31f31a1]&amp#27;[0m&amp#27;[38;5;-12m[AndroidUiautomator2Driver@0450]&amp#27;[0m Proxying [GET /element/00000000-0000-0765-ffff-ffff00000040/attribute/displayed] to [GET http://127.0.0.1:8201/session/2f847342-2091-4e28-89fe-634fe9acb151/element/00000000-0000-0765-ffff-ffff00000040/attribute/displayed] with no body
&amp#27;[38;5;181m[e31f31a1]&amp#27;[0m&amp#27;[38;5;-12m[AndroidUiautomator2Driver@0450]&amp#27;[0m Got response with status 200: {"sessionId":"2f847342-2091-4e28-89fe-634fe9acb151","value":"true"}
&amp#27;[38;5;181m[e31f31a1]&amp#27;[0m&amp#27;[38;5;-12m[AndroidUiautomator2Driver@0450]&amp#27;[0m Responding to client with driver.elementDisplayed() result: true
&amp#27;[38;5;181m[e31f31a1]&amp#27;[0m&amp#27;[38;5;86m[HTTP]&amp#27;[0m &amp#27;[37m<-- GET /session/e31f31a1-1c8c-4efb-a229-fa38e6c78afe/element/00000000-0000-0765-ffff-ffff00000040/displayed &amp#27;[39m&amp#27;[32m200&amp#27;[39m &amp#27;[90m21 ms - 14&amp#27;[39m &amp#27;[90m&amp#27;[39m
&amp#27;[38;5;181m[e31f31a1]&amp#27;[0m&amp#27;[38;5;86m[HTTP]&amp#27;[0m &amp#27;[37m-->&amp#27;[39m &amp#27;[37mGET&amp#27;[39m &amp#27;[37m/session/e31f31a1-1c8c-4efb-a229-fa38e6c78afe/context&amp#27;[39m &amp#27;[90m{}&amp#27;[39m
&amp#27;[38;5;181m[e31f31a1]&amp#27;[0m&amp#27;[38;5;-12m[AndroidUiautomator2Driver@0450]&amp#27;[0m Calling AppiumDriver.getCurrentContext() with args: ["e31f31a1-1c8c-4efb-a229-fa38e6c78afe"]
&amp#27;[38;5;181m[e31f31a1]&amp#27;[0m&amp#27;[38;5;-12m[AndroidUiautomator2Driver@0450]&amp#27;[0m Responding to client with driver.getCurrentContext() result: "NATIVE_APP"
&amp#27;[38;5;181m[e31f31a1]&amp#27;[0m&amp#27;[38;5;86m[HTTP]&amp#27;[0m &amp#27;[37m<-- GET /session/e31f31a1-1c8c-4efb-a229-fa38e6c78afe/context &amp#27;[39m&amp#27;[32m200&amp#27;[39m &amp#27;[90m1 ms - 22&amp#27;[39m &amp#27;[90m&amp#27;[39m
&amp#27;[38;5;181m[e31f31a1]&amp#27;[0m&amp#27;[38;5;86m[HTTP]&amp#27;[0m &amp#27;[37m-->&amp#27;[39m &amp#27;[37mPOST&amp#27;[39m &amp#27;[37m/session/e31f31a1-1c8c-4efb-a229-fa38e6c78afe/element&amp#27;[39m &amp#27;[90m{"using":"xpath","value":"//android.widget.TextView[@text='Products']"}&amp#27;[39m
&amp#27;[38;5;181m[e31f31a1]&amp#27;[0m&amp#27;[38;5;-12m[AndroidUiautomator2Driver@0450]&amp#27;[0m Calling AppiumDriver.findElement() with args: ["xpath","//android.widget.TextView[@text='Products']","e31f31a1-1c8c-4efb-a229-fa38e6c78afe"]
&amp#27;[38;5;181m[e31f31a1]&amp#27;[0m&amp#27;[38;5;-12m[AndroidUiautomator2Driver@0450]&amp#27;[0m Valid locator strategies for this request: xpath, id, class name, accessibility id, css selector, -android uiautomator
&amp#27;[38;5;181m[e31f31a1]&amp#27;[0m&amp#27;[38;5;-12m[AndroidUiautomator2Driver@0450]&amp#27;[0m Waiting up to 0 ms for condition
&amp#27;[38;5;181m[e31f31a1]&amp#27;[0m&amp#27;[38;5;-12m[AndroidUiautomator2Driver@0450]&amp#27;[0m Matched '/element' to command name 'findElement'
&amp#27;[38;5;181m[e31f31a1]&amp#27;[0m&amp#27;[38;5;-12m[AndroidUiautomator2Driver@0450]&amp#27;[0m Proxying [POST /element] to [POST http://127.0.0.1:8201/session/2f847342-2091-4e28-89fe-634fe9acb151/element] with body: {"strategy":"xpath","selector":"//android.widget.TextView[@text='Products']","context":"","multiple":false}
&amp#27;[38;5;181m[e31f31a1]&amp#27;[0m&amp#27;[38;5;-12m[AndroidUiautomator2Driver@0450]&amp#27;[0m Got response with status 200: {"sessionId":"2f847342-2091-4e28-89fe-634fe9acb151","value":{"ELEMENT":"00000000-0000-0765-ffff-ffff00000040","element-6066-11e4-a52e-4f735466cecf":"00000000-0000-0765-ffff-ffff00000040"}}
&amp#27;[38;5;181m[e31f31a1]&amp#27;[0m&amp#27;[38;5;-12m[AndroidUiautomator2Driver@0450]&amp#27;[0m Responding to client with driver.findElement() result: {"element-6066-11e4-a52e-4f735466cecf":"00000000-0000-0765-ffff-ffff00000040","ELEMENT":"00000000-0000-0765-ffff-ffff00000040"}
&amp#27;[38;5;181m[e31f31a1]&amp#27;[0m&amp#27;[38;5;86m[HTTP]&amp#27;[0m &amp#27;[37m<-- POST /session/e31f31a1-1c8c-4efb-a229-fa38e6c78afe/element &amp#27;[39m&amp#27;[32m200&amp#27;[39m &amp#27;[90m125 ms - 137&amp#27;[39m &amp#27;[90m&amp#27;[39m
&amp#27;[38;5;181m[e31f31a1]&amp#27;[0m&amp#27;[38;5;86m[HTTP]&amp#27;[0m &amp#27;[37m-->&amp#27;[39m &amp#27;[37mGET&amp#27;[39m &amp#27;[37m/session/e31f31a1-1c8c-4efb-a229-fa38e6c78afe/element/00000000-0000-0765-ffff-ffff00000040/text&amp#27;[39m &amp#27;[90m{}&amp#27;[39m
&amp#27;[38;5;181m[e31f31a1]&amp#27;[0m&amp#27;[38;5;-12m[AndroidUiautomator2Driver@0450]&amp#27;[0m Driver proxy active, passing request on via HTTP proxy
&amp#27;[38;5;181m[e31f31a1]&amp#27;[0m&amp#27;[38;5;-12m[AndroidUiautomator2Driver@0450]&amp#27;[0m Matched '/session/e31f31a1-1c8c-4efb-a229-fa38e6c78afe/element/00000000-0000-0765-ffff-ffff00000040/text' to command name 'getText'
&amp#27;[38;5;181m[e31f31a1]&amp#27;[0m&amp#27;[38;5;-12m[AndroidUiautomator2Driver@0450]&amp#27;[0m Proxying [GET /session/e31f31a1-1c8c-4efb-a229-fa38e6c78afe/element/00000000-0000-0765-ffff-ffff00000040/text] to [GET http://127.0.0.1:8201/session/2f847342-2091-4e28-89fe-634fe9acb151/element/00000000-0000-0765-ffff-ffff00000040/text] with no body
&amp#27;[38;5;181m[e31f31a1]&amp#27;[0m&amp#27;[38;5;-12m[AndroidUiautomator2Driver@0450]&amp#27;[0m Got response with status 200: {"sessionId":"2f847342-2091-4e28-89fe-634fe9acb151","value":"Products"}
&amp#27;[38;5;181m[e31f31a1]&amp#27;[0m&amp#27;[38;5;-12m[AndroidUiautomator2Driver@0450]&amp#27;[0m Replacing sessionId 2f847342-2091-4e28-89fe-634fe9acb151 with e31f31a1-1c8c-4efb-a229-fa38e6c78afe
&amp#27;[38;5;181m[e31f31a1]&amp#27;[0m&amp#27;[38;5;86m[HTTP]&amp#27;[0m &amp#27;[37m<-- GET /session/e31f31a1-1c8c-4efb-a229-fa38e6c78afe/element/00000000-0000-0765-ffff-ffff00000040/text &amp#27;[39m&amp#27;[32m200&amp#27;[39m &amp#27;[90m23 ms - 71&amp#27;[39m &amp#27;[90m&amp#27;[39m
Test Passed: isProductIconVisible
]]></system-out>
  </testcase>
  <testcase name="isProductNameVisible[{name=Raj, country=Austria, product=Converse All Star, genderFemale=Female, genderMale=Male}](1)" classname="testCases.ProductPageTest" time="14.959">
    <system-out><![CDATA[&amp#27;[38;5;181m[e31f31a1]&amp#27;[0m&amp#27;[38;5;86m[HTTP]&amp#27;[0m &amp#27;[37m-->&amp#27;[39m &amp#27;[37mDELETE&amp#27;[39m &amp#27;[37m/session/e31f31a1-1c8c-4efb-a229-fa38e6c78afe&amp#27;[39m &amp#27;[90m{}&amp#27;[39m
&amp#27;[38;5;181m[e31f31a1]&amp#27;[0m&amp#27;[38;5;-12m[AndroidUiautomator2Driver@0450]&amp#27;[0m Calling AppiumDriver.deleteSession() with args: ["e31f31a1-1c8c-4efb-a229-fa38e6c78afe"]
&amp#27;[38;5;181m[e31f31a1]&amp#27;[0m&amp#27;[38;5;131m[AppiumDriver@64fc]&amp#27;[0m Event 'quitSessionRequested' logged at 1744635162617 (18:22:42 GMT+0530 (India Standard Time))
&amp#27;[38;5;181m[e31f31a1]&amp#27;[0m&amp#27;[38;5;131m[AppiumDriver@64fc]&amp#27;[0m Removing session e31f31a1-1c8c-4efb-a229-fa38e6c78afe from our master session list
&amp#27;[38;5;181m[e31f31a1]&amp#27;[0m&amp#27;[38;5;-12m[AndroidUiautomator2Driver@0450]&amp#27;[0m Deleting UiAutomator2 session
&amp#27;[38;5;181m[e31f31a1]&amp#27;[0m&amp#27;[38;5;-12m[AndroidUiautomator2Driver@0450]&amp#27;[0m Deleting UiAutomator2 server session
&amp#27;[38;5;181m[e31f31a1]&amp#27;[0m&amp#27;[38;5;-12m[AndroidUiautomator2Driver@0450]&amp#27;[0m Matched '/' to command name 'deleteSession'
&amp#27;[38;5;181m[e31f31a1]&amp#27;[0m&amp#27;[38;5;-12m[AndroidUiautomator2Driver@0450]&amp#27;[0m Proxying [DELETE /] to [DELETE http://127.0.0.1:8201/session/2f847342-2091-4e28-89fe-634fe9acb151] with no body
&amp#27;[38;5;181m[e31f31a1]&amp#27;[0m&amp#27;[38;5;-12m[AndroidUiautomator2Driver@0450]&amp#27;[0m Got response with status 200: {"sessionId":"2f847342-2091-4e28-89fe-634fe9acb151","value":null}
&amp#27;[38;5;181m[e31f31a1]&amp#27;[0m&amp#27;[38;5;-12m[AndroidUiautomator2Driver@0450]&amp#27;[0m [Instrumentation] io.appium.uiautomator2.server.test.AppiumUiAutomator2Server:
&amp#27;[38;5;181m[e31f31a1]&amp#27;[0m&amp#27;[38;5;-12m[AndroidUiautomator2Driver@0450]&amp#27;[0m [Instrumentation] The process has exited with code null, signal SIGTERM
&amp#27;[38;5;181m[e31f31a1]&amp#27;[0m&amp#27;[38;5;229m[ADB]&amp#27;[0m Running 'C:\Users\User1\AppData\Local\Android\Sdk\platform-tools\adb.exe -P 5037 -s emulator-5554 shell dumpsys activity services io.appium.settings/.recorder.RecorderService'
&amp#27;[38;5;181m[e31f31a1]&amp#27;[0m&amp#27;[38;5;229m[ADB]&amp#27;[0m Running 'C:\Users\User1\AppData\Local\Android\Sdk\platform-tools\adb.exe -P 5037 -s emulator-5554 shell am force-stop com.androidsample.generalstore'
&amp#27;[38;5;181m[e31f31a1]&amp#27;[0m&amp#27;[38;5;229m[ADB]&amp#27;[0m Removing forwarded port socket connection: 8201 
&amp#27;[38;5;181m[e31f31a1]&amp#27;[0m&amp#27;[38;5;229m[ADB]&amp#27;[0m Running 'C:\Users\User1\AppData\Local\Android\Sdk\platform-tools\adb.exe -P 5037 -s emulator-5554 forward --remove tcp:8201'
&amp#27;[38;5;181m[e31f31a1]&amp#27;[0m&amp#27;[38;5;-12m[AndroidUiautomator2Driver@0450]&amp#27;[0m Restoring hidden api policy to the device default configuration
&amp#27;[38;5;181m[e31f31a1]&amp#27;[0m&amp#27;[38;5;229m[ADB]&amp#27;[0m Running 'C:\Users\User1\AppData\Local\Android\Sdk\platform-tools\adb.exe -P 5037 -s emulator-5554 shell 'settings delete global hidden_api_policy_pre_p_apps;settings delete global hidden_api_policy_p_apps;settings delete global hidden_api_policy''
&amp#27;[38;5;181m[e31f31a1]&amp#27;[0m&amp#27;[38;5;160m[Logcat]&amp#27;[0m Stopping logcat capture
&amp#27;[38;5;181m[e31f31a1]&amp#27;[0m&amp#27;[38;5;131m[AppiumDriver@64fc]&amp#27;[0m Event 'quitSessionFinished' logged at 1744635163316 (18:22:43 GMT+0530 (India Standard Time))
&amp#27;[38;5;181m[e31f31a1]&amp#27;[0m&amp#27;[38;5;131m[AppiumDriver@64fc]&amp#27;[0m Received response: null
&amp#27;[38;5;181m[e31f31a1]&amp#27;[0m&amp#27;[38;5;131m[AppiumDriver@64fc]&amp#27;[0m But deleting session, so not returning
&amp#27;[38;5;181m[e31f31a1]&amp#27;[0m&amp#27;[38;5;131m[AppiumDriver@64fc]&amp#27;[0m Responding to client with driver.deleteSession() result: null
&amp#27;[38;5;181m[e31f31a1]&amp#27;[0m&amp#27;[38;5;86m[HTTP]&amp#27;[0m &amp#27;[37m<-- DELETE /session/e31f31a1-1c8c-4efb-a229-fa38e6c78afe &amp#27;[39m&amp#27;[32m200&amp#27;[39m &amp#27;[90m702 ms - 14&amp#27;[39m &amp#27;[90m&amp#27;[39m
&amp#27;[38;5;112m[Appium]&amp#27;[0m Welcome to Appium v2.11.5
&amp#27;[38;5;112m[Appium]&amp#27;[0m The autodetected Appium home path: C:\Users\User1\.appium
&amp#27;[38;5;112m[Appium]&amp#27;[0m Attempting to load driver uiautomator2...
&amp#27;[38;5;112m[Appium]&amp#27;[0m Attempting to load driver xcuitest...
&amp#27;[38;5;112m[Appium]&amp#27;[0m Attempting to load driver espresso...
&amp#27;[38;5;112m[Appium]&amp#27;[0m Requiring driver at C:\Users\User1\.appium\node_modules\appium-uiautomator2-driver\build\index.js
&amp#27;[38;5;112m[Appium]&amp#27;[0m Requiring driver at C:\Users\User1\.appium\node_modules\appium-espresso-driver\build\index.js
&amp#27;[38;5;112m[Appium]&amp#27;[0m Requiring driver at C:\Users\User1\.appium\node_modules\appium-xcuitest-driver\build\index.js
&amp#27;[38;5;112m[Appium]&amp#27;[0m AndroidUiautomator2Driver has been successfully loaded in 3.020s
&amp#27;[38;5;112m[Appium]&amp#27;[0m EspressoDriver has been successfully loaded in 3.020s
&amp#27;[38;5;112m[Appium]&amp#27;[0m XCUITestDriver has been successfully loaded in 3.020s
&amp#27;[38;5;112m[Appium]&amp#27;[0m Attempting to load driver gecko...
&amp#27;[38;5;112m[Appium]&amp#27;[0m Requiring driver at C:\Users\User1\.appium\node_modules\appium-geckodriver\build\index.js
&amp#27;[38;5;112m[Appium]&amp#27;[0m GeckoDriver has been successfully loaded in 0.103s
&amp#27;[38;5;112m[Appium]&amp#27;[0m Appium REST http interface listener started on http://0.0.0.0:4723
&amp#27;[38;5;112m[Appium]&amp#27;[0m You can provide the following URLs in your client code to connect to this server:
	http://192.168.0.114:4723/
	http://127.0.0.1:4723/ (only accessible from the same host)
&amp#27;[38;5;112m[Appium]&amp#27;[0m Available drivers:
&amp#27;[38;5;112m[Appium]&amp#27;[0m   - uiautomator2@3.8.0 (automationName 'UiAutomator2')
&amp#27;[38;5;112m[Appium]&amp#27;[0m   - xcuitest@7.27.1 (automationName 'XCUITest')
&amp#27;[38;5;112m[Appium]&amp#27;[0m   - espresso@3.5.0 (automationName 'Espresso')
&amp#27;[38;5;112m[Appium]&amp#27;[0m   - gecko@1.4.0 (automationName 'Gecko')
&amp#27;[38;5;112m[Appium]&amp#27;[0m No plugins have been installed. Use the "appium plugin" command to install the one(s) you want to use.
&amp#27;[38;5;86m[HTTP]&amp#27;[0m &amp#27;[37m-->&amp#27;[39m &amp#27;[37mGET&amp#27;[39m &amp#27;[37m/status&amp#27;[39m &amp#27;[90m{}&amp#27;[39m
&amp#27;[38;5;157m[AppiumDriver@534c]&amp#27;[0m Calling AppiumDriver.getStatus() with args: []
&amp#27;[38;5;157m[AppiumDriver@534c]&amp#27;[0m Responding to client with driver.getStatus() result: {"ready":true,"message":"The server is ready to accept new connections","build":{"version":"2.11.5"}}
&amp#27;[38;5;86m[HTTP]&amp#27;[0m &amp#27;[37m<-- GET /status &amp#27;[39m&amp#27;[32m200&amp#27;[39m &amp#27;[90m6 ms - 111&amp#27;[39m &amp#27;[90m&amp#27;[39m
&amp#27;[38;5;86m[HTTP]&amp#27;[0m Request idempotency key: 7f058319-04ac-4f25-99a4-df5d981120af
&amp#27;[38;5;86m[HTTP]&amp#27;[0m &amp#27;[37m-->&amp#27;[39m &amp#27;[37mPOST&amp#27;[39m &amp#27;[37m/session&amp#27;[39m &amp#27;[90m{"capabilities":{"firstMatch":[{"appium:chromedriverExecutable":"C://Users//User1//Downloads//chromedriver-win64//chromedriver-win64//chromedriver.exe","appium:deviceName":"Rajemulator","platformName":"ANDROID","appium:automationName":"UIAutomator2","appium:app":"C:\\Users\\User1\\eclipse-workspace\\eCommerceFramework//src//main//resources//General-Store.apk"}]}}&amp#27;[39m
&amp#27;[38;5;157m[AppiumDriver@534c]&amp#27;[0m Calling AppiumDriver.createSession() with args: [null,null,{"firstMatch":[{"appium:chromedriverExecutable":"C://Users//User1//Downloads//chromedriver-win64//chromedriver-win64//chromedriver.exe","appium:deviceName":"Rajemulator","platformName":"ANDROID","appium:automationName":"UIAutomator2","appium:app":"C:\\Users\\User1\\eclipse-workspace\\eCommerceFramework//src//main//resources//General-Store.apk"}]}]
&amp#27;[38;5;157m[AppiumDriver@534c]&amp#27;[0m Event 'newSessionRequested' logged at 1744635168919 (18:22:48 GMT+0530 (India Standard Time))
&amp#27;[38;5;112m[Appium]&amp#27;[0m Attempting to find matching driver for automationName 'UIAutomator2' and platformName 'ANDROID'
&amp#27;[38;5;112m[Appium]&amp#27;[0m The 'uiautomator2' driver was installed and matched caps.
&amp#27;[38;5;112m[Appium]&amp#27;[0m Will require it at C:\Users\User1\.appium\node_modules\appium-uiautomator2-driver
&amp#27;[38;5;112m[Appium]&amp#27;[0m Requiring driver at C:\Users\User1\.appium\node_modules\appium-uiautomator2-driver\build\index.js
&amp#27;[38;5;157m[AppiumDriver@534c]&amp#27;[0m Appium v2.11.5 creating new AndroidUiautomator2Driver (v3.8.0) session
&amp#27;[38;5;157m[AppiumDriver@534c]&amp#27;[0m Checking BaseDriver versions for Appium and AndroidUiautomator2Driver
&amp#27;[38;5;157m[AppiumDriver@534c]&amp#27;[0m Appium's BaseDriver version is 9.11.5
&amp#27;[38;5;157m[AppiumDriver@534c]&amp#27;[0m AndroidUiautomator2Driver's BaseDriver version is 9.11.5
&amp#27;[38;5;7m[AndroidUiautomator2Driver@4e0c]&amp#27;[0m 
&amp#27;[38;5;7m[AndroidUiautomator2Driver@4e0c]&amp#27;[0m Creating session with W3C capabilities: {
  "alwaysMatch": {
    "platformName": "ANDROID",
    "appium:chromedriverExecutable": "C://Users//User1//Downloads//chromedriver-win64//chromedriver-win64//chromedriver.exe",
    "appium:deviceName": "Rajemulator",
    "appium:automationName": "UIAutomator2",
    "appium:app": "C:\\Users\\User1\\eclipse-workspace\\eCommerceFramework//src//main//resources//General-Store.apk"
  },
  "firstMatch": [
    {}
  ]
}
&amp#27;[38;5;152m[13de3729]&amp#27;[0m&amp#27;[38;5;7m[AndroidUiautomator2Driver@4e0c]&amp#27;[0m Session created with session id: 13de3729-c895-401b-be56-06b3506a84fa
&amp#27;[38;5;152m[13de3729]&amp#27;[0m&amp#27;[38;5;229m[ADB]&amp#27;[0m Found 3 'build-tools' folders under 'C:\Users\User1\AppData\Local\Android\Sdk' (newest first):
&amp#27;[38;5;152m[13de3729]&amp#27;[0m&amp#27;[38;5;229m[ADB]&amp#27;[0m     C:\Users\User1\AppData\Local\Android\Sdk\build-tools\36.0.0-rc1
&amp#27;[38;5;152m[13de3729]&amp#27;[0m&amp#27;[38;5;229m[ADB]&amp#27;[0m     C:\Users\User1\AppData\Local\Android\Sdk\build-tools\35.0.0
&amp#27;[38;5;152m[13de3729]&amp#27;[0m&amp#27;[38;5;229m[ADB]&amp#27;[0m     C:\Users\User1\AppData\Local\Android\Sdk\build-tools\34.0.0
&amp#27;[38;5;152m[13de3729]&amp#27;[0m&amp#27;[38;5;229m[ADB]&amp#27;[0m Using 'adb.exe' from 'C:\Users\User1\AppData\Local\Android\Sdk\platform-tools\adb.exe'
&amp#27;[38;5;152m[13de3729]&amp#27;[0m&amp#27;[38;5;229m[ADB]&amp#27;[0m Running 'C:\Users\User1\AppData\Local\Android\Sdk\platform-tools\adb.exe -P 5037 start-server'
&amp#27;[38;5;152m[13de3729]&amp#27;[0m&amp#27;[38;5;7m[AndroidUiautomator2Driver@4e0c]&amp#27;[0m Retrieving device list
&amp#27;[38;5;152m[13de3729]&amp#27;[0m&amp#27;[38;5;229m[ADB]&amp#27;[0m Trying to find connected Android devices
&amp#27;[38;5;152m[13de3729]&amp#27;[0m&amp#27;[38;5;229m[ADB]&amp#27;[0m Getting connected devices
&amp#27;[38;5;152m[13de3729]&amp#27;[0m&amp#27;[38;5;229m[ADB]&amp#27;[0m Connected devices: [{"udid":"emulator-5554","state":"device"}]
&amp#27;[38;5;152m[13de3729]&amp#27;[0m&amp#27;[38;5;7m[AndroidUiautomator2Driver@4e0c]&amp#27;[0m Using device: emulator-5554
&amp#27;[38;5;152m[13de3729]&amp#27;[0m&amp#27;[38;5;229m[ADB]&amp#27;[0m Using 'adb.exe' from 'C:\Users\User1\AppData\Local\Android\Sdk\platform-tools\adb.exe'
&amp#27;[38;5;152m[13de3729]&amp#27;[0m&amp#27;[38;5;229m[ADB]&amp#27;[0m Running 'C:\Users\User1\AppData\Local\Android\Sdk\platform-tools\adb.exe -P 5037 start-server'
&amp#27;[38;5;152m[13de3729]&amp#27;[0m&amp#27;[38;5;229m[ADB]&amp#27;[0m Setting device id to emulator-5554
&amp#27;[38;5;152m[13de3729]&amp#27;[0m&amp#27;[38;5;123m[BaseDriver]&amp#27;[0m Using local app 'C:\Users\User1\eclipse-workspace\eCommerceFramework//src//main//resources//General-Store.apk'
&amp#27;[38;5;152m[13de3729]&amp#27;[0m&amp#27;[38;5;7m[AndroidUiautomator2Driver@4e0c]&amp#27;[0m Checking whether app is actually present
&amp#27;[38;5;152m[13de3729]&amp#27;[0m&amp#27;[38;5;229m[ADB]&amp#27;[0m Running 'C:\Users\User1\AppData\Local\Android\Sdk\platform-tools\adb.exe -P 5037 -s emulator-5554 shell getprop ro.build.version.sdk'
&amp#27;[38;5;152m[13de3729]&amp#27;[0m&amp#27;[38;5;229m[ADB]&amp#27;[0m Current device property 'ro.build.version.sdk': 35
&amp#27;[38;5;152m[13de3729]&amp#27;[0m&amp#27;[38;5;229m[ADB]&amp#27;[0m Getting device platform version
&amp#27;[38;5;152m[13de3729]&amp#27;[0m&amp#27;[38;5;229m[ADB]&amp#27;[0m Running 'C:\Users\User1\AppData\Local\Android\Sdk\platform-tools\adb.exe -P 5037 -s emulator-5554 shell getprop ro.build.version.release'
&amp#27;[38;5;152m[13de3729]&amp#27;[0m&amp#27;[38;5;229m[ADB]&amp#27;[0m Current device property 'ro.build.version.release': 15
&amp#27;[38;5;152m[13de3729]&amp#27;[0m&amp#27;[38;5;229m[ADB]&amp#27;[0m Device API level: 35
&amp#27;[38;5;152m[13de3729]&amp#27;[0m&amp#27;[38;5;7m[AndroidUiautomator2Driver@4e0c]&amp#27;[0m Relaxing hidden api policy
&amp#27;[38;5;152m[13de3729]&amp#27;[0m&amp#27;[38;5;229m[ADB]&amp#27;[0m Running 'C:\Users\User1\AppData\Local\Android\Sdk\platform-tools\adb.exe -P 5037 -s emulator-5554 shell 'settings put global hidden_api_policy_pre_p_apps 1;settings put global hidden_api_policy_p_apps 1;settings put global hidden_api_policy 1''
&amp#27;[38;5;152m[13de3729]&amp#27;[0m&amp#27;[38;5;7m[AndroidUiautomator2Driver@4e0c]&amp#27;[0m Parsing package and activity from app manifest
&amp#27;[38;5;152m[13de3729]&amp#27;[0m&amp#27;[38;5;229m[ADB]&amp#27;[0m Running 'C:\Users\User1\AppData\Local\Android\Sdk\platform-tools\adb.exe -P 5037 -s emulator-5554 wait-for-device'
&amp#27;[38;5;152m[13de3729]&amp#27;[0m&amp#27;[38;5;229m[ADB]&amp#27;[0m Using 'aapt2.exe' from 'C:\Users\User1\AppData\Local\Android\Sdk\build-tools\36.0.0-rc1\aapt2.exe'
&amp#27;[38;5;152m[13de3729]&amp#27;[0m&amp#27;[38;5;229m[ADB]&amp#27;[0m Reading package manifest: 'C:\\Users\\User1\\AppData\\Local\\Android\\Sdk\\build-tools\\36.0.0-rc1\\aapt2.exe dump badging C:\\Users\\User1\\eclipse-workspace\\eCommerceFramework//src//main//resources//General-Store.apk'
&amp#27;[38;5;152m[13de3729]&amp#27;[0m&amp#27;[38;5;229m[ADB]&amp#27;[0m Running 'C:\Users\User1\AppData\Local\Android\Sdk\platform-tools\adb.exe -P 5037 -s emulator-5554 shell echo ping'
&amp#27;[38;5;152m[13de3729]&amp#27;[0m&amp#27;[38;5;229m[ADB]&amp#27;[0m Package name: 'com.androidsample.generalstore'
&amp#27;[38;5;152m[13de3729]&amp#27;[0m&amp#27;[38;5;229m[ADB]&amp#27;[0m Main activity name: 'com.androidsample.generalstore.SplashActivity'
&amp#27;[38;5;152m[13de3729]&amp#27;[0m&amp#27;[38;5;7m[AndroidUiautomator2Driver@4e0c]&amp#27;[0m Parsed package and activity are: com.androidsample.generalstore/com.androidsample.generalstore.SplashActivity
&amp#27;[38;5;152m[13de3729]&amp#27;[0m&amp#27;[38;5;7m[AndroidUiautomator2Driver@4e0c]&amp#27;[0m Pushing settings apk to the device...
&amp#27;[38;5;152m[13de3729]&amp#27;[0m&amp#27;[38;5;229m[ADB]&amp#27;[0m Getting package info for 'io.appium.settings'
&amp#27;[38;5;152m[13de3729]&amp#27;[0m&amp#27;[38;5;229m[ADB]&amp#27;[0m Running 'C:\Users\User1\AppData\Local\Android\Sdk\platform-tools\adb.exe -P 5037 -s emulator-5554 shell dumpsys package io.appium.settings'
&amp#27;[38;5;152m[13de3729]&amp#27;[0m&amp#27;[38;5;229m[ADB]&amp#27;[0m Reading package manifest: 'C:\\Users\\User1\\AppData\\Local\\Android\\Sdk\\build-tools\\36.0.0-rc1\\aapt2.exe dump badging C:\\Users\\User1\\.appium\\node_modules\\appium-uiautomator2-driver\\node_modules\\io.appium.settings\\apks\\settings_apk-debug.apk'
&amp#27;[38;5;152m[13de3729]&amp#27;[0m&amp#27;[38;5;229m[ADB]&amp#27;[0m The version name of the installed 'io.appium.settings' is greater or equal to the application version name ('5.12.13' >= '5.12.13')
&amp#27;[38;5;152m[13de3729]&amp#27;[0m&amp#27;[38;5;229m[ADB]&amp#27;[0m There is no need to install/upgrade 'C:\Users\User1\.appium\node_modules\appium-uiautomator2-driver\node_modules\io.appium.settings\apks\settings_apk-debug.apk'
&amp#27;[38;5;152m[13de3729]&amp#27;[0m&amp#27;[38;5;229m[ADB]&amp#27;[0m Running 'C:\Users\User1\AppData\Local\Android\Sdk\platform-tools\adb.exe -P 5037 -s emulator-5554 shell dumpsys activity services io.appium.settings'
&amp#27;[38;5;152m[13de3729]&amp#27;[0m&amp#27;[38;5;7m[AndroidUiautomator2Driver@4e0c]&amp#27;[0m io.appium.settings is already running. There is no need to reset its permissions.
&amp#27;[38;5;152m[13de3729]&amp#27;[0m&amp#27;[38;5;160m[Logcat]&amp#27;[0m Starting logs capture with command: C:\\Users\\User1\\AppData\\Local\\Android\\Sdk\\platform-tools\\adb.exe -P 5037 -s emulator-5554 logcat -v threadtime
&amp#27;[38;5;152m[13de3729]&amp#27;[0m&amp#27;[38;5;7m[AndroidUiautomator2Driver@4e0c]&amp#27;[0m Forwarding UiAutomator2 Server port 6790 to local port 8201
&amp#27;[38;5;152m[13de3729]&amp#27;[0m&amp#27;[38;5;229m[ADB]&amp#27;[0m Forwarding system: 8201 to device: 6790
&amp#27;[38;5;152m[13de3729]&amp#27;[0m&amp#27;[38;5;229m[ADB]&amp#27;[0m Running 'C:\Users\User1\AppData\Local\Android\Sdk\platform-tools\adb.exe -P 5037 -s emulator-5554 forward tcp:8201 tcp:6790'
&amp#27;[38;5;152m[13de3729]&amp#27;[0m&amp#27;[38;5;229m[ADB]&amp#27;[0m Getting package info for 'io.appium.uiautomator2.server'
&amp#27;[38;5;152m[13de3729]&amp#27;[0m&amp#27;[38;5;229m[ADB]&amp#27;[0m Running 'C:\Users\User1\AppData\Local\Android\Sdk\platform-tools\adb.exe -P 5037 -s emulator-5554 shell dumpsys package io.appium.uiautomator2.server'
&amp#27;[38;5;152m[13de3729]&amp#27;[0m&amp#27;[38;5;229m[ADB]&amp#27;[0m Getting install status for io.appium.uiautomator2.server.test
&amp#27;[38;5;152m[13de3729]&amp#27;[0m&amp#27;[38;5;229m[ADB]&amp#27;[0m Checking app cert for C:\Users\User1\eclipse-workspace\eCommerceFramework//src//main//resources//General-Store.apk
&amp#27;[38;5;152m[13de3729]&amp#27;[0m&amp#27;[38;5;229m[ADB]&amp#27;[0m Running 'C:\Users\User1\AppData\Local\Android\Sdk\platform-tools\adb.exe -P 5037 -s emulator-5554 shell cmd package list packages'
&amp#27;[38;5;152m[13de3729]&amp#27;[0m&amp#27;[38;5;229m[ADB]&amp#27;[0m Using 'apksigner.jar' from 'C:\Users\User1\AppData\Local\Android\Sdk\build-tools\36.0.0-rc1\lib\apksigner.jar'
&amp#27;[38;5;152m[13de3729]&amp#27;[0m&amp#27;[38;5;229m[ADB]&amp#27;[0m Starting apksigner: 'C:\\Program Files\\Java\\jdk-22\\bin\\java.exe' -Xmx1024M -Xss1m -jar C:\\Users\\User1\\AppData\\Local\\Android\\Sdk\\build-tools\\36.0.0-rc1\\lib\\apksigner.jar verify --print-certs C:\\Users\\User1\\eclipse-workspace\\eCommerceFramework//src//main//resources//General-Store.apk
&amp#27;[38;5;152m[13de3729]&amp#27;[0m&amp#27;[38;5;229m[ADB]&amp#27;[0m Reading package manifest: 'C:\\Users\\User1\\AppData\\Local\\Android\\Sdk\\build-tools\\36.0.0-rc1\\aapt2.exe dump badging C:\\Users\\User1\\.appium\\node_modules\\appium-uiautomator2-driver\\node_modules\\appium-uiautomator2-server\\apks\\appium-uiautomator2-server-v7.0.25.apk'
&amp#27;[38;5;152m[13de3729]&amp#27;[0m&amp#27;[38;5;229m[ADB]&amp#27;[0m 'io.appium.uiautomator2.server.test' is installed
&amp#27;[38;5;152m[13de3729]&amp#27;[0m&amp#27;[38;5;229m[ADB]&amp#27;[0m The version name of the installed 'io.appium.uiautomator2.server' is greater or equal to the application version name ('7.0.25' >= '7.0.25')
&amp#27;[38;5;152m[13de3729]&amp#27;[0m&amp#27;[38;5;7m[AndroidUiautomator2Driver@4e0c]&amp#27;[0m Server packages status: [{"installState":"sameVersionInstalled","appPath":"C:\\Users\\User1\\.appium\\node_modules\\appium-uiautomator2-driver\\node_modules\\appium-uiautomator2-server\\apks\\appium-uiautomator2-server-v7.0.25.apk","appId":"io.appium.uiautomator2.server"},{"installState":"sameVersionInstalled","appPath":"C:\\Users\\User1\\.appium\\node_modules\\appium-uiautomator2-driver\\node_modules\\appium-uiautomator2-server\\apks\\appium-uiautomator2-server-debug-androidTest.apk","appId":"io.appium.uiautomator2.server.test"}]
&amp#27;[38;5;152m[13de3729]&amp#27;[0m&amp#27;[38;5;7m[AndroidUiautomator2Driver@4e0c]&amp#27;[0m Server packages are not going to be (re)installed
&amp#27;[38;5;152m[13de3729]&amp#27;[0m&amp#27;[38;5;7m[AndroidUiautomator2Driver@4e0c]&amp#27;[0m Waiting up to 30000ms for services to be available
&amp#27;[38;5;152m[13de3729]&amp#27;[0m&amp#27;[38;5;229m[ADB]&amp#27;[0m Running 'C:\Users\User1\AppData\Local\Android\Sdk\platform-tools\adb.exe -P 5037 -s emulator-5554 shell pm list instrumentation'
&amp#27;[38;5;152m[13de3729]&amp#27;[0m&amp#27;[38;5;7m[AndroidUiautomator2Driver@4e0c]&amp#27;[0m Instrumentation target 'io.appium.uiautomator2.server.test/androidx.test.runner.AndroidJUnitRunner' is available
&amp#27;[38;5;152m[13de3729]&amp#27;[0m&amp#27;[38;5;229m[ADB]&amp#27;[0m Adding packages ["io.appium.settings","io.appium.uiautomator2.server","io.appium.uiautomator2.server.test"] to Doze whitelist
&amp#27;[38;5;152m[13de3729]&amp#27;[0m&amp#27;[38;5;229m[ADB]&amp#27;[0m Got the following command chunks to execute: [["dumpsys","deviceidle","whitelist","+io.appium.settings",";","dumpsys","deviceidle","whitelist","+io.appium.uiautomator2.server",";","dumpsys","deviceidle","whitelist","+io.appium.uiautomator2.server.test",";"]]
&amp#27;[38;5;152m[13de3729]&amp#27;[0m&amp#27;[38;5;229m[ADB]&amp#27;[0m Running 'C:\Users\User1\AppData\Local\Android\Sdk\platform-tools\adb.exe -P 5037 -s emulator-5554 shell dumpsys deviceidle whitelist +io.appium.settings ; dumpsys deviceidle whitelist +io.appium.uiautomator2.server ; dumpsys deviceidle whitelist +io.appium.uiautomator2.server.test ;'
&amp#27;[38;5;152m[13de3729]&amp#27;[0m&amp#27;[38;5;229m[ADB]&amp#27;[0m apksigner stdout: Signer #1 certificate DN: C=US, O=Android, CN=Android Debug
Signer #1 certificate SHA-256 digest: f5f5931c019be6bff8a26255f76ae9ef8a8e631d2a702ec10e91110231549eef
Signer #1 certificate SHA-1 digest: b250161db8b5d0a1bd39154c9fd749bdad79c1a3
Signer #1 certificate MD5 digest: 7a5550323d84472ca25a0861c63e0a6c

&amp#27;[38;5;152m[13de3729]&amp#27;[0m&amp#27;[38;5;229m[ADB]&amp#27;[0m 'C:\Users\User1\eclipse-workspace\eCommerceFramework//src//main//resources//General-Store.apk' is signed with a non-default certificate
&amp#27;[38;5;152m[13de3729]&amp#27;[0m&amp#27;[38;5;229m[ADB]&amp#27;[0m Getting package info for 'com.androidsample.generalstore'
&amp#27;[38;5;152m[13de3729]&amp#27;[0m&amp#27;[38;5;229m[ADB]&amp#27;[0m Running 'C:\Users\User1\AppData\Local\Android\Sdk\platform-tools\adb.exe -P 5037 -s emulator-5554 shell dumpsys package com.androidsample.generalstore'
&amp#27;[38;5;152m[13de3729]&amp#27;[0m&amp#27;[38;5;229m[ADB]&amp#27;[0m Reading package manifest: 'C:\\Users\\User1\\AppData\\Local\\Android\\Sdk\\build-tools\\36.0.0-rc1\\aapt2.exe dump badging C:\\Users\\User1\\eclipse-workspace\\eCommerceFramework//src//main//resources//General-Store.apk'
&amp#27;[38;5;152m[13de3729]&amp#27;[0m&amp#27;[38;5;229m[ADB]&amp#27;[0m The version name of the installed 'com.androidsample.generalstore' is greater or equal to the application version name ('1.0.0' >= '1.0.0')
&amp#27;[38;5;152m[13de3729]&amp#27;[0m&amp#27;[38;5;229m[ADB]&amp#27;[0m There is no need to install/upgrade 'C:\Users\User1\eclipse-workspace\eCommerceFramework//src//main//resources//General-Store.apk'
&amp#27;[38;5;152m[13de3729]&amp#27;[0m&amp#27;[38;5;7m[AndroidUiautomator2Driver@4e0c]&amp#27;[0m Performing fast reset on 'com.androidsample.generalstore'
&amp#27;[38;5;152m[13de3729]&amp#27;[0m&amp#27;[38;5;229m[ADB]&amp#27;[0m Getting install status for com.androidsample.generalstore
&amp#27;[38;5;152m[13de3729]&amp#27;[0m&amp#27;[38;5;229m[ADB]&amp#27;[0m Running 'C:\Users\User1\AppData\Local\Android\Sdk\platform-tools\adb.exe -P 5037 -s emulator-5554 shell cmd package list packages'
&amp#27;[38;5;152m[13de3729]&amp#27;[0m&amp#27;[38;5;229m[ADB]&amp#27;[0m 'com.androidsample.generalstore' is installed
&amp#27;[38;5;152m[13de3729]&amp#27;[0m&amp#27;[38;5;229m[ADB]&amp#27;[0m Running 'C:\Users\User1\AppData\Local\Android\Sdk\platform-tools\adb.exe -P 5037 -s emulator-5554 shell am force-stop com.androidsample.generalstore'
&amp#27;[38;5;152m[13de3729]&amp#27;[0m&amp#27;[38;5;229m[ADB]&amp#27;[0m Running 'C:\Users\User1\AppData\Local\Android\Sdk\platform-tools\adb.exe -P 5037 -s emulator-5554 shell pm clear com.androidsample.generalstore'
&amp#27;[38;5;152m[13de3729]&amp#27;[0m&amp#27;[38;5;7m[AndroidUiautomator2Driver@4e0c]&amp#27;[0m Performed fast reset on the installed 'com.androidsample.generalstore' application (stop and clear)
&amp#27;[38;5;152m[13de3729]&amp#27;[0m&amp#27;[38;5;7m[AndroidUiautomator2Driver@4e0c]&amp#27;[0m Performing shallow cleanup of automation leftovers
&amp#27;[38;5;152m[13de3729]&amp#27;[0m&amp#27;[38;5;7m[AndroidUiautomator2Driver@4e0c]&amp#27;[0m No obsolete sessions have been detected (socket hang up)
&amp#27;[38;5;152m[13de3729]&amp#27;[0m&amp#27;[38;5;229m[ADB]&amp#27;[0m Running 'C:\Users\User1\AppData\Local\Android\Sdk\platform-tools\adb.exe -P 5037 -s emulator-5554 shell am force-stop io.appium.uiautomator2.server'
&amp#27;[38;5;152m[13de3729]&amp#27;[0m&amp#27;[38;5;229m[ADB]&amp#27;[0m Running 'C:\Users\User1\AppData\Local\Android\Sdk\platform-tools\adb.exe -P 5037 -s emulator-5554 shell am force-stop io.appium.uiautomator2.server.test'
&amp#27;[38;5;152m[13de3729]&amp#27;[0m&amp#27;[38;5;7m[AndroidUiautomator2Driver@4e0c]&amp#27;[0m Starting UIAutomator2 server 7.0.25
&amp#27;[38;5;152m[13de3729]&amp#27;[0m&amp#27;[38;5;7m[AndroidUiautomator2Driver@4e0c]&amp#27;[0m Using UIAutomator2 server from 'C:\Users\User1\.appium\node_modules\appium-uiautomator2-driver\node_modules\appium-uiautomator2-server\apks\appium-uiautomator2-server-v7.0.25.apk' and test from 'C:\Users\User1\.appium\node_modules\appium-uiautomator2-driver\node_modules\appium-uiautomator2-server\apks\appium-uiautomator2-server-debug-androidTest.apk'
&amp#27;[38;5;152m[13de3729]&amp#27;[0m&amp#27;[38;5;7m[AndroidUiautomator2Driver@4e0c]&amp#27;[0m Waiting up to 30000ms for UiAutomator2 to be online...
&amp#27;[38;5;152m[13de3729]&amp#27;[0m&amp#27;[38;5;229m[ADB]&amp#27;[0m Creating ADB subprocess with args: ["-P","5037","-s","emulator-5554","shell","am","instrument","-w","-e","disableAnalytics","true","io.appium.uiautomator2.server.test/androidx.test.runner.AndroidJUnitRunner"]
&amp#27;[38;5;152m[13de3729]&amp#27;[0m&amp#27;[38;5;7m[AndroidUiautomator2Driver@4e0c]&amp#27;[0m Matched '/status' to command name 'getStatus'
&amp#27;[38;5;152m[13de3729]&amp#27;[0m&amp#27;[38;5;7m[AndroidUiautomator2Driver@4e0c]&amp#27;[0m Proxying [GET /status] to [GET http://127.0.0.1:8201/status] with no body
&amp#27;[38;5;152m[13de3729]&amp#27;[0m&amp#27;[38;5;7m[AndroidUiautomator2Driver@4e0c]&amp#27;[0m socket hang up
&amp#27;[38;5;152m[13de3729]&amp#27;[0m&amp#27;[38;5;7m[AndroidUiautomator2Driver@4e0c]&amp#27;[0m Matched '/status' to command name 'getStatus'
&amp#27;[38;5;152m[13de3729]&amp#27;[0m&amp#27;[38;5;7m[AndroidUiautomator2Driver@4e0c]&amp#27;[0m Proxying [GET /status] to [GET http://127.0.0.1:8201/status] with no body
&amp#27;[38;5;152m[13de3729]&amp#27;[0m&amp#27;[38;5;7m[AndroidUiautomator2Driver@4e0c]&amp#27;[0m socket hang up
&amp#27;[38;5;152m[13de3729]&amp#27;[0m&amp#27;[38;5;7m[AndroidUiautomator2Driver@4e0c]&amp#27;[0m [Instrumentation] 
&amp#27;[38;5;152m[13de3729]&amp#27;[0m&amp#27;[38;5;7m[AndroidUiautomator2Driver@4e0c]&amp#27;[0m Matched '/status' to command name 'getStatus'
&amp#27;[38;5;152m[13de3729]&amp#27;[0m&amp#27;[38;5;7m[AndroidUiautomator2Driver@4e0c]&amp#27;[0m Proxying [GET /status] to [GET http://127.0.0.1:8201/status] with no body
&amp#27;[38;5;152m[13de3729]&amp#27;[0m&amp#27;[38;5;7m[AndroidUiautomator2Driver@4e0c]&amp#27;[0m socket hang up
&amp#27;[38;5;152m[13de3729]&amp#27;[0m&amp#27;[38;5;7m[AndroidUiautomator2Driver@4e0c]&amp#27;[0m Matched '/status' to command name 'getStatus'
&amp#27;[38;5;152m[13de3729]&amp#27;[0m&amp#27;[38;5;7m[AndroidUiautomator2Driver@4e0c]&amp#27;[0m Proxying [GET /status] to [GET http://127.0.0.1:8201/status] with no body
&amp#27;[38;5;152m[13de3729]&amp#27;[0m&amp#27;[38;5;7m[AndroidUiautomator2Driver@4e0c]&amp#27;[0m socket hang up
&amp#27;[38;5;152m[13de3729]&amp#27;[0m&amp#27;[38;5;7m[AndroidUiautomator2Driver@4e0c]&amp#27;[0m Matched '/status' to command name 'getStatus'
&amp#27;[38;5;152m[13de3729]&amp#27;[0m&amp#27;[38;5;7m[AndroidUiautomator2Driver@4e0c]&amp#27;[0m Proxying [GET /status] to [GET http://127.0.0.1:8201/status] with no body
&amp#27;[38;5;152m[13de3729]&amp#27;[0m&amp#27;[38;5;7m[AndroidUiautomator2Driver@4e0c]&amp#27;[0m Got response with status 200: {"sessionId":"None","value":{"message":"UiAutomator2 Server is ready to accept commands","ready":true}}
&amp#27;[38;5;152m[13de3729]&amp#27;[0m&amp#27;[38;5;7m[AndroidUiautomator2Driver@4e0c]&amp#27;[0m The initialization of the instrumentation process took 4356ms
&amp#27;[38;5;152m[13de3729]&amp#27;[0m&amp#27;[38;5;7m[AndroidUiautomator2Driver@4e0c]&amp#27;[0m Matched '/session' to command name 'createSession'
&amp#27;[38;5;152m[13de3729]&amp#27;[0m&amp#27;[38;5;7m[AndroidUiautomator2Driver@4e0c]&amp#27;[0m Proxying [POST /session] to [POST http://127.0.0.1:8201/session] with body: {"capabilities":{"firstMatch":[{"platformName":"ANDROID","chromedriverExecutable":"C://Users//User1//Downloads//chromedriver-win64//chromedriver-win64//chromedriver.exe","deviceName":"emulator-5554","automationName":"UIAutomator2","app":"C:\\Users\\User1\\eclipse-workspace\\eCommerceFramework//src//main//resources//General-Store.apk","platform":"LINUX","webStorageEnabled":false,"takesScreenshot":true,"javascriptEnabled":true,"databaseEnabled":false,"networkConnectionEnabled":true,"locationContextEnabled":false,"warnings":{},"desired":{"platformName":"ANDROID","chromedriverExecutable":"C://Users//User1//Downloads//chromedriver-win64//chromedriver-win64//chromedriver.exe","deviceName":"Rajemulator","automationName":"UIAutomator2","app":"C:\\Users\\User1\\eclipse-workspace\\eCommerceFramework//src//main//resources//General-Store.apk"},"deviceUDID":"emulator-5554","appPackage":"com.androidsample.generalstore"}],"alwaysMatch":{}}}
&amp#27;[38;5;152m[13de3729]&amp#27;[0m&amp#27;[38;5;7m[AndroidUiautomator2Driver@4e0c]&amp#27;[0m Got response with status 200: {"sessionId":"653bb3e6-547a-4487-bbe4-913d38674b2d","value":{"capabilities":{"firstMatch":[{"platformName":"ANDROID","chromedriverExecutable":"C://Users//User1//Downloads//chromedriver-win64//chromedriver-win64//chromedriver.exe","deviceName":"emulator-5554","automationName":"UIAutomator2","app":"C:\\Users\\User1\\eclipse-workspace\\eCommerceFramework//src//main//resources//General-Store.apk","platform":"LINUX","webStorageEnabled":false,"takesScreenshot":true,"javascriptEnabled":true,"databaseEnabled":false,"networkConnectionEnabled":true,"locationContextEnabled":false,"warnings":{},"desired":{"platformName":"ANDROID","chromedriverExecutable":"C://Users//User1//Downloads//chromedriver-win64//chromedriver-win64//chromedriver.exe","deviceName":"Rajemulator","automationName":"UIAutomator2","app":"C:\\Users\\User1\\eclipse-workspace\\eCommerceFramework//src//main//resources//General-Store.apk"},"deviceUDID":"emulator-5554","appPackage":"com.androidsample.generalstore"}],"alwaysMatch":{}},"sessionId":"653bb3e6-...
&amp#27;[38;5;152m[13de3729]&amp#27;[0m&amp#27;[38;5;7m[AndroidUiautomator2Driver@4e0c]&amp#27;[0m Determined the downstream protocol as 'W3C'
&amp#27;[38;5;152m[13de3729]&amp#27;[0m&amp#27;[38;5;7m[AndroidUiautomator2Driver@4e0c]&amp#27;[0m Proxying [GET /appium/device/pixel_ratio] to [GET http://127.0.0.1:8201/session/653bb3e6-547a-4487-bbe4-913d38674b2d/appium/device/pixel_ratio] with no body
&amp#27;[38;5;152m[13de3729]&amp#27;[0m&amp#27;[38;5;7m[AndroidUiautomator2Driver@4e0c]&amp#27;[0m Matched '/appium/device/system_bars' to command name 'getSystemBars'
&amp#27;[38;5;152m[13de3729]&amp#27;[0m&amp#27;[38;5;7m[AndroidUiautomator2Driver@4e0c]&amp#27;[0m Proxying [GET /appium/device/system_bars] to [GET http://127.0.0.1:8201/session/653bb3e6-547a-4487-bbe4-913d38674b2d/appium/device/system_bars] with no body
&amp#27;[38;5;152m[13de3729]&amp#27;[0m&amp#27;[38;5;7m[AndroidUiautomator2Driver@4e0c]&amp#27;[0m Matched '/window/current/size' to command name 'getWindowSize'
&amp#27;[38;5;152m[13de3729]&amp#27;[0m&amp#27;[38;5;7m[AndroidUiautomator2Driver@4e0c]&amp#27;[0m Proxying [GET /window/current/size] to [GET http://127.0.0.1:8201/session/653bb3e6-547a-4487-bbe4-913d38674b2d/window/current/size] with no body
&amp#27;[38;5;152m[13de3729]&amp#27;[0m&amp#27;[38;5;7m[AndroidUiautomator2Driver@4e0c]&amp#27;[0m Proxying [GET /appium/device/info] to [GET http://127.0.0.1:8201/session/653bb3e6-547a-4487-bbe4-913d38674b2d/appium/device/info] with no body
&amp#27;[38;5;152m[13de3729]&amp#27;[0m&amp#27;[38;5;229m[ADB]&amp#27;[0m Running 'C:\Users\User1\AppData\Local\Android\Sdk\platform-tools\adb.exe -P 5037 -s emulator-5554 shell dumpsys window'
&amp#27;[38;5;152m[13de3729]&amp#27;[0m&amp#27;[38;5;229m[ADB]&amp#27;[0m Running 'C:\Users\User1\AppData\Local\Android\Sdk\platform-tools\adb.exe -P 5037 -s emulator-5554 shell dumpsys power'
&amp#27;[38;5;152m[13de3729]&amp#27;[0m&amp#27;[38;5;7m[AndroidUiautomator2Driver@4e0c]&amp#27;[0m Got response with status 200: {"sessionId":"653bb3e6-547a-4487-bbe4-913d38674b2d","value":2.75}
&amp#27;[38;5;152m[13de3729]&amp#27;[0m&amp#27;[38;5;7m[AndroidUiautomator2Driver@4e0c]&amp#27;[0m Got response with status 200: {"sessionId":"653bb3e6-547a-4487-bbe4-913d38674b2d","value":{"statusBar":66}}
&amp#27;[38;5;152m[13de3729]&amp#27;[0m&amp#27;[38;5;7m[AndroidUiautomator2Driver@4e0c]&amp#27;[0m Got response with status 200: {"sessionId":"653bb3e6-547a-4487-bbe4-913d38674b2d","value":{"height":2220,"width":1080}}
&amp#27;[38;5;152m[13de3729]&amp#27;[0m&amp#27;[38;5;7m[AndroidUiautomator2Driver@4e0c]&amp#27;[0m Got response with status 200: {"sessionId":"653bb3e6-547a-4487-bbe4-913d38674b2d","value":{"androidId":"ccd4b39f6a24ddc3","apiVersion":"35","bluetooth":{"state":"OFF"},"brand":"google","carrierName":"T-Mobile","displayDensity":440,"locale":"en_US","manufacturer":"Google","model":"sdk_gphone64_x86_64","networks":[{"capabilities":{"SSID":null,"linkDownBandwidthKbps":4300,"linkUpstreamBandwidthKbps":1800,"networkCapabilities":"NET_CAPABILITY_MMS,NET_CAPABILITY_SUPL,NET_CAPABILITY_IA,NET_CAPABILITY_XCAP,NET_CAPABILITY_INTERNET,NET_CAPABILITY_NOT_RESTRICTED,NET_CAPABILITY_TRUSTED,NET_CAPABILITY_NOT_VPN,NET_CAPABILITY_VALIDATED,NET_CAPABILITY_NOT_ROAMING,NET_CAPABILITY_NOT_CONGESTED,NET_CAPABILITY_NOT_SUSPENDED","signalStrength":-2147483648,"transportTypes":"TRANSPORT_CELLULAR"},"detailedState":"CONNECTED","extraInfo":"fast.t-mobile.com","isAvailable":true,"isConnected":true,"isFailover":false,"isRoaming":false,"state":"CONNECTED","subtype":10,"subtypeName":"HSPA","type":0,"typeName":"MOBILE"},{"capabilities":{"SSID":null,"linkDownBandwidthK...
&amp#27;[38;5;152m[13de3729]&amp#27;[0m&amp#27;[38;5;7m[AndroidUiautomator2Driver@4e0c]&amp#27;[0m Screen already unlocked, doing nothing
&amp#27;[38;5;152m[13de3729]&amp#27;[0m&amp#27;[38;5;7m[AndroidUiautomator2Driver@4e0c]&amp#27;[0m Starting 'com.androidsample.generalstore/com.androidsample.generalstore.SplashActivity and waiting for 'com.androidsample.generalstore/com.androidsample.generalstore.SplashActivity'
&amp#27;[38;5;152m[13de3729]&amp#27;[0m&amp#27;[38;5;229m[ADB]&amp#27;[0m Running 'C:\Users\User1\AppData\Local\Android\Sdk\platform-tools\adb.exe -P 5037 -s emulator-5554 shell am start -W -n com.androidsample.generalstore/com.androidsample.generalstore.SplashActivity -S -a android.intent.action.MAIN -c android.intent.category.LAUNCHER -f 0x10200000'
&amp#27;[38;5;152m[13de3729]&amp#27;[0m&amp#27;[38;5;229m[ADB]&amp#27;[0m Waiting up to 20000ms for activity matching pkg: 'com.androidsample.generalstore' and activity: 'com.androidsample.generalstore.SplashActivity' to be focused
&amp#27;[38;5;152m[13de3729]&amp#27;[0m&amp#27;[38;5;229m[ADB]&amp#27;[0m Possible activities, to be checked: 'com.androidsample.generalstore.SplashActivity', 'com.androidsample.generalstore.com.androidsample.generalstore.SplashActivity'
&amp#27;[38;5;152m[13de3729]&amp#27;[0m&amp#27;[38;5;229m[ADB]&amp#27;[0m Getting focused package and activity
&amp#27;[38;5;152m[13de3729]&amp#27;[0m&amp#27;[38;5;229m[ADB]&amp#27;[0m Running 'C:\Users\User1\AppData\Local\Android\Sdk\platform-tools\adb.exe -P 5037 -s emulator-5554 shell dumpsys window displays'
&amp#27;[38;5;152m[13de3729]&amp#27;[0m&amp#27;[38;5;229m[ADB]&amp#27;[0m Found package: 'com.androidsample.generalstore' and fully qualified activity name : 'com.androidsample.generalstore.SplashActivity'
&amp#27;[38;5;152m[13de3729]&amp#27;[0m&amp#27;[38;5;157m[AppiumDriver@534c]&amp#27;[0m New AndroidUiautomator2Driver session created successfully, session 13de3729-c895-401b-be56-06b3506a84fa added to master session list
&amp#27;[38;5;152m[13de3729]&amp#27;[0m&amp#27;[38;5;157m[AppiumDriver@534c]&amp#27;[0m Event 'newSessionStarted' logged at 1744635177910 (18:22:57 GMT+0530 (India Standard Time))
&amp#27;[38;5;152m[13de3729]&amp#27;[0m&amp#27;[38;5;7m[AndroidUiautomator2Driver@4e0c]&amp#27;[0m Cached the protocol value 'W3C' for the new session 13de3729-c895-401b-be56-06b3506a84fa
&amp#27;[38;5;152m[13de3729]&amp#27;[0m&amp#27;[38;5;7m[AndroidUiautomator2Driver@4e0c]&amp#27;[0m Responding to client with driver.createSession() result: {"capabilities":{"platformName":"ANDROID","chromedriverExecutable":"C://Users//User1//Downloads//chromedriver-win64//chromedriver-win64//chromedriver.exe","deviceName":"emulator-5554","automationName":"UIAutomator2","app":"C:\\Users\\User1\\eclipse-workspace\\eCommerceFramework//src//main//resources//General-Store.apk","platform":"LINUX","webStorageEnabled":false,"takesScreenshot":true,"javascriptEnabled":true,"databaseEnabled":false,"networkConnectionEnabled":true,"locationContextEnabled":false,"warnings":{},"desired":{"platformName":"ANDROID","chromedriverExecutable":"C://Users//User1//Downloads//chromedriver-win64//chromedriver-win64//chromedriver.exe","deviceName":"Rajemulator","automationName":"UIAutomator2","app":"C:\\Users\\User1\\eclipse-workspace\\eCommerceFramework//src//main//resources//General-Store.apk"},"deviceUDID":"emulator-5554","appPackage":"com.androidsample.generalstore","pixelRatio":"2.75","statBarHeight":66,"viewportRect":{"left":0,"top":66,"width":1080,"height":2154},"deviceApiLevel"...
&amp#27;[38;5;152m[13de3729]&amp#27;[0m&amp#27;[38;5;86m[HTTP]&amp#27;[0m &amp#27;[37m<-- POST /session &amp#27;[39m&amp#27;[32m200&amp#27;[39m &amp#27;[90m8995 ms - 1233&amp#27;[39m &amp#27;[90m&amp#27;[39m
Test Started: isProductNameVisible
&amp#27;[38;5;152m[13de3729]&amp#27;[0m&amp#27;[38;5;86m[HTTP]&amp#27;[0m &amp#27;[37m-->&amp#27;[39m &amp#27;[37mGET&amp#27;[39m &amp#27;[37m/session/13de3729-c895-401b-be56-06b3506a84fa/context&amp#27;[39m &amp#27;[90m{}&amp#27;[39m
&amp#27;[38;5;152m[13de3729]&amp#27;[0m&amp#27;[38;5;7m[AndroidUiautomator2Driver@4e0c]&amp#27;[0m Calling AppiumDriver.getCurrentContext() with args: ["13de3729-c895-401b-be56-06b3506a84fa"]
&amp#27;[38;5;152m[13de3729]&amp#27;[0m&amp#27;[38;5;7m[AndroidUiautomator2Driver@4e0c]&amp#27;[0m Responding to client with driver.getCurrentContext() result: "NATIVE_APP"
&amp#27;[38;5;152m[13de3729]&amp#27;[0m&amp#27;[38;5;86m[HTTP]&amp#27;[0m &amp#27;[37m<-- GET /session/13de3729-c895-401b-be56-06b3506a84fa/context &amp#27;[39m&amp#27;[32m200&amp#27;[39m &amp#27;[90m9 ms - 22&amp#27;[39m &amp#27;[90m&amp#27;[39m
&amp#27;[38;5;152m[13de3729]&amp#27;[0m&amp#27;[38;5;86m[HTTP]&amp#27;[0m &amp#27;[37m-->&amp#27;[39m &amp#27;[37mPOST&amp#27;[39m &amp#27;[37m/session/13de3729-c895-401b-be56-06b3506a84fa/element&amp#27;[39m &amp#27;[90m{"using":"id","value":"com.androidsample.generalstore:id/nameField"}&amp#27;[39m
&amp#27;[38;5;152m[13de3729]&amp#27;[0m&amp#27;[38;5;7m[AndroidUiautomator2Driver@4e0c]&amp#27;[0m Calling AppiumDriver.findElement() with args: ["id","com.androidsample.generalstore:id/nameField","13de3729-c895-401b-be56-06b3506a84fa"]
&amp#27;[38;5;152m[13de3729]&amp#27;[0m&amp#27;[38;5;7m[AndroidUiautomator2Driver@4e0c]&amp#27;[0m Valid locator strategies for this request: xpath, id, class name, accessibility id, css selector, -android uiautomator
&amp#27;[38;5;152m[13de3729]&amp#27;[0m&amp#27;[38;5;7m[AndroidUiautomator2Driver@4e0c]&amp#27;[0m Waiting up to 0 ms for condition
&amp#27;[38;5;152m[13de3729]&amp#27;[0m&amp#27;[38;5;7m[AndroidUiautomator2Driver@4e0c]&amp#27;[0m Matched '/element' to command name 'findElement'
&amp#27;[38;5;152m[13de3729]&amp#27;[0m&amp#27;[38;5;7m[AndroidUiautomator2Driver@4e0c]&amp#27;[0m Proxying [POST /element] to [POST http://127.0.0.1:8201/session/653bb3e6-547a-4487-bbe4-913d38674b2d/element] with body: {"strategy":"id","selector":"com.androidsample.generalstore:id/nameField","context":"","multiple":false}
&amp#27;[38;5;152m[13de3729]&amp#27;[0m&amp#27;[38;5;7m[AndroidUiautomator2Driver@4e0c]&amp#27;[0m Got response with status 404: {"sessionId":"653bb3e6-547a-4487-bbe4-913d38674b2d","value":{"error":"no such element","message":"An element could not be located on the page using the given search parameters","stacktrace":"io.appium.uiautomator2.common.exceptions.ElementNotFoundException: An element could not be located on the page using the given search parameters\n\tat io.appium.uiautomator2.handler.FindElement.safeHandle(FindElement.java:63)\n\tat io.appium.uiautomator2.handler.request.SafeRequestHandler.handle(SafeRequestHandler.java:59)\n\tat io.appium.uiautomator2.server.AppiumServlet.handleRequest(AppiumServlet.java:259)\n\tat io.appium.uiautomator2.server.AppiumServlet.handleHttpRequest(AppiumServlet.java:253)\n\tat io.appium.uiautomator2.http.ServerHandler.channelRead(ServerHandler.java:77)\n\tat io.netty.channel.AbstractChannelHandlerContext.invokeChannelRead(AbstractChannelHandlerContext.java:366)\n\tat io.netty.channel.AbstractChannelHandlerContext.invokeChannelRead(AbstractChannelHandlerContext.java:352)\n\tat io.netty.chann...
&amp#27;[38;5;152m[13de3729]&amp#27;[0m&amp#27;[38;5;123m[W3C]&amp#27;[0m Matched W3C error code 'no such element' to NoSuchElementError
&amp#27;[38;5;152m[13de3729]&amp#27;[0m&amp#27;[38;5;7m[AndroidUiautomator2Driver@4e0c]&amp#27;[0m Encountered internal error running command: NoSuchElementError: An element could not be located on the page using the given search parameters.
    at AndroidUiautomator2Driver.findElOrEls (C:\Users\User1\.appium\node_modules\appium-uiautomator2-driver\node_modules\appium-android-driver\lib\commands\find.ts:86:11)
    at processTicksAndRejections (node:internal/process/task_queues:95:5)
    at AndroidUiautomator2Driver.findElOrElsWithProcessing (C:\Users\User1\AppData\Roaming\npm\node_modules\appium\node_modules\@appium\base-driver\lib\basedriver\commands\find.ts:60:12)
    at AndroidUiautomator2Driver.findElement (C:\Users\User1\AppData\Roaming\npm\node_modules\appium\node_modules\@appium\base-driver\lib\basedriver\commands\find.ts:75:12)
&amp#27;[38;5;152m[13de3729]&amp#27;[0m&amp#27;[38;5;86m[HTTP]&amp#27;[0m &amp#27;[37m<-- POST /session/13de3729-c895-401b-be56-06b3506a84fa/element &amp#27;[39m&amp#27;[33m404&amp#27;[39m &amp#27;[90m727 ms - 890&amp#27;[39m &amp#27;[90m&amp#27;[39m
&amp#27;[38;5;152m[13de3729]&amp#27;[0m&amp#27;[38;5;86m[HTTP]&amp#27;[0m &amp#27;[37m-->&amp#27;[39m &amp#27;[37mPOST&amp#27;[39m &amp#27;[37m/session/13de3729-c895-401b-be56-06b3506a84fa/element&amp#27;[39m &amp#27;[90m{"using":"id","value":"com.androidsample.generalstore:id/nameField"}&amp#27;[39m
&amp#27;[38;5;152m[13de3729]&amp#27;[0m&amp#27;[38;5;7m[AndroidUiautomator2Driver@4e0c]&amp#27;[0m Calling AppiumDriver.findElement() with args: ["id","com.androidsample.generalstore:id/nameField","13de3729-c895-401b-be56-06b3506a84fa"]
&amp#27;[38;5;152m[13de3729]&amp#27;[0m&amp#27;[38;5;7m[AndroidUiautomator2Driver@4e0c]&amp#27;[0m Valid locator strategies for this request: xpath, id, class name, accessibility id, css selector, -android uiautomator
&amp#27;[38;5;152m[13de3729]&amp#27;[0m&amp#27;[38;5;7m[AndroidUiautomator2Driver@4e0c]&amp#27;[0m Waiting up to 0 ms for condition
&amp#27;[38;5;152m[13de3729]&amp#27;[0m&amp#27;[38;5;7m[AndroidUiautomator2Driver@4e0c]&amp#27;[0m Matched '/element' to command name 'findElement'
&amp#27;[38;5;152m[13de3729]&amp#27;[0m&amp#27;[38;5;7m[AndroidUiautomator2Driver@4e0c]&amp#27;[0m Proxying [POST /element] to [POST http://127.0.0.1:8201/session/653bb3e6-547a-4487-bbe4-913d38674b2d/element] with body: {"strategy":"id","selector":"com.androidsample.generalstore:id/nameField","context":"","multiple":false}
&amp#27;[38;5;152m[13de3729]&amp#27;[0m&amp#27;[38;5;7m[AndroidUiautomator2Driver@4e0c]&amp#27;[0m Got response with status 404: {"sessionId":"653bb3e6-547a-4487-bbe4-913d38674b2d","value":{"error":"no such element","message":"An element could not be located on the page using the given search parameters","stacktrace":"io.appium.uiautomator2.common.exceptions.ElementNotFoundException: An element could not be located on the page using the given search parameters\n\tat io.appium.uiautomator2.handler.FindElement.safeHandle(FindElement.java:63)\n\tat io.appium.uiautomator2.handler.request.SafeRequestHandler.handle(SafeRequestHandler.java:59)\n\tat io.appium.uiautomator2.server.AppiumServlet.handleRequest(AppiumServlet.java:259)\n\tat io.appium.uiautomator2.server.AppiumServlet.handleHttpRequest(AppiumServlet.java:253)\n\tat io.appium.uiautomator2.http.ServerHandler.channelRead(ServerHandler.java:77)\n\tat io.netty.channel.AbstractChannelHandlerContext.invokeChannelRead(AbstractChannelHandlerContext.java:366)\n\tat io.netty.channel.AbstractChannelHandlerContext.invokeChannelRead(AbstractChannelHandlerContext.java:352)\n\tat io.netty.chann...
&amp#27;[38;5;152m[13de3729]&amp#27;[0m&amp#27;[38;5;123m[W3C]&amp#27;[0m Matched W3C error code 'no such element' to NoSuchElementError
&amp#27;[38;5;152m[13de3729]&amp#27;[0m&amp#27;[38;5;7m[AndroidUiautomator2Driver@4e0c]&amp#27;[0m Encountered internal error running command: NoSuchElementError: An element could not be located on the page using the given search parameters.
    at AndroidUiautomator2Driver.findElOrEls (C:\Users\User1\.appium\node_modules\appium-uiautomator2-driver\node_modules\appium-android-driver\lib\commands\find.ts:86:11)
    at processTicksAndRejections (node:internal/process/task_queues:95:5)
    at AndroidUiautomator2Driver.findElOrElsWithProcessing (C:\Users\User1\AppData\Roaming\npm\node_modules\appium\node_modules\@appium\base-driver\lib\basedriver\commands\find.ts:60:12)
    at AndroidUiautomator2Driver.findElement (C:\Users\User1\AppData\Roaming\npm\node_modules\appium\node_modules\@appium\base-driver\lib\basedriver\commands\find.ts:75:12)
&amp#27;[38;5;152m[13de3729]&amp#27;[0m&amp#27;[38;5;86m[HTTP]&amp#27;[0m &amp#27;[37m<-- POST /session/13de3729-c895-401b-be56-06b3506a84fa/element &amp#27;[39m&amp#27;[33m404&amp#27;[39m &amp#27;[90m27 ms - 890&amp#27;[39m &amp#27;[90m&amp#27;[39m
&amp#27;[38;5;152m[13de3729]&amp#27;[0m&amp#27;[38;5;86m[HTTP]&amp#27;[0m &amp#27;[37m-->&amp#27;[39m &amp#27;[37mPOST&amp#27;[39m &amp#27;[37m/session/13de3729-c895-401b-be56-06b3506a84fa/element&amp#27;[39m &amp#27;[90m{"using":"id","value":"com.androidsample.generalstore:id/nameField"}&amp#27;[39m
&amp#27;[38;5;152m[13de3729]&amp#27;[0m&amp#27;[38;5;7m[AndroidUiautomator2Driver@4e0c]&amp#27;[0m Calling AppiumDriver.findElement() with args: ["id","com.androidsample.generalstore:id/nameField","13de3729-c895-401b-be56-06b3506a84fa"]
&amp#27;[38;5;152m[13de3729]&amp#27;[0m&amp#27;[38;5;7m[AndroidUiautomator2Driver@4e0c]&amp#27;[0m Valid locator strategies for this request: xpath, id, class name, accessibility id, css selector, -android uiautomator
&amp#27;[38;5;152m[13de3729]&amp#27;[0m&amp#27;[38;5;7m[AndroidUiautomator2Driver@4e0c]&amp#27;[0m Waiting up to 0 ms for condition
&amp#27;[38;5;152m[13de3729]&amp#27;[0m&amp#27;[38;5;7m[AndroidUiautomator2Driver@4e0c]&amp#27;[0m Matched '/element' to command name 'findElement'
&amp#27;[38;5;152m[13de3729]&amp#27;[0m&amp#27;[38;5;7m[AndroidUiautomator2Driver@4e0c]&amp#27;[0m Proxying [POST /element] to [POST http://127.0.0.1:8201/session/653bb3e6-547a-4487-bbe4-913d38674b2d/element] with body: {"strategy":"id","selector":"com.androidsample.generalstore:id/nameField","context":"","multiple":false}
&amp#27;[38;5;152m[13de3729]&amp#27;[0m&amp#27;[38;5;7m[AndroidUiautomator2Driver@4e0c]&amp#27;[0m Got response with status 404: {"sessionId":"653bb3e6-547a-4487-bbe4-913d38674b2d","value":{"error":"no such element","message":"An element could not be located on the page using the given search parameters","stacktrace":"io.appium.uiautomator2.common.exceptions.ElementNotFoundException: An element could not be located on the page using the given search parameters\n\tat io.appium.uiautomator2.handler.FindElement.safeHandle(FindElement.java:63)\n\tat io.appium.uiautomator2.handler.request.SafeRequestHandler.handle(SafeRequestHandler.java:59)\n\tat io.appium.uiautomator2.server.AppiumServlet.handleRequest(AppiumServlet.java:259)\n\tat io.appium.uiautomator2.server.AppiumServlet.handleHttpRequest(AppiumServlet.java:253)\n\tat io.appium.uiautomator2.http.ServerHandler.channelRead(ServerHandler.java:77)\n\tat io.netty.channel.AbstractChannelHandlerContext.invokeChannelRead(AbstractChannelHandlerContext.java:366)\n\tat io.netty.channel.AbstractChannelHandlerContext.invokeChannelRead(AbstractChannelHandlerContext.java:352)\n\tat io.netty.chann...
&amp#27;[38;5;152m[13de3729]&amp#27;[0m&amp#27;[38;5;123m[W3C]&amp#27;[0m Matched W3C error code 'no such element' to NoSuchElementError
&amp#27;[38;5;152m[13de3729]&amp#27;[0m&amp#27;[38;5;7m[AndroidUiautomator2Driver@4e0c]&amp#27;[0m Encountered internal error running command: NoSuchElementError: An element could not be located on the page using the given search parameters.
    at AndroidUiautomator2Driver.findElOrEls (C:\Users\User1\.appium\node_modules\appium-uiautomator2-driver\node_modules\appium-android-driver\lib\commands\find.ts:86:11)
    at processTicksAndRejections (node:internal/process/task_queues:95:5)
    at AndroidUiautomator2Driver.findElOrElsWithProcessing (C:\Users\User1\AppData\Roaming\npm\node_modules\appium\node_modules\@appium\base-driver\lib\basedriver\commands\find.ts:60:12)
    at AndroidUiautomator2Driver.findElement (C:\Users\User1\AppData\Roaming\npm\node_modules\appium\node_modules\@appium\base-driver\lib\basedriver\commands\find.ts:75:12)
&amp#27;[38;5;152m[13de3729]&amp#27;[0m&amp#27;[38;5;86m[HTTP]&amp#27;[0m &amp#27;[37m<-- POST /session/13de3729-c895-401b-be56-06b3506a84fa/element &amp#27;[39m&amp#27;[33m404&amp#27;[39m &amp#27;[90m27 ms - 890&amp#27;[39m &amp#27;[90m&amp#27;[39m
&amp#27;[38;5;152m[13de3729]&amp#27;[0m&amp#27;[38;5;86m[HTTP]&amp#27;[0m &amp#27;[37m-->&amp#27;[39m &amp#27;[37mGET&amp#27;[39m &amp#27;[37m/session/13de3729-c895-401b-be56-06b3506a84fa/context&amp#27;[39m &amp#27;[90m{}&amp#27;[39m
&amp#27;[38;5;152m[13de3729]&amp#27;[0m&amp#27;[38;5;7m[AndroidUiautomator2Driver@4e0c]&amp#27;[0m Calling AppiumDriver.getCurrentContext() with args: ["13de3729-c895-401b-be56-06b3506a84fa"]
&amp#27;[38;5;152m[13de3729]&amp#27;[0m&amp#27;[38;5;7m[AndroidUiautomator2Driver@4e0c]&amp#27;[0m Responding to client with driver.getCurrentContext() result: "NATIVE_APP"
&amp#27;[38;5;152m[13de3729]&amp#27;[0m&amp#27;[38;5;86m[HTTP]&amp#27;[0m &amp#27;[37m<-- GET /session/13de3729-c895-401b-be56-06b3506a84fa/context &amp#27;[39m&amp#27;[32m200&amp#27;[39m &amp#27;[90m5 ms - 22&amp#27;[39m &amp#27;[90m&amp#27;[39m
&amp#27;[38;5;152m[13de3729]&amp#27;[0m&amp#27;[38;5;86m[HTTP]&amp#27;[0m &amp#27;[37m-->&amp#27;[39m &amp#27;[37mPOST&amp#27;[39m &amp#27;[37m/session/13de3729-c895-401b-be56-06b3506a84fa/element&amp#27;[39m &amp#27;[90m{"using":"id","value":"com.androidsample.generalstore:id/nameField"}&amp#27;[39m
&amp#27;[38;5;152m[13de3729]&amp#27;[0m&amp#27;[38;5;7m[AndroidUiautomator2Driver@4e0c]&amp#27;[0m Calling AppiumDriver.findElement() with args: ["id","com.androidsample.generalstore:id/nameField","13de3729-c895-401b-be56-06b3506a84fa"]
&amp#27;[38;5;152m[13de3729]&amp#27;[0m&amp#27;[38;5;7m[AndroidUiautomator2Driver@4e0c]&amp#27;[0m Valid locator strategies for this request: xpath, id, class name, accessibility id, css selector, -android uiautomator
&amp#27;[38;5;152m[13de3729]&amp#27;[0m&amp#27;[38;5;7m[AndroidUiautomator2Driver@4e0c]&amp#27;[0m Waiting up to 0 ms for condition
&amp#27;[38;5;152m[13de3729]&amp#27;[0m&amp#27;[38;5;7m[AndroidUiautomator2Driver@4e0c]&amp#27;[0m Matched '/element' to command name 'findElement'
&amp#27;[38;5;152m[13de3729]&amp#27;[0m&amp#27;[38;5;7m[AndroidUiautomator2Driver@4e0c]&amp#27;[0m Proxying [POST /element] to [POST http://127.0.0.1:8201/session/653bb3e6-547a-4487-bbe4-913d38674b2d/element] with body: {"strategy":"id","selector":"com.androidsample.generalstore:id/nameField","context":"","multiple":false}
&amp#27;[38;5;152m[13de3729]&amp#27;[0m&amp#27;[38;5;7m[AndroidUiautomator2Driver@4e0c]&amp#27;[0m Got response with status 404: {"sessionId":"653bb3e6-547a-4487-bbe4-913d38674b2d","value":{"error":"no such element","message":"An element could not be located on the page using the given search parameters","stacktrace":"io.appium.uiautomator2.common.exceptions.ElementNotFoundException: An element could not be located on the page using the given search parameters\n\tat io.appium.uiautomator2.handler.FindElement.safeHandle(FindElement.java:63)\n\tat io.appium.uiautomator2.handler.request.SafeRequestHandler.handle(SafeRequestHandler.java:59)\n\tat io.appium.uiautomator2.server.AppiumServlet.handleRequest(AppiumServlet.java:259)\n\tat io.appium.uiautomator2.server.AppiumServlet.handleHttpRequest(AppiumServlet.java:253)\n\tat io.appium.uiautomator2.http.ServerHandler.channelRead(ServerHandler.java:77)\n\tat io.netty.channel.AbstractChannelHandlerContext.invokeChannelRead(AbstractChannelHandlerContext.java:366)\n\tat io.netty.channel.AbstractChannelHandlerContext.invokeChannelRead(AbstractChannelHandlerContext.java:352)\n\tat io.netty.chann...
&amp#27;[38;5;152m[13de3729]&amp#27;[0m&amp#27;[38;5;123m[W3C]&amp#27;[0m Matched W3C error code 'no such element' to NoSuchElementError
&amp#27;[38;5;152m[13de3729]&amp#27;[0m&amp#27;[38;5;7m[AndroidUiautomator2Driver@4e0c]&amp#27;[0m Encountered internal error running command: NoSuchElementError: An element could not be located on the page using the given search parameters.
    at AndroidUiautomator2Driver.findElOrEls (C:\Users\User1\.appium\node_modules\appium-uiautomator2-driver\node_modules\appium-android-driver\lib\commands\find.ts:86:11)
    at processTicksAndRejections (node:internal/process/task_queues:95:5)
    at AndroidUiautomator2Driver.findElOrElsWithProcessing (C:\Users\User1\AppData\Roaming\npm\node_modules\appium\node_modules\@appium\base-driver\lib\basedriver\commands\find.ts:60:12)
    at AndroidUiautomator2Driver.findElement (C:\Users\User1\AppData\Roaming\npm\node_modules\appium\node_modules\@appium\base-driver\lib\basedriver\commands\find.ts:75:12)
&amp#27;[38;5;152m[13de3729]&amp#27;[0m&amp#27;[38;5;86m[HTTP]&amp#27;[0m &amp#27;[37m<-- POST /session/13de3729-c895-401b-be56-06b3506a84fa/element &amp#27;[39m&amp#27;[33m404&amp#27;[39m &amp#27;[90m33 ms - 890&amp#27;[39m &amp#27;[90m&amp#27;[39m
&amp#27;[38;5;152m[13de3729]&amp#27;[0m&amp#27;[38;5;86m[HTTP]&amp#27;[0m &amp#27;[37m-->&amp#27;[39m &amp#27;[37mPOST&amp#27;[39m &amp#27;[37m/session/13de3729-c895-401b-be56-06b3506a84fa/element&amp#27;[39m &amp#27;[90m{"using":"id","value":"com.androidsample.generalstore:id/nameField"}&amp#27;[39m
&amp#27;[38;5;152m[13de3729]&amp#27;[0m&amp#27;[38;5;7m[AndroidUiautomator2Driver@4e0c]&amp#27;[0m Calling AppiumDriver.findElement() with args: ["id","com.androidsample.generalstore:id/nameField","13de3729-c895-401b-be56-06b3506a84fa"]
&amp#27;[38;5;152m[13de3729]&amp#27;[0m&amp#27;[38;5;7m[AndroidUiautomator2Driver@4e0c]&amp#27;[0m Valid locator strategies for this request: xpath, id, class name, accessibility id, css selector, -android uiautomator
&amp#27;[38;5;152m[13de3729]&amp#27;[0m&amp#27;[38;5;7m[AndroidUiautomator2Driver@4e0c]&amp#27;[0m Waiting up to 0 ms for condition
&amp#27;[38;5;152m[13de3729]&amp#27;[0m&amp#27;[38;5;7m[AndroidUiautomator2Driver@4e0c]&amp#27;[0m Matched '/element' to command name 'findElement'
&amp#27;[38;5;152m[13de3729]&amp#27;[0m&amp#27;[38;5;7m[AndroidUiautomator2Driver@4e0c]&amp#27;[0m Proxying [POST /element] to [POST http://127.0.0.1:8201/session/653bb3e6-547a-4487-bbe4-913d38674b2d/element] with body: {"strategy":"id","selector":"com.androidsample.generalstore:id/nameField","context":"","multiple":false}
&amp#27;[38;5;152m[13de3729]&amp#27;[0m&amp#27;[38;5;7m[AndroidUiautomator2Driver@4e0c]&amp#27;[0m Got response with status 200: {"sessionId":"653bb3e6-547a-4487-bbe4-913d38674b2d","value":{"ELEMENT":"00000000-0000-0770-ffff-ffff0000001c","element-6066-11e4-a52e-4f735466cecf":"00000000-0000-0770-ffff-ffff0000001c"}}
&amp#27;[38;5;152m[13de3729]&amp#27;[0m&amp#27;[38;5;7m[AndroidUiautomator2Driver@4e0c]&amp#27;[0m Responding to client with driver.findElement() result: {"element-6066-11e4-a52e-4f735466cecf":"00000000-0000-0770-ffff-ffff0000001c","ELEMENT":"00000000-0000-0770-ffff-ffff0000001c"}
&amp#27;[38;5;152m[13de3729]&amp#27;[0m&amp#27;[38;5;86m[HTTP]&amp#27;[0m &amp#27;[37m<-- POST /session/13de3729-c895-401b-be56-06b3506a84fa/element &amp#27;[39m&amp#27;[32m200&amp#27;[39m &amp#27;[90m1519 ms - 137&amp#27;[39m &amp#27;[90m&amp#27;[39m
&amp#27;[38;5;152m[13de3729]&amp#27;[0m&amp#27;[38;5;86m[HTTP]&amp#27;[0m &amp#27;[37m-->&amp#27;[39m &amp#27;[37mGET&amp#27;[39m &amp#27;[37m/session/13de3729-c895-401b-be56-06b3506a84fa/element/00000000-0000-0770-ffff-ffff0000001c/displayed&amp#27;[39m &amp#27;[90m{}&amp#27;[39m
&amp#27;[38;5;152m[13de3729]&amp#27;[0m&amp#27;[38;5;7m[AndroidUiautomator2Driver@4e0c]&amp#27;[0m Calling AppiumDriver.elementDisplayed() with args: ["00000000-0000-0770-ffff-ffff0000001c","13de3729-c895-401b-be56-06b3506a84fa"]
&amp#27;[38;5;152m[13de3729]&amp#27;[0m&amp#27;[38;5;7m[AndroidUiautomator2Driver@4e0c]&amp#27;[0m Matched '/element/00000000-0000-0770-ffff-ffff0000001c/attribute/displayed' to command name 'getAttribute'
&amp#27;[38;5;152m[13de3729]&amp#27;[0m&amp#27;[38;5;7m[AndroidUiautomator2Driver@4e0c]&amp#27;[0m Proxying [GET /element/00000000-0000-0770-ffff-ffff0000001c/attribute/displayed] to [GET http://127.0.0.1:8201/session/653bb3e6-547a-4487-bbe4-913d38674b2d/element/00000000-0000-0770-ffff-ffff0000001c/attribute/displayed] with no body
&amp#27;[38;5;152m[13de3729]&amp#27;[0m&amp#27;[38;5;7m[AndroidUiautomator2Driver@4e0c]&amp#27;[0m Got response with status 200: {"sessionId":"653bb3e6-547a-4487-bbe4-913d38674b2d","value":"true"}
&amp#27;[38;5;152m[13de3729]&amp#27;[0m&amp#27;[38;5;7m[AndroidUiautomator2Driver@4e0c]&amp#27;[0m Responding to client with driver.elementDisplayed() result: true
&amp#27;[38;5;152m[13de3729]&amp#27;[0m&amp#27;[38;5;86m[HTTP]&amp#27;[0m &amp#27;[37m<-- GET /session/13de3729-c895-401b-be56-06b3506a84fa/element/00000000-0000-0770-ffff-ffff0000001c/displayed &amp#27;[39m&amp#27;[32m200&amp#27;[39m &amp#27;[90m17 ms - 14&amp#27;[39m &amp#27;[90m&amp#27;[39m
&amp#27;[38;5;152m[13de3729]&amp#27;[0m&amp#27;[38;5;86m[HTTP]&amp#27;[0m &amp#27;[37m-->&amp#27;[39m &amp#27;[37mGET&amp#27;[39m &amp#27;[37m/session/13de3729-c895-401b-be56-06b3506a84fa/context&amp#27;[39m &amp#27;[90m{}&amp#27;[39m
&amp#27;[38;5;152m[13de3729]&amp#27;[0m&amp#27;[38;5;7m[AndroidUiautomator2Driver@4e0c]&amp#27;[0m Calling AppiumDriver.getCurrentContext() with args: ["13de3729-c895-401b-be56-06b3506a84fa"]
&amp#27;[38;5;152m[13de3729]&amp#27;[0m&amp#27;[38;5;7m[AndroidUiautomator2Driver@4e0c]&amp#27;[0m Responding to client with driver.getCurrentContext() result: "NATIVE_APP"
&amp#27;[38;5;152m[13de3729]&amp#27;[0m&amp#27;[38;5;86m[HTTP]&amp#27;[0m &amp#27;[37m<-- GET /session/13de3729-c895-401b-be56-06b3506a84fa/context &amp#27;[39m&amp#27;[32m200&amp#27;[39m &amp#27;[90m1 ms - 22&amp#27;[39m &amp#27;[90m&amp#27;[39m
&amp#27;[38;5;152m[13de3729]&amp#27;[0m&amp#27;[38;5;86m[HTTP]&amp#27;[0m &amp#27;[37m-->&amp#27;[39m &amp#27;[37mPOST&amp#27;[39m &amp#27;[37m/session/13de3729-c895-401b-be56-06b3506a84fa/element&amp#27;[39m &amp#27;[90m{"using":"id","value":"com.androidsample.generalstore:id/nameField"}&amp#27;[39m
&amp#27;[38;5;152m[13de3729]&amp#27;[0m&amp#27;[38;5;7m[AndroidUiautomator2Driver@4e0c]&amp#27;[0m Calling AppiumDriver.findElement() with args: ["id","com.androidsample.generalstore:id/nameField","13de3729-c895-401b-be56-06b3506a84fa"]
&amp#27;[38;5;152m[13de3729]&amp#27;[0m&amp#27;[38;5;7m[AndroidUiautomator2Driver@4e0c]&amp#27;[0m Valid locator strategies for this request: xpath, id, class name, accessibility id, css selector, -android uiautomator
&amp#27;[38;5;152m[13de3729]&amp#27;[0m&amp#27;[38;5;7m[AndroidUiautomator2Driver@4e0c]&amp#27;[0m Waiting up to 0 ms for condition
&amp#27;[38;5;152m[13de3729]&amp#27;[0m&amp#27;[38;5;7m[AndroidUiautomator2Driver@4e0c]&amp#27;[0m Matched '/element' to command name 'findElement'
&amp#27;[38;5;152m[13de3729]&amp#27;[0m&amp#27;[38;5;7m[AndroidUiautomator2Driver@4e0c]&amp#27;[0m Proxying [POST /element] to [POST http://127.0.0.1:8201/session/653bb3e6-547a-4487-bbe4-913d38674b2d/element] with body: {"strategy":"id","selector":"com.androidsample.generalstore:id/nameField","context":"","multiple":false}
&amp#27;[38;5;152m[13de3729]&amp#27;[0m&amp#27;[38;5;7m[AndroidUiautomator2Driver@4e0c]&amp#27;[0m Got response with status 200: {"sessionId":"653bb3e6-547a-4487-bbe4-913d38674b2d","value":{"ELEMENT":"00000000-0000-0770-ffff-ffff0000001c","element-6066-11e4-a52e-4f735466cecf":"00000000-0000-0770-ffff-ffff0000001c"}}
&amp#27;[38;5;152m[13de3729]&amp#27;[0m&amp#27;[38;5;7m[AndroidUiautomator2Driver@4e0c]&amp#27;[0m Responding to client with driver.findElement() result: {"element-6066-11e4-a52e-4f735466cecf":"00000000-0000-0770-ffff-ffff0000001c","ELEMENT":"00000000-0000-0770-ffff-ffff0000001c"}
&amp#27;[38;5;152m[13de3729]&amp#27;[0m&amp#27;[38;5;86m[HTTP]&amp#27;[0m &amp#27;[37m<-- POST /session/13de3729-c895-401b-be56-06b3506a84fa/element &amp#27;[39m&amp#27;[32m200&amp#27;[39m &amp#27;[90m33 ms - 137&amp#27;[39m &amp#27;[90m&amp#27;[39m
&amp#27;[38;5;152m[13de3729]&amp#27;[0m&amp#27;[38;5;86m[HTTP]&amp#27;[0m &amp#27;[37m-->&amp#27;[39m &amp#27;[37mPOST&amp#27;[39m &amp#27;[37m/session/13de3729-c895-401b-be56-06b3506a84fa/element/00000000-0000-0770-ffff-ffff0000001c/value&amp#27;[39m &amp#27;[90m{"value":["R","a","j"],"text":"Raj","id":"00000000-0000-0770-ffff-ffff0000001c"}&amp#27;[39m
&amp#27;[38;5;152m[13de3729]&amp#27;[0m&amp#27;[38;5;7m[AndroidUiautomator2Driver@4e0c]&amp#27;[0m Calling AppiumDriver.setValue() with args: [["R","a","j"],"00000000-0000-0770-ffff-ffff0000001c","13de3729-c895-401b-be56-06b3506a84fa"]
&amp#27;[38;5;152m[13de3729]&amp#27;[0m&amp#27;[38;5;7m[AndroidUiautomator2Driver@4e0c]&amp#27;[0m Matched '/element/00000000-0000-0770-ffff-ffff0000001c/value' to command name 'setValue'
&amp#27;[38;5;152m[13de3729]&amp#27;[0m&amp#27;[38;5;7m[AndroidUiautomator2Driver@4e0c]&amp#27;[0m Added 'value' property ["R","a","j"] to 'setValue' request body
&amp#27;[38;5;152m[13de3729]&amp#27;[0m&amp#27;[38;5;7m[AndroidUiautomator2Driver@4e0c]&amp#27;[0m Proxying [POST /element/00000000-0000-0770-ffff-ffff0000001c/value] to [POST http://127.0.0.1:8201/session/653bb3e6-547a-4487-bbe4-913d38674b2d/element/00000000-0000-0770-ffff-ffff0000001c/value] with body: {"elementId":"00000000-0000-0770-ffff-ffff0000001c","text":"Raj","replace":false,"value":["R","a","j"]}
&amp#27;[38;5;152m[13de3729]&amp#27;[0m&amp#27;[38;5;7m[AndroidUiautomator2Driver@4e0c]&amp#27;[0m Got response with status 200: {"sessionId":"653bb3e6-547a-4487-bbe4-913d38674b2d","value":null}
&amp#27;[38;5;152m[13de3729]&amp#27;[0m&amp#27;[38;5;7m[AndroidUiautomator2Driver@4e0c]&amp#27;[0m Responding to client with driver.setValue() result: null
&amp#27;[38;5;152m[13de3729]&amp#27;[0m&amp#27;[38;5;86m[HTTP]&amp#27;[0m &amp#27;[37m<-- POST /session/13de3729-c895-401b-be56-06b3506a84fa/element/00000000-0000-0770-ffff-ffff0000001c/value &amp#27;[39m&amp#27;[32m200&amp#27;[39m &amp#27;[90m562 ms - 14&amp#27;[39m &amp#27;[90m&amp#27;[39m
&amp#27;[38;5;152m[13de3729]&amp#27;[0m&amp#27;[38;5;86m[HTTP]&amp#27;[0m &amp#27;[37m-->&amp#27;[39m &amp#27;[37mPOST&amp#27;[39m &amp#27;[37m/session/13de3729-c895-401b-be56-06b3506a84fa/execute/sync&amp#27;[39m &amp#27;[90m{"script":"mobile: hideKeyboard","args":[]}&amp#27;[39m
&amp#27;[38;5;152m[13de3729]&amp#27;[0m&amp#27;[38;5;7m[AndroidUiautomator2Driver@4e0c]&amp#27;[0m Calling AppiumDriver.execute() with args: ["mobile: hideKeyboard",[],"13de3729-c895-401b-be56-06b3506a84fa"]
&amp#27;[38;5;152m[13de3729]&amp#27;[0m&amp#27;[38;5;7m[AndroidUiautomator2Driver@4e0c]&amp#27;[0m Executing native command 'mobile: hideKeyboard'
&amp#27;[38;5;152m[13de3729]&amp#27;[0m&amp#27;[38;5;229m[ADB]&amp#27;[0m Running 'C:\Users\User1\AppData\Local\Android\Sdk\platform-tools\adb.exe -P 5037 -s emulator-5554 shell dumpsys input_method'
&amp#27;[38;5;152m[13de3729]&amp#27;[0m&amp#27;[38;5;229m[ADB]&amp#27;[0m Keyboard has no UI; no closing necessary
&amp#27;[38;5;152m[13de3729]&amp#27;[0m&amp#27;[38;5;7m[AndroidUiautomator2Driver@4e0c]&amp#27;[0m Responding to client with driver.execute() result: false
&amp#27;[38;5;152m[13de3729]&amp#27;[0m&amp#27;[38;5;86m[HTTP]&amp#27;[0m &amp#27;[37m<-- POST /session/13de3729-c895-401b-be56-06b3506a84fa/execute/sync &amp#27;[39m&amp#27;[32m200&amp#27;[39m &amp#27;[90m419 ms - 15&amp#27;[39m &amp#27;[90m&amp#27;[39m
&amp#27;[38;5;152m[13de3729]&amp#27;[0m&amp#27;[38;5;86m[HTTP]&amp#27;[0m &amp#27;[37m-->&amp#27;[39m &amp#27;[37mGET&amp#27;[39m &amp#27;[37m/session/13de3729-c895-401b-be56-06b3506a84fa/context&amp#27;[39m &amp#27;[90m{}&amp#27;[39m
&amp#27;[38;5;152m[13de3729]&amp#27;[0m&amp#27;[38;5;7m[AndroidUiautomator2Driver@4e0c]&amp#27;[0m Calling AppiumDriver.getCurrentContext() with args: ["13de3729-c895-401b-be56-06b3506a84fa"]
&amp#27;[38;5;152m[13de3729]&amp#27;[0m&amp#27;[38;5;7m[AndroidUiautomator2Driver@4e0c]&amp#27;[0m Responding to client with driver.getCurrentContext() result: "NATIVE_APP"
&amp#27;[38;5;152m[13de3729]&amp#27;[0m&amp#27;[38;5;86m[HTTP]&amp#27;[0m &amp#27;[37m<-- GET /session/13de3729-c895-401b-be56-06b3506a84fa/context &amp#27;[39m&amp#27;[32m200&amp#27;[39m &amp#27;[90m4 ms - 22&amp#27;[39m &amp#27;[90m&amp#27;[39m
&amp#27;[38;5;152m[13de3729]&amp#27;[0m&amp#27;[38;5;86m[HTTP]&amp#27;[0m &amp#27;[37m-->&amp#27;[39m &amp#27;[37mPOST&amp#27;[39m &amp#27;[37m/session/13de3729-c895-401b-be56-06b3506a84fa/element&amp#27;[39m &amp#27;[90m{"using":"xpath","value":"//android.widget.RadioButton[@text='Male']"}&amp#27;[39m
&amp#27;[38;5;152m[13de3729]&amp#27;[0m&amp#27;[38;5;7m[AndroidUiautomator2Driver@4e0c]&amp#27;[0m Calling AppiumDriver.findElement() with args: ["xpath","//android.widget.RadioButton[@text='Male']","13de3729-c895-401b-be56-06b3506a84fa"]
&amp#27;[38;5;152m[13de3729]&amp#27;[0m&amp#27;[38;5;7m[AndroidUiautomator2Driver@4e0c]&amp#27;[0m Valid locator strategies for this request: xpath, id, class name, accessibility id, css selector, -android uiautomator
&amp#27;[38;5;152m[13de3729]&amp#27;[0m&amp#27;[38;5;7m[AndroidUiautomator2Driver@4e0c]&amp#27;[0m Waiting up to 0 ms for condition
&amp#27;[38;5;152m[13de3729]&amp#27;[0m&amp#27;[38;5;7m[AndroidUiautomator2Driver@4e0c]&amp#27;[0m Matched '/element' to command name 'findElement'
&amp#27;[38;5;152m[13de3729]&amp#27;[0m&amp#27;[38;5;7m[AndroidUiautomator2Driver@4e0c]&amp#27;[0m Proxying [POST /element] to [POST http://127.0.0.1:8201/session/653bb3e6-547a-4487-bbe4-913d38674b2d/element] with body: {"strategy":"xpath","selector":"//android.widget.RadioButton[@text='Male']","context":"","multiple":false}
&amp#27;[38;5;152m[13de3729]&amp#27;[0m&amp#27;[38;5;7m[AndroidUiautomator2Driver@4e0c]&amp#27;[0m Got response with status 200: {"sessionId":"653bb3e6-547a-4487-bbe4-913d38674b2d","value":{"ELEMENT":"00000000-0000-0770-ffff-ffff0000001f","element-6066-11e4-a52e-4f735466cecf":"00000000-0000-0770-ffff-ffff0000001f"}}
&amp#27;[38;5;152m[13de3729]&amp#27;[0m&amp#27;[38;5;7m[AndroidUiautomator2Driver@4e0c]&amp#27;[0m Responding to client with driver.findElement() result: {"element-6066-11e4-a52e-4f735466cecf":"00000000-0000-0770-ffff-ffff0000001f","ELEMENT":"00000000-0000-0770-ffff-ffff0000001f"}
&amp#27;[38;5;152m[13de3729]&amp#27;[0m&amp#27;[38;5;86m[HTTP]&amp#27;[0m &amp#27;[37m<-- POST /session/13de3729-c895-401b-be56-06b3506a84fa/element &amp#27;[39m&amp#27;[32m200&amp#27;[39m &amp#27;[90m870 ms - 137&amp#27;[39m &amp#27;[90m&amp#27;[39m
&amp#27;[38;5;152m[13de3729]&amp#27;[0m&amp#27;[38;5;86m[HTTP]&amp#27;[0m &amp#27;[37m-->&amp#27;[39m &amp#27;[37mPOST&amp#27;[39m &amp#27;[37m/session/13de3729-c895-401b-be56-06b3506a84fa/element/00000000-0000-0770-ffff-ffff0000001f/click&amp#27;[39m &amp#27;[90m{"id":"00000000-0000-0770-ffff-ffff0000001f"}&amp#27;[39m
&amp#27;[38;5;152m[13de3729]&amp#27;[0m&amp#27;[38;5;7m[AndroidUiautomator2Driver@4e0c]&amp#27;[0m Calling AppiumDriver.click() with args: ["00000000-0000-0770-ffff-ffff0000001f","13de3729-c895-401b-be56-06b3506a84fa"]
&amp#27;[38;5;152m[13de3729]&amp#27;[0m&amp#27;[38;5;7m[AndroidUiautomator2Driver@4e0c]&amp#27;[0m Matched '/element/00000000-0000-0770-ffff-ffff0000001f/click' to command name 'click'
&amp#27;[38;5;152m[13de3729]&amp#27;[0m&amp#27;[38;5;7m[AndroidUiautomator2Driver@4e0c]&amp#27;[0m Proxying [POST /element/00000000-0000-0770-ffff-ffff0000001f/click] to [POST http://127.0.0.1:8201/session/653bb3e6-547a-4487-bbe4-913d38674b2d/element/00000000-0000-0770-ffff-ffff0000001f/click] with body: {"element":"00000000-0000-0770-ffff-ffff0000001f"}
&amp#27;[38;5;152m[13de3729]&amp#27;[0m&amp#27;[38;5;7m[AndroidUiautomator2Driver@4e0c]&amp#27;[0m Got response with status 200: {"sessionId":"653bb3e6-547a-4487-bbe4-913d38674b2d","value":null}
&amp#27;[38;5;152m[13de3729]&amp#27;[0m&amp#27;[38;5;7m[AndroidUiautomator2Driver@4e0c]&amp#27;[0m Responding to client with driver.click() result: null
&amp#27;[38;5;152m[13de3729]&amp#27;[0m&amp#27;[38;5;86m[HTTP]&amp#27;[0m &amp#27;[37m<-- POST /session/13de3729-c895-401b-be56-06b3506a84fa/element/00000000-0000-0770-ffff-ffff0000001f/click &amp#27;[39m&amp#27;[32m200&amp#27;[39m &amp#27;[90m80 ms - 14&amp#27;[39m &amp#27;[90m&amp#27;[39m
&amp#27;[38;5;152m[13de3729]&amp#27;[0m&amp#27;[38;5;86m[HTTP]&amp#27;[0m &amp#27;[37m-->&amp#27;[39m &amp#27;[37mGET&amp#27;[39m &amp#27;[37m/session/13de3729-c895-401b-be56-06b3506a84fa/context&amp#27;[39m &amp#27;[90m{}&amp#27;[39m
&amp#27;[38;5;152m[13de3729]&amp#27;[0m&amp#27;[38;5;7m[AndroidUiautomator2Driver@4e0c]&amp#27;[0m Calling AppiumDriver.getCurrentContext() with args: ["13de3729-c895-401b-be56-06b3506a84fa"]
&amp#27;[38;5;152m[13de3729]&amp#27;[0m&amp#27;[38;5;7m[AndroidUiautomator2Driver@4e0c]&amp#27;[0m Responding to client with driver.getCurrentContext() result: "NATIVE_APP"
&amp#27;[38;5;152m[13de3729]&amp#27;[0m&amp#27;[38;5;86m[HTTP]&amp#27;[0m &amp#27;[37m<-- GET /session/13de3729-c895-401b-be56-06b3506a84fa/context &amp#27;[39m&amp#27;[32m200&amp#27;[39m &amp#27;[90m2 ms - 22&amp#27;[39m &amp#27;[90m&amp#27;[39m
&amp#27;[38;5;152m[13de3729]&amp#27;[0m&amp#27;[38;5;86m[HTTP]&amp#27;[0m &amp#27;[37m-->&amp#27;[39m &amp#27;[37mPOST&amp#27;[39m &amp#27;[37m/session/13de3729-c895-401b-be56-06b3506a84fa/element&amp#27;[39m &amp#27;[90m{"using":"id","value":"android:id/text1"}&amp#27;[39m
&amp#27;[38;5;152m[13de3729]&amp#27;[0m&amp#27;[38;5;7m[AndroidUiautomator2Driver@4e0c]&amp#27;[0m Calling AppiumDriver.findElement() with args: ["id","android:id/text1","13de3729-c895-401b-be56-06b3506a84fa"]
&amp#27;[38;5;152m[13de3729]&amp#27;[0m&amp#27;[38;5;7m[AndroidUiautomator2Driver@4e0c]&amp#27;[0m Valid locator strategies for this request: xpath, id, class name, accessibility id, css selector, -android uiautomator
&amp#27;[38;5;152m[13de3729]&amp#27;[0m&amp#27;[38;5;7m[AndroidUiautomator2Driver@4e0c]&amp#27;[0m Waiting up to 0 ms for condition
&amp#27;[38;5;152m[13de3729]&amp#27;[0m&amp#27;[38;5;7m[AndroidUiautomator2Driver@4e0c]&amp#27;[0m Matched '/element' to command name 'findElement'
&amp#27;[38;5;152m[13de3729]&amp#27;[0m&amp#27;[38;5;7m[AndroidUiautomator2Driver@4e0c]&amp#27;[0m Proxying [POST /element] to [POST http://127.0.0.1:8201/session/653bb3e6-547a-4487-bbe4-913d38674b2d/element] with body: {"strategy":"id","selector":"android:id/text1","context":"","multiple":false}
&amp#27;[38;5;152m[13de3729]&amp#27;[0m&amp#27;[38;5;7m[AndroidUiautomator2Driver@4e0c]&amp#27;[0m Got response with status 200: {"sessionId":"653bb3e6-547a-4487-bbe4-913d38674b2d","value":{"ELEMENT":"00000000-0000-0770-ffff-ffff00000024","element-6066-11e4-a52e-4f735466cecf":"00000000-0000-0770-ffff-ffff00000024"}}
&amp#27;[38;5;152m[13de3729]&amp#27;[0m&amp#27;[38;5;7m[AndroidUiautomator2Driver@4e0c]&amp#27;[0m Responding to client with driver.findElement() result: {"element-6066-11e4-a52e-4f735466cecf":"00000000-0000-0770-ffff-ffff00000024","ELEMENT":"00000000-0000-0770-ffff-ffff00000024"}
&amp#27;[38;5;152m[13de3729]&amp#27;[0m&amp#27;[38;5;86m[HTTP]&amp#27;[0m &amp#27;[37m<-- POST /session/13de3729-c895-401b-be56-06b3506a84fa/element &amp#27;[39m&amp#27;[32m200&amp#27;[39m &amp#27;[90m116 ms - 137&amp#27;[39m &amp#27;[90m&amp#27;[39m
&amp#27;[38;5;152m[13de3729]&amp#27;[0m&amp#27;[38;5;86m[HTTP]&amp#27;[0m &amp#27;[37m-->&amp#27;[39m &amp#27;[37mPOST&amp#27;[39m &amp#27;[37m/session/13de3729-c895-401b-be56-06b3506a84fa/element/00000000-0000-0770-ffff-ffff00000024/click&amp#27;[39m &amp#27;[90m{"id":"00000000-0000-0770-ffff-ffff00000024"}&amp#27;[39m
&amp#27;[38;5;152m[13de3729]&amp#27;[0m&amp#27;[38;5;7m[AndroidUiautomator2Driver@4e0c]&amp#27;[0m Calling AppiumDriver.click() with args: ["00000000-0000-0770-ffff-ffff00000024","13de3729-c895-401b-be56-06b3506a84fa"]
&amp#27;[38;5;152m[13de3729]&amp#27;[0m&amp#27;[38;5;7m[AndroidUiautomator2Driver@4e0c]&amp#27;[0m Matched '/element/00000000-0000-0770-ffff-ffff00000024/click' to command name 'click'
&amp#27;[38;5;152m[13de3729]&amp#27;[0m&amp#27;[38;5;7m[AndroidUiautomator2Driver@4e0c]&amp#27;[0m Proxying [POST /element/00000000-0000-0770-ffff-ffff00000024/click] to [POST http://127.0.0.1:8201/session/653bb3e6-547a-4487-bbe4-913d38674b2d/element/00000000-0000-0770-ffff-ffff00000024/click] with body: {"element":"00000000-0000-0770-ffff-ffff00000024"}
&amp#27;[38;5;152m[13de3729]&amp#27;[0m&amp#27;[38;5;7m[AndroidUiautomator2Driver@4e0c]&amp#27;[0m Got response with status 200: {"sessionId":"653bb3e6-547a-4487-bbe4-913d38674b2d","value":null}
&amp#27;[38;5;152m[13de3729]&amp#27;[0m&amp#27;[38;5;7m[AndroidUiautomator2Driver@4e0c]&amp#27;[0m Responding to client with driver.click() result: null
&amp#27;[38;5;152m[13de3729]&amp#27;[0m&amp#27;[38;5;86m[HTTP]&amp#27;[0m &amp#27;[37m<-- POST /session/13de3729-c895-401b-be56-06b3506a84fa/element/00000000-0000-0770-ffff-ffff00000024/click &amp#27;[39m&amp#27;[32m200&amp#27;[39m &amp#27;[90m454 ms - 14&amp#27;[39m &amp#27;[90m&amp#27;[39m
&amp#27;[38;5;152m[13de3729]&amp#27;[0m&amp#27;[38;5;86m[HTTP]&amp#27;[0m &amp#27;[37m-->&amp#27;[39m &amp#27;[37mPOST&amp#27;[39m &amp#27;[37m/session/13de3729-c895-401b-be56-06b3506a84fa/element&amp#27;[39m &amp#27;[90m{"using":"-android uiautomator","value":"new UiScrollable(new UiSelector()).scrollIntoView(text(\"Austria\"));"}&amp#27;[39m
&amp#27;[38;5;152m[13de3729]&amp#27;[0m&amp#27;[38;5;7m[AndroidUiautomator2Driver@4e0c]&amp#27;[0m Calling AppiumDriver.findElement() with args: ["-android uiautomator","new UiScrollable(new UiSelector()).scrollIntoView(text(\"Austria\"));","13de3729-c895-401b-be56-06b3506a84fa"]
&amp#27;[38;5;152m[13de3729]&amp#27;[0m&amp#27;[38;5;7m[AndroidUiautomator2Driver@4e0c]&amp#27;[0m Valid locator strategies for this request: xpath, id, class name, accessibility id, css selector, -android uiautomator
&amp#27;[38;5;152m[13de3729]&amp#27;[0m&amp#27;[38;5;7m[AndroidUiautomator2Driver@4e0c]&amp#27;[0m Waiting up to 0 ms for condition
&amp#27;[38;5;152m[13de3729]&amp#27;[0m&amp#27;[38;5;7m[AndroidUiautomator2Driver@4e0c]&amp#27;[0m Matched '/element' to command name 'findElement'
&amp#27;[38;5;152m[13de3729]&amp#27;[0m&amp#27;[38;5;7m[AndroidUiautomator2Driver@4e0c]&amp#27;[0m Proxying [POST /element] to [POST http://127.0.0.1:8201/session/653bb3e6-547a-4487-bbe4-913d38674b2d/element] with body: {"strategy":"-android uiautomator","selector":"new UiScrollable(new UiSelector()).scrollIntoView(text(\"Austria\"));","context":"","multiple":false}
&amp#27;[38;5;152m[13de3729]&amp#27;[0m&amp#27;[38;5;7m[AndroidUiautomator2Driver@4e0c]&amp#27;[0m Got response with status 200: {"sessionId":"653bb3e6-547a-4487-bbe4-913d38674b2d","value":{"ELEMENT":"00000000-0000-0771-ffff-ffff0000002c","element-6066-11e4-a52e-4f735466cecf":"00000000-0000-0771-ffff-ffff0000002c"}}
&amp#27;[38;5;152m[13de3729]&amp#27;[0m&amp#27;[38;5;7m[AndroidUiautomator2Driver@4e0c]&amp#27;[0m Responding to client with driver.findElement() result: {"element-6066-11e4-a52e-4f735466cecf":"00000000-0000-0771-ffff-ffff0000002c","ELEMENT":"00000000-0000-0771-ffff-ffff0000002c"}
&amp#27;[38;5;152m[13de3729]&amp#27;[0m&amp#27;[38;5;86m[HTTP]&amp#27;[0m &amp#27;[37m<-- POST /session/13de3729-c895-401b-be56-06b3506a84fa/element &amp#27;[39m&amp#27;[32m200&amp#27;[39m &amp#27;[90m5074 ms - 137&amp#27;[39m &amp#27;[90m&amp#27;[39m
&amp#27;[38;5;152m[13de3729]&amp#27;[0m&amp#27;[38;5;86m[HTTP]&amp#27;[0m &amp#27;[37m-->&amp#27;[39m &amp#27;[37mPOST&amp#27;[39m &amp#27;[37m/session/13de3729-c895-401b-be56-06b3506a84fa/element&amp#27;[39m &amp#27;[90m{"using":"xpath","value":"//android.widget.TextView[@text='Austria']"}&amp#27;[39m
&amp#27;[38;5;152m[13de3729]&amp#27;[0m&amp#27;[38;5;7m[AndroidUiautomator2Driver@4e0c]&amp#27;[0m Calling AppiumDriver.findElement() with args: ["xpath","//android.widget.TextView[@text='Austria']","13de3729-c895-401b-be56-06b3506a84fa"]
&amp#27;[38;5;152m[13de3729]&amp#27;[0m&amp#27;[38;5;7m[AndroidUiautomator2Driver@4e0c]&amp#27;[0m Valid locator strategies for this request: xpath, id, class name, accessibility id, css selector, -android uiautomator
&amp#27;[38;5;152m[13de3729]&amp#27;[0m&amp#27;[38;5;7m[AndroidUiautomator2Driver@4e0c]&amp#27;[0m Waiting up to 0 ms for condition
&amp#27;[38;5;152m[13de3729]&amp#27;[0m&amp#27;[38;5;7m[AndroidUiautomator2Driver@4e0c]&amp#27;[0m Matched '/element' to command name 'findElement'
&amp#27;[38;5;152m[13de3729]&amp#27;[0m&amp#27;[38;5;7m[AndroidUiautomator2Driver@4e0c]&amp#27;[0m Proxying [POST /element] to [POST http://127.0.0.1:8201/session/653bb3e6-547a-4487-bbe4-913d38674b2d/element] with body: {"strategy":"xpath","selector":"//android.widget.TextView[@text='Austria']","context":"","multiple":false}
&amp#27;[38;5;152m[13de3729]&amp#27;[0m&amp#27;[38;5;7m[AndroidUiautomator2Driver@4e0c]&amp#27;[0m Got response with status 200: {"sessionId":"653bb3e6-547a-4487-bbe4-913d38674b2d","value":{"ELEMENT":"00000000-0000-0771-ffff-ffff0000002c","element-6066-11e4-a52e-4f735466cecf":"00000000-0000-0771-ffff-ffff0000002c"}}
&amp#27;[38;5;152m[13de3729]&amp#27;[0m&amp#27;[38;5;7m[AndroidUiautomator2Driver@4e0c]&amp#27;[0m Responding to client with driver.findElement() result: {"element-6066-11e4-a52e-4f735466cecf":"00000000-0000-0771-ffff-ffff0000002c","ELEMENT":"00000000-0000-0771-ffff-ffff0000002c"}
&amp#27;[38;5;152m[13de3729]&amp#27;[0m&amp#27;[38;5;86m[HTTP]&amp#27;[0m &amp#27;[37m<-- POST /session/13de3729-c895-401b-be56-06b3506a84fa/element &amp#27;[39m&amp#27;[32m200&amp#27;[39m &amp#27;[90m115 ms - 137&amp#27;[39m &amp#27;[90m&amp#27;[39m
&amp#27;[38;5;152m[13de3729]&amp#27;[0m&amp#27;[38;5;86m[HTTP]&amp#27;[0m &amp#27;[37m-->&amp#27;[39m &amp#27;[37mPOST&amp#27;[39m &amp#27;[37m/session/13de3729-c895-401b-be56-06b3506a84fa/element/00000000-0000-0771-ffff-ffff0000002c/click&amp#27;[39m &amp#27;[90m{"id":"00000000-0000-0771-ffff-ffff0000002c"}&amp#27;[39m
&amp#27;[38;5;152m[13de3729]&amp#27;[0m&amp#27;[38;5;7m[AndroidUiautomator2Driver@4e0c]&amp#27;[0m Calling AppiumDriver.click() with args: ["00000000-0000-0771-ffff-ffff0000002c","13de3729-c895-401b-be56-06b3506a84fa"]
&amp#27;[38;5;152m[13de3729]&amp#27;[0m&amp#27;[38;5;7m[AndroidUiautomator2Driver@4e0c]&amp#27;[0m Matched '/element/00000000-0000-0771-ffff-ffff0000002c/click' to command name 'click'
&amp#27;[38;5;152m[13de3729]&amp#27;[0m&amp#27;[38;5;7m[AndroidUiautomator2Driver@4e0c]&amp#27;[0m Proxying [POST /element/00000000-0000-0771-ffff-ffff0000002c/click] to [POST http://127.0.0.1:8201/session/653bb3e6-547a-4487-bbe4-913d38674b2d/element/00000000-0000-0771-ffff-ffff0000002c/click] with body: {"element":"00000000-0000-0771-ffff-ffff0000002c"}
&amp#27;[38;5;152m[13de3729]&amp#27;[0m&amp#27;[38;5;7m[AndroidUiautomator2Driver@4e0c]&amp#27;[0m Got response with status 200: {"sessionId":"653bb3e6-547a-4487-bbe4-913d38674b2d","value":null}
&amp#27;[38;5;152m[13de3729]&amp#27;[0m&amp#27;[38;5;7m[AndroidUiautomator2Driver@4e0c]&amp#27;[0m Responding to client with driver.click() result: null
&amp#27;[38;5;152m[13de3729]&amp#27;[0m&amp#27;[38;5;86m[HTTP]&amp#27;[0m &amp#27;[37m<-- POST /session/13de3729-c895-401b-be56-06b3506a84fa/element/00000000-0000-0771-ffff-ffff0000002c/click &amp#27;[39m&amp#27;[32m200&amp#27;[39m &amp#27;[90m806 ms - 14&amp#27;[39m &amp#27;[90m&amp#27;[39m
&amp#27;[38;5;152m[13de3729]&amp#27;[0m&amp#27;[38;5;86m[HTTP]&amp#27;[0m &amp#27;[37m-->&amp#27;[39m &amp#27;[37mGET&amp#27;[39m &amp#27;[37m/session/13de3729-c895-401b-be56-06b3506a84fa/context&amp#27;[39m &amp#27;[90m{}&amp#27;[39m
&amp#27;[38;5;152m[13de3729]&amp#27;[0m&amp#27;[38;5;7m[AndroidUiautomator2Driver@4e0c]&amp#27;[0m Calling AppiumDriver.getCurrentContext() with args: ["13de3729-c895-401b-be56-06b3506a84fa"]
&amp#27;[38;5;152m[13de3729]&amp#27;[0m&amp#27;[38;5;7m[AndroidUiautomator2Driver@4e0c]&amp#27;[0m Responding to client with driver.getCurrentContext() result: "NATIVE_APP"
&amp#27;[38;5;152m[13de3729]&amp#27;[0m&amp#27;[38;5;86m[HTTP]&amp#27;[0m &amp#27;[37m<-- GET /session/13de3729-c895-401b-be56-06b3506a84fa/context &amp#27;[39m&amp#27;[32m200&amp#27;[39m &amp#27;[90m4 ms - 22&amp#27;[39m &amp#27;[90m&amp#27;[39m
&amp#27;[38;5;152m[13de3729]&amp#27;[0m&amp#27;[38;5;86m[HTTP]&amp#27;[0m &amp#27;[37m-->&amp#27;[39m &amp#27;[37mPOST&amp#27;[39m &amp#27;[37m/session/13de3729-c895-401b-be56-06b3506a84fa/element&amp#27;[39m &amp#27;[90m{"using":"id","value":"com.androidsample.generalstore:id/btnLetsShop"}&amp#27;[39m
&amp#27;[38;5;152m[13de3729]&amp#27;[0m&amp#27;[38;5;7m[AndroidUiautomator2Driver@4e0c]&amp#27;[0m Calling AppiumDriver.findElement() with args: ["id","com.androidsample.generalstore:id/btnLetsShop","13de3729-c895-401b-be56-06b3506a84fa"]
&amp#27;[38;5;152m[13de3729]&amp#27;[0m&amp#27;[38;5;7m[AndroidUiautomator2Driver@4e0c]&amp#27;[0m Valid locator strategies for this request: xpath, id, class name, accessibility id, css selector, -android uiautomator
&amp#27;[38;5;152m[13de3729]&amp#27;[0m&amp#27;[38;5;7m[AndroidUiautomator2Driver@4e0c]&amp#27;[0m Waiting up to 0 ms for condition
&amp#27;[38;5;152m[13de3729]&amp#27;[0m&amp#27;[38;5;7m[AndroidUiautomator2Driver@4e0c]&amp#27;[0m Matched '/element' to command name 'findElement'
&amp#27;[38;5;152m[13de3729]&amp#27;[0m&amp#27;[38;5;7m[AndroidUiautomator2Driver@4e0c]&amp#27;[0m Proxying [POST /element] to [POST http://127.0.0.1:8201/session/653bb3e6-547a-4487-bbe4-913d38674b2d/element] with body: {"strategy":"id","selector":"com.androidsample.generalstore:id/btnLetsShop","context":"","multiple":false}
&amp#27;[38;5;152m[13de3729]&amp#27;[0m&amp#27;[38;5;7m[AndroidUiautomator2Driver@4e0c]&amp#27;[0m Got response with status 200: {"sessionId":"653bb3e6-547a-4487-bbe4-913d38674b2d","value":{"ELEMENT":"00000000-0000-0770-ffff-ffff00000021","element-6066-11e4-a52e-4f735466cecf":"00000000-0000-0770-ffff-ffff00000021"}}
&amp#27;[38;5;152m[13de3729]&amp#27;[0m&amp#27;[38;5;7m[AndroidUiautomator2Driver@4e0c]&amp#27;[0m Responding to client with driver.findElement() result: {"element-6066-11e4-a52e-4f735466cecf":"00000000-0000-0770-ffff-ffff00000021","ELEMENT":"00000000-0000-0770-ffff-ffff00000021"}
&amp#27;[38;5;152m[13de3729]&amp#27;[0m&amp#27;[38;5;86m[HTTP]&amp#27;[0m &amp#27;[37m<-- POST /session/13de3729-c895-401b-be56-06b3506a84fa/element &amp#27;[39m&amp#27;[32m200&amp#27;[39m &amp#27;[90m64 ms - 137&amp#27;[39m &amp#27;[90m&amp#27;[39m
&amp#27;[38;5;152m[13de3729]&amp#27;[0m&amp#27;[38;5;86m[HTTP]&amp#27;[0m &amp#27;[37m-->&amp#27;[39m &amp#27;[37mPOST&amp#27;[39m &amp#27;[37m/session/13de3729-c895-401b-be56-06b3506a84fa/element/00000000-0000-0770-ffff-ffff00000021/click&amp#27;[39m &amp#27;[90m{"id":"00000000-0000-0770-ffff-ffff00000021"}&amp#27;[39m
&amp#27;[38;5;152m[13de3729]&amp#27;[0m&amp#27;[38;5;7m[AndroidUiautomator2Driver@4e0c]&amp#27;[0m Calling AppiumDriver.click() with args: ["00000000-0000-0770-ffff-ffff00000021","13de3729-c895-401b-be56-06b3506a84fa"]
&amp#27;[38;5;152m[13de3729]&amp#27;[0m&amp#27;[38;5;7m[AndroidUiautomator2Driver@4e0c]&amp#27;[0m Matched '/element/00000000-0000-0770-ffff-ffff00000021/click' to command name 'click'
&amp#27;[38;5;152m[13de3729]&amp#27;[0m&amp#27;[38;5;7m[AndroidUiautomator2Driver@4e0c]&amp#27;[0m Proxying [POST /element/00000000-0000-0770-ffff-ffff00000021/click] to [POST http://127.0.0.1:8201/session/653bb3e6-547a-4487-bbe4-913d38674b2d/element/00000000-0000-0770-ffff-ffff00000021/click] with body: {"element":"00000000-0000-0770-ffff-ffff00000021"}
&amp#27;[38;5;152m[13de3729]&amp#27;[0m&amp#27;[38;5;7m[AndroidUiautomator2Driver@4e0c]&amp#27;[0m Got response with status 200: {"sessionId":"653bb3e6-547a-4487-bbe4-913d38674b2d","value":null}
&amp#27;[38;5;152m[13de3729]&amp#27;[0m&amp#27;[38;5;7m[AndroidUiautomator2Driver@4e0c]&amp#27;[0m Responding to client with driver.click() result: null
&amp#27;[38;5;152m[13de3729]&amp#27;[0m&amp#27;[38;5;86m[HTTP]&amp#27;[0m &amp#27;[37m<-- POST /session/13de3729-c895-401b-be56-06b3506a84fa/element/00000000-0000-0770-ffff-ffff00000021/click &amp#27;[39m&amp#27;[32m200&amp#27;[39m &amp#27;[90m73 ms - 14&amp#27;[39m &amp#27;[90m&amp#27;[39m
&amp#27;[38;5;152m[13de3729]&amp#27;[0m&amp#27;[38;5;86m[HTTP]&amp#27;[0m &amp#27;[37m-->&amp#27;[39m &amp#27;[37mGET&amp#27;[39m &amp#27;[37m/session/13de3729-c895-401b-be56-06b3506a84fa/context&amp#27;[39m &amp#27;[90m{}&amp#27;[39m
&amp#27;[38;5;152m[13de3729]&amp#27;[0m&amp#27;[38;5;7m[AndroidUiautomator2Driver@4e0c]&amp#27;[0m Calling AppiumDriver.getCurrentContext() with args: ["13de3729-c895-401b-be56-06b3506a84fa"]
&amp#27;[38;5;152m[13de3729]&amp#27;[0m&amp#27;[38;5;7m[AndroidUiautomator2Driver@4e0c]&amp#27;[0m Responding to client with driver.getCurrentContext() result: "NATIVE_APP"
&amp#27;[38;5;152m[13de3729]&amp#27;[0m&amp#27;[38;5;86m[HTTP]&amp#27;[0m &amp#27;[37m<-- GET /session/13de3729-c895-401b-be56-06b3506a84fa/context &amp#27;[39m&amp#27;[32m200&amp#27;[39m &amp#27;[90m2 ms - 22&amp#27;[39m &amp#27;[90m&amp#27;[39m
&amp#27;[38;5;152m[13de3729]&amp#27;[0m&amp#27;[38;5;86m[HTTP]&amp#27;[0m &amp#27;[37m-->&amp#27;[39m &amp#27;[37mPOST&amp#27;[39m &amp#27;[37m/session/13de3729-c895-401b-be56-06b3506a84fa/element&amp#27;[39m &amp#27;[90m{"using":"xpath","value":"//android.widget.TextView[@resource-id='com.androidsample.generalstore:id/productName']"}&amp#27;[39m
&amp#27;[38;5;152m[13de3729]&amp#27;[0m&amp#27;[38;5;7m[AndroidUiautomator2Driver@4e0c]&amp#27;[0m Calling AppiumDriver.findElement() with args: ["xpath","//android.widget.TextView[@resource-id='com.androidsample.generalstore:id/productName']","13de3729-c895-401b-be56-06b3506a84fa"]
&amp#27;[38;5;152m[13de3729]&amp#27;[0m&amp#27;[38;5;7m[AndroidUiautomator2Driver@4e0c]&amp#27;[0m Valid locator strategies for this request: xpath, id, class name, accessibility id, css selector, -android uiautomator
&amp#27;[38;5;152m[13de3729]&amp#27;[0m&amp#27;[38;5;7m[AndroidUiautomator2Driver@4e0c]&amp#27;[0m Waiting up to 0 ms for condition
&amp#27;[38;5;152m[13de3729]&amp#27;[0m&amp#27;[38;5;7m[AndroidUiautomator2Driver@4e0c]&amp#27;[0m Matched '/element' to command name 'findElement'
&amp#27;[38;5;152m[13de3729]&amp#27;[0m&amp#27;[38;5;7m[AndroidUiautomator2Driver@4e0c]&amp#27;[0m Proxying [POST /element] to [POST http://127.0.0.1:8201/session/653bb3e6-547a-4487-bbe4-913d38674b2d/element] with body: {"strategy":"xpath","selector":"//android.widget.TextView[@resource-id='com.androidsample.generalstore:id/productName']","context":"","multiple":false}
&amp#27;[38;5;152m[13de3729]&amp#27;[0m&amp#27;[38;5;7m[AndroidUiautomator2Driver@4e0c]&amp#27;[0m Got response with status 404: {"sessionId":"653bb3e6-547a-4487-bbe4-913d38674b2d","value":{"error":"no such element","message":"An element could not be located on the page using the given search parameters","stacktrace":"io.appium.uiautomator2.common.exceptions.ElementNotFoundException: An element could not be located on the page using the given search parameters\n\tat io.appium.uiautomator2.utils.ElementLocationHelpers.findElement(ElementLocationHelpers.java:156)\n\tat io.appium.uiautomator2.handler.FindElement.safeHandle(FindElement.java:60)\n\tat io.appium.uiautomator2.handler.request.SafeRequestHandler.handle(SafeRequestHandler.java:59)\n\tat io.appium.uiautomator2.server.AppiumServlet.handleRequest(AppiumServlet.java:259)\n\tat io.appium.uiautomator2.server.AppiumServlet.handleHttpRequest(AppiumServlet.java:253)\n\tat io.appium.uiautomator2.http.ServerHandler.channelRead(ServerHandler.java:77)\n\tat io.netty.channel.AbstractChannelHandlerContext.invokeChannelRead(AbstractChannelHandlerContext.java:366)\n\tat io.netty.channel.Abstr...
&amp#27;[38;5;152m[13de3729]&amp#27;[0m&amp#27;[38;5;123m[W3C]&amp#27;[0m Matched W3C error code 'no such element' to NoSuchElementError
&amp#27;[38;5;152m[13de3729]&amp#27;[0m&amp#27;[38;5;7m[AndroidUiautomator2Driver@4e0c]&amp#27;[0m Encountered internal error running command: NoSuchElementError: An element could not be located on the page using the given search parameters.
    at AndroidUiautomator2Driver.findElOrEls (C:\Users\User1\.appium\node_modules\appium-uiautomator2-driver\node_modules\appium-android-driver\lib\commands\find.ts:86:11)
    at processTicksAndRejections (node:internal/process/task_queues:95:5)
    at AndroidUiautomator2Driver.findElOrElsWithProcessing (C:\Users\User1\AppData\Roaming\npm\node_modules\appium\node_modules\@appium\base-driver\lib\basedriver\commands\find.ts:60:12)
    at AndroidUiautomator2Driver.findElement (C:\Users\User1\AppData\Roaming\npm\node_modules\appium\node_modules\@appium\base-driver\lib\basedriver\commands\find.ts:75:12)
&amp#27;[38;5;152m[13de3729]&amp#27;[0m&amp#27;[38;5;86m[HTTP]&amp#27;[0m &amp#27;[37m<-- POST /session/13de3729-c895-401b-be56-06b3506a84fa/element &amp#27;[39m&amp#27;[33m404&amp#27;[39m &amp#27;[90m456 ms - 890&amp#27;[39m &amp#27;[90m&amp#27;[39m
&amp#27;[38;5;152m[13de3729]&amp#27;[0m&amp#27;[38;5;86m[HTTP]&amp#27;[0m &amp#27;[37m-->&amp#27;[39m &amp#27;[37mPOST&amp#27;[39m &amp#27;[37m/session/13de3729-c895-401b-be56-06b3506a84fa/element&amp#27;[39m &amp#27;[90m{"using":"xpath","value":"//android.widget.TextView[@resource-id='com.androidsample.generalstore:id/productName']"}&amp#27;[39m
&amp#27;[38;5;152m[13de3729]&amp#27;[0m&amp#27;[38;5;7m[AndroidUiautomator2Driver@4e0c]&amp#27;[0m Calling AppiumDriver.findElement() with args: ["xpath","//android.widget.TextView[@resource-id='com.androidsample.generalstore:id/productName']","13de3729-c895-401b-be56-06b3506a84fa"]
&amp#27;[38;5;152m[13de3729]&amp#27;[0m&amp#27;[38;5;7m[AndroidUiautomator2Driver@4e0c]&amp#27;[0m Valid locator strategies for this request: xpath, id, class name, accessibility id, css selector, -android uiautomator
&amp#27;[38;5;152m[13de3729]&amp#27;[0m&amp#27;[38;5;7m[AndroidUiautomator2Driver@4e0c]&amp#27;[0m Waiting up to 0 ms for condition
&amp#27;[38;5;152m[13de3729]&amp#27;[0m&amp#27;[38;5;7m[AndroidUiautomator2Driver@4e0c]&amp#27;[0m Matched '/element' to command name 'findElement'
&amp#27;[38;5;152m[13de3729]&amp#27;[0m&amp#27;[38;5;7m[AndroidUiautomator2Driver@4e0c]&amp#27;[0m Proxying [POST /element] to [POST http://127.0.0.1:8201/session/653bb3e6-547a-4487-bbe4-913d38674b2d/element] with body: {"strategy":"xpath","selector":"//android.widget.TextView[@resource-id='com.androidsample.generalstore:id/productName']","context":"","multiple":false}
&amp#27;[38;5;152m[13de3729]&amp#27;[0m&amp#27;[38;5;7m[AndroidUiautomator2Driver@4e0c]&amp#27;[0m Got response with status 200: {"sessionId":"653bb3e6-547a-4487-bbe4-913d38674b2d","value":{"ELEMENT":"00000000-0000-0772-ffff-ffff0000004d","element-6066-11e4-a52e-4f735466cecf":"00000000-0000-0772-ffff-ffff0000004d"}}
&amp#27;[38;5;152m[13de3729]&amp#27;[0m&amp#27;[38;5;7m[AndroidUiautomator2Driver@4e0c]&amp#27;[0m Responding to client with driver.findElement() result: {"element-6066-11e4-a52e-4f735466cecf":"00000000-0000-0772-ffff-ffff0000004d","ELEMENT":"00000000-0000-0772-ffff-ffff0000004d"}
&amp#27;[38;5;152m[13de3729]&amp#27;[0m&amp#27;[38;5;86m[HTTP]&amp#27;[0m &amp#27;[37m<-- POST /session/13de3729-c895-401b-be56-06b3506a84fa/element &amp#27;[39m&amp#27;[32m200&amp#27;[39m &amp#27;[90m682 ms - 137&amp#27;[39m &amp#27;[90m&amp#27;[39m
&amp#27;[38;5;152m[13de3729]&amp#27;[0m&amp#27;[38;5;86m[HTTP]&amp#27;[0m &amp#27;[37m-->&amp#27;[39m &amp#27;[37mGET&amp#27;[39m &amp#27;[37m/session/13de3729-c895-401b-be56-06b3506a84fa/element/00000000-0000-0772-ffff-ffff0000004d/displayed&amp#27;[39m &amp#27;[90m{}&amp#27;[39m
&amp#27;[38;5;152m[13de3729]&amp#27;[0m&amp#27;[38;5;7m[AndroidUiautomator2Driver@4e0c]&amp#27;[0m Calling AppiumDriver.elementDisplayed() with args: ["00000000-0000-0772-ffff-ffff0000004d","13de3729-c895-401b-be56-06b3506a84fa"]
&amp#27;[38;5;152m[13de3729]&amp#27;[0m&amp#27;[38;5;7m[AndroidUiautomator2Driver@4e0c]&amp#27;[0m Matched '/element/00000000-0000-0772-ffff-ffff0000004d/attribute/displayed' to command name 'getAttribute'
&amp#27;[38;5;152m[13de3729]&amp#27;[0m&amp#27;[38;5;7m[AndroidUiautomator2Driver@4e0c]&amp#27;[0m Proxying [GET /element/00000000-0000-0772-ffff-ffff0000004d/attribute/displayed] to [GET http://127.0.0.1:8201/session/653bb3e6-547a-4487-bbe4-913d38674b2d/element/00000000-0000-0772-ffff-ffff0000004d/attribute/displayed] with no body
&amp#27;[38;5;152m[13de3729]&amp#27;[0m&amp#27;[38;5;7m[AndroidUiautomator2Driver@4e0c]&amp#27;[0m Got response with status 200: {"sessionId":"653bb3e6-547a-4487-bbe4-913d38674b2d","value":"true"}
&amp#27;[38;5;152m[13de3729]&amp#27;[0m&amp#27;[38;5;7m[AndroidUiautomator2Driver@4e0c]&amp#27;[0m Responding to client with driver.elementDisplayed() result: true
&amp#27;[38;5;152m[13de3729]&amp#27;[0m&amp#27;[38;5;86m[HTTP]&amp#27;[0m &amp#27;[37m<-- GET /session/13de3729-c895-401b-be56-06b3506a84fa/element/00000000-0000-0772-ffff-ffff0000004d/displayed &amp#27;[39m&amp#27;[32m200&amp#27;[39m &amp#27;[90m19 ms - 14&amp#27;[39m &amp#27;[90m&amp#27;[39m
&amp#27;[38;5;152m[13de3729]&amp#27;[0m&amp#27;[38;5;86m[HTTP]&amp#27;[0m &amp#27;[37m-->&amp#27;[39m &amp#27;[37mGET&amp#27;[39m &amp#27;[37m/session/13de3729-c895-401b-be56-06b3506a84fa/context&amp#27;[39m &amp#27;[90m{}&amp#27;[39m
&amp#27;[38;5;152m[13de3729]&amp#27;[0m&amp#27;[38;5;7m[AndroidUiautomator2Driver@4e0c]&amp#27;[0m Calling AppiumDriver.getCurrentContext() with args: ["13de3729-c895-401b-be56-06b3506a84fa"]
&amp#27;[38;5;152m[13de3729]&amp#27;[0m&amp#27;[38;5;7m[AndroidUiautomator2Driver@4e0c]&amp#27;[0m Responding to client with driver.getCurrentContext() result: "NATIVE_APP"
&amp#27;[38;5;152m[13de3729]&amp#27;[0m&amp#27;[38;5;86m[HTTP]&amp#27;[0m &amp#27;[37m<-- GET /session/13de3729-c895-401b-be56-06b3506a84fa/context &amp#27;[39m&amp#27;[32m200&amp#27;[39m &amp#27;[90m1 ms - 22&amp#27;[39m &amp#27;[90m&amp#27;[39m
&amp#27;[38;5;152m[13de3729]&amp#27;[0m&amp#27;[38;5;86m[HTTP]&amp#27;[0m &amp#27;[37m-->&amp#27;[39m &amp#27;[37mPOST&amp#27;[39m &amp#27;[37m/session/13de3729-c895-401b-be56-06b3506a84fa/element&amp#27;[39m &amp#27;[90m{"using":"xpath","value":"//android.widget.TextView[@resource-id='com.androidsample.generalstore:id/productName']"}&amp#27;[39m
&amp#27;[38;5;152m[13de3729]&amp#27;[0m&amp#27;[38;5;7m[AndroidUiautomator2Driver@4e0c]&amp#27;[0m Calling AppiumDriver.findElement() with args: ["xpath","//android.widget.TextView[@resource-id='com.androidsample.generalstore:id/productName']","13de3729-c895-401b-be56-06b3506a84fa"]
&amp#27;[38;5;152m[13de3729]&amp#27;[0m&amp#27;[38;5;7m[AndroidUiautomator2Driver@4e0c]&amp#27;[0m Valid locator strategies for this request: xpath, id, class name, accessibility id, css selector, -android uiautomator
&amp#27;[38;5;152m[13de3729]&amp#27;[0m&amp#27;[38;5;7m[AndroidUiautomator2Driver@4e0c]&amp#27;[0m Waiting up to 0 ms for condition
&amp#27;[38;5;152m[13de3729]&amp#27;[0m&amp#27;[38;5;7m[AndroidUiautomator2Driver@4e0c]&amp#27;[0m Matched '/element' to command name 'findElement'
&amp#27;[38;5;152m[13de3729]&amp#27;[0m&amp#27;[38;5;7m[AndroidUiautomator2Driver@4e0c]&amp#27;[0m Proxying [POST /element] to [POST http://127.0.0.1:8201/session/653bb3e6-547a-4487-bbe4-913d38674b2d/element] with body: {"strategy":"xpath","selector":"//android.widget.TextView[@resource-id='com.androidsample.generalstore:id/productName']","context":"","multiple":false}
&amp#27;[38;5;152m[13de3729]&amp#27;[0m&amp#27;[38;5;7m[AndroidUiautomator2Driver@4e0c]&amp#27;[0m Got response with status 200: {"sessionId":"653bb3e6-547a-4487-bbe4-913d38674b2d","value":{"ELEMENT":"00000000-0000-0772-ffff-ffff0000004d","element-6066-11e4-a52e-4f735466cecf":"00000000-0000-0772-ffff-ffff0000004d"}}
&amp#27;[38;5;152m[13de3729]&amp#27;[0m&amp#27;[38;5;7m[AndroidUiautomator2Driver@4e0c]&amp#27;[0m Responding to client with driver.findElement() result: {"element-6066-11e4-a52e-4f735466cecf":"00000000-0000-0772-ffff-ffff0000004d","ELEMENT":"00000000-0000-0772-ffff-ffff0000004d"}
&amp#27;[38;5;152m[13de3729]&amp#27;[0m&amp#27;[38;5;86m[HTTP]&amp#27;[0m &amp#27;[37m<-- POST /session/13de3729-c895-401b-be56-06b3506a84fa/element &amp#27;[39m&amp#27;[32m200&amp#27;[39m &amp#27;[90m90 ms - 137&amp#27;[39m &amp#27;[90m&amp#27;[39m
&amp#27;[38;5;152m[13de3729]&amp#27;[0m&amp#27;[38;5;86m[HTTP]&amp#27;[0m &amp#27;[37m-->&amp#27;[39m &amp#27;[37mGET&amp#27;[39m &amp#27;[37m/session/13de3729-c895-401b-be56-06b3506a84fa/element/00000000-0000-0772-ffff-ffff0000004d/displayed&amp#27;[39m &amp#27;[90m{}&amp#27;[39m
&amp#27;[38;5;152m[13de3729]&amp#27;[0m&amp#27;[38;5;7m[AndroidUiautomator2Driver@4e0c]&amp#27;[0m Calling AppiumDriver.elementDisplayed() with args: ["00000000-0000-0772-ffff-ffff0000004d","13de3729-c895-401b-be56-06b3506a84fa"]
&amp#27;[38;5;152m[13de3729]&amp#27;[0m&amp#27;[38;5;7m[AndroidUiautomator2Driver@4e0c]&amp#27;[0m Matched '/element/00000000-0000-0772-ffff-ffff0000004d/attribute/displayed' to command name 'getAttribute'
&amp#27;[38;5;152m[13de3729]&amp#27;[0m&amp#27;[38;5;7m[AndroidUiautomator2Driver@4e0c]&amp#27;[0m Proxying [GET /element/00000000-0000-0772-ffff-ffff0000004d/attribute/displayed] to [GET http://127.0.0.1:8201/session/653bb3e6-547a-4487-bbe4-913d38674b2d/element/00000000-0000-0772-ffff-ffff0000004d/attribute/displayed] with no body
&amp#27;[38;5;152m[13de3729]&amp#27;[0m&amp#27;[38;5;7m[AndroidUiautomator2Driver@4e0c]&amp#27;[0m Got response with status 200: {"sessionId":"653bb3e6-547a-4487-bbe4-913d38674b2d","value":"true"}
&amp#27;[38;5;152m[13de3729]&amp#27;[0m&amp#27;[38;5;7m[AndroidUiautomator2Driver@4e0c]&amp#27;[0m Responding to client with driver.elementDisplayed() result: true
&amp#27;[38;5;152m[13de3729]&amp#27;[0m&amp#27;[38;5;86m[HTTP]&amp#27;[0m &amp#27;[37m<-- GET /session/13de3729-c895-401b-be56-06b3506a84fa/element/00000000-0000-0772-ffff-ffff0000004d/displayed &amp#27;[39m&amp#27;[32m200&amp#27;[39m &amp#27;[90m21 ms - 14&amp#27;[39m &amp#27;[90m&amp#27;[39m
Test Passed: isProductNameVisible
]]></system-out>
  </testcase>
  <testcase name="isProductVisibleInCart[{name=Raj, country=Austria, product=Converse All Star, genderFemale=Female, genderMale=Male}](1)" classname="testCases.ProductPageTest" time="16.866">
    <system-out><![CDATA[&amp#27;[38;5;152m[13de3729]&amp#27;[0m&amp#27;[38;5;86m[HTTP]&amp#27;[0m &amp#27;[37m-->&amp#27;[39m &amp#27;[37mDELETE&amp#27;[39m &amp#27;[37m/session/13de3729-c895-401b-be56-06b3506a84fa&amp#27;[39m &amp#27;[90m{}&amp#27;[39m
&amp#27;[38;5;152m[13de3729]&amp#27;[0m&amp#27;[38;5;7m[AndroidUiautomator2Driver@4e0c]&amp#27;[0m Calling AppiumDriver.deleteSession() with args: ["13de3729-c895-401b-be56-06b3506a84fa"]
&amp#27;[38;5;152m[13de3729]&amp#27;[0m&amp#27;[38;5;157m[AppiumDriver@534c]&amp#27;[0m Event 'quitSessionRequested' logged at 1744635192880 (18:23:12 GMT+0530 (India Standard Time))
&amp#27;[38;5;152m[13de3729]&amp#27;[0m&amp#27;[38;5;157m[AppiumDriver@534c]&amp#27;[0m Removing session 13de3729-c895-401b-be56-06b3506a84fa from our master session list
&amp#27;[38;5;152m[13de3729]&amp#27;[0m&amp#27;[38;5;7m[AndroidUiautomator2Driver@4e0c]&amp#27;[0m Deleting UiAutomator2 session
&amp#27;[38;5;152m[13de3729]&amp#27;[0m&amp#27;[38;5;7m[AndroidUiautomator2Driver@4e0c]&amp#27;[0m Deleting UiAutomator2 server session
&amp#27;[38;5;152m[13de3729]&amp#27;[0m&amp#27;[38;5;7m[AndroidUiautomator2Driver@4e0c]&amp#27;[0m Matched '/' to command name 'deleteSession'
&amp#27;[38;5;152m[13de3729]&amp#27;[0m&amp#27;[38;5;7m[AndroidUiautomator2Driver@4e0c]&amp#27;[0m Proxying [DELETE /] to [DELETE http://127.0.0.1:8201/session/653bb3e6-547a-4487-bbe4-913d38674b2d] with no body
&amp#27;[38;5;152m[13de3729]&amp#27;[0m&amp#27;[38;5;7m[AndroidUiautomator2Driver@4e0c]&amp#27;[0m Got response with status 200: {"sessionId":"653bb3e6-547a-4487-bbe4-913d38674b2d","value":null}
&amp#27;[38;5;152m[13de3729]&amp#27;[0m&amp#27;[38;5;7m[AndroidUiautomator2Driver@4e0c]&amp#27;[0m [Instrumentation] io.appium.uiautomator2.server.test.AppiumUiAutomator2Server:
&amp#27;[38;5;152m[13de3729]&amp#27;[0m&amp#27;[38;5;7m[AndroidUiautomator2Driver@4e0c]&amp#27;[0m [Instrumentation] The process has exited with code null, signal SIGTERM
&amp#27;[38;5;152m[13de3729]&amp#27;[0m&amp#27;[38;5;229m[ADB]&amp#27;[0m Running 'C:\Users\User1\AppData\Local\Android\Sdk\platform-tools\adb.exe -P 5037 -s emulator-5554 shell dumpsys activity services io.appium.settings/.recorder.RecorderService'
&amp#27;[38;5;152m[13de3729]&amp#27;[0m&amp#27;[38;5;229m[ADB]&amp#27;[0m Running 'C:\Users\User1\AppData\Local\Android\Sdk\platform-tools\adb.exe -P 5037 -s emulator-5554 shell am force-stop com.androidsample.generalstore'
&amp#27;[38;5;152m[13de3729]&amp#27;[0m&amp#27;[38;5;229m[ADB]&amp#27;[0m Removing forwarded port socket connection: 8201 
&amp#27;[38;5;152m[13de3729]&amp#27;[0m&amp#27;[38;5;229m[ADB]&amp#27;[0m Running 'C:\Users\User1\AppData\Local\Android\Sdk\platform-tools\adb.exe -P 5037 -s emulator-5554 forward --remove tcp:8201'
&amp#27;[38;5;152m[13de3729]&amp#27;[0m&amp#27;[38;5;7m[AndroidUiautomator2Driver@4e0c]&amp#27;[0m Restoring hidden api policy to the device default configuration
&amp#27;[38;5;152m[13de3729]&amp#27;[0m&amp#27;[38;5;229m[ADB]&amp#27;[0m Running 'C:\Users\User1\AppData\Local\Android\Sdk\platform-tools\adb.exe -P 5037 -s emulator-5554 shell 'settings delete global hidden_api_policy_pre_p_apps;settings delete global hidden_api_policy_p_apps;settings delete global hidden_api_policy''
&amp#27;[38;5;152m[13de3729]&amp#27;[0m&amp#27;[38;5;160m[Logcat]&amp#27;[0m Stopping logcat capture
&amp#27;[38;5;152m[13de3729]&amp#27;[0m&amp#27;[38;5;157m[AppiumDriver@534c]&amp#27;[0m Event 'quitSessionFinished' logged at 1744635193375 (18:23:13 GMT+0530 (India Standard Time))
&amp#27;[38;5;152m[13de3729]&amp#27;[0m&amp#27;[38;5;157m[AppiumDriver@534c]&amp#27;[0m Received response: null
&amp#27;[38;5;152m[13de3729]&amp#27;[0m&amp#27;[38;5;157m[AppiumDriver@534c]&amp#27;[0m But deleting session, so not returning
&amp#27;[38;5;152m[13de3729]&amp#27;[0m&amp#27;[38;5;157m[AppiumDriver@534c]&amp#27;[0m Responding to client with driver.deleteSession() result: null
&amp#27;[38;5;152m[13de3729]&amp#27;[0m&amp#27;[38;5;86m[HTTP]&amp#27;[0m &amp#27;[37m<-- DELETE /session/13de3729-c895-401b-be56-06b3506a84fa &amp#27;[39m&amp#27;[32m200&amp#27;[39m &amp#27;[90m496 ms - 14&amp#27;[39m &amp#27;[90m&amp#27;[39m
&amp#27;[38;5;112m[Appium]&amp#27;[0m Welcome to Appium v2.11.5
&amp#27;[38;5;112m[Appium]&amp#27;[0m The autodetected Appium home path: C:\Users\User1\.appium
&amp#27;[38;5;112m[Appium]&amp#27;[0m Attempting to load driver uiautomator2...
&amp#27;[38;5;112m[Appium]&amp#27;[0m Attempting to load driver xcuitest...
&amp#27;[38;5;112m[Appium]&amp#27;[0m Attempting to load driver espresso...
&amp#27;[38;5;112m[Appium]&amp#27;[0m Requiring driver at C:\Users\User1\.appium\node_modules\appium-uiautomator2-driver\build\index.js
&amp#27;[38;5;112m[Appium]&amp#27;[0m Requiring driver at C:\Users\User1\.appium\node_modules\appium-xcuitest-driver\build\index.js
&amp#27;[38;5;112m[Appium]&amp#27;[0m Requiring driver at C:\Users\User1\.appium\node_modules\appium-espresso-driver\build\index.js
&amp#27;[38;5;112m[Appium]&amp#27;[0m AndroidUiautomator2Driver has been successfully loaded in 3.158s
&amp#27;[38;5;112m[Appium]&amp#27;[0m XCUITestDriver has been successfully loaded in 3.158s
&amp#27;[38;5;112m[Appium]&amp#27;[0m EspressoDriver has been successfully loaded in 3.157s
&amp#27;[38;5;112m[Appium]&amp#27;[0m Attempting to load driver gecko...
&amp#27;[38;5;112m[Appium]&amp#27;[0m Requiring driver at C:\Users\User1\.appium\node_modules\appium-geckodriver\build\index.js
&amp#27;[38;5;112m[Appium]&amp#27;[0m GeckoDriver has been successfully loaded in 0.112s
&amp#27;[38;5;112m[Appium]&amp#27;[0m Appium REST http interface listener started on http://0.0.0.0:4723
&amp#27;[38;5;112m[Appium]&amp#27;[0m You can provide the following URLs in your client code to connect to this server:
	http://192.168.0.114:4723/
	http://127.0.0.1:4723/ (only accessible from the same host)
&amp#27;[38;5;112m[Appium]&amp#27;[0m Available drivers:
&amp#27;[38;5;112m[Appium]&amp#27;[0m   - uiautomator2@3.8.0 (automationName 'UiAutomator2')
&amp#27;[38;5;112m[Appium]&amp#27;[0m   - xcuitest@7.27.1 (automationName 'XCUITest')
&amp#27;[38;5;112m[Appium]&amp#27;[0m   - espresso@3.5.0 (automationName 'Espresso')
&amp#27;[38;5;112m[Appium]&amp#27;[0m   - gecko@1.4.0 (automationName 'Gecko')
&amp#27;[38;5;112m[Appium]&amp#27;[0m No plugins have been installed. Use the "appium plugin" command to install the one(s) you want to use.
&amp#27;[38;5;86m[HTTP]&amp#27;[0m &amp#27;[37m-->&amp#27;[39m &amp#27;[37mGET&amp#27;[39m &amp#27;[37m/status&amp#27;[39m &amp#27;[90m{}&amp#27;[39m
&amp#27;[38;5;50m[AppiumDriver@8761]&amp#27;[0m Calling AppiumDriver.getStatus() with args: []
&amp#27;[38;5;50m[AppiumDriver@8761]&amp#27;[0m Responding to client with driver.getStatus() result: {"ready":true,"message":"The server is ready to accept new connections","build":{"version":"2.11.5"}}
&amp#27;[38;5;86m[HTTP]&amp#27;[0m &amp#27;[37m<-- GET /status &amp#27;[39m&amp#27;[32m200&amp#27;[39m &amp#27;[90m9 ms - 111&amp#27;[39m &amp#27;[90m&amp#27;[39m
&amp#27;[38;5;86m[HTTP]&amp#27;[0m Request idempotency key: 080a9bc9-7293-4742-95aa-d26693561f77
&amp#27;[38;5;86m[HTTP]&amp#27;[0m &amp#27;[37m-->&amp#27;[39m &amp#27;[37mPOST&amp#27;[39m &amp#27;[37m/session&amp#27;[39m &amp#27;[90m{"capabilities":{"firstMatch":[{"appium:chromedriverExecutable":"C://Users//User1//Downloads//chromedriver-win64//chromedriver-win64//chromedriver.exe","appium:deviceName":"Rajemulator","platformName":"ANDROID","appium:automationName":"UIAutomator2","appium:app":"C:\\Users\\User1\\eclipse-workspace\\eCommerceFramework//src//main//resources//General-Store.apk"}]}}&amp#27;[39m
&amp#27;[38;5;50m[AppiumDriver@8761]&amp#27;[0m Calling AppiumDriver.createSession() with args: [null,null,{"firstMatch":[{"appium:chromedriverExecutable":"C://Users//User1//Downloads//chromedriver-win64//chromedriver-win64//chromedriver.exe","appium:deviceName":"Rajemulator","platformName":"ANDROID","appium:automationName":"UIAutomator2","appium:app":"C:\\Users\\User1\\eclipse-workspace\\eCommerceFramework//src//main//resources//General-Store.apk"}]}]
&amp#27;[38;5;50m[AppiumDriver@8761]&amp#27;[0m Event 'newSessionRequested' logged at 1744635199465 (18:23:19 GMT+0530 (India Standard Time))
&amp#27;[38;5;112m[Appium]&amp#27;[0m Attempting to find matching driver for automationName 'UIAutomator2' and platformName 'ANDROID'
&amp#27;[38;5;112m[Appium]&amp#27;[0m The 'uiautomator2' driver was installed and matched caps.
&amp#27;[38;5;112m[Appium]&amp#27;[0m Will require it at C:\Users\User1\.appium\node_modules\appium-uiautomator2-driver
&amp#27;[38;5;112m[Appium]&amp#27;[0m Requiring driver at C:\Users\User1\.appium\node_modules\appium-uiautomator2-driver\build\index.js
&amp#27;[38;5;50m[AppiumDriver@8761]&amp#27;[0m Appium v2.11.5 creating new AndroidUiautomator2Driver (v3.8.0) session
&amp#27;[38;5;50m[AppiumDriver@8761]&amp#27;[0m Checking BaseDriver versions for Appium and AndroidUiautomator2Driver
&amp#27;[38;5;50m[AppiumDriver@8761]&amp#27;[0m Appium's BaseDriver version is 9.11.5
&amp#27;[38;5;50m[AppiumDriver@8761]&amp#27;[0m AndroidUiautomator2Driver's BaseDriver version is 9.11.5
&amp#27;[38;5;-117m[AndroidUiautomator2Driver@aa4b]&amp#27;[0m 
&amp#27;[38;5;-117m[AndroidUiautomator2Driver@aa4b]&amp#27;[0m Creating session with W3C capabilities: {
  "alwaysMatch": {
    "platformName": "ANDROID",
    "appium:chromedriverExecutable": "C://Users//User1//Downloads//chromedriver-win64//chromedriver-win64//chromedriver.exe",
    "appium:deviceName": "Rajemulator",
    "appium:automationName": "UIAutomator2",
    "appium:app": "C:\\Users\\User1\\eclipse-workspace\\eCommerceFramework//src//main//resources//General-Store.apk"
  },
  "firstMatch": [
    {}
  ]
}
&amp#27;[38;5;153m[3fb652ba]&amp#27;[0m&amp#27;[38;5;-117m[AndroidUiautomator2Driver@aa4b]&amp#27;[0m Session created with session id: 3fb652ba-332f-4840-b874-555db39a8855
&amp#27;[38;5;153m[3fb652ba]&amp#27;[0m&amp#27;[38;5;229m[ADB]&amp#27;[0m Found 3 'build-tools' folders under 'C:\Users\User1\AppData\Local\Android\Sdk' (newest first):
&amp#27;[38;5;153m[3fb652ba]&amp#27;[0m&amp#27;[38;5;229m[ADB]&amp#27;[0m     C:\Users\User1\AppData\Local\Android\Sdk\build-tools\36.0.0-rc1
&amp#27;[38;5;153m[3fb652ba]&amp#27;[0m&amp#27;[38;5;229m[ADB]&amp#27;[0m     C:\Users\User1\AppData\Local\Android\Sdk\build-tools\35.0.0
&amp#27;[38;5;153m[3fb652ba]&amp#27;[0m&amp#27;[38;5;229m[ADB]&amp#27;[0m     C:\Users\User1\AppData\Local\Android\Sdk\build-tools\34.0.0
&amp#27;[38;5;153m[3fb652ba]&amp#27;[0m&amp#27;[38;5;229m[ADB]&amp#27;[0m Using 'adb.exe' from 'C:\Users\User1\AppData\Local\Android\Sdk\platform-tools\adb.exe'
&amp#27;[38;5;153m[3fb652ba]&amp#27;[0m&amp#27;[38;5;229m[ADB]&amp#27;[0m Running 'C:\Users\User1\AppData\Local\Android\Sdk\platform-tools\adb.exe -P 5037 start-server'
&amp#27;[38;5;153m[3fb652ba]&amp#27;[0m&amp#27;[38;5;-117m[AndroidUiautomator2Driver@aa4b]&amp#27;[0m Retrieving device list
&amp#27;[38;5;153m[3fb652ba]&amp#27;[0m&amp#27;[38;5;229m[ADB]&amp#27;[0m Trying to find connected Android devices
&amp#27;[38;5;153m[3fb652ba]&amp#27;[0m&amp#27;[38;5;229m[ADB]&amp#27;[0m Getting connected devices
&amp#27;[38;5;153m[3fb652ba]&amp#27;[0m&amp#27;[38;5;229m[ADB]&amp#27;[0m Connected devices: [{"udid":"emulator-5554","state":"device"}]
&amp#27;[38;5;153m[3fb652ba]&amp#27;[0m&amp#27;[38;5;-117m[AndroidUiautomator2Driver@aa4b]&amp#27;[0m Using device: emulator-5554
&amp#27;[38;5;153m[3fb652ba]&amp#27;[0m&amp#27;[38;5;229m[ADB]&amp#27;[0m Using 'adb.exe' from 'C:\Users\User1\AppData\Local\Android\Sdk\platform-tools\adb.exe'
&amp#27;[38;5;153m[3fb652ba]&amp#27;[0m&amp#27;[38;5;229m[ADB]&amp#27;[0m Running 'C:\Users\User1\AppData\Local\Android\Sdk\platform-tools\adb.exe -P 5037 start-server'
&amp#27;[38;5;153m[3fb652ba]&amp#27;[0m&amp#27;[38;5;229m[ADB]&amp#27;[0m Setting device id to emulator-5554
&amp#27;[38;5;153m[3fb652ba]&amp#27;[0m&amp#27;[38;5;123m[BaseDriver]&amp#27;[0m Using local app 'C:\Users\User1\eclipse-workspace\eCommerceFramework//src//main//resources//General-Store.apk'
&amp#27;[38;5;153m[3fb652ba]&amp#27;[0m&amp#27;[38;5;-117m[AndroidUiautomator2Driver@aa4b]&amp#27;[0m Checking whether app is actually present
&amp#27;[38;5;153m[3fb652ba]&amp#27;[0m&amp#27;[38;5;229m[ADB]&amp#27;[0m Running 'C:\Users\User1\AppData\Local\Android\Sdk\platform-tools\adb.exe -P 5037 -s emulator-5554 shell getprop ro.build.version.sdk'
&amp#27;[38;5;153m[3fb652ba]&amp#27;[0m&amp#27;[38;5;229m[ADB]&amp#27;[0m Current device property 'ro.build.version.sdk': 35
&amp#27;[38;5;153m[3fb652ba]&amp#27;[0m&amp#27;[38;5;229m[ADB]&amp#27;[0m Getting device platform version
&amp#27;[38;5;153m[3fb652ba]&amp#27;[0m&amp#27;[38;5;229m[ADB]&amp#27;[0m Running 'C:\Users\User1\AppData\Local\Android\Sdk\platform-tools\adb.exe -P 5037 -s emulator-5554 shell getprop ro.build.version.release'
&amp#27;[38;5;153m[3fb652ba]&amp#27;[0m&amp#27;[38;5;229m[ADB]&amp#27;[0m Current device property 'ro.build.version.release': 15
&amp#27;[38;5;153m[3fb652ba]&amp#27;[0m&amp#27;[38;5;229m[ADB]&amp#27;[0m Device API level: 35
&amp#27;[38;5;153m[3fb652ba]&amp#27;[0m&amp#27;[38;5;-117m[AndroidUiautomator2Driver@aa4b]&amp#27;[0m Relaxing hidden api policy
&amp#27;[38;5;153m[3fb652ba]&amp#27;[0m&amp#27;[38;5;229m[ADB]&amp#27;[0m Running 'C:\Users\User1\AppData\Local\Android\Sdk\platform-tools\adb.exe -P 5037 -s emulator-5554 shell 'settings put global hidden_api_policy_pre_p_apps 1;settings put global hidden_api_policy_p_apps 1;settings put global hidden_api_policy 1''
&amp#27;[38;5;153m[3fb652ba]&amp#27;[0m&amp#27;[38;5;-117m[AndroidUiautomator2Driver@aa4b]&amp#27;[0m Parsing package and activity from app manifest
&amp#27;[38;5;153m[3fb652ba]&amp#27;[0m&amp#27;[38;5;229m[ADB]&amp#27;[0m Running 'C:\Users\User1\AppData\Local\Android\Sdk\platform-tools\adb.exe -P 5037 -s emulator-5554 wait-for-device'
&amp#27;[38;5;153m[3fb652ba]&amp#27;[0m&amp#27;[38;5;229m[ADB]&amp#27;[0m Using 'aapt2.exe' from 'C:\Users\User1\AppData\Local\Android\Sdk\build-tools\36.0.0-rc1\aapt2.exe'
&amp#27;[38;5;153m[3fb652ba]&amp#27;[0m&amp#27;[38;5;229m[ADB]&amp#27;[0m Reading package manifest: 'C:\\Users\\User1\\AppData\\Local\\Android\\Sdk\\build-tools\\36.0.0-rc1\\aapt2.exe dump badging C:\\Users\\User1\\eclipse-workspace\\eCommerceFramework//src//main//resources//General-Store.apk'
&amp#27;[38;5;153m[3fb652ba]&amp#27;[0m&amp#27;[38;5;229m[ADB]&amp#27;[0m Running 'C:\Users\User1\AppData\Local\Android\Sdk\platform-tools\adb.exe -P 5037 -s emulator-5554 shell echo ping'
&amp#27;[38;5;153m[3fb652ba]&amp#27;[0m&amp#27;[38;5;229m[ADB]&amp#27;[0m Package name: 'com.androidsample.generalstore'
&amp#27;[38;5;153m[3fb652ba]&amp#27;[0m&amp#27;[38;5;229m[ADB]&amp#27;[0m Main activity name: 'com.androidsample.generalstore.SplashActivity'
&amp#27;[38;5;153m[3fb652ba]&amp#27;[0m&amp#27;[38;5;-117m[AndroidUiautomator2Driver@aa4b]&amp#27;[0m Parsed package and activity are: com.androidsample.generalstore/com.androidsample.generalstore.SplashActivity
&amp#27;[38;5;153m[3fb652ba]&amp#27;[0m&amp#27;[38;5;-117m[AndroidUiautomator2Driver@aa4b]&amp#27;[0m Pushing settings apk to the device...
&amp#27;[38;5;153m[3fb652ba]&amp#27;[0m&amp#27;[38;5;229m[ADB]&amp#27;[0m Getting package info for 'io.appium.settings'
&amp#27;[38;5;153m[3fb652ba]&amp#27;[0m&amp#27;[38;5;229m[ADB]&amp#27;[0m Running 'C:\Users\User1\AppData\Local\Android\Sdk\platform-tools\adb.exe -P 5037 -s emulator-5554 shell dumpsys package io.appium.settings'
&amp#27;[38;5;153m[3fb652ba]&amp#27;[0m&amp#27;[38;5;229m[ADB]&amp#27;[0m Reading package manifest: 'C:\\Users\\User1\\AppData\\Local\\Android\\Sdk\\build-tools\\36.0.0-rc1\\aapt2.exe dump badging C:\\Users\\User1\\.appium\\node_modules\\appium-uiautomator2-driver\\node_modules\\io.appium.settings\\apks\\settings_apk-debug.apk'
&amp#27;[38;5;153m[3fb652ba]&amp#27;[0m&amp#27;[38;5;229m[ADB]&amp#27;[0m The version name of the installed 'io.appium.settings' is greater or equal to the application version name ('5.12.13' >= '5.12.13')
&amp#27;[38;5;153m[3fb652ba]&amp#27;[0m&amp#27;[38;5;229m[ADB]&amp#27;[0m There is no need to install/upgrade 'C:\Users\User1\.appium\node_modules\appium-uiautomator2-driver\node_modules\io.appium.settings\apks\settings_apk-debug.apk'
&amp#27;[38;5;153m[3fb652ba]&amp#27;[0m&amp#27;[38;5;229m[ADB]&amp#27;[0m Running 'C:\Users\User1\AppData\Local\Android\Sdk\platform-tools\adb.exe -P 5037 -s emulator-5554 shell dumpsys activity services io.appium.settings'
&amp#27;[38;5;153m[3fb652ba]&amp#27;[0m&amp#27;[38;5;-117m[AndroidUiautomator2Driver@aa4b]&amp#27;[0m io.appium.settings is already running. There is no need to reset its permissions.
&amp#27;[38;5;153m[3fb652ba]&amp#27;[0m&amp#27;[38;5;160m[Logcat]&amp#27;[0m Starting logs capture with command: C:\\Users\\User1\\AppData\\Local\\Android\\Sdk\\platform-tools\\adb.exe -P 5037 -s emulator-5554 logcat -v threadtime
&amp#27;[38;5;153m[3fb652ba]&amp#27;[0m&amp#27;[38;5;-117m[AndroidUiautomator2Driver@aa4b]&amp#27;[0m Forwarding UiAutomator2 Server port 6790 to local port 8201
&amp#27;[38;5;153m[3fb652ba]&amp#27;[0m&amp#27;[38;5;229m[ADB]&amp#27;[0m Forwarding system: 8201 to device: 6790
&amp#27;[38;5;153m[3fb652ba]&amp#27;[0m&amp#27;[38;5;229m[ADB]&amp#27;[0m Running 'C:\Users\User1\AppData\Local\Android\Sdk\platform-tools\adb.exe -P 5037 -s emulator-5554 forward tcp:8201 tcp:6790'
&amp#27;[38;5;153m[3fb652ba]&amp#27;[0m&amp#27;[38;5;229m[ADB]&amp#27;[0m Getting package info for 'io.appium.uiautomator2.server'
&amp#27;[38;5;153m[3fb652ba]&amp#27;[0m&amp#27;[38;5;229m[ADB]&amp#27;[0m Running 'C:\Users\User1\AppData\Local\Android\Sdk\platform-tools\adb.exe -P 5037 -s emulator-5554 shell dumpsys package io.appium.uiautomator2.server'
&amp#27;[38;5;153m[3fb652ba]&amp#27;[0m&amp#27;[38;5;229m[ADB]&amp#27;[0m Getting install status for io.appium.uiautomator2.server.test
&amp#27;[38;5;153m[3fb652ba]&amp#27;[0m&amp#27;[38;5;229m[ADB]&amp#27;[0m Checking app cert for C:\Users\User1\eclipse-workspace\eCommerceFramework//src//main//resources//General-Store.apk
&amp#27;[38;5;153m[3fb652ba]&amp#27;[0m&amp#27;[38;5;229m[ADB]&amp#27;[0m Running 'C:\Users\User1\AppData\Local\Android\Sdk\platform-tools\adb.exe -P 5037 -s emulator-5554 shell cmd package list packages'
&amp#27;[38;5;153m[3fb652ba]&amp#27;[0m&amp#27;[38;5;229m[ADB]&amp#27;[0m Using 'apksigner.jar' from 'C:\Users\User1\AppData\Local\Android\Sdk\build-tools\36.0.0-rc1\lib\apksigner.jar'
&amp#27;[38;5;153m[3fb652ba]&amp#27;[0m&amp#27;[38;5;229m[ADB]&amp#27;[0m Starting apksigner: 'C:\\Program Files\\Java\\jdk-22\\bin\\java.exe' -Xmx1024M -Xss1m -jar C:\\Users\\User1\\AppData\\Local\\Android\\Sdk\\build-tools\\36.0.0-rc1\\lib\\apksigner.jar verify --print-certs C:\\Users\\User1\\eclipse-workspace\\eCommerceFramework//src//main//resources//General-Store.apk
&amp#27;[38;5;153m[3fb652ba]&amp#27;[0m&amp#27;[38;5;229m[ADB]&amp#27;[0m Reading package manifest: 'C:\\Users\\User1\\AppData\\Local\\Android\\Sdk\\build-tools\\36.0.0-rc1\\aapt2.exe dump badging C:\\Users\\User1\\.appium\\node_modules\\appium-uiautomator2-driver\\node_modules\\appium-uiautomator2-server\\apks\\appium-uiautomator2-server-v7.0.25.apk'
&amp#27;[38;5;153m[3fb652ba]&amp#27;[0m&amp#27;[38;5;229m[ADB]&amp#27;[0m 'io.appium.uiautomator2.server.test' is installed
&amp#27;[38;5;153m[3fb652ba]&amp#27;[0m&amp#27;[38;5;229m[ADB]&amp#27;[0m The version name of the installed 'io.appium.uiautomator2.server' is greater or equal to the application version name ('7.0.25' >= '7.0.25')
&amp#27;[38;5;153m[3fb652ba]&amp#27;[0m&amp#27;[38;5;-117m[AndroidUiautomator2Driver@aa4b]&amp#27;[0m Server packages status: [{"installState":"sameVersionInstalled","appPath":"C:\\Users\\User1\\.appium\\node_modules\\appium-uiautomator2-driver\\node_modules\\appium-uiautomator2-server\\apks\\appium-uiautomator2-server-v7.0.25.apk","appId":"io.appium.uiautomator2.server"},{"installState":"sameVersionInstalled","appPath":"C:\\Users\\User1\\.appium\\node_modules\\appium-uiautomator2-driver\\node_modules\\appium-uiautomator2-server\\apks\\appium-uiautomator2-server-debug-androidTest.apk","appId":"io.appium.uiautomator2.server.test"}]
&amp#27;[38;5;153m[3fb652ba]&amp#27;[0m&amp#27;[38;5;-117m[AndroidUiautomator2Driver@aa4b]&amp#27;[0m Server packages are not going to be (re)installed
&amp#27;[38;5;153m[3fb652ba]&amp#27;[0m&amp#27;[38;5;-117m[AndroidUiautomator2Driver@aa4b]&amp#27;[0m Waiting up to 30000ms for services to be available
&amp#27;[38;5;153m[3fb652ba]&amp#27;[0m&amp#27;[38;5;229m[ADB]&amp#27;[0m Running 'C:\Users\User1\AppData\Local\Android\Sdk\platform-tools\adb.exe -P 5037 -s emulator-5554 shell pm list instrumentation'
&amp#27;[38;5;153m[3fb652ba]&amp#27;[0m&amp#27;[38;5;-117m[AndroidUiautomator2Driver@aa4b]&amp#27;[0m Instrumentation target 'io.appium.uiautomator2.server.test/androidx.test.runner.AndroidJUnitRunner' is available
&amp#27;[38;5;153m[3fb652ba]&amp#27;[0m&amp#27;[38;5;229m[ADB]&amp#27;[0m Adding packages ["io.appium.settings","io.appium.uiautomator2.server","io.appium.uiautomator2.server.test"] to Doze whitelist
&amp#27;[38;5;153m[3fb652ba]&amp#27;[0m&amp#27;[38;5;229m[ADB]&amp#27;[0m Got the following command chunks to execute: [["dumpsys","deviceidle","whitelist","+io.appium.settings",";","dumpsys","deviceidle","whitelist","+io.appium.uiautomator2.server",";","dumpsys","deviceidle","whitelist","+io.appium.uiautomator2.server.test",";"]]
&amp#27;[38;5;153m[3fb652ba]&amp#27;[0m&amp#27;[38;5;229m[ADB]&amp#27;[0m Running 'C:\Users\User1\AppData\Local\Android\Sdk\platform-tools\adb.exe -P 5037 -s emulator-5554 shell dumpsys deviceidle whitelist +io.appium.settings ; dumpsys deviceidle whitelist +io.appium.uiautomator2.server ; dumpsys deviceidle whitelist +io.appium.uiautomator2.server.test ;'
&amp#27;[38;5;153m[3fb652ba]&amp#27;[0m&amp#27;[38;5;229m[ADB]&amp#27;[0m apksigner stdout: Signer #1 certificate DN: C=US, O=Android, CN=Android Debug
Signer #1 certificate SHA-256 digest: f5f5931c019be6bff8a26255f76ae9ef8a8e631d2a702ec10e91110231549eef
Signer #1 certificate SHA-1 digest: b250161db8b5d0a1bd39154c9fd749bdad79c1a3
Signer #1 certificate MD5 digest: 7a5550323d84472ca25a0861c63e0a6c

&amp#27;[38;5;153m[3fb652ba]&amp#27;[0m&amp#27;[38;5;229m[ADB]&amp#27;[0m 'C:\Users\User1\eclipse-workspace\eCommerceFramework//src//main//resources//General-Store.apk' is signed with a non-default certificate
&amp#27;[38;5;153m[3fb652ba]&amp#27;[0m&amp#27;[38;5;229m[ADB]&amp#27;[0m Getting package info for 'com.androidsample.generalstore'
&amp#27;[38;5;153m[3fb652ba]&amp#27;[0m&amp#27;[38;5;229m[ADB]&amp#27;[0m Running 'C:\Users\User1\AppData\Local\Android\Sdk\platform-tools\adb.exe -P 5037 -s emulator-5554 shell dumpsys package com.androidsample.generalstore'
&amp#27;[38;5;153m[3fb652ba]&amp#27;[0m&amp#27;[38;5;229m[ADB]&amp#27;[0m Reading package manifest: 'C:\\Users\\User1\\AppData\\Local\\Android\\Sdk\\build-tools\\36.0.0-rc1\\aapt2.exe dump badging C:\\Users\\User1\\eclipse-workspace\\eCommerceFramework//src//main//resources//General-Store.apk'
&amp#27;[38;5;153m[3fb652ba]&amp#27;[0m&amp#27;[38;5;229m[ADB]&amp#27;[0m The version name of the installed 'com.androidsample.generalstore' is greater or equal to the application version name ('1.0.0' >= '1.0.0')
&amp#27;[38;5;153m[3fb652ba]&amp#27;[0m&amp#27;[38;5;229m[ADB]&amp#27;[0m There is no need to install/upgrade 'C:\Users\User1\eclipse-workspace\eCommerceFramework//src//main//resources//General-Store.apk'
&amp#27;[38;5;153m[3fb652ba]&amp#27;[0m&amp#27;[38;5;-117m[AndroidUiautomator2Driver@aa4b]&amp#27;[0m Performing fast reset on 'com.androidsample.generalstore'
&amp#27;[38;5;153m[3fb652ba]&amp#27;[0m&amp#27;[38;5;229m[ADB]&amp#27;[0m Getting install status for com.androidsample.generalstore
&amp#27;[38;5;153m[3fb652ba]&amp#27;[0m&amp#27;[38;5;229m[ADB]&amp#27;[0m Running 'C:\Users\User1\AppData\Local\Android\Sdk\platform-tools\adb.exe -P 5037 -s emulator-5554 shell cmd package list packages'
&amp#27;[38;5;153m[3fb652ba]&amp#27;[0m&amp#27;[38;5;229m[ADB]&amp#27;[0m 'com.androidsample.generalstore' is installed
&amp#27;[38;5;153m[3fb652ba]&amp#27;[0m&amp#27;[38;5;229m[ADB]&amp#27;[0m Running 'C:\Users\User1\AppData\Local\Android\Sdk\platform-tools\adb.exe -P 5037 -s emulator-5554 shell am force-stop com.androidsample.generalstore'
&amp#27;[38;5;153m[3fb652ba]&amp#27;[0m&amp#27;[38;5;229m[ADB]&amp#27;[0m Running 'C:\Users\User1\AppData\Local\Android\Sdk\platform-tools\adb.exe -P 5037 -s emulator-5554 shell pm clear com.androidsample.generalstore'
&amp#27;[38;5;153m[3fb652ba]&amp#27;[0m&amp#27;[38;5;-117m[AndroidUiautomator2Driver@aa4b]&amp#27;[0m Performed fast reset on the installed 'com.androidsample.generalstore' application (stop and clear)
&amp#27;[38;5;153m[3fb652ba]&amp#27;[0m&amp#27;[38;5;-117m[AndroidUiautomator2Driver@aa4b]&amp#27;[0m Performing shallow cleanup of automation leftovers
&amp#27;[38;5;153m[3fb652ba]&amp#27;[0m&amp#27;[38;5;-117m[AndroidUiautomator2Driver@aa4b]&amp#27;[0m No obsolete sessions have been detected (socket hang up)
&amp#27;[38;5;153m[3fb652ba]&amp#27;[0m&amp#27;[38;5;229m[ADB]&amp#27;[0m Running 'C:\Users\User1\AppData\Local\Android\Sdk\platform-tools\adb.exe -P 5037 -s emulator-5554 shell am force-stop io.appium.uiautomator2.server'
&amp#27;[38;5;153m[3fb652ba]&amp#27;[0m&amp#27;[38;5;229m[ADB]&amp#27;[0m Running 'C:\Users\User1\AppData\Local\Android\Sdk\platform-tools\adb.exe -P 5037 -s emulator-5554 shell am force-stop io.appium.uiautomator2.server.test'
&amp#27;[38;5;153m[3fb652ba]&amp#27;[0m&amp#27;[38;5;-117m[AndroidUiautomator2Driver@aa4b]&amp#27;[0m Starting UIAutomator2 server 7.0.25
&amp#27;[38;5;153m[3fb652ba]&amp#27;[0m&amp#27;[38;5;-117m[AndroidUiautomator2Driver@aa4b]&amp#27;[0m Using UIAutomator2 server from 'C:\Users\User1\.appium\node_modules\appium-uiautomator2-driver\node_modules\appium-uiautomator2-server\apks\appium-uiautomator2-server-v7.0.25.apk' and test from 'C:\Users\User1\.appium\node_modules\appium-uiautomator2-driver\node_modules\appium-uiautomator2-server\apks\appium-uiautomator2-server-debug-androidTest.apk'
&amp#27;[38;5;153m[3fb652ba]&amp#27;[0m&amp#27;[38;5;-117m[AndroidUiautomator2Driver@aa4b]&amp#27;[0m Waiting up to 30000ms for UiAutomator2 to be online...
&amp#27;[38;5;153m[3fb652ba]&amp#27;[0m&amp#27;[38;5;229m[ADB]&amp#27;[0m Creating ADB subprocess with args: ["-P","5037","-s","emulator-5554","shell","am","instrument","-w","-e","disableAnalytics","true","io.appium.uiautomator2.server.test/androidx.test.runner.AndroidJUnitRunner"]
&amp#27;[38;5;153m[3fb652ba]&amp#27;[0m&amp#27;[38;5;-117m[AndroidUiautomator2Driver@aa4b]&amp#27;[0m Matched '/status' to command name 'getStatus'
&amp#27;[38;5;153m[3fb652ba]&amp#27;[0m&amp#27;[38;5;-117m[AndroidUiautomator2Driver@aa4b]&amp#27;[0m Proxying [GET /status] to [GET http://127.0.0.1:8201/status] with no body
&amp#27;[38;5;153m[3fb652ba]&amp#27;[0m&amp#27;[38;5;-117m[AndroidUiautomator2Driver@aa4b]&amp#27;[0m socket hang up
&amp#27;[38;5;153m[3fb652ba]&amp#27;[0m&amp#27;[38;5;-117m[AndroidUiautomator2Driver@aa4b]&amp#27;[0m Matched '/status' to command name 'getStatus'
&amp#27;[38;5;153m[3fb652ba]&amp#27;[0m&amp#27;[38;5;-117m[AndroidUiautomator2Driver@aa4b]&amp#27;[0m Proxying [GET /status] to [GET http://127.0.0.1:8201/status] with no body
&amp#27;[38;5;153m[3fb652ba]&amp#27;[0m&amp#27;[38;5;-117m[AndroidUiautomator2Driver@aa4b]&amp#27;[0m socket hang up
&amp#27;[38;5;153m[3fb652ba]&amp#27;[0m&amp#27;[38;5;-117m[AndroidUiautomator2Driver@aa4b]&amp#27;[0m Matched '/status' to command name 'getStatus'
&amp#27;[38;5;153m[3fb652ba]&amp#27;[0m&amp#27;[38;5;-117m[AndroidUiautomator2Driver@aa4b]&amp#27;[0m Proxying [GET /status] to [GET http://127.0.0.1:8201/status] with no body
&amp#27;[38;5;153m[3fb652ba]&amp#27;[0m&amp#27;[38;5;-117m[AndroidUiautomator2Driver@aa4b]&amp#27;[0m socket hang up
&amp#27;[38;5;153m[3fb652ba]&amp#27;[0m&amp#27;[38;5;-117m[AndroidUiautomator2Driver@aa4b]&amp#27;[0m [Instrumentation] 
&amp#27;[38;5;153m[3fb652ba]&amp#27;[0m&amp#27;[38;5;-117m[AndroidUiautomator2Driver@aa4b]&amp#27;[0m Matched '/status' to command name 'getStatus'
&amp#27;[38;5;153m[3fb652ba]&amp#27;[0m&amp#27;[38;5;-117m[AndroidUiautomator2Driver@aa4b]&amp#27;[0m Proxying [GET /status] to [GET http://127.0.0.1:8201/status] with no body
&amp#27;[38;5;153m[3fb652ba]&amp#27;[0m&amp#27;[38;5;-117m[AndroidUiautomator2Driver@aa4b]&amp#27;[0m socket hang up
&amp#27;[38;5;153m[3fb652ba]&amp#27;[0m&amp#27;[38;5;-117m[AndroidUiautomator2Driver@aa4b]&amp#27;[0m Matched '/status' to command name 'getStatus'
&amp#27;[38;5;153m[3fb652ba]&amp#27;[0m&amp#27;[38;5;-117m[AndroidUiautomator2Driver@aa4b]&amp#27;[0m Proxying [GET /status] to [GET http://127.0.0.1:8201/status] with no body
&amp#27;[38;5;153m[3fb652ba]&amp#27;[0m&amp#27;[38;5;-117m[AndroidUiautomator2Driver@aa4b]&amp#27;[0m Got response with status 200: {"sessionId":"None","value":{"message":"UiAutomator2 Server is ready to accept commands","ready":true}}
&amp#27;[38;5;153m[3fb652ba]&amp#27;[0m&amp#27;[38;5;-117m[AndroidUiautomator2Driver@aa4b]&amp#27;[0m The initialization of the instrumentation process took 4345ms
&amp#27;[38;5;153m[3fb652ba]&amp#27;[0m&amp#27;[38;5;-117m[AndroidUiautomator2Driver@aa4b]&amp#27;[0m Matched '/session' to command name 'createSession'
&amp#27;[38;5;153m[3fb652ba]&amp#27;[0m&amp#27;[38;5;-117m[AndroidUiautomator2Driver@aa4b]&amp#27;[0m Proxying [POST /session] to [POST http://127.0.0.1:8201/session] with body: {"capabilities":{"firstMatch":[{"platformName":"ANDROID","chromedriverExecutable":"C://Users//User1//Downloads//chromedriver-win64//chromedriver-win64//chromedriver.exe","deviceName":"emulator-5554","automationName":"UIAutomator2","app":"C:\\Users\\User1\\eclipse-workspace\\eCommerceFramework//src//main//resources//General-Store.apk","platform":"LINUX","webStorageEnabled":false,"takesScreenshot":true,"javascriptEnabled":true,"databaseEnabled":false,"networkConnectionEnabled":true,"locationContextEnabled":false,"warnings":{},"desired":{"platformName":"ANDROID","chromedriverExecutable":"C://Users//User1//Downloads//chromedriver-win64//chromedriver-win64//chromedriver.exe","deviceName":"Rajemulator","automationName":"UIAutomator2","app":"C:\\Users\\User1\\eclipse-workspace\\eCommerceFramework//src//main//resources//General-Store.apk"},"deviceUDID":"emulator-5554","appPackage":"com.androidsample.generalstore"}],"alwaysMatch":{}}}
&amp#27;[38;5;153m[3fb652ba]&amp#27;[0m&amp#27;[38;5;-117m[AndroidUiautomator2Driver@aa4b]&amp#27;[0m Got response with status 200: {"sessionId":"7b625dea-e84b-4224-a737-e82327f4d8c3","value":{"capabilities":{"firstMatch":[{"platformName":"ANDROID","chromedriverExecutable":"C://Users//User1//Downloads//chromedriver-win64//chromedriver-win64//chromedriver.exe","deviceName":"emulator-5554","automationName":"UIAutomator2","app":"C:\\Users\\User1\\eclipse-workspace\\eCommerceFramework//src//main//resources//General-Store.apk","platform":"LINUX","webStorageEnabled":false,"takesScreenshot":true,"javascriptEnabled":true,"databaseEnabled":false,"networkConnectionEnabled":true,"locationContextEnabled":false,"warnings":{},"desired":{"platformName":"ANDROID","chromedriverExecutable":"C://Users//User1//Downloads//chromedriver-win64//chromedriver-win64//chromedriver.exe","deviceName":"Rajemulator","automationName":"UIAutomator2","app":"C:\\Users\\User1\\eclipse-workspace\\eCommerceFramework//src//main//resources//General-Store.apk"},"deviceUDID":"emulator-5554","appPackage":"com.androidsample.generalstore"}],"alwaysMatch":{}},"sessionId":"7b625dea-...
&amp#27;[38;5;153m[3fb652ba]&amp#27;[0m&amp#27;[38;5;-117m[AndroidUiautomator2Driver@aa4b]&amp#27;[0m Determined the downstream protocol as 'W3C'
&amp#27;[38;5;153m[3fb652ba]&amp#27;[0m&amp#27;[38;5;-117m[AndroidUiautomator2Driver@aa4b]&amp#27;[0m Proxying [GET /appium/device/pixel_ratio] to [GET http://127.0.0.1:8201/session/7b625dea-e84b-4224-a737-e82327f4d8c3/appium/device/pixel_ratio] with no body
&amp#27;[38;5;153m[3fb652ba]&amp#27;[0m&amp#27;[38;5;-117m[AndroidUiautomator2Driver@aa4b]&amp#27;[0m Matched '/appium/device/system_bars' to command name 'getSystemBars'
&amp#27;[38;5;153m[3fb652ba]&amp#27;[0m&amp#27;[38;5;-117m[AndroidUiautomator2Driver@aa4b]&amp#27;[0m Proxying [GET /appium/device/system_bars] to [GET http://127.0.0.1:8201/session/7b625dea-e84b-4224-a737-e82327f4d8c3/appium/device/system_bars] with no body
&amp#27;[38;5;153m[3fb652ba]&amp#27;[0m&amp#27;[38;5;-117m[AndroidUiautomator2Driver@aa4b]&amp#27;[0m Matched '/window/current/size' to command name 'getWindowSize'
&amp#27;[38;5;153m[3fb652ba]&amp#27;[0m&amp#27;[38;5;-117m[AndroidUiautomator2Driver@aa4b]&amp#27;[0m Proxying [GET /window/current/size] to [GET http://127.0.0.1:8201/session/7b625dea-e84b-4224-a737-e82327f4d8c3/window/current/size] with no body
&amp#27;[38;5;153m[3fb652ba]&amp#27;[0m&amp#27;[38;5;-117m[AndroidUiautomator2Driver@aa4b]&amp#27;[0m Proxying [GET /appium/device/info] to [GET http://127.0.0.1:8201/session/7b625dea-e84b-4224-a737-e82327f4d8c3/appium/device/info] with no body
&amp#27;[38;5;153m[3fb652ba]&amp#27;[0m&amp#27;[38;5;229m[ADB]&amp#27;[0m Running 'C:\Users\User1\AppData\Local\Android\Sdk\platform-tools\adb.exe -P 5037 -s emulator-5554 shell dumpsys window'
&amp#27;[38;5;153m[3fb652ba]&amp#27;[0m&amp#27;[38;5;229m[ADB]&amp#27;[0m Running 'C:\Users\User1\AppData\Local\Android\Sdk\platform-tools\adb.exe -P 5037 -s emulator-5554 shell dumpsys power'
&amp#27;[38;5;153m[3fb652ba]&amp#27;[0m&amp#27;[38;5;-117m[AndroidUiautomator2Driver@aa4b]&amp#27;[0m Got response with status 200: {"sessionId":"7b625dea-e84b-4224-a737-e82327f4d8c3","value":2.75}
&amp#27;[38;5;153m[3fb652ba]&amp#27;[0m&amp#27;[38;5;-117m[AndroidUiautomator2Driver@aa4b]&amp#27;[0m Got response with status 200: {"sessionId":"7b625dea-e84b-4224-a737-e82327f4d8c3","value":{"statusBar":66}}
&amp#27;[38;5;153m[3fb652ba]&amp#27;[0m&amp#27;[38;5;-117m[AndroidUiautomator2Driver@aa4b]&amp#27;[0m Got response with status 200: {"sessionId":"7b625dea-e84b-4224-a737-e82327f4d8c3","value":{"height":2220,"width":1080}}
&amp#27;[38;5;153m[3fb652ba]&amp#27;[0m&amp#27;[38;5;-117m[AndroidUiautomator2Driver@aa4b]&amp#27;[0m Got response with status 200: {"sessionId":"7b625dea-e84b-4224-a737-e82327f4d8c3","value":{"androidId":"ccd4b39f6a24ddc3","apiVersion":"35","bluetooth":{"state":"OFF"},"brand":"google","carrierName":"T-Mobile","displayDensity":440,"locale":"en_US","manufacturer":"Google","model":"sdk_gphone64_x86_64","networks":[{"capabilities":{"SSID":null,"linkDownBandwidthKbps":4300,"linkUpstreamBandwidthKbps":1800,"networkCapabilities":"NET_CAPABILITY_MMS,NET_CAPABILITY_SUPL,NET_CAPABILITY_IA,NET_CAPABILITY_XCAP,NET_CAPABILITY_INTERNET,NET_CAPABILITY_NOT_RESTRICTED,NET_CAPABILITY_TRUSTED,NET_CAPABILITY_NOT_VPN,NET_CAPABILITY_VALIDATED,NET_CAPABILITY_NOT_ROAMING,NET_CAPABILITY_NOT_CONGESTED,NET_CAPABILITY_NOT_SUSPENDED","signalStrength":-2147483648,"transportTypes":"TRANSPORT_CELLULAR"},"detailedState":"CONNECTED","extraInfo":"fast.t-mobile.com","isAvailable":true,"isConnected":true,"isFailover":false,"isRoaming":false,"state":"CONNECTED","subtype":10,"subtypeName":"HSPA","type":0,"typeName":"MOBILE"},{"capabilities":{"SSID":null,"linkDownBandwidthK...
&amp#27;[38;5;153m[3fb652ba]&amp#27;[0m&amp#27;[38;5;-117m[AndroidUiautomator2Driver@aa4b]&amp#27;[0m Screen already unlocked, doing nothing
&amp#27;[38;5;153m[3fb652ba]&amp#27;[0m&amp#27;[38;5;-117m[AndroidUiautomator2Driver@aa4b]&amp#27;[0m Starting 'com.androidsample.generalstore/com.androidsample.generalstore.SplashActivity and waiting for 'com.androidsample.generalstore/com.androidsample.generalstore.SplashActivity'
&amp#27;[38;5;153m[3fb652ba]&amp#27;[0m&amp#27;[38;5;229m[ADB]&amp#27;[0m Running 'C:\Users\User1\AppData\Local\Android\Sdk\platform-tools\adb.exe -P 5037 -s emulator-5554 shell am start -W -n com.androidsample.generalstore/com.androidsample.generalstore.SplashActivity -S -a android.intent.action.MAIN -c android.intent.category.LAUNCHER -f 0x10200000'
&amp#27;[38;5;153m[3fb652ba]&amp#27;[0m&amp#27;[38;5;229m[ADB]&amp#27;[0m Waiting up to 20000ms for activity matching pkg: 'com.androidsample.generalstore' and activity: 'com.androidsample.generalstore.SplashActivity' to be focused
&amp#27;[38;5;153m[3fb652ba]&amp#27;[0m&amp#27;[38;5;229m[ADB]&amp#27;[0m Possible activities, to be checked: 'com.androidsample.generalstore.SplashActivity', 'com.androidsample.generalstore.com.androidsample.generalstore.SplashActivity'
&amp#27;[38;5;153m[3fb652ba]&amp#27;[0m&amp#27;[38;5;229m[ADB]&amp#27;[0m Getting focused package and activity
&amp#27;[38;5;153m[3fb652ba]&amp#27;[0m&amp#27;[38;5;229m[ADB]&amp#27;[0m Running 'C:\Users\User1\AppData\Local\Android\Sdk\platform-tools\adb.exe -P 5037 -s emulator-5554 shell dumpsys window displays'
&amp#27;[38;5;153m[3fb652ba]&amp#27;[0m&amp#27;[38;5;229m[ADB]&amp#27;[0m Found package: 'com.androidsample.generalstore' and fully qualified activity name : 'com.androidsample.generalstore.SplashActivity'
&amp#27;[38;5;153m[3fb652ba]&amp#27;[0m&amp#27;[38;5;50m[AppiumDriver@8761]&amp#27;[0m New AndroidUiautomator2Driver session created successfully, session 3fb652ba-332f-4840-b874-555db39a8855 added to master session list
&amp#27;[38;5;153m[3fb652ba]&amp#27;[0m&amp#27;[38;5;50m[AppiumDriver@8761]&amp#27;[0m Event 'newSessionStarted' logged at 1744635208413 (18:23:28 GMT+0530 (India Standard Time))
&amp#27;[38;5;153m[3fb652ba]&amp#27;[0m&amp#27;[38;5;-117m[AndroidUiautomator2Driver@aa4b]&amp#27;[0m Cached the protocol value 'W3C' for the new session 3fb652ba-332f-4840-b874-555db39a8855
&amp#27;[38;5;153m[3fb652ba]&amp#27;[0m&amp#27;[38;5;-117m[AndroidUiautomator2Driver@aa4b]&amp#27;[0m Responding to client with driver.createSession() result: {"capabilities":{"platformName":"ANDROID","chromedriverExecutable":"C://Users//User1//Downloads//chromedriver-win64//chromedriver-win64//chromedriver.exe","deviceName":"emulator-5554","automationName":"UIAutomator2","app":"C:\\Users\\User1\\eclipse-workspace\\eCommerceFramework//src//main//resources//General-Store.apk","platform":"LINUX","webStorageEnabled":false,"takesScreenshot":true,"javascriptEnabled":true,"databaseEnabled":false,"networkConnectionEnabled":true,"locationContextEnabled":false,"warnings":{},"desired":{"platformName":"ANDROID","chromedriverExecutable":"C://Users//User1//Downloads//chromedriver-win64//chromedriver-win64//chromedriver.exe","deviceName":"Rajemulator","automationName":"UIAutomator2","app":"C:\\Users\\User1\\eclipse-workspace\\eCommerceFramework//src//main//resources//General-Store.apk"},"deviceUDID":"emulator-5554","appPackage":"com.androidsample.generalstore","pixelRatio":"2.75","statBarHeight":66,"viewportRect":{"left":0,"top":66,"width":1080,"height":2154},"deviceApiLevel"...
&amp#27;[38;5;153m[3fb652ba]&amp#27;[0m&amp#27;[38;5;86m[HTTP]&amp#27;[0m &amp#27;[37m<-- POST /session &amp#27;[39m&amp#27;[32m200&amp#27;[39m &amp#27;[90m8950 ms - 1233&amp#27;[39m &amp#27;[90m&amp#27;[39m
Test Started: isProductVisibleInCart
&amp#27;[38;5;153m[3fb652ba]&amp#27;[0m&amp#27;[38;5;86m[HTTP]&amp#27;[0m &amp#27;[37m-->&amp#27;[39m &amp#27;[37mGET&amp#27;[39m &amp#27;[37m/session/3fb652ba-332f-4840-b874-555db39a8855/context&amp#27;[39m &amp#27;[90m{}&amp#27;[39m
&amp#27;[38;5;153m[3fb652ba]&amp#27;[0m&amp#27;[38;5;-117m[AndroidUiautomator2Driver@aa4b]&amp#27;[0m Calling AppiumDriver.getCurrentContext() with args: ["3fb652ba-332f-4840-b874-555db39a8855"]
&amp#27;[38;5;153m[3fb652ba]&amp#27;[0m&amp#27;[38;5;-117m[AndroidUiautomator2Driver@aa4b]&amp#27;[0m Responding to client with driver.getCurrentContext() result: "NATIVE_APP"
&amp#27;[38;5;153m[3fb652ba]&amp#27;[0m&amp#27;[38;5;86m[HTTP]&amp#27;[0m &amp#27;[37m<-- GET /session/3fb652ba-332f-4840-b874-555db39a8855/context &amp#27;[39m&amp#27;[32m200&amp#27;[39m &amp#27;[90m10 ms - 22&amp#27;[39m &amp#27;[90m&amp#27;[39m
&amp#27;[38;5;153m[3fb652ba]&amp#27;[0m&amp#27;[38;5;86m[HTTP]&amp#27;[0m &amp#27;[37m-->&amp#27;[39m &amp#27;[37mPOST&amp#27;[39m &amp#27;[37m/session/3fb652ba-332f-4840-b874-555db39a8855/element&amp#27;[39m &amp#27;[90m{"using":"id","value":"com.androidsample.generalstore:id/nameField"}&amp#27;[39m
&amp#27;[38;5;153m[3fb652ba]&amp#27;[0m&amp#27;[38;5;-117m[AndroidUiautomator2Driver@aa4b]&amp#27;[0m Calling AppiumDriver.findElement() with args: ["id","com.androidsample.generalstore:id/nameField","3fb652ba-332f-4840-b874-555db39a8855"]
&amp#27;[38;5;153m[3fb652ba]&amp#27;[0m&amp#27;[38;5;-117m[AndroidUiautomator2Driver@aa4b]&amp#27;[0m Valid locator strategies for this request: xpath, id, class name, accessibility id, css selector, -android uiautomator
&amp#27;[38;5;153m[3fb652ba]&amp#27;[0m&amp#27;[38;5;-117m[AndroidUiautomator2Driver@aa4b]&amp#27;[0m Waiting up to 0 ms for condition
&amp#27;[38;5;153m[3fb652ba]&amp#27;[0m&amp#27;[38;5;-117m[AndroidUiautomator2Driver@aa4b]&amp#27;[0m Matched '/element' to command name 'findElement'
&amp#27;[38;5;153m[3fb652ba]&amp#27;[0m&amp#27;[38;5;-117m[AndroidUiautomator2Driver@aa4b]&amp#27;[0m Proxying [POST /element] to [POST http://127.0.0.1:8201/session/7b625dea-e84b-4224-a737-e82327f4d8c3/element] with body: {"strategy":"id","selector":"com.androidsample.generalstore:id/nameField","context":"","multiple":false}
&amp#27;[38;5;153m[3fb652ba]&amp#27;[0m&amp#27;[38;5;-117m[AndroidUiautomator2Driver@aa4b]&amp#27;[0m Got response with status 404: {"sessionId":"7b625dea-e84b-4224-a737-e82327f4d8c3","value":{"error":"no such element","message":"An element could not be located on the page using the given search parameters","stacktrace":"io.appium.uiautomator2.common.exceptions.ElementNotFoundException: An element could not be located on the page using the given search parameters\n\tat io.appium.uiautomator2.handler.FindElement.safeHandle(FindElement.java:63)\n\tat io.appium.uiautomator2.handler.request.SafeRequestHandler.handle(SafeRequestHandler.java:59)\n\tat io.appium.uiautomator2.server.AppiumServlet.handleRequest(AppiumServlet.java:259)\n\tat io.appium.uiautomator2.server.AppiumServlet.handleHttpRequest(AppiumServlet.java:253)\n\tat io.appium.uiautomator2.http.ServerHandler.channelRead(ServerHandler.java:77)\n\tat io.netty.channel.AbstractChannelHandlerContext.invokeChannelRead(AbstractChannelHandlerContext.java:366)\n\tat io.netty.channel.AbstractChannelHandlerContext.invokeChannelRead(AbstractChannelHandlerContext.java:352)\n\tat io.netty.chann...
&amp#27;[38;5;153m[3fb652ba]&amp#27;[0m&amp#27;[38;5;123m[W3C]&amp#27;[0m Matched W3C error code 'no such element' to NoSuchElementError
&amp#27;[38;5;153m[3fb652ba]&amp#27;[0m&amp#27;[38;5;-117m[AndroidUiautomator2Driver@aa4b]&amp#27;[0m Encountered internal error running command: NoSuchElementError: An element could not be located on the page using the given search parameters.
    at AndroidUiautomator2Driver.findElOrEls (C:\Users\User1\.appium\node_modules\appium-uiautomator2-driver\node_modules\appium-android-driver\lib\commands\find.ts:86:11)
    at processTicksAndRejections (node:internal/process/task_queues:95:5)
    at AndroidUiautomator2Driver.findElOrElsWithProcessing (C:\Users\User1\AppData\Roaming\npm\node_modules\appium\node_modules\@appium\base-driver\lib\basedriver\commands\find.ts:60:12)
    at AndroidUiautomator2Driver.findElement (C:\Users\User1\AppData\Roaming\npm\node_modules\appium\node_modules\@appium\base-driver\lib\basedriver\commands\find.ts:75:12)
&amp#27;[38;5;153m[3fb652ba]&amp#27;[0m&amp#27;[38;5;86m[HTTP]&amp#27;[0m &amp#27;[37m<-- POST /session/3fb652ba-332f-4840-b874-555db39a8855/element &amp#27;[39m&amp#27;[33m404&amp#27;[39m &amp#27;[90m662 ms - 890&amp#27;[39m &amp#27;[90m&amp#27;[39m
&amp#27;[38;5;153m[3fb652ba]&amp#27;[0m&amp#27;[38;5;86m[HTTP]&amp#27;[0m &amp#27;[37m-->&amp#27;[39m &amp#27;[37mPOST&amp#27;[39m &amp#27;[37m/session/3fb652ba-332f-4840-b874-555db39a8855/element&amp#27;[39m &amp#27;[90m{"using":"id","value":"com.androidsample.generalstore:id/nameField"}&amp#27;[39m
&amp#27;[38;5;153m[3fb652ba]&amp#27;[0m&amp#27;[38;5;-117m[AndroidUiautomator2Driver@aa4b]&amp#27;[0m Calling AppiumDriver.findElement() with args: ["id","com.androidsample.generalstore:id/nameField","3fb652ba-332f-4840-b874-555db39a8855"]
&amp#27;[38;5;153m[3fb652ba]&amp#27;[0m&amp#27;[38;5;-117m[AndroidUiautomator2Driver@aa4b]&amp#27;[0m Valid locator strategies for this request: xpath, id, class name, accessibility id, css selector, -android uiautomator
&amp#27;[38;5;153m[3fb652ba]&amp#27;[0m&amp#27;[38;5;-117m[AndroidUiautomator2Driver@aa4b]&amp#27;[0m Waiting up to 0 ms for condition
&amp#27;[38;5;153m[3fb652ba]&amp#27;[0m&amp#27;[38;5;-117m[AndroidUiautomator2Driver@aa4b]&amp#27;[0m Matched '/element' to command name 'findElement'
&amp#27;[38;5;153m[3fb652ba]&amp#27;[0m&amp#27;[38;5;-117m[AndroidUiautomator2Driver@aa4b]&amp#27;[0m Proxying [POST /element] to [POST http://127.0.0.1:8201/session/7b625dea-e84b-4224-a737-e82327f4d8c3/element] with body: {"strategy":"id","selector":"com.androidsample.generalstore:id/nameField","context":"","multiple":false}
&amp#27;[38;5;153m[3fb652ba]&amp#27;[0m&amp#27;[38;5;-117m[AndroidUiautomator2Driver@aa4b]&amp#27;[0m Got response with status 404: {"sessionId":"7b625dea-e84b-4224-a737-e82327f4d8c3","value":{"error":"no such element","message":"An element could not be located on the page using the given search parameters","stacktrace":"io.appium.uiautomator2.common.exceptions.ElementNotFoundException: An element could not be located on the page using the given search parameters\n\tat io.appium.uiautomator2.handler.FindElement.safeHandle(FindElement.java:63)\n\tat io.appium.uiautomator2.handler.request.SafeRequestHandler.handle(SafeRequestHandler.java:59)\n\tat io.appium.uiautomator2.server.AppiumServlet.handleRequest(AppiumServlet.java:259)\n\tat io.appium.uiautomator2.server.AppiumServlet.handleHttpRequest(AppiumServlet.java:253)\n\tat io.appium.uiautomator2.http.ServerHandler.channelRead(ServerHandler.java:77)\n\tat io.netty.channel.AbstractChannelHandlerContext.invokeChannelRead(AbstractChannelHandlerContext.java:366)\n\tat io.netty.channel.AbstractChannelHandlerContext.invokeChannelRead(AbstractChannelHandlerContext.java:352)\n\tat io.netty.chann...
&amp#27;[38;5;153m[3fb652ba]&amp#27;[0m&amp#27;[38;5;123m[W3C]&amp#27;[0m Matched W3C error code 'no such element' to NoSuchElementError
&amp#27;[38;5;153m[3fb652ba]&amp#27;[0m&amp#27;[38;5;-117m[AndroidUiautomator2Driver@aa4b]&amp#27;[0m Encountered internal error running command: NoSuchElementError: An element could not be located on the page using the given search parameters.
    at AndroidUiautomator2Driver.findElOrEls (C:\Users\User1\.appium\node_modules\appium-uiautomator2-driver\node_modules\appium-android-driver\lib\commands\find.ts:86:11)
    at processTicksAndRejections (node:internal/process/task_queues:95:5)
    at AndroidUiautomator2Driver.findElOrElsWithProcessing (C:\Users\User1\AppData\Roaming\npm\node_modules\appium\node_modules\@appium\base-driver\lib\basedriver\commands\find.ts:60:12)
    at AndroidUiautomator2Driver.findElement (C:\Users\User1\AppData\Roaming\npm\node_modules\appium\node_modules\@appium\base-driver\lib\basedriver\commands\find.ts:75:12)
&amp#27;[38;5;153m[3fb652ba]&amp#27;[0m&amp#27;[38;5;86m[HTTP]&amp#27;[0m &amp#27;[37m<-- POST /session/3fb652ba-332f-4840-b874-555db39a8855/element &amp#27;[39m&amp#27;[33m404&amp#27;[39m &amp#27;[90m34 ms - 890&amp#27;[39m &amp#27;[90m&amp#27;[39m
&amp#27;[38;5;153m[3fb652ba]&amp#27;[0m&amp#27;[38;5;86m[HTTP]&amp#27;[0m &amp#27;[37m-->&amp#27;[39m &amp#27;[37mPOST&amp#27;[39m &amp#27;[37m/session/3fb652ba-332f-4840-b874-555db39a8855/element&amp#27;[39m &amp#27;[90m{"using":"id","value":"com.androidsample.generalstore:id/nameField"}&amp#27;[39m
&amp#27;[38;5;153m[3fb652ba]&amp#27;[0m&amp#27;[38;5;-117m[AndroidUiautomator2Driver@aa4b]&amp#27;[0m Calling AppiumDriver.findElement() with args: ["id","com.androidsample.generalstore:id/nameField","3fb652ba-332f-4840-b874-555db39a8855"]
&amp#27;[38;5;153m[3fb652ba]&amp#27;[0m&amp#27;[38;5;-117m[AndroidUiautomator2Driver@aa4b]&amp#27;[0m Valid locator strategies for this request: xpath, id, class name, accessibility id, css selector, -android uiautomator
&amp#27;[38;5;153m[3fb652ba]&amp#27;[0m&amp#27;[38;5;-117m[AndroidUiautomator2Driver@aa4b]&amp#27;[0m Waiting up to 0 ms for condition
&amp#27;[38;5;153m[3fb652ba]&amp#27;[0m&amp#27;[38;5;-117m[AndroidUiautomator2Driver@aa4b]&amp#27;[0m Matched '/element' to command name 'findElement'
&amp#27;[38;5;153m[3fb652ba]&amp#27;[0m&amp#27;[38;5;-117m[AndroidUiautomator2Driver@aa4b]&amp#27;[0m Proxying [POST /element] to [POST http://127.0.0.1:8201/session/7b625dea-e84b-4224-a737-e82327f4d8c3/element] with body: {"strategy":"id","selector":"com.androidsample.generalstore:id/nameField","context":"","multiple":false}
&amp#27;[38;5;153m[3fb652ba]&amp#27;[0m&amp#27;[38;5;-117m[AndroidUiautomator2Driver@aa4b]&amp#27;[0m Got response with status 404: {"sessionId":"7b625dea-e84b-4224-a737-e82327f4d8c3","value":{"error":"no such element","message":"An element could not be located on the page using the given search parameters","stacktrace":"io.appium.uiautomator2.common.exceptions.ElementNotFoundException: An element could not be located on the page using the given search parameters\n\tat io.appium.uiautomator2.handler.FindElement.safeHandle(FindElement.java:63)\n\tat io.appium.uiautomator2.handler.request.SafeRequestHandler.handle(SafeRequestHandler.java:59)\n\tat io.appium.uiautomator2.server.AppiumServlet.handleRequest(AppiumServlet.java:259)\n\tat io.appium.uiautomator2.server.AppiumServlet.handleHttpRequest(AppiumServlet.java:253)\n\tat io.appium.uiautomator2.http.ServerHandler.channelRead(ServerHandler.java:77)\n\tat io.netty.channel.AbstractChannelHandlerContext.invokeChannelRead(AbstractChannelHandlerContext.java:366)\n\tat io.netty.channel.AbstractChannelHandlerContext.invokeChannelRead(AbstractChannelHandlerContext.java:352)\n\tat io.netty.chann...
&amp#27;[38;5;153m[3fb652ba]&amp#27;[0m&amp#27;[38;5;123m[W3C]&amp#27;[0m Matched W3C error code 'no such element' to NoSuchElementError
&amp#27;[38;5;153m[3fb652ba]&amp#27;[0m&amp#27;[38;5;-117m[AndroidUiautomator2Driver@aa4b]&amp#27;[0m Encountered internal error running command: NoSuchElementError: An element could not be located on the page using the given search parameters.
    at AndroidUiautomator2Driver.findElOrEls (C:\Users\User1\.appium\node_modules\appium-uiautomator2-driver\node_modules\appium-android-driver\lib\commands\find.ts:86:11)
    at processTicksAndRejections (node:internal/process/task_queues:95:5)
    at AndroidUiautomator2Driver.findElOrElsWithProcessing (C:\Users\User1\AppData\Roaming\npm\node_modules\appium\node_modules\@appium\base-driver\lib\basedriver\commands\find.ts:60:12)
    at AndroidUiautomator2Driver.findElement (C:\Users\User1\AppData\Roaming\npm\node_modules\appium\node_modules\@appium\base-driver\lib\basedriver\commands\find.ts:75:12)
&amp#27;[38;5;153m[3fb652ba]&amp#27;[0m&amp#27;[38;5;86m[HTTP]&amp#27;[0m &amp#27;[37m<-- POST /session/3fb652ba-332f-4840-b874-555db39a8855/element &amp#27;[39m&amp#27;[33m404&amp#27;[39m &amp#27;[90m25 ms - 890&amp#27;[39m &amp#27;[90m&amp#27;[39m
&amp#27;[38;5;153m[3fb652ba]&amp#27;[0m&amp#27;[38;5;86m[HTTP]&amp#27;[0m &amp#27;[37m-->&amp#27;[39m &amp#27;[37mGET&amp#27;[39m &amp#27;[37m/session/3fb652ba-332f-4840-b874-555db39a8855/context&amp#27;[39m &amp#27;[90m{}&amp#27;[39m
&amp#27;[38;5;153m[3fb652ba]&amp#27;[0m&amp#27;[38;5;-117m[AndroidUiautomator2Driver@aa4b]&amp#27;[0m Calling AppiumDriver.getCurrentContext() with args: ["3fb652ba-332f-4840-b874-555db39a8855"]
&amp#27;[38;5;153m[3fb652ba]&amp#27;[0m&amp#27;[38;5;-117m[AndroidUiautomator2Driver@aa4b]&amp#27;[0m Responding to client with driver.getCurrentContext() result: "NATIVE_APP"
&amp#27;[38;5;153m[3fb652ba]&amp#27;[0m&amp#27;[38;5;86m[HTTP]&amp#27;[0m &amp#27;[37m<-- GET /session/3fb652ba-332f-4840-b874-555db39a8855/context &amp#27;[39m&amp#27;[32m200&amp#27;[39m &amp#27;[90m4 ms - 22&amp#27;[39m &amp#27;[90m&amp#27;[39m
&amp#27;[38;5;153m[3fb652ba]&amp#27;[0m&amp#27;[38;5;86m[HTTP]&amp#27;[0m &amp#27;[37m-->&amp#27;[39m &amp#27;[37mPOST&amp#27;[39m &amp#27;[37m/session/3fb652ba-332f-4840-b874-555db39a8855/element&amp#27;[39m &amp#27;[90m{"using":"id","value":"com.androidsample.generalstore:id/nameField"}&amp#27;[39m
&amp#27;[38;5;153m[3fb652ba]&amp#27;[0m&amp#27;[38;5;-117m[AndroidUiautomator2Driver@aa4b]&amp#27;[0m Calling AppiumDriver.findElement() with args: ["id","com.androidsample.generalstore:id/nameField","3fb652ba-332f-4840-b874-555db39a8855"]
&amp#27;[38;5;153m[3fb652ba]&amp#27;[0m&amp#27;[38;5;-117m[AndroidUiautomator2Driver@aa4b]&amp#27;[0m Valid locator strategies for this request: xpath, id, class name, accessibility id, css selector, -android uiautomator
&amp#27;[38;5;153m[3fb652ba]&amp#27;[0m&amp#27;[38;5;-117m[AndroidUiautomator2Driver@aa4b]&amp#27;[0m Waiting up to 0 ms for condition
&amp#27;[38;5;153m[3fb652ba]&amp#27;[0m&amp#27;[38;5;-117m[AndroidUiautomator2Driver@aa4b]&amp#27;[0m Matched '/element' to command name 'findElement'
&amp#27;[38;5;153m[3fb652ba]&amp#27;[0m&amp#27;[38;5;-117m[AndroidUiautomator2Driver@aa4b]&amp#27;[0m Proxying [POST /element] to [POST http://127.0.0.1:8201/session/7b625dea-e84b-4224-a737-e82327f4d8c3/element] with body: {"strategy":"id","selector":"com.androidsample.generalstore:id/nameField","context":"","multiple":false}
&amp#27;[38;5;153m[3fb652ba]&amp#27;[0m&amp#27;[38;5;-117m[AndroidUiautomator2Driver@aa4b]&amp#27;[0m Got response with status 404: {"sessionId":"7b625dea-e84b-4224-a737-e82327f4d8c3","value":{"error":"no such element","message":"An element could not be located on the page using the given search parameters","stacktrace":"io.appium.uiautomator2.common.exceptions.ElementNotFoundException: An element could not be located on the page using the given search parameters\n\tat io.appium.uiautomator2.handler.FindElement.safeHandle(FindElement.java:63)\n\tat io.appium.uiautomator2.handler.request.SafeRequestHandler.handle(SafeRequestHandler.java:59)\n\tat io.appium.uiautomator2.server.AppiumServlet.handleRequest(AppiumServlet.java:259)\n\tat io.appium.uiautomator2.server.AppiumServlet.handleHttpRequest(AppiumServlet.java:253)\n\tat io.appium.uiautomator2.http.ServerHandler.channelRead(ServerHandler.java:77)\n\tat io.netty.channel.AbstractChannelHandlerContext.invokeChannelRead(AbstractChannelHandlerContext.java:366)\n\tat io.netty.channel.AbstractChannelHandlerContext.invokeChannelRead(AbstractChannelHandlerContext.java:352)\n\tat io.netty.chann...
&amp#27;[38;5;153m[3fb652ba]&amp#27;[0m&amp#27;[38;5;123m[W3C]&amp#27;[0m Matched W3C error code 'no such element' to NoSuchElementError
&amp#27;[38;5;153m[3fb652ba]&amp#27;[0m&amp#27;[38;5;-117m[AndroidUiautomator2Driver@aa4b]&amp#27;[0m Encountered internal error running command: NoSuchElementError: An element could not be located on the page using the given search parameters.
    at AndroidUiautomator2Driver.findElOrEls (C:\Users\User1\.appium\node_modules\appium-uiautomator2-driver\node_modules\appium-android-driver\lib\commands\find.ts:86:11)
    at processTicksAndRejections (node:internal/process/task_queues:95:5)
    at AndroidUiautomator2Driver.findElOrElsWithProcessing (C:\Users\User1\AppData\Roaming\npm\node_modules\appium\node_modules\@appium\base-driver\lib\basedriver\commands\find.ts:60:12)
    at AndroidUiautomator2Driver.findElement (C:\Users\User1\AppData\Roaming\npm\node_modules\appium\node_modules\@appium\base-driver\lib\basedriver\commands\find.ts:75:12)
&amp#27;[38;5;153m[3fb652ba]&amp#27;[0m&amp#27;[38;5;86m[HTTP]&amp#27;[0m &amp#27;[37m<-- POST /session/3fb652ba-332f-4840-b874-555db39a8855/element &amp#27;[39m&amp#27;[33m404&amp#27;[39m &amp#27;[90m28 ms - 890&amp#27;[39m &amp#27;[90m&amp#27;[39m
&amp#27;[38;5;153m[3fb652ba]&amp#27;[0m&amp#27;[38;5;86m[HTTP]&amp#27;[0m &amp#27;[37m-->&amp#27;[39m &amp#27;[37mPOST&amp#27;[39m &amp#27;[37m/session/3fb652ba-332f-4840-b874-555db39a8855/element&amp#27;[39m &amp#27;[90m{"using":"id","value":"com.androidsample.generalstore:id/nameField"}&amp#27;[39m
&amp#27;[38;5;153m[3fb652ba]&amp#27;[0m&amp#27;[38;5;-117m[AndroidUiautomator2Driver@aa4b]&amp#27;[0m Calling AppiumDriver.findElement() with args: ["id","com.androidsample.generalstore:id/nameField","3fb652ba-332f-4840-b874-555db39a8855"]
&amp#27;[38;5;153m[3fb652ba]&amp#27;[0m&amp#27;[38;5;-117m[AndroidUiautomator2Driver@aa4b]&amp#27;[0m Valid locator strategies for this request: xpath, id, class name, accessibility id, css selector, -android uiautomator
&amp#27;[38;5;153m[3fb652ba]&amp#27;[0m&amp#27;[38;5;-117m[AndroidUiautomator2Driver@aa4b]&amp#27;[0m Waiting up to 0 ms for condition
&amp#27;[38;5;153m[3fb652ba]&amp#27;[0m&amp#27;[38;5;-117m[AndroidUiautomator2Driver@aa4b]&amp#27;[0m Matched '/element' to command name 'findElement'
&amp#27;[38;5;153m[3fb652ba]&amp#27;[0m&amp#27;[38;5;-117m[AndroidUiautomator2Driver@aa4b]&amp#27;[0m Proxying [POST /element] to [POST http://127.0.0.1:8201/session/7b625dea-e84b-4224-a737-e82327f4d8c3/element] with body: {"strategy":"id","selector":"com.androidsample.generalstore:id/nameField","context":"","multiple":false}
&amp#27;[38;5;153m[3fb652ba]&amp#27;[0m&amp#27;[38;5;-117m[AndroidUiautomator2Driver@aa4b]&amp#27;[0m Got response with status 200: {"sessionId":"7b625dea-e84b-4224-a737-e82327f4d8c3","value":{"ELEMENT":"00000000-0000-077d-ffff-ffff0000001c","element-6066-11e4-a52e-4f735466cecf":"00000000-0000-077d-ffff-ffff0000001c"}}
&amp#27;[38;5;153m[3fb652ba]&amp#27;[0m&amp#27;[38;5;-117m[AndroidUiautomator2Driver@aa4b]&amp#27;[0m Responding to client with driver.findElement() result: {"element-6066-11e4-a52e-4f735466cecf":"00000000-0000-077d-ffff-ffff0000001c","ELEMENT":"00000000-0000-077d-ffff-ffff0000001c"}
&amp#27;[38;5;153m[3fb652ba]&amp#27;[0m&amp#27;[38;5;86m[HTTP]&amp#27;[0m &amp#27;[37m<-- POST /session/3fb652ba-332f-4840-b874-555db39a8855/element &amp#27;[39m&amp#27;[32m200&amp#27;[39m &amp#27;[90m1530 ms - 137&amp#27;[39m &amp#27;[90m&amp#27;[39m
&amp#27;[38;5;153m[3fb652ba]&amp#27;[0m&amp#27;[38;5;86m[HTTP]&amp#27;[0m &amp#27;[37m-->&amp#27;[39m &amp#27;[37mGET&amp#27;[39m &amp#27;[37m/session/3fb652ba-332f-4840-b874-555db39a8855/element/00000000-0000-077d-ffff-ffff0000001c/displayed&amp#27;[39m &amp#27;[90m{}&amp#27;[39m
&amp#27;[38;5;153m[3fb652ba]&amp#27;[0m&amp#27;[38;5;-117m[AndroidUiautomator2Driver@aa4b]&amp#27;[0m Calling AppiumDriver.elementDisplayed() with args: ["00000000-0000-077d-ffff-ffff0000001c","3fb652ba-332f-4840-b874-555db39a8855"]
&amp#27;[38;5;153m[3fb652ba]&amp#27;[0m&amp#27;[38;5;-117m[AndroidUiautomator2Driver@aa4b]&amp#27;[0m Matched '/element/00000000-0000-077d-ffff-ffff0000001c/attribute/displayed' to command name 'getAttribute'
&amp#27;[38;5;153m[3fb652ba]&amp#27;[0m&amp#27;[38;5;-117m[AndroidUiautomator2Driver@aa4b]&amp#27;[0m Proxying [GET /element/00000000-0000-077d-ffff-ffff0000001c/attribute/displayed] to [GET http://127.0.0.1:8201/session/7b625dea-e84b-4224-a737-e82327f4d8c3/element/00000000-0000-077d-ffff-ffff0000001c/attribute/displayed] with no body
&amp#27;[38;5;153m[3fb652ba]&amp#27;[0m&amp#27;[38;5;-117m[AndroidUiautomator2Driver@aa4b]&amp#27;[0m Got response with status 200: {"sessionId":"7b625dea-e84b-4224-a737-e82327f4d8c3","value":"true"}
&amp#27;[38;5;153m[3fb652ba]&amp#27;[0m&amp#27;[38;5;-117m[AndroidUiautomator2Driver@aa4b]&amp#27;[0m Responding to client with driver.elementDisplayed() result: true
&amp#27;[38;5;153m[3fb652ba]&amp#27;[0m&amp#27;[38;5;86m[HTTP]&amp#27;[0m &amp#27;[37m<-- GET /session/3fb652ba-332f-4840-b874-555db39a8855/element/00000000-0000-077d-ffff-ffff0000001c/displayed &amp#27;[39m&amp#27;[32m200&amp#27;[39m &amp#27;[90m17 ms - 14&amp#27;[39m &amp#27;[90m&amp#27;[39m
&amp#27;[38;5;153m[3fb652ba]&amp#27;[0m&amp#27;[38;5;86m[HTTP]&amp#27;[0m &amp#27;[37m-->&amp#27;[39m &amp#27;[37mGET&amp#27;[39m &amp#27;[37m/session/3fb652ba-332f-4840-b874-555db39a8855/context&amp#27;[39m &amp#27;[90m{}&amp#27;[39m
&amp#27;[38;5;153m[3fb652ba]&amp#27;[0m&amp#27;[38;5;-117m[AndroidUiautomator2Driver@aa4b]&amp#27;[0m Calling AppiumDriver.getCurrentContext() with args: ["3fb652ba-332f-4840-b874-555db39a8855"]
&amp#27;[38;5;153m[3fb652ba]&amp#27;[0m&amp#27;[38;5;-117m[AndroidUiautomator2Driver@aa4b]&amp#27;[0m Responding to client with driver.getCurrentContext() result: "NATIVE_APP"
&amp#27;[38;5;153m[3fb652ba]&amp#27;[0m&amp#27;[38;5;86m[HTTP]&amp#27;[0m &amp#27;[37m<-- GET /session/3fb652ba-332f-4840-b874-555db39a8855/context &amp#27;[39m&amp#27;[32m200&amp#27;[39m &amp#27;[90m1 ms - 22&amp#27;[39m &amp#27;[90m&amp#27;[39m
&amp#27;[38;5;153m[3fb652ba]&amp#27;[0m&amp#27;[38;5;86m[HTTP]&amp#27;[0m &amp#27;[37m-->&amp#27;[39m &amp#27;[37mPOST&amp#27;[39m &amp#27;[37m/session/3fb652ba-332f-4840-b874-555db39a8855/element&amp#27;[39m &amp#27;[90m{"using":"id","value":"com.androidsample.generalstore:id/nameField"}&amp#27;[39m
&amp#27;[38;5;153m[3fb652ba]&amp#27;[0m&amp#27;[38;5;-117m[AndroidUiautomator2Driver@aa4b]&amp#27;[0m Calling AppiumDriver.findElement() with args: ["id","com.androidsample.generalstore:id/nameField","3fb652ba-332f-4840-b874-555db39a8855"]
&amp#27;[38;5;153m[3fb652ba]&amp#27;[0m&amp#27;[38;5;-117m[AndroidUiautomator2Driver@aa4b]&amp#27;[0m Valid locator strategies for this request: xpath, id, class name, accessibility id, css selector, -android uiautomator
&amp#27;[38;5;153m[3fb652ba]&amp#27;[0m&amp#27;[38;5;-117m[AndroidUiautomator2Driver@aa4b]&amp#27;[0m Waiting up to 0 ms for condition
&amp#27;[38;5;153m[3fb652ba]&amp#27;[0m&amp#27;[38;5;-117m[AndroidUiautomator2Driver@aa4b]&amp#27;[0m Matched '/element' to command name 'findElement'
&amp#27;[38;5;153m[3fb652ba]&amp#27;[0m&amp#27;[38;5;-117m[AndroidUiautomator2Driver@aa4b]&amp#27;[0m Proxying [POST /element] to [POST http://127.0.0.1:8201/session/7b625dea-e84b-4224-a737-e82327f4d8c3/element] with body: {"strategy":"id","selector":"com.androidsample.generalstore:id/nameField","context":"","multiple":false}
&amp#27;[38;5;153m[3fb652ba]&amp#27;[0m&amp#27;[38;5;-117m[AndroidUiautomator2Driver@aa4b]&amp#27;[0m Got response with status 200: {"sessionId":"7b625dea-e84b-4224-a737-e82327f4d8c3","value":{"ELEMENT":"00000000-0000-077d-ffff-ffff0000001c","element-6066-11e4-a52e-4f735466cecf":"00000000-0000-077d-ffff-ffff0000001c"}}
&amp#27;[38;5;153m[3fb652ba]&amp#27;[0m&amp#27;[38;5;-117m[AndroidUiautomator2Driver@aa4b]&amp#27;[0m Responding to client with driver.findElement() result: {"element-6066-11e4-a52e-4f735466cecf":"00000000-0000-077d-ffff-ffff0000001c","ELEMENT":"00000000-0000-077d-ffff-ffff0000001c"}
&amp#27;[38;5;153m[3fb652ba]&amp#27;[0m&amp#27;[38;5;86m[HTTP]&amp#27;[0m &amp#27;[37m<-- POST /session/3fb652ba-332f-4840-b874-555db39a8855/element &amp#27;[39m&amp#27;[32m200&amp#27;[39m &amp#27;[90m28 ms - 137&amp#27;[39m &amp#27;[90m&amp#27;[39m
&amp#27;[38;5;153m[3fb652ba]&amp#27;[0m&amp#27;[38;5;86m[HTTP]&amp#27;[0m &amp#27;[37m-->&amp#27;[39m &amp#27;[37mPOST&amp#27;[39m &amp#27;[37m/session/3fb652ba-332f-4840-b874-555db39a8855/element/00000000-0000-077d-ffff-ffff0000001c/value&amp#27;[39m &amp#27;[90m{"value":["R","a","j"],"text":"Raj","id":"00000000-0000-077d-ffff-ffff0000001c"}&amp#27;[39m
&amp#27;[38;5;153m[3fb652ba]&amp#27;[0m&amp#27;[38;5;-117m[AndroidUiautomator2Driver@aa4b]&amp#27;[0m Calling AppiumDriver.setValue() with args: [["R","a","j"],"00000000-0000-077d-ffff-ffff0000001c","3fb652ba-332f-4840-b874-555db39a8855"]
&amp#27;[38;5;153m[3fb652ba]&amp#27;[0m&amp#27;[38;5;-117m[AndroidUiautomator2Driver@aa4b]&amp#27;[0m Matched '/element/00000000-0000-077d-ffff-ffff0000001c/value' to command name 'setValue'
&amp#27;[38;5;153m[3fb652ba]&amp#27;[0m&amp#27;[38;5;-117m[AndroidUiautomator2Driver@aa4b]&amp#27;[0m Added 'value' property ["R","a","j"] to 'setValue' request body
&amp#27;[38;5;153m[3fb652ba]&amp#27;[0m&amp#27;[38;5;-117m[AndroidUiautomator2Driver@aa4b]&amp#27;[0m Proxying [POST /element/00000000-0000-077d-ffff-ffff0000001c/value] to [POST http://127.0.0.1:8201/session/7b625dea-e84b-4224-a737-e82327f4d8c3/element/00000000-0000-077d-ffff-ffff0000001c/value] with body: {"elementId":"00000000-0000-077d-ffff-ffff0000001c","text":"Raj","replace":false,"value":["R","a","j"]}
&amp#27;[38;5;153m[3fb652ba]&amp#27;[0m&amp#27;[38;5;-117m[AndroidUiautomator2Driver@aa4b]&amp#27;[0m Got response with status 200: {"sessionId":"7b625dea-e84b-4224-a737-e82327f4d8c3","value":null}
&amp#27;[38;5;153m[3fb652ba]&amp#27;[0m&amp#27;[38;5;-117m[AndroidUiautomator2Driver@aa4b]&amp#27;[0m Responding to client with driver.setValue() result: null
&amp#27;[38;5;153m[3fb652ba]&amp#27;[0m&amp#27;[38;5;86m[HTTP]&amp#27;[0m &amp#27;[37m<-- POST /session/3fb652ba-332f-4840-b874-555db39a8855/element/00000000-0000-077d-ffff-ffff0000001c/value &amp#27;[39m&amp#27;[32m200&amp#27;[39m &amp#27;[90m550 ms - 14&amp#27;[39m &amp#27;[90m&amp#27;[39m
&amp#27;[38;5;153m[3fb652ba]&amp#27;[0m&amp#27;[38;5;86m[HTTP]&amp#27;[0m &amp#27;[37m-->&amp#27;[39m &amp#27;[37mPOST&amp#27;[39m &amp#27;[37m/session/3fb652ba-332f-4840-b874-555db39a8855/execute/sync&amp#27;[39m &amp#27;[90m{"script":"mobile: hideKeyboard","args":[]}&amp#27;[39m
&amp#27;[38;5;153m[3fb652ba]&amp#27;[0m&amp#27;[38;5;-117m[AndroidUiautomator2Driver@aa4b]&amp#27;[0m Calling AppiumDriver.execute() with args: ["mobile: hideKeyboard",[],"3fb652ba-332f-4840-b874-555db39a8855"]
&amp#27;[38;5;153m[3fb652ba]&amp#27;[0m&amp#27;[38;5;-117m[AndroidUiautomator2Driver@aa4b]&amp#27;[0m Executing native command 'mobile: hideKeyboard'
&amp#27;[38;5;153m[3fb652ba]&amp#27;[0m&amp#27;[38;5;229m[ADB]&amp#27;[0m Running 'C:\Users\User1\AppData\Local\Android\Sdk\platform-tools\adb.exe -P 5037 -s emulator-5554 shell dumpsys input_method'
&amp#27;[38;5;153m[3fb652ba]&amp#27;[0m&amp#27;[38;5;229m[ADB]&amp#27;[0m Keyboard has no UI; no closing necessary
&amp#27;[38;5;153m[3fb652ba]&amp#27;[0m&amp#27;[38;5;-117m[AndroidUiautomator2Driver@aa4b]&amp#27;[0m Responding to client with driver.execute() result: false
&amp#27;[38;5;153m[3fb652ba]&amp#27;[0m&amp#27;[38;5;86m[HTTP]&amp#27;[0m &amp#27;[37m<-- POST /session/3fb652ba-332f-4840-b874-555db39a8855/execute/sync &amp#27;[39m&amp#27;[32m200&amp#27;[39m &amp#27;[90m439 ms - 15&amp#27;[39m &amp#27;[90m&amp#27;[39m
&amp#27;[38;5;153m[3fb652ba]&amp#27;[0m&amp#27;[38;5;86m[HTTP]&amp#27;[0m &amp#27;[37m-->&amp#27;[39m &amp#27;[37mGET&amp#27;[39m &amp#27;[37m/session/3fb652ba-332f-4840-b874-555db39a8855/context&amp#27;[39m &amp#27;[90m{}&amp#27;[39m
&amp#27;[38;5;153m[3fb652ba]&amp#27;[0m&amp#27;[38;5;-117m[AndroidUiautomator2Driver@aa4b]&amp#27;[0m Calling AppiumDriver.getCurrentContext() with args: ["3fb652ba-332f-4840-b874-555db39a8855"]
&amp#27;[38;5;153m[3fb652ba]&amp#27;[0m&amp#27;[38;5;-117m[AndroidUiautomator2Driver@aa4b]&amp#27;[0m Responding to client with driver.getCurrentContext() result: "NATIVE_APP"
&amp#27;[38;5;153m[3fb652ba]&amp#27;[0m&amp#27;[38;5;86m[HTTP]&amp#27;[0m &amp#27;[37m<-- GET /session/3fb652ba-332f-4840-b874-555db39a8855/context &amp#27;[39m&amp#27;[32m200&amp#27;[39m &amp#27;[90m1 ms - 22&amp#27;[39m &amp#27;[90m&amp#27;[39m
&amp#27;[38;5;153m[3fb652ba]&amp#27;[0m&amp#27;[38;5;86m[HTTP]&amp#27;[0m &amp#27;[37m-->&amp#27;[39m &amp#27;[37mPOST&amp#27;[39m &amp#27;[37m/session/3fb652ba-332f-4840-b874-555db39a8855/element&amp#27;[39m &amp#27;[90m{"using":"xpath","value":"//android.widget.RadioButton[@text='Male']"}&amp#27;[39m
&amp#27;[38;5;153m[3fb652ba]&amp#27;[0m&amp#27;[38;5;-117m[AndroidUiautomator2Driver@aa4b]&amp#27;[0m Calling AppiumDriver.findElement() with args: ["xpath","//android.widget.RadioButton[@text='Male']","3fb652ba-332f-4840-b874-555db39a8855"]
&amp#27;[38;5;153m[3fb652ba]&amp#27;[0m&amp#27;[38;5;-117m[AndroidUiautomator2Driver@aa4b]&amp#27;[0m Valid locator strategies for this request: xpath, id, class name, accessibility id, css selector, -android uiautomator
&amp#27;[38;5;153m[3fb652ba]&amp#27;[0m&amp#27;[38;5;-117m[AndroidUiautomator2Driver@aa4b]&amp#27;[0m Waiting up to 0 ms for condition
&amp#27;[38;5;153m[3fb652ba]&amp#27;[0m&amp#27;[38;5;-117m[AndroidUiautomator2Driver@aa4b]&amp#27;[0m Matched '/element' to command name 'findElement'
&amp#27;[38;5;153m[3fb652ba]&amp#27;[0m&amp#27;[38;5;-117m[AndroidUiautomator2Driver@aa4b]&amp#27;[0m Proxying [POST /element] to [POST http://127.0.0.1:8201/session/7b625dea-e84b-4224-a737-e82327f4d8c3/element] with body: {"strategy":"xpath","selector":"//android.widget.RadioButton[@text='Male']","context":"","multiple":false}
&amp#27;[38;5;153m[3fb652ba]&amp#27;[0m&amp#27;[38;5;-117m[AndroidUiautomator2Driver@aa4b]&amp#27;[0m Got response with status 200: {"sessionId":"7b625dea-e84b-4224-a737-e82327f4d8c3","value":{"ELEMENT":"00000000-0000-077d-ffff-ffff0000001f","element-6066-11e4-a52e-4f735466cecf":"00000000-0000-077d-ffff-ffff0000001f"}}
&amp#27;[38;5;153m[3fb652ba]&amp#27;[0m&amp#27;[38;5;-117m[AndroidUiautomator2Driver@aa4b]&amp#27;[0m Responding to client with driver.findElement() result: {"element-6066-11e4-a52e-4f735466cecf":"00000000-0000-077d-ffff-ffff0000001f","ELEMENT":"00000000-0000-077d-ffff-ffff0000001f"}
&amp#27;[38;5;153m[3fb652ba]&amp#27;[0m&amp#27;[38;5;86m[HTTP]&amp#27;[0m &amp#27;[37m<-- POST /session/3fb652ba-332f-4840-b874-555db39a8855/element &amp#27;[39m&amp#27;[32m200&amp#27;[39m &amp#27;[90m834 ms - 137&amp#27;[39m &amp#27;[90m&amp#27;[39m
&amp#27;[38;5;153m[3fb652ba]&amp#27;[0m&amp#27;[38;5;86m[HTTP]&amp#27;[0m &amp#27;[37m-->&amp#27;[39m &amp#27;[37mPOST&amp#27;[39m &amp#27;[37m/session/3fb652ba-332f-4840-b874-555db39a8855/element/00000000-0000-077d-ffff-ffff0000001f/click&amp#27;[39m &amp#27;[90m{"id":"00000000-0000-077d-ffff-ffff0000001f"}&amp#27;[39m
&amp#27;[38;5;153m[3fb652ba]&amp#27;[0m&amp#27;[38;5;-117m[AndroidUiautomator2Driver@aa4b]&amp#27;[0m Calling AppiumDriver.click() with args: ["00000000-0000-077d-ffff-ffff0000001f","3fb652ba-332f-4840-b874-555db39a8855"]
&amp#27;[38;5;153m[3fb652ba]&amp#27;[0m&amp#27;[38;5;-117m[AndroidUiautomator2Driver@aa4b]&amp#27;[0m Matched '/element/00000000-0000-077d-ffff-ffff0000001f/click' to command name 'click'
&amp#27;[38;5;153m[3fb652ba]&amp#27;[0m&amp#27;[38;5;-117m[AndroidUiautomator2Driver@aa4b]&amp#27;[0m Proxying [POST /element/00000000-0000-077d-ffff-ffff0000001f/click] to [POST http://127.0.0.1:8201/session/7b625dea-e84b-4224-a737-e82327f4d8c3/element/00000000-0000-077d-ffff-ffff0000001f/click] with body: {"element":"00000000-0000-077d-ffff-ffff0000001f"}
&amp#27;[38;5;153m[3fb652ba]&amp#27;[0m&amp#27;[38;5;-117m[AndroidUiautomator2Driver@aa4b]&amp#27;[0m Got response with status 200: {"sessionId":"7b625dea-e84b-4224-a737-e82327f4d8c3","value":null}
&amp#27;[38;5;153m[3fb652ba]&amp#27;[0m&amp#27;[38;5;-117m[AndroidUiautomator2Driver@aa4b]&amp#27;[0m Responding to client with driver.click() result: null
&amp#27;[38;5;153m[3fb652ba]&amp#27;[0m&amp#27;[38;5;86m[HTTP]&amp#27;[0m &amp#27;[37m<-- POST /session/3fb652ba-332f-4840-b874-555db39a8855/element/00000000-0000-077d-ffff-ffff0000001f/click &amp#27;[39m&amp#27;[32m200&amp#27;[39m &amp#27;[90m89 ms - 14&amp#27;[39m &amp#27;[90m&amp#27;[39m
&amp#27;[38;5;153m[3fb652ba]&amp#27;[0m&amp#27;[38;5;86m[HTTP]&amp#27;[0m &amp#27;[37m-->&amp#27;[39m &amp#27;[37mGET&amp#27;[39m &amp#27;[37m/session/3fb652ba-332f-4840-b874-555db39a8855/context&amp#27;[39m &amp#27;[90m{}&amp#27;[39m
&amp#27;[38;5;153m[3fb652ba]&amp#27;[0m&amp#27;[38;5;-117m[AndroidUiautomator2Driver@aa4b]&amp#27;[0m Calling AppiumDriver.getCurrentContext() with args: ["3fb652ba-332f-4840-b874-555db39a8855"]
&amp#27;[38;5;153m[3fb652ba]&amp#27;[0m&amp#27;[38;5;-117m[AndroidUiautomator2Driver@aa4b]&amp#27;[0m Responding to client with driver.getCurrentContext() result: "NATIVE_APP"
&amp#27;[38;5;153m[3fb652ba]&amp#27;[0m&amp#27;[38;5;86m[HTTP]&amp#27;[0m &amp#27;[37m<-- GET /session/3fb652ba-332f-4840-b874-555db39a8855/context &amp#27;[39m&amp#27;[32m200&amp#27;[39m &amp#27;[90m2 ms - 22&amp#27;[39m &amp#27;[90m&amp#27;[39m
&amp#27;[38;5;153m[3fb652ba]&amp#27;[0m&amp#27;[38;5;86m[HTTP]&amp#27;[0m &amp#27;[37m-->&amp#27;[39m &amp#27;[37mPOST&amp#27;[39m &amp#27;[37m/session/3fb652ba-332f-4840-b874-555db39a8855/element&amp#27;[39m &amp#27;[90m{"using":"id","value":"android:id/text1"}&amp#27;[39m
&amp#27;[38;5;153m[3fb652ba]&amp#27;[0m&amp#27;[38;5;-117m[AndroidUiautomator2Driver@aa4b]&amp#27;[0m Calling AppiumDriver.findElement() with args: ["id","android:id/text1","3fb652ba-332f-4840-b874-555db39a8855"]
&amp#27;[38;5;153m[3fb652ba]&amp#27;[0m&amp#27;[38;5;-117m[AndroidUiautomator2Driver@aa4b]&amp#27;[0m Valid locator strategies for this request: xpath, id, class name, accessibility id, css selector, -android uiautomator
&amp#27;[38;5;153m[3fb652ba]&amp#27;[0m&amp#27;[38;5;-117m[AndroidUiautomator2Driver@aa4b]&amp#27;[0m Waiting up to 0 ms for condition
&amp#27;[38;5;153m[3fb652ba]&amp#27;[0m&amp#27;[38;5;-117m[AndroidUiautomator2Driver@aa4b]&amp#27;[0m Matched '/element' to command name 'findElement'
&amp#27;[38;5;153m[3fb652ba]&amp#27;[0m&amp#27;[38;5;-117m[AndroidUiautomator2Driver@aa4b]&amp#27;[0m Proxying [POST /element] to [POST http://127.0.0.1:8201/session/7b625dea-e84b-4224-a737-e82327f4d8c3/element] with body: {"strategy":"id","selector":"android:id/text1","context":"","multiple":false}
&amp#27;[38;5;153m[3fb652ba]&amp#27;[0m&amp#27;[38;5;-117m[AndroidUiautomator2Driver@aa4b]&amp#27;[0m Got response with status 200: {"sessionId":"7b625dea-e84b-4224-a737-e82327f4d8c3","value":{"ELEMENT":"00000000-0000-077d-ffff-ffff00000024","element-6066-11e4-a52e-4f735466cecf":"00000000-0000-077d-ffff-ffff00000024"}}
&amp#27;[38;5;153m[3fb652ba]&amp#27;[0m&amp#27;[38;5;-117m[AndroidUiautomator2Driver@aa4b]&amp#27;[0m Responding to client with driver.findElement() result: {"element-6066-11e4-a52e-4f735466cecf":"00000000-0000-077d-ffff-ffff00000024","ELEMENT":"00000000-0000-077d-ffff-ffff00000024"}
&amp#27;[38;5;153m[3fb652ba]&amp#27;[0m&amp#27;[38;5;86m[HTTP]&amp#27;[0m &amp#27;[37m<-- POST /session/3fb652ba-332f-4840-b874-555db39a8855/element &amp#27;[39m&amp#27;[32m200&amp#27;[39m &amp#27;[90m146 ms - 137&amp#27;[39m &amp#27;[90m&amp#27;[39m
&amp#27;[38;5;153m[3fb652ba]&amp#27;[0m&amp#27;[38;5;86m[HTTP]&amp#27;[0m &amp#27;[37m-->&amp#27;[39m &amp#27;[37mPOST&amp#27;[39m &amp#27;[37m/session/3fb652ba-332f-4840-b874-555db39a8855/element/00000000-0000-077d-ffff-ffff00000024/click&amp#27;[39m &amp#27;[90m{"id":"00000000-0000-077d-ffff-ffff00000024"}&amp#27;[39m
&amp#27;[38;5;153m[3fb652ba]&amp#27;[0m&amp#27;[38;5;-117m[AndroidUiautomator2Driver@aa4b]&amp#27;[0m Calling AppiumDriver.click() with args: ["00000000-0000-077d-ffff-ffff00000024","3fb652ba-332f-4840-b874-555db39a8855"]
&amp#27;[38;5;153m[3fb652ba]&amp#27;[0m&amp#27;[38;5;-117m[AndroidUiautomator2Driver@aa4b]&amp#27;[0m Matched '/element/00000000-0000-077d-ffff-ffff00000024/click' to command name 'click'
&amp#27;[38;5;153m[3fb652ba]&amp#27;[0m&amp#27;[38;5;-117m[AndroidUiautomator2Driver@aa4b]&amp#27;[0m Proxying [POST /element/00000000-0000-077d-ffff-ffff00000024/click] to [POST http://127.0.0.1:8201/session/7b625dea-e84b-4224-a737-e82327f4d8c3/element/00000000-0000-077d-ffff-ffff00000024/click] with body: {"element":"00000000-0000-077d-ffff-ffff00000024"}
&amp#27;[38;5;153m[3fb652ba]&amp#27;[0m&amp#27;[38;5;-117m[AndroidUiautomator2Driver@aa4b]&amp#27;[0m Got response with status 200: {"sessionId":"7b625dea-e84b-4224-a737-e82327f4d8c3","value":null}
&amp#27;[38;5;153m[3fb652ba]&amp#27;[0m&amp#27;[38;5;-117m[AndroidUiautomator2Driver@aa4b]&amp#27;[0m Responding to client with driver.click() result: null
&amp#27;[38;5;153m[3fb652ba]&amp#27;[0m&amp#27;[38;5;86m[HTTP]&amp#27;[0m &amp#27;[37m<-- POST /session/3fb652ba-332f-4840-b874-555db39a8855/element/00000000-0000-077d-ffff-ffff00000024/click &amp#27;[39m&amp#27;[32m200&amp#27;[39m &amp#27;[90m393 ms - 14&amp#27;[39m &amp#27;[90m&amp#27;[39m
&amp#27;[38;5;153m[3fb652ba]&amp#27;[0m&amp#27;[38;5;86m[HTTP]&amp#27;[0m &amp#27;[37m-->&amp#27;[39m &amp#27;[37mPOST&amp#27;[39m &amp#27;[37m/session/3fb652ba-332f-4840-b874-555db39a8855/element&amp#27;[39m &amp#27;[90m{"using":"-android uiautomator","value":"new UiScrollable(new UiSelector()).scrollIntoView(text(\"Austria\"));"}&amp#27;[39m
&amp#27;[38;5;153m[3fb652ba]&amp#27;[0m&amp#27;[38;5;-117m[AndroidUiautomator2Driver@aa4b]&amp#27;[0m Calling AppiumDriver.findElement() with args: ["-android uiautomator","new UiScrollable(new UiSelector()).scrollIntoView(text(\"Austria\"));","3fb652ba-332f-4840-b874-555db39a8855"]
&amp#27;[38;5;153m[3fb652ba]&amp#27;[0m&amp#27;[38;5;-117m[AndroidUiautomator2Driver@aa4b]&amp#27;[0m Valid locator strategies for this request: xpath, id, class name, accessibility id, css selector, -android uiautomator
&amp#27;[38;5;153m[3fb652ba]&amp#27;[0m&amp#27;[38;5;-117m[AndroidUiautomator2Driver@aa4b]&amp#27;[0m Waiting up to 0 ms for condition
&amp#27;[38;5;153m[3fb652ba]&amp#27;[0m&amp#27;[38;5;-117m[AndroidUiautomator2Driver@aa4b]&amp#27;[0m Matched '/element' to command name 'findElement'
&amp#27;[38;5;153m[3fb652ba]&amp#27;[0m&amp#27;[38;5;-117m[AndroidUiautomator2Driver@aa4b]&amp#27;[0m Proxying [POST /element] to [POST http://127.0.0.1:8201/session/7b625dea-e84b-4224-a737-e82327f4d8c3/element] with body: {"strategy":"-android uiautomator","selector":"new UiScrollable(new UiSelector()).scrollIntoView(text(\"Austria\"));","context":"","multiple":false}
&amp#27;[38;5;153m[3fb652ba]&amp#27;[0m&amp#27;[38;5;-117m[AndroidUiautomator2Driver@aa4b]&amp#27;[0m Got response with status 200: {"sessionId":"7b625dea-e84b-4224-a737-e82327f4d8c3","value":{"ELEMENT":"00000000-0000-077e-ffff-ffff0000002c","element-6066-11e4-a52e-4f735466cecf":"00000000-0000-077e-ffff-ffff0000002c"}}
&amp#27;[38;5;153m[3fb652ba]&amp#27;[0m&amp#27;[38;5;-117m[AndroidUiautomator2Driver@aa4b]&amp#27;[0m Responding to client with driver.findElement() result: {"element-6066-11e4-a52e-4f735466cecf":"00000000-0000-077e-ffff-ffff0000002c","ELEMENT":"00000000-0000-077e-ffff-ffff0000002c"}
&amp#27;[38;5;153m[3fb652ba]&amp#27;[0m&amp#27;[38;5;86m[HTTP]&amp#27;[0m &amp#27;[37m<-- POST /session/3fb652ba-332f-4840-b874-555db39a8855/element &amp#27;[39m&amp#27;[32m200&amp#27;[39m &amp#27;[90m4893 ms - 137&amp#27;[39m &amp#27;[90m&amp#27;[39m
&amp#27;[38;5;153m[3fb652ba]&amp#27;[0m&amp#27;[38;5;86m[HTTP]&amp#27;[0m &amp#27;[37m-->&amp#27;[39m &amp#27;[37mPOST&amp#27;[39m &amp#27;[37m/session/3fb652ba-332f-4840-b874-555db39a8855/element&amp#27;[39m &amp#27;[90m{"using":"xpath","value":"//android.widget.TextView[@text='Austria']"}&amp#27;[39m
&amp#27;[38;5;153m[3fb652ba]&amp#27;[0m&amp#27;[38;5;-117m[AndroidUiautomator2Driver@aa4b]&amp#27;[0m Calling AppiumDriver.findElement() with args: ["xpath","//android.widget.TextView[@text='Austria']","3fb652ba-332f-4840-b874-555db39a8855"]
&amp#27;[38;5;153m[3fb652ba]&amp#27;[0m&amp#27;[38;5;-117m[AndroidUiautomator2Driver@aa4b]&amp#27;[0m Valid locator strategies for this request: xpath, id, class name, accessibility id, css selector, -android uiautomator
&amp#27;[38;5;153m[3fb652ba]&amp#27;[0m&amp#27;[38;5;-117m[AndroidUiautomator2Driver@aa4b]&amp#27;[0m Waiting up to 0 ms for condition
&amp#27;[38;5;153m[3fb652ba]&amp#27;[0m&amp#27;[38;5;-117m[AndroidUiautomator2Driver@aa4b]&amp#27;[0m Matched '/element' to command name 'findElement'
&amp#27;[38;5;153m[3fb652ba]&amp#27;[0m&amp#27;[38;5;-117m[AndroidUiautomator2Driver@aa4b]&amp#27;[0m Proxying [POST /element] to [POST http://127.0.0.1:8201/session/7b625dea-e84b-4224-a737-e82327f4d8c3/element] with body: {"strategy":"xpath","selector":"//android.widget.TextView[@text='Austria']","context":"","multiple":false}
&amp#27;[38;5;153m[3fb652ba]&amp#27;[0m&amp#27;[38;5;-117m[AndroidUiautomator2Driver@aa4b]&amp#27;[0m Got response with status 200: {"sessionId":"7b625dea-e84b-4224-a737-e82327f4d8c3","value":{"ELEMENT":"00000000-0000-077e-ffff-ffff0000002c","element-6066-11e4-a52e-4f735466cecf":"00000000-0000-077e-ffff-ffff0000002c"}}
&amp#27;[38;5;153m[3fb652ba]&amp#27;[0m&amp#27;[38;5;-117m[AndroidUiautomator2Driver@aa4b]&amp#27;[0m Responding to client with driver.findElement() result: {"element-6066-11e4-a52e-4f735466cecf":"00000000-0000-077e-ffff-ffff0000002c","ELEMENT":"00000000-0000-077e-ffff-ffff0000002c"}
&amp#27;[38;5;153m[3fb652ba]&amp#27;[0m&amp#27;[38;5;86m[HTTP]&amp#27;[0m &amp#27;[37m<-- POST /session/3fb652ba-332f-4840-b874-555db39a8855/element &amp#27;[39m&amp#27;[32m200&amp#27;[39m &amp#27;[90m100 ms - 137&amp#27;[39m &amp#27;[90m&amp#27;[39m
&amp#27;[38;5;153m[3fb652ba]&amp#27;[0m&amp#27;[38;5;86m[HTTP]&amp#27;[0m &amp#27;[37m-->&amp#27;[39m &amp#27;[37mPOST&amp#27;[39m &amp#27;[37m/session/3fb652ba-332f-4840-b874-555db39a8855/element/00000000-0000-077e-ffff-ffff0000002c/click&amp#27;[39m &amp#27;[90m{"id":"00000000-0000-077e-ffff-ffff0000002c"}&amp#27;[39m
&amp#27;[38;5;153m[3fb652ba]&amp#27;[0m&amp#27;[38;5;-117m[AndroidUiautomator2Driver@aa4b]&amp#27;[0m Calling AppiumDriver.click() with args: ["00000000-0000-077e-ffff-ffff0000002c","3fb652ba-332f-4840-b874-555db39a8855"]
&amp#27;[38;5;153m[3fb652ba]&amp#27;[0m&amp#27;[38;5;-117m[AndroidUiautomator2Driver@aa4b]&amp#27;[0m Matched '/element/00000000-0000-077e-ffff-ffff0000002c/click' to command name 'click'
&amp#27;[38;5;153m[3fb652ba]&amp#27;[0m&amp#27;[38;5;-117m[AndroidUiautomator2Driver@aa4b]&amp#27;[0m Proxying [POST /element/00000000-0000-077e-ffff-ffff0000002c/click] to [POST http://127.0.0.1:8201/session/7b625dea-e84b-4224-a737-e82327f4d8c3/element/00000000-0000-077e-ffff-ffff0000002c/click] with body: {"element":"00000000-0000-077e-ffff-ffff0000002c"}
&amp#27;[38;5;153m[3fb652ba]&amp#27;[0m&amp#27;[38;5;-117m[AndroidUiautomator2Driver@aa4b]&amp#27;[0m Got response with status 200: {"sessionId":"7b625dea-e84b-4224-a737-e82327f4d8c3","value":null}
&amp#27;[38;5;153m[3fb652ba]&amp#27;[0m&amp#27;[38;5;-117m[AndroidUiautomator2Driver@aa4b]&amp#27;[0m Responding to client with driver.click() result: null
&amp#27;[38;5;153m[3fb652ba]&amp#27;[0m&amp#27;[38;5;86m[HTTP]&amp#27;[0m &amp#27;[37m<-- POST /session/3fb652ba-332f-4840-b874-555db39a8855/element/00000000-0000-077e-ffff-ffff0000002c/click &amp#27;[39m&amp#27;[32m200&amp#27;[39m &amp#27;[90m798 ms - 14&amp#27;[39m &amp#27;[90m&amp#27;[39m
&amp#27;[38;5;153m[3fb652ba]&amp#27;[0m&amp#27;[38;5;86m[HTTP]&amp#27;[0m &amp#27;[37m-->&amp#27;[39m &amp#27;[37mGET&amp#27;[39m &amp#27;[37m/session/3fb652ba-332f-4840-b874-555db39a8855/context&amp#27;[39m &amp#27;[90m{}&amp#27;[39m
&amp#27;[38;5;153m[3fb652ba]&amp#27;[0m&amp#27;[38;5;-117m[AndroidUiautomator2Driver@aa4b]&amp#27;[0m Calling AppiumDriver.getCurrentContext() with args: ["3fb652ba-332f-4840-b874-555db39a8855"]
&amp#27;[38;5;153m[3fb652ba]&amp#27;[0m&amp#27;[38;5;-117m[AndroidUiautomator2Driver@aa4b]&amp#27;[0m Responding to client with driver.getCurrentContext() result: "NATIVE_APP"
&amp#27;[38;5;153m[3fb652ba]&amp#27;[0m&amp#27;[38;5;86m[HTTP]&amp#27;[0m &amp#27;[37m<-- GET /session/3fb652ba-332f-4840-b874-555db39a8855/context &amp#27;[39m&amp#27;[32m200&amp#27;[39m &amp#27;[90m2 ms - 22&amp#27;[39m &amp#27;[90m&amp#27;[39m
&amp#27;[38;5;153m[3fb652ba]&amp#27;[0m&amp#27;[38;5;86m[HTTP]&amp#27;[0m &amp#27;[37m-->&amp#27;[39m &amp#27;[37mPOST&amp#27;[39m &amp#27;[37m/session/3fb652ba-332f-4840-b874-555db39a8855/element&amp#27;[39m &amp#27;[90m{"using":"id","value":"com.androidsample.generalstore:id/btnLetsShop"}&amp#27;[39m
&amp#27;[38;5;153m[3fb652ba]&amp#27;[0m&amp#27;[38;5;-117m[AndroidUiautomator2Driver@aa4b]&amp#27;[0m Calling AppiumDriver.findElement() with args: ["id","com.androidsample.generalstore:id/btnLetsShop","3fb652ba-332f-4840-b874-555db39a8855"]
&amp#27;[38;5;153m[3fb652ba]&amp#27;[0m&amp#27;[38;5;-117m[AndroidUiautomator2Driver@aa4b]&amp#27;[0m Valid locator strategies for this request: xpath, id, class name, accessibility id, css selector, -android uiautomator
&amp#27;[38;5;153m[3fb652ba]&amp#27;[0m&amp#27;[38;5;-117m[AndroidUiautomator2Driver@aa4b]&amp#27;[0m Waiting up to 0 ms for condition
&amp#27;[38;5;153m[3fb652ba]&amp#27;[0m&amp#27;[38;5;-117m[AndroidUiautomator2Driver@aa4b]&amp#27;[0m Matched '/element' to command name 'findElement'
&amp#27;[38;5;153m[3fb652ba]&amp#27;[0m&amp#27;[38;5;-117m[AndroidUiautomator2Driver@aa4b]&amp#27;[0m Proxying [POST /element] to [POST http://127.0.0.1:8201/session/7b625dea-e84b-4224-a737-e82327f4d8c3/element] with body: {"strategy":"id","selector":"com.androidsample.generalstore:id/btnLetsShop","context":"","multiple":false}
&amp#27;[38;5;153m[3fb652ba]&amp#27;[0m&amp#27;[38;5;-117m[AndroidUiautomator2Driver@aa4b]&amp#27;[0m Got response with status 200: {"sessionId":"7b625dea-e84b-4224-a737-e82327f4d8c3","value":{"ELEMENT":"00000000-0000-077d-ffff-ffff00000021","element-6066-11e4-a52e-4f735466cecf":"00000000-0000-077d-ffff-ffff00000021"}}
&amp#27;[38;5;153m[3fb652ba]&amp#27;[0m&amp#27;[38;5;-117m[AndroidUiautomator2Driver@aa4b]&amp#27;[0m Responding to client with driver.findElement() result: {"element-6066-11e4-a52e-4f735466cecf":"00000000-0000-077d-ffff-ffff00000021","ELEMENT":"00000000-0000-077d-ffff-ffff00000021"}
&amp#27;[38;5;153m[3fb652ba]&amp#27;[0m&amp#27;[38;5;86m[HTTP]&amp#27;[0m &amp#27;[37m<-- POST /session/3fb652ba-332f-4840-b874-555db39a8855/element &amp#27;[39m&amp#27;[32m200&amp#27;[39m &amp#27;[90m70 ms - 137&amp#27;[39m &amp#27;[90m&amp#27;[39m
&amp#27;[38;5;153m[3fb652ba]&amp#27;[0m&amp#27;[38;5;86m[HTTP]&amp#27;[0m &amp#27;[37m-->&amp#27;[39m &amp#27;[37mPOST&amp#27;[39m &amp#27;[37m/session/3fb652ba-332f-4840-b874-555db39a8855/element/00000000-0000-077d-ffff-ffff00000021/click&amp#27;[39m &amp#27;[90m{"id":"00000000-0000-077d-ffff-ffff00000021"}&amp#27;[39m
&amp#27;[38;5;153m[3fb652ba]&amp#27;[0m&amp#27;[38;5;-117m[AndroidUiautomator2Driver@aa4b]&amp#27;[0m Calling AppiumDriver.click() with args: ["00000000-0000-077d-ffff-ffff00000021","3fb652ba-332f-4840-b874-555db39a8855"]
&amp#27;[38;5;153m[3fb652ba]&amp#27;[0m&amp#27;[38;5;-117m[AndroidUiautomator2Driver@aa4b]&amp#27;[0m Matched '/element/00000000-0000-077d-ffff-ffff00000021/click' to command name 'click'
&amp#27;[38;5;153m[3fb652ba]&amp#27;[0m&amp#27;[38;5;-117m[AndroidUiautomator2Driver@aa4b]&amp#27;[0m Proxying [POST /element/00000000-0000-077d-ffff-ffff00000021/click] to [POST http://127.0.0.1:8201/session/7b625dea-e84b-4224-a737-e82327f4d8c3/element/00000000-0000-077d-ffff-ffff00000021/click] with body: {"element":"00000000-0000-077d-ffff-ffff00000021"}
&amp#27;[38;5;153m[3fb652ba]&amp#27;[0m&amp#27;[38;5;-117m[AndroidUiautomator2Driver@aa4b]&amp#27;[0m Got response with status 200: {"sessionId":"7b625dea-e84b-4224-a737-e82327f4d8c3","value":null}
&amp#27;[38;5;153m[3fb652ba]&amp#27;[0m&amp#27;[38;5;-117m[AndroidUiautomator2Driver@aa4b]&amp#27;[0m Responding to client with driver.click() result: null
&amp#27;[38;5;153m[3fb652ba]&amp#27;[0m&amp#27;[38;5;86m[HTTP]&amp#27;[0m &amp#27;[37m<-- POST /session/3fb652ba-332f-4840-b874-555db39a8855/element/00000000-0000-077d-ffff-ffff00000021/click &amp#27;[39m&amp#27;[32m200&amp#27;[39m &amp#27;[90m88 ms - 14&amp#27;[39m &amp#27;[90m&amp#27;[39m
&amp#27;[38;5;153m[3fb652ba]&amp#27;[0m&amp#27;[38;5;86m[HTTP]&amp#27;[0m &amp#27;[37m-->&amp#27;[39m &amp#27;[37mGET&amp#27;[39m &amp#27;[37m/session/3fb652ba-332f-4840-b874-555db39a8855/context&amp#27;[39m &amp#27;[90m{}&amp#27;[39m
&amp#27;[38;5;153m[3fb652ba]&amp#27;[0m&amp#27;[38;5;-117m[AndroidUiautomator2Driver@aa4b]&amp#27;[0m Calling AppiumDriver.getCurrentContext() with args: ["3fb652ba-332f-4840-b874-555db39a8855"]
&amp#27;[38;5;153m[3fb652ba]&amp#27;[0m&amp#27;[38;5;-117m[AndroidUiautomator2Driver@aa4b]&amp#27;[0m Responding to client with driver.getCurrentContext() result: "NATIVE_APP"
&amp#27;[38;5;153m[3fb652ba]&amp#27;[0m&amp#27;[38;5;86m[HTTP]&amp#27;[0m &amp#27;[37m<-- GET /session/3fb652ba-332f-4840-b874-555db39a8855/context &amp#27;[39m&amp#27;[32m200&amp#27;[39m &amp#27;[90m2 ms - 22&amp#27;[39m &amp#27;[90m&amp#27;[39m
&amp#27;[38;5;153m[3fb652ba]&amp#27;[0m&amp#27;[38;5;86m[HTTP]&amp#27;[0m &amp#27;[37m-->&amp#27;[39m &amp#27;[37mPOST&amp#27;[39m &amp#27;[37m/session/3fb652ba-332f-4840-b874-555db39a8855/elements&amp#27;[39m &amp#27;[90m{"using":"xpath","value":"//android.widget.TextView[@text='ADD TO CART']"}&amp#27;[39m
&amp#27;[38;5;153m[3fb652ba]&amp#27;[0m&amp#27;[38;5;-117m[AndroidUiautomator2Driver@aa4b]&amp#27;[0m Calling AppiumDriver.findElements() with args: ["xpath","//android.widget.TextView[@text='ADD TO CART']","3fb652ba-332f-4840-b874-555db39a8855"]
&amp#27;[38;5;153m[3fb652ba]&amp#27;[0m&amp#27;[38;5;-117m[AndroidUiautomator2Driver@aa4b]&amp#27;[0m Valid locator strategies for this request: xpath, id, class name, accessibility id, css selector, -android uiautomator
&amp#27;[38;5;153m[3fb652ba]&amp#27;[0m&amp#27;[38;5;-117m[AndroidUiautomator2Driver@aa4b]&amp#27;[0m Waiting up to 0 ms for condition
&amp#27;[38;5;153m[3fb652ba]&amp#27;[0m&amp#27;[38;5;-117m[AndroidUiautomator2Driver@aa4b]&amp#27;[0m Matched '/elements' to command name 'findElements'
&amp#27;[38;5;153m[3fb652ba]&amp#27;[0m&amp#27;[38;5;-117m[AndroidUiautomator2Driver@aa4b]&amp#27;[0m Proxying [POST /elements] to [POST http://127.0.0.1:8201/session/7b625dea-e84b-4224-a737-e82327f4d8c3/elements] with body: {"strategy":"xpath","selector":"//android.widget.TextView[@text='ADD TO CART']","context":"","multiple":true}
&amp#27;[38;5;153m[3fb652ba]&amp#27;[0m&amp#27;[38;5;-117m[AndroidUiautomator2Driver@aa4b]&amp#27;[0m Got response with status 200: {"sessionId":"7b625dea-e84b-4224-a737-e82327f4d8c3","value":[]}
&amp#27;[38;5;153m[3fb652ba]&amp#27;[0m&amp#27;[38;5;-117m[AndroidUiautomator2Driver@aa4b]&amp#27;[0m Responding to client with driver.findElements() result: []
&amp#27;[38;5;153m[3fb652ba]&amp#27;[0m&amp#27;[38;5;86m[HTTP]&amp#27;[0m &amp#27;[37m<-- POST /session/3fb652ba-332f-4840-b874-555db39a8855/elements &amp#27;[39m&amp#27;[32m200&amp#27;[39m &amp#27;[90m533 ms - 12&amp#27;[39m &amp#27;[90m&amp#27;[39m
&amp#27;[38;5;153m[3fb652ba]&amp#27;[0m&amp#27;[38;5;86m[HTTP]&amp#27;[0m &amp#27;[37m-->&amp#27;[39m &amp#27;[37mGET&amp#27;[39m &amp#27;[37m/session/3fb652ba-332f-4840-b874-555db39a8855/context&amp#27;[39m &amp#27;[90m{}&amp#27;[39m
&amp#27;[38;5;153m[3fb652ba]&amp#27;[0m&amp#27;[38;5;-117m[AndroidUiautomator2Driver@aa4b]&amp#27;[0m Calling AppiumDriver.getCurrentContext() with args: ["3fb652ba-332f-4840-b874-555db39a8855"]
&amp#27;[38;5;153m[3fb652ba]&amp#27;[0m&amp#27;[38;5;-117m[AndroidUiautomator2Driver@aa4b]&amp#27;[0m Responding to client with driver.getCurrentContext() result: "NATIVE_APP"
&amp#27;[38;5;153m[3fb652ba]&amp#27;[0m&amp#27;[38;5;86m[HTTP]&amp#27;[0m &amp#27;[37m<-- GET /session/3fb652ba-332f-4840-b874-555db39a8855/context &amp#27;[39m&amp#27;[32m200&amp#27;[39m &amp#27;[90m1 ms - 22&amp#27;[39m &amp#27;[90m&amp#27;[39m
&amp#27;[38;5;153m[3fb652ba]&amp#27;[0m&amp#27;[38;5;86m[HTTP]&amp#27;[0m &amp#27;[37m-->&amp#27;[39m &amp#27;[37mPOST&amp#27;[39m &amp#27;[37m/session/3fb652ba-332f-4840-b874-555db39a8855/elements&amp#27;[39m &amp#27;[90m{"using":"xpath","value":"//android.widget.TextView[@text='ADD TO CART']"}&amp#27;[39m
&amp#27;[38;5;153m[3fb652ba]&amp#27;[0m&amp#27;[38;5;-117m[AndroidUiautomator2Driver@aa4b]&amp#27;[0m Calling AppiumDriver.findElements() with args: ["xpath","//android.widget.TextView[@text='ADD TO CART']","3fb652ba-332f-4840-b874-555db39a8855"]
&amp#27;[38;5;153m[3fb652ba]&amp#27;[0m&amp#27;[38;5;-117m[AndroidUiautomator2Driver@aa4b]&amp#27;[0m Valid locator strategies for this request: xpath, id, class name, accessibility id, css selector, -android uiautomator
&amp#27;[38;5;153m[3fb652ba]&amp#27;[0m&amp#27;[38;5;-117m[AndroidUiautomator2Driver@aa4b]&amp#27;[0m Waiting up to 0 ms for condition
&amp#27;[38;5;153m[3fb652ba]&amp#27;[0m&amp#27;[38;5;-117m[AndroidUiautomator2Driver@aa4b]&amp#27;[0m Matched '/elements' to command name 'findElements'
&amp#27;[38;5;153m[3fb652ba]&amp#27;[0m&amp#27;[38;5;-117m[AndroidUiautomator2Driver@aa4b]&amp#27;[0m Proxying [POST /elements] to [POST http://127.0.0.1:8201/session/7b625dea-e84b-4224-a737-e82327f4d8c3/elements] with body: {"strategy":"xpath","selector":"//android.widget.TextView[@text='ADD TO CART']","context":"","multiple":true}
&amp#27;[38;5;153m[3fb652ba]&amp#27;[0m&amp#27;[38;5;-117m[AndroidUiautomator2Driver@aa4b]&amp#27;[0m Got response with status 200: {"sessionId":"7b625dea-e84b-4224-a737-e82327f4d8c3","value":[{"ELEMENT":"00000000-0000-077f-ffff-ffff00000051","element-6066-11e4-a52e-4f735466cecf":"00000000-0000-077f-ffff-ffff00000051"},{"ELEMENT":"00000000-0000-077f-ffff-ffff00000059","element-6066-11e4-a52e-4f735466cecf":"00000000-0000-077f-ffff-ffff00000059"}]}
&amp#27;[38;5;153m[3fb652ba]&amp#27;[0m&amp#27;[38;5;-117m[AndroidUiautomator2Driver@aa4b]&amp#27;[0m Responding to client with driver.findElements() result: [{"element-6066-11e4-a52e-4f735466cecf":"00000000-0000-077f-ffff-ffff00000051","ELEMENT":"00000000-0000-077f-ffff-ffff00000051"},{"element-6066-11e4-a52e-4f735466cecf":"00000000-0000-077f-ffff-ffff00000059","ELEMENT":"00000000-0000-077f-ffff-ffff00000059"}]
&amp#27;[38;5;153m[3fb652ba]&amp#27;[0m&amp#27;[38;5;86m[HTTP]&amp#27;[0m &amp#27;[37m<-- POST /session/3fb652ba-332f-4840-b874-555db39a8855/elements &amp#27;[39m&amp#27;[32m200&amp#27;[39m &amp#27;[90m604 ms - 267&amp#27;[39m &amp#27;[90m&amp#27;[39m
&amp#27;[38;5;153m[3fb652ba]&amp#27;[0m&amp#27;[38;5;86m[HTTP]&amp#27;[0m &amp#27;[37m-->&amp#27;[39m &amp#27;[37mGET&amp#27;[39m &amp#27;[37m/session/3fb652ba-332f-4840-b874-555db39a8855/context&amp#27;[39m &amp#27;[90m{}&amp#27;[39m
&amp#27;[38;5;153m[3fb652ba]&amp#27;[0m&amp#27;[38;5;-117m[AndroidUiautomator2Driver@aa4b]&amp#27;[0m Calling AppiumDriver.getCurrentContext() with args: ["3fb652ba-332f-4840-b874-555db39a8855"]
&amp#27;[38;5;153m[3fb652ba]&amp#27;[0m&amp#27;[38;5;-117m[AndroidUiautomator2Driver@aa4b]&amp#27;[0m Responding to client with driver.getCurrentContext() result: "NATIVE_APP"
&amp#27;[38;5;153m[3fb652ba]&amp#27;[0m&amp#27;[38;5;86m[HTTP]&amp#27;[0m &amp#27;[37m<-- GET /session/3fb652ba-332f-4840-b874-555db39a8855/context &amp#27;[39m&amp#27;[32m200&amp#27;[39m &amp#27;[90m1 ms - 22&amp#27;[39m &amp#27;[90m&amp#27;[39m
&amp#27;[38;5;153m[3fb652ba]&amp#27;[0m&amp#27;[38;5;86m[HTTP]&amp#27;[0m &amp#27;[37m-->&amp#27;[39m &amp#27;[37mPOST&amp#27;[39m &amp#27;[37m/session/3fb652ba-332f-4840-b874-555db39a8855/elements&amp#27;[39m &amp#27;[90m{"using":"xpath","value":"//android.widget.TextView[@text='ADD TO CART']"}&amp#27;[39m
&amp#27;[38;5;153m[3fb652ba]&amp#27;[0m&amp#27;[38;5;-117m[AndroidUiautomator2Driver@aa4b]&amp#27;[0m Calling AppiumDriver.findElements() with args: ["xpath","//android.widget.TextView[@text='ADD TO CART']","3fb652ba-332f-4840-b874-555db39a8855"]
&amp#27;[38;5;153m[3fb652ba]&amp#27;[0m&amp#27;[38;5;-117m[AndroidUiautomator2Driver@aa4b]&amp#27;[0m Valid locator strategies for this request: xpath, id, class name, accessibility id, css selector, -android uiautomator
&amp#27;[38;5;153m[3fb652ba]&amp#27;[0m&amp#27;[38;5;-117m[AndroidUiautomator2Driver@aa4b]&amp#27;[0m Waiting up to 0 ms for condition
&amp#27;[38;5;153m[3fb652ba]&amp#27;[0m&amp#27;[38;5;-117m[AndroidUiautomator2Driver@aa4b]&amp#27;[0m Matched '/elements' to command name 'findElements'
&amp#27;[38;5;153m[3fb652ba]&amp#27;[0m&amp#27;[38;5;-117m[AndroidUiautomator2Driver@aa4b]&amp#27;[0m Proxying [POST /elements] to [POST http://127.0.0.1:8201/session/7b625dea-e84b-4224-a737-e82327f4d8c3/elements] with body: {"strategy":"xpath","selector":"//android.widget.TextView[@text='ADD TO CART']","context":"","multiple":true}
&amp#27;[38;5;153m[3fb652ba]&amp#27;[0m&amp#27;[38;5;-117m[AndroidUiautomator2Driver@aa4b]&amp#27;[0m Got response with status 200: {"sessionId":"7b625dea-e84b-4224-a737-e82327f4d8c3","value":[{"ELEMENT":"00000000-0000-077f-ffff-ffff00000051","element-6066-11e4-a52e-4f735466cecf":"00000000-0000-077f-ffff-ffff00000051"},{"ELEMENT":"00000000-0000-077f-ffff-ffff00000059","element-6066-11e4-a52e-4f735466cecf":"00000000-0000-077f-ffff-ffff00000059"}]}
&amp#27;[38;5;153m[3fb652ba]&amp#27;[0m&amp#27;[38;5;-117m[AndroidUiautomator2Driver@aa4b]&amp#27;[0m Responding to client with driver.findElements() result: [{"element-6066-11e4-a52e-4f735466cecf":"00000000-0000-077f-ffff-ffff00000051","ELEMENT":"00000000-0000-077f-ffff-ffff00000051"},{"element-6066-11e4-a52e-4f735466cecf":"00000000-0000-077f-ffff-ffff00000059","ELEMENT":"00000000-0000-077f-ffff-ffff00000059"}]
&amp#27;[38;5;153m[3fb652ba]&amp#27;[0m&amp#27;[38;5;86m[HTTP]&amp#27;[0m &amp#27;[37m<-- POST /session/3fb652ba-332f-4840-b874-555db39a8855/elements &amp#27;[39m&amp#27;[32m200&amp#27;[39m &amp#27;[90m101 ms - 267&amp#27;[39m &amp#27;[90m&amp#27;[39m
&amp#27;[38;5;153m[3fb652ba]&amp#27;[0m&amp#27;[38;5;86m[HTTP]&amp#27;[0m &amp#27;[37m-->&amp#27;[39m &amp#27;[37mGET&amp#27;[39m &amp#27;[37m/session/3fb652ba-332f-4840-b874-555db39a8855/element/00000000-0000-077f-ffff-ffff00000051/displayed&amp#27;[39m &amp#27;[90m{}&amp#27;[39m
&amp#27;[38;5;153m[3fb652ba]&amp#27;[0m&amp#27;[38;5;-117m[AndroidUiautomator2Driver@aa4b]&amp#27;[0m Calling AppiumDriver.elementDisplayed() with args: ["00000000-0000-077f-ffff-ffff00000051","3fb652ba-332f-4840-b874-555db39a8855"]
&amp#27;[38;5;153m[3fb652ba]&amp#27;[0m&amp#27;[38;5;-117m[AndroidUiautomator2Driver@aa4b]&amp#27;[0m Matched '/element/00000000-0000-077f-ffff-ffff00000051/attribute/displayed' to command name 'getAttribute'
&amp#27;[38;5;153m[3fb652ba]&amp#27;[0m&amp#27;[38;5;-117m[AndroidUiautomator2Driver@aa4b]&amp#27;[0m Proxying [GET /element/00000000-0000-077f-ffff-ffff00000051/attribute/displayed] to [GET http://127.0.0.1:8201/session/7b625dea-e84b-4224-a737-e82327f4d8c3/element/00000000-0000-077f-ffff-ffff00000051/attribute/displayed] with no body
&amp#27;[38;5;153m[3fb652ba]&amp#27;[0m&amp#27;[38;5;-117m[AndroidUiautomator2Driver@aa4b]&amp#27;[0m Got response with status 200: {"sessionId":"7b625dea-e84b-4224-a737-e82327f4d8c3","value":"true"}
&amp#27;[38;5;153m[3fb652ba]&amp#27;[0m&amp#27;[38;5;-117m[AndroidUiautomator2Driver@aa4b]&amp#27;[0m Responding to client with driver.elementDisplayed() result: true
&amp#27;[38;5;153m[3fb652ba]&amp#27;[0m&amp#27;[38;5;86m[HTTP]&amp#27;[0m &amp#27;[37m<-- GET /session/3fb652ba-332f-4840-b874-555db39a8855/element/00000000-0000-077f-ffff-ffff00000051/displayed &amp#27;[39m&amp#27;[32m200&amp#27;[39m &amp#27;[90m19 ms - 14&amp#27;[39m &amp#27;[90m&amp#27;[39m
&amp#27;[38;5;153m[3fb652ba]&amp#27;[0m&amp#27;[38;5;86m[HTTP]&amp#27;[0m &amp#27;[37m-->&amp#27;[39m &amp#27;[37mPOST&amp#27;[39m &amp#27;[37m/session/3fb652ba-332f-4840-b874-555db39a8855/element/00000000-0000-077f-ffff-ffff00000051/click&amp#27;[39m &amp#27;[90m{"id":"00000000-0000-077f-ffff-ffff00000051"}&amp#27;[39m
&amp#27;[38;5;153m[3fb652ba]&amp#27;[0m&amp#27;[38;5;-117m[AndroidUiautomator2Driver@aa4b]&amp#27;[0m Calling AppiumDriver.click() with args: ["00000000-0000-077f-ffff-ffff00000051","3fb652ba-332f-4840-b874-555db39a8855"]
&amp#27;[38;5;153m[3fb652ba]&amp#27;[0m&amp#27;[38;5;-117m[AndroidUiautomator2Driver@aa4b]&amp#27;[0m Matched '/element/00000000-0000-077f-ffff-ffff00000051/click' to command name 'click'
&amp#27;[38;5;153m[3fb652ba]&amp#27;[0m&amp#27;[38;5;-117m[AndroidUiautomator2Driver@aa4b]&amp#27;[0m Proxying [POST /element/00000000-0000-077f-ffff-ffff00000051/click] to [POST http://127.0.0.1:8201/session/7b625dea-e84b-4224-a737-e82327f4d8c3/element/00000000-0000-077f-ffff-ffff00000051/click] with body: {"element":"00000000-0000-077f-ffff-ffff00000051"}
&amp#27;[38;5;153m[3fb652ba]&amp#27;[0m&amp#27;[38;5;-117m[AndroidUiautomator2Driver@aa4b]&amp#27;[0m Got response with status 200: {"sessionId":"7b625dea-e84b-4224-a737-e82327f4d8c3","value":null}
&amp#27;[38;5;153m[3fb652ba]&amp#27;[0m&amp#27;[38;5;-117m[AndroidUiautomator2Driver@aa4b]&amp#27;[0m Responding to client with driver.click() result: null
&amp#27;[38;5;153m[3fb652ba]&amp#27;[0m&amp#27;[38;5;86m[HTTP]&amp#27;[0m &amp#27;[37m<-- POST /session/3fb652ba-332f-4840-b874-555db39a8855/element/00000000-0000-077f-ffff-ffff00000051/click &amp#27;[39m&amp#27;[32m200&amp#27;[39m &amp#27;[90m549 ms - 14&amp#27;[39m &amp#27;[90m&amp#27;[39m
&amp#27;[38;5;153m[3fb652ba]&amp#27;[0m&amp#27;[38;5;86m[HTTP]&amp#27;[0m &amp#27;[37m-->&amp#27;[39m &amp#27;[37mGET&amp#27;[39m &amp#27;[37m/session/3fb652ba-332f-4840-b874-555db39a8855/context&amp#27;[39m &amp#27;[90m{}&amp#27;[39m
&amp#27;[38;5;153m[3fb652ba]&amp#27;[0m&amp#27;[38;5;-117m[AndroidUiautomator2Driver@aa4b]&amp#27;[0m Calling AppiumDriver.getCurrentContext() with args: ["3fb652ba-332f-4840-b874-555db39a8855"]
&amp#27;[38;5;153m[3fb652ba]&amp#27;[0m&amp#27;[38;5;-117m[AndroidUiautomator2Driver@aa4b]&amp#27;[0m Responding to client with driver.getCurrentContext() result: "NATIVE_APP"
&amp#27;[38;5;153m[3fb652ba]&amp#27;[0m&amp#27;[38;5;86m[HTTP]&amp#27;[0m &amp#27;[37m<-- GET /session/3fb652ba-332f-4840-b874-555db39a8855/context &amp#27;[39m&amp#27;[32m200&amp#27;[39m &amp#27;[90m1 ms - 22&amp#27;[39m &amp#27;[90m&amp#27;[39m
&amp#27;[38;5;153m[3fb652ba]&amp#27;[0m&amp#27;[38;5;86m[HTTP]&amp#27;[0m &amp#27;[37m-->&amp#27;[39m &amp#27;[37mPOST&amp#27;[39m &amp#27;[37m/session/3fb652ba-332f-4840-b874-555db39a8855/element&amp#27;[39m &amp#27;[90m{"using":"id","value":"com.androidsample.generalstore:id/appbar_btn_cart"}&amp#27;[39m
&amp#27;[38;5;153m[3fb652ba]&amp#27;[0m&amp#27;[38;5;-117m[AndroidUiautomator2Driver@aa4b]&amp#27;[0m Calling AppiumDriver.findElement() with args: ["id","com.androidsample.generalstore:id/appbar_btn_cart","3fb652ba-332f-4840-b874-555db39a8855"]
&amp#27;[38;5;153m[3fb652ba]&amp#27;[0m&amp#27;[38;5;-117m[AndroidUiautomator2Driver@aa4b]&amp#27;[0m Valid locator strategies for this request: xpath, id, class name, accessibility id, css selector, -android uiautomator
&amp#27;[38;5;153m[3fb652ba]&amp#27;[0m&amp#27;[38;5;-117m[AndroidUiautomator2Driver@aa4b]&amp#27;[0m Waiting up to 0 ms for condition
&amp#27;[38;5;153m[3fb652ba]&amp#27;[0m&amp#27;[38;5;-117m[AndroidUiautomator2Driver@aa4b]&amp#27;[0m Matched '/element' to command name 'findElement'
&amp#27;[38;5;153m[3fb652ba]&amp#27;[0m&amp#27;[38;5;-117m[AndroidUiautomator2Driver@aa4b]&amp#27;[0m Proxying [POST /element] to [POST http://127.0.0.1:8201/session/7b625dea-e84b-4224-a737-e82327f4d8c3/element] with body: {"strategy":"id","selector":"com.androidsample.generalstore:id/appbar_btn_cart","context":"","multiple":false}
&amp#27;[38;5;153m[3fb652ba]&amp#27;[0m&amp#27;[38;5;-117m[AndroidUiautomator2Driver@aa4b]&amp#27;[0m Got response with status 200: {"sessionId":"7b625dea-e84b-4224-a737-e82327f4d8c3","value":{"ELEMENT":"00000000-0000-077f-ffff-ffff00000044","element-6066-11e4-a52e-4f735466cecf":"00000000-0000-077f-ffff-ffff00000044"}}
&amp#27;[38;5;153m[3fb652ba]&amp#27;[0m&amp#27;[38;5;-117m[AndroidUiautomator2Driver@aa4b]&amp#27;[0m Responding to client with driver.findElement() result: {"element-6066-11e4-a52e-4f735466cecf":"00000000-0000-077f-ffff-ffff00000044","ELEMENT":"00000000-0000-077f-ffff-ffff00000044"}
&amp#27;[38;5;153m[3fb652ba]&amp#27;[0m&amp#27;[38;5;86m[HTTP]&amp#27;[0m &amp#27;[37m<-- POST /session/3fb652ba-332f-4840-b874-555db39a8855/element &amp#27;[39m&amp#27;[32m200&amp#27;[39m &amp#27;[90m21 ms - 137&amp#27;[39m &amp#27;[90m&amp#27;[39m
&amp#27;[38;5;153m[3fb652ba]&amp#27;[0m&amp#27;[38;5;86m[HTTP]&amp#27;[0m &amp#27;[37m-->&amp#27;[39m &amp#27;[37mGET&amp#27;[39m &amp#27;[37m/session/3fb652ba-332f-4840-b874-555db39a8855/element/00000000-0000-077f-ffff-ffff00000044/displayed&amp#27;[39m &amp#27;[90m{}&amp#27;[39m
&amp#27;[38;5;153m[3fb652ba]&amp#27;[0m&amp#27;[38;5;-117m[AndroidUiautomator2Driver@aa4b]&amp#27;[0m Calling AppiumDriver.elementDisplayed() with args: ["00000000-0000-077f-ffff-ffff00000044","3fb652ba-332f-4840-b874-555db39a8855"]
&amp#27;[38;5;153m[3fb652ba]&amp#27;[0m&amp#27;[38;5;-117m[AndroidUiautomator2Driver@aa4b]&amp#27;[0m Matched '/element/00000000-0000-077f-ffff-ffff00000044/attribute/displayed' to command name 'getAttribute'
&amp#27;[38;5;153m[3fb652ba]&amp#27;[0m&amp#27;[38;5;-117m[AndroidUiautomator2Driver@aa4b]&amp#27;[0m Proxying [GET /element/00000000-0000-077f-ffff-ffff00000044/attribute/displayed] to [GET http://127.0.0.1:8201/session/7b625dea-e84b-4224-a737-e82327f4d8c3/element/00000000-0000-077f-ffff-ffff00000044/attribute/displayed] with no body
&amp#27;[38;5;153m[3fb652ba]&amp#27;[0m&amp#27;[38;5;-117m[AndroidUiautomator2Driver@aa4b]&amp#27;[0m Got response with status 200: {"sessionId":"7b625dea-e84b-4224-a737-e82327f4d8c3","value":"true"}
&amp#27;[38;5;153m[3fb652ba]&amp#27;[0m&amp#27;[38;5;-117m[AndroidUiautomator2Driver@aa4b]&amp#27;[0m Responding to client with driver.elementDisplayed() result: true
&amp#27;[38;5;153m[3fb652ba]&amp#27;[0m&amp#27;[38;5;86m[HTTP]&amp#27;[0m &amp#27;[37m<-- GET /session/3fb652ba-332f-4840-b874-555db39a8855/element/00000000-0000-077f-ffff-ffff00000044/displayed &amp#27;[39m&amp#27;[32m200&amp#27;[39m &amp#27;[90m14 ms - 14&amp#27;[39m &amp#27;[90m&amp#27;[39m
&amp#27;[38;5;153m[3fb652ba]&amp#27;[0m&amp#27;[38;5;86m[HTTP]&amp#27;[0m &amp#27;[37m-->&amp#27;[39m &amp#27;[37mGET&amp#27;[39m &amp#27;[37m/session/3fb652ba-332f-4840-b874-555db39a8855/context&amp#27;[39m &amp#27;[90m{}&amp#27;[39m
&amp#27;[38;5;153m[3fb652ba]&amp#27;[0m&amp#27;[38;5;-117m[AndroidUiautomator2Driver@aa4b]&amp#27;[0m Calling AppiumDriver.getCurrentContext() with args: ["3fb652ba-332f-4840-b874-555db39a8855"]
&amp#27;[38;5;153m[3fb652ba]&amp#27;[0m&amp#27;[38;5;-117m[AndroidUiautomator2Driver@aa4b]&amp#27;[0m Responding to client with driver.getCurrentContext() result: "NATIVE_APP"
&amp#27;[38;5;153m[3fb652ba]&amp#27;[0m&amp#27;[38;5;86m[HTTP]&amp#27;[0m &amp#27;[37m<-- GET /session/3fb652ba-332f-4840-b874-555db39a8855/context &amp#27;[39m&amp#27;[32m200&amp#27;[39m &amp#27;[90m1 ms - 22&amp#27;[39m &amp#27;[90m&amp#27;[39m
&amp#27;[38;5;153m[3fb652ba]&amp#27;[0m&amp#27;[38;5;86m[HTTP]&amp#27;[0m &amp#27;[37m-->&amp#27;[39m &amp#27;[37mPOST&amp#27;[39m &amp#27;[37m/session/3fb652ba-332f-4840-b874-555db39a8855/element&amp#27;[39m &amp#27;[90m{"using":"id","value":"com.androidsample.generalstore:id/appbar_btn_cart"}&amp#27;[39m
&amp#27;[38;5;153m[3fb652ba]&amp#27;[0m&amp#27;[38;5;-117m[AndroidUiautomator2Driver@aa4b]&amp#27;[0m Calling AppiumDriver.findElement() with args: ["id","com.androidsample.generalstore:id/appbar_btn_cart","3fb652ba-332f-4840-b874-555db39a8855"]
&amp#27;[38;5;153m[3fb652ba]&amp#27;[0m&amp#27;[38;5;-117m[AndroidUiautomator2Driver@aa4b]&amp#27;[0m Valid locator strategies for this request: xpath, id, class name, accessibility id, css selector, -android uiautomator
&amp#27;[38;5;153m[3fb652ba]&amp#27;[0m&amp#27;[38;5;-117m[AndroidUiautomator2Driver@aa4b]&amp#27;[0m Waiting up to 0 ms for condition
&amp#27;[38;5;153m[3fb652ba]&amp#27;[0m&amp#27;[38;5;-117m[AndroidUiautomator2Driver@aa4b]&amp#27;[0m Matched '/element' to command name 'findElement'
&amp#27;[38;5;153m[3fb652ba]&amp#27;[0m&amp#27;[38;5;-117m[AndroidUiautomator2Driver@aa4b]&amp#27;[0m Proxying [POST /element] to [POST http://127.0.0.1:8201/session/7b625dea-e84b-4224-a737-e82327f4d8c3/element] with body: {"strategy":"id","selector":"com.androidsample.generalstore:id/appbar_btn_cart","context":"","multiple":false}
&amp#27;[38;5;153m[3fb652ba]&amp#27;[0m&amp#27;[38;5;-117m[AndroidUiautomator2Driver@aa4b]&amp#27;[0m Got response with status 200: {"sessionId":"7b625dea-e84b-4224-a737-e82327f4d8c3","value":{"ELEMENT":"00000000-0000-077f-ffff-ffff00000044","element-6066-11e4-a52e-4f735466cecf":"00000000-0000-077f-ffff-ffff00000044"}}
&amp#27;[38;5;153m[3fb652ba]&amp#27;[0m&amp#27;[38;5;-117m[AndroidUiautomator2Driver@aa4b]&amp#27;[0m Responding to client with driver.findElement() result: {"element-6066-11e4-a52e-4f735466cecf":"00000000-0000-077f-ffff-ffff00000044","ELEMENT":"00000000-0000-077f-ffff-ffff00000044"}
&amp#27;[38;5;153m[3fb652ba]&amp#27;[0m&amp#27;[38;5;86m[HTTP]&amp#27;[0m &amp#27;[37m<-- POST /session/3fb652ba-332f-4840-b874-555db39a8855/element &amp#27;[39m&amp#27;[32m200&amp#27;[39m &amp#27;[90m27 ms - 137&amp#27;[39m &amp#27;[90m&amp#27;[39m
&amp#27;[38;5;153m[3fb652ba]&amp#27;[0m&amp#27;[38;5;86m[HTTP]&amp#27;[0m &amp#27;[37m-->&amp#27;[39m &amp#27;[37mPOST&amp#27;[39m &amp#27;[37m/session/3fb652ba-332f-4840-b874-555db39a8855/element/00000000-0000-077f-ffff-ffff00000044/click&amp#27;[39m &amp#27;[90m{"id":"00000000-0000-077f-ffff-ffff00000044"}&amp#27;[39m
&amp#27;[38;5;153m[3fb652ba]&amp#27;[0m&amp#27;[38;5;-117m[AndroidUiautomator2Driver@aa4b]&amp#27;[0m Calling AppiumDriver.click() with args: ["00000000-0000-077f-ffff-ffff00000044","3fb652ba-332f-4840-b874-555db39a8855"]
&amp#27;[38;5;153m[3fb652ba]&amp#27;[0m&amp#27;[38;5;-117m[AndroidUiautomator2Driver@aa4b]&amp#27;[0m Matched '/element/00000000-0000-077f-ffff-ffff00000044/click' to command name 'click'
&amp#27;[38;5;153m[3fb652ba]&amp#27;[0m&amp#27;[38;5;-117m[AndroidUiautomator2Driver@aa4b]&amp#27;[0m Proxying [POST /element/00000000-0000-077f-ffff-ffff00000044/click] to [POST http://127.0.0.1:8201/session/7b625dea-e84b-4224-a737-e82327f4d8c3/element/00000000-0000-077f-ffff-ffff00000044/click] with body: {"element":"00000000-0000-077f-ffff-ffff00000044"}
&amp#27;[38;5;153m[3fb652ba]&amp#27;[0m&amp#27;[38;5;-117m[AndroidUiautomator2Driver@aa4b]&amp#27;[0m Got response with status 200: {"sessionId":"7b625dea-e84b-4224-a737-e82327f4d8c3","value":null}
&amp#27;[38;5;153m[3fb652ba]&amp#27;[0m&amp#27;[38;5;-117m[AndroidUiautomator2Driver@aa4b]&amp#27;[0m Responding to client with driver.click() result: null
&amp#27;[38;5;153m[3fb652ba]&amp#27;[0m&amp#27;[38;5;86m[HTTP]&amp#27;[0m &amp#27;[37m<-- POST /session/3fb652ba-332f-4840-b874-555db39a8855/element/00000000-0000-077f-ffff-ffff00000044/click &amp#27;[39m&amp#27;[32m200&amp#27;[39m &amp#27;[90m92 ms - 14&amp#27;[39m &amp#27;[90m&amp#27;[39m
&amp#27;[38;5;153m[3fb652ba]&amp#27;[0m&amp#27;[38;5;86m[HTTP]&amp#27;[0m &amp#27;[37m-->&amp#27;[39m &amp#27;[37mGET&amp#27;[39m &amp#27;[37m/session/3fb652ba-332f-4840-b874-555db39a8855/context&amp#27;[39m &amp#27;[90m{}&amp#27;[39m
&amp#27;[38;5;153m[3fb652ba]&amp#27;[0m&amp#27;[38;5;-117m[AndroidUiautomator2Driver@aa4b]&amp#27;[0m Calling AppiumDriver.getCurrentContext() with args: ["3fb652ba-332f-4840-b874-555db39a8855"]
&amp#27;[38;5;153m[3fb652ba]&amp#27;[0m&amp#27;[38;5;-117m[AndroidUiautomator2Driver@aa4b]&amp#27;[0m Responding to client with driver.getCurrentContext() result: "NATIVE_APP"
&amp#27;[38;5;153m[3fb652ba]&amp#27;[0m&amp#27;[38;5;86m[HTTP]&amp#27;[0m &amp#27;[37m<-- GET /session/3fb652ba-332f-4840-b874-555db39a8855/context &amp#27;[39m&amp#27;[32m200&amp#27;[39m &amp#27;[90m2 ms - 22&amp#27;[39m &amp#27;[90m&amp#27;[39m
&amp#27;[38;5;153m[3fb652ba]&amp#27;[0m&amp#27;[38;5;86m[HTTP]&amp#27;[0m &amp#27;[37m-->&amp#27;[39m &amp#27;[37mPOST&amp#27;[39m &amp#27;[37m/session/3fb652ba-332f-4840-b874-555db39a8855/element&amp#27;[39m &amp#27;[90m{"using":"xpath","value":"//android.widget.TextView[@resource-id='com.androidsample.generalstore:id/productName']"}&amp#27;[39m
&amp#27;[38;5;153m[3fb652ba]&amp#27;[0m&amp#27;[38;5;-117m[AndroidUiautomator2Driver@aa4b]&amp#27;[0m Calling AppiumDriver.findElement() with args: ["xpath","//android.widget.TextView[@resource-id='com.androidsample.generalstore:id/productName']","3fb652ba-332f-4840-b874-555db39a8855"]
&amp#27;[38;5;153m[3fb652ba]&amp#27;[0m&amp#27;[38;5;-117m[AndroidUiautomator2Driver@aa4b]&amp#27;[0m Valid locator strategies for this request: xpath, id, class name, accessibility id, css selector, -android uiautomator
&amp#27;[38;5;153m[3fb652ba]&amp#27;[0m&amp#27;[38;5;-117m[AndroidUiautomator2Driver@aa4b]&amp#27;[0m Waiting up to 0 ms for condition
&amp#27;[38;5;153m[3fb652ba]&amp#27;[0m&amp#27;[38;5;-117m[AndroidUiautomator2Driver@aa4b]&amp#27;[0m Matched '/element' to command name 'findElement'
&amp#27;[38;5;153m[3fb652ba]&amp#27;[0m&amp#27;[38;5;-117m[AndroidUiautomator2Driver@aa4b]&amp#27;[0m Proxying [POST /element] to [POST http://127.0.0.1:8201/session/7b625dea-e84b-4224-a737-e82327f4d8c3/element] with body: {"strategy":"xpath","selector":"//android.widget.TextView[@resource-id='com.androidsample.generalstore:id/productName']","context":"","multiple":false}
&amp#27;[38;5;153m[3fb652ba]&amp#27;[0m&amp#27;[38;5;-117m[AndroidUiautomator2Driver@aa4b]&amp#27;[0m Got response with status 200: {"sessionId":"7b625dea-e84b-4224-a737-e82327f4d8c3","value":{"ELEMENT":"00000000-0000-0780-ffff-ffff00000083","element-6066-11e4-a52e-4f735466cecf":"00000000-0000-0780-ffff-ffff00000083"}}
&amp#27;[38;5;153m[3fb652ba]&amp#27;[0m&amp#27;[38;5;-117m[AndroidUiautomator2Driver@aa4b]&amp#27;[0m Responding to client with driver.findElement() result: {"element-6066-11e4-a52e-4f735466cecf":"00000000-0000-0780-ffff-ffff00000083","ELEMENT":"00000000-0000-0780-ffff-ffff00000083"}
&amp#27;[38;5;153m[3fb652ba]&amp#27;[0m&amp#27;[38;5;86m[HTTP]&amp#27;[0m &amp#27;[37m<-- POST /session/3fb652ba-332f-4840-b874-555db39a8855/element &amp#27;[39m&amp#27;[32m200&amp#27;[39m &amp#27;[90m1381 ms - 137&amp#27;[39m &amp#27;[90m&amp#27;[39m
&amp#27;[38;5;153m[3fb652ba]&amp#27;[0m&amp#27;[38;5;86m[HTTP]&amp#27;[0m &amp#27;[37m-->&amp#27;[39m &amp#27;[37mGET&amp#27;[39m &amp#27;[37m/session/3fb652ba-332f-4840-b874-555db39a8855/element/00000000-0000-0780-ffff-ffff00000083/displayed&amp#27;[39m &amp#27;[90m{}&amp#27;[39m
&amp#27;[38;5;153m[3fb652ba]&amp#27;[0m&amp#27;[38;5;-117m[AndroidUiautomator2Driver@aa4b]&amp#27;[0m Calling AppiumDriver.elementDisplayed() with args: ["00000000-0000-0780-ffff-ffff00000083","3fb652ba-332f-4840-b874-555db39a8855"]
&amp#27;[38;5;153m[3fb652ba]&amp#27;[0m&amp#27;[38;5;-117m[AndroidUiautomator2Driver@aa4b]&amp#27;[0m Matched '/element/00000000-0000-0780-ffff-ffff00000083/attribute/displayed' to command name 'getAttribute'
&amp#27;[38;5;153m[3fb652ba]&amp#27;[0m&amp#27;[38;5;-117m[AndroidUiautomator2Driver@aa4b]&amp#27;[0m Proxying [GET /element/00000000-0000-0780-ffff-ffff00000083/attribute/displayed] to [GET http://127.0.0.1:8201/session/7b625dea-e84b-4224-a737-e82327f4d8c3/element/00000000-0000-0780-ffff-ffff00000083/attribute/displayed] with no body
&amp#27;[38;5;153m[3fb652ba]&amp#27;[0m&amp#27;[38;5;-117m[AndroidUiautomator2Driver@aa4b]&amp#27;[0m Got response with status 200: {"sessionId":"7b625dea-e84b-4224-a737-e82327f4d8c3","value":"true"}
&amp#27;[38;5;153m[3fb652ba]&amp#27;[0m&amp#27;[38;5;-117m[AndroidUiautomator2Driver@aa4b]&amp#27;[0m Responding to client with driver.elementDisplayed() result: true
&amp#27;[38;5;153m[3fb652ba]&amp#27;[0m&amp#27;[38;5;86m[HTTP]&amp#27;[0m &amp#27;[37m<-- GET /session/3fb652ba-332f-4840-b874-555db39a8855/element/00000000-0000-0780-ffff-ffff00000083/displayed &amp#27;[39m&amp#27;[32m200&amp#27;[39m &amp#27;[90m16 ms - 14&amp#27;[39m &amp#27;[90m&amp#27;[39m
&amp#27;[38;5;153m[3fb652ba]&amp#27;[0m&amp#27;[38;5;86m[HTTP]&amp#27;[0m &amp#27;[37m-->&amp#27;[39m &amp#27;[37mGET&amp#27;[39m &amp#27;[37m/session/3fb652ba-332f-4840-b874-555db39a8855/context&amp#27;[39m &amp#27;[90m{}&amp#27;[39m
&amp#27;[38;5;153m[3fb652ba]&amp#27;[0m&amp#27;[38;5;-117m[AndroidUiautomator2Driver@aa4b]&amp#27;[0m Calling AppiumDriver.getCurrentContext() with args: ["3fb652ba-332f-4840-b874-555db39a8855"]
&amp#27;[38;5;153m[3fb652ba]&amp#27;[0m&amp#27;[38;5;-117m[AndroidUiautomator2Driver@aa4b]&amp#27;[0m Responding to client with driver.getCurrentContext() result: "NATIVE_APP"
&amp#27;[38;5;153m[3fb652ba]&amp#27;[0m&amp#27;[38;5;86m[HTTP]&amp#27;[0m &amp#27;[37m<-- GET /session/3fb652ba-332f-4840-b874-555db39a8855/context &amp#27;[39m&amp#27;[32m200&amp#27;[39m &amp#27;[90m1 ms - 22&amp#27;[39m &amp#27;[90m&amp#27;[39m
&amp#27;[38;5;153m[3fb652ba]&amp#27;[0m&amp#27;[38;5;86m[HTTP]&amp#27;[0m &amp#27;[37m-->&amp#27;[39m &amp#27;[37mPOST&amp#27;[39m &amp#27;[37m/session/3fb652ba-332f-4840-b874-555db39a8855/element&amp#27;[39m &amp#27;[90m{"using":"xpath","value":"//android.widget.TextView[@resource-id='com.androidsample.generalstore:id/productName']"}&amp#27;[39m
&amp#27;[38;5;153m[3fb652ba]&amp#27;[0m&amp#27;[38;5;-117m[AndroidUiautomator2Driver@aa4b]&amp#27;[0m Calling AppiumDriver.findElement() with args: ["xpath","//android.widget.TextView[@resource-id='com.androidsample.generalstore:id/productName']","3fb652ba-332f-4840-b874-555db39a8855"]
&amp#27;[38;5;153m[3fb652ba]&amp#27;[0m&amp#27;[38;5;-117m[AndroidUiautomator2Driver@aa4b]&amp#27;[0m Valid locator strategies for this request: xpath, id, class name, accessibility id, css selector, -android uiautomator
&amp#27;[38;5;153m[3fb652ba]&amp#27;[0m&amp#27;[38;5;-117m[AndroidUiautomator2Driver@aa4b]&amp#27;[0m Waiting up to 0 ms for condition
&amp#27;[38;5;153m[3fb652ba]&amp#27;[0m&amp#27;[38;5;-117m[AndroidUiautomator2Driver@aa4b]&amp#27;[0m Matched '/element' to command name 'findElement'
&amp#27;[38;5;153m[3fb652ba]&amp#27;[0m&amp#27;[38;5;-117m[AndroidUiautomator2Driver@aa4b]&amp#27;[0m Proxying [POST /element] to [POST http://127.0.0.1:8201/session/7b625dea-e84b-4224-a737-e82327f4d8c3/element] with body: {"strategy":"xpath","selector":"//android.widget.TextView[@resource-id='com.androidsample.generalstore:id/productName']","context":"","multiple":false}
&amp#27;[38;5;153m[3fb652ba]&amp#27;[0m&amp#27;[38;5;-117m[AndroidUiautomator2Driver@aa4b]&amp#27;[0m Got response with status 200: {"sessionId":"7b625dea-e84b-4224-a737-e82327f4d8c3","value":{"ELEMENT":"00000000-0000-0780-ffff-ffff00000083","element-6066-11e4-a52e-4f735466cecf":"00000000-0000-0780-ffff-ffff00000083"}}
&amp#27;[38;5;153m[3fb652ba]&amp#27;[0m&amp#27;[38;5;-117m[AndroidUiautomator2Driver@aa4b]&amp#27;[0m Responding to client with driver.findElement() result: {"element-6066-11e4-a52e-4f735466cecf":"00000000-0000-0780-ffff-ffff00000083","ELEMENT":"00000000-0000-0780-ffff-ffff00000083"}
&amp#27;[38;5;153m[3fb652ba]&amp#27;[0m&amp#27;[38;5;86m[HTTP]&amp#27;[0m &amp#27;[37m<-- POST /session/3fb652ba-332f-4840-b874-555db39a8855/element &amp#27;[39m&amp#27;[32m200&amp#27;[39m &amp#27;[90m86 ms - 137&amp#27;[39m &amp#27;[90m&amp#27;[39m
&amp#27;[38;5;153m[3fb652ba]&amp#27;[0m&amp#27;[38;5;86m[HTTP]&amp#27;[0m &amp#27;[37m-->&amp#27;[39m &amp#27;[37mGET&amp#27;[39m &amp#27;[37m/session/3fb652ba-332f-4840-b874-555db39a8855/element/00000000-0000-0780-ffff-ffff00000083/displayed&amp#27;[39m &amp#27;[90m{}&amp#27;[39m
&amp#27;[38;5;153m[3fb652ba]&amp#27;[0m&amp#27;[38;5;-117m[AndroidUiautomator2Driver@aa4b]&amp#27;[0m Calling AppiumDriver.elementDisplayed() with args: ["00000000-0000-0780-ffff-ffff00000083","3fb652ba-332f-4840-b874-555db39a8855"]
&amp#27;[38;5;153m[3fb652ba]&amp#27;[0m&amp#27;[38;5;-117m[AndroidUiautomator2Driver@aa4b]&amp#27;[0m Matched '/element/00000000-0000-0780-ffff-ffff00000083/attribute/displayed' to command name 'getAttribute'
&amp#27;[38;5;153m[3fb652ba]&amp#27;[0m&amp#27;[38;5;-117m[AndroidUiautomator2Driver@aa4b]&amp#27;[0m Proxying [GET /element/00000000-0000-0780-ffff-ffff00000083/attribute/displayed] to [GET http://127.0.0.1:8201/session/7b625dea-e84b-4224-a737-e82327f4d8c3/element/00000000-0000-0780-ffff-ffff00000083/attribute/displayed] with no body
&amp#27;[38;5;153m[3fb652ba]&amp#27;[0m&amp#27;[38;5;-117m[AndroidUiautomator2Driver@aa4b]&amp#27;[0m Got response with status 200: {"sessionId":"7b625dea-e84b-4224-a737-e82327f4d8c3","value":"true"}
&amp#27;[38;5;153m[3fb652ba]&amp#27;[0m&amp#27;[38;5;-117m[AndroidUiautomator2Driver@aa4b]&amp#27;[0m Responding to client with driver.elementDisplayed() result: true
&amp#27;[38;5;153m[3fb652ba]&amp#27;[0m&amp#27;[38;5;86m[HTTP]&amp#27;[0m &amp#27;[37m<-- GET /session/3fb652ba-332f-4840-b874-555db39a8855/element/00000000-0000-0780-ffff-ffff00000083/displayed &amp#27;[39m&amp#27;[32m200&amp#27;[39m &amp#27;[90m16 ms - 14&amp#27;[39m &amp#27;[90m&amp#27;[39m
Test Passed: isProductVisibleInCart
]]></system-out>
  </testcase>
  <testcase name="scrollAndAddProductIntoCart[{name=Raj, country=Austria, product=Converse All Star, genderFemale=Female, genderMale=Male}](1)" classname="testCases.ProductPageTest" time="20.961">
    <system-out><![CDATA[&amp#27;[38;5;153m[3fb652ba]&amp#27;[0m&amp#27;[38;5;86m[HTTP]&amp#27;[0m &amp#27;[37m-->&amp#27;[39m &amp#27;[37mDELETE&amp#27;[39m &amp#27;[37m/session/3fb652ba-332f-4840-b874-555db39a8855&amp#27;[39m &amp#27;[90m{}&amp#27;[39m
&amp#27;[38;5;153m[3fb652ba]&amp#27;[0m&amp#27;[38;5;-117m[AndroidUiautomator2Driver@aa4b]&amp#27;[0m Calling AppiumDriver.deleteSession() with args: ["3fb652ba-332f-4840-b874-555db39a8855"]
&amp#27;[38;5;153m[3fb652ba]&amp#27;[0m&amp#27;[38;5;50m[AppiumDriver@8761]&amp#27;[0m Event 'quitSessionRequested' logged at 1744635225289 (18:23:45 GMT+0530 (India Standard Time))
&amp#27;[38;5;153m[3fb652ba]&amp#27;[0m&amp#27;[38;5;50m[AppiumDriver@8761]&amp#27;[0m Removing session 3fb652ba-332f-4840-b874-555db39a8855 from our master session list
&amp#27;[38;5;153m[3fb652ba]&amp#27;[0m&amp#27;[38;5;-117m[AndroidUiautomator2Driver@aa4b]&amp#27;[0m Deleting UiAutomator2 session
&amp#27;[38;5;153m[3fb652ba]&amp#27;[0m&amp#27;[38;5;-117m[AndroidUiautomator2Driver@aa4b]&amp#27;[0m Deleting UiAutomator2 server session
&amp#27;[38;5;153m[3fb652ba]&amp#27;[0m&amp#27;[38;5;-117m[AndroidUiautomator2Driver@aa4b]&amp#27;[0m Matched '/' to command name 'deleteSession'
&amp#27;[38;5;153m[3fb652ba]&amp#27;[0m&amp#27;[38;5;-117m[AndroidUiautomator2Driver@aa4b]&amp#27;[0m Proxying [DELETE /] to [DELETE http://127.0.0.1:8201/session/7b625dea-e84b-4224-a737-e82327f4d8c3] with no body
&amp#27;[38;5;153m[3fb652ba]&amp#27;[0m&amp#27;[38;5;-117m[AndroidUiautomator2Driver@aa4b]&amp#27;[0m Got response with status 200: {"sessionId":"7b625dea-e84b-4224-a737-e82327f4d8c3","value":null}
&amp#27;[38;5;153m[3fb652ba]&amp#27;[0m&amp#27;[38;5;-117m[AndroidUiautomator2Driver@aa4b]&amp#27;[0m [Instrumentation] io.appium.uiautomator2.server.test.AppiumUiAutomator2Server:
&amp#27;[38;5;153m[3fb652ba]&amp#27;[0m&amp#27;[38;5;-117m[AndroidUiautomator2Driver@aa4b]&amp#27;[0m [Instrumentation] The process has exited with code null, signal SIGTERM
&amp#27;[38;5;153m[3fb652ba]&amp#27;[0m&amp#27;[38;5;229m[ADB]&amp#27;[0m Running 'C:\Users\User1\AppData\Local\Android\Sdk\platform-tools\adb.exe -P 5037 -s emulator-5554 shell dumpsys activity services io.appium.settings/.recorder.RecorderService'
&amp#27;[38;5;153m[3fb652ba]&amp#27;[0m&amp#27;[38;5;229m[ADB]&amp#27;[0m Running 'C:\Users\User1\AppData\Local\Android\Sdk\platform-tools\adb.exe -P 5037 -s emulator-5554 shell am force-stop com.androidsample.generalstore'
&amp#27;[38;5;153m[3fb652ba]&amp#27;[0m&amp#27;[38;5;229m[ADB]&amp#27;[0m Removing forwarded port socket connection: 8201 
&amp#27;[38;5;153m[3fb652ba]&amp#27;[0m&amp#27;[38;5;229m[ADB]&amp#27;[0m Running 'C:\Users\User1\AppData\Local\Android\Sdk\platform-tools\adb.exe -P 5037 -s emulator-5554 forward --remove tcp:8201'
&amp#27;[38;5;153m[3fb652ba]&amp#27;[0m&amp#27;[38;5;-117m[AndroidUiautomator2Driver@aa4b]&amp#27;[0m Restoring hidden api policy to the device default configuration
&amp#27;[38;5;153m[3fb652ba]&amp#27;[0m&amp#27;[38;5;229m[ADB]&amp#27;[0m Running 'C:\Users\User1\AppData\Local\Android\Sdk\platform-tools\adb.exe -P 5037 -s emulator-5554 shell 'settings delete global hidden_api_policy_pre_p_apps;settings delete global hidden_api_policy_p_apps;settings delete global hidden_api_policy''
&amp#27;[38;5;153m[3fb652ba]&amp#27;[0m&amp#27;[38;5;160m[Logcat]&amp#27;[0m Stopping logcat capture
&amp#27;[38;5;153m[3fb652ba]&amp#27;[0m&amp#27;[38;5;50m[AppiumDriver@8761]&amp#27;[0m Event 'quitSessionFinished' logged at 1744635225902 (18:23:45 GMT+0530 (India Standard Time))
&amp#27;[38;5;153m[3fb652ba]&amp#27;[0m&amp#27;[38;5;50m[AppiumDriver@8761]&amp#27;[0m Received response: null
&amp#27;[38;5;153m[3fb652ba]&amp#27;[0m&amp#27;[38;5;50m[AppiumDriver@8761]&amp#27;[0m But deleting session, so not returning
&amp#27;[38;5;153m[3fb652ba]&amp#27;[0m&amp#27;[38;5;50m[AppiumDriver@8761]&amp#27;[0m Responding to client with driver.deleteSession() result: null
&amp#27;[38;5;153m[3fb652ba]&amp#27;[0m&amp#27;[38;5;86m[HTTP]&amp#27;[0m &amp#27;[37m<-- DELETE /session/3fb652ba-332f-4840-b874-555db39a8855 &amp#27;[39m&amp#27;[32m200&amp#27;[39m &amp#27;[90m615 ms - 14&amp#27;[39m &amp#27;[90m&amp#27;[39m
&amp#27;[38;5;112m[Appium]&amp#27;[0m Welcome to Appium v2.11.5
&amp#27;[38;5;112m[Appium]&amp#27;[0m The autodetected Appium home path: C:\Users\User1\.appium
&amp#27;[38;5;112m[Appium]&amp#27;[0m Attempting to load driver uiautomator2...
&amp#27;[38;5;112m[Appium]&amp#27;[0m Attempting to load driver xcuitest...
&amp#27;[38;5;112m[Appium]&amp#27;[0m Attempting to load driver espresso...
&amp#27;[38;5;112m[Appium]&amp#27;[0m Requiring driver at C:\Users\User1\.appium\node_modules\appium-uiautomator2-driver\build\index.js
&amp#27;[38;5;112m[Appium]&amp#27;[0m Requiring driver at C:\Users\User1\.appium\node_modules\appium-xcuitest-driver\build\index.js
&amp#27;[38;5;112m[Appium]&amp#27;[0m Requiring driver at C:\Users\User1\.appium\node_modules\appium-espresso-driver\build\index.js
&amp#27;[38;5;112m[Appium]&amp#27;[0m AndroidUiautomator2Driver has been successfully loaded in 3.443s
&amp#27;[38;5;112m[Appium]&amp#27;[0m XCUITestDriver has been successfully loaded in 3.443s
&amp#27;[38;5;112m[Appium]&amp#27;[0m EspressoDriver has been successfully loaded in 3.443s
&amp#27;[38;5;112m[Appium]&amp#27;[0m Attempting to load driver gecko...
&amp#27;[38;5;112m[Appium]&amp#27;[0m Requiring driver at C:\Users\User1\.appium\node_modules\appium-geckodriver\build\index.js
&amp#27;[38;5;112m[Appium]&amp#27;[0m GeckoDriver has been successfully loaded in 0.155s
&amp#27;[38;5;112m[Appium]&amp#27;[0m Appium REST http interface listener started on http://0.0.0.0:4723
&amp#27;[38;5;112m[Appium]&amp#27;[0m You can provide the following URLs in your client code to connect to this server:
	http://192.168.0.114:4723/
	http://127.0.0.1:4723/ (only accessible from the same host)
&amp#27;[38;5;112m[Appium]&amp#27;[0m Available drivers:
&amp#27;[38;5;112m[Appium]&amp#27;[0m   - uiautomator2@3.8.0 (automationName 'UiAutomator2')
&amp#27;[38;5;112m[Appium]&amp#27;[0m   - xcuitest@7.27.1 (automationName 'XCUITest')
&amp#27;[38;5;112m[Appium]&amp#27;[0m   - espresso@3.5.0 (automationName 'Espresso')
&amp#27;[38;5;112m[Appium]&amp#27;[0m   - gecko@1.4.0 (automationName 'Gecko')
&amp#27;[38;5;112m[Appium]&amp#27;[0m No plugins have been installed. Use the "appium plugin" command to install the one(s) you want to use.
&amp#27;[38;5;86m[HTTP]&amp#27;[0m &amp#27;[37m-->&amp#27;[39m &amp#27;[37mGET&amp#27;[39m &amp#27;[37m/status&amp#27;[39m &amp#27;[90m{}&amp#27;[39m
&amp#27;[38;5;107m[AppiumDriver@2362]&amp#27;[0m Calling AppiumDriver.getStatus() with args: []
&amp#27;[38;5;107m[AppiumDriver@2362]&amp#27;[0m Responding to client with driver.getStatus() result: {"ready":true,"message":"The server is ready to accept new connections","build":{"version":"2.11.5"}}
&amp#27;[38;5;86m[HTTP]&amp#27;[0m &amp#27;[37m<-- GET /status &amp#27;[39m&amp#27;[32m200&amp#27;[39m &amp#27;[90m9 ms - 111&amp#27;[39m &amp#27;[90m&amp#27;[39m
&amp#27;[38;5;86m[HTTP]&amp#27;[0m Request idempotency key: d70e8151-7bbd-4dd6-b1c4-531b679c0dd8
&amp#27;[38;5;86m[HTTP]&amp#27;[0m &amp#27;[37m-->&amp#27;[39m &amp#27;[37mPOST&amp#27;[39m &amp#27;[37m/session&amp#27;[39m &amp#27;[90m{"capabilities":{"firstMatch":[{"appium:chromedriverExecutable":"C://Users//User1//Downloads//chromedriver-win64//chromedriver-win64//chromedriver.exe","appium:deviceName":"Rajemulator","platformName":"ANDROID","appium:automationName":"UIAutomator2","appium:app":"C:\\Users\\User1\\eclipse-workspace\\eCommerceFramework//src//main//resources//General-Store.apk"}]}}&amp#27;[39m
&amp#27;[38;5;107m[AppiumDriver@2362]&amp#27;[0m Calling AppiumDriver.createSession() with args: [null,null,{"firstMatch":[{"appium:chromedriverExecutable":"C://Users//User1//Downloads//chromedriver-win64//chromedriver-win64//chromedriver.exe","appium:deviceName":"Rajemulator","platformName":"ANDROID","appium:automationName":"UIAutomator2","appium:app":"C:\\Users\\User1\\eclipse-workspace\\eCommerceFramework//src//main//resources//General-Store.apk"}]}]
&amp#27;[38;5;107m[AppiumDriver@2362]&amp#27;[0m Event 'newSessionRequested' logged at 1744635231913 (18:23:51 GMT+0530 (India Standard Time))
&amp#27;[38;5;112m[Appium]&amp#27;[0m Attempting to find matching driver for automationName 'UIAutomator2' and platformName 'ANDROID'
&amp#27;[38;5;112m[Appium]&amp#27;[0m The 'uiautomator2' driver was installed and matched caps.
&amp#27;[38;5;112m[Appium]&amp#27;[0m Will require it at C:\Users\User1\.appium\node_modules\appium-uiautomator2-driver
&amp#27;[38;5;112m[Appium]&amp#27;[0m Requiring driver at C:\Users\User1\.appium\node_modules\appium-uiautomator2-driver\build\index.js
&amp#27;[38;5;107m[AppiumDriver@2362]&amp#27;[0m Appium v2.11.5 creating new AndroidUiautomator2Driver (v3.8.0) session
&amp#27;[38;5;107m[AppiumDriver@2362]&amp#27;[0m Checking BaseDriver versions for Appium and AndroidUiautomator2Driver
&amp#27;[38;5;107m[AppiumDriver@2362]&amp#27;[0m Appium's BaseDriver version is 9.11.5
&amp#27;[38;5;107m[AppiumDriver@2362]&amp#27;[0m AndroidUiautomator2Driver's BaseDriver version is 9.11.5
&amp#27;[38;5;-170m[AndroidUiautomator2Driver@9cf7]&amp#27;[0m 
&amp#27;[38;5;-170m[AndroidUiautomator2Driver@9cf7]&amp#27;[0m Creating session with W3C capabilities: {
  "alwaysMatch": {
    "platformName": "ANDROID",
    "appium:chromedriverExecutable": "C://Users//User1//Downloads//chromedriver-win64//chromedriver-win64//chromedriver.exe",
    "appium:deviceName": "Rajemulator",
    "appium:automationName": "UIAutomator2",
    "appium:app": "C:\\Users\\User1\\eclipse-workspace\\eCommerceFramework//src//main//resources//General-Store.apk"
  },
  "firstMatch": [
    {}
  ]
}
&amp#27;[38;5;155m[b87a57cd]&amp#27;[0m&amp#27;[38;5;-170m[AndroidUiautomator2Driver@9cf7]&amp#27;[0m Session created with session id: b87a57cd-4865-4fcc-a906-5f81091ba095
&amp#27;[38;5;155m[b87a57cd]&amp#27;[0m&amp#27;[38;5;229m[ADB]&amp#27;[0m Found 3 'build-tools' folders under 'C:\Users\User1\AppData\Local\Android\Sdk' (newest first):
&amp#27;[38;5;155m[b87a57cd]&amp#27;[0m&amp#27;[38;5;229m[ADB]&amp#27;[0m     C:\Users\User1\AppData\Local\Android\Sdk\build-tools\36.0.0-rc1
&amp#27;[38;5;155m[b87a57cd]&amp#27;[0m&amp#27;[38;5;229m[ADB]&amp#27;[0m     C:\Users\User1\AppData\Local\Android\Sdk\build-tools\35.0.0
&amp#27;[38;5;155m[b87a57cd]&amp#27;[0m&amp#27;[38;5;229m[ADB]&amp#27;[0m     C:\Users\User1\AppData\Local\Android\Sdk\build-tools\34.0.0
&amp#27;[38;5;155m[b87a57cd]&amp#27;[0m&amp#27;[38;5;229m[ADB]&amp#27;[0m Using 'adb.exe' from 'C:\Users\User1\AppData\Local\Android\Sdk\platform-tools\adb.exe'
&amp#27;[38;5;155m[b87a57cd]&amp#27;[0m&amp#27;[38;5;229m[ADB]&amp#27;[0m Running 'C:\Users\User1\AppData\Local\Android\Sdk\platform-tools\adb.exe -P 5037 start-server'
&amp#27;[38;5;155m[b87a57cd]&amp#27;[0m&amp#27;[38;5;-170m[AndroidUiautomator2Driver@9cf7]&amp#27;[0m Retrieving device list
&amp#27;[38;5;155m[b87a57cd]&amp#27;[0m&amp#27;[38;5;229m[ADB]&amp#27;[0m Trying to find connected Android devices
&amp#27;[38;5;155m[b87a57cd]&amp#27;[0m&amp#27;[38;5;229m[ADB]&amp#27;[0m Getting connected devices
&amp#27;[38;5;155m[b87a57cd]&amp#27;[0m&amp#27;[38;5;229m[ADB]&amp#27;[0m Connected devices: [{"udid":"emulator-5554","state":"device"}]
&amp#27;[38;5;155m[b87a57cd]&amp#27;[0m&amp#27;[38;5;-170m[AndroidUiautomator2Driver@9cf7]&amp#27;[0m Using device: emulator-5554
&amp#27;[38;5;155m[b87a57cd]&amp#27;[0m&amp#27;[38;5;229m[ADB]&amp#27;[0m Using 'adb.exe' from 'C:\Users\User1\AppData\Local\Android\Sdk\platform-tools\adb.exe'
&amp#27;[38;5;155m[b87a57cd]&amp#27;[0m&amp#27;[38;5;229m[ADB]&amp#27;[0m Running 'C:\Users\User1\AppData\Local\Android\Sdk\platform-tools\adb.exe -P 5037 start-server'
&amp#27;[38;5;155m[b87a57cd]&amp#27;[0m&amp#27;[38;5;229m[ADB]&amp#27;[0m Setting device id to emulator-5554
&amp#27;[38;5;155m[b87a57cd]&amp#27;[0m&amp#27;[38;5;123m[BaseDriver]&amp#27;[0m Using local app 'C:\Users\User1\eclipse-workspace\eCommerceFramework//src//main//resources//General-Store.apk'
&amp#27;[38;5;155m[b87a57cd]&amp#27;[0m&amp#27;[38;5;-170m[AndroidUiautomator2Driver@9cf7]&amp#27;[0m Checking whether app is actually present
&amp#27;[38;5;155m[b87a57cd]&amp#27;[0m&amp#27;[38;5;229m[ADB]&amp#27;[0m Running 'C:\Users\User1\AppData\Local\Android\Sdk\platform-tools\adb.exe -P 5037 -s emulator-5554 shell getprop ro.build.version.sdk'
&amp#27;[38;5;155m[b87a57cd]&amp#27;[0m&amp#27;[38;5;229m[ADB]&amp#27;[0m Current device property 'ro.build.version.sdk': 35
&amp#27;[38;5;155m[b87a57cd]&amp#27;[0m&amp#27;[38;5;229m[ADB]&amp#27;[0m Getting device platform version
&amp#27;[38;5;155m[b87a57cd]&amp#27;[0m&amp#27;[38;5;229m[ADB]&amp#27;[0m Running 'C:\Users\User1\AppData\Local\Android\Sdk\platform-tools\adb.exe -P 5037 -s emulator-5554 shell getprop ro.build.version.release'
&amp#27;[38;5;155m[b87a57cd]&amp#27;[0m&amp#27;[38;5;229m[ADB]&amp#27;[0m Current device property 'ro.build.version.release': 15
&amp#27;[38;5;155m[b87a57cd]&amp#27;[0m&amp#27;[38;5;229m[ADB]&amp#27;[0m Device API level: 35
&amp#27;[38;5;155m[b87a57cd]&amp#27;[0m&amp#27;[38;5;-170m[AndroidUiautomator2Driver@9cf7]&amp#27;[0m Relaxing hidden api policy
&amp#27;[38;5;155m[b87a57cd]&amp#27;[0m&amp#27;[38;5;229m[ADB]&amp#27;[0m Running 'C:\Users\User1\AppData\Local\Android\Sdk\platform-tools\adb.exe -P 5037 -s emulator-5554 shell 'settings put global hidden_api_policy_pre_p_apps 1;settings put global hidden_api_policy_p_apps 1;settings put global hidden_api_policy 1''
&amp#27;[38;5;155m[b87a57cd]&amp#27;[0m&amp#27;[38;5;-170m[AndroidUiautomator2Driver@9cf7]&amp#27;[0m Parsing package and activity from app manifest
&amp#27;[38;5;155m[b87a57cd]&amp#27;[0m&amp#27;[38;5;229m[ADB]&amp#27;[0m Running 'C:\Users\User1\AppData\Local\Android\Sdk\platform-tools\adb.exe -P 5037 -s emulator-5554 wait-for-device'
&amp#27;[38;5;155m[b87a57cd]&amp#27;[0m&amp#27;[38;5;229m[ADB]&amp#27;[0m Using 'aapt2.exe' from 'C:\Users\User1\AppData\Local\Android\Sdk\build-tools\36.0.0-rc1\aapt2.exe'
&amp#27;[38;5;155m[b87a57cd]&amp#27;[0m&amp#27;[38;5;229m[ADB]&amp#27;[0m Reading package manifest: 'C:\\Users\\User1\\AppData\\Local\\Android\\Sdk\\build-tools\\36.0.0-rc1\\aapt2.exe dump badging C:\\Users\\User1\\eclipse-workspace\\eCommerceFramework//src//main//resources//General-Store.apk'
&amp#27;[38;5;155m[b87a57cd]&amp#27;[0m&amp#27;[38;5;229m[ADB]&amp#27;[0m Running 'C:\Users\User1\AppData\Local\Android\Sdk\platform-tools\adb.exe -P 5037 -s emulator-5554 shell echo ping'
&amp#27;[38;5;155m[b87a57cd]&amp#27;[0m&amp#27;[38;5;229m[ADB]&amp#27;[0m Package name: 'com.androidsample.generalstore'
&amp#27;[38;5;155m[b87a57cd]&amp#27;[0m&amp#27;[38;5;229m[ADB]&amp#27;[0m Main activity name: 'com.androidsample.generalstore.SplashActivity'
&amp#27;[38;5;155m[b87a57cd]&amp#27;[0m&amp#27;[38;5;-170m[AndroidUiautomator2Driver@9cf7]&amp#27;[0m Parsed package and activity are: com.androidsample.generalstore/com.androidsample.generalstore.SplashActivity
&amp#27;[38;5;155m[b87a57cd]&amp#27;[0m&amp#27;[38;5;-170m[AndroidUiautomator2Driver@9cf7]&amp#27;[0m Pushing settings apk to the device...
&amp#27;[38;5;155m[b87a57cd]&amp#27;[0m&amp#27;[38;5;229m[ADB]&amp#27;[0m Getting package info for 'io.appium.settings'
&amp#27;[38;5;155m[b87a57cd]&amp#27;[0m&amp#27;[38;5;229m[ADB]&amp#27;[0m Running 'C:\Users\User1\AppData\Local\Android\Sdk\platform-tools\adb.exe -P 5037 -s emulator-5554 shell dumpsys package io.appium.settings'
&amp#27;[38;5;155m[b87a57cd]&amp#27;[0m&amp#27;[38;5;229m[ADB]&amp#27;[0m Reading package manifest: 'C:\\Users\\User1\\AppData\\Local\\Android\\Sdk\\build-tools\\36.0.0-rc1\\aapt2.exe dump badging C:\\Users\\User1\\.appium\\node_modules\\appium-uiautomator2-driver\\node_modules\\io.appium.settings\\apks\\settings_apk-debug.apk'
&amp#27;[38;5;155m[b87a57cd]&amp#27;[0m&amp#27;[38;5;229m[ADB]&amp#27;[0m The version name of the installed 'io.appium.settings' is greater or equal to the application version name ('5.12.13' >= '5.12.13')
&amp#27;[38;5;155m[b87a57cd]&amp#27;[0m&amp#27;[38;5;229m[ADB]&amp#27;[0m There is no need to install/upgrade 'C:\Users\User1\.appium\node_modules\appium-uiautomator2-driver\node_modules\io.appium.settings\apks\settings_apk-debug.apk'
&amp#27;[38;5;155m[b87a57cd]&amp#27;[0m&amp#27;[38;5;229m[ADB]&amp#27;[0m Running 'C:\Users\User1\AppData\Local\Android\Sdk\platform-tools\adb.exe -P 5037 -s emulator-5554 shell dumpsys activity services io.appium.settings'
&amp#27;[38;5;155m[b87a57cd]&amp#27;[0m&amp#27;[38;5;-170m[AndroidUiautomator2Driver@9cf7]&amp#27;[0m io.appium.settings is already running. There is no need to reset its permissions.
&amp#27;[38;5;155m[b87a57cd]&amp#27;[0m&amp#27;[38;5;160m[Logcat]&amp#27;[0m Starting logs capture with command: C:\\Users\\User1\\AppData\\Local\\Android\\Sdk\\platform-tools\\adb.exe -P 5037 -s emulator-5554 logcat -v threadtime
&amp#27;[38;5;155m[b87a57cd]&amp#27;[0m&amp#27;[38;5;-170m[AndroidUiautomator2Driver@9cf7]&amp#27;[0m Forwarding UiAutomator2 Server port 6790 to local port 8201
&amp#27;[38;5;155m[b87a57cd]&amp#27;[0m&amp#27;[38;5;229m[ADB]&amp#27;[0m Forwarding system: 8201 to device: 6790
&amp#27;[38;5;155m[b87a57cd]&amp#27;[0m&amp#27;[38;5;229m[ADB]&amp#27;[0m Running 'C:\Users\User1\AppData\Local\Android\Sdk\platform-tools\adb.exe -P 5037 -s emulator-5554 forward tcp:8201 tcp:6790'
&amp#27;[38;5;155m[b87a57cd]&amp#27;[0m&amp#27;[38;5;229m[ADB]&amp#27;[0m Getting package info for 'io.appium.uiautomator2.server'
&amp#27;[38;5;155m[b87a57cd]&amp#27;[0m&amp#27;[38;5;229m[ADB]&amp#27;[0m Running 'C:\Users\User1\AppData\Local\Android\Sdk\platform-tools\adb.exe -P 5037 -s emulator-5554 shell dumpsys package io.appium.uiautomator2.server'
&amp#27;[38;5;155m[b87a57cd]&amp#27;[0m&amp#27;[38;5;229m[ADB]&amp#27;[0m Getting install status for io.appium.uiautomator2.server.test
&amp#27;[38;5;155m[b87a57cd]&amp#27;[0m&amp#27;[38;5;229m[ADB]&amp#27;[0m Checking app cert for C:\Users\User1\eclipse-workspace\eCommerceFramework//src//main//resources//General-Store.apk
&amp#27;[38;5;155m[b87a57cd]&amp#27;[0m&amp#27;[38;5;229m[ADB]&amp#27;[0m Running 'C:\Users\User1\AppData\Local\Android\Sdk\platform-tools\adb.exe -P 5037 -s emulator-5554 shell cmd package list packages'
&amp#27;[38;5;155m[b87a57cd]&amp#27;[0m&amp#27;[38;5;229m[ADB]&amp#27;[0m Using 'apksigner.jar' from 'C:\Users\User1\AppData\Local\Android\Sdk\build-tools\36.0.0-rc1\lib\apksigner.jar'
&amp#27;[38;5;155m[b87a57cd]&amp#27;[0m&amp#27;[38;5;229m[ADB]&amp#27;[0m Starting apksigner: 'C:\\Program Files\\Java\\jdk-22\\bin\\java.exe' -Xmx1024M -Xss1m -jar C:\\Users\\User1\\AppData\\Local\\Android\\Sdk\\build-tools\\36.0.0-rc1\\lib\\apksigner.jar verify --print-certs C:\\Users\\User1\\eclipse-workspace\\eCommerceFramework//src//main//resources//General-Store.apk
&amp#27;[38;5;155m[b87a57cd]&amp#27;[0m&amp#27;[38;5;229m[ADB]&amp#27;[0m Reading package manifest: 'C:\\Users\\User1\\AppData\\Local\\Android\\Sdk\\build-tools\\36.0.0-rc1\\aapt2.exe dump badging C:\\Users\\User1\\.appium\\node_modules\\appium-uiautomator2-driver\\node_modules\\appium-uiautomator2-server\\apks\\appium-uiautomator2-server-v7.0.25.apk'
&amp#27;[38;5;155m[b87a57cd]&amp#27;[0m&amp#27;[38;5;229m[ADB]&amp#27;[0m 'io.appium.uiautomator2.server.test' is installed
&amp#27;[38;5;155m[b87a57cd]&amp#27;[0m&amp#27;[38;5;229m[ADB]&amp#27;[0m The version name of the installed 'io.appium.uiautomator2.server' is greater or equal to the application version name ('7.0.25' >= '7.0.25')
&amp#27;[38;5;155m[b87a57cd]&amp#27;[0m&amp#27;[38;5;-170m[AndroidUiautomator2Driver@9cf7]&amp#27;[0m Server packages status: [{"installState":"sameVersionInstalled","appPath":"C:\\Users\\User1\\.appium\\node_modules\\appium-uiautomator2-driver\\node_modules\\appium-uiautomator2-server\\apks\\appium-uiautomator2-server-v7.0.25.apk","appId":"io.appium.uiautomator2.server"},{"installState":"sameVersionInstalled","appPath":"C:\\Users\\User1\\.appium\\node_modules\\appium-uiautomator2-driver\\node_modules\\appium-uiautomator2-server\\apks\\appium-uiautomator2-server-debug-androidTest.apk","appId":"io.appium.uiautomator2.server.test"}]
&amp#27;[38;5;155m[b87a57cd]&amp#27;[0m&amp#27;[38;5;-170m[AndroidUiautomator2Driver@9cf7]&amp#27;[0m Server packages are not going to be (re)installed
&amp#27;[38;5;155m[b87a57cd]&amp#27;[0m&amp#27;[38;5;-170m[AndroidUiautomator2Driver@9cf7]&amp#27;[0m Waiting up to 30000ms for services to be available
&amp#27;[38;5;155m[b87a57cd]&amp#27;[0m&amp#27;[38;5;229m[ADB]&amp#27;[0m Running 'C:\Users\User1\AppData\Local\Android\Sdk\platform-tools\adb.exe -P 5037 -s emulator-5554 shell pm list instrumentation'
&amp#27;[38;5;155m[b87a57cd]&amp#27;[0m&amp#27;[38;5;-170m[AndroidUiautomator2Driver@9cf7]&amp#27;[0m Instrumentation target 'io.appium.uiautomator2.server.test/androidx.test.runner.AndroidJUnitRunner' is available
&amp#27;[38;5;155m[b87a57cd]&amp#27;[0m&amp#27;[38;5;229m[ADB]&amp#27;[0m Adding packages ["io.appium.settings","io.appium.uiautomator2.server","io.appium.uiautomator2.server.test"] to Doze whitelist
&amp#27;[38;5;155m[b87a57cd]&amp#27;[0m&amp#27;[38;5;229m[ADB]&amp#27;[0m Got the following command chunks to execute: [["dumpsys","deviceidle","whitelist","+io.appium.settings",";","dumpsys","deviceidle","whitelist","+io.appium.uiautomator2.server",";","dumpsys","deviceidle","whitelist","+io.appium.uiautomator2.server.test",";"]]
&amp#27;[38;5;155m[b87a57cd]&amp#27;[0m&amp#27;[38;5;229m[ADB]&amp#27;[0m Running 'C:\Users\User1\AppData\Local\Android\Sdk\platform-tools\adb.exe -P 5037 -s emulator-5554 shell dumpsys deviceidle whitelist +io.appium.settings ; dumpsys deviceidle whitelist +io.appium.uiautomator2.server ; dumpsys deviceidle whitelist +io.appium.uiautomator2.server.test ;'
&amp#27;[38;5;155m[b87a57cd]&amp#27;[0m&amp#27;[38;5;229m[ADB]&amp#27;[0m apksigner stdout: Signer #1 certificate DN: C=US, O=Android, CN=Android Debug
Signer #1 certificate SHA-256 digest: f5f5931c019be6bff8a26255f76ae9ef8a8e631d2a702ec10e91110231549eef
Signer #1 certificate SHA-1 digest: b250161db8b5d0a1bd39154c9fd749bdad79c1a3
Signer #1 certificate MD5 digest: 7a5550323d84472ca25a0861c63e0a6c

&amp#27;[38;5;155m[b87a57cd]&amp#27;[0m&amp#27;[38;5;229m[ADB]&amp#27;[0m 'C:\Users\User1\eclipse-workspace\eCommerceFramework//src//main//resources//General-Store.apk' is signed with a non-default certificate
&amp#27;[38;5;155m[b87a57cd]&amp#27;[0m&amp#27;[38;5;229m[ADB]&amp#27;[0m Getting package info for 'com.androidsample.generalstore'
&amp#27;[38;5;155m[b87a57cd]&amp#27;[0m&amp#27;[38;5;229m[ADB]&amp#27;[0m Running 'C:\Users\User1\AppData\Local\Android\Sdk\platform-tools\adb.exe -P 5037 -s emulator-5554 shell dumpsys package com.androidsample.generalstore'
&amp#27;[38;5;155m[b87a57cd]&amp#27;[0m&amp#27;[38;5;229m[ADB]&amp#27;[0m Reading package manifest: 'C:\\Users\\User1\\AppData\\Local\\Android\\Sdk\\build-tools\\36.0.0-rc1\\aapt2.exe dump badging C:\\Users\\User1\\eclipse-workspace\\eCommerceFramework//src//main//resources//General-Store.apk'
&amp#27;[38;5;155m[b87a57cd]&amp#27;[0m&amp#27;[38;5;229m[ADB]&amp#27;[0m The version name of the installed 'com.androidsample.generalstore' is greater or equal to the application version name ('1.0.0' >= '1.0.0')
&amp#27;[38;5;155m[b87a57cd]&amp#27;[0m&amp#27;[38;5;229m[ADB]&amp#27;[0m There is no need to install/upgrade 'C:\Users\User1\eclipse-workspace\eCommerceFramework//src//main//resources//General-Store.apk'
&amp#27;[38;5;155m[b87a57cd]&amp#27;[0m&amp#27;[38;5;-170m[AndroidUiautomator2Driver@9cf7]&amp#27;[0m Performing fast reset on 'com.androidsample.generalstore'
&amp#27;[38;5;155m[b87a57cd]&amp#27;[0m&amp#27;[38;5;229m[ADB]&amp#27;[0m Getting install status for com.androidsample.generalstore
&amp#27;[38;5;155m[b87a57cd]&amp#27;[0m&amp#27;[38;5;229m[ADB]&amp#27;[0m Running 'C:\Users\User1\AppData\Local\Android\Sdk\platform-tools\adb.exe -P 5037 -s emulator-5554 shell cmd package list packages'
&amp#27;[38;5;155m[b87a57cd]&amp#27;[0m&amp#27;[38;5;229m[ADB]&amp#27;[0m 'com.androidsample.generalstore' is installed
&amp#27;[38;5;155m[b87a57cd]&amp#27;[0m&amp#27;[38;5;229m[ADB]&amp#27;[0m Running 'C:\Users\User1\AppData\Local\Android\Sdk\platform-tools\adb.exe -P 5037 -s emulator-5554 shell am force-stop com.androidsample.generalstore'
&amp#27;[38;5;155m[b87a57cd]&amp#27;[0m&amp#27;[38;5;229m[ADB]&amp#27;[0m Running 'C:\Users\User1\AppData\Local\Android\Sdk\platform-tools\adb.exe -P 5037 -s emulator-5554 shell pm clear com.androidsample.generalstore'
&amp#27;[38;5;155m[b87a57cd]&amp#27;[0m&amp#27;[38;5;-170m[AndroidUiautomator2Driver@9cf7]&amp#27;[0m Performed fast reset on the installed 'com.androidsample.generalstore' application (stop and clear)
&amp#27;[38;5;155m[b87a57cd]&amp#27;[0m&amp#27;[38;5;-170m[AndroidUiautomator2Driver@9cf7]&amp#27;[0m Performing shallow cleanup of automation leftovers
&amp#27;[38;5;155m[b87a57cd]&amp#27;[0m&amp#27;[38;5;-170m[AndroidUiautomator2Driver@9cf7]&amp#27;[0m No obsolete sessions have been detected (socket hang up)
&amp#27;[38;5;155m[b87a57cd]&amp#27;[0m&amp#27;[38;5;229m[ADB]&amp#27;[0m Running 'C:\Users\User1\AppData\Local\Android\Sdk\platform-tools\adb.exe -P 5037 -s emulator-5554 shell am force-stop io.appium.uiautomator2.server'
&amp#27;[38;5;155m[b87a57cd]&amp#27;[0m&amp#27;[38;5;229m[ADB]&amp#27;[0m Running 'C:\Users\User1\AppData\Local\Android\Sdk\platform-tools\adb.exe -P 5037 -s emulator-5554 shell am force-stop io.appium.uiautomator2.server.test'
&amp#27;[38;5;155m[b87a57cd]&amp#27;[0m&amp#27;[38;5;-170m[AndroidUiautomator2Driver@9cf7]&amp#27;[0m Starting UIAutomator2 server 7.0.25
&amp#27;[38;5;155m[b87a57cd]&amp#27;[0m&amp#27;[38;5;-170m[AndroidUiautomator2Driver@9cf7]&amp#27;[0m Using UIAutomator2 server from 'C:\Users\User1\.appium\node_modules\appium-uiautomator2-driver\node_modules\appium-uiautomator2-server\apks\appium-uiautomator2-server-v7.0.25.apk' and test from 'C:\Users\User1\.appium\node_modules\appium-uiautomator2-driver\node_modules\appium-uiautomator2-server\apks\appium-uiautomator2-server-debug-androidTest.apk'
&amp#27;[38;5;155m[b87a57cd]&amp#27;[0m&amp#27;[38;5;-170m[AndroidUiautomator2Driver@9cf7]&amp#27;[0m Waiting up to 30000ms for UiAutomator2 to be online...
&amp#27;[38;5;155m[b87a57cd]&amp#27;[0m&amp#27;[38;5;229m[ADB]&amp#27;[0m Creating ADB subprocess with args: ["-P","5037","-s","emulator-5554","shell","am","instrument","-w","-e","disableAnalytics","true","io.appium.uiautomator2.server.test/androidx.test.runner.AndroidJUnitRunner"]
&amp#27;[38;5;155m[b87a57cd]&amp#27;[0m&amp#27;[38;5;-170m[AndroidUiautomator2Driver@9cf7]&amp#27;[0m Matched '/status' to command name 'getStatus'
&amp#27;[38;5;155m[b87a57cd]&amp#27;[0m&amp#27;[38;5;-170m[AndroidUiautomator2Driver@9cf7]&amp#27;[0m Proxying [GET /status] to [GET http://127.0.0.1:8201/status] with no body
&amp#27;[38;5;155m[b87a57cd]&amp#27;[0m&amp#27;[38;5;-170m[AndroidUiautomator2Driver@9cf7]&amp#27;[0m socket hang up
&amp#27;[38;5;155m[b87a57cd]&amp#27;[0m&amp#27;[38;5;-170m[AndroidUiautomator2Driver@9cf7]&amp#27;[0m Matched '/status' to command name 'getStatus'
&amp#27;[38;5;155m[b87a57cd]&amp#27;[0m&amp#27;[38;5;-170m[AndroidUiautomator2Driver@9cf7]&amp#27;[0m Proxying [GET /status] to [GET http://127.0.0.1:8201/status] with no body
&amp#27;[38;5;155m[b87a57cd]&amp#27;[0m&amp#27;[38;5;-170m[AndroidUiautomator2Driver@9cf7]&amp#27;[0m socket hang up
&amp#27;[38;5;155m[b87a57cd]&amp#27;[0m&amp#27;[38;5;-170m[AndroidUiautomator2Driver@9cf7]&amp#27;[0m [Instrumentation] 
&amp#27;[38;5;155m[b87a57cd]&amp#27;[0m&amp#27;[38;5;-170m[AndroidUiautomator2Driver@9cf7]&amp#27;[0m Matched '/status' to command name 'getStatus'
&amp#27;[38;5;155m[b87a57cd]&amp#27;[0m&amp#27;[38;5;-170m[AndroidUiautomator2Driver@9cf7]&amp#27;[0m Proxying [GET /status] to [GET http://127.0.0.1:8201/status] with no body
&amp#27;[38;5;155m[b87a57cd]&amp#27;[0m&amp#27;[38;5;-170m[AndroidUiautomator2Driver@9cf7]&amp#27;[0m socket hang up
&amp#27;[38;5;155m[b87a57cd]&amp#27;[0m&amp#27;[38;5;-170m[AndroidUiautomator2Driver@9cf7]&amp#27;[0m Matched '/status' to command name 'getStatus'
&amp#27;[38;5;155m[b87a57cd]&amp#27;[0m&amp#27;[38;5;-170m[AndroidUiautomator2Driver@9cf7]&amp#27;[0m Proxying [GET /status] to [GET http://127.0.0.1:8201/status] with no body
&amp#27;[38;5;155m[b87a57cd]&amp#27;[0m&amp#27;[38;5;-170m[AndroidUiautomator2Driver@9cf7]&amp#27;[0m socket hang up
&amp#27;[38;5;155m[b87a57cd]&amp#27;[0m&amp#27;[38;5;-170m[AndroidUiautomator2Driver@9cf7]&amp#27;[0m Matched '/status' to command name 'getStatus'
&amp#27;[38;5;155m[b87a57cd]&amp#27;[0m&amp#27;[38;5;-170m[AndroidUiautomator2Driver@9cf7]&amp#27;[0m Proxying [GET /status] to [GET http://127.0.0.1:8201/status] with no body
&amp#27;[38;5;155m[b87a57cd]&amp#27;[0m&amp#27;[38;5;-170m[AndroidUiautomator2Driver@9cf7]&amp#27;[0m Got response with status 200: {"sessionId":"None","value":{"message":"UiAutomator2 Server is ready to accept commands","ready":true}}
&amp#27;[38;5;155m[b87a57cd]&amp#27;[0m&amp#27;[38;5;-170m[AndroidUiautomator2Driver@9cf7]&amp#27;[0m The initialization of the instrumentation process took 4440ms
&amp#27;[38;5;155m[b87a57cd]&amp#27;[0m&amp#27;[38;5;-170m[AndroidUiautomator2Driver@9cf7]&amp#27;[0m Matched '/session' to command name 'createSession'
&amp#27;[38;5;155m[b87a57cd]&amp#27;[0m&amp#27;[38;5;-170m[AndroidUiautomator2Driver@9cf7]&amp#27;[0m Proxying [POST /session] to [POST http://127.0.0.1:8201/session] with body: {"capabilities":{"firstMatch":[{"platformName":"ANDROID","chromedriverExecutable":"C://Users//User1//Downloads//chromedriver-win64//chromedriver-win64//chromedriver.exe","deviceName":"emulator-5554","automationName":"UIAutomator2","app":"C:\\Users\\User1\\eclipse-workspace\\eCommerceFramework//src//main//resources//General-Store.apk","platform":"LINUX","webStorageEnabled":false,"takesScreenshot":true,"javascriptEnabled":true,"databaseEnabled":false,"networkConnectionEnabled":true,"locationContextEnabled":false,"warnings":{},"desired":{"platformName":"ANDROID","chromedriverExecutable":"C://Users//User1//Downloads//chromedriver-win64//chromedriver-win64//chromedriver.exe","deviceName":"Rajemulator","automationName":"UIAutomator2","app":"C:\\Users\\User1\\eclipse-workspace\\eCommerceFramework//src//main//resources//General-Store.apk"},"deviceUDID":"emulator-5554","appPackage":"com.androidsample.generalstore"}],"alwaysMatch":{}}}
&amp#27;[38;5;155m[b87a57cd]&amp#27;[0m&amp#27;[38;5;-170m[AndroidUiautomator2Driver@9cf7]&amp#27;[0m Got response with status 200: {"sessionId":"32bc0145-4d00-45bc-a2a4-8d6d3a25faf2","value":{"capabilities":{"firstMatch":[{"platformName":"ANDROID","chromedriverExecutable":"C://Users//User1//Downloads//chromedriver-win64//chromedriver-win64//chromedriver.exe","deviceName":"emulator-5554","automationName":"UIAutomator2","app":"C:\\Users\\User1\\eclipse-workspace\\eCommerceFramework//src//main//resources//General-Store.apk","platform":"LINUX","webStorageEnabled":false,"takesScreenshot":true,"javascriptEnabled":true,"databaseEnabled":false,"networkConnectionEnabled":true,"locationContextEnabled":false,"warnings":{},"desired":{"platformName":"ANDROID","chromedriverExecutable":"C://Users//User1//Downloads//chromedriver-win64//chromedriver-win64//chromedriver.exe","deviceName":"Rajemulator","automationName":"UIAutomator2","app":"C:\\Users\\User1\\eclipse-workspace\\eCommerceFramework//src//main//resources//General-Store.apk"},"deviceUDID":"emulator-5554","appPackage":"com.androidsample.generalstore"}],"alwaysMatch":{}},"sessionId":"32bc0145-...
&amp#27;[38;5;155m[b87a57cd]&amp#27;[0m&amp#27;[38;5;-170m[AndroidUiautomator2Driver@9cf7]&amp#27;[0m Determined the downstream protocol as 'W3C'
&amp#27;[38;5;155m[b87a57cd]&amp#27;[0m&amp#27;[38;5;-170m[AndroidUiautomator2Driver@9cf7]&amp#27;[0m Proxying [GET /appium/device/pixel_ratio] to [GET http://127.0.0.1:8201/session/32bc0145-4d00-45bc-a2a4-8d6d3a25faf2/appium/device/pixel_ratio] with no body
&amp#27;[38;5;155m[b87a57cd]&amp#27;[0m&amp#27;[38;5;-170m[AndroidUiautomator2Driver@9cf7]&amp#27;[0m Matched '/appium/device/system_bars' to command name 'getSystemBars'
&amp#27;[38;5;155m[b87a57cd]&amp#27;[0m&amp#27;[38;5;-170m[AndroidUiautomator2Driver@9cf7]&amp#27;[0m Proxying [GET /appium/device/system_bars] to [GET http://127.0.0.1:8201/session/32bc0145-4d00-45bc-a2a4-8d6d3a25faf2/appium/device/system_bars] with no body
&amp#27;[38;5;155m[b87a57cd]&amp#27;[0m&amp#27;[38;5;-170m[AndroidUiautomator2Driver@9cf7]&amp#27;[0m Matched '/window/current/size' to command name 'getWindowSize'
&amp#27;[38;5;155m[b87a57cd]&amp#27;[0m&amp#27;[38;5;-170m[AndroidUiautomator2Driver@9cf7]&amp#27;[0m Proxying [GET /window/current/size] to [GET http://127.0.0.1:8201/session/32bc0145-4d00-45bc-a2a4-8d6d3a25faf2/window/current/size] with no body
&amp#27;[38;5;155m[b87a57cd]&amp#27;[0m&amp#27;[38;5;-170m[AndroidUiautomator2Driver@9cf7]&amp#27;[0m Proxying [GET /appium/device/info] to [GET http://127.0.0.1:8201/session/32bc0145-4d00-45bc-a2a4-8d6d3a25faf2/appium/device/info] with no body
&amp#27;[38;5;155m[b87a57cd]&amp#27;[0m&amp#27;[38;5;229m[ADB]&amp#27;[0m Running 'C:\Users\User1\AppData\Local\Android\Sdk\platform-tools\adb.exe -P 5037 -s emulator-5554 shell dumpsys window'
&amp#27;[38;5;155m[b87a57cd]&amp#27;[0m&amp#27;[38;5;229m[ADB]&amp#27;[0m Running 'C:\Users\User1\AppData\Local\Android\Sdk\platform-tools\adb.exe -P 5037 -s emulator-5554 shell dumpsys power'
&amp#27;[38;5;155m[b87a57cd]&amp#27;[0m&amp#27;[38;5;-170m[AndroidUiautomator2Driver@9cf7]&amp#27;[0m Got response with status 200: {"sessionId":"32bc0145-4d00-45bc-a2a4-8d6d3a25faf2","value":2.75}
&amp#27;[38;5;155m[b87a57cd]&amp#27;[0m&amp#27;[38;5;-170m[AndroidUiautomator2Driver@9cf7]&amp#27;[0m Got response with status 200: {"sessionId":"32bc0145-4d00-45bc-a2a4-8d6d3a25faf2","value":{"height":2220,"width":1080}}
&amp#27;[38;5;155m[b87a57cd]&amp#27;[0m&amp#27;[38;5;-170m[AndroidUiautomator2Driver@9cf7]&amp#27;[0m Got response with status 200: {"sessionId":"32bc0145-4d00-45bc-a2a4-8d6d3a25faf2","value":{"statusBar":66}}
&amp#27;[38;5;155m[b87a57cd]&amp#27;[0m&amp#27;[38;5;-170m[AndroidUiautomator2Driver@9cf7]&amp#27;[0m Got response with status 200: {"sessionId":"32bc0145-4d00-45bc-a2a4-8d6d3a25faf2","value":{"androidId":"ccd4b39f6a24ddc3","apiVersion":"35","bluetooth":{"state":"OFF"},"brand":"google","carrierName":"T-Mobile","displayDensity":440,"locale":"en_US","manufacturer":"Google","model":"sdk_gphone64_x86_64","networks":[{"capabilities":{"SSID":null,"linkDownBandwidthKbps":4300,"linkUpstreamBandwidthKbps":1800,"networkCapabilities":"NET_CAPABILITY_MMS,NET_CAPABILITY_SUPL,NET_CAPABILITY_IA,NET_CAPABILITY_XCAP,NET_CAPABILITY_INTERNET,NET_CAPABILITY_NOT_RESTRICTED,NET_CAPABILITY_TRUSTED,NET_CAPABILITY_NOT_VPN,NET_CAPABILITY_VALIDATED,NET_CAPABILITY_NOT_ROAMING,NET_CAPABILITY_NOT_CONGESTED,NET_CAPABILITY_NOT_SUSPENDED","signalStrength":-2147483648,"transportTypes":"TRANSPORT_CELLULAR"},"detailedState":"CONNECTED","extraInfo":"fast.t-mobile.com","isAvailable":true,"isConnected":true,"isFailover":false,"isRoaming":false,"state":"CONNECTED","subtype":10,"subtypeName":"HSPA","type":0,"typeName":"MOBILE"},{"capabilities":{"SSID":null,"linkDownBandwidthK...
&amp#27;[38;5;155m[b87a57cd]&amp#27;[0m&amp#27;[38;5;-170m[AndroidUiautomator2Driver@9cf7]&amp#27;[0m Screen already unlocked, doing nothing
&amp#27;[38;5;155m[b87a57cd]&amp#27;[0m&amp#27;[38;5;-170m[AndroidUiautomator2Driver@9cf7]&amp#27;[0m Starting 'com.androidsample.generalstore/com.androidsample.generalstore.SplashActivity and waiting for 'com.androidsample.generalstore/com.androidsample.generalstore.SplashActivity'
&amp#27;[38;5;155m[b87a57cd]&amp#27;[0m&amp#27;[38;5;229m[ADB]&amp#27;[0m Running 'C:\Users\User1\AppData\Local\Android\Sdk\platform-tools\adb.exe -P 5037 -s emulator-5554 shell am start -W -n com.androidsample.generalstore/com.androidsample.generalstore.SplashActivity -S -a android.intent.action.MAIN -c android.intent.category.LAUNCHER -f 0x10200000'
&amp#27;[38;5;155m[b87a57cd]&amp#27;[0m&amp#27;[38;5;229m[ADB]&amp#27;[0m Waiting up to 20000ms for activity matching pkg: 'com.androidsample.generalstore' and activity: 'com.androidsample.generalstore.SplashActivity' to be focused
&amp#27;[38;5;155m[b87a57cd]&amp#27;[0m&amp#27;[38;5;229m[ADB]&amp#27;[0m Possible activities, to be checked: 'com.androidsample.generalstore.SplashActivity', 'com.androidsample.generalstore.com.androidsample.generalstore.SplashActivity'
&amp#27;[38;5;155m[b87a57cd]&amp#27;[0m&amp#27;[38;5;229m[ADB]&amp#27;[0m Getting focused package and activity
&amp#27;[38;5;155m[b87a57cd]&amp#27;[0m&amp#27;[38;5;229m[ADB]&amp#27;[0m Running 'C:\Users\User1\AppData\Local\Android\Sdk\platform-tools\adb.exe -P 5037 -s emulator-5554 shell dumpsys window displays'
&amp#27;[38;5;155m[b87a57cd]&amp#27;[0m&amp#27;[38;5;229m[ADB]&amp#27;[0m Found package: 'com.androidsample.generalstore' and fully qualified activity name : 'com.androidsample.generalstore.SplashActivity'
&amp#27;[38;5;155m[b87a57cd]&amp#27;[0m&amp#27;[38;5;107m[AppiumDriver@2362]&amp#27;[0m New AndroidUiautomator2Driver session created successfully, session b87a57cd-4865-4fcc-a906-5f81091ba095 added to master session list
&amp#27;[38;5;155m[b87a57cd]&amp#27;[0m&amp#27;[38;5;107m[AppiumDriver@2362]&amp#27;[0m Event 'newSessionStarted' logged at 1744635241787 (18:24:01 GMT+0530 (India Standard Time))
&amp#27;[38;5;155m[b87a57cd]&amp#27;[0m&amp#27;[38;5;-170m[AndroidUiautomator2Driver@9cf7]&amp#27;[0m Cached the protocol value 'W3C' for the new session b87a57cd-4865-4fcc-a906-5f81091ba095
&amp#27;[38;5;155m[b87a57cd]&amp#27;[0m&amp#27;[38;5;-170m[AndroidUiautomator2Driver@9cf7]&amp#27;[0m Responding to client with driver.createSession() result: {"capabilities":{"platformName":"ANDROID","chromedriverExecutable":"C://Users//User1//Downloads//chromedriver-win64//chromedriver-win64//chromedriver.exe","deviceName":"emulator-5554","automationName":"UIAutomator2","app":"C:\\Users\\User1\\eclipse-workspace\\eCommerceFramework//src//main//resources//General-Store.apk","platform":"LINUX","webStorageEnabled":false,"takesScreenshot":true,"javascriptEnabled":true,"databaseEnabled":false,"networkConnectionEnabled":true,"locationContextEnabled":false,"warnings":{},"desired":{"platformName":"ANDROID","chromedriverExecutable":"C://Users//User1//Downloads//chromedriver-win64//chromedriver-win64//chromedriver.exe","deviceName":"Rajemulator","automationName":"UIAutomator2","app":"C:\\Users\\User1\\eclipse-workspace\\eCommerceFramework//src//main//resources//General-Store.apk"},"deviceUDID":"emulator-5554","appPackage":"com.androidsample.generalstore","pixelRatio":"2.75","statBarHeight":66,"viewportRect":{"left":0,"top":66,"width":1080,"height":2154},"deviceApiLevel"...
&amp#27;[38;5;155m[b87a57cd]&amp#27;[0m&amp#27;[38;5;86m[HTTP]&amp#27;[0m &amp#27;[37m<-- POST /session &amp#27;[39m&amp#27;[32m200&amp#27;[39m &amp#27;[90m9877 ms - 1233&amp#27;[39m &amp#27;[90m&amp#27;[39m
Test Started: scrollAndAddProductIntoCart
&amp#27;[38;5;155m[b87a57cd]&amp#27;[0m&amp#27;[38;5;86m[HTTP]&amp#27;[0m &amp#27;[37m-->&amp#27;[39m &amp#27;[37mGET&amp#27;[39m &amp#27;[37m/session/b87a57cd-4865-4fcc-a906-5f81091ba095/context&amp#27;[39m &amp#27;[90m{}&amp#27;[39m
&amp#27;[38;5;155m[b87a57cd]&amp#27;[0m&amp#27;[38;5;-170m[AndroidUiautomator2Driver@9cf7]&amp#27;[0m Calling AppiumDriver.getCurrentContext() with args: ["b87a57cd-4865-4fcc-a906-5f81091ba095"]
&amp#27;[38;5;155m[b87a57cd]&amp#27;[0m&amp#27;[38;5;-170m[AndroidUiautomator2Driver@9cf7]&amp#27;[0m Responding to client with driver.getCurrentContext() result: "NATIVE_APP"
&amp#27;[38;5;155m[b87a57cd]&amp#27;[0m&amp#27;[38;5;86m[HTTP]&amp#27;[0m &amp#27;[37m<-- GET /session/b87a57cd-4865-4fcc-a906-5f81091ba095/context &amp#27;[39m&amp#27;[32m200&amp#27;[39m &amp#27;[90m11 ms - 22&amp#27;[39m &amp#27;[90m&amp#27;[39m
&amp#27;[38;5;155m[b87a57cd]&amp#27;[0m&amp#27;[38;5;86m[HTTP]&amp#27;[0m &amp#27;[37m-->&amp#27;[39m &amp#27;[37mPOST&amp#27;[39m &amp#27;[37m/session/b87a57cd-4865-4fcc-a906-5f81091ba095/element&amp#27;[39m &amp#27;[90m{"using":"id","value":"com.androidsample.generalstore:id/nameField"}&amp#27;[39m
&amp#27;[38;5;155m[b87a57cd]&amp#27;[0m&amp#27;[38;5;-170m[AndroidUiautomator2Driver@9cf7]&amp#27;[0m Calling AppiumDriver.findElement() with args: ["id","com.androidsample.generalstore:id/nameField","b87a57cd-4865-4fcc-a906-5f81091ba095"]
&amp#27;[38;5;155m[b87a57cd]&amp#27;[0m&amp#27;[38;5;-170m[AndroidUiautomator2Driver@9cf7]&amp#27;[0m Valid locator strategies for this request: xpath, id, class name, accessibility id, css selector, -android uiautomator
&amp#27;[38;5;155m[b87a57cd]&amp#27;[0m&amp#27;[38;5;-170m[AndroidUiautomator2Driver@9cf7]&amp#27;[0m Waiting up to 0 ms for condition
&amp#27;[38;5;155m[b87a57cd]&amp#27;[0m&amp#27;[38;5;-170m[AndroidUiautomator2Driver@9cf7]&amp#27;[0m Matched '/element' to command name 'findElement'
&amp#27;[38;5;155m[b87a57cd]&amp#27;[0m&amp#27;[38;5;-170m[AndroidUiautomator2Driver@9cf7]&amp#27;[0m Proxying [POST /element] to [POST http://127.0.0.1:8201/session/32bc0145-4d00-45bc-a2a4-8d6d3a25faf2/element] with body: {"strategy":"id","selector":"com.androidsample.generalstore:id/nameField","context":"","multiple":false}
&amp#27;[38;5;155m[b87a57cd]&amp#27;[0m&amp#27;[38;5;-170m[AndroidUiautomator2Driver@9cf7]&amp#27;[0m Got response with status 404: {"sessionId":"32bc0145-4d00-45bc-a2a4-8d6d3a25faf2","value":{"error":"no such element","message":"An element could not be located on the page using the given search parameters","stacktrace":"io.appium.uiautomator2.common.exceptions.ElementNotFoundException: An element could not be located on the page using the given search parameters\n\tat io.appium.uiautomator2.handler.FindElement.safeHandle(FindElement.java:63)\n\tat io.appium.uiautomator2.handler.request.SafeRequestHandler.handle(SafeRequestHandler.java:59)\n\tat io.appium.uiautomator2.server.AppiumServlet.handleRequest(AppiumServlet.java:259)\n\tat io.appium.uiautomator2.server.AppiumServlet.handleHttpRequest(AppiumServlet.java:253)\n\tat io.appium.uiautomator2.http.ServerHandler.channelRead(ServerHandler.java:77)\n\tat io.netty.channel.AbstractChannelHandlerContext.invokeChannelRead(AbstractChannelHandlerContext.java:366)\n\tat io.netty.channel.AbstractChannelHandlerContext.invokeChannelRead(AbstractChannelHandlerContext.java:352)\n\tat io.netty.chann...
&amp#27;[38;5;155m[b87a57cd]&amp#27;[0m&amp#27;[38;5;123m[W3C]&amp#27;[0m Matched W3C error code 'no such element' to NoSuchElementError
&amp#27;[38;5;155m[b87a57cd]&amp#27;[0m&amp#27;[38;5;-170m[AndroidUiautomator2Driver@9cf7]&amp#27;[0m Encountered internal error running command: NoSuchElementError: An element could not be located on the page using the given search parameters.
    at AndroidUiautomator2Driver.findElOrEls (C:\Users\User1\.appium\node_modules\appium-uiautomator2-driver\node_modules\appium-android-driver\lib\commands\find.ts:86:11)
    at processTicksAndRejections (node:internal/process/task_queues:95:5)
    at AndroidUiautomator2Driver.findElOrElsWithProcessing (C:\Users\User1\AppData\Roaming\npm\node_modules\appium\node_modules\@appium\base-driver\lib\basedriver\commands\find.ts:60:12)
    at AndroidUiautomator2Driver.findElement (C:\Users\User1\AppData\Roaming\npm\node_modules\appium\node_modules\@appium\base-driver\lib\basedriver\commands\find.ts:75:12)
&amp#27;[38;5;155m[b87a57cd]&amp#27;[0m&amp#27;[38;5;86m[HTTP]&amp#27;[0m &amp#27;[37m<-- POST /session/b87a57cd-4865-4fcc-a906-5f81091ba095/element &amp#27;[39m&amp#27;[33m404&amp#27;[39m &amp#27;[90m722 ms - 890&amp#27;[39m &amp#27;[90m&amp#27;[39m
&amp#27;[38;5;155m[b87a57cd]&amp#27;[0m&amp#27;[38;5;86m[HTTP]&amp#27;[0m &amp#27;[37m-->&amp#27;[39m &amp#27;[37mPOST&amp#27;[39m &amp#27;[37m/session/b87a57cd-4865-4fcc-a906-5f81091ba095/element&amp#27;[39m &amp#27;[90m{"using":"id","value":"com.androidsample.generalstore:id/nameField"}&amp#27;[39m
&amp#27;[38;5;155m[b87a57cd]&amp#27;[0m&amp#27;[38;5;-170m[AndroidUiautomator2Driver@9cf7]&amp#27;[0m Calling AppiumDriver.findElement() with args: ["id","com.androidsample.generalstore:id/nameField","b87a57cd-4865-4fcc-a906-5f81091ba095"]
&amp#27;[38;5;155m[b87a57cd]&amp#27;[0m&amp#27;[38;5;-170m[AndroidUiautomator2Driver@9cf7]&amp#27;[0m Valid locator strategies for this request: xpath, id, class name, accessibility id, css selector, -android uiautomator
&amp#27;[38;5;155m[b87a57cd]&amp#27;[0m&amp#27;[38;5;-170m[AndroidUiautomator2Driver@9cf7]&amp#27;[0m Waiting up to 0 ms for condition
&amp#27;[38;5;155m[b87a57cd]&amp#27;[0m&amp#27;[38;5;-170m[AndroidUiautomator2Driver@9cf7]&amp#27;[0m Matched '/element' to command name 'findElement'
&amp#27;[38;5;155m[b87a57cd]&amp#27;[0m&amp#27;[38;5;-170m[AndroidUiautomator2Driver@9cf7]&amp#27;[0m Proxying [POST /element] to [POST http://127.0.0.1:8201/session/32bc0145-4d00-45bc-a2a4-8d6d3a25faf2/element] with body: {"strategy":"id","selector":"com.androidsample.generalstore:id/nameField","context":"","multiple":false}
&amp#27;[38;5;155m[b87a57cd]&amp#27;[0m&amp#27;[38;5;-170m[AndroidUiautomator2Driver@9cf7]&amp#27;[0m Got response with status 404: {"sessionId":"32bc0145-4d00-45bc-a2a4-8d6d3a25faf2","value":{"error":"no such element","message":"An element could not be located on the page using the given search parameters","stacktrace":"io.appium.uiautomator2.common.exceptions.ElementNotFoundException: An element could not be located on the page using the given search parameters\n\tat io.appium.uiautomator2.handler.FindElement.safeHandle(FindElement.java:63)\n\tat io.appium.uiautomator2.handler.request.SafeRequestHandler.handle(SafeRequestHandler.java:59)\n\tat io.appium.uiautomator2.server.AppiumServlet.handleRequest(AppiumServlet.java:259)\n\tat io.appium.uiautomator2.server.AppiumServlet.handleHttpRequest(AppiumServlet.java:253)\n\tat io.appium.uiautomator2.http.ServerHandler.channelRead(ServerHandler.java:77)\n\tat io.netty.channel.AbstractChannelHandlerContext.invokeChannelRead(AbstractChannelHandlerContext.java:366)\n\tat io.netty.channel.AbstractChannelHandlerContext.invokeChannelRead(AbstractChannelHandlerContext.java:352)\n\tat io.netty.chann...
&amp#27;[38;5;155m[b87a57cd]&amp#27;[0m&amp#27;[38;5;123m[W3C]&amp#27;[0m Matched W3C error code 'no such element' to NoSuchElementError
&amp#27;[38;5;155m[b87a57cd]&amp#27;[0m&amp#27;[38;5;-170m[AndroidUiautomator2Driver@9cf7]&amp#27;[0m Encountered internal error running command: NoSuchElementError: An element could not be located on the page using the given search parameters.
    at AndroidUiautomator2Driver.findElOrEls (C:\Users\User1\.appium\node_modules\appium-uiautomator2-driver\node_modules\appium-android-driver\lib\commands\find.ts:86:11)
    at processTicksAndRejections (node:internal/process/task_queues:95:5)
    at AndroidUiautomator2Driver.findElOrElsWithProcessing (C:\Users\User1\AppData\Roaming\npm\node_modules\appium\node_modules\@appium\base-driver\lib\basedriver\commands\find.ts:60:12)
    at AndroidUiautomator2Driver.findElement (C:\Users\User1\AppData\Roaming\npm\node_modules\appium\node_modules\@appium\base-driver\lib\basedriver\commands\find.ts:75:12)
&amp#27;[38;5;155m[b87a57cd]&amp#27;[0m&amp#27;[38;5;86m[HTTP]&amp#27;[0m &amp#27;[37m<-- POST /session/b87a57cd-4865-4fcc-a906-5f81091ba095/element &amp#27;[39m&amp#27;[33m404&amp#27;[39m &amp#27;[90m75 ms - 890&amp#27;[39m &amp#27;[90m&amp#27;[39m
&amp#27;[38;5;155m[b87a57cd]&amp#27;[0m&amp#27;[38;5;86m[HTTP]&amp#27;[0m &amp#27;[37m-->&amp#27;[39m &amp#27;[37mPOST&amp#27;[39m &amp#27;[37m/session/b87a57cd-4865-4fcc-a906-5f81091ba095/element&amp#27;[39m &amp#27;[90m{"using":"id","value":"com.androidsample.generalstore:id/nameField"}&amp#27;[39m
&amp#27;[38;5;155m[b87a57cd]&amp#27;[0m&amp#27;[38;5;-170m[AndroidUiautomator2Driver@9cf7]&amp#27;[0m Calling AppiumDriver.findElement() with args: ["id","com.androidsample.generalstore:id/nameField","b87a57cd-4865-4fcc-a906-5f81091ba095"]
&amp#27;[38;5;155m[b87a57cd]&amp#27;[0m&amp#27;[38;5;-170m[AndroidUiautomator2Driver@9cf7]&amp#27;[0m Valid locator strategies for this request: xpath, id, class name, accessibility id, css selector, -android uiautomator
&amp#27;[38;5;155m[b87a57cd]&amp#27;[0m&amp#27;[38;5;-170m[AndroidUiautomator2Driver@9cf7]&amp#27;[0m Waiting up to 0 ms for condition
&amp#27;[38;5;155m[b87a57cd]&amp#27;[0m&amp#27;[38;5;-170m[AndroidUiautomator2Driver@9cf7]&amp#27;[0m Matched '/element' to command name 'findElement'
&amp#27;[38;5;155m[b87a57cd]&amp#27;[0m&amp#27;[38;5;-170m[AndroidUiautomator2Driver@9cf7]&amp#27;[0m Proxying [POST /element] to [POST http://127.0.0.1:8201/session/32bc0145-4d00-45bc-a2a4-8d6d3a25faf2/element] with body: {"strategy":"id","selector":"com.androidsample.generalstore:id/nameField","context":"","multiple":false}
&amp#27;[38;5;155m[b87a57cd]&amp#27;[0m&amp#27;[38;5;-170m[AndroidUiautomator2Driver@9cf7]&amp#27;[0m Got response with status 404: {"sessionId":"32bc0145-4d00-45bc-a2a4-8d6d3a25faf2","value":{"error":"no such element","message":"An element could not be located on the page using the given search parameters","stacktrace":"io.appium.uiautomator2.common.exceptions.ElementNotFoundException: An element could not be located on the page using the given search parameters\n\tat io.appium.uiautomator2.handler.FindElement.safeHandle(FindElement.java:63)\n\tat io.appium.uiautomator2.handler.request.SafeRequestHandler.handle(SafeRequestHandler.java:59)\n\tat io.appium.uiautomator2.server.AppiumServlet.handleRequest(AppiumServlet.java:259)\n\tat io.appium.uiautomator2.server.AppiumServlet.handleHttpRequest(AppiumServlet.java:253)\n\tat io.appium.uiautomator2.http.ServerHandler.channelRead(ServerHandler.java:77)\n\tat io.netty.channel.AbstractChannelHandlerContext.invokeChannelRead(AbstractChannelHandlerContext.java:366)\n\tat io.netty.channel.AbstractChannelHandlerContext.invokeChannelRead(AbstractChannelHandlerContext.java:352)\n\tat io.netty.chann...
&amp#27;[38;5;155m[b87a57cd]&amp#27;[0m&amp#27;[38;5;123m[W3C]&amp#27;[0m Matched W3C error code 'no such element' to NoSuchElementError
&amp#27;[38;5;155m[b87a57cd]&amp#27;[0m&amp#27;[38;5;-170m[AndroidUiautomator2Driver@9cf7]&amp#27;[0m Encountered internal error running command: NoSuchElementError: An element could not be located on the page using the given search parameters.
    at AndroidUiautomator2Driver.findElOrEls (C:\Users\User1\.appium\node_modules\appium-uiautomator2-driver\node_modules\appium-android-driver\lib\commands\find.ts:86:11)
    at processTicksAndRejections (node:internal/process/task_queues:95:5)
    at AndroidUiautomator2Driver.findElOrElsWithProcessing (C:\Users\User1\AppData\Roaming\npm\node_modules\appium\node_modules\@appium\base-driver\lib\basedriver\commands\find.ts:60:12)
    at AndroidUiautomator2Driver.findElement (C:\Users\User1\AppData\Roaming\npm\node_modules\appium\node_modules\@appium\base-driver\lib\basedriver\commands\find.ts:75:12)
&amp#27;[38;5;155m[b87a57cd]&amp#27;[0m&amp#27;[38;5;86m[HTTP]&amp#27;[0m &amp#27;[37m<-- POST /session/b87a57cd-4865-4fcc-a906-5f81091ba095/element &amp#27;[39m&amp#27;[33m404&amp#27;[39m &amp#27;[90m41 ms - 890&amp#27;[39m &amp#27;[90m&amp#27;[39m
&amp#27;[38;5;155m[b87a57cd]&amp#27;[0m&amp#27;[38;5;86m[HTTP]&amp#27;[0m &amp#27;[37m-->&amp#27;[39m &amp#27;[37mGET&amp#27;[39m &amp#27;[37m/session/b87a57cd-4865-4fcc-a906-5f81091ba095/context&amp#27;[39m &amp#27;[90m{}&amp#27;[39m
&amp#27;[38;5;155m[b87a57cd]&amp#27;[0m&amp#27;[38;5;-170m[AndroidUiautomator2Driver@9cf7]&amp#27;[0m Calling AppiumDriver.getCurrentContext() with args: ["b87a57cd-4865-4fcc-a906-5f81091ba095"]
&amp#27;[38;5;155m[b87a57cd]&amp#27;[0m&amp#27;[38;5;-170m[AndroidUiautomator2Driver@9cf7]&amp#27;[0m Responding to client with driver.getCurrentContext() result: "NATIVE_APP"
&amp#27;[38;5;155m[b87a57cd]&amp#27;[0m&amp#27;[38;5;86m[HTTP]&amp#27;[0m &amp#27;[37m<-- GET /session/b87a57cd-4865-4fcc-a906-5f81091ba095/context &amp#27;[39m&amp#27;[32m200&amp#27;[39m &amp#27;[90m7 ms - 22&amp#27;[39m &amp#27;[90m&amp#27;[39m
&amp#27;[38;5;155m[b87a57cd]&amp#27;[0m&amp#27;[38;5;86m[HTTP]&amp#27;[0m &amp#27;[37m-->&amp#27;[39m &amp#27;[37mPOST&amp#27;[39m &amp#27;[37m/session/b87a57cd-4865-4fcc-a906-5f81091ba095/element&amp#27;[39m &amp#27;[90m{"using":"id","value":"com.androidsample.generalstore:id/nameField"}&amp#27;[39m
&amp#27;[38;5;155m[b87a57cd]&amp#27;[0m&amp#27;[38;5;-170m[AndroidUiautomator2Driver@9cf7]&amp#27;[0m Calling AppiumDriver.findElement() with args: ["id","com.androidsample.generalstore:id/nameField","b87a57cd-4865-4fcc-a906-5f81091ba095"]
&amp#27;[38;5;155m[b87a57cd]&amp#27;[0m&amp#27;[38;5;-170m[AndroidUiautomator2Driver@9cf7]&amp#27;[0m Valid locator strategies for this request: xpath, id, class name, accessibility id, css selector, -android uiautomator
&amp#27;[38;5;155m[b87a57cd]&amp#27;[0m&amp#27;[38;5;-170m[AndroidUiautomator2Driver@9cf7]&amp#27;[0m Waiting up to 0 ms for condition
&amp#27;[38;5;155m[b87a57cd]&amp#27;[0m&amp#27;[38;5;-170m[AndroidUiautomator2Driver@9cf7]&amp#27;[0m Matched '/element' to command name 'findElement'
&amp#27;[38;5;155m[b87a57cd]&amp#27;[0m&amp#27;[38;5;-170m[AndroidUiautomator2Driver@9cf7]&amp#27;[0m Proxying [POST /element] to [POST http://127.0.0.1:8201/session/32bc0145-4d00-45bc-a2a4-8d6d3a25faf2/element] with body: {"strategy":"id","selector":"com.androidsample.generalstore:id/nameField","context":"","multiple":false}
&amp#27;[38;5;155m[b87a57cd]&amp#27;[0m&amp#27;[38;5;-170m[AndroidUiautomator2Driver@9cf7]&amp#27;[0m Got response with status 404: {"sessionId":"32bc0145-4d00-45bc-a2a4-8d6d3a25faf2","value":{"error":"no such element","message":"An element could not be located on the page using the given search parameters","stacktrace":"io.appium.uiautomator2.common.exceptions.ElementNotFoundException: An element could not be located on the page using the given search parameters\n\tat io.appium.uiautomator2.handler.FindElement.safeHandle(FindElement.java:63)\n\tat io.appium.uiautomator2.handler.request.SafeRequestHandler.handle(SafeRequestHandler.java:59)\n\tat io.appium.uiautomator2.server.AppiumServlet.handleRequest(AppiumServlet.java:259)\n\tat io.appium.uiautomator2.server.AppiumServlet.handleHttpRequest(AppiumServlet.java:253)\n\tat io.appium.uiautomator2.http.ServerHandler.channelRead(ServerHandler.java:77)\n\tat io.netty.channel.AbstractChannelHandlerContext.invokeChannelRead(AbstractChannelHandlerContext.java:366)\n\tat io.netty.channel.AbstractChannelHandlerContext.invokeChannelRead(AbstractChannelHandlerContext.java:352)\n\tat io.netty.chann...
&amp#27;[38;5;155m[b87a57cd]&amp#27;[0m&amp#27;[38;5;123m[W3C]&amp#27;[0m Matched W3C error code 'no such element' to NoSuchElementError
&amp#27;[38;5;155m[b87a57cd]&amp#27;[0m&amp#27;[38;5;-170m[AndroidUiautomator2Driver@9cf7]&amp#27;[0m Encountered internal error running command: NoSuchElementError: An element could not be located on the page using the given search parameters.
    at AndroidUiautomator2Driver.findElOrEls (C:\Users\User1\.appium\node_modules\appium-uiautomator2-driver\node_modules\appium-android-driver\lib\commands\find.ts:86:11)
    at processTicksAndRejections (node:internal/process/task_queues:95:5)
    at AndroidUiautomator2Driver.findElOrElsWithProcessing (C:\Users\User1\AppData\Roaming\npm\node_modules\appium\node_modules\@appium\base-driver\lib\basedriver\commands\find.ts:60:12)
    at AndroidUiautomator2Driver.findElement (C:\Users\User1\AppData\Roaming\npm\node_modules\appium\node_modules\@appium\base-driver\lib\basedriver\commands\find.ts:75:12)
&amp#27;[38;5;155m[b87a57cd]&amp#27;[0m&amp#27;[38;5;86m[HTTP]&amp#27;[0m &amp#27;[37m<-- POST /session/b87a57cd-4865-4fcc-a906-5f81091ba095/element &amp#27;[39m&amp#27;[33m404&amp#27;[39m &amp#27;[90m568 ms - 890&amp#27;[39m &amp#27;[90m&amp#27;[39m
&amp#27;[38;5;155m[b87a57cd]&amp#27;[0m&amp#27;[38;5;86m[HTTP]&amp#27;[0m &amp#27;[37m-->&amp#27;[39m &amp#27;[37mPOST&amp#27;[39m &amp#27;[37m/session/b87a57cd-4865-4fcc-a906-5f81091ba095/element&amp#27;[39m &amp#27;[90m{"using":"id","value":"com.androidsample.generalstore:id/nameField"}&amp#27;[39m
&amp#27;[38;5;155m[b87a57cd]&amp#27;[0m&amp#27;[38;5;-170m[AndroidUiautomator2Driver@9cf7]&amp#27;[0m Calling AppiumDriver.findElement() with args: ["id","com.androidsample.generalstore:id/nameField","b87a57cd-4865-4fcc-a906-5f81091ba095"]
&amp#27;[38;5;155m[b87a57cd]&amp#27;[0m&amp#27;[38;5;-170m[AndroidUiautomator2Driver@9cf7]&amp#27;[0m Valid locator strategies for this request: xpath, id, class name, accessibility id, css selector, -android uiautomator
&amp#27;[38;5;155m[b87a57cd]&amp#27;[0m&amp#27;[38;5;-170m[AndroidUiautomator2Driver@9cf7]&amp#27;[0m Waiting up to 0 ms for condition
&amp#27;[38;5;155m[b87a57cd]&amp#27;[0m&amp#27;[38;5;-170m[AndroidUiautomator2Driver@9cf7]&amp#27;[0m Matched '/element' to command name 'findElement'
&amp#27;[38;5;155m[b87a57cd]&amp#27;[0m&amp#27;[38;5;-170m[AndroidUiautomator2Driver@9cf7]&amp#27;[0m Proxying [POST /element] to [POST http://127.0.0.1:8201/session/32bc0145-4d00-45bc-a2a4-8d6d3a25faf2/element] with body: {"strategy":"id","selector":"com.androidsample.generalstore:id/nameField","context":"","multiple":false}
&amp#27;[38;5;155m[b87a57cd]&amp#27;[0m&amp#27;[38;5;-170m[AndroidUiautomator2Driver@9cf7]&amp#27;[0m Got response with status 200: {"sessionId":"32bc0145-4d00-45bc-a2a4-8d6d3a25faf2","value":{"ELEMENT":"00000000-0000-078b-ffff-ffff0000001c","element-6066-11e4-a52e-4f735466cecf":"00000000-0000-078b-ffff-ffff0000001c"}}
&amp#27;[38;5;155m[b87a57cd]&amp#27;[0m&amp#27;[38;5;-170m[AndroidUiautomator2Driver@9cf7]&amp#27;[0m Responding to client with driver.findElement() result: {"element-6066-11e4-a52e-4f735466cecf":"00000000-0000-078b-ffff-ffff0000001c","ELEMENT":"00000000-0000-078b-ffff-ffff0000001c"}
&amp#27;[38;5;155m[b87a57cd]&amp#27;[0m&amp#27;[38;5;86m[HTTP]&amp#27;[0m &amp#27;[37m<-- POST /session/b87a57cd-4865-4fcc-a906-5f81091ba095/element &amp#27;[39m&amp#27;[32m200&amp#27;[39m &amp#27;[90m926 ms - 137&amp#27;[39m &amp#27;[90m&amp#27;[39m
&amp#27;[38;5;155m[b87a57cd]&amp#27;[0m&amp#27;[38;5;86m[HTTP]&amp#27;[0m &amp#27;[37m-->&amp#27;[39m &amp#27;[37mGET&amp#27;[39m &amp#27;[37m/session/b87a57cd-4865-4fcc-a906-5f81091ba095/element/00000000-0000-078b-ffff-ffff0000001c/displayed&amp#27;[39m &amp#27;[90m{}&amp#27;[39m
&amp#27;[38;5;155m[b87a57cd]&amp#27;[0m&amp#27;[38;5;-170m[AndroidUiautomator2Driver@9cf7]&amp#27;[0m Calling AppiumDriver.elementDisplayed() with args: ["00000000-0000-078b-ffff-ffff0000001c","b87a57cd-4865-4fcc-a906-5f81091ba095"]
&amp#27;[38;5;155m[b87a57cd]&amp#27;[0m&amp#27;[38;5;-170m[AndroidUiautomator2Driver@9cf7]&amp#27;[0m Matched '/element/00000000-0000-078b-ffff-ffff0000001c/attribute/displayed' to command name 'getAttribute'
&amp#27;[38;5;155m[b87a57cd]&amp#27;[0m&amp#27;[38;5;-170m[AndroidUiautomator2Driver@9cf7]&amp#27;[0m Proxying [GET /element/00000000-0000-078b-ffff-ffff0000001c/attribute/displayed] to [GET http://127.0.0.1:8201/session/32bc0145-4d00-45bc-a2a4-8d6d3a25faf2/element/00000000-0000-078b-ffff-ffff0000001c/attribute/displayed] with no body
&amp#27;[38;5;155m[b87a57cd]&amp#27;[0m&amp#27;[38;5;-170m[AndroidUiautomator2Driver@9cf7]&amp#27;[0m Got response with status 200: {"sessionId":"32bc0145-4d00-45bc-a2a4-8d6d3a25faf2","value":"true"}
&amp#27;[38;5;155m[b87a57cd]&amp#27;[0m&amp#27;[38;5;-170m[AndroidUiautomator2Driver@9cf7]&amp#27;[0m Responding to client with driver.elementDisplayed() result: true
&amp#27;[38;5;155m[b87a57cd]&amp#27;[0m&amp#27;[38;5;86m[HTTP]&amp#27;[0m &amp#27;[37m<-- GET /session/b87a57cd-4865-4fcc-a906-5f81091ba095/element/00000000-0000-078b-ffff-ffff0000001c/displayed &amp#27;[39m&amp#27;[32m200&amp#27;[39m &amp#27;[90m21 ms - 14&amp#27;[39m &amp#27;[90m&amp#27;[39m
&amp#27;[38;5;155m[b87a57cd]&amp#27;[0m&amp#27;[38;5;86m[HTTP]&amp#27;[0m &amp#27;[37m-->&amp#27;[39m &amp#27;[37mGET&amp#27;[39m &amp#27;[37m/session/b87a57cd-4865-4fcc-a906-5f81091ba095/context&amp#27;[39m &amp#27;[90m{}&amp#27;[39m
&amp#27;[38;5;155m[b87a57cd]&amp#27;[0m&amp#27;[38;5;-170m[AndroidUiautomator2Driver@9cf7]&amp#27;[0m Calling AppiumDriver.getCurrentContext() with args: ["b87a57cd-4865-4fcc-a906-5f81091ba095"]
&amp#27;[38;5;155m[b87a57cd]&amp#27;[0m&amp#27;[38;5;-170m[AndroidUiautomator2Driver@9cf7]&amp#27;[0m Responding to client with driver.getCurrentContext() result: "NATIVE_APP"
&amp#27;[38;5;155m[b87a57cd]&amp#27;[0m&amp#27;[38;5;86m[HTTP]&amp#27;[0m &amp#27;[37m<-- GET /session/b87a57cd-4865-4fcc-a906-5f81091ba095/context &amp#27;[39m&amp#27;[32m200&amp#27;[39m &amp#27;[90m1 ms - 22&amp#27;[39m &amp#27;[90m&amp#27;[39m
&amp#27;[38;5;155m[b87a57cd]&amp#27;[0m&amp#27;[38;5;86m[HTTP]&amp#27;[0m &amp#27;[37m-->&amp#27;[39m &amp#27;[37mPOST&amp#27;[39m &amp#27;[37m/session/b87a57cd-4865-4fcc-a906-5f81091ba095/element&amp#27;[39m &amp#27;[90m{"using":"id","value":"com.androidsample.generalstore:id/nameField"}&amp#27;[39m
&amp#27;[38;5;155m[b87a57cd]&amp#27;[0m&amp#27;[38;5;-170m[AndroidUiautomator2Driver@9cf7]&amp#27;[0m Calling AppiumDriver.findElement() with args: ["id","com.androidsample.generalstore:id/nameField","b87a57cd-4865-4fcc-a906-5f81091ba095"]
&amp#27;[38;5;155m[b87a57cd]&amp#27;[0m&amp#27;[38;5;-170m[AndroidUiautomator2Driver@9cf7]&amp#27;[0m Valid locator strategies for this request: xpath, id, class name, accessibility id, css selector, -android uiautomator
&amp#27;[38;5;155m[b87a57cd]&amp#27;[0m&amp#27;[38;5;-170m[AndroidUiautomator2Driver@9cf7]&amp#27;[0m Waiting up to 0 ms for condition
&amp#27;[38;5;155m[b87a57cd]&amp#27;[0m&amp#27;[38;5;-170m[AndroidUiautomator2Driver@9cf7]&amp#27;[0m Matched '/element' to command name 'findElement'
&amp#27;[38;5;155m[b87a57cd]&amp#27;[0m&amp#27;[38;5;-170m[AndroidUiautomator2Driver@9cf7]&amp#27;[0m Proxying [POST /element] to [POST http://127.0.0.1:8201/session/32bc0145-4d00-45bc-a2a4-8d6d3a25faf2/element] with body: {"strategy":"id","selector":"com.androidsample.generalstore:id/nameField","context":"","multiple":false}
&amp#27;[38;5;155m[b87a57cd]&amp#27;[0m&amp#27;[38;5;-170m[AndroidUiautomator2Driver@9cf7]&amp#27;[0m Got response with status 200: {"sessionId":"32bc0145-4d00-45bc-a2a4-8d6d3a25faf2","value":{"ELEMENT":"00000000-0000-078b-ffff-ffff0000001c","element-6066-11e4-a52e-4f735466cecf":"00000000-0000-078b-ffff-ffff0000001c"}}
&amp#27;[38;5;155m[b87a57cd]&amp#27;[0m&amp#27;[38;5;-170m[AndroidUiautomator2Driver@9cf7]&amp#27;[0m Responding to client with driver.findElement() result: {"element-6066-11e4-a52e-4f735466cecf":"00000000-0000-078b-ffff-ffff0000001c","ELEMENT":"00000000-0000-078b-ffff-ffff0000001c"}
&amp#27;[38;5;155m[b87a57cd]&amp#27;[0m&amp#27;[38;5;86m[HTTP]&amp#27;[0m &amp#27;[37m<-- POST /session/b87a57cd-4865-4fcc-a906-5f81091ba095/element &amp#27;[39m&amp#27;[32m200&amp#27;[39m &amp#27;[90m33 ms - 137&amp#27;[39m &amp#27;[90m&amp#27;[39m
&amp#27;[38;5;155m[b87a57cd]&amp#27;[0m&amp#27;[38;5;86m[HTTP]&amp#27;[0m &amp#27;[37m-->&amp#27;[39m &amp#27;[37mPOST&amp#27;[39m &amp#27;[37m/session/b87a57cd-4865-4fcc-a906-5f81091ba095/element/00000000-0000-078b-ffff-ffff0000001c/value&amp#27;[39m &amp#27;[90m{"value":["R","a","j"],"text":"Raj","id":"00000000-0000-078b-ffff-ffff0000001c"}&amp#27;[39m
&amp#27;[38;5;155m[b87a57cd]&amp#27;[0m&amp#27;[38;5;-170m[AndroidUiautomator2Driver@9cf7]&amp#27;[0m Calling AppiumDriver.setValue() with args: [["R","a","j"],"00000000-0000-078b-ffff-ffff0000001c","b87a57cd-4865-4fcc-a906-5f81091ba095"]
&amp#27;[38;5;155m[b87a57cd]&amp#27;[0m&amp#27;[38;5;-170m[AndroidUiautomator2Driver@9cf7]&amp#27;[0m Matched '/element/00000000-0000-078b-ffff-ffff0000001c/value' to command name 'setValue'
&amp#27;[38;5;155m[b87a57cd]&amp#27;[0m&amp#27;[38;5;-170m[AndroidUiautomator2Driver@9cf7]&amp#27;[0m Added 'value' property ["R","a","j"] to 'setValue' request body
&amp#27;[38;5;155m[b87a57cd]&amp#27;[0m&amp#27;[38;5;-170m[AndroidUiautomator2Driver@9cf7]&amp#27;[0m Proxying [POST /element/00000000-0000-078b-ffff-ffff0000001c/value] to [POST http://127.0.0.1:8201/session/32bc0145-4d00-45bc-a2a4-8d6d3a25faf2/element/00000000-0000-078b-ffff-ffff0000001c/value] with body: {"elementId":"00000000-0000-078b-ffff-ffff0000001c","text":"Raj","replace":false,"value":["R","a","j"]}
&amp#27;[38;5;155m[b87a57cd]&amp#27;[0m&amp#27;[38;5;-170m[AndroidUiautomator2Driver@9cf7]&amp#27;[0m Got response with status 200: {"sessionId":"32bc0145-4d00-45bc-a2a4-8d6d3a25faf2","value":null}
&amp#27;[38;5;155m[b87a57cd]&amp#27;[0m&amp#27;[38;5;-170m[AndroidUiautomator2Driver@9cf7]&amp#27;[0m Responding to client with driver.setValue() result: null
&amp#27;[38;5;155m[b87a57cd]&amp#27;[0m&amp#27;[38;5;86m[HTTP]&amp#27;[0m &amp#27;[37m<-- POST /session/b87a57cd-4865-4fcc-a906-5f81091ba095/element/00000000-0000-078b-ffff-ffff0000001c/value &amp#27;[39m&amp#27;[32m200&amp#27;[39m &amp#27;[90m587 ms - 14&amp#27;[39m &amp#27;[90m&amp#27;[39m
&amp#27;[38;5;155m[b87a57cd]&amp#27;[0m&amp#27;[38;5;86m[HTTP]&amp#27;[0m &amp#27;[37m-->&amp#27;[39m &amp#27;[37mPOST&amp#27;[39m &amp#27;[37m/session/b87a57cd-4865-4fcc-a906-5f81091ba095/execute/sync&amp#27;[39m &amp#27;[90m{"script":"mobile: hideKeyboard","args":[]}&amp#27;[39m
&amp#27;[38;5;155m[b87a57cd]&amp#27;[0m&amp#27;[38;5;-170m[AndroidUiautomator2Driver@9cf7]&amp#27;[0m Calling AppiumDriver.execute() with args: ["mobile: hideKeyboard",[],"b87a57cd-4865-4fcc-a906-5f81091ba095"]
&amp#27;[38;5;155m[b87a57cd]&amp#27;[0m&amp#27;[38;5;-170m[AndroidUiautomator2Driver@9cf7]&amp#27;[0m Executing native command 'mobile: hideKeyboard'
&amp#27;[38;5;155m[b87a57cd]&amp#27;[0m&amp#27;[38;5;229m[ADB]&amp#27;[0m Running 'C:\Users\User1\AppData\Local\Android\Sdk\platform-tools\adb.exe -P 5037 -s emulator-5554 shell dumpsys input_method'
&amp#27;[38;5;155m[b87a57cd]&amp#27;[0m&amp#27;[38;5;229m[ADB]&amp#27;[0m Keyboard has no UI; no closing necessary
&amp#27;[38;5;155m[b87a57cd]&amp#27;[0m&amp#27;[38;5;-170m[AndroidUiautomator2Driver@9cf7]&amp#27;[0m Responding to client with driver.execute() result: false
&amp#27;[38;5;155m[b87a57cd]&amp#27;[0m&amp#27;[38;5;86m[HTTP]&amp#27;[0m &amp#27;[37m<-- POST /session/b87a57cd-4865-4fcc-a906-5f81091ba095/execute/sync &amp#27;[39m&amp#27;[32m200&amp#27;[39m &amp#27;[90m425 ms - 15&amp#27;[39m &amp#27;[90m&amp#27;[39m
&amp#27;[38;5;155m[b87a57cd]&amp#27;[0m&amp#27;[38;5;86m[HTTP]&amp#27;[0m &amp#27;[37m-->&amp#27;[39m &amp#27;[37mGET&amp#27;[39m &amp#27;[37m/session/b87a57cd-4865-4fcc-a906-5f81091ba095/context&amp#27;[39m &amp#27;[90m{}&amp#27;[39m
&amp#27;[38;5;155m[b87a57cd]&amp#27;[0m&amp#27;[38;5;-170m[AndroidUiautomator2Driver@9cf7]&amp#27;[0m Calling AppiumDriver.getCurrentContext() with args: ["b87a57cd-4865-4fcc-a906-5f81091ba095"]
&amp#27;[38;5;155m[b87a57cd]&amp#27;[0m&amp#27;[38;5;-170m[AndroidUiautomator2Driver@9cf7]&amp#27;[0m Responding to client with driver.getCurrentContext() result: "NATIVE_APP"
&amp#27;[38;5;155m[b87a57cd]&amp#27;[0m&amp#27;[38;5;86m[HTTP]&amp#27;[0m &amp#27;[37m<-- GET /session/b87a57cd-4865-4fcc-a906-5f81091ba095/context &amp#27;[39m&amp#27;[32m200&amp#27;[39m &amp#27;[90m2 ms - 22&amp#27;[39m &amp#27;[90m&amp#27;[39m
&amp#27;[38;5;155m[b87a57cd]&amp#27;[0m&amp#27;[38;5;86m[HTTP]&amp#27;[0m &amp#27;[37m-->&amp#27;[39m &amp#27;[37mPOST&amp#27;[39m &amp#27;[37m/session/b87a57cd-4865-4fcc-a906-5f81091ba095/element&amp#27;[39m &amp#27;[90m{"using":"xpath","value":"//android.widget.RadioButton[@text='Male']"}&amp#27;[39m
&amp#27;[38;5;155m[b87a57cd]&amp#27;[0m&amp#27;[38;5;-170m[AndroidUiautomator2Driver@9cf7]&amp#27;[0m Calling AppiumDriver.findElement() with args: ["xpath","//android.widget.RadioButton[@text='Male']","b87a57cd-4865-4fcc-a906-5f81091ba095"]
&amp#27;[38;5;155m[b87a57cd]&amp#27;[0m&amp#27;[38;5;-170m[AndroidUiautomator2Driver@9cf7]&amp#27;[0m Valid locator strategies for this request: xpath, id, class name, accessibility id, css selector, -android uiautomator
&amp#27;[38;5;155m[b87a57cd]&amp#27;[0m&amp#27;[38;5;-170m[AndroidUiautomator2Driver@9cf7]&amp#27;[0m Waiting up to 0 ms for condition
&amp#27;[38;5;155m[b87a57cd]&amp#27;[0m&amp#27;[38;5;-170m[AndroidUiautomator2Driver@9cf7]&amp#27;[0m Matched '/element' to command name 'findElement'
&amp#27;[38;5;155m[b87a57cd]&amp#27;[0m&amp#27;[38;5;-170m[AndroidUiautomator2Driver@9cf7]&amp#27;[0m Proxying [POST /element] to [POST http://127.0.0.1:8201/session/32bc0145-4d00-45bc-a2a4-8d6d3a25faf2/element] with body: {"strategy":"xpath","selector":"//android.widget.RadioButton[@text='Male']","context":"","multiple":false}
&amp#27;[38;5;155m[b87a57cd]&amp#27;[0m&amp#27;[38;5;-170m[AndroidUiautomator2Driver@9cf7]&amp#27;[0m Got response with status 200: {"sessionId":"32bc0145-4d00-45bc-a2a4-8d6d3a25faf2","value":{"ELEMENT":"00000000-0000-078b-ffff-ffff0000001f","element-6066-11e4-a52e-4f735466cecf":"00000000-0000-078b-ffff-ffff0000001f"}}
&amp#27;[38;5;155m[b87a57cd]&amp#27;[0m&amp#27;[38;5;-170m[AndroidUiautomator2Driver@9cf7]&amp#27;[0m Responding to client with driver.findElement() result: {"element-6066-11e4-a52e-4f735466cecf":"00000000-0000-078b-ffff-ffff0000001f","ELEMENT":"00000000-0000-078b-ffff-ffff0000001f"}
&amp#27;[38;5;155m[b87a57cd]&amp#27;[0m&amp#27;[38;5;86m[HTTP]&amp#27;[0m &amp#27;[37m<-- POST /session/b87a57cd-4865-4fcc-a906-5f81091ba095/element &amp#27;[39m&amp#27;[32m200&amp#27;[39m &amp#27;[90m1009 ms - 137&amp#27;[39m &amp#27;[90m&amp#27;[39m
&amp#27;[38;5;155m[b87a57cd]&amp#27;[0m&amp#27;[38;5;86m[HTTP]&amp#27;[0m &amp#27;[37m-->&amp#27;[39m &amp#27;[37mPOST&amp#27;[39m &amp#27;[37m/session/b87a57cd-4865-4fcc-a906-5f81091ba095/element/00000000-0000-078b-ffff-ffff0000001f/click&amp#27;[39m &amp#27;[90m{"id":"00000000-0000-078b-ffff-ffff0000001f"}&amp#27;[39m
&amp#27;[38;5;155m[b87a57cd]&amp#27;[0m&amp#27;[38;5;-170m[AndroidUiautomator2Driver@9cf7]&amp#27;[0m Calling AppiumDriver.click() with args: ["00000000-0000-078b-ffff-ffff0000001f","b87a57cd-4865-4fcc-a906-5f81091ba095"]
&amp#27;[38;5;155m[b87a57cd]&amp#27;[0m&amp#27;[38;5;-170m[AndroidUiautomator2Driver@9cf7]&amp#27;[0m Matched '/element/00000000-0000-078b-ffff-ffff0000001f/click' to command name 'click'
&amp#27;[38;5;155m[b87a57cd]&amp#27;[0m&amp#27;[38;5;-170m[AndroidUiautomator2Driver@9cf7]&amp#27;[0m Proxying [POST /element/00000000-0000-078b-ffff-ffff0000001f/click] to [POST http://127.0.0.1:8201/session/32bc0145-4d00-45bc-a2a4-8d6d3a25faf2/element/00000000-0000-078b-ffff-ffff0000001f/click] with body: {"element":"00000000-0000-078b-ffff-ffff0000001f"}
&amp#27;[38;5;155m[b87a57cd]&amp#27;[0m&amp#27;[38;5;-170m[AndroidUiautomator2Driver@9cf7]&amp#27;[0m Got response with status 200: {"sessionId":"32bc0145-4d00-45bc-a2a4-8d6d3a25faf2","value":null}
&amp#27;[38;5;155m[b87a57cd]&amp#27;[0m&amp#27;[38;5;-170m[AndroidUiautomator2Driver@9cf7]&amp#27;[0m Responding to client with driver.click() result: null
&amp#27;[38;5;155m[b87a57cd]&amp#27;[0m&amp#27;[38;5;86m[HTTP]&amp#27;[0m &amp#27;[37m<-- POST /session/b87a57cd-4865-4fcc-a906-5f81091ba095/element/00000000-0000-078b-ffff-ffff0000001f/click &amp#27;[39m&amp#27;[32m200&amp#27;[39m &amp#27;[90m107 ms - 14&amp#27;[39m &amp#27;[90m&amp#27;[39m
&amp#27;[38;5;155m[b87a57cd]&amp#27;[0m&amp#27;[38;5;86m[HTTP]&amp#27;[0m &amp#27;[37m-->&amp#27;[39m &amp#27;[37mGET&amp#27;[39m &amp#27;[37m/session/b87a57cd-4865-4fcc-a906-5f81091ba095/context&amp#27;[39m &amp#27;[90m{}&amp#27;[39m
&amp#27;[38;5;155m[b87a57cd]&amp#27;[0m&amp#27;[38;5;-170m[AndroidUiautomator2Driver@9cf7]&amp#27;[0m Calling AppiumDriver.getCurrentContext() with args: ["b87a57cd-4865-4fcc-a906-5f81091ba095"]
&amp#27;[38;5;155m[b87a57cd]&amp#27;[0m&amp#27;[38;5;-170m[AndroidUiautomator2Driver@9cf7]&amp#27;[0m Responding to client with driver.getCurrentContext() result: "NATIVE_APP"
&amp#27;[38;5;155m[b87a57cd]&amp#27;[0m&amp#27;[38;5;86m[HTTP]&amp#27;[0m &amp#27;[37m<-- GET /session/b87a57cd-4865-4fcc-a906-5f81091ba095/context &amp#27;[39m&amp#27;[32m200&amp#27;[39m &amp#27;[90m2 ms - 22&amp#27;[39m &amp#27;[90m&amp#27;[39m
&amp#27;[38;5;155m[b87a57cd]&amp#27;[0m&amp#27;[38;5;86m[HTTP]&amp#27;[0m &amp#27;[37m-->&amp#27;[39m &amp#27;[37mPOST&amp#27;[39m &amp#27;[37m/session/b87a57cd-4865-4fcc-a906-5f81091ba095/element&amp#27;[39m &amp#27;[90m{"using":"id","value":"android:id/text1"}&amp#27;[39m
&amp#27;[38;5;155m[b87a57cd]&amp#27;[0m&amp#27;[38;5;-170m[AndroidUiautomator2Driver@9cf7]&amp#27;[0m Calling AppiumDriver.findElement() with args: ["id","android:id/text1","b87a57cd-4865-4fcc-a906-5f81091ba095"]
&amp#27;[38;5;155m[b87a57cd]&amp#27;[0m&amp#27;[38;5;-170m[AndroidUiautomator2Driver@9cf7]&amp#27;[0m Valid locator strategies for this request: xpath, id, class name, accessibility id, css selector, -android uiautomator
&amp#27;[38;5;155m[b87a57cd]&amp#27;[0m&amp#27;[38;5;-170m[AndroidUiautomator2Driver@9cf7]&amp#27;[0m Waiting up to 0 ms for condition
&amp#27;[38;5;155m[b87a57cd]&amp#27;[0m&amp#27;[38;5;-170m[AndroidUiautomator2Driver@9cf7]&amp#27;[0m Matched '/element' to command name 'findElement'
&amp#27;[38;5;155m[b87a57cd]&amp#27;[0m&amp#27;[38;5;-170m[AndroidUiautomator2Driver@9cf7]&amp#27;[0m Proxying [POST /element] to [POST http://127.0.0.1:8201/session/32bc0145-4d00-45bc-a2a4-8d6d3a25faf2/element] with body: {"strategy":"id","selector":"android:id/text1","context":"","multiple":false}
&amp#27;[38;5;155m[b87a57cd]&amp#27;[0m&amp#27;[38;5;-170m[AndroidUiautomator2Driver@9cf7]&amp#27;[0m Got response with status 200: {"sessionId":"32bc0145-4d00-45bc-a2a4-8d6d3a25faf2","value":{"ELEMENT":"00000000-0000-078b-ffff-ffff00000024","element-6066-11e4-a52e-4f735466cecf":"00000000-0000-078b-ffff-ffff00000024"}}
&amp#27;[38;5;155m[b87a57cd]&amp#27;[0m&amp#27;[38;5;-170m[AndroidUiautomator2Driver@9cf7]&amp#27;[0m Responding to client with driver.findElement() result: {"element-6066-11e4-a52e-4f735466cecf":"00000000-0000-078b-ffff-ffff00000024","ELEMENT":"00000000-0000-078b-ffff-ffff00000024"}
&amp#27;[38;5;155m[b87a57cd]&amp#27;[0m&amp#27;[38;5;86m[HTTP]&amp#27;[0m &amp#27;[37m<-- POST /session/b87a57cd-4865-4fcc-a906-5f81091ba095/element &amp#27;[39m&amp#27;[32m200&amp#27;[39m &amp#27;[90m134 ms - 137&amp#27;[39m &amp#27;[90m&amp#27;[39m
&amp#27;[38;5;155m[b87a57cd]&amp#27;[0m&amp#27;[38;5;86m[HTTP]&amp#27;[0m &amp#27;[37m-->&amp#27;[39m &amp#27;[37mPOST&amp#27;[39m &amp#27;[37m/session/b87a57cd-4865-4fcc-a906-5f81091ba095/element/00000000-0000-078b-ffff-ffff00000024/click&amp#27;[39m &amp#27;[90m{"id":"00000000-0000-078b-ffff-ffff00000024"}&amp#27;[39m
&amp#27;[38;5;155m[b87a57cd]&amp#27;[0m&amp#27;[38;5;-170m[AndroidUiautomator2Driver@9cf7]&amp#27;[0m Calling AppiumDriver.click() with args: ["00000000-0000-078b-ffff-ffff00000024","b87a57cd-4865-4fcc-a906-5f81091ba095"]
&amp#27;[38;5;155m[b87a57cd]&amp#27;[0m&amp#27;[38;5;-170m[AndroidUiautomator2Driver@9cf7]&amp#27;[0m Matched '/element/00000000-0000-078b-ffff-ffff00000024/click' to command name 'click'
&amp#27;[38;5;155m[b87a57cd]&amp#27;[0m&amp#27;[38;5;-170m[AndroidUiautomator2Driver@9cf7]&amp#27;[0m Proxying [POST /element/00000000-0000-078b-ffff-ffff00000024/click] to [POST http://127.0.0.1:8201/session/32bc0145-4d00-45bc-a2a4-8d6d3a25faf2/element/00000000-0000-078b-ffff-ffff00000024/click] with body: {"element":"00000000-0000-078b-ffff-ffff00000024"}
&amp#27;[38;5;155m[b87a57cd]&amp#27;[0m&amp#27;[38;5;-170m[AndroidUiautomator2Driver@9cf7]&amp#27;[0m Got response with status 200: {"sessionId":"32bc0145-4d00-45bc-a2a4-8d6d3a25faf2","value":null}
&amp#27;[38;5;155m[b87a57cd]&amp#27;[0m&amp#27;[38;5;-170m[AndroidUiautomator2Driver@9cf7]&amp#27;[0m Responding to client with driver.click() result: null
&amp#27;[38;5;155m[b87a57cd]&amp#27;[0m&amp#27;[38;5;86m[HTTP]&amp#27;[0m &amp#27;[37m<-- POST /session/b87a57cd-4865-4fcc-a906-5f81091ba095/element/00000000-0000-078b-ffff-ffff00000024/click &amp#27;[39m&amp#27;[32m200&amp#27;[39m &amp#27;[90m402 ms - 14&amp#27;[39m &amp#27;[90m&amp#27;[39m
&amp#27;[38;5;155m[b87a57cd]&amp#27;[0m&amp#27;[38;5;86m[HTTP]&amp#27;[0m &amp#27;[37m-->&amp#27;[39m &amp#27;[37mPOST&amp#27;[39m &amp#27;[37m/session/b87a57cd-4865-4fcc-a906-5f81091ba095/element&amp#27;[39m &amp#27;[90m{"using":"-android uiautomator","value":"new UiScrollable(new UiSelector()).scrollIntoView(text(\"Austria\"));"}&amp#27;[39m
&amp#27;[38;5;155m[b87a57cd]&amp#27;[0m&amp#27;[38;5;-170m[AndroidUiautomator2Driver@9cf7]&amp#27;[0m Calling AppiumDriver.findElement() with args: ["-android uiautomator","new UiScrollable(new UiSelector()).scrollIntoView(text(\"Austria\"));","b87a57cd-4865-4fcc-a906-5f81091ba095"]
&amp#27;[38;5;155m[b87a57cd]&amp#27;[0m&amp#27;[38;5;-170m[AndroidUiautomator2Driver@9cf7]&amp#27;[0m Valid locator strategies for this request: xpath, id, class name, accessibility id, css selector, -android uiautomator
&amp#27;[38;5;155m[b87a57cd]&amp#27;[0m&amp#27;[38;5;-170m[AndroidUiautomator2Driver@9cf7]&amp#27;[0m Waiting up to 0 ms for condition
&amp#27;[38;5;155m[b87a57cd]&amp#27;[0m&amp#27;[38;5;-170m[AndroidUiautomator2Driver@9cf7]&amp#27;[0m Matched '/element' to command name 'findElement'
&amp#27;[38;5;155m[b87a57cd]&amp#27;[0m&amp#27;[38;5;-170m[AndroidUiautomator2Driver@9cf7]&amp#27;[0m Proxying [POST /element] to [POST http://127.0.0.1:8201/session/32bc0145-4d00-45bc-a2a4-8d6d3a25faf2/element] with body: {"strategy":"-android uiautomator","selector":"new UiScrollable(new UiSelector()).scrollIntoView(text(\"Austria\"));","context":"","multiple":false}
&amp#27;[38;5;155m[b87a57cd]&amp#27;[0m&amp#27;[38;5;-170m[AndroidUiautomator2Driver@9cf7]&amp#27;[0m Got response with status 200: {"sessionId":"32bc0145-4d00-45bc-a2a4-8d6d3a25faf2","value":{"ELEMENT":"00000000-0000-078c-ffff-ffff0000002c","element-6066-11e4-a52e-4f735466cecf":"00000000-0000-078c-ffff-ffff0000002c"}}
&amp#27;[38;5;155m[b87a57cd]&amp#27;[0m&amp#27;[38;5;-170m[AndroidUiautomator2Driver@9cf7]&amp#27;[0m Responding to client with driver.findElement() result: {"element-6066-11e4-a52e-4f735466cecf":"00000000-0000-078c-ffff-ffff0000002c","ELEMENT":"00000000-0000-078c-ffff-ffff0000002c"}
&amp#27;[38;5;155m[b87a57cd]&amp#27;[0m&amp#27;[38;5;86m[HTTP]&amp#27;[0m &amp#27;[37m<-- POST /session/b87a57cd-4865-4fcc-a906-5f81091ba095/element &amp#27;[39m&amp#27;[32m200&amp#27;[39m &amp#27;[90m4939 ms - 137&amp#27;[39m &amp#27;[90m&amp#27;[39m
&amp#27;[38;5;155m[b87a57cd]&amp#27;[0m&amp#27;[38;5;86m[HTTP]&amp#27;[0m &amp#27;[37m-->&amp#27;[39m &amp#27;[37mPOST&amp#27;[39m &amp#27;[37m/session/b87a57cd-4865-4fcc-a906-5f81091ba095/element&amp#27;[39m &amp#27;[90m{"using":"xpath","value":"//android.widget.TextView[@text='Austria']"}&amp#27;[39m
&amp#27;[38;5;155m[b87a57cd]&amp#27;[0m&amp#27;[38;5;-170m[AndroidUiautomator2Driver@9cf7]&amp#27;[0m Calling AppiumDriver.findElement() with args: ["xpath","//android.widget.TextView[@text='Austria']","b87a57cd-4865-4fcc-a906-5f81091ba095"]
&amp#27;[38;5;155m[b87a57cd]&amp#27;[0m&amp#27;[38;5;-170m[AndroidUiautomator2Driver@9cf7]&amp#27;[0m Valid locator strategies for this request: xpath, id, class name, accessibility id, css selector, -android uiautomator
&amp#27;[38;5;155m[b87a57cd]&amp#27;[0m&amp#27;[38;5;-170m[AndroidUiautomator2Driver@9cf7]&amp#27;[0m Waiting up to 0 ms for condition
&amp#27;[38;5;155m[b87a57cd]&amp#27;[0m&amp#27;[38;5;-170m[AndroidUiautomator2Driver@9cf7]&amp#27;[0m Matched '/element' to command name 'findElement'
&amp#27;[38;5;155m[b87a57cd]&amp#27;[0m&amp#27;[38;5;-170m[AndroidUiautomator2Driver@9cf7]&amp#27;[0m Proxying [POST /element] to [POST http://127.0.0.1:8201/session/32bc0145-4d00-45bc-a2a4-8d6d3a25faf2/element] with body: {"strategy":"xpath","selector":"//android.widget.TextView[@text='Austria']","context":"","multiple":false}
&amp#27;[38;5;155m[b87a57cd]&amp#27;[0m&amp#27;[38;5;-170m[AndroidUiautomator2Driver@9cf7]&amp#27;[0m Got response with status 200: {"sessionId":"32bc0145-4d00-45bc-a2a4-8d6d3a25faf2","value":{"ELEMENT":"00000000-0000-078c-ffff-ffff0000002c","element-6066-11e4-a52e-4f735466cecf":"00000000-0000-078c-ffff-ffff0000002c"}}
&amp#27;[38;5;155m[b87a57cd]&amp#27;[0m&amp#27;[38;5;-170m[AndroidUiautomator2Driver@9cf7]&amp#27;[0m Responding to client with driver.findElement() result: {"element-6066-11e4-a52e-4f735466cecf":"00000000-0000-078c-ffff-ffff0000002c","ELEMENT":"00000000-0000-078c-ffff-ffff0000002c"}
&amp#27;[38;5;155m[b87a57cd]&amp#27;[0m&amp#27;[38;5;86m[HTTP]&amp#27;[0m &amp#27;[37m<-- POST /session/b87a57cd-4865-4fcc-a906-5f81091ba095/element &amp#27;[39m&amp#27;[32m200&amp#27;[39m &amp#27;[90m76 ms - 137&amp#27;[39m &amp#27;[90m&amp#27;[39m
&amp#27;[38;5;155m[b87a57cd]&amp#27;[0m&amp#27;[38;5;86m[HTTP]&amp#27;[0m &amp#27;[37m-->&amp#27;[39m &amp#27;[37mPOST&amp#27;[39m &amp#27;[37m/session/b87a57cd-4865-4fcc-a906-5f81091ba095/element/00000000-0000-078c-ffff-ffff0000002c/click&amp#27;[39m &amp#27;[90m{"id":"00000000-0000-078c-ffff-ffff0000002c"}&amp#27;[39m
&amp#27;[38;5;155m[b87a57cd]&amp#27;[0m&amp#27;[38;5;-170m[AndroidUiautomator2Driver@9cf7]&amp#27;[0m Calling AppiumDriver.click() with args: ["00000000-0000-078c-ffff-ffff0000002c","b87a57cd-4865-4fcc-a906-5f81091ba095"]
&amp#27;[38;5;155m[b87a57cd]&amp#27;[0m&amp#27;[38;5;-170m[AndroidUiautomator2Driver@9cf7]&amp#27;[0m Matched '/element/00000000-0000-078c-ffff-ffff0000002c/click' to command name 'click'
&amp#27;[38;5;155m[b87a57cd]&amp#27;[0m&amp#27;[38;5;-170m[AndroidUiautomator2Driver@9cf7]&amp#27;[0m Proxying [POST /element/00000000-0000-078c-ffff-ffff0000002c/click] to [POST http://127.0.0.1:8201/session/32bc0145-4d00-45bc-a2a4-8d6d3a25faf2/element/00000000-0000-078c-ffff-ffff0000002c/click] with body: {"element":"00000000-0000-078c-ffff-ffff0000002c"}
&amp#27;[38;5;155m[b87a57cd]&amp#27;[0m&amp#27;[38;5;-170m[AndroidUiautomator2Driver@9cf7]&amp#27;[0m Got response with status 200: {"sessionId":"32bc0145-4d00-45bc-a2a4-8d6d3a25faf2","value":null}
&amp#27;[38;5;155m[b87a57cd]&amp#27;[0m&amp#27;[38;5;-170m[AndroidUiautomator2Driver@9cf7]&amp#27;[0m Responding to client with driver.click() result: null
&amp#27;[38;5;155m[b87a57cd]&amp#27;[0m&amp#27;[38;5;86m[HTTP]&amp#27;[0m &amp#27;[37m<-- POST /session/b87a57cd-4865-4fcc-a906-5f81091ba095/element/00000000-0000-078c-ffff-ffff0000002c/click &amp#27;[39m&amp#27;[32m200&amp#27;[39m &amp#27;[90m790 ms - 14&amp#27;[39m &amp#27;[90m&amp#27;[39m
&amp#27;[38;5;155m[b87a57cd]&amp#27;[0m&amp#27;[38;5;86m[HTTP]&amp#27;[0m &amp#27;[37m-->&amp#27;[39m &amp#27;[37mGET&amp#27;[39m &amp#27;[37m/session/b87a57cd-4865-4fcc-a906-5f81091ba095/context&amp#27;[39m &amp#27;[90m{}&amp#27;[39m
&amp#27;[38;5;155m[b87a57cd]&amp#27;[0m&amp#27;[38;5;-170m[AndroidUiautomator2Driver@9cf7]&amp#27;[0m Calling AppiumDriver.getCurrentContext() with args: ["b87a57cd-4865-4fcc-a906-5f81091ba095"]
&amp#27;[38;5;155m[b87a57cd]&amp#27;[0m&amp#27;[38;5;-170m[AndroidUiautomator2Driver@9cf7]&amp#27;[0m Responding to client with driver.getCurrentContext() result: "NATIVE_APP"
&amp#27;[38;5;155m[b87a57cd]&amp#27;[0m&amp#27;[38;5;86m[HTTP]&amp#27;[0m &amp#27;[37m<-- GET /session/b87a57cd-4865-4fcc-a906-5f81091ba095/context &amp#27;[39m&amp#27;[32m200&amp#27;[39m &amp#27;[90m2 ms - 22&amp#27;[39m &amp#27;[90m&amp#27;[39m
&amp#27;[38;5;155m[b87a57cd]&amp#27;[0m&amp#27;[38;5;86m[HTTP]&amp#27;[0m &amp#27;[37m-->&amp#27;[39m &amp#27;[37mPOST&amp#27;[39m &amp#27;[37m/session/b87a57cd-4865-4fcc-a906-5f81091ba095/element&amp#27;[39m &amp#27;[90m{"using":"id","value":"com.androidsample.generalstore:id/btnLetsShop"}&amp#27;[39m
&amp#27;[38;5;155m[b87a57cd]&amp#27;[0m&amp#27;[38;5;-170m[AndroidUiautomator2Driver@9cf7]&amp#27;[0m Calling AppiumDriver.findElement() with args: ["id","com.androidsample.generalstore:id/btnLetsShop","b87a57cd-4865-4fcc-a906-5f81091ba095"]
&amp#27;[38;5;155m[b87a57cd]&amp#27;[0m&amp#27;[38;5;-170m[AndroidUiautomator2Driver@9cf7]&amp#27;[0m Valid locator strategies for this request: xpath, id, class name, accessibility id, css selector, -android uiautomator
&amp#27;[38;5;155m[b87a57cd]&amp#27;[0m&amp#27;[38;5;-170m[AndroidUiautomator2Driver@9cf7]&amp#27;[0m Waiting up to 0 ms for condition
&amp#27;[38;5;155m[b87a57cd]&amp#27;[0m&amp#27;[38;5;-170m[AndroidUiautomator2Driver@9cf7]&amp#27;[0m Matched '/element' to command name 'findElement'
&amp#27;[38;5;155m[b87a57cd]&amp#27;[0m&amp#27;[38;5;-170m[AndroidUiautomator2Driver@9cf7]&amp#27;[0m Proxying [POST /element] to [POST http://127.0.0.1:8201/session/32bc0145-4d00-45bc-a2a4-8d6d3a25faf2/element] with body: {"strategy":"id","selector":"com.androidsample.generalstore:id/btnLetsShop","context":"","multiple":false}
&amp#27;[38;5;155m[b87a57cd]&amp#27;[0m&amp#27;[38;5;-170m[AndroidUiautomator2Driver@9cf7]&amp#27;[0m Got response with status 200: {"sessionId":"32bc0145-4d00-45bc-a2a4-8d6d3a25faf2","value":{"ELEMENT":"00000000-0000-078b-ffff-ffff00000021","element-6066-11e4-a52e-4f735466cecf":"00000000-0000-078b-ffff-ffff00000021"}}
&amp#27;[38;5;155m[b87a57cd]&amp#27;[0m&amp#27;[38;5;-170m[AndroidUiautomator2Driver@9cf7]&amp#27;[0m Responding to client with driver.findElement() result: {"element-6066-11e4-a52e-4f735466cecf":"00000000-0000-078b-ffff-ffff00000021","ELEMENT":"00000000-0000-078b-ffff-ffff00000021"}
&amp#27;[38;5;155m[b87a57cd]&amp#27;[0m&amp#27;[38;5;86m[HTTP]&amp#27;[0m &amp#27;[37m<-- POST /session/b87a57cd-4865-4fcc-a906-5f81091ba095/element &amp#27;[39m&amp#27;[32m200&amp#27;[39m &amp#27;[90m36 ms - 137&amp#27;[39m &amp#27;[90m&amp#27;[39m
&amp#27;[38;5;155m[b87a57cd]&amp#27;[0m&amp#27;[38;5;86m[HTTP]&amp#27;[0m &amp#27;[37m-->&amp#27;[39m &amp#27;[37mPOST&amp#27;[39m &amp#27;[37m/session/b87a57cd-4865-4fcc-a906-5f81091ba095/element/00000000-0000-078b-ffff-ffff00000021/click&amp#27;[39m &amp#27;[90m{"id":"00000000-0000-078b-ffff-ffff00000021"}&amp#27;[39m
&amp#27;[38;5;155m[b87a57cd]&amp#27;[0m&amp#27;[38;5;-170m[AndroidUiautomator2Driver@9cf7]&amp#27;[0m Calling AppiumDriver.click() with args: ["00000000-0000-078b-ffff-ffff00000021","b87a57cd-4865-4fcc-a906-5f81091ba095"]
&amp#27;[38;5;155m[b87a57cd]&amp#27;[0m&amp#27;[38;5;-170m[AndroidUiautomator2Driver@9cf7]&amp#27;[0m Matched '/element/00000000-0000-078b-ffff-ffff00000021/click' to command name 'click'
&amp#27;[38;5;155m[b87a57cd]&amp#27;[0m&amp#27;[38;5;-170m[AndroidUiautomator2Driver@9cf7]&amp#27;[0m Proxying [POST /element/00000000-0000-078b-ffff-ffff00000021/click] to [POST http://127.0.0.1:8201/session/32bc0145-4d00-45bc-a2a4-8d6d3a25faf2/element/00000000-0000-078b-ffff-ffff00000021/click] with body: {"element":"00000000-0000-078b-ffff-ffff00000021"}
&amp#27;[38;5;155m[b87a57cd]&amp#27;[0m&amp#27;[38;5;-170m[AndroidUiautomator2Driver@9cf7]&amp#27;[0m Got response with status 200: {"sessionId":"32bc0145-4d00-45bc-a2a4-8d6d3a25faf2","value":null}
&amp#27;[38;5;155m[b87a57cd]&amp#27;[0m&amp#27;[38;5;-170m[AndroidUiautomator2Driver@9cf7]&amp#27;[0m Responding to client with driver.click() result: null
&amp#27;[38;5;155m[b87a57cd]&amp#27;[0m&amp#27;[38;5;86m[HTTP]&amp#27;[0m &amp#27;[37m<-- POST /session/b87a57cd-4865-4fcc-a906-5f81091ba095/element/00000000-0000-078b-ffff-ffff00000021/click &amp#27;[39m&amp#27;[32m200&amp#27;[39m &amp#27;[90m113 ms - 14&amp#27;[39m &amp#27;[90m&amp#27;[39m
&amp#27;[38;5;155m[b87a57cd]&amp#27;[0m&amp#27;[38;5;86m[HTTP]&amp#27;[0m &amp#27;[37m-->&amp#27;[39m &amp#27;[37mPOST&amp#27;[39m &amp#27;[37m/session/b87a57cd-4865-4fcc-a906-5f81091ba095/element&amp#27;[39m &amp#27;[90m{"using":"-android uiautomator","value":"new UiScrollable(new UiSelector()).scrollIntoView(text(\"Converse All Star\"));"}&amp#27;[39m
&amp#27;[38;5;155m[b87a57cd]&amp#27;[0m&amp#27;[38;5;-170m[AndroidUiautomator2Driver@9cf7]&amp#27;[0m Calling AppiumDriver.findElement() with args: ["-android uiautomator","new UiScrollable(new UiSelector()).scrollIntoView(text(\"Converse All Star\"));","b87a57cd-4865-4fcc-a906-5f81091ba095"]
&amp#27;[38;5;155m[b87a57cd]&amp#27;[0m&amp#27;[38;5;-170m[AndroidUiautomator2Driver@9cf7]&amp#27;[0m Valid locator strategies for this request: xpath, id, class name, accessibility id, css selector, -android uiautomator
&amp#27;[38;5;155m[b87a57cd]&amp#27;[0m&amp#27;[38;5;-170m[AndroidUiautomator2Driver@9cf7]&amp#27;[0m Waiting up to 0 ms for condition
&amp#27;[38;5;155m[b87a57cd]&amp#27;[0m&amp#27;[38;5;-170m[AndroidUiautomator2Driver@9cf7]&amp#27;[0m Matched '/element' to command name 'findElement'
&amp#27;[38;5;155m[b87a57cd]&amp#27;[0m&amp#27;[38;5;-170m[AndroidUiautomator2Driver@9cf7]&amp#27;[0m Proxying [POST /element] to [POST http://127.0.0.1:8201/session/32bc0145-4d00-45bc-a2a4-8d6d3a25faf2/element] with body: {"strategy":"-android uiautomator","selector":"new UiScrollable(new UiSelector()).scrollIntoView(text(\"Converse All Star\"));","context":"","multiple":false}
&amp#27;[38;5;155m[b87a57cd]&amp#27;[0m&amp#27;[38;5;-170m[AndroidUiautomator2Driver@9cf7]&amp#27;[0m Got response with status 200: {"sessionId":"32bc0145-4d00-45bc-a2a4-8d6d3a25faf2","value":{"ELEMENT":"00000000-0000-078d-ffff-ffff00000066","element-6066-11e4-a52e-4f735466cecf":"00000000-0000-078d-ffff-ffff00000066"}}
&amp#27;[38;5;155m[b87a57cd]&amp#27;[0m&amp#27;[38;5;-170m[AndroidUiautomator2Driver@9cf7]&amp#27;[0m Responding to client with driver.findElement() result: {"element-6066-11e4-a52e-4f735466cecf":"00000000-0000-078d-ffff-ffff00000066","ELEMENT":"00000000-0000-078d-ffff-ffff00000066"}
&amp#27;[38;5;155m[b87a57cd]&amp#27;[0m&amp#27;[38;5;86m[HTTP]&amp#27;[0m &amp#27;[37m<-- POST /session/b87a57cd-4865-4fcc-a906-5f81091ba095/element &amp#27;[39m&amp#27;[32m200&amp#27;[39m &amp#27;[90m5237 ms - 137&amp#27;[39m &amp#27;[90m&amp#27;[39m
&amp#27;[38;5;155m[b87a57cd]&amp#27;[0m&amp#27;[38;5;86m[HTTP]&amp#27;[0m &amp#27;[37m-->&amp#27;[39m &amp#27;[37mGET&amp#27;[39m &amp#27;[37m/session/b87a57cd-4865-4fcc-a906-5f81091ba095/context&amp#27;[39m &amp#27;[90m{}&amp#27;[39m
&amp#27;[38;5;155m[b87a57cd]&amp#27;[0m&amp#27;[38;5;-170m[AndroidUiautomator2Driver@9cf7]&amp#27;[0m Calling AppiumDriver.getCurrentContext() with args: ["b87a57cd-4865-4fcc-a906-5f81091ba095"]
&amp#27;[38;5;155m[b87a57cd]&amp#27;[0m&amp#27;[38;5;-170m[AndroidUiautomator2Driver@9cf7]&amp#27;[0m Responding to client with driver.getCurrentContext() result: "NATIVE_APP"
&amp#27;[38;5;155m[b87a57cd]&amp#27;[0m&amp#27;[38;5;86m[HTTP]&amp#27;[0m &amp#27;[37m<-- GET /session/b87a57cd-4865-4fcc-a906-5f81091ba095/context &amp#27;[39m&amp#27;[32m200&amp#27;[39m &amp#27;[90m1 ms - 22&amp#27;[39m &amp#27;[90m&amp#27;[39m
&amp#27;[38;5;155m[b87a57cd]&amp#27;[0m&amp#27;[38;5;86m[HTTP]&amp#27;[0m &amp#27;[37m-->&amp#27;[39m &amp#27;[37mPOST&amp#27;[39m &amp#27;[37m/session/b87a57cd-4865-4fcc-a906-5f81091ba095/elements&amp#27;[39m &amp#27;[90m{"using":"xpath","value":"//android.widget.TextView[@text='ADD TO CART']"}&amp#27;[39m
&amp#27;[38;5;155m[b87a57cd]&amp#27;[0m&amp#27;[38;5;-170m[AndroidUiautomator2Driver@9cf7]&amp#27;[0m Calling AppiumDriver.findElements() with args: ["xpath","//android.widget.TextView[@text='ADD TO CART']","b87a57cd-4865-4fcc-a906-5f81091ba095"]
&amp#27;[38;5;155m[b87a57cd]&amp#27;[0m&amp#27;[38;5;-170m[AndroidUiautomator2Driver@9cf7]&amp#27;[0m Valid locator strategies for this request: xpath, id, class name, accessibility id, css selector, -android uiautomator
&amp#27;[38;5;155m[b87a57cd]&amp#27;[0m&amp#27;[38;5;-170m[AndroidUiautomator2Driver@9cf7]&amp#27;[0m Waiting up to 0 ms for condition
&amp#27;[38;5;155m[b87a57cd]&amp#27;[0m&amp#27;[38;5;-170m[AndroidUiautomator2Driver@9cf7]&amp#27;[0m Matched '/elements' to command name 'findElements'
&amp#27;[38;5;155m[b87a57cd]&amp#27;[0m&amp#27;[38;5;-170m[AndroidUiautomator2Driver@9cf7]&amp#27;[0m Proxying [POST /elements] to [POST http://127.0.0.1:8201/session/32bc0145-4d00-45bc-a2a4-8d6d3a25faf2/elements] with body: {"strategy":"xpath","selector":"//android.widget.TextView[@text='ADD TO CART']","context":"","multiple":true}
&amp#27;[38;5;155m[b87a57cd]&amp#27;[0m&amp#27;[38;5;-170m[AndroidUiautomator2Driver@9cf7]&amp#27;[0m Got response with status 200: {"sessionId":"32bc0145-4d00-45bc-a2a4-8d6d3a25faf2","value":[{"ELEMENT":"00000000-0000-078d-ffff-ffff00000061","element-6066-11e4-a52e-4f735466cecf":"00000000-0000-078d-ffff-ffff00000061"},{"ELEMENT":"00000000-0000-078d-ffff-ffff0000006a","element-6066-11e4-a52e-4f735466cecf":"00000000-0000-078d-ffff-ffff0000006a"}]}
&amp#27;[38;5;155m[b87a57cd]&amp#27;[0m&amp#27;[38;5;-170m[AndroidUiautomator2Driver@9cf7]&amp#27;[0m Responding to client with driver.findElements() result: [{"element-6066-11e4-a52e-4f735466cecf":"00000000-0000-078d-ffff-ffff00000061","ELEMENT":"00000000-0000-078d-ffff-ffff00000061"},{"element-6066-11e4-a52e-4f735466cecf":"00000000-0000-078d-ffff-ffff0000006a","ELEMENT":"00000000-0000-078d-ffff-ffff0000006a"}]
&amp#27;[38;5;155m[b87a57cd]&amp#27;[0m&amp#27;[38;5;86m[HTTP]&amp#27;[0m &amp#27;[37m<-- POST /session/b87a57cd-4865-4fcc-a906-5f81091ba095/elements &amp#27;[39m&amp#27;[32m200&amp#27;[39m &amp#27;[90m106 ms - 267&amp#27;[39m &amp#27;[90m&amp#27;[39m
&amp#27;[38;5;155m[b87a57cd]&amp#27;[0m&amp#27;[38;5;86m[HTTP]&amp#27;[0m &amp#27;[37m-->&amp#27;[39m &amp#27;[37mGET&amp#27;[39m &amp#27;[37m/session/b87a57cd-4865-4fcc-a906-5f81091ba095/context&amp#27;[39m &amp#27;[90m{}&amp#27;[39m
&amp#27;[38;5;155m[b87a57cd]&amp#27;[0m&amp#27;[38;5;-170m[AndroidUiautomator2Driver@9cf7]&amp#27;[0m Calling AppiumDriver.getCurrentContext() with args: ["b87a57cd-4865-4fcc-a906-5f81091ba095"]
&amp#27;[38;5;155m[b87a57cd]&amp#27;[0m&amp#27;[38;5;-170m[AndroidUiautomator2Driver@9cf7]&amp#27;[0m Responding to client with driver.getCurrentContext() result: "NATIVE_APP"
&amp#27;[38;5;155m[b87a57cd]&amp#27;[0m&amp#27;[38;5;86m[HTTP]&amp#27;[0m &amp#27;[37m<-- GET /session/b87a57cd-4865-4fcc-a906-5f81091ba095/context &amp#27;[39m&amp#27;[32m200&amp#27;[39m &amp#27;[90m2 ms - 22&amp#27;[39m &amp#27;[90m&amp#27;[39m
&amp#27;[38;5;155m[b87a57cd]&amp#27;[0m&amp#27;[38;5;86m[HTTP]&amp#27;[0m &amp#27;[37m-->&amp#27;[39m &amp#27;[37mPOST&amp#27;[39m &amp#27;[37m/session/b87a57cd-4865-4fcc-a906-5f81091ba095/elements&amp#27;[39m &amp#27;[90m{"using":"xpath","value":"//android.widget.TextView[@text='ADD TO CART']"}&amp#27;[39m
&amp#27;[38;5;155m[b87a57cd]&amp#27;[0m&amp#27;[38;5;-170m[AndroidUiautomator2Driver@9cf7]&amp#27;[0m Calling AppiumDriver.findElements() with args: ["xpath","//android.widget.TextView[@text='ADD TO CART']","b87a57cd-4865-4fcc-a906-5f81091ba095"]
&amp#27;[38;5;155m[b87a57cd]&amp#27;[0m&amp#27;[38;5;-170m[AndroidUiautomator2Driver@9cf7]&amp#27;[0m Valid locator strategies for this request: xpath, id, class name, accessibility id, css selector, -android uiautomator
&amp#27;[38;5;155m[b87a57cd]&amp#27;[0m&amp#27;[38;5;-170m[AndroidUiautomator2Driver@9cf7]&amp#27;[0m Waiting up to 0 ms for condition
&amp#27;[38;5;155m[b87a57cd]&amp#27;[0m&amp#27;[38;5;-170m[AndroidUiautomator2Driver@9cf7]&amp#27;[0m Matched '/elements' to command name 'findElements'
&amp#27;[38;5;155m[b87a57cd]&amp#27;[0m&amp#27;[38;5;-170m[AndroidUiautomator2Driver@9cf7]&amp#27;[0m Proxying [POST /elements] to [POST http://127.0.0.1:8201/session/32bc0145-4d00-45bc-a2a4-8d6d3a25faf2/elements] with body: {"strategy":"xpath","selector":"//android.widget.TextView[@text='ADD TO CART']","context":"","multiple":true}
&amp#27;[38;5;155m[b87a57cd]&amp#27;[0m&amp#27;[38;5;-170m[AndroidUiautomator2Driver@9cf7]&amp#27;[0m Got response with status 200: {"sessionId":"32bc0145-4d00-45bc-a2a4-8d6d3a25faf2","value":[{"ELEMENT":"00000000-0000-078d-ffff-ffff00000061","element-6066-11e4-a52e-4f735466cecf":"00000000-0000-078d-ffff-ffff00000061"},{"ELEMENT":"00000000-0000-078d-ffff-ffff0000006a","element-6066-11e4-a52e-4f735466cecf":"00000000-0000-078d-ffff-ffff0000006a"}]}
&amp#27;[38;5;155m[b87a57cd]&amp#27;[0m&amp#27;[38;5;-170m[AndroidUiautomator2Driver@9cf7]&amp#27;[0m Responding to client with driver.findElements() result: [{"element-6066-11e4-a52e-4f735466cecf":"00000000-0000-078d-ffff-ffff00000061","ELEMENT":"00000000-0000-078d-ffff-ffff00000061"},{"element-6066-11e4-a52e-4f735466cecf":"00000000-0000-078d-ffff-ffff0000006a","ELEMENT":"00000000-0000-078d-ffff-ffff0000006a"}]
&amp#27;[38;5;155m[b87a57cd]&amp#27;[0m&amp#27;[38;5;86m[HTTP]&amp#27;[0m &amp#27;[37m<-- POST /session/b87a57cd-4865-4fcc-a906-5f81091ba095/elements &amp#27;[39m&amp#27;[32m200&amp#27;[39m &amp#27;[90m115 ms - 267&amp#27;[39m &amp#27;[90m&amp#27;[39m
&amp#27;[38;5;155m[b87a57cd]&amp#27;[0m&amp#27;[38;5;86m[HTTP]&amp#27;[0m &amp#27;[37m-->&amp#27;[39m &amp#27;[37mGET&amp#27;[39m &amp#27;[37m/session/b87a57cd-4865-4fcc-a906-5f81091ba095/element/00000000-0000-078d-ffff-ffff0000006a/displayed&amp#27;[39m &amp#27;[90m{}&amp#27;[39m
&amp#27;[38;5;155m[b87a57cd]&amp#27;[0m&amp#27;[38;5;-170m[AndroidUiautomator2Driver@9cf7]&amp#27;[0m Calling AppiumDriver.elementDisplayed() with args: ["00000000-0000-078d-ffff-ffff0000006a","b87a57cd-4865-4fcc-a906-5f81091ba095"]
&amp#27;[38;5;155m[b87a57cd]&amp#27;[0m&amp#27;[38;5;-170m[AndroidUiautomator2Driver@9cf7]&amp#27;[0m Matched '/element/00000000-0000-078d-ffff-ffff0000006a/attribute/displayed' to command name 'getAttribute'
&amp#27;[38;5;155m[b87a57cd]&amp#27;[0m&amp#27;[38;5;-170m[AndroidUiautomator2Driver@9cf7]&amp#27;[0m Proxying [GET /element/00000000-0000-078d-ffff-ffff0000006a/attribute/displayed] to [GET http://127.0.0.1:8201/session/32bc0145-4d00-45bc-a2a4-8d6d3a25faf2/element/00000000-0000-078d-ffff-ffff0000006a/attribute/displayed] with no body
&amp#27;[38;5;155m[b87a57cd]&amp#27;[0m&amp#27;[38;5;-170m[AndroidUiautomator2Driver@9cf7]&amp#27;[0m Got response with status 200: {"sessionId":"32bc0145-4d00-45bc-a2a4-8d6d3a25faf2","value":"true"}
&amp#27;[38;5;155m[b87a57cd]&amp#27;[0m&amp#27;[38;5;-170m[AndroidUiautomator2Driver@9cf7]&amp#27;[0m Responding to client with driver.elementDisplayed() result: true
&amp#27;[38;5;155m[b87a57cd]&amp#27;[0m&amp#27;[38;5;86m[HTTP]&amp#27;[0m &amp#27;[37m<-- GET /session/b87a57cd-4865-4fcc-a906-5f81091ba095/element/00000000-0000-078d-ffff-ffff0000006a/displayed &amp#27;[39m&amp#27;[32m200&amp#27;[39m &amp#27;[90m19 ms - 14&amp#27;[39m &amp#27;[90m&amp#27;[39m
&amp#27;[38;5;155m[b87a57cd]&amp#27;[0m&amp#27;[38;5;86m[HTTP]&amp#27;[0m &amp#27;[37m-->&amp#27;[39m &amp#27;[37mPOST&amp#27;[39m &amp#27;[37m/session/b87a57cd-4865-4fcc-a906-5f81091ba095/element/00000000-0000-078d-ffff-ffff0000006a/click&amp#27;[39m &amp#27;[90m{"id":"00000000-0000-078d-ffff-ffff0000006a"}&amp#27;[39m
&amp#27;[38;5;155m[b87a57cd]&amp#27;[0m&amp#27;[38;5;-170m[AndroidUiautomator2Driver@9cf7]&amp#27;[0m Calling AppiumDriver.click() with args: ["00000000-0000-078d-ffff-ffff0000006a","b87a57cd-4865-4fcc-a906-5f81091ba095"]
&amp#27;[38;5;155m[b87a57cd]&amp#27;[0m&amp#27;[38;5;-170m[AndroidUiautomator2Driver@9cf7]&amp#27;[0m Matched '/element/00000000-0000-078d-ffff-ffff0000006a/click' to command name 'click'
&amp#27;[38;5;155m[b87a57cd]&amp#27;[0m&amp#27;[38;5;-170m[AndroidUiautomator2Driver@9cf7]&amp#27;[0m Proxying [POST /element/00000000-0000-078d-ffff-ffff0000006a/click] to [POST http://127.0.0.1:8201/session/32bc0145-4d00-45bc-a2a4-8d6d3a25faf2/element/00000000-0000-078d-ffff-ffff0000006a/click] with body: {"element":"00000000-0000-078d-ffff-ffff0000006a"}
&amp#27;[38;5;155m[b87a57cd]&amp#27;[0m&amp#27;[38;5;-170m[AndroidUiautomator2Driver@9cf7]&amp#27;[0m Got response with status 200: {"sessionId":"32bc0145-4d00-45bc-a2a4-8d6d3a25faf2","value":null}
&amp#27;[38;5;155m[b87a57cd]&amp#27;[0m&amp#27;[38;5;-170m[AndroidUiautomator2Driver@9cf7]&amp#27;[0m Responding to client with driver.click() result: null
&amp#27;[38;5;155m[b87a57cd]&amp#27;[0m&amp#27;[38;5;86m[HTTP]&amp#27;[0m &amp#27;[37m<-- POST /session/b87a57cd-4865-4fcc-a906-5f81091ba095/element/00000000-0000-078d-ffff-ffff0000006a/click &amp#27;[39m&amp#27;[32m200&amp#27;[39m &amp#27;[90m552 ms - 14&amp#27;[39m &amp#27;[90m&amp#27;[39m
&amp#27;[38;5;155m[b87a57cd]&amp#27;[0m&amp#27;[38;5;86m[HTTP]&amp#27;[0m &amp#27;[37m-->&amp#27;[39m &amp#27;[37mGET&amp#27;[39m &amp#27;[37m/session/b87a57cd-4865-4fcc-a906-5f81091ba095/context&amp#27;[39m &amp#27;[90m{}&amp#27;[39m
&amp#27;[38;5;155m[b87a57cd]&amp#27;[0m&amp#27;[38;5;-170m[AndroidUiautomator2Driver@9cf7]&amp#27;[0m Calling AppiumDriver.getCurrentContext() with args: ["b87a57cd-4865-4fcc-a906-5f81091ba095"]
&amp#27;[38;5;155m[b87a57cd]&amp#27;[0m&amp#27;[38;5;-170m[AndroidUiautomator2Driver@9cf7]&amp#27;[0m Responding to client with driver.getCurrentContext() result: "NATIVE_APP"
&amp#27;[38;5;155m[b87a57cd]&amp#27;[0m&amp#27;[38;5;86m[HTTP]&amp#27;[0m &amp#27;[37m<-- GET /session/b87a57cd-4865-4fcc-a906-5f81091ba095/context &amp#27;[39m&amp#27;[32m200&amp#27;[39m &amp#27;[90m1 ms - 22&amp#27;[39m &amp#27;[90m&amp#27;[39m
&amp#27;[38;5;155m[b87a57cd]&amp#27;[0m&amp#27;[38;5;86m[HTTP]&amp#27;[0m &amp#27;[37m-->&amp#27;[39m &amp#27;[37mPOST&amp#27;[39m &amp#27;[37m/session/b87a57cd-4865-4fcc-a906-5f81091ba095/element&amp#27;[39m &amp#27;[90m{"using":"id","value":"com.androidsample.generalstore:id/appbar_btn_cart"}&amp#27;[39m
&amp#27;[38;5;155m[b87a57cd]&amp#27;[0m&amp#27;[38;5;-170m[AndroidUiautomator2Driver@9cf7]&amp#27;[0m Calling AppiumDriver.findElement() with args: ["id","com.androidsample.generalstore:id/appbar_btn_cart","b87a57cd-4865-4fcc-a906-5f81091ba095"]
&amp#27;[38;5;155m[b87a57cd]&amp#27;[0m&amp#27;[38;5;-170m[AndroidUiautomator2Driver@9cf7]&amp#27;[0m Valid locator strategies for this request: xpath, id, class name, accessibility id, css selector, -android uiautomator
&amp#27;[38;5;155m[b87a57cd]&amp#27;[0m&amp#27;[38;5;-170m[AndroidUiautomator2Driver@9cf7]&amp#27;[0m Waiting up to 0 ms for condition
&amp#27;[38;5;155m[b87a57cd]&amp#27;[0m&amp#27;[38;5;-170m[AndroidUiautomator2Driver@9cf7]&amp#27;[0m Matched '/element' to command name 'findElement'
&amp#27;[38;5;155m[b87a57cd]&amp#27;[0m&amp#27;[38;5;-170m[AndroidUiautomator2Driver@9cf7]&amp#27;[0m Proxying [POST /element] to [POST http://127.0.0.1:8201/session/32bc0145-4d00-45bc-a2a4-8d6d3a25faf2/element] with body: {"strategy":"id","selector":"com.androidsample.generalstore:id/appbar_btn_cart","context":"","multiple":false}
&amp#27;[38;5;155m[b87a57cd]&amp#27;[0m&amp#27;[38;5;-170m[AndroidUiautomator2Driver@9cf7]&amp#27;[0m Got response with status 200: {"sessionId":"32bc0145-4d00-45bc-a2a4-8d6d3a25faf2","value":{"ELEMENT":"00000000-0000-078d-ffff-ffff00000044","element-6066-11e4-a52e-4f735466cecf":"00000000-0000-078d-ffff-ffff00000044"}}
&amp#27;[38;5;155m[b87a57cd]&amp#27;[0m&amp#27;[38;5;-170m[AndroidUiautomator2Driver@9cf7]&amp#27;[0m Responding to client with driver.findElement() result: {"element-6066-11e4-a52e-4f735466cecf":"00000000-0000-078d-ffff-ffff00000044","ELEMENT":"00000000-0000-078d-ffff-ffff00000044"}
&amp#27;[38;5;155m[b87a57cd]&amp#27;[0m&amp#27;[38;5;86m[HTTP]&amp#27;[0m &amp#27;[37m<-- POST /session/b87a57cd-4865-4fcc-a906-5f81091ba095/element &amp#27;[39m&amp#27;[32m200&amp#27;[39m &amp#27;[90m32 ms - 137&amp#27;[39m &amp#27;[90m&amp#27;[39m
&amp#27;[38;5;155m[b87a57cd]&amp#27;[0m&amp#27;[38;5;86m[HTTP]&amp#27;[0m &amp#27;[37m-->&amp#27;[39m &amp#27;[37mGET&amp#27;[39m &amp#27;[37m/session/b87a57cd-4865-4fcc-a906-5f81091ba095/element/00000000-0000-078d-ffff-ffff00000044/displayed&amp#27;[39m &amp#27;[90m{}&amp#27;[39m
&amp#27;[38;5;155m[b87a57cd]&amp#27;[0m&amp#27;[38;5;-170m[AndroidUiautomator2Driver@9cf7]&amp#27;[0m Calling AppiumDriver.elementDisplayed() with args: ["00000000-0000-078d-ffff-ffff00000044","b87a57cd-4865-4fcc-a906-5f81091ba095"]
&amp#27;[38;5;155m[b87a57cd]&amp#27;[0m&amp#27;[38;5;-170m[AndroidUiautomator2Driver@9cf7]&amp#27;[0m Matched '/element/00000000-0000-078d-ffff-ffff00000044/attribute/displayed' to command name 'getAttribute'
&amp#27;[38;5;155m[b87a57cd]&amp#27;[0m&amp#27;[38;5;-170m[AndroidUiautomator2Driver@9cf7]&amp#27;[0m Proxying [GET /element/00000000-0000-078d-ffff-ffff00000044/attribute/displayed] to [GET http://127.0.0.1:8201/session/32bc0145-4d00-45bc-a2a4-8d6d3a25faf2/element/00000000-0000-078d-ffff-ffff00000044/attribute/displayed] with no body
&amp#27;[38;5;155m[b87a57cd]&amp#27;[0m&amp#27;[38;5;-170m[AndroidUiautomator2Driver@9cf7]&amp#27;[0m Got response with status 200: {"sessionId":"32bc0145-4d00-45bc-a2a4-8d6d3a25faf2","value":"true"}
&amp#27;[38;5;155m[b87a57cd]&amp#27;[0m&amp#27;[38;5;-170m[AndroidUiautomator2Driver@9cf7]&amp#27;[0m Responding to client with driver.elementDisplayed() result: true
&amp#27;[38;5;155m[b87a57cd]&amp#27;[0m&amp#27;[38;5;86m[HTTP]&amp#27;[0m &amp#27;[37m<-- GET /session/b87a57cd-4865-4fcc-a906-5f81091ba095/element/00000000-0000-078d-ffff-ffff00000044/displayed &amp#27;[39m&amp#27;[32m200&amp#27;[39m &amp#27;[90m21 ms - 14&amp#27;[39m &amp#27;[90m&amp#27;[39m
&amp#27;[38;5;155m[b87a57cd]&amp#27;[0m&amp#27;[38;5;86m[HTTP]&amp#27;[0m &amp#27;[37m-->&amp#27;[39m &amp#27;[37mGET&amp#27;[39m &amp#27;[37m/session/b87a57cd-4865-4fcc-a906-5f81091ba095/context&amp#27;[39m &amp#27;[90m{}&amp#27;[39m
&amp#27;[38;5;155m[b87a57cd]&amp#27;[0m&amp#27;[38;5;-170m[AndroidUiautomator2Driver@9cf7]&amp#27;[0m Calling AppiumDriver.getCurrentContext() with args: ["b87a57cd-4865-4fcc-a906-5f81091ba095"]
&amp#27;[38;5;155m[b87a57cd]&amp#27;[0m&amp#27;[38;5;-170m[AndroidUiautomator2Driver@9cf7]&amp#27;[0m Responding to client with driver.getCurrentContext() result: "NATIVE_APP"
&amp#27;[38;5;155m[b87a57cd]&amp#27;[0m&amp#27;[38;5;86m[HTTP]&amp#27;[0m &amp#27;[37m<-- GET /session/b87a57cd-4865-4fcc-a906-5f81091ba095/context &amp#27;[39m&amp#27;[32m200&amp#27;[39m &amp#27;[90m1 ms - 22&amp#27;[39m &amp#27;[90m&amp#27;[39m
&amp#27;[38;5;155m[b87a57cd]&amp#27;[0m&amp#27;[38;5;86m[HTTP]&amp#27;[0m &amp#27;[37m-->&amp#27;[39m &amp#27;[37mPOST&amp#27;[39m &amp#27;[37m/session/b87a57cd-4865-4fcc-a906-5f81091ba095/element&amp#27;[39m &amp#27;[90m{"using":"id","value":"com.androidsample.generalstore:id/appbar_btn_cart"}&amp#27;[39m
&amp#27;[38;5;155m[b87a57cd]&amp#27;[0m&amp#27;[38;5;-170m[AndroidUiautomator2Driver@9cf7]&amp#27;[0m Calling AppiumDriver.findElement() with args: ["id","com.androidsample.generalstore:id/appbar_btn_cart","b87a57cd-4865-4fcc-a906-5f81091ba095"]
&amp#27;[38;5;155m[b87a57cd]&amp#27;[0m&amp#27;[38;5;-170m[AndroidUiautomator2Driver@9cf7]&amp#27;[0m Valid locator strategies for this request: xpath, id, class name, accessibility id, css selector, -android uiautomator
&amp#27;[38;5;155m[b87a57cd]&amp#27;[0m&amp#27;[38;5;-170m[AndroidUiautomator2Driver@9cf7]&amp#27;[0m Waiting up to 0 ms for condition
&amp#27;[38;5;155m[b87a57cd]&amp#27;[0m&amp#27;[38;5;-170m[AndroidUiautomator2Driver@9cf7]&amp#27;[0m Matched '/element' to command name 'findElement'
&amp#27;[38;5;155m[b87a57cd]&amp#27;[0m&amp#27;[38;5;-170m[AndroidUiautomator2Driver@9cf7]&amp#27;[0m Proxying [POST /element] to [POST http://127.0.0.1:8201/session/32bc0145-4d00-45bc-a2a4-8d6d3a25faf2/element] with body: {"strategy":"id","selector":"com.androidsample.generalstore:id/appbar_btn_cart","context":"","multiple":false}
&amp#27;[38;5;155m[b87a57cd]&amp#27;[0m&amp#27;[38;5;-170m[AndroidUiautomator2Driver@9cf7]&amp#27;[0m Got response with status 200: {"sessionId":"32bc0145-4d00-45bc-a2a4-8d6d3a25faf2","value":{"ELEMENT":"00000000-0000-078d-ffff-ffff00000044","element-6066-11e4-a52e-4f735466cecf":"00000000-0000-078d-ffff-ffff00000044"}}
&amp#27;[38;5;155m[b87a57cd]&amp#27;[0m&amp#27;[38;5;-170m[AndroidUiautomator2Driver@9cf7]&amp#27;[0m Responding to client with driver.findElement() result: {"element-6066-11e4-a52e-4f735466cecf":"00000000-0000-078d-ffff-ffff00000044","ELEMENT":"00000000-0000-078d-ffff-ffff00000044"}
&amp#27;[38;5;155m[b87a57cd]&amp#27;[0m&amp#27;[38;5;86m[HTTP]&amp#27;[0m &amp#27;[37m<-- POST /session/b87a57cd-4865-4fcc-a906-5f81091ba095/element &amp#27;[39m&amp#27;[32m200&amp#27;[39m &amp#27;[90m24 ms - 137&amp#27;[39m &amp#27;[90m&amp#27;[39m
&amp#27;[38;5;155m[b87a57cd]&amp#27;[0m&amp#27;[38;5;86m[HTTP]&amp#27;[0m &amp#27;[37m-->&amp#27;[39m &amp#27;[37mPOST&amp#27;[39m &amp#27;[37m/session/b87a57cd-4865-4fcc-a906-5f81091ba095/element/00000000-0000-078d-ffff-ffff00000044/click&amp#27;[39m &amp#27;[90m{"id":"00000000-0000-078d-ffff-ffff00000044"}&amp#27;[39m
&amp#27;[38;5;155m[b87a57cd]&amp#27;[0m&amp#27;[38;5;-170m[AndroidUiautomator2Driver@9cf7]&amp#27;[0m Calling AppiumDriver.click() with args: ["00000000-0000-078d-ffff-ffff00000044","b87a57cd-4865-4fcc-a906-5f81091ba095"]
&amp#27;[38;5;155m[b87a57cd]&amp#27;[0m&amp#27;[38;5;-170m[AndroidUiautomator2Driver@9cf7]&amp#27;[0m Matched '/element/00000000-0000-078d-ffff-ffff00000044/click' to command name 'click'
&amp#27;[38;5;155m[b87a57cd]&amp#27;[0m&amp#27;[38;5;-170m[AndroidUiautomator2Driver@9cf7]&amp#27;[0m Proxying [POST /element/00000000-0000-078d-ffff-ffff00000044/click] to [POST http://127.0.0.1:8201/session/32bc0145-4d00-45bc-a2a4-8d6d3a25faf2/element/00000000-0000-078d-ffff-ffff00000044/click] with body: {"element":"00000000-0000-078d-ffff-ffff00000044"}
&amp#27;[38;5;155m[b87a57cd]&amp#27;[0m&amp#27;[38;5;-170m[AndroidUiautomator2Driver@9cf7]&amp#27;[0m Got response with status 200: {"sessionId":"32bc0145-4d00-45bc-a2a4-8d6d3a25faf2","value":null}
&amp#27;[38;5;155m[b87a57cd]&amp#27;[0m&amp#27;[38;5;-170m[AndroidUiautomator2Driver@9cf7]&amp#27;[0m Responding to client with driver.click() result: null
&amp#27;[38;5;155m[b87a57cd]&amp#27;[0m&amp#27;[38;5;86m[HTTP]&amp#27;[0m &amp#27;[37m<-- POST /session/b87a57cd-4865-4fcc-a906-5f81091ba095/element/00000000-0000-078d-ffff-ffff00000044/click &amp#27;[39m&amp#27;[32m200&amp#27;[39m &amp#27;[90m106 ms - 14&amp#27;[39m &amp#27;[90m&amp#27;[39m
&amp#27;[38;5;155m[b87a57cd]&amp#27;[0m&amp#27;[38;5;86m[HTTP]&amp#27;[0m &amp#27;[37m-->&amp#27;[39m &amp#27;[37mGET&amp#27;[39m &amp#27;[37m/session/b87a57cd-4865-4fcc-a906-5f81091ba095/context&amp#27;[39m &amp#27;[90m{}&amp#27;[39m
&amp#27;[38;5;155m[b87a57cd]&amp#27;[0m&amp#27;[38;5;-170m[AndroidUiautomator2Driver@9cf7]&amp#27;[0m Calling AppiumDriver.getCurrentContext() with args: ["b87a57cd-4865-4fcc-a906-5f81091ba095"]
&amp#27;[38;5;155m[b87a57cd]&amp#27;[0m&amp#27;[38;5;-170m[AndroidUiautomator2Driver@9cf7]&amp#27;[0m Responding to client with driver.getCurrentContext() result: "NATIVE_APP"
&amp#27;[38;5;155m[b87a57cd]&amp#27;[0m&amp#27;[38;5;86m[HTTP]&amp#27;[0m &amp#27;[37m<-- GET /session/b87a57cd-4865-4fcc-a906-5f81091ba095/context &amp#27;[39m&amp#27;[32m200&amp#27;[39m &amp#27;[90m2 ms - 22&amp#27;[39m &amp#27;[90m&amp#27;[39m
&amp#27;[38;5;155m[b87a57cd]&amp#27;[0m&amp#27;[38;5;86m[HTTP]&amp#27;[0m &amp#27;[37m-->&amp#27;[39m &amp#27;[37mPOST&amp#27;[39m &amp#27;[37m/session/b87a57cd-4865-4fcc-a906-5f81091ba095/element&amp#27;[39m &amp#27;[90m{"using":"xpath","value":"//android.widget.TextView[@resource-id='com.androidsample.generalstore:id/productName']"}&amp#27;[39m
&amp#27;[38;5;155m[b87a57cd]&amp#27;[0m&amp#27;[38;5;-170m[AndroidUiautomator2Driver@9cf7]&amp#27;[0m Calling AppiumDriver.findElement() with args: ["xpath","//android.widget.TextView[@resource-id='com.androidsample.generalstore:id/productName']","b87a57cd-4865-4fcc-a906-5f81091ba095"]
&amp#27;[38;5;155m[b87a57cd]&amp#27;[0m&amp#27;[38;5;-170m[AndroidUiautomator2Driver@9cf7]&amp#27;[0m Valid locator strategies for this request: xpath, id, class name, accessibility id, css selector, -android uiautomator
&amp#27;[38;5;155m[b87a57cd]&amp#27;[0m&amp#27;[38;5;-170m[AndroidUiautomator2Driver@9cf7]&amp#27;[0m Waiting up to 0 ms for condition
&amp#27;[38;5;155m[b87a57cd]&amp#27;[0m&amp#27;[38;5;-170m[AndroidUiautomator2Driver@9cf7]&amp#27;[0m Matched '/element' to command name 'findElement'
&amp#27;[38;5;155m[b87a57cd]&amp#27;[0m&amp#27;[38;5;-170m[AndroidUiautomator2Driver@9cf7]&amp#27;[0m Proxying [POST /element] to [POST http://127.0.0.1:8201/session/32bc0145-4d00-45bc-a2a4-8d6d3a25faf2/element] with body: {"strategy":"xpath","selector":"//android.widget.TextView[@resource-id='com.androidsample.generalstore:id/productName']","context":"","multiple":false}
&amp#27;[38;5;155m[b87a57cd]&amp#27;[0m&amp#27;[38;5;-170m[AndroidUiautomator2Driver@9cf7]&amp#27;[0m Got response with status 200: {"sessionId":"32bc0145-4d00-45bc-a2a4-8d6d3a25faf2","value":{"ELEMENT":"00000000-0000-078e-ffff-ffff00000093","element-6066-11e4-a52e-4f735466cecf":"00000000-0000-078e-ffff-ffff00000093"}}
&amp#27;[38;5;155m[b87a57cd]&amp#27;[0m&amp#27;[38;5;-170m[AndroidUiautomator2Driver@9cf7]&amp#27;[0m Responding to client with driver.findElement() result: {"element-6066-11e4-a52e-4f735466cecf":"00000000-0000-078e-ffff-ffff00000093","ELEMENT":"00000000-0000-078e-ffff-ffff00000093"}
&amp#27;[38;5;155m[b87a57cd]&amp#27;[0m&amp#27;[38;5;86m[HTTP]&amp#27;[0m &amp#27;[37m<-- POST /session/b87a57cd-4865-4fcc-a906-5f81091ba095/element &amp#27;[39m&amp#27;[32m200&amp#27;[39m &amp#27;[90m1309 ms - 137&amp#27;[39m &amp#27;[90m&amp#27;[39m
&amp#27;[38;5;155m[b87a57cd]&amp#27;[0m&amp#27;[38;5;86m[HTTP]&amp#27;[0m &amp#27;[37m-->&amp#27;[39m &amp#27;[37mGET&amp#27;[39m &amp#27;[37m/session/b87a57cd-4865-4fcc-a906-5f81091ba095/element/00000000-0000-078e-ffff-ffff00000093/displayed&amp#27;[39m &amp#27;[90m{}&amp#27;[39m
&amp#27;[38;5;155m[b87a57cd]&amp#27;[0m&amp#27;[38;5;-170m[AndroidUiautomator2Driver@9cf7]&amp#27;[0m Calling AppiumDriver.elementDisplayed() with args: ["00000000-0000-078e-ffff-ffff00000093","b87a57cd-4865-4fcc-a906-5f81091ba095"]
&amp#27;[38;5;155m[b87a57cd]&amp#27;[0m&amp#27;[38;5;-170m[AndroidUiautomator2Driver@9cf7]&amp#27;[0m Matched '/element/00000000-0000-078e-ffff-ffff00000093/attribute/displayed' to command name 'getAttribute'
&amp#27;[38;5;155m[b87a57cd]&amp#27;[0m&amp#27;[38;5;-170m[AndroidUiautomator2Driver@9cf7]&amp#27;[0m Proxying [GET /element/00000000-0000-078e-ffff-ffff00000093/attribute/displayed] to [GET http://127.0.0.1:8201/session/32bc0145-4d00-45bc-a2a4-8d6d3a25faf2/element/00000000-0000-078e-ffff-ffff00000093/attribute/displayed] with no body
&amp#27;[38;5;155m[b87a57cd]&amp#27;[0m&amp#27;[38;5;-170m[AndroidUiautomator2Driver@9cf7]&amp#27;[0m Got response with status 200: {"sessionId":"32bc0145-4d00-45bc-a2a4-8d6d3a25faf2","value":"true"}
&amp#27;[38;5;155m[b87a57cd]&amp#27;[0m&amp#27;[38;5;-170m[AndroidUiautomator2Driver@9cf7]&amp#27;[0m Responding to client with driver.elementDisplayed() result: true
&amp#27;[38;5;155m[b87a57cd]&amp#27;[0m&amp#27;[38;5;86m[HTTP]&amp#27;[0m &amp#27;[37m<-- GET /session/b87a57cd-4865-4fcc-a906-5f81091ba095/element/00000000-0000-078e-ffff-ffff00000093/displayed &amp#27;[39m&amp#27;[32m200&amp#27;[39m &amp#27;[90m15 ms - 14&amp#27;[39m &amp#27;[90m&amp#27;[39m
&amp#27;[38;5;155m[b87a57cd]&amp#27;[0m&amp#27;[38;5;86m[HTTP]&amp#27;[0m &amp#27;[37m-->&amp#27;[39m &amp#27;[37mGET&amp#27;[39m &amp#27;[37m/session/b87a57cd-4865-4fcc-a906-5f81091ba095/context&amp#27;[39m &amp#27;[90m{}&amp#27;[39m
&amp#27;[38;5;155m[b87a57cd]&amp#27;[0m&amp#27;[38;5;-170m[AndroidUiautomator2Driver@9cf7]&amp#27;[0m Calling AppiumDriver.getCurrentContext() with args: ["b87a57cd-4865-4fcc-a906-5f81091ba095"]
&amp#27;[38;5;155m[b87a57cd]&amp#27;[0m&amp#27;[38;5;-170m[AndroidUiautomator2Driver@9cf7]&amp#27;[0m Responding to client with driver.getCurrentContext() result: "NATIVE_APP"
&amp#27;[38;5;155m[b87a57cd]&amp#27;[0m&amp#27;[38;5;86m[HTTP]&amp#27;[0m &amp#27;[37m<-- GET /session/b87a57cd-4865-4fcc-a906-5f81091ba095/context &amp#27;[39m&amp#27;[32m200&amp#27;[39m &amp#27;[90m1 ms - 22&amp#27;[39m &amp#27;[90m&amp#27;[39m
&amp#27;[38;5;155m[b87a57cd]&amp#27;[0m&amp#27;[38;5;86m[HTTP]&amp#27;[0m &amp#27;[37m-->&amp#27;[39m &amp#27;[37mPOST&amp#27;[39m &amp#27;[37m/session/b87a57cd-4865-4fcc-a906-5f81091ba095/element&amp#27;[39m &amp#27;[90m{"using":"xpath","value":"//android.widget.TextView[@resource-id='com.androidsample.generalstore:id/productName']"}&amp#27;[39m
&amp#27;[38;5;155m[b87a57cd]&amp#27;[0m&amp#27;[38;5;-170m[AndroidUiautomator2Driver@9cf7]&amp#27;[0m Calling AppiumDriver.findElement() with args: ["xpath","//android.widget.TextView[@resource-id='com.androidsample.generalstore:id/productName']","b87a57cd-4865-4fcc-a906-5f81091ba095"]
&amp#27;[38;5;155m[b87a57cd]&amp#27;[0m&amp#27;[38;5;-170m[AndroidUiautomator2Driver@9cf7]&amp#27;[0m Valid locator strategies for this request: xpath, id, class name, accessibility id, css selector, -android uiautomator
&amp#27;[38;5;155m[b87a57cd]&amp#27;[0m&amp#27;[38;5;-170m[AndroidUiautomator2Driver@9cf7]&amp#27;[0m Waiting up to 0 ms for condition
&amp#27;[38;5;155m[b87a57cd]&amp#27;[0m&amp#27;[38;5;-170m[AndroidUiautomator2Driver@9cf7]&amp#27;[0m Matched '/element' to command name 'findElement'
&amp#27;[38;5;155m[b87a57cd]&amp#27;[0m&amp#27;[38;5;-170m[AndroidUiautomator2Driver@9cf7]&amp#27;[0m Proxying [POST /element] to [POST http://127.0.0.1:8201/session/32bc0145-4d00-45bc-a2a4-8d6d3a25faf2/element] with body: {"strategy":"xpath","selector":"//android.widget.TextView[@resource-id='com.androidsample.generalstore:id/productName']","context":"","multiple":false}
&amp#27;[38;5;155m[b87a57cd]&amp#27;[0m&amp#27;[38;5;-170m[AndroidUiautomator2Driver@9cf7]&amp#27;[0m Got response with status 200: {"sessionId":"32bc0145-4d00-45bc-a2a4-8d6d3a25faf2","value":{"ELEMENT":"00000000-0000-078e-ffff-ffff00000093","element-6066-11e4-a52e-4f735466cecf":"00000000-0000-078e-ffff-ffff00000093"}}
&amp#27;[38;5;155m[b87a57cd]&amp#27;[0m&amp#27;[38;5;-170m[AndroidUiautomator2Driver@9cf7]&amp#27;[0m Responding to client with driver.findElement() result: {"element-6066-11e4-a52e-4f735466cecf":"00000000-0000-078e-ffff-ffff00000093","ELEMENT":"00000000-0000-078e-ffff-ffff00000093"}
&amp#27;[38;5;155m[b87a57cd]&amp#27;[0m&amp#27;[38;5;86m[HTTP]&amp#27;[0m &amp#27;[37m<-- POST /session/b87a57cd-4865-4fcc-a906-5f81091ba095/element &amp#27;[39m&amp#27;[32m200&amp#27;[39m &amp#27;[90m90 ms - 137&amp#27;[39m &amp#27;[90m&amp#27;[39m
&amp#27;[38;5;155m[b87a57cd]&amp#27;[0m&amp#27;[38;5;86m[HTTP]&amp#27;[0m &amp#27;[37m-->&amp#27;[39m &amp#27;[37mGET&amp#27;[39m &amp#27;[37m/session/b87a57cd-4865-4fcc-a906-5f81091ba095/element/00000000-0000-078e-ffff-ffff00000093/displayed&amp#27;[39m &amp#27;[90m{}&amp#27;[39m
&amp#27;[38;5;155m[b87a57cd]&amp#27;[0m&amp#27;[38;5;-170m[AndroidUiautomator2Driver@9cf7]&amp#27;[0m Calling AppiumDriver.elementDisplayed() with args: ["00000000-0000-078e-ffff-ffff00000093","b87a57cd-4865-4fcc-a906-5f81091ba095"]
&amp#27;[38;5;155m[b87a57cd]&amp#27;[0m&amp#27;[38;5;-170m[AndroidUiautomator2Driver@9cf7]&amp#27;[0m Matched '/element/00000000-0000-078e-ffff-ffff00000093/attribute/displayed' to command name 'getAttribute'
&amp#27;[38;5;155m[b87a57cd]&amp#27;[0m&amp#27;[38;5;-170m[AndroidUiautomator2Driver@9cf7]&amp#27;[0m Proxying [GET /element/00000000-0000-078e-ffff-ffff00000093/attribute/displayed] to [GET http://127.0.0.1:8201/session/32bc0145-4d00-45bc-a2a4-8d6d3a25faf2/element/00000000-0000-078e-ffff-ffff00000093/attribute/displayed] with no body
&amp#27;[38;5;155m[b87a57cd]&amp#27;[0m&amp#27;[38;5;-170m[AndroidUiautomator2Driver@9cf7]&amp#27;[0m Got response with status 200: {"sessionId":"32bc0145-4d00-45bc-a2a4-8d6d3a25faf2","value":"true"}
&amp#27;[38;5;155m[b87a57cd]&amp#27;[0m&amp#27;[38;5;-170m[AndroidUiautomator2Driver@9cf7]&amp#27;[0m Responding to client with driver.elementDisplayed() result: true
&amp#27;[38;5;155m[b87a57cd]&amp#27;[0m&amp#27;[38;5;86m[HTTP]&amp#27;[0m &amp#27;[37m<-- GET /session/b87a57cd-4865-4fcc-a906-5f81091ba095/element/00000000-0000-078e-ffff-ffff00000093/displayed &amp#27;[39m&amp#27;[32m200&amp#27;[39m &amp#27;[90m17 ms - 14&amp#27;[39m &amp#27;[90m&amp#27;[39m
Test Passed: scrollAndAddProductIntoCart
]]></system-out>
  </testcase>
</testsuite>