<?xml version="1.0" encoding="UTF-8"?>
<!-- Generated by org.testng.reporters.JUnitReportReporter -->
<testsuite hostname="KTLPT1144" failures="0" tests="1" name="testCases.FormPageTest" time="57.255" errors="0" timestamp="2025-04-14T17:45:22 IST" skipped="0">
  <testcase classname="testCases.FormPageTest" name="FillForm" time="57.255"/>
</testsuite> <!-- testCases.FormPageTest -->
