<?xml version="1.0" encoding="UTF-8"?>
<!-- Generated by org.testng.reporters.JUnitReportReporter -->
<testsuite hostname="KTLPT1144" failures="0" tests="1" name="testCases.CartPageTest" time="35.274" errors="0" timestamp="2025-04-11T17:54:54 IST" skipped="0">
  <testcase classname="testCases.CartPageTest" name="productPriceSumVerification" time="35.274"/>
</testsuite> <!-- testCases.CartPageTest -->
