<?xml version="1.0" encoding="UTF-8"?>
<!-- Generated by org.testng.reporters.JUnitReportReporter -->
<testsuite hostname="KTLPT1144" failures="0" tests="8" name="testCases.ProductPageTest" time="253.781" errors="0" timestamp="2025-04-14T18:24:23 IST" skipped="0">
  <testcase classname="testCases.ProductPageTest" name="backButtonEnable" time="29.545"/>
  <testcase classname="testCases.ProductPageTest" name="goToCartWithoutAddingProducts" time="32.986"/>
  <testcase classname="testCases.ProductPageTest" name="isProductCostVisible" time="29.614"/>
  <testcase classname="testCases.ProductPageTest" name="isProductNameVisible" time="29.333"/>
  <testcase classname="testCases.ProductPageTest" name="isProductVisibleInCart" time="33.253"/>
  <testcase classname="testCases.ProductPageTest" name="scrollAndAddProductIntoCart" time="36.696"/>
  <testcase classname="testCases.ProductPageTest" name="isProductIconVisible" time="31.240"/>
  <testcase classname="testCases.ProductPageTest" name="counterTextValidation" time="31.114"/>
</testsuite> <!-- testCases.ProductPageTest -->
