<?xml version="1.0" encoding="UTF-8"?>
<!-- Generated by org.testng.reporters.JUnitReportReporter -->
<testsuite hostname="KTLPT1144" failures="0" tests="7" name="testCases.CartPageTest" time="272.732" errors="0" timestamp="2025-04-14T18:24:23 IST" skipped="0">
  <testcase classname="testCases.CartPageTest" name="isCartVisible" time="32.931"/>
  <testcase classname="testCases.CartPageTest" name="productInCart" time="31.784"/>
  <testcase classname="testCases.CartPageTest" name="productPriceSumVerification" time="32.033"/>
  <testcase classname="testCases.CartPageTest" name="backButtonVerification" time="66.938"/>
  <testcase classname="testCases.CartPageTest" name="webViewVerification" time="37.824"/>
  <testcase classname="testCases.CartPageTest" name="productAmountVerification" time="31.317"/>
  <testcase classname="testCases.CartPageTest" name="termsAndConditions" time="39.905"/>
</testsuite> <!-- testCases.CartPageTest -->
